#######################################################################
WARNING:  no libwebkitgtk-1.0 detected, some features will be unavailable
    Consider installing the package with apt-get or yum.
    e.g. 'sudo apt-get install libwebkitgtk-1.0-0'
#######################################################################
OpenJDK 64-Bit Server VM warning: ignoring option MaxPermSize=4G; support was removed in 8.0
16:02:39,933 INFO  [KarafBoot] Checking to see if org.pentaho.clean.karaf.cache is enabled
16:02:40,041 INFO  [KarafInstance] 
*******************************************************************************
*** Karaf Instance Number: 2 at /opt/data-integration/./system/karaf/caches ***
***   /kitchen/data-1                                                       ***
*** FastBin Provider Port:52902                                             ***
*** Karaf Port:8803                                                         ***
*** OSGI Service Port:9052                                                  ***
*******************************************************************************
out 07, 2018 4:02:40 PM org.apache.karaf.main.Main$KarafLockCallback lockAquired
INFO: Lock acquired. Setting startlevel to 100
2018/10/07 16:02:40 - Kitchen - Start of run.
2018-10-07 16:02:43.531:INFO:oejs.Server:jetty-8.1.15.v20140411
2018-10-07 16:02:43.557:INFO:oejs.AbstractConnector:Started NIOSocketConnectorWrapper@0.0.0.0:9052
out 07, 2018 4:02:44 PM org.apache.cxf.bus.blueprint.NamespaceHandlerRegisterer register
INFO: Registered blueprint namespace handler for http://cxf.apache.org/blueprint/core
out 07, 2018 4:02:44 PM org.apache.cxf.bus.blueprint.NamespaceHandlerRegisterer register
INFO: Registered blueprint namespace handler for http://cxf.apache.org/configuration/beans
out 07, 2018 4:02:44 PM org.apache.cxf.bus.blueprint.NamespaceHandlerRegisterer register
INFO: Registered blueprint namespace handler for http://cxf.apache.org/configuration/parameterized-types
out 07, 2018 4:02:44 PM org.apache.cxf.bus.blueprint.NamespaceHandlerRegisterer register
INFO: Registered blueprint namespace handler for http://cxf.apache.org/configuration/security
out 07, 2018 4:02:44 PM org.apache.cxf.bus.blueprint.NamespaceHandlerRegisterer register
INFO: Registered blueprint namespace handler for http://schemas.xmlsoap.org/wsdl/
out 07, 2018 4:02:44 PM org.apache.cxf.bus.blueprint.NamespaceHandlerRegisterer register
INFO: Registered blueprint namespace handler for http://www.w3.org/2005/08/addressing
out 07, 2018 4:02:44 PM org.apache.cxf.bus.blueprint.NamespaceHandlerRegisterer register
INFO: Registered blueprint namespace handler for http://schemas.xmlsoap.org/ws/2004/08/addressing
out 07, 2018 4:02:44 PM org.apache.cxf.bus.osgi.CXFExtensionBundleListener addExtensions
INFO: Adding the extensions from bundle org.apache.cxf.cxf-rt-management (152) [org.apache.cxf.management.InstrumentationManager]
out 07, 2018 4:02:44 PM org.apache.cxf.bus.osgi.CXFExtensionBundleListener addExtensions
INFO: Adding the extensions from bundle org.apache.cxf.cxf-rt-transports-http (156) [org.apache.cxf.transport.http.HTTPTransportFactory, org.apache.cxf.transport.http.HTTPWSDLExtensionLoader, org.apache.cxf.transport.http.policy.HTTPClientAssertionBuilder, org.apache.cxf.transport.http.policy.HTTPServerAssertionBuilder, org.apache.cxf.transport.http.policy.NoOpPolicyInterceptorProvider]
out 07, 2018 4:02:44 PM org.apache.cxf.bus.osgi.CXFExtensionBundleListener addExtensions
INFO: Adding the extensions from bundle org.apache.cxf.cxf-rt-wsdl (189) [org.apache.cxf.wsdl.WSDLManager]
out 07, 2018 4:02:44 PM org.apache.cxf.bus.osgi.CXFExtensionBundleListener addExtensions
INFO: Adding the extensions from bundle org.apache.cxf.cxf-rt-ws-policy (203) [org.apache.cxf.ws.policy.PolicyEngine, org.apache.cxf.policy.PolicyDataEngine, org.apache.cxf.ws.policy.AssertionBuilderRegistry, org.apache.cxf.ws.policy.PolicyInterceptorProviderRegistry, org.apache.cxf.ws.policy.PolicyBuilder, org.apache.cxf.ws.policy.PolicyAnnotationListener, org.apache.cxf.ws.policy.attachment.ServiceModelPolicyProvider, org.apache.cxf.ws.policy.attachment.external.DomainExpressionBuilderRegistry, org.apache.cxf.ws.policy.attachment.external.EndpointReferenceDomainExpressionBuilder, org.apache.cxf.ws.policy.attachment.external.URIDomainExpressionBuilder, org.apache.cxf.ws.policy.attachment.wsdl11.Wsdl11AttachmentPolicyProvider, org.apache.cxf.ws.policy.mtom.MTOMAssertionBuilder, org.apache.cxf.ws.policy.mtom.MTOMPolicyInterceptorProvider]
out 07, 2018 4:02:44 PM org.apache.cxf.bus.blueprint.NamespaceHandlerRegisterer register
INFO: Registered blueprint namespace handler for http://cxf.apache.org/transports/http/configuration
out 07, 2018 4:02:44 PM org.apache.cxf.bus.osgi.CXFExtensionBundleListener addExtensions
INFO: Adding the extensions from bundle org.apache.cxf.cxf-rt-bindings-soap (192) [org.apache.cxf.binding.soap.SoapBindingFactory, org.apache.cxf.binding.soap.SoapTransportFactory]
out 07, 2018 4:02:44 PM org.apache.cxf.bus.blueprint.NamespaceHandlerRegisterer register
INFO: Registered blueprint namespace handler for http://cxf.apache.org/blueprint/jaxrs
out 07, 2018 4:02:44 PM org.apache.cxf.bus.blueprint.NamespaceHandlerRegisterer register
INFO: Registered blueprint namespace handler for http://cxf.apache.org/blueprint/jaxrs-client
out 07, 2018 4:02:44 PM org.apache.cxf.bus.osgi.CXFExtensionBundleListener addExtensions
INFO: Adding the extensions from bundle org.apache.cxf.cxf-rt-bindings-xml (191) [org.apache.cxf.binding.xml.XMLBindingFactory, org.apache.cxf.binding.xml.wsdl11.XMLWSDLExtensionLoader]
out 07, 2018 4:02:44 PM org.apache.cxf.bus.blueprint.NamespaceHandlerRegisterer register
INFO: Registered blueprint namespace handler for http://cxf.apache.org/blueprint/bindings/soap
out 07, 2018 4:02:44 PM org.apache.cxf.bus.blueprint.NamespaceHandlerRegisterer register
INFO: Registered blueprint namespace handler for http://cxf.apache.org/blueprint/simple
out 07, 2018 4:02:44 PM org.apache.cxf.bus.osgi.CXFExtensionBundleListener addExtensions
INFO: Adding the extensions from bundle org.apache.cxf.cxf-rt-frontend-jaxws (194) [org.apache.cxf.jaxws.context.WebServiceContextResourceResolver]
out 07, 2018 4:02:44 PM org.apache.cxf.bus.blueprint.NamespaceHandlerRegisterer register
INFO: Registered blueprint namespace handler for http://cxf.apache.org/blueprint/jaxws
out 07, 2018 4:02:44 PM org.apache.cxf.bus.blueprint.NamespaceHandlerRegisterer register
INFO: Registered blueprint namespace handler for http://cxf.apache.org/binding/coloc
out 07, 2018 4:02:44 PM org.apache.cxf.bus.osgi.CXFExtensionBundleListener addExtensions
INFO: Adding the extensions from bundle org.apache.cxf.cxf-rt-transports-local (199) [org.apache.cxf.transport.local.LocalTransportFactory]
out 07, 2018 4:02:44 PM org.apache.cxf.bus.osgi.CXFExtensionBundleListener addExtensions
INFO: Adding the extensions from bundle org.apache.cxf.cxf-rt-bindings-object (200) [org.apache.cxf.binding.object.ObjectBindingFactory]
out 07, 2018 4:02:44 PM org.apache.cxf.bus.blueprint.NamespaceHandlerRegisterer register
INFO: Registered blueprint namespace handler for http://cxf.apache.org/blueprint/binding/object
out 07, 2018 4:02:44 PM org.apache.cxf.bus.blueprint.NamespaceHandlerRegisterer register
INFO: Registered blueprint namespace handler for http://cxf.apache.org/policy
out 07, 2018 4:02:44 PM org.apache.cxf.bus.blueprint.NamespaceHandlerRegisterer register
INFO: Registered blueprint namespace handler for http://www.w3.org/ns/ws-policy
out 07, 2018 4:02:44 PM org.apache.cxf.bus.blueprint.NamespaceHandlerRegisterer register
INFO: Registered blueprint namespace handler for http://www.w3.org/2006/07/ws-policy
out 07, 2018 4:02:44 PM org.apache.cxf.bus.blueprint.NamespaceHandlerRegisterer register
INFO: Registered blueprint namespace handler for http://schemas.xmlsoap.org/ws/2004/09/policy
out 07, 2018 4:02:44 PM org.apache.cxf.bus.blueprint.NamespaceHandlerRegisterer register
INFO: Registered blueprint namespace handler for http://docs.oasis-open.org/wss/2004/01/oasis-200401-wss-wssecurity-secext-1.0.xsd
out 07, 2018 4:02:44 PM org.apache.cxf.bus.blueprint.NamespaceHandlerRegisterer register
INFO: Registered blueprint namespace handler for http://docs.oasis-open.org/wss/2004/01/oasis-200401-wss-wssecurity-utility-1.0.xsd
out 07, 2018 4:02:44 PM org.apache.cxf.bus.blueprint.NamespaceHandlerRegisterer register
INFO: Registered blueprint namespace handler for http://www.w3.org/2000/09/xmldsig#
out 07, 2018 4:02:44 PM org.apache.cxf.bus.blueprint.NamespaceHandlerRegisterer register
INFO: Registered blueprint namespace handler for http://docs.oasis-open.org/ws-sx/ws-securitypolicy/200702
out 07, 2018 4:02:44 PM org.apache.cxf.bus.osgi.CXFExtensionBundleListener addExtensions
INFO: Adding the extensions from bundle org.apache.cxf.cxf-rt-ws-addr (220) [org.apache.cxf.ws.addressing.policy.AddressingAssertionBuilder, org.apache.cxf.ws.addressing.policy.UsingAddressingAssertionBuilder, org.apache.cxf.ws.addressing.policy.AddressingPolicyInterceptorProvider, org.apache.cxf.ws.addressing.impl.AddressingWSDLExtensionLoader, org.apache.cxf.ws.addressing.WSAddressingFeature$WSAddressingFeatureApplier, org.apache.cxf.ws.addressing.MAPAggregator$MAPAggregatorLoader]
out 07, 2018 4:02:44 PM org.apache.cxf.bus.blueprint.NamespaceHandlerRegisterer register
INFO: Registered blueprint namespace handler for http://cxf.apache.org/ws/addressing
out 07, 2018 4:02:44 PM org.apache.cxf.bus.osgi.CXFExtensionBundleListener addExtensions
INFO: Adding the extensions from bundle org.apache.cxf.cxf-rt-ws-security (222) [org.apache.cxf.ws.security.policy.WSSecurityPolicyLoader, org.apache.cxf.ws.security.cache.CacheCleanupListener]
out 07, 2018 4:02:44 PM org.apache.cxf.bus.osgi.CXFExtensionBundleListener addExtensions
INFO: Adding the extensions from bundle org.apache.cxf.cxf-rt-ws-rm (224) [org.apache.cxf.ws.rm.RMManager, org.apache.cxf.ws.rm.policy.RMPolicyInterceptorProvider, org.apache.cxf.ws.rm.policy.RM10AssertionBuilder, org.apache.cxf.ws.rm.policy.RM12AssertionBuilder, org.apache.cxf.ws.rm.policy.WSRMP12PolicyLoader, org.apache.cxf.ws.rm.policy.MC11PolicyLoader, org.apache.cxf.ws.rm.policy.RSPPolicyLoader]
out 07, 2018 4:02:44 PM org.apache.cxf.bus.blueprint.NamespaceHandlerRegisterer register
INFO: Registered blueprint namespace handler for http://cxf.apache.org/ws/rm/manager
out 07, 2018 4:02:44 PM org.apache.cxf.bus.blueprint.NamespaceHandlerRegisterer register
INFO: Registered blueprint namespace handler for http://schemas.xmlsoap.org/ws/2005/02/rm/policy
out 07, 2018 4:02:44 PM org.apache.cxf.bus.osgi.CXFExtensionBundleListener addExtensions
INFO: Adding the extensions from bundle org.apache.cxf.cxf-rt-javascript (225) [org.apache.cxf.javascript.JavascriptServerListener]
out 07, 2018 4:02:44 PM org.pentaho.caching.impl.PentahoCacheManagerFactory$RegistrationHandler$1 onSuccess
INFO: New Caching Service registered
2018/10/07 16:02:46 - job_carga_caged - Start of job execution
2018/10/07 16:02:46 - job_carga_caged - Starting entry [ktr_carga_caged]
2018/10/07 16:02:46 - ktr_carga_caged - Loading transformation from XML file [/home/unb/MTB/ETL/ods/mtb/caged_dw/ktr_carga_caged.ktr]
out 07, 2018 4:02:47 PM org.apache.cxf.endpoint.ServerImpl initDestination
INFO: Setting the server's publish address to be /marketplace
2018/10/07 16:02:47 - ktr_carga_caged - Using run configuration [Pentaho local]
2018/10/07 16:02:47 - ktr_carga_caged - Using legacy execution engine
2018/10/07 16:02:47 - ktr_carga_caged - Dispatching started for transformation [ktr_carga_caged]
out 07, 2018 4:02:47 PM org.apache.cxf.endpoint.ServerImpl initDestination
INFO: Setting the server's publish address to be /lineage
2018/10/07 16:02:47 - Carrega tabela.0 - Connected to database [comexao_ods] (commit=100000000)
out 07, 2018 4:02:47 PM org.apache.cxf.endpoint.ServerImpl initDestination
INFO: Setting the server's publish address to be /i18n
SLF4J: Class path contains multiple SLF4J bindings.
SLF4J: Found binding in [jar:file:/opt/data-integration/launcher/../lib/slf4j-log4j12-1.7.7.jar!/org/slf4j/impl/StaticLoggerBinder.class]
SLF4J: Found binding in [jar:file:/opt/data-integration/plugins/pentaho-big-data-plugin/lib/slf4j-log4j12-1.7.7.jar!/org/slf4j/impl/StaticLoggerBinder.class]
SLF4J: See http://www.slf4j.org/codes.html#multiple_bindings for an explanation.
SLF4J: Actual binding is of type [org.slf4j.impl.Log4jLoggerFactory]
2018/10/07 16:02:47 - Le Arquivo.0 - Header row skipped in file '/mnt/unb/bases_mte/CAGED/CAGED_TRABALHADOR_AJUSTADO_092017.txt'
2018/10/07 16:02:48 - Le Arquivo.0 - Line number : 50000
2018/10/07 16:02:48 - Separa Ano e Mes.0 - Linenr 50000
2018/10/07 16:02:55 - Le Arquivo.0 - Line number : 100000
2018/10/07 16:02:59 - Separa Ano e Mes.0 - Linenr 100000
2018/10/07 16:03:03 - Select values.0 - linenr 50000
2018/10/07 16:03:07 - Carrega tabela.0 - linenr 50000
2018/10/07 16:03:15 - Le Arquivo.0 - Line number : 150000
2018/10/07 16:03:19 - Separa Ano e Mes.0 - Linenr 150000
2018/10/07 16:03:22 - Select values.0 - linenr 100000
2018/10/07 16:03:26 - Carrega tabela.0 - linenr 100000
2018/10/07 16:03:34 - Le Arquivo.0 - Line number : 200000
2018/10/07 16:03:38 - Separa Ano e Mes.0 - Linenr 200000
2018/10/07 16:03:42 - Select values.0 - linenr 150000
2018/10/07 16:03:45 - Carrega tabela.0 - linenr 150000
2018/10/07 16:03:53 - Le Arquivo.0 - Line number : 250000
2018/10/07 16:03:57 - Separa Ano e Mes.0 - Linenr 250000
2018/10/07 16:04:01 - Select values.0 - linenr 200000
2018/10/07 16:04:04 - Carrega tabela.0 - linenr 200000
2018/10/07 16:04:13 - Le Arquivo.0 - Line number : 300000
2018/10/07 16:04:16 - Separa Ano e Mes.0 - Linenr 300000
2018/10/07 16:04:20 - Select values.0 - linenr 250000
2018/10/07 16:04:24 - Carrega tabela.0 - linenr 250000
2018/10/07 16:04:32 - Le Arquivo.0 - Line number : 350000
2018/10/07 16:04:36 - Separa Ano e Mes.0 - Linenr 350000
2018/10/07 16:04:40 - Select values.0 - linenr 300000
2018/10/07 16:04:44 - Carrega tabela.0 - linenr 300000
2018/10/07 16:04:52 - Le Arquivo.0 - Line number : 400000
2018/10/07 16:04:56 - Separa Ano e Mes.0 - Linenr 400000
2018/10/07 16:04:59 - Select values.0 - linenr 350000
2018/10/07 16:05:03 - Carrega tabela.0 - linenr 350000
2018/10/07 16:05:11 - Le Arquivo.0 - Line number : 450000
2018/10/07 16:05:15 - Separa Ano e Mes.0 - Linenr 450000
2018/10/07 16:05:19 - Select values.0 - linenr 400000
2018/10/07 16:05:23 - Carrega tabela.0 - linenr 400000
2018/10/07 16:05:31 - Le Arquivo.0 - Line number : 500000
2018/10/07 16:05:35 - Separa Ano e Mes.0 - Linenr 500000
2018/10/07 16:05:38 - Select values.0 - linenr 450000
2018/10/07 16:05:42 - Carrega tabela.0 - linenr 450000
2018/10/07 16:05:50 - Le Arquivo.0 - Line number : 550000
2018/10/07 16:05:54 - Separa Ano e Mes.0 - Linenr 550000
2018/10/07 16:05:58 - Select values.0 - linenr 500000
2018/10/07 16:06:02 - Carrega tabela.0 - linenr 500000
2018/10/07 16:06:10 - Le Arquivo.0 - Line number : 600000
2018/10/07 16:06:14 - Separa Ano e Mes.0 - Linenr 600000
2018/10/07 16:06:17 - Select values.0 - linenr 550000
2018/10/07 16:06:21 - Carrega tabela.0 - linenr 550000
2018/10/07 16:06:29 - Le Arquivo.0 - Line number : 650000
2018/10/07 16:06:33 - Separa Ano e Mes.0 - Linenr 650000
2018/10/07 16:06:37 - Select values.0 - linenr 600000
2018/10/07 16:06:41 - Carrega tabela.0 - linenr 600000
2018/10/07 16:06:49 - Le Arquivo.0 - Line number : 700000
2018/10/07 16:06:53 - Separa Ano e Mes.0 - Linenr 700000
2018/10/07 16:06:56 - Select values.0 - linenr 650000
2018/10/07 16:07:00 - Carrega tabela.0 - linenr 650000
2018/10/07 16:07:08 - Le Arquivo.0 - Line number : 750000
2018/10/07 16:07:12 - Separa Ano e Mes.0 - Linenr 750000
2018/10/07 16:07:16 - Select values.0 - linenr 700000
2018/10/07 16:07:20 - Carrega tabela.0 - linenr 700000
2018/10/07 16:07:28 - Le Arquivo.0 - Line number : 800000
2018/10/07 16:07:32 - Separa Ano e Mes.0 - Linenr 800000
2018/10/07 16:07:35 - Select values.0 - linenr 750000
2018/10/07 16:07:39 - Carrega tabela.0 - linenr 750000
2018/10/07 16:07:47 - Le Arquivo.0 - Line number : 850000
2018/10/07 16:07:51 - Separa Ano e Mes.0 - Linenr 850000
2018/10/07 16:07:54 - Select values.0 - linenr 800000
2018/10/07 16:07:58 - Carrega tabela.0 - linenr 800000
2018/10/07 16:08:06 - Le Arquivo.0 - Line number : 900000
2018/10/07 16:08:10 - Separa Ano e Mes.0 - Linenr 900000
2018/10/07 16:08:14 - Select values.0 - linenr 850000
2018/10/07 16:08:18 - Carrega tabela.0 - linenr 850000
2018/10/07 16:08:26 - Le Arquivo.0 - Line number : 950000
2018/10/07 16:08:30 - Separa Ano e Mes.0 - Linenr 950000
2018/10/07 16:08:34 - Select values.0 - linenr 900000
2018/10/07 16:08:37 - Carrega tabela.0 - linenr 900000
2018/10/07 16:08:46 - Le Arquivo.0 - Line number : 1000000
2018/10/07 16:08:50 - Separa Ano e Mes.0 - Linenr 1000000
2018/10/07 16:08:53 - Select values.0 - linenr 950000
2018/10/07 16:08:57 - Carrega tabela.0 - linenr 950000
2018/10/07 16:09:05 - Le Arquivo.0 - Line number : 1050000
2018/10/07 16:09:09 - Separa Ano e Mes.0 - Linenr 1050000
2018/10/07 16:09:13 - Select values.0 - linenr 1000000
2018/10/07 16:09:17 - Carrega tabela.0 - linenr 1000000
2018/10/07 16:09:25 - Le Arquivo.0 - Line number : 1100000
2018/10/07 16:09:29 - Separa Ano e Mes.0 - Linenr 1100000
2018/10/07 16:09:33 - Select values.0 - linenr 1050000
2018/10/07 16:09:36 - Carrega tabela.0 - linenr 1050000
2018/10/07 16:09:45 - Le Arquivo.0 - Line number : 1150000
2018/10/07 16:09:48 - Separa Ano e Mes.0 - Linenr 1150000
2018/10/07 16:09:52 - Select values.0 - linenr 1100000
2018/10/07 16:09:56 - Carrega tabela.0 - linenr 1100000
2018/10/07 16:10:04 - Le Arquivo.0 - Line number : 1200000
2018/10/07 16:10:08 - Separa Ano e Mes.0 - Linenr 1200000
2018/10/07 16:10:12 - Select values.0 - linenr 1150000
2018/10/07 16:10:15 - Carrega tabela.0 - linenr 1150000
2018/10/07 16:10:23 - Le Arquivo.0 - Line number : 1250000
2018/10/07 16:10:27 - Separa Ano e Mes.0 - Linenr 1250000
2018/10/07 16:10:31 - Select values.0 - linenr 1200000
2018/10/07 16:10:35 - Carrega tabela.0 - linenr 1200000
2018/10/07 16:10:43 - Le Arquivo.0 - Line number : 1300000
2018/10/07 16:10:47 - Separa Ano e Mes.0 - Linenr 1300000
2018/10/07 16:10:50 - Select values.0 - linenr 1250000
2018/10/07 16:10:54 - Carrega tabela.0 - linenr 1250000
2018/10/07 16:11:02 - Le Arquivo.0 - Line number : 1350000
2018/10/07 16:11:06 - Separa Ano e Mes.0 - Linenr 1350000
2018/10/07 16:11:10 - Select values.0 - linenr 1300000
2018/10/07 16:11:14 - Carrega tabela.0 - linenr 1300000
2018/10/07 16:11:22 - Le Arquivo.0 - Line number : 1400000
2018/10/07 16:11:26 - Separa Ano e Mes.0 - Linenr 1400000
2018/10/07 16:11:29 - Select values.0 - linenr 1350000
2018/10/07 16:11:33 - Carrega tabela.0 - linenr 1350000
2018/10/07 16:11:41 - Le Arquivo.0 - Line number : 1450000
2018/10/07 16:11:45 - Separa Ano e Mes.0 - Linenr 1450000
2018/10/07 16:11:48 - Select values.0 - linenr 1400000
2018/10/07 16:11:52 - Carrega tabela.0 - linenr 1400000
2018/10/07 16:12:00 - Le Arquivo.0 - Line number : 1500000
2018/10/07 16:12:04 - Separa Ano e Mes.0 - Linenr 1500000
2018/10/07 16:12:07 - Select values.0 - linenr 1450000
2018/10/07 16:12:11 - Carrega tabela.0 - linenr 1450000
2018/10/07 16:12:19 - Le Arquivo.0 - Line number : 1550000
2018/10/07 16:12:23 - Separa Ano e Mes.0 - Linenr 1550000
2018/10/07 16:12:27 - Select values.0 - linenr 1500000
2018/10/07 16:12:31 - Carrega tabela.0 - linenr 1500000
2018/10/07 16:12:39 - Le Arquivo.0 - Line number : 1600000
2018/10/07 16:12:43 - Separa Ano e Mes.0 - Linenr 1600000
2018/10/07 16:12:46 - Select values.0 - linenr 1550000
2018/10/07 16:12:50 - Carrega tabela.0 - linenr 1550000
2018/10/07 16:12:58 - Le Arquivo.0 - Line number : 1650000
2018/10/07 16:13:02 - Separa Ano e Mes.0 - Linenr 1650000
2018/10/07 16:13:06 - Select values.0 - linenr 1600000
2018/10/07 16:13:09 - Carrega tabela.0 - linenr 1600000
2018/10/07 16:13:17 - Le Arquivo.0 - Line number : 1700000
2018/10/07 16:13:21 - Separa Ano e Mes.0 - Linenr 1700000
2018/10/07 16:13:25 - Select values.0 - linenr 1650000
2018/10/07 16:13:29 - Carrega tabela.0 - linenr 1650000
2018/10/07 16:13:37 - Le Arquivo.0 - Line number : 1750000
2018/10/07 16:13:41 - Separa Ano e Mes.0 - Linenr 1750000
2018/10/07 16:13:44 - Select values.0 - linenr 1700000
2018/10/07 16:13:48 - Carrega tabela.0 - linenr 1700000
2018/10/07 16:13:56 - Le Arquivo.0 - Line number : 1800000
2018/10/07 16:14:00 - Separa Ano e Mes.0 - Linenr 1800000
2018/10/07 16:14:03 - Select values.0 - linenr 1750000
2018/10/07 16:14:07 - Carrega tabela.0 - linenr 1750000
2018/10/07 16:14:15 - Le Arquivo.0 - Line number : 1850000
2018/10/07 16:14:19 - Separa Ano e Mes.0 - Linenr 1850000
2018/10/07 16:14:23 - Select values.0 - linenr 1800000
2018/10/07 16:14:27 - Carrega tabela.0 - linenr 1800000
2018/10/07 16:14:35 - Le Arquivo.0 - Line number : 1900000
2018/10/07 16:14:39 - Separa Ano e Mes.0 - Linenr 1900000
2018/10/07 16:14:43 - Select values.0 - linenr 1850000
2018/10/07 16:14:47 - Carrega tabela.0 - linenr 1850000
2018/10/07 16:14:55 - Le Arquivo.0 - Line number : 1950000
2018/10/07 16:14:59 - Separa Ano e Mes.0 - Linenr 1950000
2018/10/07 16:15:02 - Select values.0 - linenr 1900000
2018/10/07 16:15:06 - Carrega tabela.0 - linenr 1900000
2018/10/07 16:15:14 - Le Arquivo.0 - Line number : 2000000
2018/10/07 16:15:18 - Separa Ano e Mes.0 - Linenr 2000000
2018/10/07 16:15:21 - Select values.0 - linenr 1950000
2018/10/07 16:15:25 - Carrega tabela.0 - linenr 1950000
2018/10/07 16:15:33 - Le Arquivo.0 - Line number : 2050000
2018/10/07 16:15:37 - Separa Ano e Mes.0 - Linenr 2050000
2018/10/07 16:15:41 - Select values.0 - linenr 2000000
2018/10/07 16:15:45 - Carrega tabela.0 - linenr 2000000
2018/10/07 16:15:53 - Le Arquivo.0 - Line number : 2100000
2018/10/07 16:15:57 - Separa Ano e Mes.0 - Linenr 2100000
2018/10/07 16:16:00 - Select values.0 - linenr 2050000
2018/10/07 16:16:04 - Carrega tabela.0 - linenr 2050000
2018/10/07 16:16:12 - Le Arquivo.0 - Line number : 2150000
2018/10/07 16:16:16 - Separa Ano e Mes.0 - Linenr 2150000
2018/10/07 16:16:19 - Select values.0 - linenr 2100000
2018/10/07 16:16:23 - Carrega tabela.0 - linenr 2100000
2018/10/07 16:16:31 - Le Arquivo.0 - Line number : 2200000
2018/10/07 16:16:35 - Separa Ano e Mes.0 - Linenr 2200000
2018/10/07 16:16:39 - Select values.0 - linenr 2150000
2018/10/07 16:16:43 - Carrega tabela.0 - linenr 2150000
2018/10/07 16:16:51 - Le Arquivo.0 - Line number : 2250000
2018/10/07 16:16:54 - Separa Ano e Mes.0 - Linenr 2250000
2018/10/07 16:16:58 - Select values.0 - linenr 2200000
2018/10/07 16:17:02 - Carrega tabela.0 - linenr 2200000
2018/10/07 16:17:10 - Le Arquivo.0 - Line number : 2300000
2018/10/07 16:17:14 - Separa Ano e Mes.0 - Linenr 2300000
2018/10/07 16:17:17 - Select values.0 - linenr 2250000
2018/10/07 16:17:21 - Carrega tabela.0 - linenr 2250000
2018/10/07 16:17:29 - Le Arquivo.0 - Line number : 2350000
2018/10/07 16:17:33 - Separa Ano e Mes.0 - Linenr 2350000
2018/10/07 16:17:37 - Select values.0 - linenr 2300000
2018/10/07 16:17:41 - Carrega tabela.0 - linenr 2300000
2018/10/07 16:17:49 - Le Arquivo.0 - Line number : 2400000
2018/10/07 16:17:53 - Separa Ano e Mes.0 - Linenr 2400000
2018/10/07 16:17:57 - Select values.0 - linenr 2350000
2018/10/07 16:18:00 - Carrega tabela.0 - linenr 2350000
2018/10/07 16:18:08 - Le Arquivo.0 - Line number : 2450000
2018/10/07 16:18:12 - Separa Ano e Mes.0 - Linenr 2450000
2018/10/07 16:18:16 - Select values.0 - linenr 2400000
2018/10/07 16:18:20 - Carrega tabela.0 - linenr 2400000
2018/10/07 16:18:28 - Le Arquivo.0 - Line number : 2500000
2018/10/07 16:18:31 - Separa Ano e Mes.0 - Linenr 2500000
2018/10/07 16:18:35 - Select values.0 - linenr 2450000
2018/10/07 16:18:39 - Carrega tabela.0 - linenr 2450000
2018/10/07 16:18:47 - Le Arquivo.0 - Line number : 2550000
2018/10/07 16:18:51 - Separa Ano e Mes.0 - Linenr 2550000
2018/10/07 16:18:55 - Select values.0 - linenr 2500000
2018/10/07 16:18:59 - Carrega tabela.0 - linenr 2500000
2018/10/07 16:19:07 - Le Arquivo.0 - Line number : 2600000
2018/10/07 16:19:11 - Separa Ano e Mes.0 - Linenr 2600000
2018/10/07 16:19:15 - Select values.0 - linenr 2550000
2018/10/07 16:19:19 - Carrega tabela.0 - linenr 2550000
2018/10/07 16:19:27 - Le Arquivo.0 - Line number : 2650000
2018/10/07 16:19:31 - Separa Ano e Mes.0 - Linenr 2650000
2018/10/07 16:19:35 - Select values.0 - linenr 2600000
2018/10/07 16:19:39 - Carrega tabela.0 - linenr 2600000
2018/10/07 16:19:47 - Le Arquivo.0 - Line number : 2700000
2018/10/07 16:19:51 - Separa Ano e Mes.0 - Linenr 2700000
2018/10/07 16:19:54 - Select values.0 - linenr 2650000
2018/10/07 16:19:58 - Carrega tabela.0 - linenr 2650000
2018/10/07 16:20:06 - Le Arquivo.0 - Line number : 2750000
2018/10/07 16:20:10 - Separa Ano e Mes.0 - Linenr 2750000
2018/10/07 16:20:14 - Select values.0 - linenr 2700000
2018/10/07 16:20:18 - Carrega tabela.0 - linenr 2700000
2018/10/07 16:20:26 - Le Arquivo.0 - Line number : 2800000
2018/10/07 16:20:30 - Separa Ano e Mes.0 - Linenr 2800000
2018/10/07 16:20:33 - Select values.0 - linenr 2750000
2018/10/07 16:20:37 - Carrega tabela.0 - linenr 2750000
2018/10/07 16:20:45 - Le Arquivo.0 - Line number : 2850000
2018/10/07 16:20:49 - Separa Ano e Mes.0 - Linenr 2850000
2018/10/07 16:20:53 - Select values.0 - linenr 2800000
2018/10/07 16:20:57 - Carrega tabela.0 - linenr 2800000
2018/10/07 16:21:05 - Le Arquivo.0 - Line number : 2900000
2018/10/07 16:21:09 - Separa Ano e Mes.0 - Linenr 2900000
2018/10/07 16:21:12 - Select values.0 - linenr 2850000
2018/10/07 16:21:16 - Carrega tabela.0 - linenr 2850000
2018/10/07 16:21:24 - Le Arquivo.0 - Line number : 2950000
2018/10/07 16:21:28 - Separa Ano e Mes.0 - Linenr 2950000
2018/10/07 16:21:32 - Select values.0 - linenr 2900000
2018/10/07 16:21:36 - Carrega tabela.0 - linenr 2900000
2018/10/07 16:21:44 - Le Arquivo.0 - Line number : 3000000
2018/10/07 16:21:48 - Separa Ano e Mes.0 - Linenr 3000000
2018/10/07 16:21:52 - Select values.0 - linenr 2950000
2018/10/07 16:21:55 - Carrega tabela.0 - linenr 2950000
2018/10/07 16:22:04 - Le Arquivo.0 - Line number : 3050000
2018/10/07 16:22:07 - Separa Ano e Mes.0 - Linenr 3050000
2018/10/07 16:22:11 - Select values.0 - linenr 3000000
2018/10/07 16:22:15 - Carrega tabela.0 - linenr 3000000
2018/10/07 16:22:23 - Le Arquivo.0 - Line number : 3100000
2018/10/07 16:22:27 - Separa Ano e Mes.0 - Linenr 3100000
2018/10/07 16:22:30 - Select values.0 - linenr 3050000
2018/10/07 16:22:34 - Carrega tabela.0 - linenr 3050000
2018/10/07 16:22:42 - Le Arquivo.0 - Line number : 3150000
2018/10/07 16:22:46 - Separa Ano e Mes.0 - Linenr 3150000
2018/10/07 16:22:50 - Select values.0 - linenr 3100000
2018/10/07 16:22:54 - Carrega tabela.0 - linenr 3100000
2018/10/07 16:23:02 - Le Arquivo.0 - Line number : 3200000
2018/10/07 16:23:05 - Separa Ano e Mes.0 - Linenr 3200000
2018/10/07 16:23:09 - Select values.0 - linenr 3150000
2018/10/07 16:23:13 - Carrega tabela.0 - linenr 3150000
2018/10/07 16:23:21 - Le Arquivo.0 - Line number : 3250000
2018/10/07 16:23:25 - Separa Ano e Mes.0 - Linenr 3250000
2018/10/07 16:23:29 - Select values.0 - linenr 3200000
2018/10/07 16:23:32 - Carrega tabela.0 - linenr 3200000
2018/10/07 16:23:41 - Le Arquivo.0 - Line number : 3300000
2018/10/07 16:23:45 - Separa Ano e Mes.0 - Linenr 3300000
2018/10/07 16:23:48 - Select values.0 - linenr 3250000
2018/10/07 16:23:52 - Carrega tabela.0 - linenr 3250000
2018/10/07 16:24:00 - Le Arquivo.0 - Line number : 3350000
2018/10/07 16:24:04 - Separa Ano e Mes.0 - Linenr 3350000
2018/10/07 16:24:08 - Select values.0 - linenr 3300000
2018/10/07 16:24:12 - Carrega tabela.0 - linenr 3300000
2018/10/07 16:24:20 - Le Arquivo.0 - Line number : 3400000
2018/10/07 16:24:24 - Separa Ano e Mes.0 - Linenr 3400000
2018/10/07 16:24:27 - Select values.0 - linenr 3350000
2018/10/07 16:24:31 - Carrega tabela.0 - linenr 3350000
2018/10/07 16:24:39 - Le Arquivo.0 - Line number : 3450000
2018/10/07 16:24:43 - Separa Ano e Mes.0 - Linenr 3450000
2018/10/07 16:24:47 - Select values.0 - linenr 3400000
2018/10/07 16:24:51 - Carrega tabela.0 - linenr 3400000
2018/10/07 16:24:59 - Le Arquivo.0 - Line number : 3500000
2018/10/07 16:25:03 - Separa Ano e Mes.0 - Linenr 3500000
2018/10/07 16:25:06 - Select values.0 - linenr 3450000
2018/10/07 16:25:10 - Carrega tabela.0 - linenr 3450000
2018/10/07 16:25:18 - Le Arquivo.0 - Line number : 3550000
2018/10/07 16:25:22 - Separa Ano e Mes.0 - Linenr 3550000
2018/10/07 16:25:26 - Select values.0 - linenr 3500000
2018/10/07 16:25:30 - Carrega tabela.0 - linenr 3500000
2018/10/07 16:25:38 - Le Arquivo.0 - Line number : 3600000
2018/10/07 16:25:42 - Separa Ano e Mes.0 - Linenr 3600000
2018/10/07 16:25:45 - Select values.0 - linenr 3550000
2018/10/07 16:25:49 - Carrega tabela.0 - linenr 3550000
2018/10/07 16:25:57 - Le Arquivo.0 - Line number : 3650000
2018/10/07 16:26:01 - Separa Ano e Mes.0 - Linenr 3650000
2018/10/07 16:26:05 - Select values.0 - linenr 3600000
2018/10/07 16:26:08 - Carrega tabela.0 - linenr 3600000
2018/10/07 16:26:16 - Le Arquivo.0 - Line number : 3700000
2018/10/07 16:26:20 - Separa Ano e Mes.0 - Linenr 3700000
2018/10/07 16:26:24 - Select values.0 - linenr 3650000
2018/10/07 16:26:28 - Carrega tabela.0 - linenr 3650000
2018/10/07 16:26:36 - Le Arquivo.0 - Line number : 3750000
2018/10/07 16:26:40 - Separa Ano e Mes.0 - Linenr 3750000
2018/10/07 16:26:43 - Select values.0 - linenr 3700000
2018/10/07 16:26:47 - Carrega tabela.0 - linenr 3700000
2018/10/07 16:26:55 - Le Arquivo.0 - Line number : 3800000
2018/10/07 16:26:59 - Separa Ano e Mes.0 - Linenr 3800000
2018/10/07 16:27:03 - Select values.0 - linenr 3750000
2018/10/07 16:27:07 - Carrega tabela.0 - linenr 3750000
2018/10/07 16:27:15 - Le Arquivo.0 - Line number : 3850000
2018/10/07 16:27:19 - Separa Ano e Mes.0 - Linenr 3850000
2018/10/07 16:27:22 - Select values.0 - linenr 3800000
2018/10/07 16:27:26 - Carrega tabela.0 - linenr 3800000
2018/10/07 16:27:34 - Le Arquivo.0 - Line number : 3900000
2018/10/07 16:27:38 - Separa Ano e Mes.0 - Linenr 3900000
2018/10/07 16:27:42 - Select values.0 - linenr 3850000
2018/10/07 16:27:46 - Carrega tabela.0 - linenr 3850000
2018/10/07 16:27:54 - Le Arquivo.0 - Line number : 3950000
2018/10/07 16:27:58 - Separa Ano e Mes.0 - Linenr 3950000
2018/10/07 16:28:01 - Select values.0 - linenr 3900000
2018/10/07 16:28:05 - Carrega tabela.0 - linenr 3900000
2018/10/07 16:28:13 - Le Arquivo.0 - Line number : 4000000
2018/10/07 16:28:17 - Separa Ano e Mes.0 - Linenr 4000000
2018/10/07 16:28:21 - Select values.0 - linenr 3950000
2018/10/07 16:28:25 - Carrega tabela.0 - linenr 3950000
2018/10/07 16:28:33 - Le Arquivo.0 - Line number : 4050000
2018/10/07 16:28:37 - Separa Ano e Mes.0 - Linenr 4050000
2018/10/07 16:28:40 - Select values.0 - linenr 4000000
2018/10/07 16:28:44 - Carrega tabela.0 - linenr 4000000
2018/10/07 16:28:52 - Le Arquivo.0 - Line number : 4100000
2018/10/07 16:28:56 - Separa Ano e Mes.0 - Linenr 4100000
2018/10/07 16:29:00 - Select values.0 - linenr 4050000
2018/10/07 16:29:04 - Carrega tabela.0 - linenr 4050000
2018/10/07 16:29:12 - Le Arquivo.0 - Line number : 4150000
2018/10/07 16:29:16 - Separa Ano e Mes.0 - Linenr 4150000
2018/10/07 16:29:20 - Select values.0 - linenr 4100000
2018/10/07 16:29:24 - Carrega tabela.0 - linenr 4100000
2018/10/07 16:29:32 - Le Arquivo.0 - Line number : 4200000
2018/10/07 16:29:36 - Separa Ano e Mes.0 - Linenr 4200000
2018/10/07 16:29:39 - Select values.0 - linenr 4150000
2018/10/07 16:29:43 - Carrega tabela.0 - linenr 4150000
2018/10/07 16:29:51 - Le Arquivo.0 - Line number : 4250000
2018/10/07 16:29:55 - Separa Ano e Mes.0 - Linenr 4250000
2018/10/07 16:29:59 - Select values.0 - linenr 4200000
2018/10/07 16:30:03 - Carrega tabela.0 - linenr 4200000
2018/10/07 16:30:11 - Le Arquivo.0 - Line number : 4300000
2018/10/07 16:30:15 - Separa Ano e Mes.0 - Linenr 4300000
2018/10/07 16:30:18 - Select values.0 - linenr 4250000
2018/10/07 16:30:22 - Carrega tabela.0 - linenr 4250000
2018/10/07 16:30:31 - Le Arquivo.0 - Line number : 4350000
2018/10/07 16:30:35 - Separa Ano e Mes.0 - Linenr 4350000
2018/10/07 16:30:38 - Select values.0 - linenr 4300000
2018/10/07 16:30:42 - Carrega tabela.0 - linenr 4300000
2018/10/07 16:30:50 - Le Arquivo.0 - Line number : 4400000
2018/10/07 16:30:54 - Separa Ano e Mes.0 - Linenr 4400000
2018/10/07 16:30:58 - Select values.0 - linenr 4350000
2018/10/07 16:31:02 - Carrega tabela.0 - linenr 4350000
2018/10/07 16:31:10 - Le Arquivo.0 - Line number : 4450000
2018/10/07 16:31:13 - Separa Ano e Mes.0 - Linenr 4450000
2018/10/07 16:31:17 - Select values.0 - linenr 4400000
2018/10/07 16:31:21 - Carrega tabela.0 - linenr 4400000
2018/10/07 16:31:29 - Le Arquivo.0 - Line number : 4500000
2018/10/07 16:31:33 - Separa Ano e Mes.0 - Linenr 4500000
2018/10/07 16:31:37 - Select values.0 - linenr 4450000
2018/10/07 16:31:40 - Carrega tabela.0 - linenr 4450000
2018/10/07 16:31:48 - Le Arquivo.0 - Line number : 4550000
2018/10/07 16:31:52 - Separa Ano e Mes.0 - Linenr 4550000
2018/10/07 16:31:56 - Select values.0 - linenr 4500000
2018/10/07 16:32:00 - Carrega tabela.0 - linenr 4500000
2018/10/07 16:32:08 - Le Arquivo.0 - Line number : 4600000
2018/10/07 16:32:12 - Separa Ano e Mes.0 - Linenr 4600000
2018/10/07 16:32:15 - Select values.0 - linenr 4550000
2018/10/07 16:32:19 - Carrega tabela.0 - linenr 4550000
2018/10/07 16:32:27 - Le Arquivo.0 - Line number : 4650000
2018/10/07 16:32:31 - Separa Ano e Mes.0 - Linenr 4650000
2018/10/07 16:32:35 - Select values.0 - linenr 4600000
2018/10/07 16:32:38 - Carrega tabela.0 - linenr 4600000
2018/10/07 16:32:47 - Le Arquivo.0 - Line number : 4700000
2018/10/07 16:32:50 - Separa Ano e Mes.0 - Linenr 4700000
2018/10/07 16:32:54 - Select values.0 - linenr 4650000
2018/10/07 16:32:58 - Carrega tabela.0 - linenr 4650000
2018/10/07 16:33:06 - Le Arquivo.0 - Line number : 4750000
2018/10/07 16:33:10 - Separa Ano e Mes.0 - Linenr 4750000
2018/10/07 16:33:13 - Select values.0 - linenr 4700000
2018/10/07 16:33:17 - Carrega tabela.0 - linenr 4700000
2018/10/07 16:33:25 - Le Arquivo.0 - Line number : 4800000
2018/10/07 16:33:29 - Separa Ano e Mes.0 - Linenr 4800000
2018/10/07 16:33:33 - Select values.0 - linenr 4750000
2018/10/07 16:33:37 - Carrega tabela.0 - linenr 4750000
2018/10/07 16:33:45 - Le Arquivo.0 - Line number : 4850000
2018/10/07 16:33:49 - Separa Ano e Mes.0 - Linenr 4850000
2018/10/07 16:33:52 - Select values.0 - linenr 4800000
2018/10/07 16:33:56 - Carrega tabela.0 - linenr 4800000
2018/10/07 16:34:04 - Le Arquivo.0 - Line number : 4900000
2018/10/07 16:34:08 - Separa Ano e Mes.0 - Linenr 4900000
2018/10/07 16:34:12 - Select values.0 - linenr 4850000
2018/10/07 16:34:16 - Carrega tabela.0 - linenr 4850000
2018/10/07 16:34:24 - Le Arquivo.0 - Line number : 4950000
2018/10/07 16:34:28 - Separa Ano e Mes.0 - Linenr 4950000
2018/10/07 16:34:31 - Select values.0 - linenr 4900000
2018/10/07 16:34:35 - Carrega tabela.0 - linenr 4900000
2018/10/07 16:34:43 - Le Arquivo.0 - Line number : 5000000
2018/10/07 16:34:47 - Separa Ano e Mes.0 - Linenr 5000000
2018/10/07 16:34:51 - Select values.0 - linenr 4950000
2018/10/07 16:34:55 - Carrega tabela.0 - linenr 4950000
2018/10/07 16:35:03 - Le Arquivo.0 - Line number : 5050000
2018/10/07 16:35:07 - Separa Ano e Mes.0 - Linenr 5050000
2018/10/07 16:35:10 - Select values.0 - linenr 5000000
2018/10/07 16:35:14 - Carrega tabela.0 - linenr 5000000
2018/10/07 16:35:22 - Le Arquivo.0 - Line number : 5100000
2018/10/07 16:35:26 - Separa Ano e Mes.0 - Linenr 5100000
2018/10/07 16:35:30 - Select values.0 - linenr 5050000
2018/10/07 16:35:34 - Carrega tabela.0 - linenr 5050000
2018/10/07 16:35:42 - Le Arquivo.0 - Line number : 5150000
2018/10/07 16:35:46 - Separa Ano e Mes.0 - Linenr 5150000
2018/10/07 16:35:49 - Select values.0 - linenr 5100000
2018/10/07 16:35:53 - Carrega tabela.0 - linenr 5100000
2018/10/07 16:35:58 - Le Arquivo.0 - Finished processing (I=5192390, O=0, R=0, W=5192389, U=0, E=0)
2018/10/07 16:36:02 - Separa Ano e Mes.0 - Finished processing (I=0, O=0, R=5192389, W=5192389, U=0, E=0)
2018/10/07 16:36:06 - Corrige sal_mensal_declarado.0 - Finished processing (I=0, O=0, R=5192389, W=5192389, U=0, E=0)
2018/10/07 16:36:09 - Select values.0 - linenr 5150000
2018/10/07 16:36:10 - Corrige CBO.0 - Finished processing (I=0, O=0, R=5192389, W=5192389, U=0, E=0)
2018/10/07 16:36:13 - Carrega tabela.0 - linenr 5150000
2018/10/07 16:36:14 - corige_dia_mov.0 - Finished processing (I=0, O=0, R=5192389, W=5192389, U=0, E=0)
2018/10/07 16:36:18 - Corrige CNAE1.0 - Finished processing (I=0, O=0, R=5192389, W=5192389, U=0, E=0)
2018/10/07 16:36:22 - Corrige grau instrucao.0 - Finished processing (I=0, O=0, R=5192389, W=5192389, U=0, E=0)
2018/10/07 16:36:25 - Select values.0 - Finished processing (I=0, O=0, R=5192389, W=5192389, U=0, E=0)
2018/10/07 16:36:29 - Carrega tabela.0 - Finished processing (I=0, O=5192389, R=5192389, W=5192389, U=0, E=0)
2018/10/07 16:36:29 - job_carga_caged - Starting entry [Success]
2018/10/07 16:36:29 - job_carga_caged - Finished job entry [Success] (result=[true])
2018/10/07 16:36:29 - job_carga_caged - Finished job entry [ktr_carga_caged] (result=[true])
2018/10/07 16:36:29 - job_carga_caged - Job execution finished
2018/10/07 16:36:29 - Kitchen - Finished!
2018/10/07 16:36:29 - Kitchen - Start=2018/10/07 16:02:40.951, Stop=2018/10/07 16:36:29.742
2018/10/07 16:36:29 - Kitchen - Processing ended after 33 minutes and 48 seconds (2028 seconds total).
