#######################################################################
WARNING:  no libwebkitgtk-1.0 detected, some features will be unavailable
    Consider installing the package with apt-get or yum.
    e.g. 'sudo apt-get install libwebkitgtk-1.0-0'
#######################################################################
OpenJDK 64-Bit Server VM warning: ignoring option MaxPermSize=4G; support was removed in 8.0
15:25:12,498 INFO  [KarafBoot] Checking to see if org.pentaho.clean.karaf.cache is enabled
15:25:12,601 INFO  [KarafInstance] 
*******************************************************************************
*** Karaf Instance Number: 2 at /opt/data-integration/./system/karaf/caches ***
***   /kitchen/data-1                                                       ***
*** FastBin Provider Port:52902                                             ***
*** Karaf Port:8803                                                         ***
*** OSGI Service Port:9052                                                  ***
*******************************************************************************
out 07, 2018 3:25:13 PM org.apache.karaf.main.Main$KarafLockCallback lockAquired
INFO: Lock acquired. Setting startlevel to 100
2018/10/07 15:25:13 - Kitchen - Start of run.
2018-10-07 15:25:16.109:INFO:oejs.Server:jetty-8.1.15.v20140411
2018-10-07 15:25:16.137:INFO:oejs.AbstractConnector:Started NIOSocketConnectorWrapper@0.0.0.0:9052
out 07, 2018 3:25:16 PM org.apache.cxf.bus.blueprint.NamespaceHandlerRegisterer register
INFO: Registered blueprint namespace handler for http://cxf.apache.org/blueprint/core
out 07, 2018 3:25:16 PM org.apache.cxf.bus.blueprint.NamespaceHandlerRegisterer register
INFO: Registered blueprint namespace handler for http://cxf.apache.org/configuration/beans
out 07, 2018 3:25:16 PM org.apache.cxf.bus.blueprint.NamespaceHandlerRegisterer register
INFO: Registered blueprint namespace handler for http://cxf.apache.org/configuration/parameterized-types
out 07, 2018 3:25:16 PM org.apache.cxf.bus.blueprint.NamespaceHandlerRegisterer register
INFO: Registered blueprint namespace handler for http://cxf.apache.org/configuration/security
out 07, 2018 3:25:16 PM org.apache.cxf.bus.blueprint.NamespaceHandlerRegisterer register
INFO: Registered blueprint namespace handler for http://schemas.xmlsoap.org/wsdl/
out 07, 2018 3:25:16 PM org.apache.cxf.bus.blueprint.NamespaceHandlerRegisterer register
INFO: Registered blueprint namespace handler for http://www.w3.org/2005/08/addressing
out 07, 2018 3:25:16 PM org.apache.cxf.bus.blueprint.NamespaceHandlerRegisterer register
INFO: Registered blueprint namespace handler for http://schemas.xmlsoap.org/ws/2004/08/addressing
out 07, 2018 3:25:16 PM org.apache.cxf.bus.osgi.CXFExtensionBundleListener addExtensions
INFO: Adding the extensions from bundle org.apache.cxf.cxf-rt-management (152) [org.apache.cxf.management.InstrumentationManager]
out 07, 2018 3:25:16 PM org.apache.cxf.bus.osgi.CXFExtensionBundleListener addExtensions
INFO: Adding the extensions from bundle org.apache.cxf.cxf-rt-transports-http (156) [org.apache.cxf.transport.http.HTTPTransportFactory, org.apache.cxf.transport.http.HTTPWSDLExtensionLoader, org.apache.cxf.transport.http.policy.HTTPClientAssertionBuilder, org.apache.cxf.transport.http.policy.HTTPServerAssertionBuilder, org.apache.cxf.transport.http.policy.NoOpPolicyInterceptorProvider]
out 07, 2018 3:25:16 PM org.apache.cxf.bus.osgi.CXFExtensionBundleListener addExtensions
INFO: Adding the extensions from bundle org.apache.cxf.cxf-rt-wsdl (189) [org.apache.cxf.wsdl.WSDLManager]
out 07, 2018 3:25:16 PM org.apache.cxf.bus.osgi.CXFExtensionBundleListener addExtensions
INFO: Adding the extensions from bundle org.apache.cxf.cxf-rt-ws-policy (203) [org.apache.cxf.ws.policy.PolicyEngine, org.apache.cxf.policy.PolicyDataEngine, org.apache.cxf.ws.policy.AssertionBuilderRegistry, org.apache.cxf.ws.policy.PolicyInterceptorProviderRegistry, org.apache.cxf.ws.policy.PolicyBuilder, org.apache.cxf.ws.policy.PolicyAnnotationListener, org.apache.cxf.ws.policy.attachment.ServiceModelPolicyProvider, org.apache.cxf.ws.policy.attachment.external.DomainExpressionBuilderRegistry, org.apache.cxf.ws.policy.attachment.external.EndpointReferenceDomainExpressionBuilder, org.apache.cxf.ws.policy.attachment.external.URIDomainExpressionBuilder, org.apache.cxf.ws.policy.attachment.wsdl11.Wsdl11AttachmentPolicyProvider, org.apache.cxf.ws.policy.mtom.MTOMAssertionBuilder, org.apache.cxf.ws.policy.mtom.MTOMPolicyInterceptorProvider]
out 07, 2018 3:25:16 PM org.apache.cxf.bus.blueprint.NamespaceHandlerRegisterer register
INFO: Registered blueprint namespace handler for http://cxf.apache.org/transports/http/configuration
out 07, 2018 3:25:16 PM org.apache.cxf.bus.osgi.CXFExtensionBundleListener addExtensions
INFO: Adding the extensions from bundle org.apache.cxf.cxf-rt-bindings-soap (192) [org.apache.cxf.binding.soap.SoapBindingFactory, org.apache.cxf.binding.soap.SoapTransportFactory]
out 07, 2018 3:25:16 PM org.apache.cxf.bus.blueprint.NamespaceHandlerRegisterer register
INFO: Registered blueprint namespace handler for http://cxf.apache.org/blueprint/jaxrs
out 07, 2018 3:25:16 PM org.apache.cxf.bus.blueprint.NamespaceHandlerRegisterer register
INFO: Registered blueprint namespace handler for http://cxf.apache.org/blueprint/jaxrs-client
out 07, 2018 3:25:16 PM org.apache.cxf.bus.osgi.CXFExtensionBundleListener addExtensions
INFO: Adding the extensions from bundle org.apache.cxf.cxf-rt-bindings-xml (191) [org.apache.cxf.binding.xml.XMLBindingFactory, org.apache.cxf.binding.xml.wsdl11.XMLWSDLExtensionLoader]
out 07, 2018 3:25:16 PM org.apache.cxf.bus.blueprint.NamespaceHandlerRegisterer register
INFO: Registered blueprint namespace handler for http://cxf.apache.org/blueprint/bindings/soap
out 07, 2018 3:25:16 PM org.apache.cxf.bus.blueprint.NamespaceHandlerRegisterer register
INFO: Registered blueprint namespace handler for http://cxf.apache.org/blueprint/simple
out 07, 2018 3:25:16 PM org.apache.cxf.bus.osgi.CXFExtensionBundleListener addExtensions
INFO: Adding the extensions from bundle org.apache.cxf.cxf-rt-frontend-jaxws (194) [org.apache.cxf.jaxws.context.WebServiceContextResourceResolver]
out 07, 2018 3:25:16 PM org.apache.cxf.bus.blueprint.NamespaceHandlerRegisterer register
INFO: Registered blueprint namespace handler for http://cxf.apache.org/blueprint/jaxws
out 07, 2018 3:25:16 PM org.apache.cxf.bus.blueprint.NamespaceHandlerRegisterer register
INFO: Registered blueprint namespace handler for http://cxf.apache.org/binding/coloc
out 07, 2018 3:25:16 PM org.apache.cxf.bus.osgi.CXFExtensionBundleListener addExtensions
INFO: Adding the extensions from bundle org.apache.cxf.cxf-rt-transports-local (199) [org.apache.cxf.transport.local.LocalTransportFactory]
out 07, 2018 3:25:16 PM org.apache.cxf.bus.osgi.CXFExtensionBundleListener addExtensions
INFO: Adding the extensions from bundle org.apache.cxf.cxf-rt-bindings-object (200) [org.apache.cxf.binding.object.ObjectBindingFactory]
out 07, 2018 3:25:16 PM org.apache.cxf.bus.blueprint.NamespaceHandlerRegisterer register
INFO: Registered blueprint namespace handler for http://cxf.apache.org/blueprint/binding/object
out 07, 2018 3:25:16 PM org.apache.cxf.bus.blueprint.NamespaceHandlerRegisterer register
INFO: Registered blueprint namespace handler for http://cxf.apache.org/policy
out 07, 2018 3:25:16 PM org.apache.cxf.bus.blueprint.NamespaceHandlerRegisterer register
INFO: Registered blueprint namespace handler for http://www.w3.org/ns/ws-policy
out 07, 2018 3:25:16 PM org.apache.cxf.bus.blueprint.NamespaceHandlerRegisterer register
INFO: Registered blueprint namespace handler for http://www.w3.org/2006/07/ws-policy
out 07, 2018 3:25:16 PM org.apache.cxf.bus.blueprint.NamespaceHandlerRegisterer register
INFO: Registered blueprint namespace handler for http://schemas.xmlsoap.org/ws/2004/09/policy
out 07, 2018 3:25:16 PM org.apache.cxf.bus.blueprint.NamespaceHandlerRegisterer register
INFO: Registered blueprint namespace handler for http://docs.oasis-open.org/wss/2004/01/oasis-200401-wss-wssecurity-secext-1.0.xsd
out 07, 2018 3:25:16 PM org.apache.cxf.bus.blueprint.NamespaceHandlerRegisterer register
INFO: Registered blueprint namespace handler for http://docs.oasis-open.org/wss/2004/01/oasis-200401-wss-wssecurity-utility-1.0.xsd
out 07, 2018 3:25:16 PM org.apache.cxf.bus.blueprint.NamespaceHandlerRegisterer register
INFO: Registered blueprint namespace handler for http://www.w3.org/2000/09/xmldsig#
out 07, 2018 3:25:16 PM org.apache.cxf.bus.blueprint.NamespaceHandlerRegisterer register
INFO: Registered blueprint namespace handler for http://docs.oasis-open.org/ws-sx/ws-securitypolicy/200702
out 07, 2018 3:25:16 PM org.apache.cxf.bus.osgi.CXFExtensionBundleListener addExtensions
INFO: Adding the extensions from bundle org.apache.cxf.cxf-rt-ws-addr (220) [org.apache.cxf.ws.addressing.policy.AddressingAssertionBuilder, org.apache.cxf.ws.addressing.policy.UsingAddressingAssertionBuilder, org.apache.cxf.ws.addressing.policy.AddressingPolicyInterceptorProvider, org.apache.cxf.ws.addressing.impl.AddressingWSDLExtensionLoader, org.apache.cxf.ws.addressing.WSAddressingFeature$WSAddressingFeatureApplier, org.apache.cxf.ws.addressing.MAPAggregator$MAPAggregatorLoader]
out 07, 2018 3:25:16 PM org.apache.cxf.bus.blueprint.NamespaceHandlerRegisterer register
INFO: Registered blueprint namespace handler for http://cxf.apache.org/ws/addressing
out 07, 2018 3:25:16 PM org.apache.cxf.bus.osgi.CXFExtensionBundleListener addExtensions
INFO: Adding the extensions from bundle org.apache.cxf.cxf-rt-ws-security (222) [org.apache.cxf.ws.security.policy.WSSecurityPolicyLoader, org.apache.cxf.ws.security.cache.CacheCleanupListener]
out 07, 2018 3:25:16 PM org.apache.cxf.bus.osgi.CXFExtensionBundleListener addExtensions
INFO: Adding the extensions from bundle org.apache.cxf.cxf-rt-ws-rm (224) [org.apache.cxf.ws.rm.RMManager, org.apache.cxf.ws.rm.policy.RMPolicyInterceptorProvider, org.apache.cxf.ws.rm.policy.RM10AssertionBuilder, org.apache.cxf.ws.rm.policy.RM12AssertionBuilder, org.apache.cxf.ws.rm.policy.WSRMP12PolicyLoader, org.apache.cxf.ws.rm.policy.MC11PolicyLoader, org.apache.cxf.ws.rm.policy.RSPPolicyLoader]
out 07, 2018 3:25:16 PM org.apache.cxf.bus.blueprint.NamespaceHandlerRegisterer register
INFO: Registered blueprint namespace handler for http://cxf.apache.org/ws/rm/manager
out 07, 2018 3:25:16 PM org.apache.cxf.bus.blueprint.NamespaceHandlerRegisterer register
INFO: Registered blueprint namespace handler for http://schemas.xmlsoap.org/ws/2005/02/rm/policy
out 07, 2018 3:25:16 PM org.apache.cxf.bus.osgi.CXFExtensionBundleListener addExtensions
INFO: Adding the extensions from bundle org.apache.cxf.cxf-rt-javascript (225) [org.apache.cxf.javascript.JavascriptServerListener]
out 07, 2018 3:25:17 PM org.pentaho.caching.impl.PentahoCacheManagerFactory$RegistrationHandler$1 onSuccess
INFO: New Caching Service registered
2018/10/07 15:25:19 - job_carga_caged - Start of job execution
2018/10/07 15:25:19 - job_carga_caged - Starting entry [ktr_carga_caged]
2018/10/07 15:25:19 - ktr_carga_caged - Loading transformation from XML file [/home/unb/MTB/ETL/ods/mtb/caged_dw/ktr_carga_caged.ktr]
out 07, 2018 3:25:19 PM org.apache.cxf.endpoint.ServerImpl initDestination
INFO: Setting the server's publish address to be /marketplace
2018/10/07 15:25:19 - ktr_carga_caged - Using run configuration [Pentaho local]
2018/10/07 15:25:19 - ktr_carga_caged - Using legacy execution engine
2018/10/07 15:25:19 - ktr_carga_caged - Dispatching started for transformation [ktr_carga_caged]
out 07, 2018 3:25:19 PM org.apache.cxf.endpoint.ServerImpl initDestination
INFO: Setting the server's publish address to be /lineage
2018/10/07 15:25:19 - Carrega tabela.0 - Connected to database [comexao_ods] (commit=100000000)
out 07, 2018 3:25:19 PM org.apache.cxf.endpoint.ServerImpl initDestination
INFO: Setting the server's publish address to be /i18n
2018/10/07 15:25:19 - Le Arquivo.0 - Header row skipped in file '/mnt/unb/bases_mte/CAGED/CAGED_TRABALHADOR_AJUSTADO_082017.txt'
SLF4J: Class path contains multiple SLF4J bindings.
SLF4J: Found binding in [jar:file:/opt/data-integration/launcher/../lib/slf4j-log4j12-1.7.7.jar!/org/slf4j/impl/StaticLoggerBinder.class]
SLF4J: Found binding in [jar:file:/opt/data-integration/plugins/pentaho-big-data-plugin/lib/slf4j-log4j12-1.7.7.jar!/org/slf4j/impl/StaticLoggerBinder.class]
SLF4J: See http://www.slf4j.org/codes.html#multiple_bindings for an explanation.
SLF4J: Actual binding is of type [org.slf4j.impl.Log4jLoggerFactory]
2018/10/07 15:25:21 - Le Arquivo.0 - Line number : 50000
2018/10/07 15:25:21 - Separa Ano e Mes.0 - Linenr 50000
2018/10/07 15:25:28 - Le Arquivo.0 - Line number : 100000
2018/10/07 15:25:32 - Separa Ano e Mes.0 - Linenr 100000
2018/10/07 15:25:36 - Select values.0 - linenr 50000
2018/10/07 15:25:40 - Carrega tabela.0 - linenr 50000
2018/10/07 15:25:48 - Le Arquivo.0 - Line number : 150000
2018/10/07 15:25:52 - Separa Ano e Mes.0 - Linenr 150000
2018/10/07 15:25:55 - Select values.0 - linenr 100000
2018/10/07 15:25:59 - Carrega tabela.0 - linenr 100000
2018/10/07 15:26:07 - Le Arquivo.0 - Line number : 200000
2018/10/07 15:26:11 - Separa Ano e Mes.0 - Linenr 200000
2018/10/07 15:26:14 - Select values.0 - linenr 150000
2018/10/07 15:26:18 - Carrega tabela.0 - linenr 150000
2018/10/07 15:26:26 - Le Arquivo.0 - Line number : 250000
2018/10/07 15:26:30 - Separa Ano e Mes.0 - Linenr 250000
2018/10/07 15:26:34 - Select values.0 - linenr 200000
2018/10/07 15:26:38 - Carrega tabela.0 - linenr 200000
2018/10/07 15:26:46 - Le Arquivo.0 - Line number : 300000
2018/10/07 15:26:50 - Separa Ano e Mes.0 - Linenr 300000
2018/10/07 15:26:53 - Select values.0 - linenr 250000
2018/10/07 15:26:57 - Carrega tabela.0 - linenr 250000
2018/10/07 15:27:05 - Le Arquivo.0 - Line number : 350000
2018/10/07 15:27:09 - Separa Ano e Mes.0 - Linenr 350000
2018/10/07 15:27:13 - Select values.0 - linenr 300000
2018/10/07 15:27:17 - Carrega tabela.0 - linenr 300000
2018/10/07 15:27:25 - Le Arquivo.0 - Line number : 400000
2018/10/07 15:27:29 - Separa Ano e Mes.0 - Linenr 400000
2018/10/07 15:27:32 - Select values.0 - linenr 350000
2018/10/07 15:27:36 - Carrega tabela.0 - linenr 350000
2018/10/07 15:27:44 - Le Arquivo.0 - Line number : 450000
2018/10/07 15:27:48 - Separa Ano e Mes.0 - Linenr 450000
2018/10/07 15:27:51 - Select values.0 - linenr 400000
2018/10/07 15:27:55 - Carrega tabela.0 - linenr 400000
2018/10/07 15:28:03 - Le Arquivo.0 - Line number : 500000
2018/10/07 15:28:07 - Separa Ano e Mes.0 - Linenr 500000
2018/10/07 15:28:11 - Select values.0 - linenr 450000
2018/10/07 15:28:15 - Carrega tabela.0 - linenr 450000
2018/10/07 15:28:23 - Le Arquivo.0 - Line number : 550000
2018/10/07 15:28:26 - Separa Ano e Mes.0 - Linenr 550000
2018/10/07 15:28:30 - Select values.0 - linenr 500000
2018/10/07 15:28:34 - Carrega tabela.0 - linenr 500000
2018/10/07 15:28:42 - Le Arquivo.0 - Line number : 600000
2018/10/07 15:28:45 - Separa Ano e Mes.0 - Linenr 600000
2018/10/07 15:28:49 - Select values.0 - linenr 550000
2018/10/07 15:28:53 - Carrega tabela.0 - linenr 550000
2018/10/07 15:29:01 - Le Arquivo.0 - Line number : 650000
2018/10/07 15:29:05 - Separa Ano e Mes.0 - Linenr 650000
2018/10/07 15:29:08 - Select values.0 - linenr 600000
2018/10/07 15:29:12 - Carrega tabela.0 - linenr 600000
2018/10/07 15:29:20 - Le Arquivo.0 - Line number : 700000
2018/10/07 15:29:24 - Separa Ano e Mes.0 - Linenr 700000
2018/10/07 15:29:28 - Select values.0 - linenr 650000
2018/10/07 15:29:32 - Carrega tabela.0 - linenr 650000
2018/10/07 15:29:40 - Le Arquivo.0 - Line number : 750000
2018/10/07 15:29:44 - Separa Ano e Mes.0 - Linenr 750000
2018/10/07 15:29:47 - Select values.0 - linenr 700000
2018/10/07 15:29:51 - Carrega tabela.0 - linenr 700000
2018/10/07 15:29:59 - Le Arquivo.0 - Line number : 800000
2018/10/07 15:30:03 - Separa Ano e Mes.0 - Linenr 800000
2018/10/07 15:30:07 - Select values.0 - linenr 750000
2018/10/07 15:30:11 - Carrega tabela.0 - linenr 750000
2018/10/07 15:30:19 - Le Arquivo.0 - Line number : 850000
2018/10/07 15:30:23 - Separa Ano e Mes.0 - Linenr 850000
2018/10/07 15:30:27 - Select values.0 - linenr 800000
2018/10/07 15:30:31 - Carrega tabela.0 - linenr 800000
2018/10/07 15:30:39 - Le Arquivo.0 - Line number : 900000
2018/10/07 15:30:43 - Separa Ano e Mes.0 - Linenr 900000
2018/10/07 15:30:46 - Select values.0 - linenr 850000
2018/10/07 15:30:50 - Carrega tabela.0 - linenr 850000
2018/10/07 15:30:58 - Le Arquivo.0 - Line number : 950000
2018/10/07 15:31:02 - Separa Ano e Mes.0 - Linenr 950000
2018/10/07 15:31:05 - Select values.0 - linenr 900000
2018/10/07 15:31:09 - Carrega tabela.0 - linenr 900000
2018/10/07 15:31:17 - Le Arquivo.0 - Line number : 1000000
2018/10/07 15:31:21 - Separa Ano e Mes.0 - Linenr 1000000
2018/10/07 15:31:25 - Select values.0 - linenr 950000
2018/10/07 15:31:28 - Carrega tabela.0 - linenr 950000
2018/10/07 15:31:36 - Le Arquivo.0 - Line number : 1050000
2018/10/07 15:31:40 - Separa Ano e Mes.0 - Linenr 1050000
2018/10/07 15:31:44 - Select values.0 - linenr 1000000
2018/10/07 15:31:48 - Carrega tabela.0 - linenr 1000000
2018/10/07 15:31:56 - Le Arquivo.0 - Line number : 1100000
2018/10/07 15:31:59 - Separa Ano e Mes.0 - Linenr 1100000
2018/10/07 15:32:03 - Select values.0 - linenr 1050000
2018/10/07 15:32:07 - Carrega tabela.0 - linenr 1050000
2018/10/07 15:32:15 - Le Arquivo.0 - Line number : 1150000
2018/10/07 15:32:19 - Separa Ano e Mes.0 - Linenr 1150000
2018/10/07 15:32:22 - Select values.0 - linenr 1100000
2018/10/07 15:32:26 - Carrega tabela.0 - linenr 1100000
2018/10/07 15:32:34 - Le Arquivo.0 - Line number : 1200000
2018/10/07 15:32:38 - Separa Ano e Mes.0 - Linenr 1200000
2018/10/07 15:32:42 - Select values.0 - linenr 1150000
2018/10/07 15:32:46 - Carrega tabela.0 - linenr 1150000
2018/10/07 15:32:54 - Le Arquivo.0 - Line number : 1250000
2018/10/07 15:32:58 - Separa Ano e Mes.0 - Linenr 1250000
2018/10/07 15:33:01 - Select values.0 - linenr 1200000
2018/10/07 15:33:05 - Carrega tabela.0 - linenr 1200000
2018/10/07 15:33:13 - Le Arquivo.0 - Line number : 1300000
2018/10/07 15:33:17 - Separa Ano e Mes.0 - Linenr 1300000
2018/10/07 15:33:20 - Select values.0 - linenr 1250000
2018/10/07 15:33:24 - Carrega tabela.0 - linenr 1250000
2018/10/07 15:33:32 - Le Arquivo.0 - Line number : 1350000
2018/10/07 15:33:36 - Separa Ano e Mes.0 - Linenr 1350000
2018/10/07 15:33:39 - Select values.0 - linenr 1300000
2018/10/07 15:33:43 - Carrega tabela.0 - linenr 1300000
2018/10/07 15:33:51 - Le Arquivo.0 - Line number : 1400000
2018/10/07 15:33:55 - Separa Ano e Mes.0 - Linenr 1400000
2018/10/07 15:33:59 - Select values.0 - linenr 1350000
2018/10/07 15:34:02 - Carrega tabela.0 - linenr 1350000
2018/10/07 15:34:10 - Le Arquivo.0 - Line number : 1450000
2018/10/07 15:34:14 - Separa Ano e Mes.0 - Linenr 1450000
2018/10/07 15:34:18 - Select values.0 - linenr 1400000
2018/10/07 15:34:22 - Carrega tabela.0 - linenr 1400000
2018/10/07 15:34:30 - Le Arquivo.0 - Line number : 1500000
2018/10/07 15:34:34 - Separa Ano e Mes.0 - Linenr 1500000
2018/10/07 15:34:37 - Select values.0 - linenr 1450000
2018/10/07 15:34:41 - Carrega tabela.0 - linenr 1450000
2018/10/07 15:34:49 - Le Arquivo.0 - Line number : 1550000
2018/10/07 15:34:53 - Separa Ano e Mes.0 - Linenr 1550000
2018/10/07 15:34:57 - Select values.0 - linenr 1500000
2018/10/07 15:35:01 - Carrega tabela.0 - linenr 1500000
2018/10/07 15:35:09 - Le Arquivo.0 - Line number : 1600000
2018/10/07 15:35:13 - Separa Ano e Mes.0 - Linenr 1600000
2018/10/07 15:35:16 - Select values.0 - linenr 1550000
2018/10/07 15:35:20 - Carrega tabela.0 - linenr 1550000
2018/10/07 15:35:28 - Le Arquivo.0 - Line number : 1650000
2018/10/07 15:35:32 - Separa Ano e Mes.0 - Linenr 1650000
2018/10/07 15:35:36 - Select values.0 - linenr 1600000
2018/10/07 15:35:40 - Carrega tabela.0 - linenr 1600000
2018/10/07 15:35:48 - Le Arquivo.0 - Line number : 1700000
2018/10/07 15:35:52 - Separa Ano e Mes.0 - Linenr 1700000
2018/10/07 15:35:55 - Select values.0 - linenr 1650000
2018/10/07 15:35:59 - Carrega tabela.0 - linenr 1650000
2018/10/07 15:36:07 - Le Arquivo.0 - Line number : 1750000
2018/10/07 15:36:11 - Separa Ano e Mes.0 - Linenr 1750000
2018/10/07 15:36:15 - Select values.0 - linenr 1700000
2018/10/07 15:36:19 - Carrega tabela.0 - linenr 1700000
2018/10/07 15:36:27 - Le Arquivo.0 - Line number : 1800000
2018/10/07 15:36:31 - Separa Ano e Mes.0 - Linenr 1800000
2018/10/07 15:36:34 - Select values.0 - linenr 1750000
2018/10/07 15:36:38 - Carrega tabela.0 - linenr 1750000
2018/10/07 15:36:46 - Le Arquivo.0 - Line number : 1850000
2018/10/07 15:36:50 - Separa Ano e Mes.0 - Linenr 1850000
2018/10/07 15:36:54 - Select values.0 - linenr 1800000
2018/10/07 15:36:58 - Carrega tabela.0 - linenr 1800000
2018/10/07 15:37:06 - Le Arquivo.0 - Line number : 1900000
2018/10/07 15:37:10 - Separa Ano e Mes.0 - Linenr 1900000
2018/10/07 15:37:13 - Select values.0 - linenr 1850000
2018/10/07 15:37:17 - Carrega tabela.0 - linenr 1850000
2018/10/07 15:37:25 - Le Arquivo.0 - Line number : 1950000
2018/10/07 15:37:29 - Separa Ano e Mes.0 - Linenr 1950000
2018/10/07 15:37:33 - Select values.0 - linenr 1900000
2018/10/07 15:37:36 - Carrega tabela.0 - linenr 1900000
2018/10/07 15:37:44 - Le Arquivo.0 - Line number : 2000000
2018/10/07 15:37:48 - Separa Ano e Mes.0 - Linenr 2000000
2018/10/07 15:37:52 - Select values.0 - linenr 1950000
2018/10/07 15:37:56 - Carrega tabela.0 - linenr 1950000
2018/10/07 15:38:04 - Le Arquivo.0 - Line number : 2050000
2018/10/07 15:38:07 - Separa Ano e Mes.0 - Linenr 2050000
2018/10/07 15:38:11 - Select values.0 - linenr 2000000
2018/10/07 15:38:15 - Carrega tabela.0 - linenr 2000000
2018/10/07 15:38:23 - Le Arquivo.0 - Line number : 2100000
2018/10/07 15:38:27 - Separa Ano e Mes.0 - Linenr 2100000
2018/10/07 15:38:30 - Select values.0 - linenr 2050000
2018/10/07 15:38:34 - Carrega tabela.0 - linenr 2050000
2018/10/07 15:38:42 - Le Arquivo.0 - Line number : 2150000
2018/10/07 15:38:46 - Separa Ano e Mes.0 - Linenr 2150000
2018/10/07 15:38:50 - Select values.0 - linenr 2100000
2018/10/07 15:38:53 - Carrega tabela.0 - linenr 2100000
2018/10/07 15:39:01 - Le Arquivo.0 - Line number : 2200000
2018/10/07 15:39:05 - Separa Ano e Mes.0 - Linenr 2200000
2018/10/07 15:39:09 - Select values.0 - linenr 2150000
2018/10/07 15:39:13 - Carrega tabela.0 - linenr 2150000
2018/10/07 15:39:21 - Le Arquivo.0 - Line number : 2250000
2018/10/07 15:39:25 - Separa Ano e Mes.0 - Linenr 2250000
2018/10/07 15:39:28 - Select values.0 - linenr 2200000
2018/10/07 15:39:32 - Carrega tabela.0 - linenr 2200000
2018/10/07 15:39:40 - Le Arquivo.0 - Line number : 2300000
2018/10/07 15:39:44 - Separa Ano e Mes.0 - Linenr 2300000
2018/10/07 15:39:47 - Select values.0 - linenr 2250000
2018/10/07 15:39:51 - Carrega tabela.0 - linenr 2250000
2018/10/07 15:39:59 - Le Arquivo.0 - Line number : 2350000
2018/10/07 15:40:03 - Separa Ano e Mes.0 - Linenr 2350000
2018/10/07 15:40:06 - Select values.0 - linenr 2300000
2018/10/07 15:40:10 - Carrega tabela.0 - linenr 2300000
2018/10/07 15:40:18 - Le Arquivo.0 - Line number : 2400000
2018/10/07 15:40:22 - Separa Ano e Mes.0 - Linenr 2400000
2018/10/07 15:40:26 - Select values.0 - linenr 2350000
2018/10/07 15:40:30 - Carrega tabela.0 - linenr 2350000
2018/10/07 15:40:38 - Le Arquivo.0 - Line number : 2450000
2018/10/07 15:40:42 - Separa Ano e Mes.0 - Linenr 2450000
2018/10/07 15:40:46 - Select values.0 - linenr 2400000
2018/10/07 15:40:49 - Carrega tabela.0 - linenr 2400000
2018/10/07 15:40:57 - Le Arquivo.0 - Line number : 2500000
2018/10/07 15:41:01 - Separa Ano e Mes.0 - Linenr 2500000
2018/10/07 15:41:05 - Select values.0 - linenr 2450000
2018/10/07 15:41:09 - Carrega tabela.0 - linenr 2450000
2018/10/07 15:41:17 - Le Arquivo.0 - Line number : 2550000
2018/10/07 15:41:21 - Separa Ano e Mes.0 - Linenr 2550000
2018/10/07 15:41:24 - Select values.0 - linenr 2500000
2018/10/07 15:41:28 - Carrega tabela.0 - linenr 2500000
2018/10/07 15:41:36 - Le Arquivo.0 - Line number : 2600000
2018/10/07 15:41:40 - Separa Ano e Mes.0 - Linenr 2600000
2018/10/07 15:41:44 - Select values.0 - linenr 2550000
2018/10/07 15:41:48 - Carrega tabela.0 - linenr 2550000
2018/10/07 15:41:56 - Le Arquivo.0 - Line number : 2650000
2018/10/07 15:42:00 - Separa Ano e Mes.0 - Linenr 2650000
2018/10/07 15:42:03 - Select values.0 - linenr 2600000
2018/10/07 15:42:07 - Carrega tabela.0 - linenr 2600000
2018/10/07 15:42:15 - Le Arquivo.0 - Line number : 2700000
2018/10/07 15:42:19 - Separa Ano e Mes.0 - Linenr 2700000
2018/10/07 15:42:22 - Select values.0 - linenr 2650000
2018/10/07 15:42:26 - Carrega tabela.0 - linenr 2650000
2018/10/07 15:42:34 - Le Arquivo.0 - Line number : 2750000
2018/10/07 15:42:38 - Separa Ano e Mes.0 - Linenr 2750000
2018/10/07 15:42:42 - Select values.0 - linenr 2700000
2018/10/07 15:42:45 - Carrega tabela.0 - linenr 2700000
2018/10/07 15:42:53 - Le Arquivo.0 - Line number : 2800000
2018/10/07 15:42:57 - Separa Ano e Mes.0 - Linenr 2800000
2018/10/07 15:43:01 - Select values.0 - linenr 2750000
2018/10/07 15:43:05 - Carrega tabela.0 - linenr 2750000
2018/10/07 15:43:13 - Le Arquivo.0 - Line number : 2850000
2018/10/07 15:43:17 - Separa Ano e Mes.0 - Linenr 2850000
2018/10/07 15:43:20 - Select values.0 - linenr 2800000
2018/10/07 15:43:24 - Carrega tabela.0 - linenr 2800000
2018/10/07 15:43:32 - Le Arquivo.0 - Line number : 2900000
2018/10/07 15:43:36 - Separa Ano e Mes.0 - Linenr 2900000
2018/10/07 15:43:40 - Select values.0 - linenr 2850000
2018/10/07 15:43:43 - Carrega tabela.0 - linenr 2850000
2018/10/07 15:43:51 - Le Arquivo.0 - Line number : 2950000
2018/10/07 15:43:55 - Separa Ano e Mes.0 - Linenr 2950000
2018/10/07 15:43:59 - Select values.0 - linenr 2900000
2018/10/07 15:44:03 - Carrega tabela.0 - linenr 2900000
2018/10/07 15:44:11 - Le Arquivo.0 - Line number : 3000000
2018/10/07 15:44:15 - Separa Ano e Mes.0 - Linenr 3000000
2018/10/07 15:44:18 - Select values.0 - linenr 2950000
2018/10/07 15:44:22 - Carrega tabela.0 - linenr 2950000
2018/10/07 15:44:30 - Le Arquivo.0 - Line number : 3050000
2018/10/07 15:44:34 - Separa Ano e Mes.0 - Linenr 3050000
2018/10/07 15:44:38 - Select values.0 - linenr 3000000
2018/10/07 15:44:41 - Carrega tabela.0 - linenr 3000000
2018/10/07 15:44:49 - Le Arquivo.0 - Line number : 3100000
2018/10/07 15:44:53 - Separa Ano e Mes.0 - Linenr 3100000
2018/10/07 15:44:57 - Select values.0 - linenr 3050000
2018/10/07 15:45:01 - Carrega tabela.0 - linenr 3050000
2018/10/07 15:45:09 - Le Arquivo.0 - Line number : 3150000
2018/10/07 15:45:13 - Separa Ano e Mes.0 - Linenr 3150000
2018/10/07 15:45:16 - Select values.0 - linenr 3100000
2018/10/07 15:45:20 - Carrega tabela.0 - linenr 3100000
2018/10/07 15:45:28 - Le Arquivo.0 - Line number : 3200000
2018/10/07 15:45:32 - Separa Ano e Mes.0 - Linenr 3200000
2018/10/07 15:45:36 - Select values.0 - linenr 3150000
2018/10/07 15:45:40 - Carrega tabela.0 - linenr 3150000
2018/10/07 15:45:48 - Le Arquivo.0 - Line number : 3250000
2018/10/07 15:45:51 - Separa Ano e Mes.0 - Linenr 3250000
2018/10/07 15:45:55 - Select values.0 - linenr 3200000
2018/10/07 15:45:59 - Carrega tabela.0 - linenr 3200000
2018/10/07 15:46:07 - Le Arquivo.0 - Line number : 3300000
2018/10/07 15:46:11 - Separa Ano e Mes.0 - Linenr 3300000
2018/10/07 15:46:14 - Select values.0 - linenr 3250000
2018/10/07 15:46:18 - Carrega tabela.0 - linenr 3250000
2018/10/07 15:46:26 - Le Arquivo.0 - Line number : 3350000
2018/10/07 15:46:30 - Separa Ano e Mes.0 - Linenr 3350000
2018/10/07 15:46:33 - Select values.0 - linenr 3300000
2018/10/07 15:46:37 - Carrega tabela.0 - linenr 3300000
2018/10/07 15:46:45 - Le Arquivo.0 - Line number : 3400000
2018/10/07 15:46:49 - Separa Ano e Mes.0 - Linenr 3400000
2018/10/07 15:46:53 - Select values.0 - linenr 3350000
2018/10/07 15:46:57 - Carrega tabela.0 - linenr 3350000
2018/10/07 15:47:05 - Le Arquivo.0 - Line number : 3450000
2018/10/07 15:47:09 - Separa Ano e Mes.0 - Linenr 3450000
2018/10/07 15:47:12 - Select values.0 - linenr 3400000
2018/10/07 15:47:16 - Carrega tabela.0 - linenr 3400000
2018/10/07 15:47:24 - Le Arquivo.0 - Line number : 3500000
2018/10/07 15:47:28 - Separa Ano e Mes.0 - Linenr 3500000
2018/10/07 15:47:32 - Select values.0 - linenr 3450000
2018/10/07 15:47:35 - Carrega tabela.0 - linenr 3450000
2018/10/07 15:47:43 - Le Arquivo.0 - Line number : 3550000
2018/10/07 15:47:47 - Separa Ano e Mes.0 - Linenr 3550000
2018/10/07 15:47:51 - Select values.0 - linenr 3500000
2018/10/07 15:47:55 - Carrega tabela.0 - linenr 3500000
2018/10/07 15:48:03 - Le Arquivo.0 - Line number : 3600000
2018/10/07 15:48:07 - Separa Ano e Mes.0 - Linenr 3600000
2018/10/07 15:48:10 - Select values.0 - linenr 3550000
2018/10/07 15:48:14 - Carrega tabela.0 - linenr 3550000
2018/10/07 15:48:22 - Le Arquivo.0 - Line number : 3650000
2018/10/07 15:48:26 - Separa Ano e Mes.0 - Linenr 3650000
2018/10/07 15:48:29 - Select values.0 - linenr 3600000
2018/10/07 15:48:33 - Carrega tabela.0 - linenr 3600000
2018/10/07 15:48:41 - Le Arquivo.0 - Line number : 3700000
2018/10/07 15:48:45 - Separa Ano e Mes.0 - Linenr 3700000
2018/10/07 15:48:49 - Select values.0 - linenr 3650000
2018/10/07 15:48:53 - Carrega tabela.0 - linenr 3650000
2018/10/07 15:49:01 - Le Arquivo.0 - Line number : 3750000
2018/10/07 15:49:05 - Separa Ano e Mes.0 - Linenr 3750000
2018/10/07 15:49:08 - Select values.0 - linenr 3700000
2018/10/07 15:49:12 - Carrega tabela.0 - linenr 3700000
2018/10/07 15:49:20 - Le Arquivo.0 - Line number : 3800000
2018/10/07 15:49:24 - Separa Ano e Mes.0 - Linenr 3800000
2018/10/07 15:49:28 - Select values.0 - linenr 3750000
2018/10/07 15:49:32 - Carrega tabela.0 - linenr 3750000
2018/10/07 15:49:40 - Le Arquivo.0 - Line number : 3850000
2018/10/07 15:49:44 - Separa Ano e Mes.0 - Linenr 3850000
2018/10/07 15:49:47 - Select values.0 - linenr 3800000
2018/10/07 15:49:51 - Carrega tabela.0 - linenr 3800000
2018/10/07 15:49:59 - Le Arquivo.0 - Line number : 3900000
2018/10/07 15:50:03 - Separa Ano e Mes.0 - Linenr 3900000
2018/10/07 15:50:06 - Select values.0 - linenr 3850000
2018/10/07 15:50:10 - Carrega tabela.0 - linenr 3850000
2018/10/07 15:50:18 - Le Arquivo.0 - Line number : 3950000
2018/10/07 15:50:22 - Separa Ano e Mes.0 - Linenr 3950000
2018/10/07 15:50:26 - Select values.0 - linenr 3900000
2018/10/07 15:50:30 - Carrega tabela.0 - linenr 3900000
2018/10/07 15:50:38 - Le Arquivo.0 - Line number : 4000000
2018/10/07 15:50:42 - Separa Ano e Mes.0 - Linenr 4000000
2018/10/07 15:50:45 - Select values.0 - linenr 3950000
2018/10/07 15:50:49 - Carrega tabela.0 - linenr 3950000
2018/10/07 15:50:57 - Le Arquivo.0 - Line number : 4050000
2018/10/07 15:51:01 - Separa Ano e Mes.0 - Linenr 4050000
2018/10/07 15:51:05 - Select values.0 - linenr 4000000
2018/10/07 15:51:09 - Carrega tabela.0 - linenr 4000000
2018/10/07 15:51:17 - Le Arquivo.0 - Line number : 4100000
2018/10/07 15:51:21 - Separa Ano e Mes.0 - Linenr 4100000
2018/10/07 15:51:24 - Select values.0 - linenr 4050000
2018/10/07 15:51:28 - Carrega tabela.0 - linenr 4050000
2018/10/07 15:51:36 - Le Arquivo.0 - Line number : 4150000
2018/10/07 15:51:40 - Separa Ano e Mes.0 - Linenr 4150000
2018/10/07 15:51:44 - Select values.0 - linenr 4100000
2018/10/07 15:51:48 - Carrega tabela.0 - linenr 4100000
2018/10/07 15:51:56 - Le Arquivo.0 - Line number : 4200000
2018/10/07 15:52:00 - Separa Ano e Mes.0 - Linenr 4200000
2018/10/07 15:52:03 - Select values.0 - linenr 4150000
2018/10/07 15:52:07 - Carrega tabela.0 - linenr 4150000
2018/10/07 15:52:15 - Le Arquivo.0 - Line number : 4250000
2018/10/07 15:52:19 - Separa Ano e Mes.0 - Linenr 4250000
2018/10/07 15:52:23 - Select values.0 - linenr 4200000
2018/10/07 15:52:26 - Carrega tabela.0 - linenr 4200000
2018/10/07 15:52:35 - Le Arquivo.0 - Line number : 4300000
2018/10/07 15:52:38 - Separa Ano e Mes.0 - Linenr 4300000
2018/10/07 15:52:42 - Select values.0 - linenr 4250000
2018/10/07 15:52:46 - Carrega tabela.0 - linenr 4250000
2018/10/07 15:52:54 - Le Arquivo.0 - Line number : 4350000
2018/10/07 15:52:58 - Separa Ano e Mes.0 - Linenr 4350000
2018/10/07 15:53:01 - Select values.0 - linenr 4300000
2018/10/07 15:53:05 - Carrega tabela.0 - linenr 4300000
2018/10/07 15:53:13 - Le Arquivo.0 - Line number : 4400000
2018/10/07 15:53:17 - Separa Ano e Mes.0 - Linenr 4400000
2018/10/07 15:53:21 - Select values.0 - linenr 4350000
2018/10/07 15:53:24 - Carrega tabela.0 - linenr 4350000
2018/10/07 15:53:33 - Le Arquivo.0 - Line number : 4450000
2018/10/07 15:53:36 - Separa Ano e Mes.0 - Linenr 4450000
2018/10/07 15:53:40 - Select values.0 - linenr 4400000
2018/10/07 15:53:44 - Carrega tabela.0 - linenr 4400000
2018/10/07 15:53:52 - Le Arquivo.0 - Line number : 4500000
2018/10/07 15:53:56 - Separa Ano e Mes.0 - Linenr 4500000
2018/10/07 15:54:00 - Select values.0 - linenr 4450000
2018/10/07 15:54:03 - Carrega tabela.0 - linenr 4450000
2018/10/07 15:54:11 - Le Arquivo.0 - Line number : 4550000
2018/10/07 15:54:15 - Separa Ano e Mes.0 - Linenr 4550000
2018/10/07 15:54:19 - Select values.0 - linenr 4500000
2018/10/07 15:54:23 - Carrega tabela.0 - linenr 4500000
2018/10/07 15:54:31 - Le Arquivo.0 - Line number : 4600000
2018/10/07 15:54:34 - Separa Ano e Mes.0 - Linenr 4600000
2018/10/07 15:54:38 - Select values.0 - linenr 4550000
2018/10/07 15:54:42 - Carrega tabela.0 - linenr 4550000
2018/10/07 15:54:50 - Le Arquivo.0 - Line number : 4650000
2018/10/07 15:54:54 - Separa Ano e Mes.0 - Linenr 4650000
2018/10/07 15:54:58 - Select values.0 - linenr 4600000
2018/10/07 15:55:01 - Carrega tabela.0 - linenr 4600000
2018/10/07 15:55:09 - Le Arquivo.0 - Line number : 4700000
2018/10/07 15:55:13 - Separa Ano e Mes.0 - Linenr 4700000
2018/10/07 15:55:17 - Select values.0 - linenr 4650000
2018/10/07 15:55:21 - Carrega tabela.0 - linenr 4650000
2018/10/07 15:55:29 - Le Arquivo.0 - Line number : 4750000
2018/10/07 15:55:33 - Separa Ano e Mes.0 - Linenr 4750000
2018/10/07 15:55:36 - Select values.0 - linenr 4700000
2018/10/07 15:55:40 - Carrega tabela.0 - linenr 4700000
2018/10/07 15:55:48 - Le Arquivo.0 - Line number : 4800000
2018/10/07 15:55:52 - Separa Ano e Mes.0 - Linenr 4800000
2018/10/07 15:55:56 - Select values.0 - linenr 4750000
2018/10/07 15:56:00 - Carrega tabela.0 - linenr 4750000
2018/10/07 15:56:08 - Le Arquivo.0 - Line number : 4850000
2018/10/07 15:56:12 - Separa Ano e Mes.0 - Linenr 4850000
2018/10/07 15:56:15 - Select values.0 - linenr 4800000
2018/10/07 15:56:19 - Carrega tabela.0 - linenr 4800000
2018/10/07 15:56:27 - Le Arquivo.0 - Line number : 4900000
2018/10/07 15:56:31 - Separa Ano e Mes.0 - Linenr 4900000
2018/10/07 15:56:34 - Select values.0 - linenr 4850000
2018/10/07 15:56:38 - Carrega tabela.0 - linenr 4850000
2018/10/07 15:56:46 - Le Arquivo.0 - Line number : 4950000
2018/10/07 15:56:50 - Separa Ano e Mes.0 - Linenr 4950000
2018/10/07 15:56:54 - Select values.0 - linenr 4900000
2018/10/07 15:56:57 - Carrega tabela.0 - linenr 4900000
2018/10/07 15:57:05 - Le Arquivo.0 - Line number : 5000000
2018/10/07 15:57:09 - Separa Ano e Mes.0 - Linenr 5000000
2018/10/07 15:57:13 - Select values.0 - linenr 4950000
2018/10/07 15:57:17 - Carrega tabela.0 - linenr 4950000
2018/10/07 15:57:25 - Le Arquivo.0 - Line number : 5050000
2018/10/07 15:57:29 - Separa Ano e Mes.0 - Linenr 5050000
2018/10/07 15:57:33 - Select values.0 - linenr 5000000
2018/10/07 15:57:36 - Carrega tabela.0 - linenr 5000000
2018/10/07 15:57:44 - Le Arquivo.0 - Line number : 5100000
2018/10/07 15:57:48 - Separa Ano e Mes.0 - Linenr 5100000
2018/10/07 15:57:52 - Select values.0 - linenr 5050000
2018/10/07 15:57:55 - Carrega tabela.0 - linenr 5050000
2018/10/07 15:58:03 - Le Arquivo.0 - Line number : 5150000
2018/10/07 15:58:07 - Separa Ano e Mes.0 - Linenr 5150000
2018/10/07 15:58:11 - Select values.0 - linenr 5100000
2018/10/07 15:58:15 - Carrega tabela.0 - linenr 5100000
2018/10/07 15:58:22 - Le Arquivo.0 - Line number : 5200000
2018/10/07 15:58:26 - Separa Ano e Mes.0 - Linenr 5200000
2018/10/07 15:58:30 - Select values.0 - linenr 5150000
2018/10/07 15:58:34 - Carrega tabela.0 - linenr 5150000
2018/10/07 15:58:42 - Le Arquivo.0 - Line number : 5250000
2018/10/07 15:58:46 - Separa Ano e Mes.0 - Linenr 5250000
2018/10/07 15:58:49 - Select values.0 - linenr 5200000
2018/10/07 15:58:53 - Carrega tabela.0 - linenr 5200000
2018/10/07 15:59:01 - Le Arquivo.0 - Line number : 5300000
2018/10/07 15:59:05 - Separa Ano e Mes.0 - Linenr 5300000
2018/10/07 15:59:08 - Select values.0 - linenr 5250000
2018/10/07 15:59:12 - Carrega tabela.0 - linenr 5250000
2018/10/07 15:59:20 - Le Arquivo.0 - Line number : 5350000
2018/10/07 15:59:24 - Separa Ano e Mes.0 - Linenr 5350000
2018/10/07 15:59:28 - Select values.0 - linenr 5300000
2018/10/07 15:59:32 - Carrega tabela.0 - linenr 5300000
2018/10/07 15:59:40 - Le Arquivo.0 - Line number : 5400000
2018/10/07 15:59:44 - Separa Ano e Mes.0 - Linenr 5400000
2018/10/07 15:59:48 - Select values.0 - linenr 5350000
2018/10/07 15:59:52 - Carrega tabela.0 - linenr 5350000
2018/10/07 16:00:00 - Le Arquivo.0 - Line number : 5450000
2018/10/07 16:00:04 - Separa Ano e Mes.0 - Linenr 5450000
2018/10/07 16:00:08 - Select values.0 - linenr 5400000
2018/10/07 16:00:11 - Carrega tabela.0 - linenr 5400000
2018/10/07 16:00:20 - Le Arquivo.0 - Line number : 5500000
2018/10/07 16:00:24 - Separa Ano e Mes.0 - Linenr 5500000
2018/10/07 16:00:27 - Select values.0 - linenr 5450000
2018/10/07 16:00:31 - Carrega tabela.0 - linenr 5450000
2018/10/07 16:00:39 - Le Arquivo.0 - Line number : 5550000
2018/10/07 16:00:43 - Separa Ano e Mes.0 - Linenr 5550000
2018/10/07 16:00:46 - Select values.0 - linenr 5500000
2018/10/07 16:00:50 - Carrega tabela.0 - linenr 5500000
2018/10/07 16:00:58 - Le Arquivo.0 - Line number : 5600000
2018/10/07 16:01:02 - Separa Ano e Mes.0 - Linenr 5600000
2018/10/07 16:01:06 - Select values.0 - linenr 5550000
2018/10/07 16:01:10 - Carrega tabela.0 - linenr 5550000
2018/10/07 16:01:18 - Le Arquivo.0 - Line number : 5650000
2018/10/07 16:01:22 - Separa Ano e Mes.0 - Linenr 5650000
2018/10/07 16:01:25 - Select values.0 - linenr 5600000
2018/10/07 16:01:29 - Carrega tabela.0 - linenr 5600000
2018/10/07 16:01:37 - Le Arquivo.0 - Line number : 5700000
2018/10/07 16:01:41 - Separa Ano e Mes.0 - Linenr 5700000
2018/10/07 16:01:45 - Select values.0 - linenr 5650000
2018/10/07 16:01:49 - Carrega tabela.0 - linenr 5650000
2018/10/07 16:01:57 - Le Arquivo.0 - Line number : 5750000
2018/10/07 16:02:01 - Separa Ano e Mes.0 - Linenr 5750000
2018/10/07 16:02:04 - Select values.0 - linenr 5700000
2018/10/07 16:02:07 - Le Arquivo.0 - Finished processing (I=5776940, O=0, R=0, W=5776939, U=0, E=0)
2018/10/07 16:02:08 - Carrega tabela.0 - linenr 5700000
2018/10/07 16:02:11 - Separa Ano e Mes.0 - Finished processing (I=0, O=0, R=5776939, W=5776939, U=0, E=0)
2018/10/07 16:02:15 - Corrige sal_mensal_declarado.0 - Finished processing (I=0, O=0, R=5776939, W=5776939, U=0, E=0)
2018/10/07 16:02:19 - Corrige CBO.0 - Finished processing (I=0, O=0, R=5776939, W=5776939, U=0, E=0)
2018/10/07 16:02:23 - corige_dia_mov.0 - Finished processing (I=0, O=0, R=5776939, W=5776939, U=0, E=0)
2018/10/07 16:02:24 - Select values.0 - linenr 5750000
2018/10/07 16:02:26 - Corrige CNAE1.0 - Finished processing (I=0, O=0, R=5776939, W=5776939, U=0, E=0)
2018/10/07 16:02:27 - Carrega tabela.0 - linenr 5750000
2018/10/07 16:02:30 - Corrige grau instrucao.0 - Finished processing (I=0, O=0, R=5776939, W=5776939, U=0, E=0)
2018/10/07 16:02:34 - Select values.0 - Finished processing (I=0, O=0, R=5776939, W=5776939, U=0, E=0)
2018/10/07 16:02:37 - Carrega tabela.0 - Finished processing (I=0, O=5776939, R=5776939, W=5776939, U=0, E=0)
2018/10/07 16:02:37 - job_carga_caged - Starting entry [Success]
2018/10/07 16:02:37 - job_carga_caged - Finished job entry [Success] (result=[true])
2018/10/07 16:02:37 - job_carga_caged - Finished job entry [ktr_carga_caged] (result=[true])
2018/10/07 16:02:37 - job_carga_caged - Job execution finished
2018/10/07 16:02:37 - Kitchen - Finished!
2018/10/07 16:02:37 - Kitchen - Start=2018/10/07 15:25:13.565, Stop=2018/10/07 16:02:37.618
2018/10/07 16:02:37 - Kitchen - Processing ended after 37 minutes and 24 seconds (2244 seconds total).
