#######################################################################
WARNING:  no libwebkitgtk-1.0 detected, some features will be unavailable
    Consider installing the package with apt-get or yum.
    e.g. 'sudo apt-get install libwebkitgtk-1.0-0'
#######################################################################
OpenJDK 64-Bit Server VM warning: ignoring option MaxPermSize=4G; support was removed in 8.0
00:10:07,939 INFO  [KarafBoot] Checking to see if org.pentaho.clean.karaf.cache is enabled
00:10:08,035 INFO  [KarafInstance] 
*******************************************************************************
*** Karaf Instance Number: 2 at /opt/data-integration/./system/karaf/caches ***
***   /kitchen/data-1                                                       ***
*** FastBin Provider Port:52902                                             ***
*** Karaf Port:8803                                                         ***
*** OSGI Service Port:9052                                                  ***
*******************************************************************************
out 07, 2018 12:10:08 AM org.apache.karaf.main.Main$KarafLockCallback lockAquired
INFO: Lock acquired. Setting startlevel to 100
2018/10/07 00:10:08 - Kitchen - Start of run.
2018-10-07 00:10:11.354:INFO:oejs.Server:jetty-8.1.15.v20140411
2018-10-07 00:10:11.380:INFO:oejs.AbstractConnector:Started NIOSocketConnectorWrapper@0.0.0.0:9052
out 07, 2018 12:10:11 AM org.apache.cxf.bus.blueprint.NamespaceHandlerRegisterer register
INFO: Registered blueprint namespace handler for http://cxf.apache.org/blueprint/core
out 07, 2018 12:10:11 AM org.apache.cxf.bus.blueprint.NamespaceHandlerRegisterer register
INFO: Registered blueprint namespace handler for http://cxf.apache.org/configuration/beans
out 07, 2018 12:10:11 AM org.apache.cxf.bus.blueprint.NamespaceHandlerRegisterer register
INFO: Registered blueprint namespace handler for http://cxf.apache.org/configuration/parameterized-types
out 07, 2018 12:10:11 AM org.apache.cxf.bus.blueprint.NamespaceHandlerRegisterer register
INFO: Registered blueprint namespace handler for http://cxf.apache.org/configuration/security
out 07, 2018 12:10:11 AM org.apache.cxf.bus.blueprint.NamespaceHandlerRegisterer register
INFO: Registered blueprint namespace handler for http://schemas.xmlsoap.org/wsdl/
out 07, 2018 12:10:11 AM org.apache.cxf.bus.blueprint.NamespaceHandlerRegisterer register
INFO: Registered blueprint namespace handler for http://www.w3.org/2005/08/addressing
out 07, 2018 12:10:11 AM org.apache.cxf.bus.blueprint.NamespaceHandlerRegisterer register
INFO: Registered blueprint namespace handler for http://schemas.xmlsoap.org/ws/2004/08/addressing
out 07, 2018 12:10:11 AM org.apache.cxf.bus.osgi.CXFExtensionBundleListener addExtensions
INFO: Adding the extensions from bundle org.apache.cxf.cxf-rt-management (152) [org.apache.cxf.management.InstrumentationManager]
out 07, 2018 12:10:12 AM org.apache.cxf.bus.osgi.CXFExtensionBundleListener addExtensions
INFO: Adding the extensions from bundle org.apache.cxf.cxf-rt-wsdl (189) [org.apache.cxf.wsdl.WSDLManager]
out 07, 2018 12:10:12 AM org.apache.cxf.bus.osgi.CXFExtensionBundleListener addExtensions
INFO: Adding the extensions from bundle org.apache.cxf.cxf-rt-ws-policy (203) [org.apache.cxf.ws.policy.PolicyEngine, org.apache.cxf.policy.PolicyDataEngine, org.apache.cxf.ws.policy.AssertionBuilderRegistry, org.apache.cxf.ws.policy.PolicyInterceptorProviderRegistry, org.apache.cxf.ws.policy.PolicyBuilder, org.apache.cxf.ws.policy.PolicyAnnotationListener, org.apache.cxf.ws.policy.attachment.ServiceModelPolicyProvider, org.apache.cxf.ws.policy.attachment.external.DomainExpressionBuilderRegistry, org.apache.cxf.ws.policy.attachment.external.EndpointReferenceDomainExpressionBuilder, org.apache.cxf.ws.policy.attachment.external.URIDomainExpressionBuilder, org.apache.cxf.ws.policy.attachment.wsdl11.Wsdl11AttachmentPolicyProvider, org.apache.cxf.ws.policy.mtom.MTOMAssertionBuilder, org.apache.cxf.ws.policy.mtom.MTOMPolicyInterceptorProvider]
out 07, 2018 12:10:12 AM org.apache.cxf.bus.osgi.CXFExtensionBundleListener addExtensions
INFO: Adding the extensions from bundle org.apache.cxf.cxf-rt-transports-http (156) [org.apache.cxf.transport.http.HTTPTransportFactory, org.apache.cxf.transport.http.HTTPWSDLExtensionLoader, org.apache.cxf.transport.http.policy.HTTPClientAssertionBuilder, org.apache.cxf.transport.http.policy.HTTPServerAssertionBuilder, org.apache.cxf.transport.http.policy.NoOpPolicyInterceptorProvider]
out 07, 2018 12:10:12 AM org.apache.cxf.bus.blueprint.NamespaceHandlerRegisterer register
INFO: Registered blueprint namespace handler for http://cxf.apache.org/transports/http/configuration
out 07, 2018 12:10:12 AM org.apache.cxf.bus.osgi.CXFExtensionBundleListener addExtensions
INFO: Adding the extensions from bundle org.apache.cxf.cxf-rt-bindings-soap (192) [org.apache.cxf.binding.soap.SoapBindingFactory, org.apache.cxf.binding.soap.SoapTransportFactory]
out 07, 2018 12:10:12 AM org.apache.cxf.bus.blueprint.NamespaceHandlerRegisterer register
INFO: Registered blueprint namespace handler for http://cxf.apache.org/blueprint/jaxrs
out 07, 2018 12:10:12 AM org.apache.cxf.bus.blueprint.NamespaceHandlerRegisterer register
INFO: Registered blueprint namespace handler for http://cxf.apache.org/blueprint/jaxrs-client
out 07, 2018 12:10:12 AM org.apache.cxf.bus.osgi.CXFExtensionBundleListener addExtensions
INFO: Adding the extensions from bundle org.apache.cxf.cxf-rt-bindings-xml (191) [org.apache.cxf.binding.xml.XMLBindingFactory, org.apache.cxf.binding.xml.wsdl11.XMLWSDLExtensionLoader]
out 07, 2018 12:10:12 AM org.apache.cxf.bus.blueprint.NamespaceHandlerRegisterer register
INFO: Registered blueprint namespace handler for http://cxf.apache.org/blueprint/bindings/soap
out 07, 2018 12:10:12 AM org.apache.cxf.bus.blueprint.NamespaceHandlerRegisterer register
INFO: Registered blueprint namespace handler for http://cxf.apache.org/blueprint/simple
out 07, 2018 12:10:12 AM org.apache.cxf.bus.osgi.CXFExtensionBundleListener addExtensions
INFO: Adding the extensions from bundle org.apache.cxf.cxf-rt-frontend-jaxws (194) [org.apache.cxf.jaxws.context.WebServiceContextResourceResolver]
out 07, 2018 12:10:12 AM org.apache.cxf.bus.blueprint.NamespaceHandlerRegisterer register
INFO: Registered blueprint namespace handler for http://cxf.apache.org/blueprint/jaxws
out 07, 2018 12:10:12 AM org.apache.cxf.bus.blueprint.NamespaceHandlerRegisterer register
INFO: Registered blueprint namespace handler for http://cxf.apache.org/binding/coloc
out 07, 2018 12:10:12 AM org.apache.cxf.bus.osgi.CXFExtensionBundleListener addExtensions
INFO: Adding the extensions from bundle org.apache.cxf.cxf-rt-transports-local (199) [org.apache.cxf.transport.local.LocalTransportFactory]
out 07, 2018 12:10:12 AM org.apache.cxf.bus.osgi.CXFExtensionBundleListener addExtensions
INFO: Adding the extensions from bundle org.apache.cxf.cxf-rt-bindings-object (200) [org.apache.cxf.binding.object.ObjectBindingFactory]
out 07, 2018 12:10:12 AM org.apache.cxf.bus.blueprint.NamespaceHandlerRegisterer register
INFO: Registered blueprint namespace handler for http://cxf.apache.org/blueprint/binding/object
out 07, 2018 12:10:12 AM org.apache.cxf.bus.blueprint.NamespaceHandlerRegisterer register
INFO: Registered blueprint namespace handler for http://cxf.apache.org/policy
out 07, 2018 12:10:12 AM org.apache.cxf.bus.blueprint.NamespaceHandlerRegisterer register
INFO: Registered blueprint namespace handler for http://www.w3.org/ns/ws-policy
out 07, 2018 12:10:12 AM org.apache.cxf.bus.blueprint.NamespaceHandlerRegisterer register
INFO: Registered blueprint namespace handler for http://www.w3.org/2006/07/ws-policy
out 07, 2018 12:10:12 AM org.apache.cxf.bus.blueprint.NamespaceHandlerRegisterer register
INFO: Registered blueprint namespace handler for http://schemas.xmlsoap.org/ws/2004/09/policy
out 07, 2018 12:10:12 AM org.apache.cxf.bus.blueprint.NamespaceHandlerRegisterer register
INFO: Registered blueprint namespace handler for http://docs.oasis-open.org/wss/2004/01/oasis-200401-wss-wssecurity-secext-1.0.xsd
out 07, 2018 12:10:12 AM org.apache.cxf.bus.blueprint.NamespaceHandlerRegisterer register
INFO: Registered blueprint namespace handler for http://docs.oasis-open.org/wss/2004/01/oasis-200401-wss-wssecurity-utility-1.0.xsd
out 07, 2018 12:10:12 AM org.apache.cxf.bus.blueprint.NamespaceHandlerRegisterer register
INFO: Registered blueprint namespace handler for http://www.w3.org/2000/09/xmldsig#
out 07, 2018 12:10:12 AM org.apache.cxf.bus.blueprint.NamespaceHandlerRegisterer register
INFO: Registered blueprint namespace handler for http://docs.oasis-open.org/ws-sx/ws-securitypolicy/200702
out 07, 2018 12:10:12 AM org.apache.cxf.bus.osgi.CXFExtensionBundleListener addExtensions
INFO: Adding the extensions from bundle org.apache.cxf.cxf-rt-ws-addr (220) [org.apache.cxf.ws.addressing.policy.AddressingAssertionBuilder, org.apache.cxf.ws.addressing.policy.UsingAddressingAssertionBuilder, org.apache.cxf.ws.addressing.policy.AddressingPolicyInterceptorProvider, org.apache.cxf.ws.addressing.impl.AddressingWSDLExtensionLoader, org.apache.cxf.ws.addressing.WSAddressingFeature$WSAddressingFeatureApplier, org.apache.cxf.ws.addressing.MAPAggregator$MAPAggregatorLoader]
out 07, 2018 12:10:12 AM org.apache.cxf.bus.blueprint.NamespaceHandlerRegisterer register
INFO: Registered blueprint namespace handler for http://cxf.apache.org/ws/addressing
out 07, 2018 12:10:12 AM org.apache.cxf.bus.osgi.CXFExtensionBundleListener addExtensions
INFO: Adding the extensions from bundle org.apache.cxf.cxf-rt-ws-security (222) [org.apache.cxf.ws.security.policy.WSSecurityPolicyLoader, org.apache.cxf.ws.security.cache.CacheCleanupListener]
out 07, 2018 12:10:12 AM org.apache.cxf.bus.osgi.CXFExtensionBundleListener addExtensions
INFO: Adding the extensions from bundle org.apache.cxf.cxf-rt-ws-rm (224) [org.apache.cxf.ws.rm.RMManager, org.apache.cxf.ws.rm.policy.RMPolicyInterceptorProvider, org.apache.cxf.ws.rm.policy.RM10AssertionBuilder, org.apache.cxf.ws.rm.policy.RM12AssertionBuilder, org.apache.cxf.ws.rm.policy.WSRMP12PolicyLoader, org.apache.cxf.ws.rm.policy.MC11PolicyLoader, org.apache.cxf.ws.rm.policy.RSPPolicyLoader]
out 07, 2018 12:10:12 AM org.apache.cxf.bus.blueprint.NamespaceHandlerRegisterer register
INFO: Registered blueprint namespace handler for http://cxf.apache.org/ws/rm/manager
out 07, 2018 12:10:12 AM org.apache.cxf.bus.blueprint.NamespaceHandlerRegisterer register
INFO: Registered blueprint namespace handler for http://schemas.xmlsoap.org/ws/2005/02/rm/policy
out 07, 2018 12:10:12 AM org.apache.cxf.bus.osgi.CXFExtensionBundleListener addExtensions
INFO: Adding the extensions from bundle org.apache.cxf.cxf-rt-javascript (225) [org.apache.cxf.javascript.JavascriptServerListener]
out 07, 2018 12:10:12 AM org.pentaho.caching.impl.PentahoCacheManagerFactory$RegistrationHandler$1 onSuccess
INFO: New Caching Service registered
2018/10/07 00:10:14 - job_carga_caged - Start of job execution
2018/10/07 00:10:14 - job_carga_caged - Starting entry [ktr_carga_caged]
2018/10/07 00:10:14 - ktr_carga_caged - Loading transformation from XML file [/home/unb/MTB/ETL/ods/mtb/caged_dw/ktr_carga_caged.ktr]
out 07, 2018 12:10:14 AM org.apache.cxf.endpoint.ServerImpl initDestination
INFO: Setting the server's publish address to be /marketplace
2018/10/07 00:10:14 - ktr_carga_caged - Using run configuration [Pentaho local]
2018/10/07 00:10:14 - ktr_carga_caged - Using legacy execution engine
2018/10/07 00:10:14 - ktr_carga_caged - Dispatching started for transformation [ktr_carga_caged]
out 07, 2018 12:10:15 AM org.apache.cxf.endpoint.ServerImpl initDestination
INFO: Setting the server's publish address to be /lineage
out 07, 2018 12:10:15 AM org.apache.cxf.endpoint.ServerImpl initDestination
INFO: Setting the server's publish address to be /i18n
2018/10/07 00:10:15 - Carrega tabela.0 - Connected to database [comexao_ods] (commit=100000000)
SLF4J: Class path contains multiple SLF4J bindings.
SLF4J: Found binding in [jar:file:/opt/data-integration/launcher/../lib/slf4j-log4j12-1.7.7.jar!/org/slf4j/impl/StaticLoggerBinder.class]
SLF4J: Found binding in [jar:file:/opt/data-integration/plugins/pentaho-big-data-plugin/lib/slf4j-log4j12-1.7.7.jar!/org/slf4j/impl/StaticLoggerBinder.class]
SLF4J: See http://www.slf4j.org/codes.html#multiple_bindings for an explanation.
SLF4J: Actual binding is of type [org.slf4j.impl.Log4jLoggerFactory]
2018/10/07 00:10:15 - Le Arquivo.0 - Header row skipped in file '/mnt/unb/bases_mte/CAGED/CAGED_TRABALHADOR_AJUSTADO_112017.txt'
2018/10/07 00:10:16 - Le Arquivo.0 - Line number : 50000
2018/10/07 00:10:16 - Separa Ano e Mes.0 - Linenr 50000
2018/10/07 00:10:31 - Select values.0 - linenr 50000
2018/10/07 00:10:31 - Le Arquivo.0 - Line number : 100000
2018/10/07 00:10:35 - Carrega tabela.0 - linenr 50000
2018/10/07 00:10:35 - Separa Ano e Mes.0 - Linenr 100000
2018/10/07 00:10:50 - Select values.0 - linenr 100000
2018/10/07 00:10:50 - Le Arquivo.0 - Line number : 150000
2018/10/07 00:10:54 - Carrega tabela.0 - linenr 100000
2018/10/07 00:10:54 - Separa Ano e Mes.0 - Linenr 150000
2018/10/07 00:11:10 - Select values.0 - linenr 150000
2018/10/07 00:11:10 - Le Arquivo.0 - Line number : 200000
2018/10/07 00:11:13 - Carrega tabela.0 - linenr 150000
2018/10/07 00:11:14 - Separa Ano e Mes.0 - Linenr 200000
2018/10/07 00:11:29 - Select values.0 - linenr 200000
2018/10/07 00:11:29 - Le Arquivo.0 - Line number : 250000
2018/10/07 00:11:33 - Carrega tabela.0 - linenr 200000
2018/10/07 00:11:33 - Separa Ano e Mes.0 - Linenr 250000
2018/10/07 00:11:49 - Select values.0 - linenr 250000
2018/10/07 00:11:49 - Le Arquivo.0 - Line number : 300000
2018/10/07 00:11:52 - Carrega tabela.0 - linenr 250000
2018/10/07 00:11:53 - Separa Ano e Mes.0 - Linenr 300000
2018/10/07 00:12:08 - Select values.0 - linenr 300000
2018/10/07 00:12:08 - Le Arquivo.0 - Line number : 350000
2018/10/07 00:12:12 - Carrega tabela.0 - linenr 300000
2018/10/07 00:12:12 - Separa Ano e Mes.0 - Linenr 350000
2018/10/07 00:12:27 - Select values.0 - linenr 350000
2018/10/07 00:12:27 - Le Arquivo.0 - Line number : 400000
2018/10/07 00:12:31 - Carrega tabela.0 - linenr 350000
2018/10/07 00:12:31 - Separa Ano e Mes.0 - Linenr 400000
2018/10/07 00:12:46 - Select values.0 - linenr 400000
2018/10/07 00:12:46 - Le Arquivo.0 - Line number : 450000
2018/10/07 00:12:50 - Carrega tabela.0 - linenr 400000
2018/10/07 00:12:50 - Separa Ano e Mes.0 - Linenr 450000
2018/10/07 00:13:05 - Select values.0 - linenr 450000
2018/10/07 00:13:05 - Le Arquivo.0 - Line number : 500000
2018/10/07 00:13:09 - Carrega tabela.0 - linenr 450000
2018/10/07 00:13:09 - Separa Ano e Mes.0 - Linenr 500000
2018/10/07 00:13:24 - Select values.0 - linenr 500000
2018/10/07 00:13:24 - Le Arquivo.0 - Line number : 550000
2018/10/07 00:13:28 - Carrega tabela.0 - linenr 500000
2018/10/07 00:13:28 - Separa Ano e Mes.0 - Linenr 550000
2018/10/07 00:13:43 - Select values.0 - linenr 550000
2018/10/07 00:13:43 - Le Arquivo.0 - Line number : 600000
2018/10/07 00:13:47 - Carrega tabela.0 - linenr 550000
2018/10/07 00:13:47 - Separa Ano e Mes.0 - Linenr 600000
2018/10/07 00:14:02 - Select values.0 - linenr 600000
2018/10/07 00:14:02 - Le Arquivo.0 - Line number : 650000
2018/10/07 00:14:06 - Carrega tabela.0 - linenr 600000
2018/10/07 00:14:06 - Separa Ano e Mes.0 - Linenr 650000
2018/10/07 00:14:21 - Select values.0 - linenr 650000
2018/10/07 00:14:21 - Le Arquivo.0 - Line number : 700000
2018/10/07 00:14:25 - Carrega tabela.0 - linenr 650000
2018/10/07 00:14:25 - Separa Ano e Mes.0 - Linenr 700000
2018/10/07 00:14:41 - Select values.0 - linenr 700000
2018/10/07 00:14:41 - Le Arquivo.0 - Line number : 750000
2018/10/07 00:14:44 - Carrega tabela.0 - linenr 700000
2018/10/07 00:14:45 - Separa Ano e Mes.0 - Linenr 750000
2018/10/07 00:15:00 - Select values.0 - linenr 750000
2018/10/07 00:15:00 - Le Arquivo.0 - Line number : 800000
2018/10/07 00:15:04 - Carrega tabela.0 - linenr 750000
2018/10/07 00:15:04 - Separa Ano e Mes.0 - Linenr 800000
2018/10/07 00:15:19 - Select values.0 - linenr 800000
2018/10/07 00:15:19 - Le Arquivo.0 - Line number : 850000
2018/10/07 00:15:23 - Carrega tabela.0 - linenr 800000
2018/10/07 00:15:23 - Separa Ano e Mes.0 - Linenr 850000
2018/10/07 00:15:38 - Select values.0 - linenr 850000
2018/10/07 00:15:38 - Le Arquivo.0 - Line number : 900000
2018/10/07 00:15:42 - Carrega tabela.0 - linenr 850000
2018/10/07 00:15:42 - Separa Ano e Mes.0 - Linenr 900000
2018/10/07 00:15:58 - Select values.0 - linenr 900000
2018/10/07 00:15:58 - Le Arquivo.0 - Line number : 950000
2018/10/07 00:16:01 - Carrega tabela.0 - linenr 900000
2018/10/07 00:16:02 - Separa Ano e Mes.0 - Linenr 950000
2018/10/07 00:16:17 - Select values.0 - linenr 950000
2018/10/07 00:16:17 - Le Arquivo.0 - Line number : 1000000
2018/10/07 00:16:21 - Carrega tabela.0 - linenr 950000
2018/10/07 00:16:21 - Separa Ano e Mes.0 - Linenr 1000000
2018/10/07 00:16:36 - Select values.0 - linenr 1000000
2018/10/07 00:16:36 - Le Arquivo.0 - Line number : 1050000
2018/10/07 00:16:40 - Carrega tabela.0 - linenr 1000000
2018/10/07 00:16:40 - Separa Ano e Mes.0 - Linenr 1050000
2018/10/07 00:16:55 - Select values.0 - linenr 1050000
2018/10/07 00:16:55 - Le Arquivo.0 - Line number : 1100000
2018/10/07 00:16:59 - Carrega tabela.0 - linenr 1050000
2018/10/07 00:16:59 - Separa Ano e Mes.0 - Linenr 1100000
2018/10/07 00:17:14 - Select values.0 - linenr 1100000
2018/10/07 00:17:14 - Le Arquivo.0 - Line number : 1150000
2018/10/07 00:17:18 - Carrega tabela.0 - linenr 1100000
2018/10/07 00:17:18 - Separa Ano e Mes.0 - Linenr 1150000
2018/10/07 00:17:33 - Select values.0 - linenr 1150000
2018/10/07 00:17:33 - Le Arquivo.0 - Line number : 1200000
2018/10/07 00:17:37 - Carrega tabela.0 - linenr 1150000
2018/10/07 00:17:37 - Separa Ano e Mes.0 - Linenr 1200000
2018/10/07 00:17:52 - Select values.0 - linenr 1200000
2018/10/07 00:17:53 - Le Arquivo.0 - Line number : 1250000
2018/10/07 00:17:56 - Carrega tabela.0 - linenr 1200000
2018/10/07 00:17:57 - Separa Ano e Mes.0 - Linenr 1250000
2018/10/07 00:18:12 - Select values.0 - linenr 1250000
2018/10/07 00:18:12 - Le Arquivo.0 - Line number : 1300000
2018/10/07 00:18:16 - Carrega tabela.0 - linenr 1250000
2018/10/07 00:18:16 - Separa Ano e Mes.0 - Linenr 1300000
2018/10/07 00:18:31 - Select values.0 - linenr 1300000
2018/10/07 00:18:31 - Le Arquivo.0 - Line number : 1350000
2018/10/07 00:18:35 - Carrega tabela.0 - linenr 1300000
2018/10/07 00:18:35 - Separa Ano e Mes.0 - Linenr 1350000
2018/10/07 00:18:50 - Select values.0 - linenr 1350000
2018/10/07 00:18:50 - Le Arquivo.0 - Line number : 1400000
2018/10/07 00:18:54 - Carrega tabela.0 - linenr 1350000
2018/10/07 00:18:54 - Separa Ano e Mes.0 - Linenr 1400000
2018/10/07 00:19:09 - Select values.0 - linenr 1400000
2018/10/07 00:19:09 - Le Arquivo.0 - Line number : 1450000
2018/10/07 00:19:13 - Carrega tabela.0 - linenr 1400000
2018/10/07 00:19:13 - Separa Ano e Mes.0 - Linenr 1450000
2018/10/07 00:19:28 - Select values.0 - linenr 1450000
2018/10/07 00:19:28 - Le Arquivo.0 - Line number : 1500000
2018/10/07 00:19:32 - Carrega tabela.0 - linenr 1450000
2018/10/07 00:19:32 - Separa Ano e Mes.0 - Linenr 1500000
2018/10/07 00:19:48 - Select values.0 - linenr 1500000
2018/10/07 00:19:48 - Le Arquivo.0 - Line number : 1550000
2018/10/07 00:19:52 - Carrega tabela.0 - linenr 1500000
2018/10/07 00:19:52 - Separa Ano e Mes.0 - Linenr 1550000
2018/10/07 00:20:07 - Select values.0 - linenr 1550000
2018/10/07 00:20:07 - Le Arquivo.0 - Line number : 1600000
2018/10/07 00:20:11 - Carrega tabela.0 - linenr 1550000
2018/10/07 00:20:11 - Separa Ano e Mes.0 - Linenr 1600000
2018/10/07 00:20:27 - Select values.0 - linenr 1600000
2018/10/07 00:20:27 - Le Arquivo.0 - Line number : 1650000
2018/10/07 00:20:31 - Carrega tabela.0 - linenr 1600000
2018/10/07 00:20:31 - Separa Ano e Mes.0 - Linenr 1650000
2018/10/07 00:20:46 - Select values.0 - linenr 1650000
2018/10/07 00:20:46 - Le Arquivo.0 - Line number : 1700000
2018/10/07 00:20:50 - Carrega tabela.0 - linenr 1650000
2018/10/07 00:20:50 - Separa Ano e Mes.0 - Linenr 1700000
2018/10/07 00:21:05 - Select values.0 - linenr 1700000
2018/10/07 00:21:05 - Le Arquivo.0 - Line number : 1750000
2018/10/07 00:21:09 - Carrega tabela.0 - linenr 1700000
2018/10/07 00:21:09 - Separa Ano e Mes.0 - Linenr 1750000
2018/10/07 00:21:24 - Select values.0 - linenr 1750000
2018/10/07 00:21:24 - Le Arquivo.0 - Line number : 1800000
2018/10/07 00:21:28 - Carrega tabela.0 - linenr 1750000
2018/10/07 00:21:28 - Separa Ano e Mes.0 - Linenr 1800000
2018/10/07 00:21:43 - Select values.0 - linenr 1800000
2018/10/07 00:21:43 - Le Arquivo.0 - Line number : 1850000
2018/10/07 00:21:47 - Carrega tabela.0 - linenr 1800000
2018/10/07 00:21:47 - Separa Ano e Mes.0 - Linenr 1850000
2018/10/07 00:22:02 - Select values.0 - linenr 1850000
2018/10/07 00:22:03 - Le Arquivo.0 - Line number : 1900000
2018/10/07 00:22:06 - Carrega tabela.0 - linenr 1850000
2018/10/07 00:22:06 - Separa Ano e Mes.0 - Linenr 1900000
2018/10/07 00:22:22 - Select values.0 - linenr 1900000
2018/10/07 00:22:22 - Le Arquivo.0 - Line number : 1950000
2018/10/07 00:22:25 - Carrega tabela.0 - linenr 1900000
2018/10/07 00:22:26 - Separa Ano e Mes.0 - Linenr 1950000
2018/10/07 00:22:41 - Select values.0 - linenr 1950000
2018/10/07 00:22:41 - Le Arquivo.0 - Line number : 2000000
2018/10/07 00:22:45 - Carrega tabela.0 - linenr 1950000
2018/10/07 00:22:45 - Separa Ano e Mes.0 - Linenr 2000000
2018/10/07 00:23:00 - Select values.0 - linenr 2000000
2018/10/07 00:23:00 - Le Arquivo.0 - Line number : 2050000
2018/10/07 00:23:04 - Carrega tabela.0 - linenr 2000000
2018/10/07 00:23:04 - Separa Ano e Mes.0 - Linenr 2050000
2018/10/07 00:23:19 - Select values.0 - linenr 2050000
2018/10/07 00:23:19 - Le Arquivo.0 - Line number : 2100000
2018/10/07 00:23:23 - Carrega tabela.0 - linenr 2050000
2018/10/07 00:23:23 - Separa Ano e Mes.0 - Linenr 2100000
2018/10/07 00:23:38 - Select values.0 - linenr 2100000
2018/10/07 00:23:38 - Le Arquivo.0 - Line number : 2150000
2018/10/07 00:23:42 - Carrega tabela.0 - linenr 2100000
2018/10/07 00:23:42 - Separa Ano e Mes.0 - Linenr 2150000
2018/10/07 00:23:58 - Select values.0 - linenr 2150000
2018/10/07 00:23:58 - Le Arquivo.0 - Line number : 2200000
2018/10/07 00:24:01 - Carrega tabela.0 - linenr 2150000
2018/10/07 00:24:02 - Separa Ano e Mes.0 - Linenr 2200000
2018/10/07 00:24:17 - Select values.0 - linenr 2200000
2018/10/07 00:24:17 - Le Arquivo.0 - Line number : 2250000
2018/10/07 00:24:21 - Carrega tabela.0 - linenr 2200000
2018/10/07 00:24:21 - Separa Ano e Mes.0 - Linenr 2250000
2018/10/07 00:24:36 - Select values.0 - linenr 2250000
2018/10/07 00:24:36 - Le Arquivo.0 - Line number : 2300000
2018/10/07 00:24:40 - Carrega tabela.0 - linenr 2250000
2018/10/07 00:24:40 - Separa Ano e Mes.0 - Linenr 2300000
2018/10/07 00:24:55 - Select values.0 - linenr 2300000
2018/10/07 00:24:55 - Le Arquivo.0 - Line number : 2350000
2018/10/07 00:24:59 - Carrega tabela.0 - linenr 2300000
2018/10/07 00:24:59 - Separa Ano e Mes.0 - Linenr 2350000
2018/10/07 00:25:14 - Select values.0 - linenr 2350000
2018/10/07 00:25:15 - Le Arquivo.0 - Line number : 2400000
2018/10/07 00:25:18 - Carrega tabela.0 - linenr 2350000
2018/10/07 00:25:18 - Separa Ano e Mes.0 - Linenr 2400000
2018/10/07 00:25:34 - Select values.0 - linenr 2400000
2018/10/07 00:25:34 - Le Arquivo.0 - Line number : 2450000
2018/10/07 00:25:38 - Carrega tabela.0 - linenr 2400000
2018/10/07 00:25:38 - Separa Ano e Mes.0 - Linenr 2450000
2018/10/07 00:25:53 - Select values.0 - linenr 2450000
2018/10/07 00:25:54 - Le Arquivo.0 - Line number : 2500000
2018/10/07 00:25:57 - Carrega tabela.0 - linenr 2450000
2018/10/07 00:25:57 - Separa Ano e Mes.0 - Linenr 2500000
2018/10/07 00:26:13 - Select values.0 - linenr 2500000
2018/10/07 00:26:13 - Le Arquivo.0 - Line number : 2550000
2018/10/07 00:26:16 - Carrega tabela.0 - linenr 2500000
2018/10/07 00:26:17 - Separa Ano e Mes.0 - Linenr 2550000
2018/10/07 00:26:32 - Select values.0 - linenr 2550000
2018/10/07 00:26:32 - Le Arquivo.0 - Line number : 2600000
2018/10/07 00:26:35 - Carrega tabela.0 - linenr 2550000
2018/10/07 00:26:36 - Separa Ano e Mes.0 - Linenr 2600000
2018/10/07 00:26:51 - Select values.0 - linenr 2600000
2018/10/07 00:26:51 - Le Arquivo.0 - Line number : 2650000
2018/10/07 00:26:55 - Carrega tabela.0 - linenr 2600000
2018/10/07 00:26:55 - Separa Ano e Mes.0 - Linenr 2650000
2018/10/07 00:27:10 - Select values.0 - linenr 2650000
2018/10/07 00:27:10 - Le Arquivo.0 - Line number : 2700000
2018/10/07 00:27:14 - Carrega tabela.0 - linenr 2650000
2018/10/07 00:27:14 - Separa Ano e Mes.0 - Linenr 2700000
2018/10/07 00:27:29 - Select values.0 - linenr 2700000
2018/10/07 00:27:29 - Le Arquivo.0 - Line number : 2750000
2018/10/07 00:27:33 - Carrega tabela.0 - linenr 2700000
2018/10/07 00:27:33 - Separa Ano e Mes.0 - Linenr 2750000
2018/10/07 00:27:48 - Select values.0 - linenr 2750000
2018/10/07 00:27:48 - Le Arquivo.0 - Line number : 2800000
2018/10/07 00:27:52 - Carrega tabela.0 - linenr 2750000
2018/10/07 00:27:52 - Separa Ano e Mes.0 - Linenr 2800000
2018/10/07 00:28:07 - Select values.0 - linenr 2800000
2018/10/07 00:28:08 - Le Arquivo.0 - Line number : 2850000
2018/10/07 00:28:11 - Carrega tabela.0 - linenr 2800000
2018/10/07 00:28:11 - Separa Ano e Mes.0 - Linenr 2850000
2018/10/07 00:28:27 - Select values.0 - linenr 2850000
2018/10/07 00:28:27 - Le Arquivo.0 - Line number : 2900000
2018/10/07 00:28:31 - Carrega tabela.0 - linenr 2850000
2018/10/07 00:28:31 - Separa Ano e Mes.0 - Linenr 2900000
2018/10/07 00:28:46 - Select values.0 - linenr 2900000
2018/10/07 00:28:46 - Le Arquivo.0 - Line number : 2950000
2018/10/07 00:28:49 - Carrega tabela.0 - linenr 2900000
2018/10/07 00:28:50 - Separa Ano e Mes.0 - Linenr 2950000
2018/10/07 00:29:05 - Select values.0 - linenr 2950000
2018/10/07 00:29:05 - Le Arquivo.0 - Line number : 3000000
2018/10/07 00:29:08 - Carrega tabela.0 - linenr 2950000
2018/10/07 00:29:09 - Separa Ano e Mes.0 - Linenr 3000000
2018/10/07 00:29:24 - Select values.0 - linenr 3000000
2018/10/07 00:29:24 - Le Arquivo.0 - Line number : 3050000
2018/10/07 00:29:28 - Carrega tabela.0 - linenr 3000000
2018/10/07 00:29:28 - Separa Ano e Mes.0 - Linenr 3050000
2018/10/07 00:29:43 - Select values.0 - linenr 3050000
2018/10/07 00:29:43 - Le Arquivo.0 - Line number : 3100000
2018/10/07 00:29:47 - Carrega tabela.0 - linenr 3050000
2018/10/07 00:29:47 - Separa Ano e Mes.0 - Linenr 3100000
2018/10/07 00:30:02 - Select values.0 - linenr 3100000
2018/10/07 00:30:02 - Le Arquivo.0 - Line number : 3150000
2018/10/07 00:30:06 - Carrega tabela.0 - linenr 3100000
2018/10/07 00:30:06 - Separa Ano e Mes.0 - Linenr 3150000
2018/10/07 00:30:21 - Select values.0 - linenr 3150000
2018/10/07 00:30:21 - Le Arquivo.0 - Line number : 3200000
2018/10/07 00:30:25 - Carrega tabela.0 - linenr 3150000
2018/10/07 00:30:25 - Separa Ano e Mes.0 - Linenr 3200000
2018/10/07 00:30:40 - Select values.0 - linenr 3200000
2018/10/07 00:30:40 - Le Arquivo.0 - Line number : 3250000
2018/10/07 00:30:44 - Carrega tabela.0 - linenr 3200000
2018/10/07 00:30:44 - Separa Ano e Mes.0 - Linenr 3250000
2018/10/07 00:30:59 - Select values.0 - linenr 3250000
2018/10/07 00:30:59 - Le Arquivo.0 - Line number : 3300000
2018/10/07 00:31:03 - Carrega tabela.0 - linenr 3250000
2018/10/07 00:31:03 - Separa Ano e Mes.0 - Linenr 3300000
2018/10/07 00:31:18 - Select values.0 - linenr 3300000
2018/10/07 00:31:18 - Le Arquivo.0 - Line number : 3350000
2018/10/07 00:31:22 - Carrega tabela.0 - linenr 3300000
2018/10/07 00:31:22 - Separa Ano e Mes.0 - Linenr 3350000
2018/10/07 00:31:37 - Select values.0 - linenr 3350000
2018/10/07 00:31:37 - Le Arquivo.0 - Line number : 3400000
2018/10/07 00:31:41 - Carrega tabela.0 - linenr 3350000
2018/10/07 00:31:41 - Separa Ano e Mes.0 - Linenr 3400000
2018/10/07 00:31:56 - Select values.0 - linenr 3400000
2018/10/07 00:31:56 - Le Arquivo.0 - Line number : 3450000
2018/10/07 00:32:00 - Carrega tabela.0 - linenr 3400000
2018/10/07 00:32:00 - Separa Ano e Mes.0 - Linenr 3450000
2018/10/07 00:32:15 - Select values.0 - linenr 3450000
2018/10/07 00:32:15 - Le Arquivo.0 - Line number : 3500000
2018/10/07 00:32:19 - Carrega tabela.0 - linenr 3450000
2018/10/07 00:32:19 - Separa Ano e Mes.0 - Linenr 3500000
2018/10/07 00:32:34 - Select values.0 - linenr 3500000
2018/10/07 00:32:35 - Le Arquivo.0 - Line number : 3550000
2018/10/07 00:32:38 - Carrega tabela.0 - linenr 3500000
2018/10/07 00:32:39 - Separa Ano e Mes.0 - Linenr 3550000
2018/10/07 00:32:54 - Select values.0 - linenr 3550000
2018/10/07 00:32:54 - Le Arquivo.0 - Line number : 3600000
2018/10/07 00:32:57 - Carrega tabela.0 - linenr 3550000
2018/10/07 00:32:58 - Separa Ano e Mes.0 - Linenr 3600000
2018/10/07 00:33:13 - Select values.0 - linenr 3600000
2018/10/07 00:33:13 - Le Arquivo.0 - Line number : 3650000
2018/10/07 00:33:16 - Carrega tabela.0 - linenr 3600000
2018/10/07 00:33:17 - Separa Ano e Mes.0 - Linenr 3650000
2018/10/07 00:33:32 - Select values.0 - linenr 3650000
2018/10/07 00:33:32 - Le Arquivo.0 - Line number : 3700000
2018/10/07 00:33:35 - Carrega tabela.0 - linenr 3650000
2018/10/07 00:33:36 - Separa Ano e Mes.0 - Linenr 3700000
2018/10/07 00:33:51 - Select values.0 - linenr 3700000
2018/10/07 00:33:51 - Le Arquivo.0 - Line number : 3750000
2018/10/07 00:33:54 - Carrega tabela.0 - linenr 3700000
2018/10/07 00:33:55 - Separa Ano e Mes.0 - Linenr 3750000
2018/10/07 00:34:09 - Select values.0 - linenr 3750000
2018/10/07 00:34:10 - Le Arquivo.0 - Line number : 3800000
2018/10/07 00:34:13 - Carrega tabela.0 - linenr 3750000
2018/10/07 00:34:13 - Separa Ano e Mes.0 - Linenr 3800000
2018/10/07 00:34:29 - Select values.0 - linenr 3800000
2018/10/07 00:34:29 - Le Arquivo.0 - Line number : 3850000
2018/10/07 00:34:33 - Carrega tabela.0 - linenr 3800000
2018/10/07 00:34:33 - Separa Ano e Mes.0 - Linenr 3850000
2018/10/07 00:34:48 - Select values.0 - linenr 3850000
2018/10/07 00:34:48 - Le Arquivo.0 - Line number : 3900000
2018/10/07 00:34:52 - Carrega tabela.0 - linenr 3850000
2018/10/07 00:34:52 - Separa Ano e Mes.0 - Linenr 3900000
2018/10/07 00:35:07 - Select values.0 - linenr 3900000
2018/10/07 00:35:07 - Le Arquivo.0 - Line number : 3950000
2018/10/07 00:35:11 - Carrega tabela.0 - linenr 3900000
2018/10/07 00:35:11 - Separa Ano e Mes.0 - Linenr 3950000
2018/10/07 00:35:27 - Select values.0 - linenr 3950000
2018/10/07 00:35:27 - Le Arquivo.0 - Line number : 4000000
2018/10/07 00:35:31 - Carrega tabela.0 - linenr 3950000
2018/10/07 00:35:31 - Separa Ano e Mes.0 - Linenr 4000000
2018/10/07 00:35:46 - Select values.0 - linenr 4000000
2018/10/07 00:35:46 - Le Arquivo.0 - Line number : 4050000
2018/10/07 00:35:50 - Carrega tabela.0 - linenr 4000000
2018/10/07 00:35:50 - Separa Ano e Mes.0 - Linenr 4050000
2018/10/07 00:36:05 - Select values.0 - linenr 4050000
2018/10/07 00:36:05 - Le Arquivo.0 - Line number : 4100000
2018/10/07 00:36:09 - Carrega tabela.0 - linenr 4050000
2018/10/07 00:36:09 - Separa Ano e Mes.0 - Linenr 4100000
2018/10/07 00:36:25 - Select values.0 - linenr 4100000
2018/10/07 00:36:25 - Le Arquivo.0 - Line number : 4150000
2018/10/07 00:36:28 - Carrega tabela.0 - linenr 4100000
2018/10/07 00:36:29 - Separa Ano e Mes.0 - Linenr 4150000
2018/10/07 00:36:44 - Select values.0 - linenr 4150000
2018/10/07 00:36:44 - Le Arquivo.0 - Line number : 4200000
2018/10/07 00:36:48 - Carrega tabela.0 - linenr 4150000
2018/10/07 00:36:48 - Separa Ano e Mes.0 - Linenr 4200000
2018/10/07 00:37:03 - Select values.0 - linenr 4200000
2018/10/07 00:37:03 - Le Arquivo.0 - Line number : 4250000
2018/10/07 00:37:07 - Carrega tabela.0 - linenr 4200000
2018/10/07 00:37:07 - Separa Ano e Mes.0 - Linenr 4250000
2018/10/07 00:37:22 - Select values.0 - linenr 4250000
2018/10/07 00:37:23 - Le Arquivo.0 - Line number : 4300000
2018/10/07 00:37:26 - Carrega tabela.0 - linenr 4250000
2018/10/07 00:37:26 - Separa Ano e Mes.0 - Linenr 4300000
2018/10/07 00:37:42 - Select values.0 - linenr 4300000
2018/10/07 00:37:42 - Le Arquivo.0 - Line number : 4350000
2018/10/07 00:37:45 - Carrega tabela.0 - linenr 4300000
2018/10/07 00:37:46 - Separa Ano e Mes.0 - Linenr 4350000
2018/10/07 00:38:01 - Select values.0 - linenr 4350000
2018/10/07 00:38:01 - Le Arquivo.0 - Line number : 4400000
2018/10/07 00:38:04 - Carrega tabela.0 - linenr 4350000
2018/10/07 00:38:05 - Separa Ano e Mes.0 - Linenr 4400000
2018/10/07 00:38:20 - Select values.0 - linenr 4400000
2018/10/07 00:38:20 - Le Arquivo.0 - Line number : 4450000
2018/10/07 00:38:24 - Carrega tabela.0 - linenr 4400000
2018/10/07 00:38:24 - Separa Ano e Mes.0 - Linenr 4450000
2018/10/07 00:38:40 - Select values.0 - linenr 4450000
2018/10/07 00:38:40 - Le Arquivo.0 - Line number : 4500000
2018/10/07 00:38:43 - Carrega tabela.0 - linenr 4450000
2018/10/07 00:38:44 - Separa Ano e Mes.0 - Linenr 4500000
2018/10/07 00:38:58 - Select values.0 - linenr 4500000
2018/10/07 00:38:59 - Le Arquivo.0 - Line number : 4550000
2018/10/07 00:39:02 - Carrega tabela.0 - linenr 4500000
2018/10/07 00:39:02 - Separa Ano e Mes.0 - Linenr 4550000
2018/10/07 00:39:18 - Select values.0 - linenr 4550000
2018/10/07 00:39:18 - Le Arquivo.0 - Line number : 4600000
2018/10/07 00:39:21 - Carrega tabela.0 - linenr 4550000
2018/10/07 00:39:22 - Separa Ano e Mes.0 - Linenr 4600000
2018/10/07 00:39:37 - Select values.0 - linenr 4600000
2018/10/07 00:39:37 - Le Arquivo.0 - Line number : 4650000
2018/10/07 00:39:41 - Carrega tabela.0 - linenr 4600000
2018/10/07 00:39:41 - Separa Ano e Mes.0 - Linenr 4650000
2018/10/07 00:39:56 - Select values.0 - linenr 4650000
2018/10/07 00:39:56 - Le Arquivo.0 - Line number : 4700000
2018/10/07 00:40:00 - Carrega tabela.0 - linenr 4650000
2018/10/07 00:40:00 - Separa Ano e Mes.0 - Linenr 4700000
2018/10/07 00:40:15 - Select values.0 - linenr 4700000
2018/10/07 00:40:15 - Le Arquivo.0 - Line number : 4750000
2018/10/07 00:40:19 - Carrega tabela.0 - linenr 4700000
2018/10/07 00:40:19 - Separa Ano e Mes.0 - Linenr 4750000
2018/10/07 00:40:35 - Select values.0 - linenr 4750000
2018/10/07 00:40:35 - Le Arquivo.0 - Line number : 4800000
2018/10/07 00:40:39 - Carrega tabela.0 - linenr 4750000
2018/10/07 00:40:39 - Separa Ano e Mes.0 - Linenr 4800000
2018/10/07 00:40:54 - Select values.0 - linenr 4800000
2018/10/07 00:40:54 - Le Arquivo.0 - Line number : 4850000
2018/10/07 00:40:58 - Carrega tabela.0 - linenr 4800000
2018/10/07 00:40:58 - Separa Ano e Mes.0 - Linenr 4850000
2018/10/07 00:41:13 - Select values.0 - linenr 4850000
2018/10/07 00:41:13 - Le Arquivo.0 - Line number : 4900000
2018/10/07 00:41:17 - Carrega tabela.0 - linenr 4850000
2018/10/07 00:41:17 - Separa Ano e Mes.0 - Linenr 4900000
2018/10/07 00:41:32 - Select values.0 - linenr 4900000
2018/10/07 00:41:32 - Le Arquivo.0 - Line number : 4950000
2018/10/07 00:41:36 - Carrega tabela.0 - linenr 4900000
2018/10/07 00:41:36 - Separa Ano e Mes.0 - Linenr 4950000
2018/10/07 00:41:51 - Select values.0 - linenr 4950000
2018/10/07 00:41:51 - Le Arquivo.0 - Line number : 5000000
2018/10/07 00:41:55 - Carrega tabela.0 - linenr 4950000
2018/10/07 00:41:55 - Separa Ano e Mes.0 - Linenr 5000000
2018/10/07 00:42:10 - Select values.0 - linenr 5000000
2018/10/07 00:42:10 - Le Arquivo.0 - Line number : 5050000
2018/10/07 00:42:14 - Carrega tabela.0 - linenr 5000000
2018/10/07 00:42:14 - Separa Ano e Mes.0 - Linenr 5050000
2018/10/07 00:42:24 - Le Arquivo.0 - Finished processing (I=5087558, O=0, R=0, W=5087557, U=0, E=0)
2018/10/07 00:42:28 - Separa Ano e Mes.0 - Finished processing (I=0, O=0, R=5087557, W=5087557, U=0, E=0)
2018/10/07 00:42:29 - Select values.0 - linenr 5050000
2018/10/07 00:42:32 - Corrige sal_mensal_declarado.0 - Finished processing (I=0, O=0, R=5087557, W=5087557, U=0, E=0)
2018/10/07 00:42:33 - Carrega tabela.0 - linenr 5050000
2018/10/07 00:42:36 - Corrige CBO.0 - Finished processing (I=0, O=0, R=5087557, W=5087557, U=0, E=0)
2018/10/07 00:42:40 - corige_dia_mov.0 - Finished processing (I=0, O=0, R=5087557, W=5087557, U=0, E=0)
2018/10/07 00:42:43 - Select values.0 - Finished processing (I=0, O=0, R=5087557, W=5087557, U=0, E=0)
2018/10/07 00:42:47 - Carrega tabela.0 - Finished processing (I=0, O=5087557, R=5087557, W=5087557, U=0, E=0)
2018/10/07 00:42:47 - job_carga_caged - Starting entry [Success]
2018/10/07 00:42:47 - job_carga_caged - Finished job entry [Success] (result=[true])
2018/10/07 00:42:47 - job_carga_caged - Finished job entry [ktr_carga_caged] (result=[true])
2018/10/07 00:42:47 - job_carga_caged - Job execution finished
2018/10/07 00:42:47 - Kitchen - Finished!
2018/10/07 00:42:47 - Kitchen - Start=2018/10/07 00:10:08.961, Stop=2018/10/07 00:42:47.109
2018/10/07 00:42:47 - Kitchen - Processing ended after 32 minutes and 38 seconds (1958 seconds total).
