#######################################################################
WARNING:  no libwebkitgtk-1.0 detected, some features will be unavailable
    Consider installing the package with apt-get or yum.
    e.g. 'sudo apt-get install libwebkitgtk-1.0-0'
#######################################################################
OpenJDK 64-Bit Server VM warning: ignoring option MaxPermSize=4G; support was removed in 8.0
02:29:14,947 INFO  [KarafBoot] Checking to see if org.pentaho.clean.karaf.cache is enabled
02:29:15,056 INFO  [KarafInstance] 
*******************************************************************************
*** Karaf Instance Number: 2 at /opt/data-integration/./system/karaf/caches ***
***   /kitchen/data-1                                                       ***
*** FastBin Provider Port:52902                                             ***
*** Karaf Port:8803                                                         ***
*** OSGI Service Port:9052                                                  ***
*******************************************************************************
out 07, 2018 2:29:15 AM org.apache.karaf.main.Main$KarafLockCallback lockAquired
INFO: Lock acquired. Setting startlevel to 100
2018/10/07 02:29:16 - Kitchen - Start of run.
2018-10-07 02:29:18.455:INFO:oejs.Server:jetty-8.1.15.v20140411
2018-10-07 02:29:18.482:INFO:oejs.AbstractConnector:Started NIOSocketConnectorWrapper@0.0.0.0:9052
out 07, 2018 2:29:19 AM org.apache.cxf.bus.blueprint.NamespaceHandlerRegisterer register
INFO: Registered blueprint namespace handler for http://cxf.apache.org/blueprint/core
out 07, 2018 2:29:19 AM org.apache.cxf.bus.blueprint.NamespaceHandlerRegisterer register
INFO: Registered blueprint namespace handler for http://cxf.apache.org/configuration/beans
out 07, 2018 2:29:19 AM org.apache.cxf.bus.blueprint.NamespaceHandlerRegisterer register
INFO: Registered blueprint namespace handler for http://cxf.apache.org/configuration/parameterized-types
out 07, 2018 2:29:19 AM org.apache.cxf.bus.blueprint.NamespaceHandlerRegisterer register
INFO: Registered blueprint namespace handler for http://cxf.apache.org/configuration/security
out 07, 2018 2:29:19 AM org.apache.cxf.bus.blueprint.NamespaceHandlerRegisterer register
INFO: Registered blueprint namespace handler for http://schemas.xmlsoap.org/wsdl/
out 07, 2018 2:29:19 AM org.apache.cxf.bus.blueprint.NamespaceHandlerRegisterer register
INFO: Registered blueprint namespace handler for http://www.w3.org/2005/08/addressing
out 07, 2018 2:29:19 AM org.apache.cxf.bus.blueprint.NamespaceHandlerRegisterer register
INFO: Registered blueprint namespace handler for http://schemas.xmlsoap.org/ws/2004/08/addressing
out 07, 2018 2:29:19 AM org.apache.cxf.bus.osgi.CXFExtensionBundleListener addExtensions
INFO: Adding the extensions from bundle org.apache.cxf.cxf-rt-management (152) [org.apache.cxf.management.InstrumentationManager]
out 07, 2018 2:29:19 AM org.apache.cxf.bus.osgi.CXFExtensionBundleListener addExtensions
INFO: Adding the extensions from bundle org.apache.cxf.cxf-rt-wsdl (189) [org.apache.cxf.wsdl.WSDLManager]
out 07, 2018 2:29:19 AM org.apache.cxf.bus.osgi.CXFExtensionBundleListener addExtensions
INFO: Adding the extensions from bundle org.apache.cxf.cxf-rt-ws-policy (203) [org.apache.cxf.ws.policy.PolicyEngine, org.apache.cxf.policy.PolicyDataEngine, org.apache.cxf.ws.policy.AssertionBuilderRegistry, org.apache.cxf.ws.policy.PolicyInterceptorProviderRegistry, org.apache.cxf.ws.policy.PolicyBuilder, org.apache.cxf.ws.policy.PolicyAnnotationListener, org.apache.cxf.ws.policy.attachment.ServiceModelPolicyProvider, org.apache.cxf.ws.policy.attachment.external.DomainExpressionBuilderRegistry, org.apache.cxf.ws.policy.attachment.external.EndpointReferenceDomainExpressionBuilder, org.apache.cxf.ws.policy.attachment.external.URIDomainExpressionBuilder, org.apache.cxf.ws.policy.attachment.wsdl11.Wsdl11AttachmentPolicyProvider, org.apache.cxf.ws.policy.mtom.MTOMAssertionBuilder, org.apache.cxf.ws.policy.mtom.MTOMPolicyInterceptorProvider]
out 07, 2018 2:29:19 AM org.apache.cxf.bus.osgi.CXFExtensionBundleListener addExtensions
INFO: Adding the extensions from bundle org.apache.cxf.cxf-rt-transports-http (156) [org.apache.cxf.transport.http.HTTPTransportFactory, org.apache.cxf.transport.http.HTTPWSDLExtensionLoader, org.apache.cxf.transport.http.policy.HTTPClientAssertionBuilder, org.apache.cxf.transport.http.policy.HTTPServerAssertionBuilder, org.apache.cxf.transport.http.policy.NoOpPolicyInterceptorProvider]
out 07, 2018 2:29:19 AM org.apache.cxf.bus.blueprint.NamespaceHandlerRegisterer register
INFO: Registered blueprint namespace handler for http://cxf.apache.org/transports/http/configuration
out 07, 2018 2:29:19 AM org.apache.cxf.bus.osgi.CXFExtensionBundleListener addExtensions
INFO: Adding the extensions from bundle org.apache.cxf.cxf-rt-bindings-soap (192) [org.apache.cxf.binding.soap.SoapBindingFactory, org.apache.cxf.binding.soap.SoapTransportFactory]
out 07, 2018 2:29:19 AM org.apache.cxf.bus.blueprint.NamespaceHandlerRegisterer register
INFO: Registered blueprint namespace handler for http://cxf.apache.org/blueprint/jaxrs
out 07, 2018 2:29:19 AM org.apache.cxf.bus.blueprint.NamespaceHandlerRegisterer register
INFO: Registered blueprint namespace handler for http://cxf.apache.org/blueprint/jaxrs-client
out 07, 2018 2:29:19 AM org.apache.cxf.bus.osgi.CXFExtensionBundleListener addExtensions
INFO: Adding the extensions from bundle org.apache.cxf.cxf-rt-bindings-xml (191) [org.apache.cxf.binding.xml.XMLBindingFactory, org.apache.cxf.binding.xml.wsdl11.XMLWSDLExtensionLoader]
out 07, 2018 2:29:19 AM org.apache.cxf.bus.blueprint.NamespaceHandlerRegisterer register
INFO: Registered blueprint namespace handler for http://cxf.apache.org/blueprint/bindings/soap
out 07, 2018 2:29:19 AM org.apache.cxf.bus.blueprint.NamespaceHandlerRegisterer register
INFO: Registered blueprint namespace handler for http://cxf.apache.org/blueprint/simple
out 07, 2018 2:29:19 AM org.apache.cxf.bus.osgi.CXFExtensionBundleListener addExtensions
INFO: Adding the extensions from bundle org.apache.cxf.cxf-rt-frontend-jaxws (194) [org.apache.cxf.jaxws.context.WebServiceContextResourceResolver]
out 07, 2018 2:29:19 AM org.apache.cxf.bus.blueprint.NamespaceHandlerRegisterer register
INFO: Registered blueprint namespace handler for http://cxf.apache.org/blueprint/jaxws
out 07, 2018 2:29:19 AM org.apache.cxf.bus.blueprint.NamespaceHandlerRegisterer register
INFO: Registered blueprint namespace handler for http://cxf.apache.org/binding/coloc
out 07, 2018 2:29:19 AM org.apache.cxf.bus.osgi.CXFExtensionBundleListener addExtensions
INFO: Adding the extensions from bundle org.apache.cxf.cxf-rt-transports-local (199) [org.apache.cxf.transport.local.LocalTransportFactory]
out 07, 2018 2:29:19 AM org.apache.cxf.bus.osgi.CXFExtensionBundleListener addExtensions
INFO: Adding the extensions from bundle org.apache.cxf.cxf-rt-bindings-object (200) [org.apache.cxf.binding.object.ObjectBindingFactory]
out 07, 2018 2:29:19 AM org.apache.cxf.bus.blueprint.NamespaceHandlerRegisterer register
INFO: Registered blueprint namespace handler for http://cxf.apache.org/blueprint/binding/object
out 07, 2018 2:29:19 AM org.apache.cxf.bus.blueprint.NamespaceHandlerRegisterer register
INFO: Registered blueprint namespace handler for http://cxf.apache.org/policy
out 07, 2018 2:29:19 AM org.apache.cxf.bus.blueprint.NamespaceHandlerRegisterer register
INFO: Registered blueprint namespace handler for http://www.w3.org/ns/ws-policy
out 07, 2018 2:29:19 AM org.apache.cxf.bus.blueprint.NamespaceHandlerRegisterer register
INFO: Registered blueprint namespace handler for http://www.w3.org/2006/07/ws-policy
out 07, 2018 2:29:19 AM org.apache.cxf.bus.blueprint.NamespaceHandlerRegisterer register
INFO: Registered blueprint namespace handler for http://schemas.xmlsoap.org/ws/2004/09/policy
out 07, 2018 2:29:19 AM org.apache.cxf.bus.blueprint.NamespaceHandlerRegisterer register
INFO: Registered blueprint namespace handler for http://docs.oasis-open.org/wss/2004/01/oasis-200401-wss-wssecurity-secext-1.0.xsd
out 07, 2018 2:29:19 AM org.apache.cxf.bus.blueprint.NamespaceHandlerRegisterer register
INFO: Registered blueprint namespace handler for http://docs.oasis-open.org/wss/2004/01/oasis-200401-wss-wssecurity-utility-1.0.xsd
out 07, 2018 2:29:19 AM org.apache.cxf.bus.blueprint.NamespaceHandlerRegisterer register
INFO: Registered blueprint namespace handler for http://www.w3.org/2000/09/xmldsig#
out 07, 2018 2:29:19 AM org.apache.cxf.bus.blueprint.NamespaceHandlerRegisterer register
INFO: Registered blueprint namespace handler for http://docs.oasis-open.org/ws-sx/ws-securitypolicy/200702
out 07, 2018 2:29:19 AM org.apache.cxf.bus.osgi.CXFExtensionBundleListener addExtensions
INFO: Adding the extensions from bundle org.apache.cxf.cxf-rt-ws-addr (220) [org.apache.cxf.ws.addressing.policy.AddressingAssertionBuilder, org.apache.cxf.ws.addressing.policy.UsingAddressingAssertionBuilder, org.apache.cxf.ws.addressing.policy.AddressingPolicyInterceptorProvider, org.apache.cxf.ws.addressing.impl.AddressingWSDLExtensionLoader, org.apache.cxf.ws.addressing.WSAddressingFeature$WSAddressingFeatureApplier, org.apache.cxf.ws.addressing.MAPAggregator$MAPAggregatorLoader]
out 07, 2018 2:29:19 AM org.apache.cxf.bus.blueprint.NamespaceHandlerRegisterer register
INFO: Registered blueprint namespace handler for http://cxf.apache.org/ws/addressing
out 07, 2018 2:29:19 AM org.apache.cxf.bus.osgi.CXFExtensionBundleListener addExtensions
INFO: Adding the extensions from bundle org.apache.cxf.cxf-rt-ws-security (222) [org.apache.cxf.ws.security.policy.WSSecurityPolicyLoader, org.apache.cxf.ws.security.cache.CacheCleanupListener]
out 07, 2018 2:29:19 AM org.apache.cxf.bus.osgi.CXFExtensionBundleListener addExtensions
INFO: Adding the extensions from bundle org.apache.cxf.cxf-rt-ws-rm (224) [org.apache.cxf.ws.rm.RMManager, org.apache.cxf.ws.rm.policy.RMPolicyInterceptorProvider, org.apache.cxf.ws.rm.policy.RM10AssertionBuilder, org.apache.cxf.ws.rm.policy.RM12AssertionBuilder, org.apache.cxf.ws.rm.policy.WSRMP12PolicyLoader, org.apache.cxf.ws.rm.policy.MC11PolicyLoader, org.apache.cxf.ws.rm.policy.RSPPolicyLoader]
out 07, 2018 2:29:19 AM org.apache.cxf.bus.blueprint.NamespaceHandlerRegisterer register
INFO: Registered blueprint namespace handler for http://cxf.apache.org/ws/rm/manager
out 07, 2018 2:29:19 AM org.apache.cxf.bus.blueprint.NamespaceHandlerRegisterer register
INFO: Registered blueprint namespace handler for http://schemas.xmlsoap.org/ws/2005/02/rm/policy
out 07, 2018 2:29:19 AM org.apache.cxf.bus.osgi.CXFExtensionBundleListener addExtensions
INFO: Adding the extensions from bundle org.apache.cxf.cxf-rt-javascript (225) [org.apache.cxf.javascript.JavascriptServerListener]
out 07, 2018 2:29:19 AM org.pentaho.caching.impl.PentahoCacheManagerFactory$RegistrationHandler$1 onSuccess
INFO: New Caching Service registered
2018/10/07 02:29:21 - job_carga_caged - Start of job execution
2018/10/07 02:29:21 - job_carga_caged - Starting entry [ktr_carga_caged]
2018/10/07 02:29:21 - ktr_carga_caged - Loading transformation from XML file [/home/unb/MTB/ETL/ods/mtb/caged_dw/ktr_carga_caged.ktr]
out 07, 2018 2:29:21 AM org.apache.cxf.endpoint.ServerImpl initDestination
INFO: Setting the server's publish address to be /marketplace
2018/10/07 02:29:21 - ktr_carga_caged - Using run configuration [Pentaho local]
2018/10/07 02:29:21 - ktr_carga_caged - Using legacy execution engine
2018/10/07 02:29:21 - ktr_carga_caged - Dispatching started for transformation [ktr_carga_caged]
out 07, 2018 2:29:22 AM org.apache.cxf.endpoint.ServerImpl initDestination
INFO: Setting the server's publish address to be /lineage
2018/10/07 02:29:22 - Carrega tabela.0 - Connected to database [comexao_ods] (commit=100000000)
out 07, 2018 2:29:22 AM org.apache.cxf.endpoint.ServerImpl initDestination
INFO: Setting the server's publish address to be /i18n
SLF4J: Class path contains multiple SLF4J bindings.
SLF4J: Found binding in [jar:file:/opt/data-integration/launcher/../lib/slf4j-log4j12-1.7.7.jar!/org/slf4j/impl/StaticLoggerBinder.class]
SLF4J: Found binding in [jar:file:/opt/data-integration/plugins/pentaho-big-data-plugin/lib/slf4j-log4j12-1.7.7.jar!/org/slf4j/impl/StaticLoggerBinder.class]
SLF4J: See http://www.slf4j.org/codes.html#multiple_bindings for an explanation.
SLF4J: Actual binding is of type [org.slf4j.impl.Log4jLoggerFactory]
2018/10/07 02:29:22 - Le Arquivo.0 - Header row skipped in file '/mnt/unb/bases_mte/CAGED/CAGED_TRABALHADOR_AJUSTADO_032018.txt'
2018/10/07 02:29:23 - Le Arquivo.0 - Line number : 50000
2018/10/07 02:29:23 - Separa Ano e Mes.0 - Linenr 50000
2018/10/07 02:29:38 - Select values.0 - linenr 50000
2018/10/07 02:29:38 - Le Arquivo.0 - Line number : 100000
2018/10/07 02:29:42 - Carrega tabela.0 - linenr 50000
2018/10/07 02:29:42 - Separa Ano e Mes.0 - Linenr 100000
2018/10/07 02:29:57 - Select values.0 - linenr 100000
2018/10/07 02:29:57 - Le Arquivo.0 - Line number : 150000
2018/10/07 02:30:01 - Carrega tabela.0 - linenr 100000
2018/10/07 02:30:01 - Separa Ano e Mes.0 - Linenr 150000
2018/10/07 02:30:17 - Select values.0 - linenr 150000
2018/10/07 02:30:17 - Le Arquivo.0 - Line number : 200000
2018/10/07 02:30:21 - Carrega tabela.0 - linenr 150000
2018/10/07 02:30:21 - Separa Ano e Mes.0 - Linenr 200000
2018/10/07 02:30:36 - Select values.0 - linenr 200000
2018/10/07 02:30:36 - Le Arquivo.0 - Line number : 250000
2018/10/07 02:30:40 - Carrega tabela.0 - linenr 200000
2018/10/07 02:30:40 - Separa Ano e Mes.0 - Linenr 250000
2018/10/07 02:30:55 - Select values.0 - linenr 250000
2018/10/07 02:30:55 - Le Arquivo.0 - Line number : 300000
2018/10/07 02:30:59 - Carrega tabela.0 - linenr 250000
2018/10/07 02:30:59 - Separa Ano e Mes.0 - Linenr 300000
2018/10/07 02:31:15 - Select values.0 - linenr 300000
2018/10/07 02:31:15 - Le Arquivo.0 - Line number : 350000
2018/10/07 02:31:18 - Carrega tabela.0 - linenr 300000
2018/10/07 02:31:19 - Separa Ano e Mes.0 - Linenr 350000
2018/10/07 02:31:34 - Select values.0 - linenr 350000
2018/10/07 02:31:34 - Le Arquivo.0 - Line number : 400000
2018/10/07 02:31:38 - Carrega tabela.0 - linenr 350000
2018/10/07 02:31:38 - Separa Ano e Mes.0 - Linenr 400000
2018/10/07 02:31:53 - Select values.0 - linenr 400000
2018/10/07 02:31:54 - Le Arquivo.0 - Line number : 450000
2018/10/07 02:31:57 - Carrega tabela.0 - linenr 400000
2018/10/07 02:31:57 - Separa Ano e Mes.0 - Linenr 450000
2018/10/07 02:32:13 - Select values.0 - linenr 450000
2018/10/07 02:32:13 - Le Arquivo.0 - Line number : 500000
2018/10/07 02:32:17 - Carrega tabela.0 - linenr 450000
2018/10/07 02:32:17 - Separa Ano e Mes.0 - Linenr 500000
2018/10/07 02:32:32 - Select values.0 - linenr 500000
2018/10/07 02:32:32 - Le Arquivo.0 - Line number : 550000
2018/10/07 02:32:36 - Carrega tabela.0 - linenr 500000
2018/10/07 02:32:36 - Separa Ano e Mes.0 - Linenr 550000
2018/10/07 02:32:51 - Select values.0 - linenr 550000
2018/10/07 02:32:52 - Le Arquivo.0 - Line number : 600000
2018/10/07 02:32:55 - Carrega tabela.0 - linenr 550000
2018/10/07 02:32:55 - Separa Ano e Mes.0 - Linenr 600000
2018/10/07 02:33:11 - Select values.0 - linenr 600000
2018/10/07 02:33:11 - Le Arquivo.0 - Line number : 650000
2018/10/07 02:33:14 - Carrega tabela.0 - linenr 600000
2018/10/07 02:33:15 - Separa Ano e Mes.0 - Linenr 650000
2018/10/07 02:33:30 - Select values.0 - linenr 650000
2018/10/07 02:33:30 - Le Arquivo.0 - Line number : 700000
2018/10/07 02:33:34 - Carrega tabela.0 - linenr 650000
2018/10/07 02:33:34 - Separa Ano e Mes.0 - Linenr 700000
2018/10/07 02:33:49 - Select values.0 - linenr 700000
2018/10/07 02:33:49 - Le Arquivo.0 - Line number : 750000
2018/10/07 02:33:53 - Carrega tabela.0 - linenr 700000
2018/10/07 02:33:53 - Separa Ano e Mes.0 - Linenr 750000
2018/10/07 02:34:08 - Select values.0 - linenr 750000
2018/10/07 02:34:08 - Le Arquivo.0 - Line number : 800000
2018/10/07 02:34:12 - Carrega tabela.0 - linenr 750000
2018/10/07 02:34:12 - Separa Ano e Mes.0 - Linenr 800000
2018/10/07 02:34:28 - Select values.0 - linenr 800000
2018/10/07 02:34:28 - Le Arquivo.0 - Line number : 850000
2018/10/07 02:34:31 - Carrega tabela.0 - linenr 800000
2018/10/07 02:34:32 - Separa Ano e Mes.0 - Linenr 850000
2018/10/07 02:34:47 - Select values.0 - linenr 850000
2018/10/07 02:34:47 - Le Arquivo.0 - Line number : 900000
2018/10/07 02:34:51 - Carrega tabela.0 - linenr 850000
2018/10/07 02:34:51 - Separa Ano e Mes.0 - Linenr 900000
2018/10/07 02:35:06 - Select values.0 - linenr 900000
2018/10/07 02:35:06 - Le Arquivo.0 - Line number : 950000
2018/10/07 02:35:10 - Carrega tabela.0 - linenr 900000
2018/10/07 02:35:10 - Separa Ano e Mes.0 - Linenr 950000
2018/10/07 02:35:26 - Select values.0 - linenr 950000
2018/10/07 02:35:26 - Le Arquivo.0 - Line number : 1000000
2018/10/07 02:35:30 - Carrega tabela.0 - linenr 950000
2018/10/07 02:35:30 - Separa Ano e Mes.0 - Linenr 1000000
2018/10/07 02:35:45 - Select values.0 - linenr 1000000
2018/10/07 02:35:45 - Le Arquivo.0 - Line number : 1050000
2018/10/07 02:35:49 - Carrega tabela.0 - linenr 1000000
2018/10/07 02:35:49 - Separa Ano e Mes.0 - Linenr 1050000
2018/10/07 02:36:04 - Select values.0 - linenr 1050000
2018/10/07 02:36:04 - Le Arquivo.0 - Line number : 1100000
2018/10/07 02:36:08 - Carrega tabela.0 - linenr 1050000
2018/10/07 02:36:08 - Separa Ano e Mes.0 - Linenr 1100000
2018/10/07 02:36:23 - Select values.0 - linenr 1100000
2018/10/07 02:36:23 - Le Arquivo.0 - Line number : 1150000
2018/10/07 02:36:27 - Carrega tabela.0 - linenr 1100000
2018/10/07 02:36:27 - Separa Ano e Mes.0 - Linenr 1150000
2018/10/07 02:36:42 - Select values.0 - linenr 1150000
2018/10/07 02:36:42 - Le Arquivo.0 - Line number : 1200000
2018/10/07 02:36:46 - Carrega tabela.0 - linenr 1150000
2018/10/07 02:36:46 - Separa Ano e Mes.0 - Linenr 1200000
2018/10/07 02:37:01 - Select values.0 - linenr 1200000
2018/10/07 02:37:02 - Le Arquivo.0 - Line number : 1250000
2018/10/07 02:37:05 - Carrega tabela.0 - linenr 1200000
2018/10/07 02:37:05 - Separa Ano e Mes.0 - Linenr 1250000
2018/10/07 02:37:21 - Select values.0 - linenr 1250000
2018/10/07 02:37:21 - Le Arquivo.0 - Line number : 1300000
2018/10/07 02:37:24 - Carrega tabela.0 - linenr 1250000
2018/10/07 02:37:24 - Separa Ano e Mes.0 - Linenr 1300000
2018/10/07 02:37:40 - Select values.0 - linenr 1300000
2018/10/07 02:37:40 - Le Arquivo.0 - Line number : 1350000
2018/10/07 02:37:43 - Carrega tabela.0 - linenr 1300000
2018/10/07 02:37:44 - Separa Ano e Mes.0 - Linenr 1350000
2018/10/07 02:37:59 - Select values.0 - linenr 1350000
2018/10/07 02:37:59 - Le Arquivo.0 - Line number : 1400000
2018/10/07 02:38:03 - Carrega tabela.0 - linenr 1350000
2018/10/07 02:38:03 - Separa Ano e Mes.0 - Linenr 1400000
2018/10/07 02:38:19 - Select values.0 - linenr 1400000
2018/10/07 02:38:19 - Le Arquivo.0 - Line number : 1450000
2018/10/07 02:38:22 - Carrega tabela.0 - linenr 1400000
2018/10/07 02:38:23 - Separa Ano e Mes.0 - Linenr 1450000
2018/10/07 02:38:38 - Select values.0 - linenr 1450000
2018/10/07 02:38:38 - Le Arquivo.0 - Line number : 1500000
2018/10/07 02:38:42 - Carrega tabela.0 - linenr 1450000
2018/10/07 02:38:42 - Separa Ano e Mes.0 - Linenr 1500000
2018/10/07 02:38:57 - Select values.0 - linenr 1500000
2018/10/07 02:38:57 - Le Arquivo.0 - Line number : 1550000
2018/10/07 02:39:01 - Carrega tabela.0 - linenr 1500000
2018/10/07 02:39:01 - Separa Ano e Mes.0 - Linenr 1550000
2018/10/07 02:39:17 - Select values.0 - linenr 1550000
2018/10/07 02:39:17 - Le Arquivo.0 - Line number : 1600000
2018/10/07 02:39:21 - Carrega tabela.0 - linenr 1550000
2018/10/07 02:39:21 - Separa Ano e Mes.0 - Linenr 1600000
2018/10/07 02:39:36 - Select values.0 - linenr 1600000
2018/10/07 02:39:36 - Le Arquivo.0 - Line number : 1650000
2018/10/07 02:39:40 - Carrega tabela.0 - linenr 1600000
2018/10/07 02:39:40 - Separa Ano e Mes.0 - Linenr 1650000
2018/10/07 02:39:56 - Select values.0 - linenr 1650000
2018/10/07 02:39:56 - Le Arquivo.0 - Line number : 1700000
2018/10/07 02:39:59 - Carrega tabela.0 - linenr 1650000
2018/10/07 02:40:00 - Separa Ano e Mes.0 - Linenr 1700000
2018/10/07 02:40:15 - Select values.0 - linenr 1700000
2018/10/07 02:40:15 - Le Arquivo.0 - Line number : 1750000
2018/10/07 02:40:19 - Carrega tabela.0 - linenr 1700000
2018/10/07 02:40:19 - Separa Ano e Mes.0 - Linenr 1750000
2018/10/07 02:40:35 - Select values.0 - linenr 1750000
2018/10/07 02:40:35 - Le Arquivo.0 - Line number : 1800000
2018/10/07 02:40:38 - Carrega tabela.0 - linenr 1750000
2018/10/07 02:40:39 - Separa Ano e Mes.0 - Linenr 1800000
2018/10/07 02:40:54 - Select values.0 - linenr 1800000
2018/10/07 02:40:54 - Le Arquivo.0 - Line number : 1850000
2018/10/07 02:40:57 - Carrega tabela.0 - linenr 1800000
2018/10/07 02:40:58 - Separa Ano e Mes.0 - Linenr 1850000
2018/10/07 02:41:13 - Select values.0 - linenr 1850000
2018/10/07 02:41:13 - Le Arquivo.0 - Line number : 1900000
2018/10/07 02:41:17 - Carrega tabela.0 - linenr 1850000
2018/10/07 02:41:17 - Separa Ano e Mes.0 - Linenr 1900000
2018/10/07 02:41:33 - Select values.0 - linenr 1900000
2018/10/07 02:41:33 - Le Arquivo.0 - Line number : 1950000
2018/10/07 02:41:36 - Carrega tabela.0 - linenr 1900000
2018/10/07 02:41:37 - Separa Ano e Mes.0 - Linenr 1950000
2018/10/07 02:41:52 - Select values.0 - linenr 1950000
2018/10/07 02:41:52 - Le Arquivo.0 - Line number : 2000000
2018/10/07 02:41:56 - Carrega tabela.0 - linenr 1950000
2018/10/07 02:41:56 - Separa Ano e Mes.0 - Linenr 2000000
2018/10/07 02:42:11 - Select values.0 - linenr 2000000
2018/10/07 02:42:11 - Le Arquivo.0 - Line number : 2050000
2018/10/07 02:42:15 - Carrega tabela.0 - linenr 2000000
2018/10/07 02:42:15 - Separa Ano e Mes.0 - Linenr 2050000
2018/10/07 02:42:31 - Select values.0 - linenr 2050000
2018/10/07 02:42:31 - Le Arquivo.0 - Line number : 2100000
2018/10/07 02:42:34 - Carrega tabela.0 - linenr 2050000
2018/10/07 02:42:35 - Separa Ano e Mes.0 - Linenr 2100000
2018/10/07 02:42:50 - Select values.0 - linenr 2100000
2018/10/07 02:42:50 - Le Arquivo.0 - Line number : 2150000
2018/10/07 02:42:54 - Carrega tabela.0 - linenr 2100000
2018/10/07 02:42:54 - Separa Ano e Mes.0 - Linenr 2150000
2018/10/07 02:43:09 - Select values.0 - linenr 2150000
2018/10/07 02:43:09 - Le Arquivo.0 - Line number : 2200000
2018/10/07 02:43:13 - Carrega tabela.0 - linenr 2150000
2018/10/07 02:43:13 - Separa Ano e Mes.0 - Linenr 2200000
2018/10/07 02:43:29 - Select values.0 - linenr 2200000
2018/10/07 02:43:29 - Le Arquivo.0 - Line number : 2250000
2018/10/07 02:43:33 - Carrega tabela.0 - linenr 2200000
2018/10/07 02:43:33 - Separa Ano e Mes.0 - Linenr 2250000
2018/10/07 02:43:48 - Select values.0 - linenr 2250000
2018/10/07 02:43:48 - Le Arquivo.0 - Line number : 2300000
2018/10/07 02:43:52 - Carrega tabela.0 - linenr 2250000
2018/10/07 02:43:52 - Separa Ano e Mes.0 - Linenr 2300000
2018/10/07 02:44:07 - Select values.0 - linenr 2300000
2018/10/07 02:44:08 - Le Arquivo.0 - Line number : 2350000
2018/10/07 02:44:11 - Carrega tabela.0 - linenr 2300000
2018/10/07 02:44:11 - Separa Ano e Mes.0 - Linenr 2350000
2018/10/07 02:44:27 - Select values.0 - linenr 2350000
2018/10/07 02:44:27 - Le Arquivo.0 - Line number : 2400000
2018/10/07 02:44:31 - Carrega tabela.0 - linenr 2350000
2018/10/07 02:44:31 - Separa Ano e Mes.0 - Linenr 2400000
2018/10/07 02:44:46 - Select values.0 - linenr 2400000
2018/10/07 02:44:46 - Le Arquivo.0 - Line number : 2450000
2018/10/07 02:44:50 - Carrega tabela.0 - linenr 2400000
2018/10/07 02:44:50 - Separa Ano e Mes.0 - Linenr 2450000
2018/10/07 02:45:05 - Select values.0 - linenr 2450000
2018/10/07 02:45:05 - Le Arquivo.0 - Line number : 2500000
2018/10/07 02:45:09 - Carrega tabela.0 - linenr 2450000
2018/10/07 02:45:09 - Separa Ano e Mes.0 - Linenr 2500000
2018/10/07 02:45:24 - Select values.0 - linenr 2500000
2018/10/07 02:45:24 - Le Arquivo.0 - Line number : 2550000
2018/10/07 02:45:28 - Carrega tabela.0 - linenr 2500000
2018/10/07 02:45:28 - Separa Ano e Mes.0 - Linenr 2550000
2018/10/07 02:45:44 - Select values.0 - linenr 2550000
2018/10/07 02:45:44 - Le Arquivo.0 - Line number : 2600000
2018/10/07 02:45:47 - Carrega tabela.0 - linenr 2550000
2018/10/07 02:45:47 - Separa Ano e Mes.0 - Linenr 2600000
2018/10/07 02:46:03 - Select values.0 - linenr 2600000
2018/10/07 02:46:03 - Le Arquivo.0 - Line number : 2650000
2018/10/07 02:46:07 - Carrega tabela.0 - linenr 2600000
2018/10/07 02:46:07 - Separa Ano e Mes.0 - Linenr 2650000
2018/10/07 02:46:22 - Select values.0 - linenr 2650000
2018/10/07 02:46:22 - Le Arquivo.0 - Line number : 2700000
2018/10/07 02:46:26 - Carrega tabela.0 - linenr 2650000
2018/10/07 02:46:26 - Separa Ano e Mes.0 - Linenr 2700000
2018/10/07 02:46:41 - Select values.0 - linenr 2700000
2018/10/07 02:46:41 - Le Arquivo.0 - Line number : 2750000
2018/10/07 02:46:45 - Carrega tabela.0 - linenr 2700000
2018/10/07 02:46:45 - Separa Ano e Mes.0 - Linenr 2750000
2018/10/07 02:47:00 - Select values.0 - linenr 2750000
2018/10/07 02:47:00 - Le Arquivo.0 - Line number : 2800000
2018/10/07 02:47:04 - Carrega tabela.0 - linenr 2750000
2018/10/07 02:47:04 - Separa Ano e Mes.0 - Linenr 2800000
2018/10/07 02:47:19 - Select values.0 - linenr 2800000
2018/10/07 02:47:19 - Le Arquivo.0 - Line number : 2850000
2018/10/07 02:47:23 - Carrega tabela.0 - linenr 2800000
2018/10/07 02:47:23 - Separa Ano e Mes.0 - Linenr 2850000
2018/10/07 02:47:38 - Select values.0 - linenr 2850000
2018/10/07 02:47:38 - Le Arquivo.0 - Line number : 2900000
2018/10/07 02:47:42 - Carrega tabela.0 - linenr 2850000
2018/10/07 02:47:42 - Separa Ano e Mes.0 - Linenr 2900000
2018/10/07 02:47:57 - Select values.0 - linenr 2900000
2018/10/07 02:47:57 - Le Arquivo.0 - Line number : 2950000
2018/10/07 02:48:01 - Carrega tabela.0 - linenr 2900000
2018/10/07 02:48:01 - Separa Ano e Mes.0 - Linenr 2950000
2018/10/07 02:48:16 - Select values.0 - linenr 2950000
2018/10/07 02:48:16 - Le Arquivo.0 - Line number : 3000000
2018/10/07 02:48:20 - Carrega tabela.0 - linenr 2950000
2018/10/07 02:48:20 - Separa Ano e Mes.0 - Linenr 3000000
2018/10/07 02:48:35 - Select values.0 - linenr 3000000
2018/10/07 02:48:36 - Le Arquivo.0 - Line number : 3050000
2018/10/07 02:48:39 - Carrega tabela.0 - linenr 3000000
2018/10/07 02:48:39 - Separa Ano e Mes.0 - Linenr 3050000
2018/10/07 02:48:55 - Select values.0 - linenr 3050000
2018/10/07 02:48:55 - Le Arquivo.0 - Line number : 3100000
2018/10/07 02:48:58 - Carrega tabela.0 - linenr 3050000
2018/10/07 02:48:59 - Separa Ano e Mes.0 - Linenr 3100000
2018/10/07 02:49:14 - Select values.0 - linenr 3100000
2018/10/07 02:49:14 - Le Arquivo.0 - Line number : 3150000
2018/10/07 02:49:18 - Carrega tabela.0 - linenr 3100000
2018/10/07 02:49:18 - Separa Ano e Mes.0 - Linenr 3150000
2018/10/07 02:49:33 - Select values.0 - linenr 3150000
2018/10/07 02:49:33 - Le Arquivo.0 - Line number : 3200000
2018/10/07 02:49:37 - Carrega tabela.0 - linenr 3150000
2018/10/07 02:49:37 - Separa Ano e Mes.0 - Linenr 3200000
2018/10/07 02:49:52 - Select values.0 - linenr 3200000
2018/10/07 02:49:52 - Le Arquivo.0 - Line number : 3250000
2018/10/07 02:49:56 - Carrega tabela.0 - linenr 3200000
2018/10/07 02:49:56 - Separa Ano e Mes.0 - Linenr 3250000
2018/10/07 02:50:12 - Select values.0 - linenr 3250000
2018/10/07 02:50:12 - Le Arquivo.0 - Line number : 3300000
2018/10/07 02:50:15 - Carrega tabela.0 - linenr 3250000
2018/10/07 02:50:16 - Separa Ano e Mes.0 - Linenr 3300000
2018/10/07 02:50:31 - Select values.0 - linenr 3300000
2018/10/07 02:50:31 - Le Arquivo.0 - Line number : 3350000
2018/10/07 02:50:35 - Carrega tabela.0 - linenr 3300000
2018/10/07 02:50:35 - Separa Ano e Mes.0 - Linenr 3350000
2018/10/07 02:50:50 - Select values.0 - linenr 3350000
2018/10/07 02:50:50 - Le Arquivo.0 - Line number : 3400000
2018/10/07 02:50:54 - Carrega tabela.0 - linenr 3350000
2018/10/07 02:50:54 - Separa Ano e Mes.0 - Linenr 3400000
2018/10/07 02:51:09 - Select values.0 - linenr 3400000
2018/10/07 02:51:09 - Le Arquivo.0 - Line number : 3450000
2018/10/07 02:51:13 - Carrega tabela.0 - linenr 3400000
2018/10/07 02:51:13 - Separa Ano e Mes.0 - Linenr 3450000
2018/10/07 02:51:28 - Select values.0 - linenr 3450000
2018/10/07 02:51:29 - Le Arquivo.0 - Line number : 3500000
2018/10/07 02:51:32 - Carrega tabela.0 - linenr 3450000
2018/10/07 02:51:32 - Separa Ano e Mes.0 - Linenr 3500000
2018/10/07 02:51:48 - Select values.0 - linenr 3500000
2018/10/07 02:51:48 - Le Arquivo.0 - Line number : 3550000
2018/10/07 02:51:51 - Carrega tabela.0 - linenr 3500000
2018/10/07 02:51:52 - Separa Ano e Mes.0 - Linenr 3550000
2018/10/07 02:52:07 - Select values.0 - linenr 3550000
2018/10/07 02:52:07 - Le Arquivo.0 - Line number : 3600000
2018/10/07 02:52:11 - Carrega tabela.0 - linenr 3550000
2018/10/07 02:52:11 - Separa Ano e Mes.0 - Linenr 3600000
2018/10/07 02:52:26 - Select values.0 - linenr 3600000
2018/10/07 02:52:26 - Le Arquivo.0 - Line number : 3650000
2018/10/07 02:52:30 - Carrega tabela.0 - linenr 3600000
2018/10/07 02:52:30 - Separa Ano e Mes.0 - Linenr 3650000
2018/10/07 02:52:45 - Select values.0 - linenr 3650000
2018/10/07 02:52:45 - Le Arquivo.0 - Line number : 3700000
2018/10/07 02:52:49 - Carrega tabela.0 - linenr 3650000
2018/10/07 02:52:49 - Separa Ano e Mes.0 - Linenr 3700000
2018/10/07 02:53:04 - Select values.0 - linenr 3700000
2018/10/07 02:53:05 - Le Arquivo.0 - Line number : 3750000
2018/10/07 02:53:08 - Carrega tabela.0 - linenr 3700000
2018/10/07 02:53:08 - Separa Ano e Mes.0 - Linenr 3750000
2018/10/07 02:53:24 - Select values.0 - linenr 3750000
2018/10/07 02:53:24 - Le Arquivo.0 - Line number : 3800000
2018/10/07 02:53:28 - Carrega tabela.0 - linenr 3750000
2018/10/07 02:53:28 - Separa Ano e Mes.0 - Linenr 3800000
2018/10/07 02:53:43 - Select values.0 - linenr 3800000
2018/10/07 02:53:43 - Le Arquivo.0 - Line number : 3850000
2018/10/07 02:53:47 - Carrega tabela.0 - linenr 3800000
2018/10/07 02:53:47 - Separa Ano e Mes.0 - Linenr 3850000
2018/10/07 02:54:03 - Select values.0 - linenr 3850000
2018/10/07 02:54:03 - Le Arquivo.0 - Line number : 3900000
2018/10/07 02:54:07 - Carrega tabela.0 - linenr 3850000
2018/10/07 02:54:07 - Separa Ano e Mes.0 - Linenr 3900000
2018/10/07 02:54:22 - Select values.0 - linenr 3900000
2018/10/07 02:54:22 - Le Arquivo.0 - Line number : 3950000
2018/10/07 02:54:26 - Carrega tabela.0 - linenr 3900000
2018/10/07 02:54:26 - Separa Ano e Mes.0 - Linenr 3950000
2018/10/07 02:54:41 - Select values.0 - linenr 3950000
2018/10/07 02:54:41 - Le Arquivo.0 - Line number : 4000000
2018/10/07 02:54:45 - Carrega tabela.0 - linenr 3950000
2018/10/07 02:54:45 - Separa Ano e Mes.0 - Linenr 4000000
2018/10/07 02:55:01 - Select values.0 - linenr 4000000
2018/10/07 02:55:01 - Le Arquivo.0 - Line number : 4050000
2018/10/07 02:55:04 - Carrega tabela.0 - linenr 4000000
2018/10/07 02:55:05 - Separa Ano e Mes.0 - Linenr 4050000
2018/10/07 02:55:20 - Select values.0 - linenr 4050000
2018/10/07 02:55:20 - Le Arquivo.0 - Line number : 4100000
2018/10/07 02:55:24 - Carrega tabela.0 - linenr 4050000
2018/10/07 02:55:24 - Separa Ano e Mes.0 - Linenr 4100000
2018/10/07 02:55:39 - Select values.0 - linenr 4100000
2018/10/07 02:55:40 - Le Arquivo.0 - Line number : 4150000
2018/10/07 02:55:43 - Carrega tabela.0 - linenr 4100000
2018/10/07 02:55:44 - Separa Ano e Mes.0 - Linenr 4150000
2018/10/07 02:55:59 - Select values.0 - linenr 4150000
2018/10/07 02:55:59 - Le Arquivo.0 - Line number : 4200000
2018/10/07 02:56:02 - Carrega tabela.0 - linenr 4150000
2018/10/07 02:56:03 - Separa Ano e Mes.0 - Linenr 4200000
2018/10/07 02:56:18 - Select values.0 - linenr 4200000
2018/10/07 02:56:18 - Le Arquivo.0 - Line number : 4250000
2018/10/07 02:56:22 - Carrega tabela.0 - linenr 4200000
2018/10/07 02:56:22 - Separa Ano e Mes.0 - Linenr 4250000
2018/10/07 02:56:37 - Select values.0 - linenr 4250000
2018/10/07 02:56:37 - Le Arquivo.0 - Line number : 4300000
2018/10/07 02:56:41 - Carrega tabela.0 - linenr 4250000
2018/10/07 02:56:41 - Separa Ano e Mes.0 - Linenr 4300000
2018/10/07 02:56:57 - Select values.0 - linenr 4300000
2018/10/07 02:56:57 - Le Arquivo.0 - Line number : 4350000
2018/10/07 02:57:00 - Carrega tabela.0 - linenr 4300000
2018/10/07 02:57:00 - Separa Ano e Mes.0 - Linenr 4350000
2018/10/07 02:57:16 - Select values.0 - linenr 4350000
2018/10/07 02:57:16 - Le Arquivo.0 - Line number : 4400000
2018/10/07 02:57:20 - Carrega tabela.0 - linenr 4350000
2018/10/07 02:57:20 - Separa Ano e Mes.0 - Linenr 4400000
2018/10/07 02:57:35 - Select values.0 - linenr 4400000
2018/10/07 02:57:35 - Le Arquivo.0 - Line number : 4450000
2018/10/07 02:57:39 - Carrega tabela.0 - linenr 4400000
2018/10/07 02:57:39 - Separa Ano e Mes.0 - Linenr 4450000
2018/10/07 02:57:55 - Select values.0 - linenr 4450000
2018/10/07 02:57:55 - Le Arquivo.0 - Line number : 4500000
2018/10/07 02:57:58 - Carrega tabela.0 - linenr 4450000
2018/10/07 02:57:59 - Separa Ano e Mes.0 - Linenr 4500000
2018/10/07 02:58:14 - Select values.0 - linenr 4500000
2018/10/07 02:58:14 - Le Arquivo.0 - Line number : 4550000
2018/10/07 02:58:18 - Carrega tabela.0 - linenr 4500000
2018/10/07 02:58:18 - Separa Ano e Mes.0 - Linenr 4550000
2018/10/07 02:58:33 - Select values.0 - linenr 4550000
2018/10/07 02:58:33 - Le Arquivo.0 - Line number : 4600000
2018/10/07 02:58:37 - Carrega tabela.0 - linenr 4550000
2018/10/07 02:58:37 - Separa Ano e Mes.0 - Linenr 4600000
2018/10/07 02:58:52 - Select values.0 - linenr 4600000
2018/10/07 02:58:53 - Le Arquivo.0 - Line number : 4650000
2018/10/07 02:58:56 - Carrega tabela.0 - linenr 4600000
2018/10/07 02:58:56 - Separa Ano e Mes.0 - Linenr 4650000
2018/10/07 02:59:12 - Select values.0 - linenr 4650000
2018/10/07 02:59:12 - Le Arquivo.0 - Line number : 4700000
2018/10/07 02:59:16 - Carrega tabela.0 - linenr 4650000
2018/10/07 02:59:16 - Separa Ano e Mes.0 - Linenr 4700000
2018/10/07 02:59:31 - Select values.0 - linenr 4700000
2018/10/07 02:59:31 - Le Arquivo.0 - Line number : 4750000
2018/10/07 02:59:35 - Carrega tabela.0 - linenr 4700000
2018/10/07 02:59:35 - Separa Ano e Mes.0 - Linenr 4750000
2018/10/07 02:59:50 - Select values.0 - linenr 4750000
2018/10/07 02:59:50 - Le Arquivo.0 - Line number : 4800000
2018/10/07 02:59:54 - Carrega tabela.0 - linenr 4750000
2018/10/07 02:59:54 - Separa Ano e Mes.0 - Linenr 4800000
2018/10/07 03:00:09 - Select values.0 - linenr 4800000
2018/10/07 03:00:10 - Le Arquivo.0 - Line number : 4850000
2018/10/07 03:00:13 - Carrega tabela.0 - linenr 4800000
2018/10/07 03:00:13 - Separa Ano e Mes.0 - Linenr 4850000
2018/10/07 03:00:29 - Select values.0 - linenr 4850000
2018/10/07 03:00:29 - Le Arquivo.0 - Line number : 4900000
2018/10/07 03:00:32 - Carrega tabela.0 - linenr 4850000
2018/10/07 03:00:33 - Separa Ano e Mes.0 - Linenr 4900000
2018/10/07 03:00:48 - Select values.0 - linenr 4900000
2018/10/07 03:00:48 - Le Arquivo.0 - Line number : 4950000
2018/10/07 03:00:52 - Carrega tabela.0 - linenr 4900000
2018/10/07 03:00:52 - Separa Ano e Mes.0 - Linenr 4950000
2018/10/07 03:01:07 - Select values.0 - linenr 4950000
2018/10/07 03:01:07 - Le Arquivo.0 - Line number : 5000000
2018/10/07 03:01:11 - Carrega tabela.0 - linenr 4950000
2018/10/07 03:01:11 - Separa Ano e Mes.0 - Linenr 5000000
2018/10/07 03:01:26 - Select values.0 - linenr 5000000
2018/10/07 03:01:27 - Le Arquivo.0 - Line number : 5050000
2018/10/07 03:01:30 - Carrega tabela.0 - linenr 5000000
2018/10/07 03:01:30 - Separa Ano e Mes.0 - Linenr 5050000
2018/10/07 03:01:46 - Select values.0 - linenr 5050000
2018/10/07 03:01:46 - Le Arquivo.0 - Line number : 5100000
2018/10/07 03:01:49 - Carrega tabela.0 - linenr 5050000
2018/10/07 03:01:50 - Separa Ano e Mes.0 - Linenr 5100000
2018/10/07 03:02:05 - Select values.0 - linenr 5100000
2018/10/07 03:02:05 - Le Arquivo.0 - Line number : 5150000
2018/10/07 03:02:08 - Carrega tabela.0 - linenr 5100000
2018/10/07 03:02:09 - Separa Ano e Mes.0 - Linenr 5150000
2018/10/07 03:02:24 - Select values.0 - linenr 5150000
2018/10/07 03:02:24 - Le Arquivo.0 - Line number : 5200000
2018/10/07 03:02:28 - Carrega tabela.0 - linenr 5150000
2018/10/07 03:02:28 - Separa Ano e Mes.0 - Linenr 5200000
2018/10/07 03:02:43 - Select values.0 - linenr 5200000
2018/10/07 03:02:43 - Le Arquivo.0 - Line number : 5250000
2018/10/07 03:02:47 - Carrega tabela.0 - linenr 5200000
2018/10/07 03:02:47 - Separa Ano e Mes.0 - Linenr 5250000
2018/10/07 03:03:02 - Select values.0 - linenr 5250000
2018/10/07 03:03:02 - Le Arquivo.0 - Line number : 5300000
2018/10/07 03:03:06 - Carrega tabela.0 - linenr 5250000
2018/10/07 03:03:06 - Separa Ano e Mes.0 - Linenr 5300000
2018/10/07 03:03:21 - Select values.0 - linenr 5300000
2018/10/07 03:03:21 - Le Arquivo.0 - Line number : 5350000
2018/10/07 03:03:25 - Carrega tabela.0 - linenr 5300000
2018/10/07 03:03:25 - Separa Ano e Mes.0 - Linenr 5350000
2018/10/07 03:03:40 - Select values.0 - linenr 5350000
2018/10/07 03:03:41 - Le Arquivo.0 - Line number : 5400000
2018/10/07 03:03:44 - Carrega tabela.0 - linenr 5350000
2018/10/07 03:03:44 - Separa Ano e Mes.0 - Linenr 5400000
2018/10/07 03:03:59 - Select values.0 - linenr 5400000
2018/10/07 03:04:00 - Le Arquivo.0 - Line number : 5450000
2018/10/07 03:04:03 - C