#######################################################################
WARNING:  no libwebkitgtk-1.0 detected, some features will be unavailable
    Consider installing the package with apt-get or yum.
    e.g. 'sudo apt-get install libwebkitgtk-1.0-0'
#######################################################################
OpenJDK 64-Bit Server VM warning: ignoring option MaxPermSize=4G; support was removed in 8.0
01:14:20,061 INFO  [KarafBoot] Checking to see if org.pentaho.clean.karaf.cache is enabled
01:14:20,159 INFO  [KarafInstance] 
*******************************************************************************
*** Karaf Instance Number: 2 at /opt/data-integration/./system/karaf/caches ***
***   /kitchen/data-1                                                       ***
*** FastBin Provider Port:52902                                             ***
*** Karaf Port:8803                                                         ***
*** OSGI Service Port:9052                                                  ***
*******************************************************************************
out 07, 2018 1:14:20 AM org.apache.karaf.main.Main$KarafLockCallback lockAquired
INFO: Lock acquired. Setting startlevel to 100
2018/10/07 01:14:21 - Kitchen - Start of run.
2018-10-07 01:14:23.644:INFO:oejs.Server:jetty-8.1.15.v20140411
2018-10-07 01:14:23.671:INFO:oejs.AbstractConnector:Started NIOSocketConnectorWrapper@0.0.0.0:9052
out 07, 2018 1:14:24 AM org.apache.cxf.bus.blueprint.NamespaceHandlerRegisterer register
INFO: Registered blueprint namespace handler for http://cxf.apache.org/blueprint/core
out 07, 2018 1:14:24 AM org.apache.cxf.bus.blueprint.NamespaceHandlerRegisterer register
INFO: Registered blueprint namespace handler for http://cxf.apache.org/configuration/beans
out 07, 2018 1:14:24 AM org.apache.cxf.bus.blueprint.NamespaceHandlerRegisterer register
INFO: Registered blueprint namespace handler for http://cxf.apache.org/configuration/parameterized-types
out 07, 2018 1:14:24 AM org.apache.cxf.bus.blueprint.NamespaceHandlerRegisterer register
INFO: Registered blueprint namespace handler for http://cxf.apache.org/configuration/security
out 07, 2018 1:14:24 AM org.apache.cxf.bus.blueprint.NamespaceHandlerRegisterer register
INFO: Registered blueprint namespace handler for http://schemas.xmlsoap.org/wsdl/
out 07, 2018 1:14:24 AM org.apache.cxf.bus.blueprint.NamespaceHandlerRegisterer register
INFO: Registered blueprint namespace handler for http://www.w3.org/2005/08/addressing
out 07, 2018 1:14:24 AM org.apache.cxf.bus.blueprint.NamespaceHandlerRegisterer register
INFO: Registered blueprint namespace handler for http://schemas.xmlsoap.org/ws/2004/08/addressing
out 07, 2018 1:14:24 AM org.apache.cxf.bus.osgi.CXFExtensionBundleListener addExtensions
INFO: Adding the extensions from bundle org.apache.cxf.cxf-rt-management (152) [org.apache.cxf.management.InstrumentationManager]
out 07, 2018 1:14:24 AM org.apache.cxf.bus.osgi.CXFExtensionBundleListener addExtensions
INFO: Adding the extensions from bundle org.apache.cxf.cxf-rt-ws-policy (203) [org.apache.cxf.ws.policy.PolicyEngine, org.apache.cxf.policy.PolicyDataEngine, org.apache.cxf.ws.policy.AssertionBuilderRegistry, org.apache.cxf.ws.policy.PolicyInterceptorProviderRegistry, org.apache.cxf.ws.policy.PolicyBuilder, org.apache.cxf.ws.policy.PolicyAnnotationListener, org.apache.cxf.ws.policy.attachment.ServiceModelPolicyProvider, org.apache.cxf.ws.policy.attachment.external.DomainExpressionBuilderRegistry, org.apache.cxf.ws.policy.attachment.external.EndpointReferenceDomainExpressionBuilder, org.apache.cxf.ws.policy.attachment.external.URIDomainExpressionBuilder, org.apache.cxf.ws.policy.attachment.wsdl11.Wsdl11AttachmentPolicyProvider, org.apache.cxf.ws.policy.mtom.MTOMAssertionBuilder, org.apache.cxf.ws.policy.mtom.MTOMPolicyInterceptorProvider]
out 07, 2018 1:14:24 AM org.apache.cxf.bus.osgi.CXFExtensionBundleListener addExtensions
INFO: Adding the extensions from bundle org.apache.cxf.cxf-rt-transports-http (156) [org.apache.cxf.transport.http.HTTPTransportFactory, org.apache.cxf.transport.http.HTTPWSDLExtensionLoader, org.apache.cxf.transport.http.policy.HTTPClientAssertionBuilder, org.apache.cxf.transport.http.policy.HTTPServerAssertionBuilder, org.apache.cxf.transport.http.policy.NoOpPolicyInterceptorProvider]
out 07, 2018 1:14:24 AM org.apache.cxf.bus.osgi.CXFExtensionBundleListener addExtensions
INFO: Adding the extensions from bundle org.apache.cxf.cxf-rt-wsdl (189) [org.apache.cxf.wsdl.WSDLManager]
out 07, 2018 1:14:24 AM org.apache.cxf.bus.blueprint.NamespaceHandlerRegisterer register
INFO: Registered blueprint namespace handler for http://cxf.apache.org/transports/http/configuration
out 07, 2018 1:14:24 AM org.apache.cxf.bus.osgi.CXFExtensionBundleListener addExtensions
INFO: Adding the extensions from bundle org.apache.cxf.cxf-rt-bindings-soap (192) [org.apache.cxf.binding.soap.SoapBindingFactory, org.apache.cxf.binding.soap.SoapTransportFactory]
out 07, 2018 1:14:24 AM org.apache.cxf.bus.blueprint.NamespaceHandlerRegisterer register
INFO: Registered blueprint namespace handler for http://cxf.apache.org/blueprint/jaxrs
out 07, 2018 1:14:24 AM org.apache.cxf.bus.blueprint.NamespaceHandlerRegisterer register
INFO: Registered blueprint namespace handler for http://cxf.apache.org/blueprint/jaxrs-client
out 07, 2018 1:14:24 AM org.apache.cxf.bus.osgi.CXFExtensionBundleListener addExtensions
INFO: Adding the extensions from bundle org.apache.cxf.cxf-rt-bindings-xml (191) [org.apache.cxf.binding.xml.XMLBindingFactory, org.apache.cxf.binding.xml.wsdl11.XMLWSDLExtensionLoader]
out 07, 2018 1:14:24 AM org.apache.cxf.bus.blueprint.NamespaceHandlerRegisterer register
INFO: Registered blueprint namespace handler for http://cxf.apache.org/blueprint/bindings/soap
out 07, 2018 1:14:24 AM org.apache.cxf.bus.blueprint.NamespaceHandlerRegisterer register
INFO: Registered blueprint namespace handler for http://cxf.apache.org/blueprint/simple
out 07, 2018 1:14:24 AM org.apache.cxf.bus.osgi.CXFExtensionBundleListener addExtensions
INFO: Adding the extensions from bundle org.apache.cxf.cxf-rt-frontend-jaxws (194) [org.apache.cxf.jaxws.context.WebServiceContextResourceResolver]
out 07, 2018 1:14:24 AM org.apache.cxf.bus.blueprint.NamespaceHandlerRegisterer register
INFO: Registered blueprint namespace handler for http://cxf.apache.org/blueprint/jaxws
out 07, 2018 1:14:24 AM org.apache.cxf.bus.blueprint.NamespaceHandlerRegisterer register
INFO: Registered blueprint namespace handler for http://cxf.apache.org/binding/coloc
out 07, 2018 1:14:24 AM org.apache.cxf.bus.osgi.CXFExtensionBundleListener addExtensions
INFO: Adding the extensions from bundle org.apache.cxf.cxf-rt-transports-local (199) [org.apache.cxf.transport.local.LocalTransportFactory]
out 07, 2018 1:14:24 AM org.apache.cxf.bus.osgi.CXFExtensionBundleListener addExtensions
INFO: Adding the extensions from bundle org.apache.cxf.cxf-rt-bindings-object (200) [org.apache.cxf.binding.object.ObjectBindingFactory]
out 07, 2018 1:14:24 AM org.apache.cxf.bus.blueprint.NamespaceHandlerRegisterer register
INFO: Registered blueprint namespace handler for http://cxf.apache.org/blueprint/binding/object
out 07, 2018 1:14:24 AM org.apache.cxf.bus.blueprint.NamespaceHandlerRegisterer register
INFO: Registered blueprint namespace handler for http://cxf.apache.org/policy
out 07, 2018 1:14:24 AM org.apache.cxf.bus.blueprint.NamespaceHandlerRegisterer register
INFO: Registered blueprint namespace handler for http://www.w3.org/ns/ws-policy
out 07, 2018 1:14:24 AM org.apache.cxf.bus.blueprint.NamespaceHandlerRegisterer register
INFO: Registered blueprint namespace handler for http://www.w3.org/2006/07/ws-policy
out 07, 2018 1:14:24 AM org.apache.cxf.bus.blueprint.NamespaceHandlerRegisterer register
INFO: Registered blueprint namespace handler for http://schemas.xmlsoap.org/ws/2004/09/policy
out 07, 2018 1:14:24 AM org.apache.cxf.bus.blueprint.NamespaceHandlerRegisterer register
INFO: Registered blueprint namespace handler for http://docs.oasis-open.org/wss/2004/01/oasis-200401-wss-wssecurity-secext-1.0.xsd
out 07, 2018 1:14:24 AM org.apache.cxf.bus.blueprint.NamespaceHandlerRegisterer register
INFO: Registered blueprint namespace handler for http://docs.oasis-open.org/wss/2004/01/oasis-200401-wss-wssecurity-utility-1.0.xsd
out 07, 2018 1:14:24 AM org.apache.cxf.bus.blueprint.NamespaceHandlerRegisterer register
INFO: Registered blueprint namespace handler for http://www.w3.org/2000/09/xmldsig#
out 07, 2018 1:14:24 AM org.apache.cxf.bus.blueprint.NamespaceHandlerRegisterer register
INFO: Registered blueprint namespace handler for http://docs.oasis-open.org/ws-sx/ws-securitypolicy/200702
out 07, 2018 1:14:24 AM org.apache.cxf.bus.osgi.CXFExtensionBundleListener addExtensions
INFO: Adding the extensions from bundle org.apache.cxf.cxf-rt-ws-addr (220) [org.apache.cxf.ws.addressing.policy.AddressingAssertionBuilder, org.apache.cxf.ws.addressing.policy.UsingAddressingAssertionBuilder, org.apache.cxf.ws.addressing.policy.AddressingPolicyInterceptorProvider, org.apache.cxf.ws.addressing.impl.AddressingWSDLExtensionLoader, org.apache.cxf.ws.addressing.WSAddressingFeature$WSAddressingFeatureApplier, org.apache.cxf.ws.addressing.MAPAggregator$MAPAggregatorLoader]
out 07, 2018 1:14:24 AM org.apache.cxf.bus.blueprint.NamespaceHandlerRegisterer register
INFO: Registered blueprint namespace handler for http://cxf.apache.org/ws/addressing
out 07, 2018 1:14:24 AM org.apache.cxf.bus.osgi.CXFExtensionBundleListener addExtensions
INFO: Adding the extensions from bundle org.apache.cxf.cxf-rt-ws-security (222) [org.apache.cxf.ws.security.policy.WSSecurityPolicyLoader, org.apache.cxf.ws.security.cache.CacheCleanupListener]
out 07, 2018 1:14:24 AM org.apache.cxf.bus.osgi.CXFExtensionBundleListener addExtensions
INFO: Adding the extensions from bundle org.apache.cxf.cxf-rt-ws-rm (224) [org.apache.cxf.ws.rm.RMManager, org.apache.cxf.ws.rm.policy.RMPolicyInterceptorProvider, org.apache.cxf.ws.rm.policy.RM10AssertionBuilder, org.apache.cxf.ws.rm.policy.RM12AssertionBuilder, org.apache.cxf.ws.rm.policy.WSRMP12PolicyLoader, org.apache.cxf.ws.rm.policy.MC11PolicyLoader, org.apache.cxf.ws.rm.policy.RSPPolicyLoader]
out 07, 2018 1:14:24 AM org.apache.cxf.bus.blueprint.NamespaceHandlerRegisterer register
INFO: Registered blueprint namespace handler for http://cxf.apache.org/ws/rm/manager
out 07, 2018 1:14:24 AM org.apache.cxf.bus.blueprint.NamespaceHandlerRegisterer register
INFO: Registered blueprint namespace handler for http://schemas.xmlsoap.org/ws/2005/02/rm/policy
out 07, 2018 1:14:24 AM org.apache.cxf.bus.osgi.CXFExtensionBundleListener addExtensions
INFO: Adding the extensions from bundle org.apache.cxf.cxf-rt-javascript (225) [org.apache.cxf.javascript.JavascriptServerListener]
out 07, 2018 1:14:24 AM org.pentaho.caching.impl.PentahoCacheManagerFactory$RegistrationHandler$1 onSuccess
INFO: New Caching Service registered
2018/10/07 01:14:27 - job_carga_caged - Start of job execution
2018/10/07 01:14:27 - job_carga_caged - Starting entry [ktr_carga_caged]
2018/10/07 01:14:27 - ktr_carga_caged - Loading transformation from XML file [/home/unb/MTB/ETL/ods/mtb/caged_dw/ktr_carga_caged.ktr]
out 07, 2018 1:14:27 AM org.apache.cxf.endpoint.ServerImpl initDestination
INFO: Setting the server's publish address to be /marketplace
2018/10/07 01:14:27 - ktr_carga_caged - Using run configuration [Pentaho local]
2018/10/07 01:14:27 - ktr_carga_caged - Using legacy execution engine
2018/10/07 01:14:27 - ktr_carga_caged - Dispatching started for transformation [ktr_carga_caged]
out 07, 2018 1:14:27 AM org.apache.cxf.endpoint.ServerImpl initDestination
INFO: Setting the server's publish address to be /lineage
out 07, 2018 1:14:27 AM org.apache.cxf.endpoint.ServerImpl initDestination
INFO: Setting the server's publish address to be /i18n
2018/10/07 01:14:27 - Carrega tabela.0 - Connected to database [comexao_ods] (commit=100000000)
SLF4J: Class path contains multiple SLF4J bindings.
SLF4J: Found binding in [jar:file:/opt/data-integration/launcher/../lib/slf4j-log4j12-1.7.7.jar!/org/slf4j/impl/StaticLoggerBinder.class]
SLF4J: Found binding in [jar:file:/opt/data-integration/plugins/pentaho-big-data-plugin/lib/slf4j-log4j12-1.7.7.jar!/org/slf4j/impl/StaticLoggerBinder.class]
SLF4J: See http://www.slf4j.org/codes.html#multiple_bindings for an explanation.
SLF4J: Actual binding is of type [org.slf4j.impl.Log4jLoggerFactory]
2018/10/07 01:14:27 - Le Arquivo.0 - Header row skipped in file '/mnt/unb/bases_mte/CAGED/CAGED_TRABALHADOR_AJUSTADO_012018.txt'
2018/10/07 01:14:29 - Le Arquivo.0 - Line number : 50000
2018/10/07 01:14:29 - Separa Ano e Mes.0 - Linenr 50000
2018/10/07 01:14:43 - Select values.0 - linenr 50000
2018/10/07 01:14:44 - Le Arquivo.0 - Line number : 100000
2018/10/07 01:14:47 - Carrega tabela.0 - linenr 50000
2018/10/07 01:14:47 - Separa Ano e Mes.0 - Linenr 100000
2018/10/07 01:15:03 - Select values.0 - linenr 100000
2018/10/07 01:15:03 - Le Arquivo.0 - Line number : 150000
2018/10/07 01:15:06 - Carrega tabela.0 - linenr 100000
2018/10/07 01:15:07 - Separa Ano e Mes.0 - Linenr 150000
2018/10/07 01:15:22 - Select values.0 - linenr 150000
2018/10/07 01:15:22 - Le Arquivo.0 - Line number : 200000
2018/10/07 01:15:26 - Carrega tabela.0 - linenr 150000
2018/10/07 01:15:26 - Separa Ano e Mes.0 - Linenr 200000
2018/10/07 01:15:41 - Select values.0 - linenr 200000
2018/10/07 01:15:42 - Le Arquivo.0 - Line number : 250000
2018/10/07 01:15:45 - Carrega tabela.0 - linenr 200000
2018/10/07 01:15:45 - Separa Ano e Mes.0 - Linenr 250000
2018/10/07 01:16:01 - Select values.0 - linenr 250000
2018/10/07 01:16:01 - Le Arquivo.0 - Line number : 300000
2018/10/07 01:16:04 - Carrega tabela.0 - linenr 250000
2018/10/07 01:16:05 - Separa Ano e Mes.0 - Linenr 300000
2018/10/07 01:16:20 - Select values.0 - linenr 300000
2018/10/07 01:16:20 - Le Arquivo.0 - Line number : 350000
2018/10/07 01:16:24 - Carrega tabela.0 - linenr 300000
2018/10/07 01:16:24 - Separa Ano e Mes.0 - Linenr 350000
2018/10/07 01:16:39 - Select values.0 - linenr 350000
2018/10/07 01:16:39 - Le Arquivo.0 - Line number : 400000
2018/10/07 01:16:43 - Carrega tabela.0 - linenr 350000
2018/10/07 01:16:43 - Separa Ano e Mes.0 - Linenr 400000
2018/10/07 01:16:58 - Select values.0 - linenr 400000
2018/10/07 01:16:58 - Le Arquivo.0 - Line number : 450000
2018/10/07 01:17:02 - Carrega tabela.0 - linenr 400000
2018/10/07 01:17:02 - Separa Ano e Mes.0 - Linenr 450000
2018/10/07 01:17:17 - Select values.0 - linenr 450000
2018/10/07 01:17:18 - Le Arquivo.0 - Line number : 500000
2018/10/07 01:17:21 - Carrega tabela.0 - linenr 450000
2018/10/07 01:17:21 - Separa Ano e Mes.0 - Linenr 500000
2018/10/07 01:17:36 - Select values.0 - linenr 500000
2018/10/07 01:17:36 - Le Arquivo.0 - Line number : 550000
2018/10/07 01:17:40 - Carrega tabela.0 - linenr 500000
2018/10/07 01:17:40 - Separa Ano e Mes.0 - Linenr 550000
2018/10/07 01:17:56 - Select values.0 - linenr 550000
2018/10/07 01:17:56 - Le Arquivo.0 - Line number : 600000
2018/10/07 01:17:59 - Carrega tabela.0 - linenr 550000
2018/10/07 01:18:00 - Separa Ano e Mes.0 - Linenr 600000
2018/10/07 01:18:15 - Select values.0 - linenr 600000
2018/10/07 01:18:15 - Le Arquivo.0 - Line number : 650000
2018/10/07 01:18:19 - Carrega tabela.0 - linenr 600000
2018/10/07 01:18:19 - Separa Ano e Mes.0 - Linenr 650000
2018/10/07 01:18:34 - Select values.0 - linenr 650000
2018/10/07 01:18:34 - Le Arquivo.0 - Line number : 700000
2018/10/07 01:18:38 - Carrega tabela.0 - linenr 650000
2018/10/07 01:18:38 - Separa Ano e Mes.0 - Linenr 700000
2018/10/07 01:18:54 - Select values.0 - linenr 700000
2018/10/07 01:18:54 - Le Arquivo.0 - Line number : 750000
2018/10/07 01:18:57 - Carrega tabela.0 - linenr 700000
2018/10/07 01:18:58 - Separa Ano e Mes.0 - Linenr 750000
2018/10/07 01:19:13 - Select values.0 - linenr 750000
2018/10/07 01:19:13 - Le Arquivo.0 - Line number : 800000
2018/10/07 01:19:17 - Carrega tabela.0 - linenr 750000
2018/10/07 01:19:17 - Separa Ano e Mes.0 - Linenr 800000
2018/10/07 01:19:32 - Select values.0 - linenr 800000
2018/10/07 01:19:32 - Le Arquivo.0 - Line number : 850000
2018/10/07 01:19:36 - Carrega tabela.0 - linenr 800000
2018/10/07 01:19:36 - Separa Ano e Mes.0 - Linenr 850000
2018/10/07 01:19:52 - Select values.0 - linenr 850000
2018/10/07 01:19:52 - Le Arquivo.0 - Line number : 900000
2018/10/07 01:19:56 - Carrega tabela.0 - linenr 850000
2018/10/07 01:19:56 - Separa Ano e Mes.0 - Linenr 900000
2018/10/07 01:20:11 - Select values.0 - linenr 900000
2018/10/07 01:20:11 - Le Arquivo.0 - Line number : 950000
2018/10/07 01:20:15 - Carrega tabela.0 - linenr 900000
2018/10/07 01:20:15 - Separa Ano e Mes.0 - Linenr 950000
2018/10/07 01:20:31 - Select values.0 - linenr 950000
2018/10/07 01:20:31 - Le Arquivo.0 - Line number : 1000000
2018/10/07 01:20:34 - Carrega tabela.0 - linenr 950000
2018/10/07 01:20:35 - Separa Ano e Mes.0 - Linenr 1000000
2018/10/07 01:20:50 - Select values.0 - linenr 1000000
2018/10/07 01:20:50 - Le Arquivo.0 - Line number : 1050000
2018/10/07 01:20:54 - Carrega tabela.0 - linenr 1000000
2018/10/07 01:20:54 - Separa Ano e Mes.0 - Linenr 1050000
2018/10/07 01:21:09 - Select values.0 - linenr 1050000
2018/10/07 01:21:09 - Le Arquivo.0 - Line number : 1100000
2018/10/07 01:21:13 - Carrega tabela.0 - linenr 1050000
2018/10/07 01:21:13 - Separa Ano e Mes.0 - Linenr 1100000
2018/10/07 01:21:29 - Select values.0 - linenr 1100000
2018/10/07 01:21:29 - Le Arquivo.0 - Line number : 1150000
2018/10/07 01:21:33 - Carrega tabela.0 - linenr 1100000
2018/10/07 01:21:33 - Separa Ano e Mes.0 - Linenr 1150000
2018/10/07 01:21:48 - Select values.0 - linenr 1150000
2018/10/07 01:21:48 - Le Arquivo.0 - Line number : 1200000
2018/10/07 01:21:52 - Carrega tabela.0 - linenr 1150000
2018/10/07 01:21:52 - Separa Ano e Mes.0 - Linenr 1200000
2018/10/07 01:22:07 - Select values.0 - linenr 1200000
2018/10/07 01:22:08 - Le Arquivo.0 - Line number : 1250000
2018/10/07 01:22:11 - Carrega tabela.0 - linenr 1200000
2018/10/07 01:22:11 - Separa Ano e Mes.0 - Linenr 1250000
2018/10/07 01:22:26 - Select values.0 - linenr 1250000
2018/10/07 01:22:26 - Le Arquivo.0 - Line number : 1300000
2018/10/07 01:22:30 - Carrega tabela.0 - linenr 1250000
2018/10/07 01:22:30 - Separa Ano e Mes.0 - Linenr 1300000
2018/10/07 01:22:45 - Select values.0 - linenr 1300000
2018/10/07 01:22:46 - Le Arquivo.0 - Line number : 1350000
2018/10/07 01:22:49 - Carrega tabela.0 - linenr 1300000
2018/10/07 01:22:49 - Separa Ano e Mes.0 - Linenr 1350000
2018/10/07 01:23:05 - Select values.0 - linenr 1350000
2018/10/07 01:23:05 - Le Arquivo.0 - Line number : 1400000
2018/10/07 01:23:08 - Carrega tabela.0 - linenr 1350000
2018/10/07 01:23:09 - Separa Ano e Mes.0 - Linenr 1400000
2018/10/07 01:23:24 - Select values.0 - linenr 1400000
2018/10/07 01:23:24 - Le Arquivo.0 - Line number : 1450000
2018/10/07 01:23:28 - Carrega tabela.0 - linenr 1400000
2018/10/07 01:23:28 - Separa Ano e Mes.0 - Linenr 1450000
2018/10/07 01:23:43 - Select values.0 - linenr 1450000
2018/10/07 01:23:43 - Le Arquivo.0 - Line number : 1500000
2018/10/07 01:23:47 - Carrega tabela.0 - linenr 1450000
2018/10/07 01:23:47 - Separa Ano e Mes.0 - Linenr 1500000
2018/10/07 01:24:02 - Select values.0 - linenr 1500000
2018/10/07 01:24:02 - Le Arquivo.0 - Line number : 1550000
2018/10/07 01:24:06 - Carrega tabela.0 - linenr 1500000
2018/10/07 01:24:06 - Separa Ano e Mes.0 - Linenr 1550000
2018/10/07 01:24:21 - Select values.0 - linenr 1550000
2018/10/07 01:24:22 - Le Arquivo.0 - Line number : 1600000
2018/10/07 01:24:25 - Carrega tabela.0 - linenr 1550000
2018/10/07 01:24:26 - Separa Ano e Mes.0 - Linenr 1600000
2018/10/07 01:24:41 - Select values.0 - linenr 1600000
2018/10/07 01:24:41 - Le Arquivo.0 - Line number : 1650000
2018/10/07 01:24:45 - Carrega tabela.0 - linenr 1600000
2018/10/07 01:24:45 - Separa Ano e Mes.0 - Linenr 1650000
2018/10/07 01:25:00 - Select values.0 - linenr 1650000
2018/10/07 01:25:00 - Le Arquivo.0 - Line number : 1700000
2018/10/07 01:25:04 - Carrega tabela.0 - linenr 1650000
2018/10/07 01:25:04 - Separa Ano e Mes.0 - Linenr 1700000
2018/10/07 01:25:19 - Select values.0 - linenr 1700000
2018/10/07 01:25:19 - Le Arquivo.0 - Line number : 1750000
2018/10/07 01:25:23 - Carrega tabela.0 - linenr 1700000
2018/10/07 01:25:23 - Separa Ano e Mes.0 - Linenr 1750000
2018/10/07 01:25:39 - Select values.0 - linenr 1750000
2018/10/07 01:25:39 - Le Arquivo.0 - Line number : 1800000
2018/10/07 01:25:42 - Carrega tabela.0 - linenr 1750000
2018/10/07 01:25:42 - Separa Ano e Mes.0 - Linenr 1800000
2018/10/07 01:25:58 - Select values.0 - linenr 1800000
2018/10/07 01:25:58 - Le Arquivo.0 - Line number : 1850000
2018/10/07 01:26:01 - Carrega tabela.0 - linenr 1800000
2018/10/07 01:26:01 - Separa Ano e Mes.0 - Linenr 1850000
2018/10/07 01:26:17 - Select values.0 - linenr 1850000
2018/10/07 01:26:17 - Le Arquivo.0 - Line number : 1900000
2018/10/07 01:26:20 - Carrega tabela.0 - linenr 1850000
2018/10/07 01:26:21 - Separa Ano e Mes.0 - Linenr 1900000
2018/10/07 01:26:36 - Select values.0 - linenr 1900000
2018/10/07 01:26:36 - Le Arquivo.0 - Line number : 1950000
2018/10/07 01:26:40 - Carrega tabela.0 - linenr 1900000
2018/10/07 01:26:40 - Separa Ano e Mes.0 - Linenr 1950000
2018/10/07 01:26:55 - Select values.0 - linenr 1950000
2018/10/07 01:26:55 - Le Arquivo.0 - Line number : 2000000
2018/10/07 01:26:59 - Carrega tabela.0 - linenr 1950000
2018/10/07 01:26:59 - Separa Ano e Mes.0 - Linenr 2000000
2018/10/07 01:27:14 - Select values.0 - linenr 2000000
2018/10/07 01:27:15 - Le Arquivo.0 - Line number : 2050000
2018/10/07 01:27:18 - Carrega tabela.0 - linenr 2000000
2018/10/07 01:27:18 - Separa Ano e Mes.0 - Linenr 2050000
2018/10/07 01:27:34 - Select values.0 - linenr 2050000
2018/10/07 01:27:34 - Le Arquivo.0 - Line number : 2100000
2018/10/07 01:27:37 - Carrega tabela.0 - linenr 2050000
2018/10/07 01:27:37 - Separa Ano e Mes.0 - Linenr 2100000
2018/10/07 01:27:53 - Select values.0 - linenr 2100000
2018/10/07 01:27:53 - Le Arquivo.0 - Line number : 2150000
2018/10/07 01:27:56 - Carrega tabela.0 - linenr 2100000
2018/10/07 01:27:57 - Separa Ano e Mes.0 - Linenr 2150000
2018/10/07 01:28:12 - Select values.0 - linenr 2150000
2018/10/07 01:28:12 - Le Arquivo.0 - Line number : 2200000
2018/10/07 01:28:16 - Carrega tabela.0 - linenr 2150000
2018/10/07 01:28:16 - Separa Ano e Mes.0 - Linenr 2200000
2018/10/07 01:28:31 - Select values.0 - linenr 2200000
2018/10/07 01:28:31 - Le Arquivo.0 - Line number : 2250000
2018/10/07 01:28:35 - Carrega tabela.0 - linenr 2200000
2018/10/07 01:28:35 - Separa Ano e Mes.0 - Linenr 2250000
2018/10/07 01:28:50 - Select values.0 - linenr 2250000
2018/10/07 01:28:50 - Le Arquivo.0 - Line number : 2300000
2018/10/07 01:28:54 - Carrega tabela.0 - linenr 2250000
2018/10/07 01:28:54 - Separa Ano e Mes.0 - Linenr 2300000
2018/10/07 01:29:09 - Select values.0 - linenr 2300000
2018/10/07 01:29:10 - Le Arquivo.0 - Line number : 2350000
2018/10/07 01:29:13 - Carrega tabela.0 - linenr 2300000
2018/10/07 01:29:13 - Separa Ano e Mes.0 - Linenr 2350000
2018/10/07 01:29:29 - Select values.0 - linenr 2350000
2018/10/07 01:29:29 - Le Arquivo.0 - Line number : 2400000
2018/10/07 01:29:32 - Carrega tabela.0 - linenr 2350000
2018/10/07 01:29:33 - Separa Ano e Mes.0 - Linenr 2400000
2018/10/07 01:29:48 - Select values.0 - linenr 2400000
2018/10/07 01:29:48 - Le Arquivo.0 - Line number : 2450000
2018/10/07 01:29:51 - Carrega tabela.0 - linenr 2400000
2018/10/07 01:29:52 - Separa Ano e Mes.0 - Linenr 2450000
2018/10/07 01:30:06 - Select values.0 - linenr 2450000
2018/10/07 01:30:07 - Le Arquivo.0 - Line number : 2500000
2018/10/07 01:30:10 - Carrega tabela.0 - linenr 2450000
2018/10/07 01:30:10 - Separa Ano e Mes.0 - Linenr 2500000
2018/10/07 01:30:26 - Select values.0 - linenr 2500000
2018/10/07 01:30:26 - Le Arquivo.0 - Line number : 2550000
2018/10/07 01:30:30 - Carrega tabela.0 - linenr 2500000
2018/10/07 01:30:30 - Separa Ano e Mes.0 - Linenr 2550000
2018/10/07 01:30:45 - Select values.0 - linenr 2550000
2018/10/07 01:30:45 - Le Arquivo.0 - Line number : 2600000
2018/10/07 01:30:49 - Carrega tabela.0 - linenr 2550000
2018/10/07 01:30:49 - Separa Ano e Mes.0 - Linenr 2600000
2018/10/07 01:31:04 - Select values.0 - linenr 2600000
2018/10/07 01:31:05 - Le Arquivo.0 - Line number : 2650000
2018/10/07 01:31:08 - Carrega tabela.0 - linenr 2600000
2018/10/07 01:31:08 - Separa Ano e Mes.0 - Linenr 2650000
2018/10/07 01:31:24 - Select values.0 - linenr 2650000
2018/10/07 01:31:24 - Le Arquivo.0 - Line number : 2700000
2018/10/07 01:31:27 - Carrega tabela.0 - linenr 2650000
2018/10/07 01:31:28 - Separa Ano e Mes.0 - Linenr 2700000
2018/10/07 01:31:43 - Select values.0 - linenr 2700000
2018/10/07 01:31:43 - Le Arquivo.0 - Line number : 2750000
2018/10/07 01:31:46 - Carrega tabela.0 - linenr 2700000
2018/10/07 01:31:47 - Separa Ano e Mes.0 - Linenr 2750000
2018/10/07 01:32:02 - Select values.0 - linenr 2750000
2018/10/07 01:32:02 - Le Arquivo.0 - Line number : 2800000
2018/10/07 01:32:06 - Carrega tabela.0 - linenr 2750000
2018/10/07 01:32:06 - Separa Ano e Mes.0 - Linenr 2800000
2018/10/07 01:32:21 - Select values.0 - linenr 2800000
2018/10/07 01:32:21 - Le Arquivo.0 - Line number : 2850000
2018/10/07 01:32:25 - Carrega tabela.0 - linenr 2800000
2018/10/07 01:32:25 - Separa Ano e Mes.0 - Linenr 2850000
2018/10/07 01:32:40 - Select values.0 - linenr 2850000
2018/10/07 01:32:40 - Le Arquivo.0 - Line number : 2900000
2018/10/07 01:32:44 - Carrega tabela.0 - linenr 2850000
2018/10/07 01:32:44 - Separa Ano e Mes.0 - Linenr 2900000
2018/10/07 01:32:59 - Select values.0 - linenr 2900000
2018/10/07 01:33:00 - Le Arquivo.0 - Line number : 2950000
2018/10/07 01:33:04 - Carrega tabela.0 - linenr 2900000
2018/10/07 01:33:04 - Separa Ano e Mes.0 - Linenr 2950000
2018/10/07 01:33:19 - Select values.0 - linenr 2950000
2018/10/07 01:33:19 - Le Arquivo.0 - Line number : 3000000
2018/10/07 01:33:23 - Carrega tabela.0 - linenr 2950000
2018/10/07 01:33:23 - Separa Ano e Mes.0 - Linenr 3000000
2018/10/07 01:33:38 - Select values.0 - linenr 3000000
2018/10/07 01:33:38 - Le Arquivo.0 - Line number : 3050000
2018/10/07 01:33:42 - Carrega tabela.0 - linenr 3000000
2018/10/07 01:33:42 - Separa Ano e Mes.0 - Linenr 3050000
2018/10/07 01:33:57 - Select values.0 - linenr 3050000
2018/10/07 01:33:57 - Le Arquivo.0 - Line number : 3100000
2018/10/07 01:34:01 - Carrega tabela.0 - linenr 3050000
2018/10/07 01:34:01 - Separa Ano e Mes.0 - Linenr 3100000
2018/10/07 01:34:16 - Select values.0 - linenr 3100000
2018/10/07 01:34:17 - Le Arquivo.0 - Line number : 3150000
2018/10/07 01:34:20 - Carrega tabela.0 - linenr 3100000
2018/10/07 01:34:20 - Separa Ano e Mes.0 - Linenr 3150000
2018/10/07 01:34:35 - Select values.0 - linenr 3150000
2018/10/07 01:34:36 - Le Arquivo.0 - Line number : 3200000
2018/10/07 01:34:39 - Carrega tabela.0 - linenr 3150000
2018/10/07 01:34:39 - Separa Ano e Mes.0 - Linenr 3200000
2018/10/07 01:34:55 - Select values.0 - linenr 3200000
2018/10/07 01:34:55 - Le Arquivo.0 - Line number : 3250000
2018/10/07 01:34:58 - Carrega tabela.0 - linenr 3200000
2018/10/07 01:34:58 - Separa Ano e Mes.0 - Linenr 3250000
2018/10/07 01:35:14 - Select values.0 - linenr 3250000
2018/10/07 01:35:14 - Le Arquivo.0 - Line number : 3300000
2018/10/07 01:35:17 - Carrega tabela.0 - linenr 3250000
2018/10/07 01:35:18 - Separa Ano e Mes.0 - Linenr 3300000
2018/10/07 01:35:33 - Select values.0 - linenr 3300000
2018/10/07 01:35:33 - Le Arquivo.0 - Line number : 3350000
2018/10/07 01:35:37 - Carrega tabela.0 - linenr 3300000
2018/10/07 01:35:37 - Separa Ano e Mes.0 - Linenr 3350000
2018/10/07 01:35:52 - Select values.0 - linenr 3350000
2018/10/07 01:35:52 - Le Arquivo.0 - Line number : 3400000
2018/10/07 01:35:56 - Carrega tabela.0 - linenr 3350000
2018/10/07 01:35:56 - Separa Ano e Mes.0 - Linenr 3400000
2018/10/07 01:36:11 - Select values.0 - linenr 3400000
2018/10/07 01:36:11 - Le Arquivo.0 - Line number : 3450000
2018/10/07 01:36:15 - Carrega tabela.0 - linenr 3400000
2018/10/07 01:36:15 - Separa Ano e Mes.0 - Linenr 3450000
2018/10/07 01:36:30 - Select values.0 - linenr 3450000
2018/10/07 01:36:31 - Le Arquivo.0 - Line number : 3500000
2018/10/07 01:36:34 - Carrega tabela.0 - linenr 3450000
2018/10/07 01:36:34 - Separa Ano e Mes.0 - Linenr 3500000
2018/10/07 01:36:50 - Select values.0 - linenr 3500000
2018/10/07 01:36:50 - Le Arquivo.0 - Line number : 3550000
2018/10/07 01:36:54 - Carrega tabela.0 - linenr 3500000
2018/10/07 01:36:54 - Separa Ano e Mes.0 - Linenr 3550000
2018/10/07 01:37:09 - Select values.0 - linenr 3550000
2018/10/07 01:37:09 - Le Arquivo.0 - Line number : 3600000
2018/10/07 01:37:13 - Carrega tabela.0 - linenr 3550000
2018/10/07 01:37:13 - Separa Ano e Mes.0 - Linenr 3600000
2018/10/07 01:37:28 - Select values.0 - linenr 3600000
2018/10/07 01:37:29 - Le Arquivo.0 - Line number : 3650000
2018/10/07 01:37:33 - Carrega tabela.0 - linenr 3600000
2018/10/07 01:37:33 - Separa Ano e Mes.0 - Linenr 3650000
2018/10/07 01:37:48 - Select values.0 - linenr 3650000
2018/10/07 01:37:48 - Le Arquivo.0 - Line number : 3700000
2018/10/07 01:37:52 - Carrega tabela.0 - linenr 3650000
2018/10/07 01:37:52 - Separa Ano e Mes.0 - Linenr 3700000
2018/10/07 01:38:07 - Select values.0 - linenr 3700000
2018/10/07 01:38:07 - Le Arquivo.0 - Line number : 3750000
2018/10/07 01:38:11 - Carrega tabela.0 - linenr 3700000
2018/10/07 01:38:11 - Separa Ano e Mes.0 - Linenr 3750000
2018/10/07 01:38:26 - Select values.0 - linenr 3750000
2018/10/07 01:38:27 - Le Arquivo.0 - Line number : 3800000
2018/10/07 01:38:30 - Carrega tabela.0 - linenr 3750000
2018/10/07 01:38:30 - Separa Ano e Mes.0 - Linenr 3800000
2018/10/07 01:38:46 - Select values.0 - linenr 3800000
2018/10/07 01:38:46 - Le Arquivo.0 - Line number : 3850000
2018/10/07 01:38:50 - Carrega tabela.0 - linenr 3800000
2018/10/07 01:38:50 - Separa Ano e Mes.0 - Linenr 3850000
2018/10/07 01:39:05 - Select values.0 - linenr 3850000
2018/10/07 01:39:05 - Le Arquivo.0 - Line number : 3900000
2018/10/07 01:39:09 - Carrega tabela.0 - linenr 3850000
2018/10/07 01:39:09 - Separa Ano e Mes.0 - Linenr 3900000
2018/10/07 01:39:24 - Select values.0 - linenr 3900000
2018/10/07 01:39:24 - Le Arquivo.0 - Line number : 3950000
2018/10/07 01:39:28 - Carrega tabela.0 - linenr 3900000
2018/10/07 01:39:28 - Separa Ano e Mes.0 - Linenr 3950000
2018/10/07 01:39:44 - Select values.0 - linenr 3950000
2018/10/07 01:39:44 - Le Arquivo.0 - Line number : 4000000
2018/10/07 01:39:48 - Carrega tabela.0 - linenr 3950000
2018/10/07 01:39:48 - Separa Ano e Mes.0 - Linenr 4000000
2018/10/07 01:40:03 - Select values.0 - linenr 4000000
2018/10/07 01:40:03 - Le Arquivo.0 - Line number : 4050000
2018/10/07 01:40:07 - Carrega tabela.0 - linenr 4000000
2018/10/07 01:40:07 - Separa Ano e Mes.0 - Linenr 4050000
2018/10/07 01:40:22 - Select values.0 - linenr 4050000
2018/10/07 01:40:22 - Le Arquivo.0 - Line number : 4100000
2018/10/07 01:40:26 - Carrega tabela.0 - linenr 4050000
2018/10/07 01:40:26 - Separa Ano e Mes.0 - Linenr 4100000
2018/10/07 01:40:42 - Select values.0 - linenr 4100000
2018/10/07 01:40:42 - Le Arquivo.0 - Line number : 4150000
2018/10/07 01:40:46 - Carrega tabela.0 - linenr 4100000
2018/10/07 01:40:46 - Separa Ano e Mes.0 - Linenr 4150000
2018/10/07 01:41:01 - Select values.0 - linenr 4150000
2018/10/07 01:41:01 - Le Arquivo.0 - Line number : 4200000
2018/10/07 01:41:05 - Carrega tabela.0 - linenr 4150000
2018/10/07 01:41:05 - Separa Ano e Mes.0 - Linenr 4200000
2018/10/07 01:41:20 - Select values.0 - linenr 4200000
2018/10/07 01:41:20 - Le Arquivo.0 - Line number : 4250000
2018/10/07 01:41:24 - Carrega tabela.0 - linenr 4200000
2018/10/07 01:41:24 - Separa Ano e Mes.0 - Linenr 4250000
2018/10/07 01:41:39 - Select values.0 - linenr 4250000
2018/10/07 01:41:39 - Le Arquivo.0 - Line number : 4300000
2018/10/07 01:41:43 - Carrega tabela.0 - linenr 4250000
2018/10/07 01:41:43 - Separa Ano e Mes.0 - Linenr 4300000
2018/10/07 01:41:58 - Select values.0 - linenr 4300000
2018/10/07 01:41:59 - Le Arquivo.0 - Line number : 4350000
2018/10/07 01:42:02 - Carrega tabela.0 - linenr 4300000
2018/10/07 01:42:03 - Separa Ano e Mes.0 - Linenr 4350000
2018/10/07 01:42:18 - Select values.0 - linenr 4350000
2018/10/07 01:42:18 - Le Arquivo.0 - Line number : 4400000
2018/10/07 01:42:22 - Carrega tabela.0 - linenr 4350000
2018/10/07 01:42:22 - Separa Ano e Mes.0 - Linenr 4400000
2018/10/07 01:42:37 - Select values.0 - linenr 4400000
2018/10/07 01:42:37 - Le Arquivo.0 - Line number : 4450000
2018/10/07 01:42:41 - Carrega tabela.0 - linenr 4400000
2018/10/07 01:42:41 - Separa Ano e Mes.0 - Linenr 4450000
2018/10/07 01:42:56 - Select values.0 - linenr 4450000
2018/10/07 01:42:57 - Le Arquivo.0 - Line number : 4500000
2018/10/07 01:43:00 - Carrega tabela.0 - linenr 4450000
2018/10/07 01:43:00 - Separa Ano e Mes.0 - Linenr 4500000
2018/10/07 01:43:16 - Select values.0 - linenr 4500000
2018/10/07 01:43:16 - Le Arquivo.0 - Line number : 4550000
2018/10/07 01:43:19 - Carrega tabela.0 - linenr 4500000
2018/10/07 01:43:19 - Separa Ano e Mes.0 - Linenr 4550000
2018/10/07 01:43:35 - Select values.0 - linenr 4550000
2018/10/07 01:43:35 - Le Arquivo.0 - Line number : 4600000
2018/10/07 01:43:39 - Carrega tabela.0 - linenr 4550000
2018/10/07 01:43:39 - Separa Ano e Mes.0 - Linenr 4600000
2018/10/07 01:43:54 - Select values.0 - linenr 4600000
2018/10/07 01:43:54 - Le Arquivo.0 - Line number : 4650000
2018/10/07 01:43:58 - Carrega tabela.0 - linenr 4600000
2018/10/07 01:43:58 - Separa Ano e Mes.0 - Linenr 4650000
2018/10/07 01:44:13 - Select values.0 - linenr 4650000
2018/10/07 01:44:13 - Le Arquivo.0 - Line number : 4700000
2018/10/07 01:44:17 - Carrega tabela.0 - linenr 4650000
2018/10/07 01:44:17 - Separa Ano e Mes.0 - Linenr 4700000
2018/10/07 01:44:33 - Select values.0 - linenr 4700000
2018/10/07 01:44:33 - Le Arquivo.0 - Line number : 4750000
2018/10/07 01:44:36 - Carrega tabela.0 - linenr 4700000
2018/10/07 01:44:37 - Separa Ano e Mes.0 - Linenr 4750000
2018/10/07 01:44:52 - Select values.0 - linenr 4750000
2018/10/07 01:44:52 - Le Arquivo.0 - Line number : 4800000
2018/10/07 01:44:56 - Carrega tabela.0 - linenr 4750000
2018/10/07 01:44:56 - Separa Ano e Mes.0 - Linenr 4800000
2018/10/07 01:45:11 - Select values.0 - linenr 4800000
2018/10/07 01:45:11 - Le Arquivo.0 - Line number : 4850000
2018/10/07 01:45:15 - Carrega tabela.0 - linenr 4800000
2018/10/07 01:45:15 - Separa Ano e Mes.0 - Linenr 4850000
2018/10/07 01:45:30 - Select values.0 - linenr 4850000
2018/10/07 01:45:31 - Le Arquivo.0 - Line number : 4900000
2018/10/07 01:45:34 - Carrega tabela.0 - linenr 4850000
2018/10/07 01:45:34 - Separa Ano e Mes.0 - Linenr 4900000
2018/10/07 01:45:50 - Select values.0 - linenr 4900000
2018/10/07 01:45:50 - Le Arquivo.0 - Line number : 4950000
2018/10/07 01:45:54 - Carrega tabela.0 - linenr 4900000
2018/10/07 01:45:54 - Separa Ano e Mes.0 - Linenr 4950000
2018/10/07 01:46:09 - Select values.0 - linenr 4950000
2018/10/07 01:46:09 - Le Arquivo.0 - Line number : 5000000
2018/10/07 01:46:13 - Carrega tabela.0 - linenr 4950000
2018/10/07 01:46:13 - Separa Ano e Mes.0 - Linenr 5000000
2018/10/07 01:46:28 - Select values.0 - linenr 5000000
2018/10/07 01:46:28 - Le Arquivo.0 - Line number : 5050000
2018/10/07 01:46:32 - Carrega tabela.0 - linenr 5000000
2018/10/07 01:46:32 - Separa Ano e Mes.0 - Linenr 5050000
2018/10/07 01:46:47 - Select values.0 - linenr 5050000
2018/10/07 01:46:48 - Le Arquivo.0 - Line number : 5100000
2018/10/07 01:46:51 - Carrega tabela.0 - linenr 5050000
2018/10/07 01:46:51 - Separa Ano e Mes.0 - Linenr 5100000
2018/10/07 01:47:07 - Select values.0 - linenr 5100000
2018/10/07 01:47:07 - Le Arquivo.0 - Line number : 5150000
2018/10/07 01:47:10 - Carrega tabela.0 - linenr 5100000
2018/10/07 01:47:11 - Separa Ano e Mes.0 - Linenr 5150000
2018/10/07 01:47:26 - Select values.0 - linenr 5150000
2018/10/07 01:47:26 - Le Arquivo.0 - Line number : 5200000
2018/10/07 01:47:30 - Carrega tabela.0 - linenr 5150000
2018/10/07 01:47:30 - Separa Ano e Mes.0 - Linenr 5200000
2018/10/07 01:47:45 - Select values.0 - linenr 5200000
2018/10/07 01:47:45 - Le Arquivo.0 - Line number : 5250000
2018/10/07 01:47:49 - Carrega tabela.0 - linenr 5200000
2018/10/07 01:47:49 - Separa Ano e Mes.0 - Linenr 5250000
2018/10/07 01:48:04 - Select values.0 - linenr 5250000
2018/10/07 01:48:04 - Le Arquivo.0 - Line number : 5300000
2018/10/07 01:48:08 - Carrega tabela.0 - linenr 5250000
2018/10/07 01:48:08 - Separa Ano e Mes.0 - Linenr 5300000
2018/10/07 01:48:23 - Select values.0 - linenr 5300000
2018/10/07 01:48:23 - Le Arquivo.0 - Line number : 5350000
2018/10/07 01:48:27 - Carrega tabela.0 - linenr 5300000
2018/10/07 01:48:27 - Separa Ano e Mes.0 - Linenr 5350000
2018/10/07 01:48:42 - Select values.0 - linenr 5350000
2018/10/07 01:48:42 - Le Arquivo.0 - Line number : 5400000
2018/10/07 01:48:46 - Carrega tabela.0 - linenr 5350000
2018/10/07 01:48:46 - Separa Ano e Mes.0 - Linenr 5400000
2018/10/07 01:49:01 - Select values.0 - linenr 5400000
2018/10/07 01:49:02 - Le Arquivo.0 - Line number : 5450000
2018/10/07 01:49:05 - Carrega tabela.0 - linenr 5400000
2018/10/07 01:49:05 - Separa Ano e Mes.0 - Linenr 5450000
2018/10/07 01:49:21 - Select values.0 - linenr 5450000
2018/10/07 01:49:21 - Le Arquivo.0 - Line number : 5500000
2018/10/07 01:49:25 - Carrega tabela.0 - linenr 5450000
2018/10/07 01:49:25 - Separa Ano e Mes.0 - Linenr 5500000
2018/10/07 01:49:40 - Select values.0 - linenr 5500000
2018/10/07 01:49:40 - Le Arquivo.0 - Line number : 5550000
2018/10/07 01:49:44 - Carrega tabela.0 - linenr 5500000
2018/10/07 01:49:44 - Separa Ano e Mes.0 - Linenr 5550000
2018/10/07 01:49:59 - Select values.0 - linenr 5550000
2018/10/07 01:49:59 - Le Arquivo.0 - Line number : 5600000
2018/10/07 01:50:03 - Carrega tabela.0 - linenr 5550000
2018/10/07 01:50:03 - Separa Ano e Mes.0 - Linenr 5600000
2018/10/07 01:50:18 - Select values.0 - linenr 5600000
2018/10/07 01:50:18 - Le Arquivo.0 - Line number : 5650000
2018/10/07 01:50:22 - Carrega tabela.0 - linenr 5600000
2018/10/07 01:50:22 - Separa Ano e Mes.0 - Linenr 5650000
2018/10/07 01:50:37 - Select values.0 - linenr 5650000
2018/10/07 01:50:38 - Le Arquivo.0 - Line number : 5700000
2018/10/07 01:50:41 - Carrega tabela.0 - linenr 5650000
2018/10/07 01:50:41 - Separa Ano e Mes.0 - Linenr 5700000
2018/10/07 01:50:57 - Select values.0 - linenr 5700000
2018/10/07 01:50:57 - Le Arquivo.0 - Line number : 5750000
2018/10/07 01:51:01 - Carrega tabela.0 - linenr 5700000
2018/10/07 01:51:01 - Separa Ano e Mes.0 - Linenr 5750000
2018/10/07 01:51:16 - Select values.0 - linenr 5750000
2018/10/07 01:51:16 - Le Arquivo.0 - Line number : 5800000
2018/10/07 01:51:20 - Carrega tabela.0 - linenr 5750000
2018/10/07 01:51:20 - Separa Ano e Mes.0 - Linenr 5800000
2018/10/07 01:51:35 - Select values.0 - linenr 5800000
2018/10/07 01:51:35 - Le Arquivo.0 - Line number : 5850000
2018/10/07 01:51:39 - Carrega tabela.0 - linenr 5800000
2018/10/07 01:51:39 - Separa Ano e Mes.0 - Linenr 5850000
2018/10/07 01:51:54 - Select values.0 - linenr 5850000
2018/10/07 01:51:55 - Le Arquivo.0 - Line number : 5900000
2018/10/07 01:51:58 - Carrega tabela.0 - linenr 5850000
2018/10/07 01:51:58 - Separa Ano e Mes.0 - Linenr 5900000
2018/10/07 01:52:14 - Select values.0 - linenr 5900000
2018/10/07 01:52:14 - Le Arquivo.0 - Line number : 5950000
2018/10/07 01:52:18 - Carrega tabela.0 - linenr 5900000
2018/10/07 01:52:18 - Separa Ano e Mes.0 - Linenr 5950000
2018/10/07 01:52:33 - Select values.0 - linenr 5950000
2018/10/07 01:52:33 - Le Arquivo.0 - Line number : 6000000
2018/10/07 01:52:37 - Carrega tabela.0 - linenr 5950000
2018/10/07 01:52:37 - Separa Ano e Mes.0 - Linenr 6000000
2018/10/07 01:52:42 - Le Arquivo.0 - Finished processing (I=6021988, O=0, R=0, W=6021987, U=0, E=0)
2018/10/07 01:52:46 - Separa Ano e Mes.0 - Finished processing (I=0, O=0, R=6021987, W=6021987, U=0, E=0)
2018/10/07 01:52:50 - Corrige sal_mensal_declarado.0 - Finished processing (I=0, O=0, R=6021987, W=6021987, U=0, E=0)
2018/10/07 01:52:52 - Select values.0 - linenr 6000000
2018/10/07 01:52:53 - Corrige CBO.0 - Finished processing (I=0, O=0, R=6021987, W=6021987, U=0, E=0)
2018/10/07 01:52:56 - Carrega tabela.0 - linenr 6000000
2018/10/07 01:52:57 - corige_dia_mov.0 - Finished processing (I=0, O=0, R=6021987, W=6021987, U=0, E=0)
2018/10/07 01:53:01 - Select values.0 - Finished processing (I=0, O=0, R=6021987, W=6021987, U=0, E=0)
2018/10/07 01:53:04 - Carrega tabela.0 - Finished processing (I=0, O=6021987, R=6021987, W=6021987, U=0, E=0)
2018/10/07 01:53:04 - job_carga_caged - Starting entry [Success]
2018/10/07 01:53:04 - job_carga_caged - Finished job entry [Success] (result=[true])
2018/10/07 01:53:04 - job_carga_caged - Finished job entry [ktr_carga_caged] (result=[true])
2018/10/07 01:53:04 - job_carga_caged - Job execution finished
2018/10/07 01:53:04 - Kitchen - Finished!
2018/10/07 01:53:04 - Kitchen - Start=2018/10/07 01:14:21.083, Stop=2018/10/07 01:53:04.861
2018/10/07 01:53:04 - Kitchen - Processing ended after 38 minutes and 43 seconds (2323 seconds total).
