#######################################################################
WARNING:  no libwebkitgtk-1.0 detected, some features will be unavailable
    Consider installing the package with apt-get or yum.
    e.g. 'sudo apt-get install libwebkitgtk-1.0-0'
#######################################################################
OpenJDK 64-Bit Server VM warning: ignoring option MaxPermSize=4G; support was removed in 8.0
21:48:53,132 INFO  [KarafBoot] Checking to see if org.pentaho.clean.karaf.cache is enabled
21:48:53,236 INFO  [KarafInstance] 
*******************************************************************************
*** Karaf Instance Number: 2 at /opt/data-integration/./system/karaf/caches ***
***   /kitchen/data-1                                                       ***
*** FastBin Provider Port:52902                                             ***
*** Karaf Port:8803                                                         ***
*** OSGI Service Port:9052                                                  ***
*******************************************************************************
out 06, 2018 9:48:53 PM org.apache.karaf.main.Main$KarafLockCallback lockAquired
INFO: Lock acquired. Setting startlevel to 100
2018/10/06 21:48:54 - Kitchen - Start of run.
2018-10-06 21:48:56.588:INFO:oejs.Server:jetty-8.1.15.v20140411
2018-10-06 21:48:56.616:INFO:oejs.AbstractConnector:Started NIOSocketConnectorWrapper@0.0.0.0:9052
out 06, 2018 9:48:57 PM org.apache.cxf.bus.blueprint.NamespaceHandlerRegisterer register
INFO: Registered blueprint namespace handler for http://cxf.apache.org/blueprint/core
out 06, 2018 9:48:57 PM org.apache.cxf.bus.blueprint.NamespaceHandlerRegisterer register
INFO: Registered blueprint namespace handler for http://cxf.apache.org/configuration/beans
out 06, 2018 9:48:57 PM org.apache.cxf.bus.blueprint.NamespaceHandlerRegisterer register
INFO: Registered blueprint namespace handler for http://cxf.apache.org/configuration/parameterized-types
out 06, 2018 9:48:57 PM org.apache.cxf.bus.blueprint.NamespaceHandlerRegisterer register
INFO: Registered blueprint namespace handler for http://cxf.apache.org/configuration/security
out 06, 2018 9:48:57 PM org.apache.cxf.bus.blueprint.NamespaceHandlerRegisterer register
INFO: Registered blueprint namespace handler for http://schemas.xmlsoap.org/wsdl/
out 06, 2018 9:48:57 PM org.apache.cxf.bus.blueprint.NamespaceHandlerRegisterer register
INFO: Registered blueprint namespace handler for http://www.w3.org/2005/08/addressing
out 06, 2018 9:48:57 PM org.apache.cxf.bus.blueprint.NamespaceHandlerRegisterer register
INFO: Registered blueprint namespace handler for http://schemas.xmlsoap.org/ws/2004/08/addressing
out 06, 2018 9:48:57 PM org.apache.cxf.bus.osgi.CXFExtensionBundleListener addExtensions
INFO: Adding the extensions from bundle org.apache.cxf.cxf-rt-management (152) [org.apache.cxf.management.InstrumentationManager]
out 06, 2018 9:48:57 PM org.apache.cxf.bus.osgi.CXFExtensionBundleListener addExtensions
INFO: Adding the extensions from bundle org.apache.cxf.cxf-rt-ws-policy (203) [org.apache.cxf.ws.policy.PolicyEngine, org.apache.cxf.policy.PolicyDataEngine, org.apache.cxf.ws.policy.AssertionBuilderRegistry, org.apache.cxf.ws.policy.PolicyInterceptorProviderRegistry, org.apache.cxf.ws.policy.PolicyBuilder, org.apache.cxf.ws.policy.PolicyAnnotationListener, org.apache.cxf.ws.policy.attachment.ServiceModelPolicyProvider, org.apache.cxf.ws.policy.attachment.external.DomainExpressionBuilderRegistry, org.apache.cxf.ws.policy.attachment.external.EndpointReferenceDomainExpressionBuilder, org.apache.cxf.ws.policy.attachment.external.URIDomainExpressionBuilder, org.apache.cxf.ws.policy.attachment.wsdl11.Wsdl11AttachmentPolicyProvider, org.apache.cxf.ws.policy.mtom.MTOMAssertionBuilder, org.apache.cxf.ws.policy.mtom.MTOMPolicyInterceptorProvider]
out 06, 2018 9:48:57 PM org.apache.cxf.bus.osgi.CXFExtensionBundleListener addExtensions
INFO: Adding the extensions from bundle org.apache.cxf.cxf-rt-transports-http (156) [org.apache.cxf.transport.http.HTTPTransportFactory, org.apache.cxf.transport.http.HTTPWSDLExtensionLoader, org.apache.cxf.transport.http.policy.HTTPClientAssertionBuilder, org.apache.cxf.transport.http.policy.HTTPServerAssertionBuilder, org.apache.cxf.transport.http.policy.NoOpPolicyInterceptorProvider]
out 06, 2018 9:48:57 PM org.apache.cxf.bus.osgi.CXFExtensionBundleListener addExtensions
INFO: Adding the extensions from bundle org.apache.cxf.cxf-rt-wsdl (189) [org.apache.cxf.wsdl.WSDLManager]
out 06, 2018 9:48:57 PM org.apache.cxf.bus.blueprint.NamespaceHandlerRegisterer register
INFO: Registered blueprint namespace handler for http://cxf.apache.org/transports/http/configuration
out 06, 2018 9:48:57 PM org.apache.cxf.bus.osgi.CXFExtensionBundleListener addExtensions
INFO: Adding the extensions from bundle org.apache.cxf.cxf-rt-bindings-soap (192) [org.apache.cxf.binding.soap.SoapBindingFactory, org.apache.cxf.binding.soap.SoapTransportFactory]
out 06, 2018 9:48:57 PM org.apache.cxf.bus.blueprint.NamespaceHandlerRegisterer register
INFO: Registered blueprint namespace handler for http://cxf.apache.org/blueprint/jaxrs
out 06, 2018 9:48:57 PM org.apache.cxf.bus.blueprint.NamespaceHandlerRegisterer register
INFO: Registered blueprint namespace handler for http://cxf.apache.org/blueprint/jaxrs-client
out 06, 2018 9:48:57 PM org.apache.cxf.bus.osgi.CXFExtensionBundleListener addExtensions
INFO: Adding the extensions from bundle org.apache.cxf.cxf-rt-bindings-xml (191) [org.apache.cxf.binding.xml.XMLBindingFactory, org.apache.cxf.binding.xml.wsdl11.XMLWSDLExtensionLoader]
out 06, 2018 9:48:57 PM org.apache.cxf.bus.blueprint.NamespaceHandlerRegisterer register
INFO: Registered blueprint namespace handler for http://cxf.apache.org/blueprint/bindings/soap
out 06, 2018 9:48:57 PM org.apache.cxf.bus.blueprint.NamespaceHandlerRegisterer register
INFO: Registered blueprint namespace handler for http://cxf.apache.org/blueprint/simple
out 06, 2018 9:48:57 PM org.apache.cxf.bus.osgi.CXFExtensionBundleListener addExtensions
INFO: Adding the extensions from bundle org.apache.cxf.cxf-rt-frontend-jaxws (194) [org.apache.cxf.jaxws.context.WebServiceContextResourceResolver]
out 06, 2018 9:48:57 PM org.apache.cxf.bus.blueprint.NamespaceHandlerRegisterer register
INFO: Registered blueprint namespace handler for http://cxf.apache.org/blueprint/jaxws
out 06, 2018 9:48:57 PM org.apache.cxf.bus.blueprint.NamespaceHandlerRegisterer register
INFO: Registered blueprint namespace handler for http://cxf.apache.org/binding/coloc
out 06, 2018 9:48:57 PM org.apache.cxf.bus.osgi.CXFExtensionBundleListener addExtensions
INFO: Adding the extensions from bundle org.apache.cxf.cxf-rt-transports-local (199) [org.apache.cxf.transport.local.LocalTransportFactory]
out 06, 2018 9:48:57 PM org.apache.cxf.bus.osgi.CXFExtensionBundleListener addExtensions
INFO: Adding the extensions from bundle org.apache.cxf.cxf-rt-bindings-object (200) [org.apache.cxf.binding.object.ObjectBindingFactory]
out 06, 2018 9:48:57 PM org.apache.cxf.bus.blueprint.NamespaceHandlerRegisterer register
INFO: Registered blueprint namespace handler for http://cxf.apache.org/blueprint/binding/object
out 06, 2018 9:48:57 PM org.apache.cxf.bus.blueprint.NamespaceHandlerRegisterer register
INFO: Registered blueprint namespace handler for http://cxf.apache.org/policy
out 06, 2018 9:48:57 PM org.apache.cxf.bus.blueprint.NamespaceHandlerRegisterer register
INFO: Registered blueprint namespace handler for http://www.w3.org/ns/ws-policy
out 06, 2018 9:48:57 PM org.apache.cxf.bus.blueprint.NamespaceHandlerRegisterer register
INFO: Registered blueprint namespace handler for http://www.w3.org/2006/07/ws-policy
out 06, 2018 9:48:57 PM org.apache.cxf.bus.blueprint.NamespaceHandlerRegisterer register
INFO: Registered blueprint namespace handler for http://schemas.xmlsoap.org/ws/2004/09/policy
out 06, 2018 9:48:57 PM org.apache.cxf.bus.blueprint.NamespaceHandlerRegisterer register
INFO: Registered blueprint namespace handler for http://docs.oasis-open.org/wss/2004/01/oasis-200401-wss-wssecurity-secext-1.0.xsd
out 06, 2018 9:48:57 PM org.apache.cxf.bus.blueprint.NamespaceHandlerRegisterer register
INFO: Registered blueprint namespace handler for http://docs.oasis-open.org/wss/2004/01/oasis-200401-wss-wssecurity-utility-1.0.xsd
out 06, 2018 9:48:57 PM org.apache.cxf.bus.blueprint.NamespaceHandlerRegisterer register
INFO: Registered blueprint namespace handler for http://www.w3.org/2000/09/xmldsig#
out 06, 2018 9:48:57 PM org.apache.cxf.bus.blueprint.NamespaceHandlerRegisterer register
INFO: Registered blueprint namespace handler for http://docs.oasis-open.org/ws-sx/ws-securitypolicy/200702
out 06, 2018 9:48:57 PM org.apache.cxf.bus.osgi.CXFExtensionBundleListener addExtensions
INFO: Adding the extensions from bundle org.apache.cxf.cxf-rt-ws-addr (220) [org.apache.cxf.ws.addressing.policy.AddressingAssertionBuilder, org.apache.cxf.ws.addressing.policy.UsingAddressingAssertionBuilder, org.apache.cxf.ws.addressing.policy.AddressingPolicyInterceptorProvider, org.apache.cxf.ws.addressing.impl.AddressingWSDLExtensionLoader, org.apache.cxf.ws.addressing.WSAddressingFeature$WSAddressingFeatureApplier, org.apache.cxf.ws.addressing.MAPAggregator$MAPAggregatorLoader]
out 06, 2018 9:48:57 PM org.apache.cxf.bus.blueprint.NamespaceHandlerRegisterer register
INFO: Registered blueprint namespace handler for http://cxf.apache.org/ws/addressing
out 06, 2018 9:48:57 PM org.apache.cxf.bus.osgi.CXFExtensionBundleListener addExtensions
INFO: Adding the extensions from bundle org.apache.cxf.cxf-rt-ws-security (222) [org.apache.cxf.ws.security.policy.WSSecurityPolicyLoader, org.apache.cxf.ws.security.cache.CacheCleanupListener]
out 06, 2018 9:48:57 PM org.apache.cxf.bus.osgi.CXFExtensionBundleListener addExtensions
INFO: Adding the extensions from bundle org.apache.cxf.cxf-rt-ws-rm (224) [org.apache.cxf.ws.rm.RMManager, org.apache.cxf.ws.rm.policy.RMPolicyInterceptorProvider, org.apache.cxf.ws.rm.policy.RM10AssertionBuilder, org.apache.cxf.ws.rm.policy.RM12AssertionBuilder, org.apache.cxf.ws.rm.policy.WSRMP12PolicyLoader, org.apache.cxf.ws.rm.policy.MC11PolicyLoader, org.apache.cxf.ws.rm.policy.RSPPolicyLoader]
out 06, 2018 9:48:57 PM org.apache.cxf.bus.blueprint.NamespaceHandlerRegisterer register
INFO: Registered blueprint namespace handler for http://cxf.apache.org/ws/rm/manager
out 06, 2018 9:48:57 PM org.apache.cxf.bus.blueprint.NamespaceHandlerRegisterer register
INFO: Registered blueprint namespace handler for http://schemas.xmlsoap.org/ws/2005/02/rm/policy
out 06, 2018 9:48:57 PM org.apache.cxf.bus.osgi.CXFExtensionBundleListener addExtensions
INFO: Adding the extensions from bundle org.apache.cxf.cxf-rt-javascript (225) [org.apache.cxf.javascript.JavascriptServerListener]
out 06, 2018 9:48:57 PM org.pentaho.caching.impl.PentahoCacheManagerFactory$RegistrationHandler$1 onSuccess
INFO: New Caching Service registered
2018/10/06 21:49:00 - job_carga_caged - Start of job execution
2018/10/06 21:49:00 - job_carga_caged - Starting entry [ktr_carga_caged]
2018/10/06 21:49:00 - ktr_carga_caged - Loading transformation from XML file [/home/unb/MTB/ETL/ods/mtb/caged_dw/ktr_carga_caged.ktr]
out 06, 2018 9:49:00 PM org.apache.cxf.endpoint.ServerImpl initDestination
INFO: Setting the server's publish address to be /marketplace
2018/10/06 21:49:00 - ktr_carga_caged - Using run configuration [Pentaho local]
2018/10/06 21:49:00 - ktr_carga_caged - Using legacy execution engine
2018/10/06 21:49:00 - ktr_carga_caged - Dispatching started for transformation [ktr_carga_caged]
out 06, 2018 9:49:00 PM org.apache.cxf.endpoint.ServerImpl initDestination
INFO: Setting the server's publish address to be /lineage
out 06, 2018 9:49:00 PM org.apache.cxf.endpoint.ServerImpl initDestination
INFO: Setting the server's publish address to be /i18n
2018/10/06 21:49:00 - Carrega tabela.0 - Connected to database [comexao_ods] (commit=100000000)
SLF4J: Class path contains multiple SLF4J bindings.
SLF4J: Found binding in [jar:file:/opt/data-integration/launcher/../lib/slf4j-log4j12-1.7.7.jar!/org/slf4j/impl/StaticLoggerBinder.class]
SLF4J: Found binding in [jar:file:/opt/data-integration/plugins/pentaho-big-data-plugin/lib/slf4j-log4j12-1.7.7.jar!/org/slf4j/impl/StaticLoggerBinder.class]
SLF4J: See http://www.slf4j.org/codes.html#multiple_bindings for an explanation.
SLF4J: Actual binding is of type [org.slf4j.impl.Log4jLoggerFactory]
2018/10/06 21:49:00 - Le Arquivo.0 - Header row skipped in file '/mnt/unb/bases_mte/CAGED/CAGED_TRABALHADOR_AJUSTADO_062017.txt'
2018/10/06 21:49:01 - Le Arquivo.0 - Line number : 50000
2018/10/06 21:49:02 - Separa Ano e Mes.0 - Linenr 50000
2018/10/06 21:49:16 - Select values.0 - linenr 50000
2018/10/06 21:49:17 - Le Arquivo.0 - Line number : 100000
2018/10/06 21:49:20 - Carrega tabela.0 - linenr 50000
2018/10/06 21:49:20 - Separa Ano e Mes.0 - Linenr 100000
2018/10/06 21:49:36 - Select values.0 - linenr 100000
2018/10/06 21:49:36 - Le Arquivo.0 - Line number : 150000
2018/10/06 21:49:40 - Carrega tabela.0 - linenr 100000
2018/10/06 21:49:40 - Separa Ano e Mes.0 - Linenr 150000
2018/10/06 21:49:55 - Select values.0 - linenr 150000
2018/10/06 21:49:55 - Le Arquivo.0 - Line number : 200000
2018/10/06 21:49:59 - Carrega tabela.0 - linenr 150000
2018/10/06 21:49:59 - Separa Ano e Mes.0 - Linenr 200000
2018/10/06 21:50:14 - Select values.0 - linenr 200000
2018/10/06 21:50:14 - Le Arquivo.0 - Line number : 250000
2018/10/06 21:50:17 - Carrega tabela.0 - linenr 200000
2018/10/06 21:50:18 - Separa Ano e Mes.0 - Linenr 250000
2018/10/06 21:50:33 - Select values.0 - linenr 250000
2018/10/06 21:50:33 - Le Arquivo.0 - Line number : 300000
2018/10/06 21:50:37 - Carrega tabela.0 - linenr 250000
2018/10/06 21:50:37 - Separa Ano e Mes.0 - Linenr 300000
2018/10/06 21:50:52 - Select values.0 - linenr 300000
2018/10/06 21:50:52 - Le Arquivo.0 - Line number : 350000
2018/10/06 21:50:56 - Carrega tabela.0 - linenr 300000
2018/10/06 21:50:56 - Separa Ano e Mes.0 - Linenr 350000
2018/10/06 21:51:11 - Select values.0 - linenr 350000
2018/10/06 21:51:11 - Le Arquivo.0 - Line number : 400000
2018/10/06 21:51:15 - Carrega tabela.0 - linenr 350000
2018/10/06 21:51:15 - Separa Ano e Mes.0 - Linenr 400000
2018/10/06 21:51:30 - Select values.0 - linenr 400000
2018/10/06 21:51:30 - Le Arquivo.0 - Line number : 450000
2018/10/06 21:51:34 - Carrega tabela.0 - linenr 400000
2018/10/06 21:51:34 - Separa Ano e Mes.0 - Linenr 450000
2018/10/06 21:51:49 - Select values.0 - linenr 450000
2018/10/06 21:51:49 - Le Arquivo.0 - Line number : 500000
2018/10/06 21:51:53 - Carrega tabela.0 - linenr 450000
2018/10/06 21:51:53 - Separa Ano e Mes.0 - Linenr 500000
2018/10/06 21:52:09 - Select values.0 - linenr 500000
2018/10/06 21:52:09 - Le Arquivo.0 - Line number : 550000
2018/10/06 21:52:13 - Carrega tabela.0 - linenr 500000
2018/10/06 21:52:13 - Separa Ano e Mes.0 - Linenr 550000
2018/10/06 21:52:28 - Select values.0 - linenr 550000
2018/10/06 21:52:28 - Le Arquivo.0 - Line number : 600000
2018/10/06 21:52:32 - Carrega tabela.0 - linenr 550000
2018/10/06 21:52:32 - Separa Ano e Mes.0 - Linenr 600000
2018/10/06 21:52:48 - Select values.0 - linenr 600000
2018/10/06 21:52:48 - Le Arquivo.0 - Line number : 650000
2018/10/06 21:52:52 - Carrega tabela.0 - linenr 600000
2018/10/06 21:52:52 - Separa Ano e Mes.0 - Linenr 650000
2018/10/06 21:53:08 - Select values.0 - linenr 650000
2018/10/06 21:53:08 - Le Arquivo.0 - Line number : 700000
2018/10/06 21:53:12 - Carrega tabela.0 - linenr 650000
2018/10/06 21:53:12 - Separa Ano e Mes.0 - Linenr 700000
2018/10/06 21:53:27 - Select values.0 - linenr 700000
2018/10/06 21:53:27 - Le Arquivo.0 - Line number : 750000
2018/10/06 21:53:31 - Carrega tabela.0 - linenr 700000
2018/10/06 21:53:31 - Separa Ano e Mes.0 - Linenr 750000
2018/10/06 21:53:47 - Select values.0 - linenr 750000
2018/10/06 21:53:47 - Le Arquivo.0 - Line number : 800000
2018/10/06 21:53:50 - Carrega tabela.0 - linenr 750000
2018/10/06 21:53:51 - Separa Ano e Mes.0 - Linenr 800000
2018/10/06 21:54:05 - Select values.0 - linenr 800000
2018/10/06 21:54:06 - Le Arquivo.0 - Line number : 850000
2018/10/06 21:54:09 - Carrega tabela.0 - linenr 800000
2018/10/06 21:54:09 - Separa Ano e Mes.0 - Linenr 850000
2018/10/06 21:54:24 - Select values.0 - linenr 850000
2018/10/06 21:54:25 - Le Arquivo.0 - Line number : 900000
2018/10/06 21:54:28 - Carrega tabela.0 - linenr 850000
2018/10/06 21:54:28 - Separa Ano e Mes.0 - Linenr 900000
2018/10/06 21:54:44 - Select values.0 - linenr 900000
2018/10/06 21:54:44 - Le Arquivo.0 - Line number : 950000
2018/10/06 21:54:47 - Carrega tabela.0 - linenr 900000
2018/10/06 21:54:47 - Separa Ano e Mes.0 - Linenr 950000
2018/10/06 21:55:02 - Select values.0 - linenr 950000
2018/10/06 21:55:03 - Le Arquivo.0 - Line number : 1000000
2018/10/06 21:55:06 - Carrega tabela.0 - linenr 950000
2018/10/06 21:55:06 - Separa Ano e Mes.0 - Linenr 1000000
2018/10/06 21:55:22 - Select values.0 - linenr 1000000
2018/10/06 21:55:22 - Le Arquivo.0 - Line number : 1050000
2018/10/06 21:55:26 - Carrega tabela.0 - linenr 1000000
2018/10/06 21:55:26 - Separa Ano e Mes.0 - Linenr 1050000
2018/10/06 21:55:42 - Select values.0 - linenr 1050000
2018/10/06 21:55:42 - Le Arquivo.0 - Line number : 1100000
2018/10/06 21:55:45 - Carrega tabela.0 - linenr 1050000
2018/10/06 21:55:46 - Separa Ano e Mes.0 - Linenr 1100000
2018/10/06 21:56:01 - Select values.0 - linenr 1100000
2018/10/06 21:56:01 - Le Arquivo.0 - Line number : 1150000
2018/10/06 21:56:05 - Carrega tabela.0 - linenr 1100000
2018/10/06 21:56:05 - Separa Ano e Mes.0 - Linenr 1150000
2018/10/06 21:56:20 - Select values.0 - linenr 1150000
2018/10/06 21:56:21 - Le Arquivo.0 - Line number : 1200000
2018/10/06 21:56:24 - Carrega tabela.0 - linenr 1150000
2018/10/06 21:56:24 - Separa Ano e Mes.0 - Linenr 1200000
2018/10/06 21:56:40 - Select values.0 - linenr 1200000
2018/10/06 21:56:40 - Le Arquivo.0 - Line number : 1250000
2018/10/06 21:56:44 - Carrega tabela.0 - linenr 1200000
2018/10/06 21:56:44 - Separa Ano e Mes.0 - Linenr 1250000
2018/10/06 21:56:59 - Select values.0 - linenr 1250000
2018/10/06 21:56:59 - Le Arquivo.0 - Line number : 1300000
2018/10/06 21:57:03 - Carrega tabela.0 - linenr 1250000
2018/10/06 21:57:03 - Separa Ano e Mes.0 - Linenr 1300000
2018/10/06 21:57:18 - Select values.0 - linenr 1300000
2018/10/06 21:57:19 - Le Arquivo.0 - Line number : 1350000
2018/10/06 21:57:22 - Carrega tabela.0 - linenr 1300000
2018/10/06 21:57:22 - Separa Ano e Mes.0 - Linenr 1350000
2018/10/06 21:57:38 - Select values.0 - linenr 1350000
2018/10/06 21:57:38 - Le Arquivo.0 - Line number : 1400000
2018/10/06 21:57:41 - Carrega tabela.0 - linenr 1350000
2018/10/06 21:57:42 - Separa Ano e Mes.0 - Linenr 1400000
2018/10/06 21:57:57 - Select values.0 - linenr 1400000
2018/10/06 21:57:57 - Le Arquivo.0 - Line number : 1450000
2018/10/06 21:58:00 - Carrega tabela.0 - linenr 1400000
2018/10/06 21:58:01 - Separa Ano e Mes.0 - Linenr 1450000
2018/10/06 21:58:16 - Select values.0 - linenr 1450000
2018/10/06 21:58:16 - Le Arquivo.0 - Line number : 1500000
2018/10/06 21:58:20 - Carrega tabela.0 - linenr 1450000
2018/10/06 21:58:20 - Separa Ano e Mes.0 - Linenr 1500000
2018/10/06 21:58:35 - Select values.0 - linenr 1500000
2018/10/06 21:58:35 - Le Arquivo.0 - Line number : 1550000
2018/10/06 21:58:39 - Carrega tabela.0 - linenr 1500000
2018/10/06 21:58:39 - Separa Ano e Mes.0 - Linenr 1550000
2018/10/06 21:58:54 - Select values.0 - linenr 1550000
2018/10/06 21:58:54 - Le Arquivo.0 - Line number : 1600000
2018/10/06 21:58:58 - Carrega tabela.0 - linenr 1550000
2018/10/06 21:58:58 - Separa Ano e Mes.0 - Linenr 1600000
2018/10/06 21:59:13 - Select values.0 - linenr 1600000
2018/10/06 21:59:13 - Le Arquivo.0 - Line number : 1650000
2018/10/06 21:59:17 - Carrega tabela.0 - linenr 1600000
2018/10/06 21:59:17 - Separa Ano e Mes.0 - Linenr 1650000
2018/10/06 21:59:32 - Select values.0 - linenr 1650000
2018/10/06 21:59:33 - Le Arquivo.0 - Line number : 1700000
2018/10/06 21:59:36 - Carrega tabela.0 - linenr 1650000
2018/10/06 21:59:36 - Separa Ano e Mes.0 - Linenr 1700000
2018/10/06 21:59:51 - Select values.0 - linenr 1700000
2018/10/06 21:59:52 - Le Arquivo.0 - Line number : 1750000
2018/10/06 21:59:55 - Carrega tabela.0 - linenr 1700000
2018/10/06 21:59:55 - Separa Ano e Mes.0 - Linenr 1750000
2018/10/06 22:00:10 - Select values.0 - linenr 1750000
2018/10/06 22:00:11 - Le Arquivo.0 - Line number : 1800000
2018/10/06 22:00:14 - Carrega tabela.0 - linenr 1750000
2018/10/06 22:00:14 - Separa Ano e Mes.0 - Linenr 1800000
2018/10/06 22:00:30 - Select values.0 - linenr 1800000
2018/10/06 22:00:30 - Le Arquivo.0 - Line number : 1850000
2018/10/06 22:00:33 - Carrega tabela.0 - linenr 1800000
2018/10/06 22:00:34 - Separa Ano e Mes.0 - Linenr 1850000
2018/10/06 22:00:49 - Select values.0 - linenr 1850000
2018/10/06 22:00:49 - Le Arquivo.0 - Line number : 1900000
2018/10/06 22:00:52 - Carrega tabela.0 - linenr 1850000
2018/10/06 22:00:52 - Separa Ano e Mes.0 - Linenr 1900000
2018/10/06 22:01:07 - Select values.0 - linenr 1900000
2018/10/06 22:01:08 - Le Arquivo.0 - Line number : 1950000
2018/10/06 22:01:11 - Carrega tabela.0 - linenr 1900000
2018/10/06 22:01:11 - Separa Ano e Mes.0 - Linenr 1950000
2018/10/06 22:01:27 - Select values.0 - linenr 1950000
2018/10/06 22:01:27 - Le Arquivo.0 - Line number : 2000000
2018/10/06 22:01:31 - Carrega tabela.0 - linenr 1950000
2018/10/06 22:01:31 - Separa Ano e Mes.0 - Linenr 2000000
2018/10/06 22:01:46 - Select values.0 - linenr 2000000
2018/10/06 22:01:46 - Le Arquivo.0 - Line number : 2050000
2018/10/06 22:01:50 - Carrega tabela.0 - linenr 2000000
2018/10/06 22:01:50 - Separa Ano e Mes.0 - Linenr 2050000
2018/10/06 22:02:05 - Select values.0 - linenr 2050000
2018/10/06 22:02:05 - Le Arquivo.0 - Line number : 2100000
2018/10/06 22:02:09 - Carrega tabela.0 - linenr 2050000
2018/10/06 22:02:09 - Separa Ano e Mes.0 - Linenr 2100000
2018/10/06 22:02:25 - Select values.0 - linenr 2100000
2018/10/06 22:02:25 - Le Arquivo.0 - Line number : 2150000
2018/10/06 22:02:29 - Carrega tabela.0 - linenr 2100000
2018/10/06 22:02:29 - Separa Ano e Mes.0 - Linenr 2150000
2018/10/06 22:02:44 - Select values.0 - linenr 2150000
2018/10/06 22:02:44 - Le Arquivo.0 - Line number : 2200000
2018/10/06 22:02:48 - Carrega tabela.0 - linenr 2150000
2018/10/06 22:02:48 - Separa Ano e Mes.0 - Linenr 2200000
2018/10/06 22:03:03 - Select values.0 - linenr 2200000
2018/10/06 22:03:03 - Le Arquivo.0 - Line number : 2250000
2018/10/06 22:03:07 - Carrega tabela.0 - linenr 2200000
2018/10/06 22:03:07 - Separa Ano e Mes.0 - Linenr 2250000
2018/10/06 22:03:22 - Select values.0 - linenr 2250000
2018/10/06 22:03:23 - Le Arquivo.0 - Line number : 2300000
2018/10/06 22:03:26 - Carrega tabela.0 - linenr 2250000
2018/10/06 22:03:27 - Separa Ano e Mes.0 - Linenr 2300000
2018/10/06 22:03:42 - Select values.0 - linenr 2300000
2018/10/06 22:03:42 - Le Arquivo.0 - Line number : 2350000
2018/10/06 22:03:45 - Carrega tabela.0 - linenr 2300000
2018/10/06 22:03:46 - Separa Ano e Mes.0 - Linenr 2350000
2018/10/06 22:04:01 - Select values.0 - linenr 2350000
2018/10/06 22:04:01 - Le Arquivo.0 - Line number : 2400000
2018/10/06 22:04:04 - Carrega tabela.0 - linenr 2350000
2018/10/06 22:04:05 - Separa Ano e Mes.0 - Linenr 2400000
2018/10/06 22:04:20 - Select values.0 - linenr 2400000
2018/10/06 22:04:20 - Le Arquivo.0 - Line number : 2450000
2018/10/06 22:04:23 - Carrega tabela.0 - linenr 2400000
2018/10/06 22:04:24 - Separa Ano e Mes.0 - Linenr 2450000
2018/10/06 22:04:39 - Select values.0 - linenr 2450000
2018/10/06 22:04:39 - Le Arquivo.0 - Line number : 2500000
2018/10/06 22:04:43 - Carrega tabela.0 - linenr 2450000
2018/10/06 22:04:43 - Separa Ano e Mes.0 - Linenr 2500000
2018/10/06 22:04:58 - Select values.0 - linenr 2500000
2018/10/06 22:04:58 - Le Arquivo.0 - Line number : 2550000
2018/10/06 22:05:02 - Carrega tabela.0 - linenr 2500000
2018/10/06 22:05:02 - Separa Ano e Mes.0 - Linenr 2550000
2018/10/06 22:05:18 - Select values.0 - linenr 2550000
2018/10/06 22:05:18 - Le Arquivo.0 - Line number : 2600000
2018/10/06 22:05:22 - Carrega tabela.0 - linenr 2550000
2018/10/06 22:05:22 - Separa Ano e Mes.0 - Linenr 2600000
2018/10/06 22:05:37 - Select values.0 - linenr 2600000
2018/10/06 22:05:37 - Le Arquivo.0 - Line number : 2650000
2018/10/06 22:05:41 - Carrega tabela.0 - linenr 2600000
2018/10/06 22:05:41 - Separa Ano e Mes.0 - Linenr 2650000
2018/10/06 22:05:56 - Select values.0 - linenr 2650000
2018/10/06 22:05:56 - Le Arquivo.0 - Line number : 2700000
2018/10/06 22:06:00 - Carrega tabela.0 - linenr 2650000
2018/10/06 22:06:00 - Separa Ano e Mes.0 - Linenr 2700000
2018/10/06 22:06:16 - Select values.0 - linenr 2700000
2018/10/06 22:06:16 - Le Arquivo.0 - Line number : 2750000
2018/10/06 22:06:19 - Carrega tabela.0 - linenr 2700000
2018/10/06 22:06:20 - Separa Ano e Mes.0 - Linenr 2750000
2018/10/06 22:06:35 - Select values.0 - linenr 2750000
2018/10/06 22:06:35 - Le Arquivo.0 - Line number : 2800000
2018/10/06 22:06:39 - Carrega tabela.0 - linenr 2750000
2018/10/06 22:06:39 - Separa Ano e Mes.0 - Linenr 2800000
2018/10/06 22:06:55 - Select values.0 - linenr 2800000
2018/10/06 22:06:55 - Le Arquivo.0 - Line number : 2850000
2018/10/06 22:06:58 - Carrega tabela.0 - linenr 2800000
2018/10/06 22:06:59 - Separa Ano e Mes.0 - Linenr 2850000
2018/10/06 22:07:14 - Select values.0 - linenr 2850000
2018/10/06 22:07:14 - Le Arquivo.0 - Line number : 2900000
2018/10/06 22:07:18 - Carrega tabela.0 - linenr 2850000
2018/10/06 22:07:18 - Separa Ano e Mes.0 - Linenr 2900000
2018/10/06 22:07:33 - Select values.0 - linenr 2900000
2018/10/06 22:07:33 - Le Arquivo.0 - Line number : 2950000
2018/10/06 22:07:37 - Carrega tabela.0 - linenr 2900000
2018/10/06 22:07:37 - Separa Ano e Mes.0 - Linenr 2950000
2018/10/06 22:07:52 - Select values.0 - linenr 2950000
2018/10/06 22:07:52 - Le Arquivo.0 - Line number : 3000000
2018/10/06 22:07:56 - Carrega tabela.0 - linenr 2950000
2018/10/06 22:07:56 - Separa Ano e Mes.0 - Linenr 3000000
2018/10/06 22:08:11 - Select values.0 - linenr 3000000
2018/10/06 22:08:11 - Le Arquivo.0 - Line number : 3050000
2018/10/06 22:08:15 - Carrega tabela.0 - linenr 3000000
2018/10/06 22:08:15 - Separa Ano e Mes.0 - Linenr 3050000
2018/10/06 22:08:30 - Select values.0 - linenr 3050000
2018/10/06 22:08:30 - Le Arquivo.0 - Line number : 3100000
2018/10/06 22:08:34 - Carrega tabela.0 - linenr 3050000
2018/10/06 22:08:34 - Separa Ano e Mes.0 - Linenr 3100000
2018/10/06 22:08:49 - Select values.0 - linenr 3100000
2018/10/06 22:08:49 - Le Arquivo.0 - Line number : 3150000
2018/10/06 22:08:53 - Carrega tabela.0 - linenr 3100000
2018/10/06 22:08:53 - Separa Ano e Mes.0 - Linenr 3150000
2018/10/06 22:09:08 - Select values.0 - linenr 3150000
2018/10/06 22:09:08 - Le Arquivo.0 - Line number : 3200000
2018/10/06 22:09:12 - Carrega tabela.0 - linenr 3150000
2018/10/06 22:09:12 - Separa Ano e Mes.0 - Linenr 3200000
2018/10/06 22:09:27 - Select values.0 - linenr 3200000
2018/10/06 22:09:27 - Le Arquivo.0 - Line number : 3250000
2018/10/06 22:09:31 - Carrega tabela.0 - linenr 3200000
2018/10/06 22:09:31 - Separa Ano e Mes.0 - Linenr 3250000
2018/10/06 22:09:46 - Select values.0 - linenr 3250000
2018/10/06 22:09:46 - Le Arquivo.0 - Line number : 3300000
2018/10/06 22:09:50 - Carrega tabela.0 - linenr 3250000
2018/10/06 22:09:50 - Separa Ano e Mes.0 - Linenr 3300000
2018/10/06 22:10:05 - Select values.0 - linenr 3300000
2018/10/06 22:10:05 - Le Arquivo.0 - Line number : 3350000
2018/10/06 22:10:09 - Carrega tabela.0 - linenr 3300000
2018/10/06 22:10:09 - Separa Ano e Mes.0 - Linenr 3350000
2018/10/06 22:10:25 - Select values.0 - linenr 3350000
2018/10/06 22:10:25 - Le Arquivo.0 - Line number : 3400000
2018/10/06 22:10:29 - Carrega tabela.0 - linenr 3350000
2018/10/06 22:10:29 - Separa Ano e Mes.0 - Linenr 3400000
2018/10/06 22:10:44 - Select values.0 - linenr 3400000
2018/10/06 22:10:44 - Le Arquivo.0 - Line number : 3450000
2018/10/06 22:10:48 - Carrega tabela.0 - linenr 3400000
2018/10/06 22:10:48 - Separa Ano e Mes.0 - Linenr 3450000
2018/10/06 22:11:04 - Select values.0 - linenr 3450000
2018/10/06 22:11:04 - Le Arquivo.0 - Line number : 3500000
2018/10/06 22:11:07 - Carrega tabela.0 - linenr 3450000
2018/10/06 22:11:08 - Separa Ano e Mes.0 - Linenr 3500000
2018/10/06 22:11:23 - Select values.0 - linenr 3500000
2018/10/06 22:11:23 - Le Arquivo.0 - Line number : 3550000
2018/10/06 22:11:27 - Carrega tabela.0 - linenr 3500000
2018/10/06 22:11:27 - Separa Ano e Mes.0 - Linenr 3550000
2018/10/06 22:11:42 - Select values.0 - linenr 3550000
2018/10/06 22:11:42 - Le Arquivo.0 - Line number : 3600000
2018/10/06 22:11:46 - Carrega tabela.0 - linenr 3550000
2018/10/06 22:11:46 - Separa Ano e Mes.0 - Linenr 3600000
2018/10/06 22:12:01 - Select values.0 - linenr 3600000
2018/10/06 22:12:01 - Le Arquivo.0 - Line number : 3650000
2018/10/06 22:12:05 - Carrega tabela.0 - linenr 3600000
2018/10/06 22:12:05 - Separa Ano e Mes.0 - Linenr 3650000
2018/10/06 22:12:20 - Select values.0 - linenr 3650000
2018/10/06 22:12:20 - Le Arquivo.0 - Line number : 3700000
2018/10/06 22:12:24 - Carrega tabela.0 - linenr 3650000
2018/10/06 22:12:24 - Separa Ano e Mes.0 - Linenr 3700000
2018/10/06 22:12:39 - Select values.0 - linenr 3700000
2018/10/06 22:12:39 - Le Arquivo.0 - Line number : 3750000
2018/10/06 22:12:43 - Carrega tabela.0 - linenr 3700000
2018/10/06 22:12:43 - Separa Ano e Mes.0 - Linenr 3750000
2018/10/06 22:12:58 - Select values.0 - linenr 3750000
2018/10/06 22:12:58 - Le Arquivo.0 - Line number : 3800000
2018/10/06 22:13:02 - Carrega tabela.0 - linenr 3750000
2018/10/06 22:13:02 - Separa Ano e Mes.0 - Linenr 3800000
2018/10/06 22:13:17 - Select values.0 - linenr 3800000
2018/10/06 22:13:17 - Le Arquivo.0 - Line number : 3850000
2018/10/06 22:13:21 - Carrega tabela.0 - linenr 3800000
2018/10/06 22:13:21 - Separa Ano e Mes.0 - Linenr 3850000
2018/10/06 22:13:36 - Select values.0 - linenr 3850000
2018/10/06 22:13:36 - Le Arquivo.0 - Line number : 3900000
2018/10/06 22:13:40 - Carrega tabela.0 - linenr 3850000
2018/10/06 22:13:40 - Separa Ano e Mes.0 - Linenr 3900000
2018/10/06 22:13:55 - Select values.0 - linenr 3900000
2018/10/06 22:13:55 - Le Arquivo.0 - Line number : 3950000
2018/10/06 22:13:59 - Carrega tabela.0 - linenr 3900000
2018/10/06 22:13:59 - Separa Ano e Mes.0 - Linenr 3950000
2018/10/06 22:14:14 - Select values.0 - linenr 3950000
2018/10/06 22:14:14 - Le Arquivo.0 - Line number : 4000000
2018/10/06 22:14:18 - Carrega tabela.0 - linenr 3950000
2018/10/06 22:14:18 - Separa Ano e Mes.0 - Linenr 4000000
2018/10/06 22:14:34 - Select values.0 - linenr 4000000
2018/10/06 22:14:34 - Le Arquivo.0 - Line number : 4050000
2018/10/06 22:14:37 - Carrega tabela.0 - linenr 4000000
2018/10/06 22:14:38 - Separa Ano e Mes.0 - Linenr 4050000
2018/10/06 22:14:53 - Select values.0 - linenr 4050000
2018/10/06 22:14:53 - Le Arquivo.0 - Line number : 4100000
2018/10/06 22:14:57 - Carrega tabela.0 - linenr 4050000
2018/10/06 22:14:57 - Separa Ano e Mes.0 - Linenr 4100000
2018/10/06 22:15:12 - Select values.0 - linenr 4100000
2018/10/06 22:15:12 - Le Arquivo.0 - Line number : 4150000
2018/10/06 22:15:16 - Carrega tabela.0 - linenr 4100000
2018/10/06 22:15:16 - Separa Ano e Mes.0 - Linenr 4150000
2018/10/06 22:15:32 - Select values.0 - linenr 4150000
2018/10/06 22:15:32 - Le Arquivo.0 - Line number : 4200000
2018/10/06 22:15:35 - Carrega tabela.0 - linenr 4150000
2018/10/06 22:15:36 - Separa Ano e Mes.0 - Linenr 4200000
2018/10/06 22:15:51 - Select values.0 - linenr 4200000
2018/10/06 22:15:51 - Le Arquivo.0 - Line number : 4250000
2018/10/06 22:15:55 - Carrega tabela.0 - linenr 4200000
2018/10/06 22:15:55 - Separa Ano e Mes.0 - Linenr 4250000
2018/10/06 22:16:10 - Select values.0 - linenr 4250000
2018/10/06 22:16:10 - Le Arquivo.0 - Line number : 4300000
2018/10/06 22:16:14 - Carrega tabela.0 - linenr 4250000
2018/10/06 22:16:14 - Separa Ano e Mes.0 - Linenr 4300000
2018/10/06 22:16:29 - Select values.0 - linenr 4300000
2018/10/06 22:16:30 - Le Arquivo.0 - Line number : 4350000
2018/10/06 22:16:33 - Carrega tabela.0 - linenr 4300000
2018/10/06 22:16:33 - Separa Ano e Mes.0 - Linenr 4350000
2018/10/06 22:16:49 - Select values.0 - linenr 4350000
2018/10/06 22:16:49 - Le Arquivo.0 - Line number : 4400000
2018/10/06 22:16:52 - Carrega tabela.0 - linenr 4350000
2018/10/06 22:16:53 - Separa Ano e Mes.0 - Linenr 4400000
2018/10/06 22:17:08 - Select values.0 - linenr 4400000
2018/10/06 22:17:08 - Le Arquivo.0 - Line number : 4450000
2018/10/06 22:17:11 - Carrega tabela.0 - linenr 4400000
2018/10/06 22:17:12 - Separa Ano e Mes.0 - Linenr 4450000
2018/10/06 22:17:27 - Select values.0 - linenr 4450000
2018/10/06 22:17:27 - Le Arquivo.0 - Line number : 4500000
2018/10/06 22:17:31 - Carrega tabela.0 - linenr 4450000
2018/10/06 22:17:31 - Separa Ano e Mes.0 - Linenr 4500000
2018/10/06 22:17:46 - Select values.0 - linenr 4500000
2018/10/06 22:17:46 - Le Arquivo.0 - Line number : 4550000
2018/10/06 22:17:50 - Carrega tabela.0 - linenr 4500000
2018/10/06 22:17:50 - Separa Ano e Mes.0 - Linenr 4550000
2018/10/06 22:18:06 - Select values.0 - linenr 4550000
2018/10/06 22:18:06 - Le Arquivo.0 - Line number : 4600000
2018/10/06 22:18:09 - Carrega tabela.0 - linenr 4550000
2018/10/06 22:18:10 - Separa Ano e Mes.0 - Linenr 4600000
2018/10/06 22:18:25 - Select values.0 - linenr 4600000
2018/10/06 22:18:25 - Le Arquivo.0 - Line number : 4650000
2018/10/06 22:18:29 - Carrega tabela.0 - linenr 4600000
2018/10/06 22:18:29 - Separa Ano e Mes.0 - Linenr 4650000
2018/10/06 22:18:44 - Select values.0 - linenr 4650000
2018/10/06 22:18:45 - Le Arquivo.0 - Line number : 4700000
2018/10/06 22:18:48 - Carrega tabela.0 - linenr 4650000
2018/10/06 22:18:48 - Separa Ano e Mes.0 - Linenr 4700000
2018/10/06 22:19:04 - Select values.0 - linenr 4700000
2018/10/06 22:19:04 - Le Arquivo.0 - Line number : 4750000
2018/10/06 22:19:08 - Carrega tabela.0 - linenr 4700000
2018/10/06 22:19:08 - Separa Ano e Mes.0 - Linenr 4750000
2018/10/06 22:19:23 - Select values.0 - linenr 4750000
2018/10/06 22:19:24 - Le Arquivo.0 - Line number : 4800000
2018/10/06 22:19:27 - Carrega tabela.0 - linenr 4750000
2018/10/06 22:19:27 - Separa Ano e Mes.0 - Linenr 4800000
2018/10/06 22:19:43 - Select values.0 - linenr 4800000
2018/10/06 22:19:43 - Le Arquivo.0 - Line number : 4850000
2018/10/06 22:19:47 - Carrega tabela.0 - linenr 4800000
2018/10/06 22:19:47 - Separa Ano e Mes.0 - Linenr 4850000
2018/10/06 22:20:02 - Select values.0 - linenr 4850000
2018/10/06 22:20:02 - Le Arquivo.0 - Line number : 4900000
2018/10/06 22:20:06 - Carrega tabela.0 - linenr 4850000
2018/10/06 22:20:06 - Separa Ano e Mes.0 - Linenr 4900000
2018/10/06 22:20:21 - Select values.0 - linenr 4900000
2018/10/06 22:20:21 - Le Arquivo.0 - Line number : 4950000
2018/10/06 22:20:25 - Carrega tabela.0 - linenr 4900000
2018/10/06 22:20:25 - Separa Ano e Mes.0 - Linenr 4950000
2018/10/06 22:20:40 - Select values.0 - linenr 4950000
2018/10/06 22:20:41 - Le Arquivo.0 - Line number : 5000000
2018/10/06 22:20:44 - Carrega tabela.0 - linenr 4950000
2018/10/06 22:20:45 - Separa Ano e Mes.0 - Linenr 5000000
2018/10/06 22:21:00 - Select values.0 - linenr 5000000
2018/10/06 22:21:00 - Le Arquivo.0 - Line number : 5050000
2018/10/06 22:21:04 - Carrega tabela.0 - linenr 5000000
2018/10/06 22:21:04 - Separa Ano e Mes.0 - Linenr 5050000
2018/10/06 22:21:19 - Select values.0 - linenr 5050000
2018/10/06 22:21:19 - Le Arquivo.0 - Line number : 5100000
2018/10/06 22:21:23 - Carrega tabela.0 - linenr 5050000
2018/10/06 22:21:23 - Separa Ano e Mes.0 - Linenr 5100000
2018/10/06 22:21:38 - Select values.0 - linenr 5100000
2018/10/06 22:21:39 - Le Arquivo.0 - Line number : 5150000
2018/10/06 22:21:42 - Carrega tabela.0 - linenr 5100000
2018/10/06 22:21:42 - Separa Ano e Mes.0 - Linenr 5150000
2018/10/06 22:21:58 - Select values.0 - linenr 5150000
2018/10/06 22:21:58 - Le Arquivo.0 - Line number : 5200000
2018/10/06 22:22:01 - Carrega tabela.0 - linenr 5150000
2018/10/06 22:22:02 - Separa Ano e Mes.0 - Linenr 5200000
2018/10/06 22:22:17 - Select values.0 - linenr 5200000
2018/10/06 22:22:17 - Le Arquivo.0 - Line number : 5250000
2018/10/06 22:22:21 - Carrega tabela.0 - linenr 5200000
2018/10/06 22:22:21 - Separa Ano e Mes.0 - Linenr 5250000
2018/10/06 22:22:36 - Select values.0 - linenr 5250000
2018/10/06 22:22:36 - Le Arquivo.0 - Line number : 5300000
2018/10/06 22:22:40 - Carrega tabela.0 - linenr 5250000
2018/10/06 22:22:40 - Separa Ano e Mes.0 - Linenr 5300000
2018/10/06 22:22:55 - Select values.0 - linenr 5300000
2018/10/06 22:22:55 - Le Arquivo.0 - Line number : 5350000
2018/10/06 22:22:59 - Carrega tabela.0 - linenr 5300000
2018/10/06 22:22:59 - Separa Ano e Mes.0 - Linenr 5350000
2018/10/06 22:23:01 - Le Arquivo.0 - Finished processing (I=5364426, O=0, R=0, W=5364425, U=0, E=0)
2018/10/06 22:23:05 - Separa Ano e Mes.0 - Finished processing (I=0, O=0, R=5364425, W=5364425, U=0, E=0)
2018/10/06 22:23:08 - Corrige sal_mensal_declarado.0 - Finished processing (I=0, O=0, R=5364425, W=5364425, U=0, E=0)
2018/10/06 22:23:12 - Corrige CBO.0 - Finished processing (I=0, O=0, R=5364425, W=5364425, U=0, E=0)
2018/10/06 22:23:14 - Select values.0 - linenr 5350000
2018/10/06 22:23:16 - corige_dia_mov.0 - Finished processing (I=0, O=0, R=5364425, W=5364425, U=0, E=0)
2018/10/06 22:23:18 - Carrega tabela.0 - linenr 5350000
2018/10/06 22:23:19 - Select values.0 - Finished processing (I=0, O=0, R=5364425, W=5364425, U=0, E=0)
2018/10/06 22:23:23 - Carrega tabela.0 - Finished processing (I=0, O=5364425, R=5364425, W=5364425, U=0, E=0)
2018/10/06 22:23:23 - job_carga_caged - Starting entry [Success]
2018/10/06 22:23:23 - job_carga_caged - Finished job entry [Success] (result=[true])
2018/10/06 22:23:23 - job_carga_caged - Finished job entry [ktr_carga_caged] (result=[true])
2018/10/06 22:23:23 - job_carga_caged - Job execution finished
2018/10/06 22:23:23 - Kitchen - Finished!
2018/10/06 22:23:23 - Kitchen - Start=2018/10/06 21:48:54.154, Stop=2018/10/06 22:23:23.135
2018/10/06 22:23:23 - Kitchen - Processing ended after 34 minutes and 28 seconds (2068 seconds total).
