#######################################################################
WARNING:  no libwebkitgtk-1.0 detected, some features will be unavailable
    Consider installing the package with apt-get or yum.
    e.g. 'sudo apt-get install libwebkitgtk-1.0-0'
#######################################################################
OpenJDK 64-Bit Server VM warning: ignoring option MaxPermSize=4G; support was removed in 8.0
22:23:25,410 INFO  [KarafBoot] Checking to see if org.pentaho.clean.karaf.cache is enabled
22:23:25,512 INFO  [KarafInstance] 
*******************************************************************************
*** Karaf Instance Number: 2 at /opt/data-integration/./system/karaf/caches ***
***   /kitchen/data-1                                                       ***
*** FastBin Provider Port:52902                                             ***
*** Karaf Port:8803                                                         ***
*** OSGI Service Port:9052                                                  ***
*******************************************************************************
out 06, 2018 10:23:26 PM org.apache.karaf.main.Main$KarafLockCallback lockAquired
INFO: Lock acquired. Setting startlevel to 100
2018/10/06 22:23:26 - Kitchen - Start of run.
2018-10-06 22:23:28.886:INFO:oejs.Server:jetty-8.1.15.v20140411
2018-10-06 22:23:28.912:INFO:oejs.AbstractConnector:Started NIOSocketConnectorWrapper@0.0.0.0:9052
out 06, 2018 10:23:29 PM org.apache.cxf.bus.blueprint.NamespaceHandlerRegisterer register
INFO: Registered blueprint namespace handler for http://cxf.apache.org/blueprint/core
out 06, 2018 10:23:29 PM org.apache.cxf.bus.blueprint.NamespaceHandlerRegisterer register
INFO: Registered blueprint namespace handler for http://cxf.apache.org/configuration/beans
out 06, 2018 10:23:29 PM org.apache.cxf.bus.blueprint.NamespaceHandlerRegisterer register
INFO: Registered blueprint namespace handler for http://cxf.apache.org/configuration/parameterized-types
out 06, 2018 10:23:29 PM org.apache.cxf.bus.blueprint.NamespaceHandlerRegisterer register
INFO: Registered blueprint namespace handler for http://cxf.apache.org/configuration/security
out 06, 2018 10:23:29 PM org.apache.cxf.bus.blueprint.NamespaceHandlerRegisterer register
INFO: Registered blueprint namespace handler for http://schemas.xmlsoap.org/wsdl/
out 06, 2018 10:23:29 PM org.apache.cxf.bus.blueprint.NamespaceHandlerRegisterer register
INFO: Registered blueprint namespace handler for http://www.w3.org/2005/08/addressing
out 06, 2018 10:23:29 PM org.apache.cxf.bus.blueprint.NamespaceHandlerRegisterer register
INFO: Registered blueprint namespace handler for http://schemas.xmlsoap.org/ws/2004/08/addressing
out 06, 2018 10:23:29 PM org.apache.cxf.bus.osgi.CXFExtensionBundleListener addExtensions
INFO: Adding the extensions from bundle org.apache.cxf.cxf-rt-management (152) [org.apache.cxf.management.InstrumentationManager]
out 06, 2018 10:23:29 PM org.apache.cxf.bus.osgi.CXFExtensionBundleListener addExtensions
INFO: Adding the extensions from bundle org.apache.cxf.cxf-rt-transports-http (156) [org.apache.cxf.transport.http.HTTPTransportFactory, org.apache.cxf.transport.http.HTTPWSDLExtensionLoader, org.apache.cxf.transport.http.policy.HTTPClientAssertionBuilder, org.apache.cxf.transport.http.policy.HTTPServerAssertionBuilder, org.apache.cxf.transport.http.policy.NoOpPolicyInterceptorProvider]
out 06, 2018 10:23:29 PM org.apache.cxf.bus.osgi.CXFExtensionBundleListener addExtensions
INFO: Adding the extensions from bundle org.apache.cxf.cxf-rt-wsdl (189) [org.apache.cxf.wsdl.WSDLManager]
out 06, 2018 10:23:29 PM org.apache.cxf.bus.osgi.CXFExtensionBundleListener addExtensions
INFO: Adding the extensions from bundle org.apache.cxf.cxf-rt-ws-policy (203) [org.apache.cxf.ws.policy.PolicyEngine, org.apache.cxf.policy.PolicyDataEngine, org.apache.cxf.ws.policy.AssertionBuilderRegistry, org.apache.cxf.ws.policy.PolicyInterceptorProviderRegistry, org.apache.cxf.ws.policy.PolicyBuilder, org.apache.cxf.ws.policy.PolicyAnnotationListener, org.apache.cxf.ws.policy.attachment.ServiceModelPolicyProvider, org.apache.cxf.ws.policy.attachment.external.DomainExpressionBuilderRegistry, org.apache.cxf.ws.policy.attachment.external.EndpointReferenceDomainExpressionBuilder, org.apache.cxf.ws.policy.attachment.external.URIDomainExpressionBuilder, org.apache.cxf.ws.policy.attachment.wsdl11.Wsdl11AttachmentPolicyProvider, org.apache.cxf.ws.policy.mtom.MTOMAssertionBuilder, org.apache.cxf.ws.policy.mtom.MTOMPolicyInterceptorProvider]
out 06, 2018 10:23:29 PM org.apache.cxf.bus.blueprint.NamespaceHandlerRegisterer register
INFO: Registered blueprint namespace handler for http://cxf.apache.org/transports/http/configuration
out 06, 2018 10:23:29 PM org.apache.cxf.bus.osgi.CXFExtensionBundleListener addExtensions
INFO: Adding the extensions from bundle org.apache.cxf.cxf-rt-bindings-soap (192) [org.apache.cxf.binding.soap.SoapBindingFactory, org.apache.cxf.binding.soap.SoapTransportFactory]
out 06, 2018 10:23:29 PM org.apache.cxf.bus.blueprint.NamespaceHandlerRegisterer register
INFO: Registered blueprint namespace handler for http://cxf.apache.org/blueprint/jaxrs
out 06, 2018 10:23:29 PM org.apache.cxf.bus.blueprint.NamespaceHandlerRegisterer register
INFO: Registered blueprint namespace handler for http://cxf.apache.org/blueprint/jaxrs-client
out 06, 2018 10:23:29 PM org.apache.cxf.bus.osgi.CXFExtensionBundleListener addExtensions
INFO: Adding the extensions from bundle org.apache.cxf.cxf-rt-bindings-xml (191) [org.apache.cxf.binding.xml.XMLBindingFactory, org.apache.cxf.binding.xml.wsdl11.XMLWSDLExtensionLoader]
out 06, 2018 10:23:29 PM org.apache.cxf.bus.blueprint.NamespaceHandlerRegisterer register
INFO: Registered blueprint namespace handler for http://cxf.apache.org/blueprint/bindings/soap
out 06, 2018 10:23:29 PM org.apache.cxf.bus.blueprint.NamespaceHandlerRegisterer register
INFO: Registered blueprint namespace handler for http://cxf.apache.org/blueprint/simple
out 06, 2018 10:23:29 PM org.apache.cxf.bus.osgi.CXFExtensionBundleListener addExtensions
INFO: Adding the extensions from bundle org.apache.cxf.cxf-rt-frontend-jaxws (194) [org.apache.cxf.jaxws.context.WebServiceContextResourceResolver]
out 06, 2018 10:23:29 PM org.apache.cxf.bus.blueprint.NamespaceHandlerRegisterer register
INFO: Registered blueprint namespace handler for http://cxf.apache.org/blueprint/jaxws
out 06, 2018 10:23:29 PM org.apache.cxf.bus.blueprint.NamespaceHandlerRegisterer register
INFO: Registered blueprint namespace handler for http://cxf.apache.org/binding/coloc
out 06, 2018 10:23:29 PM org.apache.cxf.bus.osgi.CXFExtensionBundleListener addExtensions
INFO: Adding the extensions from bundle org.apache.cxf.cxf-rt-transports-local (199) [org.apache.cxf.transport.local.LocalTransportFactory]
out 06, 2018 10:23:29 PM org.apache.cxf.bus.osgi.CXFExtensionBundleListener addExtensions
INFO: Adding the extensions from bundle org.apache.cxf.cxf-rt-bindings-object (200) [org.apache.cxf.binding.object.ObjectBindingFactory]
out 06, 2018 10:23:29 PM org.apache.cxf.bus.blueprint.NamespaceHandlerRegisterer register
INFO: Registered blueprint namespace handler for http://cxf.apache.org/blueprint/binding/object
out 06, 2018 10:23:29 PM org.apache.cxf.bus.blueprint.NamespaceHandlerRegisterer register
INFO: Registered blueprint namespace handler for http://cxf.apache.org/policy
out 06, 2018 10:23:29 PM org.apache.cxf.bus.blueprint.NamespaceHandlerRegisterer register
INFO: Registered blueprint namespace handler for http://www.w3.org/ns/ws-policy
out 06, 2018 10:23:29 PM org.apache.cxf.bus.blueprint.NamespaceHandlerRegisterer register
INFO: Registered blueprint namespace handler for http://www.w3.org/2006/07/ws-policy
out 06, 2018 10:23:29 PM org.apache.cxf.bus.blueprint.NamespaceHandlerRegisterer register
INFO: Registered blueprint namespace handler for http://schemas.xmlsoap.org/ws/2004/09/policy
out 06, 2018 10:23:29 PM org.apache.cxf.bus.blueprint.NamespaceHandlerRegisterer register
INFO: Registered blueprint namespace handler for http://docs.oasis-open.org/wss/2004/01/oasis-200401-wss-wssecurity-secext-1.0.xsd
out 06, 2018 10:23:29 PM org.apache.cxf.bus.blueprint.NamespaceHandlerRegisterer register
INFO: Registered blueprint namespace handler for http://docs.oasis-open.org/wss/2004/01/oasis-200401-wss-wssecurity-utility-1.0.xsd
out 06, 2018 10:23:29 PM org.apache.cxf.bus.blueprint.NamespaceHandlerRegisterer register
INFO: Registered blueprint namespace handler for http://www.w3.org/2000/09/xmldsig#
out 06, 2018 10:23:29 PM org.apache.cxf.bus.blueprint.NamespaceHandlerRegisterer register
INFO: Registered blueprint namespace handler for http://docs.oasis-open.org/ws-sx/ws-securitypolicy/200702
out 06, 2018 10:23:29 PM org.apache.cxf.bus.osgi.CXFExtensionBundleListener addExtensions
INFO: Adding the extensions from bundle org.apache.cxf.cxf-rt-ws-addr (220) [org.apache.cxf.ws.addressing.policy.AddressingAssertionBuilder, org.apache.cxf.ws.addressing.policy.UsingAddressingAssertionBuilder, org.apache.cxf.ws.addressing.policy.AddressingPolicyInterceptorProvider, org.apache.cxf.ws.addressing.impl.AddressingWSDLExtensionLoader, org.apache.cxf.ws.addressing.WSAddressingFeature$WSAddressingFeatureApplier, org.apache.cxf.ws.addressing.MAPAggregator$MAPAggregatorLoader]
out 06, 2018 10:23:29 PM org.apache.cxf.bus.blueprint.NamespaceHandlerRegisterer register
INFO: Registered blueprint namespace handler for http://cxf.apache.org/ws/addressing
out 06, 2018 10:23:29 PM org.apache.cxf.bus.osgi.CXFExtensionBundleListener addExtensions
INFO: Adding the extensions from bundle org.apache.cxf.cxf-rt-ws-security (222) [org.apache.cxf.ws.security.policy.WSSecurityPolicyLoader, org.apache.cxf.ws.security.cache.CacheCleanupListener]
out 06, 2018 10:23:29 PM org.apache.cxf.bus.osgi.CXFExtensionBundleListener addExtensions
INFO: Adding the extensions from bundle org.apache.cxf.cxf-rt-ws-rm (224) [org.apache.cxf.ws.rm.RMManager, org.apache.cxf.ws.rm.policy.RMPolicyInterceptorProvider, org.apache.cxf.ws.rm.policy.RM10AssertionBuilder, org.apache.cxf.ws.rm.policy.RM12AssertionBuilder, org.apache.cxf.ws.rm.policy.WSRMP12PolicyLoader, org.apache.cxf.ws.rm.policy.MC11PolicyLoader, org.apache.cxf.ws.rm.policy.RSPPolicyLoader]
out 06, 2018 10:23:29 PM org.apache.cxf.bus.blueprint.NamespaceHandlerRegisterer register
INFO: Registered blueprint namespace handler for http://cxf.apache.org/ws/rm/manager
out 06, 2018 10:23:29 PM org.apache.cxf.bus.blueprint.NamespaceHandlerRegisterer register
INFO: Registered blueprint namespace handler for http://schemas.xmlsoap.org/ws/2005/02/rm/policy
out 06, 2018 10:23:29 PM org.apache.cxf.bus.osgi.CXFExtensionBundleListener addExtensions
INFO: Adding the extensions from bundle org.apache.cxf.cxf-rt-javascript (225) [org.apache.cxf.javascript.JavascriptServerListener]
out 06, 2018 10:23:29 PM org.pentaho.caching.impl.PentahoCacheManagerFactory$RegistrationHandler$1 onSuccess
INFO: New Caching Service registered
2018/10/06 22:23:32 - job_carga_caged - Start of job execution
2018/10/06 22:23:32 - job_carga_caged - Starting entry [ktr_carga_caged]
2018/10/06 22:23:32 - ktr_carga_caged - Loading transformation from XML file [/home/unb/MTB/ETL/ods/mtb/caged_dw/ktr_carga_caged.ktr]
2018/10/06 22:23:32 - ktr_carga_caged - Using run configuration [Pentaho local]
2018/10/06 22:23:32 - ktr_carga_caged - Using legacy execution engine
out 06, 2018 10:23:32 PM org.apache.cxf.endpoint.ServerImpl initDestination
INFO: Setting the server's publish address to be /marketplace
2018/10/06 22:23:32 - ktr_carga_caged - Dispatching started for transformation [ktr_carga_caged]
2018/10/06 22:23:32 - Carrega tabela.0 - Connected to database [comexao_ods] (commit=100000000)
out 06, 2018 10:23:32 PM org.apache.cxf.endpoint.ServerImpl initDestination
INFO: Setting the server's publish address to be /lineage
out 06, 2018 10:23:32 PM org.apache.cxf.endpoint.ServerImpl initDestination
INFO: Setting the server's publish address to be /i18n
SLF4J: Class path contains multiple SLF4J bindings.
SLF4J: Found binding in [jar:file:/opt/data-integration/launcher/../lib/slf4j-log4j12-1.7.7.jar!/org/slf4j/impl/StaticLoggerBinder.class]
SLF4J: Found binding in [jar:file:/opt/data-integration/plugins/pentaho-big-data-plugin/lib/slf4j-log4j12-1.7.7.jar!/org/slf4j/impl/StaticLoggerBinder.class]
SLF4J: See http://www.slf4j.org/codes.html#multiple_bindings for an explanation.
SLF4J: Actual binding is of type [org.slf4j.impl.Log4jLoggerFactory]
2018/10/06 22:23:32 - Le Arquivo.0 - Header row skipped in file '/mnt/unb/bases_mte/CAGED/CAGED_TRABALHADOR_AJUSTADO_072017.txt'
2018/10/06 22:23:34 - Le Arquivo.0 - Line number : 50000
2018/10/06 22:23:34 - Separa Ano e Mes.0 - Linenr 50000
2018/10/06 22:23:48 - Select values.0 - linenr 50000
2018/10/06 22:23:48 - Le Arquivo.0 - Line number : 100000
2018/10/06 22:23:52 - Carrega tabela.0 - linenr 50000
2018/10/06 22:23:52 - Separa Ano e Mes.0 - Linenr 100000
2018/10/06 22:24:07 - Select values.0 - linenr 100000
2018/10/06 22:24:07 - Le Arquivo.0 - Line number : 150000
2018/10/06 22:24:11 - Carrega tabela.0 - linenr 100000
2018/10/06 22:24:11 - Separa Ano e Mes.0 - Linenr 150000
2018/10/06 22:24:26 - Select values.0 - linenr 150000
2018/10/06 22:24:26 - Le Arquivo.0 - Line number : 200000
2018/10/06 22:24:30 - Carrega tabela.0 - linenr 150000
2018/10/06 22:24:30 - Separa Ano e Mes.0 - Linenr 200000
2018/10/06 22:24:45 - Select values.0 - linenr 200000
2018/10/06 22:24:45 - Le Arquivo.0 - Line number : 250000
2018/10/06 22:24:49 - Carrega tabela.0 - linenr 200000
2018/10/06 22:24:49 - Separa Ano e Mes.0 - Linenr 250000
2018/10/06 22:25:04 - Select values.0 - linenr 250000
2018/10/06 22:25:04 - Le Arquivo.0 - Line number : 300000
2018/10/06 22:25:08 - Carrega tabela.0 - linenr 250000
2018/10/06 22:25:08 - Separa Ano e Mes.0 - Linenr 300000
2018/10/06 22:25:23 - Select values.0 - linenr 300000
2018/10/06 22:25:23 - Le Arquivo.0 - Line number : 350000
2018/10/06 22:25:27 - Carrega tabela.0 - linenr 300000
2018/10/06 22:25:27 - Separa Ano e Mes.0 - Linenr 350000
2018/10/06 22:25:42 - Select values.0 - linenr 350000
2018/10/06 22:25:42 - Le Arquivo.0 - Line number : 400000
2018/10/06 22:25:46 - Carrega tabela.0 - linenr 350000
2018/10/06 22:25:46 - Separa Ano e Mes.0 - Linenr 400000
2018/10/06 22:26:01 - Select values.0 - linenr 400000
2018/10/06 22:26:01 - Le Arquivo.0 - Line number : 450000
2018/10/06 22:26:05 - Carrega tabela.0 - linenr 400000
2018/10/06 22:26:05 - Separa Ano e Mes.0 - Linenr 450000
2018/10/06 22:26:20 - Select values.0 - linenr 450000
2018/10/06 22:26:20 - Le Arquivo.0 - Line number : 500000
2018/10/06 22:26:24 - Carrega tabela.0 - linenr 450000
2018/10/06 22:26:24 - Separa Ano e Mes.0 - Linenr 500000
2018/10/06 22:26:39 - Select values.0 - linenr 500000
2018/10/06 22:26:39 - Le Arquivo.0 - Line number : 550000
2018/10/06 22:26:43 - Carrega tabela.0 - linenr 500000
2018/10/06 22:26:43 - Separa Ano e Mes.0 - Linenr 550000
2018/10/06 22:26:58 - Select values.0 - linenr 550000
2018/10/06 22:26:58 - Le Arquivo.0 - Line number : 600000
2018/10/06 22:27:02 - Carrega tabela.0 - linenr 550000
2018/10/06 22:27:02 - Separa Ano e Mes.0 - Linenr 600000
2018/10/06 22:27:17 - Select values.0 - linenr 600000
2018/10/06 22:27:17 - Le Arquivo.0 - Line number : 650000
2018/10/06 22:27:21 - Carrega tabela.0 - linenr 600000
2018/10/06 22:27:21 - Separa Ano e Mes.0 - Linenr 650000
2018/10/06 22:27:36 - Select values.0 - linenr 650000
2018/10/06 22:27:36 - Le Arquivo.0 - Line number : 700000
2018/10/06 22:27:40 - Carrega tabela.0 - linenr 650000
2018/10/06 22:27:40 - Separa Ano e Mes.0 - Linenr 700000
2018/10/06 22:27:55 - Select values.0 - linenr 700000
2018/10/06 22:27:55 - Le Arquivo.0 - Line number : 750000
2018/10/06 22:27:59 - Carrega tabela.0 - linenr 700000
2018/10/06 22:27:59 - Separa Ano e Mes.0 - Linenr 750000
2018/10/06 22:28:14 - Select values.0 - linenr 750000
2018/10/06 22:28:15 - Le Arquivo.0 - Line number : 800000
2018/10/06 22:28:18 - Carrega tabela.0 - linenr 750000
2018/10/06 22:28:18 - Separa Ano e Mes.0 - Linenr 800000
2018/10/06 22:28:33 - Select values.0 - linenr 800000
2018/10/06 22:28:34 - Le Arquivo.0 - Line number : 850000
2018/10/06 22:28:37 - Carrega tabela.0 - linenr 800000
2018/10/06 22:28:37 - Separa Ano e Mes.0 - Linenr 850000
2018/10/06 22:28:53 - Select values.0 - linenr 850000
2018/10/06 22:28:53 - Le Arquivo.0 - Line number : 900000
2018/10/06 22:28:56 - Carrega tabela.0 - linenr 850000
2018/10/06 22:28:57 - Separa Ano e Mes.0 - Linenr 900000
2018/10/06 22:29:12 - Select values.0 - linenr 900000
2018/10/06 22:29:12 - Le Arquivo.0 - Line number : 950000
2018/10/06 22:29:16 - Carrega tabela.0 - linenr 900000
2018/10/06 22:29:16 - Separa Ano e Mes.0 - Linenr 950000
2018/10/06 22:29:31 - Select values.0 - linenr 950000
2018/10/06 22:29:31 - Le Arquivo.0 - Line number : 1000000
2018/10/06 22:29:35 - Carrega tabela.0 - linenr 950000
2018/10/06 22:29:35 - Separa Ano e Mes.0 - Linenr 1000000
2018/10/06 22:29:50 - Select values.0 - linenr 1000000
2018/10/06 22:29:50 - Le Arquivo.0 - Line number : 1050000
2018/10/06 22:29:54 - Carrega tabela.0 - linenr 1000000
2018/10/06 22:29:54 - Separa Ano e Mes.0 - Linenr 1050000
2018/10/06 22:30:09 - Select values.0 - linenr 1050000
2018/10/06 22:30:10 - Le Arquivo.0 - Line number : 1100000
2018/10/06 22:30:13 - Carrega tabela.0 - linenr 1050000
2018/10/06 22:30:14 - Separa Ano e Mes.0 - Linenr 1100000
2018/10/06 22:30:29 - Select values.0 - linenr 1100000
2018/10/06 22:30:29 - Le Arquivo.0 - Line number : 1150000
2018/10/06 22:30:33 - Carrega tabela.0 - linenr 1100000
2018/10/06 22:30:33 - Separa Ano e Mes.0 - Linenr 1150000
2018/10/06 22:30:48 - Select values.0 - linenr 1150000
2018/10/06 22:30:48 - Le Arquivo.0 - Line number : 1200000
2018/10/06 22:30:52 - Carrega tabela.0 - linenr 1150000
2018/10/06 22:30:52 - Separa Ano e Mes.0 - Linenr 1200000
2018/10/06 22:31:07 - Select values.0 - linenr 1200000
2018/10/06 22:31:07 - Le Arquivo.0 - Line number : 1250000
2018/10/06 22:31:11 - Carrega tabela.0 - linenr 1200000
2018/10/06 22:31:11 - Separa Ano e Mes.0 - Linenr 1250000
2018/10/06 22:31:27 - Select values.0 - linenr 1250000
2018/10/06 22:31:27 - Le Arquivo.0 - Line number : 1300000
2018/10/06 22:31:30 - Carrega tabela.0 - linenr 1250000
2018/10/06 22:31:31 - Separa Ano e Mes.0 - Linenr 1300000
2018/10/06 22:31:46 - Select values.0 - linenr 1300000
2018/10/06 22:31:46 - Le Arquivo.0 - Line number : 1350000
2018/10/06 22:31:49 - Carrega tabela.0 - linenr 1300000
2018/10/06 22:31:50 - Separa Ano e Mes.0 - Linenr 1350000
2018/10/06 22:32:05 - Select values.0 - linenr 1350000
2018/10/06 22:32:05 - Le Arquivo.0 - Line number : 1400000
2018/10/06 22:32:08 - Carrega tabela.0 - linenr 1350000
2018/10/06 22:32:09 - Separa Ano e Mes.0 - Linenr 1400000
2018/10/06 22:32:24 - Select values.0 - linenr 1400000
2018/10/06 22:32:24 - Le Arquivo.0 - Line number : 1450000
2018/10/06 22:32:28 - Carrega tabela.0 - linenr 1400000
2018/10/06 22:32:28 - Separa Ano e Mes.0 - Linenr 1450000
2018/10/06 22:32:43 - Select values.0 - linenr 1450000
2018/10/06 22:32:43 - Le Arquivo.0 - Line number : 1500000
2018/10/06 22:32:47 - Carrega tabela.0 - linenr 1450000
2018/10/06 22:32:47 - Separa Ano e Mes.0 - Linenr 1500000
2018/10/06 22:33:02 - Select values.0 - linenr 1500000
2018/10/06 22:33:02 - Le Arquivo.0 - Line number : 1550000
2018/10/06 22:33:06 - Carrega tabela.0 - linenr 1500000
2018/10/06 22:33:06 - Separa Ano e Mes.0 - Linenr 1550000
2018/10/06 22:33:21 - Select values.0 - linenr 1550000
2018/10/06 22:33:21 - Le Arquivo.0 - Line number : 1600000
2018/10/06 22:33:25 - Carrega tabela.0 - linenr 1550000
2018/10/06 22:33:25 - Separa Ano e Mes.0 - Linenr 1600000
2018/10/06 22:33:40 - Select values.0 - linenr 1600000
2018/10/06 22:33:40 - Le Arquivo.0 - Line number : 1650000
2018/10/06 22:33:44 - Carrega tabela.0 - linenr 1600000
2018/10/06 22:33:44 - Separa Ano e Mes.0 - Linenr 1650000
2018/10/06 22:33:59 - Select values.0 - linenr 1650000
2018/10/06 22:33:59 - Le Arquivo.0 - Line number : 1700000
2018/10/06 22:34:03 - Carrega tabela.0 - linenr 1650000
2018/10/06 22:34:03 - Separa Ano e Mes.0 - Linenr 1700000
2018/10/06 22:34:19 - Select values.0 - linenr 1700000
2018/10/06 22:34:19 - Le Arquivo.0 - Line number : 1750000
2018/10/06 22:34:22 - Carrega tabela.0 - linenr 1700000
2018/10/06 22:34:23 - Separa Ano e Mes.0 - Linenr 1750000
2018/10/06 22:34:38 - Select values.0 - linenr 1750000
2018/10/06 22:34:38 - Le Arquivo.0 - Line number : 1800000
2018/10/06 22:34:42 - Carrega tabela.0 - linenr 1750000
2018/10/06 22:34:42 - Separa Ano e Mes.0 - Linenr 1800000
2018/10/06 22:34:57 - Select values.0 - linenr 1800000
2018/10/06 22:34:57 - Le Arquivo.0 - Line number : 1850000
2018/10/06 22:35:01 - Carrega tabela.0 - linenr 1800000
2018/10/06 22:35:01 - Separa Ano e Mes.0 - Linenr 1850000
2018/10/06 22:35:16 - Select values.0 - linenr 1850000
2018/10/06 22:35:16 - Le Arquivo.0 - Line number : 1900000
2018/10/06 22:35:20 - Carrega tabela.0 - linenr 1850000
2018/10/06 22:35:20 - Separa Ano e Mes.0 - Linenr 1900000
2018/10/06 22:35:35 - Select values.0 - linenr 1900000
2018/10/06 22:35:36 - Le Arquivo.0 - Line number : 1950000
2018/10/06 22:35:39 - Carrega tabela.0 - linenr 1900000
2018/10/06 22:35:39 - Separa Ano e Mes.0 - Linenr 1950000
2018/10/06 22:35:55 - Select values.0 - linenr 1950000
2018/10/06 22:35:55 - Le Arquivo.0 - Line number : 2000000
2018/10/06 22:35:58 - Carrega tabela.0 - linenr 1950000
2018/10/06 22:35:59 - Separa Ano e Mes.0 - Linenr 2000000
2018/10/06 22:36:14 - Select values.0 - linenr 2000000
2018/10/06 22:36:14 - Le Arquivo.0 - Line number : 2050000
2018/10/06 22:36:18 - Carrega tabela.0 - linenr 2000000
2018/10/06 22:36:18 - Separa Ano e Mes.0 - Linenr 2050000
2018/10/06 22:36:33 - Select values.0 - linenr 2050000
2018/10/06 22:36:33 - Le Arquivo.0 - Line number : 2100000
2018/10/06 22:36:37 - Carrega tabela.0 - linenr 2050000
2018/10/06 22:36:37 - Separa Ano e Mes.0 - Linenr 2100000
2018/10/06 22:36:52 - Select values.0 - linenr 2100000
2018/10/06 22:36:52 - Le Arquivo.0 - Line number : 2150000
2018/10/06 22:36:56 - Carrega tabela.0 - linenr 2100000
2018/10/06 22:36:56 - Separa Ano e Mes.0 - Linenr 2150000
2018/10/06 22:37:12 - Select values.0 - linenr 2150000
2018/10/06 22:37:12 - Le Arquivo.0 - Line number : 2200000
2018/10/06 22:37:16 - Carrega tabela.0 - linenr 2150000
2018/10/06 22:37:16 - Separa Ano e Mes.0 - Linenr 2200000
2018/10/06 22:37:31 - Select values.0 - linenr 2200000
2018/10/06 22:37:31 - Le Arquivo.0 - Line number : 2250000
2018/10/06 22:37:35 - Carrega tabela.0 - linenr 2200000
2018/10/06 22:37:35 - Separa Ano e Mes.0 - Linenr 2250000
2018/10/06 22:37:50 - Select values.0 - linenr 2250000
2018/10/06 22:37:50 - Le Arquivo.0 - Line number : 2300000
2018/10/06 22:37:54 - Carrega tabela.0 - linenr 2250000
2018/10/06 22:37:54 - Separa Ano e Mes.0 - Linenr 2300000
2018/10/06 22:38:09 - Select values.0 - linenr 2300000
2018/10/06 22:38:10 - Le Arquivo.0 - Line number : 2350000
2018/10/06 22:38:13 - Carrega tabela.0 - linenr 2300000
2018/10/06 22:38:13 - Separa Ano e Mes.0 - Linenr 2350000
2018/10/06 22:38:29 - Select values.0 - linenr 2350000
2018/10/06 22:38:29 - Le Arquivo.0 - Line number : 2400000
2018/10/06 22:38:32 - Carrega tabela.0 - linenr 2350000
2018/10/06 22:38:33 - Separa Ano e Mes.0 - Linenr 2400000
2018/10/06 22:38:48 - Select values.0 - linenr 2400000
2018/10/06 22:38:48 - Le Arquivo.0 - Line number : 2450000
2018/10/06 22:38:52 - Carrega tabela.0 - linenr 2400000
2018/10/06 22:38:52 - Separa Ano e Mes.0 - Linenr 2450000
2018/10/06 22:39:08 - Select values.0 - linenr 2450000
2018/10/06 22:39:08 - Le Arquivo.0 - Line number : 2500000
2018/10/06 22:39:11 - Carrega tabela.0 - linenr 2450000
2018/10/06 22:39:12 - Separa Ano e Mes.0 - Linenr 2500000
2018/10/06 22:39:27 - Select values.0 - linenr 2500000
2018/10/06 22:39:27 - Le Arquivo.0 - Line number : 2550000
2018/10/06 22:39:31 - Carrega tabela.0 - linenr 2500000
2018/10/06 22:39:31 - Separa Ano e Mes.0 - Linenr 2550000
2018/10/06 22:39:46 - Select values.0 - linenr 2550000
2018/10/06 22:39:46 - Le Arquivo.0 - Line number : 2600000
2018/10/06 22:39:50 - Carrega tabela.0 - linenr 2550000
2018/10/06 22:39:50 - Separa Ano e Mes.0 - Linenr 2600000
2018/10/06 22:40:05 - Select values.0 - linenr 2600000
2018/10/06 22:40:05 - Le Arquivo.0 - Line number : 2650000
2018/10/06 22:40:09 - Carrega tabela.0 - linenr 2600000
2018/10/06 22:40:09 - Separa Ano e Mes.0 - Linenr 2650000
2018/10/06 22:40:24 - Select values.0 - linenr 2650000
2018/10/06 22:40:24 - Le Arquivo.0 - Line number : 2700000
2018/10/06 22:40:28 - Carrega tabela.0 - linenr 2650000
2018/10/06 22:40:28 - Separa Ano e Mes.0 - Linenr 2700000
2018/10/06 22:40:44 - Select values.0 - linenr 2700000
2018/10/06 22:40:44 - Le Arquivo.0 - Line number : 2750000
2018/10/06 22:40:47 - Carrega tabela.0 - linenr 2700000
2018/10/06 22:40:48 - Separa Ano e Mes.0 - Linenr 2750000
2018/10/06 22:41:03 - Select values.0 - linenr 2750000
2018/10/06 22:41:03 - Le Arquivo.0 - Line number : 2800000
2018/10/06 22:41:06 - Carrega tabela.0 - linenr 2750000
2018/10/06 22:41:06 - Separa Ano e Mes.0 - Linenr 2800000
2018/10/06 22:41:22 - Select values.0 - linenr 2800000
2018/10/06 22:41:22 - Le Arquivo.0 - Line number : 2850000
2018/10/06 22:41:26 - Carrega tabela.0 - linenr 2800000
2018/10/06 22:41:26 - Separa Ano e Mes.0 - Linenr 2850000
2018/10/06 22:41:41 - Select values.0 - linenr 2850000
2018/10/06 22:41:41 - Le Arquivo.0 - Line number : 2900000
2018/10/06 22:41:45 - Carrega tabela.0 - linenr 2850000
2018/10/06 22:41:45 - Separa Ano e Mes.0 - Linenr 2900000
2018/10/06 22:42:00 - Select values.0 - linenr 2900000
2018/10/06 22:42:00 - Le Arquivo.0 - Line number : 2950000
2018/10/06 22:42:04 - Carrega tabela.0 - linenr 2900000
2018/10/06 22:42:04 - Separa Ano e Mes.0 - Linenr 2950000
2018/10/06 22:42:19 - Select values.0 - linenr 2950000
2018/10/06 22:42:19 - Le Arquivo.0 - Line number : 3000000
2018/10/06 22:42:23 - Carrega tabela.0 - linenr 2950000
2018/10/06 22:42:23 - Separa Ano e Mes.0 - Linenr 3000000
2018/10/06 22:42:38 - Select values.0 - linenr 3000000
2018/10/06 22:42:38 - Le Arquivo.0 - Line number : 3050000
2018/10/06 22:42:42 - Carrega tabela.0 - linenr 3000000
2018/10/06 22:42:42 - Separa Ano e Mes.0 - Linenr 3050000
2018/10/06 22:42:57 - Select values.0 - linenr 3050000
2018/10/06 22:42:57 - Le Arquivo.0 - Line number : 3100000
2018/10/06 22:43:01 - Carrega tabela.0 - linenr 3050000
2018/10/06 22:43:01 - Separa Ano e Mes.0 - Linenr 3100000
2018/10/06 22:43:17 - Select values.0 - linenr 3100000
2018/10/06 22:43:17 - Le Arquivo.0 - Line number : 3150000
2018/10/06 22:43:20 - Carrega tabela.0 - linenr 3100000
2018/10/06 22:43:21 - Separa Ano e Mes.0 - Linenr 3150000
2018/10/06 22:43:36 - Select values.0 - linenr 3150000
2018/10/06 22:43:36 - Le Arquivo.0 - Line number : 3200000
2018/10/06 22:43:40 - Carrega tabela.0 - linenr 3150000
2018/10/06 22:43:40 - Separa Ano e Mes.0 - Linenr 3200000
2018/10/06 22:43:55 - Select values.0 - linenr 3200000
2018/10/06 22:43:55 - Le Arquivo.0 - Line number : 3250000
2018/10/06 22:43:59 - Carrega tabela.0 - linenr 3200000
2018/10/06 22:43:59 - Separa Ano e Mes.0 - Linenr 3250000
2018/10/06 22:44:14 - Select values.0 - linenr 3250000
2018/10/06 22:44:15 - Le Arquivo.0 - Line number : 3300000
2018/10/06 22:44:18 - Carrega tabela.0 - linenr 3250000
2018/10/06 22:44:18 - Separa Ano e Mes.0 - Linenr 3300000
2018/10/06 22:44:34 - Select values.0 - linenr 3300000
2018/10/06 22:44:34 - Le Arquivo.0 - Line number : 3350000
2018/10/06 22:44:37 - Carrega tabela.0 - linenr 3300000
2018/10/06 22:44:38 - Separa Ano e Mes.0 - Linenr 3350000
2018/10/06 22:44:53 - Select values.0 - linenr 3350000
2018/10/06 22:44:53 - Le Arquivo.0 - Line number : 3400000
2018/10/06 22:44:57 - Carrega tabela.0 - linenr 3350000
2018/10/06 22:44:57 - Separa Ano e Mes.0 - Linenr 3400000
2018/10/06 22:45:12 - Select values.0 - linenr 3400000
2018/10/06 22:45:12 - Le Arquivo.0 - Line number : 3450000
2018/10/06 22:45:16 - Carrega tabela.0 - linenr 3400000
2018/10/06 22:45:16 - Separa Ano e Mes.0 - Linenr 3450000
2018/10/06 22:45:32 - Select values.0 - linenr 3450000
2018/10/06 22:45:32 - Le Arquivo.0 - Line number : 3500000
2018/10/06 22:45:36 - Carrega tabela.0 - linenr 3450000
2018/10/06 22:45:36 - Separa Ano e Mes.0 - Linenr 3500000
2018/10/06 22:45:51 - Select values.0 - linenr 3500000
2018/10/06 22:45:51 - Le Arquivo.0 - Line number : 3550000
2018/10/06 22:45:55 - Carrega tabela.0 - linenr 3500000
2018/10/06 22:45:55 - Separa Ano e Mes.0 - Linenr 3550000
2018/10/06 22:46:10 - Select values.0 - linenr 3550000
2018/10/06 22:46:10 - Le Arquivo.0 - Line number : 3600000
2018/10/06 22:46:14 - Carrega tabela.0 - linenr 3550000
2018/10/06 22:46:14 - Separa Ano e Mes.0 - Linenr 3600000
2018/10/06 22:46:29 - Select values.0 - linenr 3600000
2018/10/06 22:46:30 - Le Arquivo.0 - Line number : 3650000
2018/10/06 22:46:33 - Carrega tabela.0 - linenr 3600000
2018/10/06 22:46:33 - Separa Ano e Mes.0 - Linenr 3650000
2018/10/06 22:46:48 - Select values.0 - linenr 3650000
2018/10/06 22:46:49 - Le Arquivo.0 - Line number : 3700000
2018/10/06 22:46:52 - Carrega tabela.0 - linenr 3650000
2018/10/06 22:46:52 - Separa Ano e Mes.0 - Linenr 3700000
2018/10/06 22:47:08 - Select values.0 - linenr 3700000
2018/10/06 22:47:08 - Le Arquivo.0 - Line number : 3750000
2018/10/06 22:47:12 - Carrega tabela.0 - linenr 3700000
2018/10/06 22:47:12 - Separa Ano e Mes.0 - Linenr 3750000
2018/10/06 22:47:27 - Select values.0 - linenr 3750000
2018/10/06 22:47:27 - Le Arquivo.0 - Line number : 3800000
2018/10/06 22:47:31 - Carrega tabela.0 - linenr 3750000
2018/10/06 22:47:31 - Separa Ano e Mes.0 - Linenr 3800000
2018/10/06 22:47:46 - Select values.0 - linenr 3800000
2018/10/06 22:47:47 - Le Arquivo.0 - Line number : 3850000
2018/10/06 22:47:50 - Carrega tabela.0 - linenr 3800000
2018/10/06 22:47:50 - Separa Ano e Mes.0 - Linenr 3850000
2018/10/06 22:48:06 - Select values.0 - linenr 3850000
2018/10/06 22:48:06 - Le Arquivo.0 - Line number : 3900000
2018/10/06 22:48:09 - Carrega tabela.0 - linenr 3850000
2018/10/06 22:48:10 - Separa Ano e Mes.0 - Linenr 3900000
2018/10/06 22:48:25 - Select values.0 - linenr 3900000
2018/10/06 22:48:25 - Le Arquivo.0 - Line number : 3950000
2018/10/06 22:48:28 - Carrega tabela.0 - linenr 3900000
2018/10/06 22:48:29 - Separa Ano e Mes.0 - Linenr 3950000
2018/10/06 22:48:44 - Select values.0 - linenr 3950000
2018/10/06 22:48:44 - Le Arquivo.0 - Line number : 4000000
2018/10/06 22:48:48 - Carrega tabela.0 - linenr 3950000
2018/10/06 22:48:48 - Separa Ano e Mes.0 - Linenr 4000000
2018/10/06 22:49:03 - Select values.0 - linenr 4000000
2018/10/06 22:49:03 - Le Arquivo.0 - Line number : 4050000
2018/10/06 22:49:07 - Carrega tabela.0 - linenr 4000000
2018/10/06 22:49:07 - Separa Ano e Mes.0 - Linenr 4050000
2018/10/06 22:49:22 - Select values.0 - linenr 4050000
2018/10/06 22:49:22 - Le Arquivo.0 - Line number : 4100000
2018/10/06 22:49:26 - Carrega tabela.0 - linenr 4050000
2018/10/06 22:49:26 - Separa Ano e Mes.0 - Linenr 4100000
2018/10/06 22:49:41 - Select values.0 - linenr 4100000
2018/10/06 22:49:41 - Le Arquivo.0 - Line number : 4150000
2018/10/06 22:49:45 - Carrega tabela.0 - linenr 4100000
2018/10/06 22:49:45 - Separa Ano e Mes.0 - Linenr 4150000
2018/10/06 22:50:00 - Select values.0 - linenr 4150000
2018/10/06 22:50:00 - Le Arquivo.0 - Line number : 4200000
2018/10/06 22:50:04 - Carrega tabela.0 - linenr 4150000
2018/10/06 22:50:04 - Separa Ano e Mes.0 - Linenr 4200000
2018/10/06 22:50:19 - Select values.0 - linenr 4200000
2018/10/06 22:50:19 - Le Arquivo.0 - Line number : 4250000
2018/10/06 22:50:23 - Carrega tabela.0 - linenr 4200000
2018/10/06 22:50:23 - Separa Ano e Mes.0 - Linenr 4250000
2018/10/06 22:50:38 - Select values.0 - linenr 4250000
2018/10/06 22:50:39 - Le Arquivo.0 - Line number : 4300000
2018/10/06 22:50:42 - Carrega tabela.0 - linenr 4250000
2018/10/06 22:50:42 - Separa Ano e Mes.0 - Linenr 4300000
2018/10/06 22:50:58 - Select values.0 - linenr 4300000
2018/10/06 22:50:58 - Le Arquivo.0 - Line number : 4350000
2018/10/06 22:51:01 - Carrega tabela.0 - linenr 4300000
2018/10/06 22:51:01 - Separa Ano e Mes.0 - Linenr 4350000
2018/10/06 22:51:17 - Select values.0 - linenr 4350000
2018/10/06 22:51:17 - Le Arquivo.0 - Line number : 4400000
2018/10/06 22:51:20 - Carrega tabela.0 - linenr 4350000
2018/10/06 22:51:20 - Separa Ano e Mes.0 - Linenr 4400000
2018/10/06 22:51:36 - Select values.0 - linenr 4400000
2018/10/06 22:51:36 - Le Arquivo.0 - Line number : 4450000
2018/10/06 22:51:39 - Carrega tabela.0 - linenr 4400000
2018/10/06 22:51:40 - Separa Ano e Mes.0 - Linenr 4450000
2018/10/06 22:51:55 - Select values.0 - linenr 4450000
2018/10/06 22:51:55 - Le Arquivo.0 - Line number : 4500000
2018/10/06 22:51:58 - Carrega tabela.0 - linenr 4450000
2018/10/06 22:51:59 - Separa Ano e Mes.0 - Linenr 4500000
2018/10/06 22:52:14 - Select values.0 - linenr 4500000
2018/10/06 22:52:14 - Le Arquivo.0 - Line number : 4550000
2018/10/06 22:52:17 - Carrega tabela.0 - linenr 4500000
2018/10/06 22:52:18 - Separa Ano e Mes.0 - Linenr 4550000
2018/10/06 22:52:33 - Select values.0 - linenr 4550000
2018/10/06 22:52:33 - Le Arquivo.0 - Line number : 4600000
2018/10/06 22:52:36 - Carrega tabela.0 - linenr 4550000
2018/10/06 22:52:37 - Separa Ano e Mes.0 - Linenr 4600000
2018/10/06 22:52:52 - Select values.0 - linenr 4600000
2018/10/06 22:52:52 - Le Arquivo.0 - Line number : 4650000
2018/10/06 22:52:55 - Carrega tabela.0 - linenr 4600000
2018/10/06 22:52:56 - Separa Ano e Mes.0 - Linenr 4650000
2018/10/06 22:53:11 - Select values.0 - linenr 4650000
2018/10/06 22:53:11 - Le Arquivo.0 - Line number : 4700000
2018/10/06 22:53:15 - Carrega tabela.0 - linenr 4650000
2018/10/06 22:53:15 - Separa Ano e Mes.0 - Linenr 4700000
2018/10/06 22:53:30 - Select values.0 - linenr 4700000
2018/10/06 22:53:30 - Le Arquivo.0 - Line number : 4750000
2018/10/06 22:53:34 - Carrega tabela.0 - linenr 4700000
2018/10/06 22:53:34 - Separa Ano e Mes.0 - Linenr 4750000
2018/10/06 22:53:49 - Select values.0 - linenr 4750000
2018/10/06 22:53:50 - Le Arquivo.0 - Line number : 4800000
2018/10/06 22:53:53 - Carrega tabela.0 - linenr 4750000
2018/10/06 22:53:53 - Separa Ano e Mes.0 - Linenr 4800000
2018/10/06 22:54:09 - Select values.0 - linenr 4800000
2018/10/06 22:54:09 - Le Arquivo.0 - Line number : 4850000
2018/10/06 22:54:12 - Carrega tabela.0 - linenr 4800000
2018/10/06 22:54:12 - Separa Ano e Mes.0 - Linenr 4850000
2018/10/06 22:54:28 - Select values.0 - linenr 4850000
2018/10/06 22:54:28 - Le Arquivo.0 - Line number : 4900000
2018/10/06 22:54:32 - Carrega tabela.0 - linenr 4850000
2018/10/06 22:54:32 - Separa Ano e Mes.0 - Linenr 4900000
2018/10/06 22:54:47 - Select values.0 - linenr 4900000
2018/10/06 22:54:47 - Le Arquivo.0 - Line number : 4950000
2018/10/06 22:54:51 - Carrega tabela.0 - linenr 4900000
2018/10/06 22:54:51 - Separa Ano e Mes.0 - Linenr 4950000
2018/10/06 22:55:06 - Select values.0 - linenr 4950000
2018/10/06 22:55:06 - Le Arquivo.0 - Line number : 5000000
2018/10/06 22:55:10 - Carrega tabela.0 - linenr 4950000
2018/10/06 22:55:10 - Separa Ano e Mes.0 - Linenr 5000000
2018/10/06 22:55:26 - Select values.0 - linenr 5000000
2018/10/06 22:55:26 - Le Arquivo.0 - Line number : 5050000
2018/10/06 22:55:29 - Carrega tabela.0 - linenr 5000000
2018/10/06 22:55:30 - Separa Ano e Mes.0 - Linenr 5050000
2018/10/06 22:55:45 - Select values.0 - linenr 5050000
2018/10/06 22:55:45 - Le Arquivo.0 - Line number : 5100000
2018/10/06 22:55:49 - Carrega tabela.0 - linenr 5050000
2018/10/06 22:55:49 - Separa Ano e Mes.0 - Linenr 5100000
2018/10/06 22:56:04 - Select values.0 - linenr 5100000
2018/10/06 22:56:04 - Le Arquivo.0 - Line number : 5150000
2018/10/06 22:56:08 - Carrega tabela.0 - linenr 5100000
2018/10/06 22:56:08 - Separa Ano e Mes.0 - Linenr 5150000
2018/10/06 22:56:23 - Select values.0 - linenr 5150000
2018/10/06 22:56:23 - Le Arquivo.0 - Line number : 5200000
2018/10/06 22:56:27 - Carrega tabela.0 - linenr 5150000
2018/10/06 22:56:27 - Separa Ano e Mes.0 - Linenr 5200000
2018/10/06 22:56:42 - Select values.0 - linenr 5200000
2018/10/06 22:56:42 - Le Arquivo.0 - Line number : 5250000
2018/10/06 22:56:46 - Carrega tabela.0 - linenr 5200000
2018/10/06 22:56:46 - Separa Ano e Mes.0 - Linenr 5250000
2018/10/06 22:57:01 - Select values.0 - linenr 5250000
2018/10/06 22:57:01 - Le Arquivo.0 - Line number : 5300000
2018/10/06 22:57:05 - Carrega tabela.0 - linenr 5250000
2018/10/06 22:57:05 - Separa Ano e Mes.0 - Linenr 5300000
2018/10/06 22:57:20 - Select values.0 - linenr 5300000
2018/10/06 22:57:20 - Le Arquivo.0 - Line number : 5350000
2018/10/06 22:57:24 - Carrega tabela.0 - linenr 5300000
2018/10/06 22:57:24 - Separa Ano e Mes.0 - Linenr 5350000
2018/10/06 22:57:39 - Select values.0 - linenr 5350000
2018/10/06 22:57:40 - Le Arquivo.0 - Line number : 5400000
2018/10/06 22:57:42 - Le Arquivo.0 - Finished processing (I=5406236, O=0, R=0, W=5406235, U=0, E=0)
2018/10/06 22:57:43 - Carrega tabela.0 - linenr 5350000
2018/10/06 22:57:43 - Separa Ano e Mes.0 - Linenr 5400000
2018/10/06 22:57:46 - Separa Ano e Mes.0 - Finished processing (I=0, O=0, R=5406235, W=5406235, U=0, E=0)
2018/10/06 22:57:49 - Corrige sal_mensal_declarado.0 - Finished processing (I=0, O=0, R=5406235, W=5406235, U=0, E=0)
2018/10/06 22:57:53 - Corrige CBO.0 - Finished processing (I=0, O=0, R=5406235, W=5406235, U=0, E=0)
2018/10/06 22:57:57 - corige_dia_mov.0 - Finished processing (I=0, O=0, R=5406235, W=5406235, U=0, E=0)
2018/10/06 22:57:58 - Select values.0 - linenr 5400000
2018/10/06 22:58:00 - Select values.0 - Finished processing (I=0, O=0, R=5406235, W=5406235, U=0, E=0)
2018/10/06 22:58:01 - Carrega tabela.0 - linenr 5400000
2018/10/06 22:58:04 - Carrega tabela.0 - Finished processing (I=0, O=5406235, R=5406235, W=5406235, U=0, E=0)
2018/10/06 22:58:04 - job_carga_caged - Starting entry [Success]
2018/10/06 22:58:04 - job_carga_caged - Finished job entry [Success] (result=[true])
2018/10/06 22:58:04 - job_carga_caged - Finished job entry [ktr_carga_caged] (result=[true])
2018/10/06 22:58:04 - job_carga_caged - Job execution finished
2018/10/06 22:58:04 - Kitchen - Finished!
2018/10/06 22:58:04 - Kitchen - Start=2018/10/06 22:23:26.406, Stop=2018/10/06 22:58:04.071
2018/10/06 22:58:04 - Kitchen - Processing ended after 34 minutes and 37 seconds (2077 seconds total).
