#######################################################################
WARNING:  no libwebkitgtk-1.0 detected, some features will be unavailable
    Consider installing the package with apt-get or yum.
    e.g. 'sudo apt-get install libwebkitgtk-1.0-0'
#######################################################################
OpenJDK 64-Bit Server VM warning: ignoring option MaxPermSize=4G; support was removed in 8.0
17:11:07,688 INFO  [KarafBoot] Checking to see if org.pentaho.clean.karaf.cache is enabled
17:11:07,787 INFO  [KarafInstance] 
*******************************************************************************
*** Karaf Instance Number: 2 at /opt/data-integration/./system/karaf/caches ***
***   /kitchen/data-1                                                       ***
*** FastBin Provider Port:52902                                             ***
*** Karaf Port:8803                                                         ***
*** OSGI Service Port:9052                                                  ***
*******************************************************************************
out 07, 2018 5:11:08 PM org.apache.karaf.main.Main$KarafLockCallback lockAquired
INFO: Lock acquired. Setting startlevel to 100
2018/10/07 17:11:08 - Kitchen - Start of run.
2018-10-07 17:11:11.247:INFO:oejs.Server:jetty-8.1.15.v20140411
2018-10-07 17:11:11.275:INFO:oejs.AbstractConnector:Started NIOSocketConnectorWrapper@0.0.0.0:9052
out 07, 2018 5:11:11 PM org.apache.cxf.bus.blueprint.NamespaceHandlerRegisterer register
INFO: Registered blueprint namespace handler for http://cxf.apache.org/blueprint/core
out 07, 2018 5:11:11 PM org.apache.cxf.bus.blueprint.NamespaceHandlerRegisterer register
INFO: Registered blueprint namespace handler for http://cxf.apache.org/configuration/beans
out 07, 2018 5:11:11 PM org.apache.cxf.bus.blueprint.NamespaceHandlerRegisterer register
INFO: Registered blueprint namespace handler for http://cxf.apache.org/configuration/parameterized-types
out 07, 2018 5:11:11 PM org.apache.cxf.bus.blueprint.NamespaceHandlerRegisterer register
INFO: Registered blueprint namespace handler for http://cxf.apache.org/configuration/security
out 07, 2018 5:11:11 PM org.apache.cxf.bus.blueprint.NamespaceHandlerRegisterer register
INFO: Registered blueprint namespace handler for http://schemas.xmlsoap.org/wsdl/
out 07, 2018 5:11:11 PM org.apache.cxf.bus.blueprint.NamespaceHandlerRegisterer register
INFO: Registered blueprint namespace handler for http://www.w3.org/2005/08/addressing
out 07, 2018 5:11:11 PM org.apache.cxf.bus.blueprint.NamespaceHandlerRegisterer register
INFO: Registered blueprint namespace handler for http://schemas.xmlsoap.org/ws/2004/08/addressing
out 07, 2018 5:11:11 PM org.apache.cxf.bus.osgi.CXFExtensionBundleListener addExtensions
INFO: Adding the extensions from bundle org.apache.cxf.cxf-rt-management (152) [org.apache.cxf.management.InstrumentationManager]
out 07, 2018 5:11:11 PM org.apache.cxf.bus.osgi.CXFExtensionBundleListener addExtensions
INFO: Adding the extensions from bundle org.apache.cxf.cxf-rt-ws-policy (203) [org.apache.cxf.ws.policy.PolicyEngine, org.apache.cxf.policy.PolicyDataEngine, org.apache.cxf.ws.policy.AssertionBuilderRegistry, org.apache.cxf.ws.policy.PolicyInterceptorProviderRegistry, org.apache.cxf.ws.policy.PolicyBuilder, org.apache.cxf.ws.policy.PolicyAnnotationListener, org.apache.cxf.ws.policy.attachment.ServiceModelPolicyProvider, org.apache.cxf.ws.policy.attachment.external.DomainExpressionBuilderRegistry, org.apache.cxf.ws.policy.attachment.external.EndpointReferenceDomainExpressionBuilder, org.apache.cxf.ws.policy.attachment.external.URIDomainExpressionBuilder, org.apache.cxf.ws.policy.attachment.wsdl11.Wsdl11AttachmentPolicyProvider, org.apache.cxf.ws.policy.mtom.MTOMAssertionBuilder, org.apache.cxf.ws.policy.mtom.MTOMPolicyInterceptorProvider]
out 07, 2018 5:11:11 PM org.apache.cxf.bus.osgi.CXFExtensionBundleListener addExtensions
INFO: Adding the extensions from bundle org.apache.cxf.cxf-rt-transports-http (156) [org.apache.cxf.transport.http.HTTPTransportFactory, org.apache.cxf.transport.http.HTTPWSDLExtensionLoader, org.apache.cxf.transport.http.policy.HTTPClientAssertionBuilder, org.apache.cxf.transport.http.policy.HTTPServerAssertionBuilder, org.apache.cxf.transport.http.policy.NoOpPolicyInterceptorProvider]
out 07, 2018 5:11:11 PM org.apache.cxf.bus.osgi.CXFExtensionBundleListener addExtensions
INFO: Adding the extensions from bundle org.apache.cxf.cxf-rt-wsdl (189) [org.apache.cxf.wsdl.WSDLManager]
out 07, 2018 5:11:11 PM org.apache.cxf.bus.blueprint.NamespaceHandlerRegisterer register
INFO: Registered blueprint namespace handler for http://cxf.apache.org/transports/http/configuration
out 07, 2018 5:11:11 PM org.apache.cxf.bus.osgi.CXFExtensionBundleListener addExtensions
INFO: Adding the extensions from bundle org.apache.cxf.cxf-rt-bindings-soap (192) [org.apache.cxf.binding.soap.SoapBindingFactory, org.apache.cxf.binding.soap.SoapTransportFactory]
out 07, 2018 5:11:11 PM org.apache.cxf.bus.blueprint.NamespaceHandlerRegisterer register
INFO: Registered blueprint namespace handler for http://cxf.apache.org/blueprint/jaxrs
out 07, 2018 5:11:11 PM org.apache.cxf.bus.blueprint.NamespaceHandlerRegisterer register
INFO: Registered blueprint namespace handler for http://cxf.apache.org/blueprint/jaxrs-client
out 07, 2018 5:11:11 PM org.apache.cxf.bus.osgi.CXFExtensionBundleListener addExtensions
INFO: Adding the extensions from bundle org.apache.cxf.cxf-rt-bindings-xml (191) [org.apache.cxf.binding.xml.XMLBindingFactory, org.apache.cxf.binding.xml.wsdl11.XMLWSDLExtensionLoader]
out 07, 2018 5:11:11 PM org.apache.cxf.bus.blueprint.NamespaceHandlerRegisterer register
INFO: Registered blueprint namespace handler for http://cxf.apache.org/blueprint/bindings/soap
out 07, 2018 5:11:11 PM org.apache.cxf.bus.blueprint.NamespaceHandlerRegisterer register
INFO: Registered blueprint namespace handler for http://cxf.apache.org/blueprint/simple
out 07, 2018 5:11:11 PM org.apache.cxf.bus.osgi.CXFExtensionBundleListener addExtensions
INFO: Adding the extensions from bundle org.apache.cxf.cxf-rt-frontend-jaxws (194) [org.apache.cxf.jaxws.context.WebServiceContextResourceResolver]
out 07, 2018 5:11:11 PM org.apache.cxf.bus.blueprint.NamespaceHandlerRegisterer register
INFO: Registered blueprint namespace handler for http://cxf.apache.org/blueprint/jaxws
out 07, 2018 5:11:12 PM org.apache.cxf.bus.blueprint.NamespaceHandlerRegisterer register
INFO: Registered blueprint namespace handler for http://cxf.apache.org/binding/coloc
out 07, 2018 5:11:12 PM org.apache.cxf.bus.osgi.CXFExtensionBundleListener addExtensions
INFO: Adding the extensions from bundle org.apache.cxf.cxf-rt-transports-local (199) [org.apache.cxf.transport.local.LocalTransportFactory]
out 07, 2018 5:11:12 PM org.apache.cxf.bus.osgi.CXFExtensionBundleListener addExtensions
INFO: Adding the extensions from bundle org.apache.cxf.cxf-rt-bindings-object (200) [org.apache.cxf.binding.object.ObjectBindingFactory]
out 07, 2018 5:11:12 PM org.apache.cxf.bus.blueprint.NamespaceHandlerRegisterer register
INFO: Registered blueprint namespace handler for http://cxf.apache.org/blueprint/binding/object
out 07, 2018 5:11:12 PM org.apache.cxf.bus.blueprint.NamespaceHandlerRegisterer register
INFO: Registered blueprint namespace handler for http://cxf.apache.org/policy
out 07, 2018 5:11:12 PM org.apache.cxf.bus.blueprint.NamespaceHandlerRegisterer register
INFO: Registered blueprint namespace handler for http://www.w3.org/ns/ws-policy
out 07, 2018 5:11:12 PM org.apache.cxf.bus.blueprint.NamespaceHandlerRegisterer register
INFO: Registered blueprint namespace handler for http://www.w3.org/2006/07/ws-policy
out 07, 2018 5:11:12 PM org.apache.cxf.bus.blueprint.NamespaceHandlerRegisterer register
INFO: Registered blueprint namespace handler for http://schemas.xmlsoap.org/ws/2004/09/policy
out 07, 2018 5:11:12 PM org.apache.cxf.bus.blueprint.NamespaceHandlerRegisterer register
INFO: Registered blueprint namespace handler for http://docs.oasis-open.org/wss/2004/01/oasis-200401-wss-wssecurity-secext-1.0.xsd
out 07, 2018 5:11:12 PM org.apache.cxf.bus.blueprint.NamespaceHandlerRegisterer register
INFO: Registered blueprint namespace handler for http://docs.oasis-open.org/wss/2004/01/oasis-200401-wss-wssecurity-utility-1.0.xsd
out 07, 2018 5:11:12 PM org.apache.cxf.bus.blueprint.NamespaceHandlerRegisterer register
INFO: Registered blueprint namespace handler for http://www.w3.org/2000/09/xmldsig#
out 07, 2018 5:11:12 PM org.apache.cxf.bus.blueprint.NamespaceHandlerRegisterer register
INFO: Registered blueprint namespace handler for http://docs.oasis-open.org/ws-sx/ws-securitypolicy/200702
out 07, 2018 5:11:12 PM org.apache.cxf.bus.osgi.CXFExtensionBundleListener addExtensions
INFO: Adding the extensions from bundle org.apache.cxf.cxf-rt-ws-addr (220) [org.apache.cxf.ws.addressing.policy.AddressingAssertionBuilder, org.apache.cxf.ws.addressing.policy.UsingAddressingAssertionBuilder, org.apache.cxf.ws.addressing.policy.AddressingPolicyInterceptorProvider, org.apache.cxf.ws.addressing.impl.AddressingWSDLExtensionLoader, org.apache.cxf.ws.addressing.WSAddressingFeature$WSAddressingFeatureApplier, org.apache.cxf.ws.addressing.MAPAggregator$MAPAggregatorLoader]
out 07, 2018 5:11:12 PM org.apache.cxf.bus.blueprint.NamespaceHandlerRegisterer register
INFO: Registered blueprint namespace handler for http://cxf.apache.org/ws/addressing
out 07, 2018 5:11:12 PM org.apache.cxf.bus.osgi.CXFExtensionBundleListener addExtensions
INFO: Adding the extensions from bundle org.apache.cxf.cxf-rt-ws-security (222) [org.apache.cxf.ws.security.policy.WSSecurityPolicyLoader, org.apache.cxf.ws.security.cache.CacheCleanupListener]
out 07, 2018 5:11:12 PM org.apache.cxf.bus.osgi.CXFExtensionBundleListener addExtensions
INFO: Adding the extensions from bundle org.apache.cxf.cxf-rt-ws-rm (224) [org.apache.cxf.ws.rm.RMManager, org.apache.cxf.ws.rm.policy.RMPolicyInterceptorProvider, org.apache.cxf.ws.rm.policy.RM10AssertionBuilder, org.apache.cxf.ws.rm.policy.RM12AssertionBuilder, org.apache.cxf.ws.rm.policy.WSRMP12PolicyLoader, org.apache.cxf.ws.rm.policy.MC11PolicyLoader, org.apache.cxf.ws.rm.policy.RSPPolicyLoader]
out 07, 2018 5:11:12 PM org.apache.cxf.bus.blueprint.NamespaceHandlerRegisterer register
INFO: Registered blueprint namespace handler for http://cxf.apache.org/ws/rm/manager
out 07, 2018 5:11:12 PM org.apache.cxf.bus.blueprint.NamespaceHandlerRegisterer register
INFO: Registered blueprint namespace handler for http://schemas.xmlsoap.org/ws/2005/02/rm/policy
out 07, 2018 5:11:12 PM org.apache.cxf.bus.osgi.CXFExtensionBundleListener addExtensions
INFO: Adding the extensions from bundle org.apache.cxf.cxf-rt-javascript (225) [org.apache.cxf.javascript.JavascriptServerListener]
out 07, 2018 5:11:12 PM org.pentaho.caching.impl.PentahoCacheManagerFactory$RegistrationHandler$1 onSuccess
INFO: New Caching Service registered
2018/10/07 17:11:14 - job_carga_caged - Start of job execution
2018/10/07 17:11:14 - job_carga_caged - Starting entry [ktr_carga_caged]
2018/10/07 17:11:14 - ktr_carga_caged - Loading transformation from XML file [/home/unb/MTB/ETL/ods/mtb/caged_dw/ktr_carga_caged.ktr]
out 07, 2018 5:11:14 PM org.apache.cxf.endpoint.ServerImpl initDestination
INFO: Setting the server's publish address to be /marketplace
2018/10/07 17:11:14 - ktr_carga_caged - Using run configuration [Pentaho local]
2018/10/07 17:11:14 - ktr_carga_caged - Using legacy execution engine
2018/10/07 17:11:14 - ktr_carga_caged - Dispatching started for transformation [ktr_carga_caged]
out 07, 2018 5:11:14 PM org.apache.cxf.endpoint.ServerImpl initDestination
INFO: Setting the server's publish address to be /lineage
out 07, 2018 5:11:14 PM org.apache.cxf.endpoint.ServerImpl initDestination
INFO: Setting the server's publish address to be /i18n
2018/10/07 17:11:14 - Carrega tabela.0 - Connected to database [comexao_ods] (commit=100000000)
SLF4J: Class path contains multiple SLF4J bindings.
SLF4J: Found binding in [jar:file:/opt/data-integration/launcher/../lib/slf4j-log4j12-1.7.7.jar!/org/slf4j/impl/StaticLoggerBinder.class]
SLF4J: Found binding in [jar:file:/opt/data-integration/plugins/pentaho-big-data-plugin/lib/slf4j-log4j12-1.7.7.jar!/org/slf4j/impl/StaticLoggerBinder.class]
SLF4J: See http://www.slf4j.org/codes.html#multiple_bindings for an explanation.
SLF4J: Actual binding is of type [org.slf4j.impl.Log4jLoggerFactory]
2018/10/07 17:11:15 - Le Arquivo.0 - Header row skipped in file '/mnt/unb/bases_mte/CAGED/CAGED_TRABALHADOR_AJUSTADO_112017.txt'
2018/10/07 17:11:16 - Le Arquivo.0 - Line number : 50000
2018/10/07 17:11:16 - Separa Ano e Mes.0 - Linenr 50000
2018/10/07 17:11:23 - Le Arquivo.0 - Line number : 100000
2018/10/07 17:11:27 - Separa Ano e Mes.0 - Linenr 100000
2018/10/07 17:11:31 - Select values.0 - linenr 50000
2018/10/07 17:11:35 - Carrega tabela.0 - linenr 50000
2018/10/07 17:11:43 - Le Arquivo.0 - Line number : 150000
2018/10/07 17:11:47 - Separa Ano e Mes.0 - Linenr 150000
2018/10/07 17:11:51 - Select values.0 - linenr 100000
2018/10/07 17:11:55 - Carrega tabela.0 - linenr 100000
2018/10/07 17:12:03 - Le Arquivo.0 - Line number : 200000
2018/10/07 17:12:07 - Separa Ano e Mes.0 - Linenr 200000
2018/10/07 17:12:10 - Select values.0 - linenr 150000
2018/10/07 17:12:14 - Carrega tabela.0 - linenr 150000
2018/10/07 17:12:22 - Le Arquivo.0 - Line number : 250000
2018/10/07 17:12:26 - Separa Ano e Mes.0 - Linenr 250000
2018/10/07 17:12:30 - Select values.0 - linenr 200000
2018/10/07 17:12:33 - Carrega tabela.0 - linenr 200000
2018/10/07 17:12:41 - Le Arquivo.0 - Line number : 300000
2018/10/07 17:12:45 - Separa Ano e Mes.0 - Linenr 300000
2018/10/07 17:12:49 - Select values.0 - linenr 250000
2018/10/07 17:12:53 - Carrega tabela.0 - linenr 250000
2018/10/07 17:13:01 - Le Arquivo.0 - Line number : 350000
2018/10/07 17:13:05 - Separa Ano e Mes.0 - Linenr 350000
2018/10/07 17:13:08 - Select values.0 - linenr 300000
2018/10/07 17:13:12 - Carrega tabela.0 - linenr 300000
2018/10/07 17:13:20 - Le Arquivo.0 - Line number : 400000
2018/10/07 17:13:24 - Separa Ano e Mes.0 - Linenr 400000
2018/10/07 17:13:27 - Select values.0 - linenr 350000
2018/10/07 17:13:31 - Carrega tabela.0 - linenr 350000
2018/10/07 17:13:39 - Le Arquivo.0 - Line number : 450000
2018/10/07 17:13:43 - Separa Ano e Mes.0 - Linenr 450000
2018/10/07 17:13:47 - Select values.0 - linenr 400000
2018/10/07 17:13:51 - Carrega tabela.0 - linenr 400000
2018/10/07 17:13:59 - Le Arquivo.0 - Line number : 500000
2018/10/07 17:14:02 - Separa Ano e Mes.0 - Linenr 500000
2018/10/07 17:14:06 - Select values.0 - linenr 450000
2018/10/07 17:14:10 - Carrega tabela.0 - linenr 450000
2018/10/07 17:14:18 - Le Arquivo.0 - Line number : 550000
2018/10/07 17:14:22 - Separa Ano e Mes.0 - Linenr 550000
2018/10/07 17:14:25 - Select values.0 - linenr 500000
2018/10/07 17:14:29 - Carrega tabela.0 - linenr 500000
2018/10/07 17:14:37 - Le Arquivo.0 - Line number : 600000
2018/10/07 17:14:41 - Separa Ano e Mes.0 - Linenr 600000
2018/10/07 17:14:45 - Select values.0 - linenr 550000
2018/10/07 17:14:49 - Carrega tabela.0 - linenr 550000
2018/10/07 17:14:57 - Le Arquivo.0 - Line number : 650000
2018/10/07 17:15:01 - Separa Ano e Mes.0 - Linenr 650000
2018/10/07 17:15:04 - Select values.0 - linenr 600000
2018/10/07 17:15:08 - Carrega tabela.0 - linenr 600000
2018/10/07 17:15:16 - Le Arquivo.0 - Line number : 700000
2018/10/07 17:15:20 - Separa Ano e Mes.0 - Linenr 700000
2018/10/07 17:15:24 - Select values.0 - linenr 650000
2018/10/07 17:15:28 - Carrega tabela.0 - linenr 650000
2018/10/07 17:15:36 - Le Arquivo.0 - Line number : 750000
2018/10/07 17:15:39 - Separa Ano e Mes.0 - Linenr 750000
2018/10/07 17:15:43 - Select values.0 - linenr 700000
2018/10/07 17:15:47 - Carrega tabela.0 - linenr 700000
2018/10/07 17:15:55 - Le Arquivo.0 - Line number : 800000
2018/10/07 17:15:59 - Separa Ano e Mes.0 - Linenr 800000
2018/10/07 17:16:03 - Select values.0 - linenr 750000
2018/10/07 17:16:06 - Carrega tabela.0 - linenr 750000
2018/10/07 17:16:15 - Le Arquivo.0 - Line number : 850000
2018/10/07 17:16:18 - Separa Ano e Mes.0 - Linenr 850000
2018/10/07 17:16:22 - Select values.0 - linenr 800000
2018/10/07 17:16:26 - Carrega tabela.0 - linenr 800000
2018/10/07 17:16:34 - Le Arquivo.0 - Line number : 900000
2018/10/07 17:16:38 - Separa Ano e Mes.0 - Linenr 900000
2018/10/07 17:16:42 - Select values.0 - linenr 850000
2018/10/07 17:16:45 - Carrega tabela.0 - linenr 850000
2018/10/07 17:16:53 - Le Arquivo.0 - Line number : 950000
2018/10/07 17:16:57 - Separa Ano e Mes.0 - Linenr 950000
2018/10/07 17:17:01 - Select values.0 - linenr 900000
2018/10/07 17:17:05 - Carrega tabela.0 - linenr 900000
2018/10/07 17:17:13 - Le Arquivo.0 - Line number : 1000000
2018/10/07 17:17:16 - Separa Ano e Mes.0 - Linenr 1000000
2018/10/07 17:17:20 - Select values.0 - linenr 950000
2018/10/07 17:17:24 - Carrega tabela.0 - linenr 950000
2018/10/07 17:17:32 - Le Arquivo.0 - Line number : 1050000
2018/10/07 17:17:36 - Separa Ano e Mes.0 - Linenr 1050000
2018/10/07 17:17:39 - Select values.0 - linenr 1000000
2018/10/07 17:17:43 - Carrega tabela.0 - linenr 1000000
2018/10/07 17:17:51 - Le Arquivo.0 - Line number : 1100000
2018/10/07 17:17:55 - Separa Ano e Mes.0 - Linenr 1100000
2018/10/07 17:17:59 - Select values.0 - linenr 1050000
2018/10/07 17:18:02 - Carrega tabela.0 - linenr 1050000
2018/10/07 17:18:10 - Le Arquivo.0 - Line number : 1150000
2018/10/07 17:18:14 - Separa Ano e Mes.0 - Linenr 1150000
2018/10/07 17:18:18 - Select values.0 - linenr 1100000
2018/10/07 17:18:21 - Carrega tabela.0 - linenr 1100000
2018/10/07 17:18:29 - Le Arquivo.0 - Line number : 1200000
2018/10/07 17:18:33 - Separa Ano e Mes.0 - Linenr 1200000
2018/10/07 17:18:37 - Select values.0 - linenr 1150000
2018/10/07 17:18:41 - Carrega tabela.0 - linenr 1150000
2018/10/07 17:18:49 - Le Arquivo.0 - Line number : 1250000
2018/10/07 17:18:53 - Separa Ano e Mes.0 - Linenr 1250000
2018/10/07 17:18:57 - Select values.0 - linenr 1200000
2018/10/07 17:19:00 - Carrega tabela.0 - linenr 1200000
2018/10/07 17:19:08 - Le Arquivo.0 - Line number : 1300000
2018/10/07 17:19:12 - Separa Ano e Mes.0 - Linenr 1300000
2018/10/07 17:19:16 - Select values.0 - linenr 1250000
2018/10/07 17:19:20 - Carrega tabela.0 - linenr 1250000
2018/10/07 17:19:27 - Le Arquivo.0 - Line number : 1350000
2018/10/07 17:19:31 - Separa Ano e Mes.0 - Linenr 1350000
2018/10/07 17:19:35 - Select values.0 - linenr 1300000
2018/10/07 17:19:39 - Carrega tabela.0 - linenr 1300000
2018/10/07 17:19:47 - Le Arquivo.0 - Line number : 1400000
2018/10/07 17:19:51 - Separa Ano e Mes.0 - Linenr 1400000
2018/10/07 17:19:54 - Select values.0 - linenr 1350000
2018/10/07 17:19:58 - Carrega tabela.0 - linenr 1350000
2018/10/07 17:20:06 - Le Arquivo.0 - Line number : 1450000
2018/10/07 17:20:10 - Separa Ano e Mes.0 - Linenr 1450000
2018/10/07 17:20:14 - Select values.0 - linenr 1400000
2018/10/07 17:20:18 - Carrega tabela.0 - linenr 1400000
2018/10/07 17:20:26 - Le Arquivo.0 - Line number : 1500000
2018/10/07 17:20:29 - Separa Ano e Mes.0 - Linenr 1500000
2018/10/07 17:20:33 - Select values.0 - linenr 1450000
2018/10/07 17:20:37 - Carrega tabela.0 - linenr 1450000
2018/10/07 17:20:45 - Le Arquivo.0 - Line number : 1550000
2018/10/07 17:20:49 - Separa Ano e Mes.0 - Linenr 1550000
2018/10/07 17:20:53 - Select values.0 - linenr 1500000
2018/10/07 17:20:56 - Carrega tabela.0 - linenr 1500000
2018/10/07 17:21:04 - Le Arquivo.0 - Line number : 1600000
2018/10/07 17:21:08 - Separa Ano e Mes.0 - Linenr 1600000
2018/10/07 17:21:12 - Select values.0 - linenr 1550000
2018/10/07 17:21:16 - Carrega tabela.0 - linenr 1550000
2018/10/07 17:21:24 - Le Arquivo.0 - Line number : 1650000
2018/10/07 17:21:27 - Separa Ano e Mes.0 - Linenr 1650000
2018/10/07 17:21:31 - Select values.0 - linenr 1600000
2018/10/07 17:21:35 - Carrega tabela.0 - linenr 1600000
2018/10/07 17:21:43 - Le Arquivo.0 - Line number : 1700000
2018/10/07 17:21:47 - Separa Ano e Mes.0 - Linenr 1700000
2018/10/07 17:21:51 - Select values.0 - linenr 1650000
2018/10/07 17:21:54 - Carrega tabela.0 - linenr 1650000
2018/10/07 17:22:02 - Le Arquivo.0 - Line number : 1750000
2018/10/07 17:22:06 - Separa Ano e Mes.0 - Linenr 1750000
2018/10/07 17:22:10 - Select values.0 - linenr 1700000
2018/10/07 17:22:14 - Carrega tabela.0 - linenr 1700000
2018/10/07 17:22:22 - Le Arquivo.0 - Line number : 1800000
2018/10/07 17:22:25 - Separa Ano e Mes.0 - Linenr 1800000
2018/10/07 17:22:29 - Select values.0 - linenr 1750000
2018/10/07 17:22:33 - Carrega tabela.0 - linenr 1750000
2018/10/07 17:22:41 - Le Arquivo.0 - Line number : 1850000
2018/10/07 17:22:45 - Separa Ano e Mes.0 - Linenr 1850000
2018/10/07 17:22:49 - Select values.0 - linenr 1800000
2018/10/07 17:22:52 - Carrega tabela.0 - linenr 1800000
2018/10/07 17:23:00 - Le Arquivo.0 - Line number : 1900000
2018/10/07 17:23:04 - Separa Ano e Mes.0 - Linenr 1900000
2018/10/07 17:23:08 - Select values.0 - linenr 1850000
2018/10/07 17:23:12 - Carrega tabela.0 - linenr 1850000
2018/10/07 17:23:20 - Le Arquivo.0 - Line number : 1950000
2018/10/07 17:23:24 - Separa Ano e Mes.0 - Linenr 1950000
2018/10/07 17:23:27 - Select values.0 - linenr 1900000
2018/10/07 17:23:31 - Carrega tabela.0 - linenr 1900000
2018/10/07 17:23:39 - Le Arquivo.0 - Line number : 2000000
2018/10/07 17:23:43 - Separa Ano e Mes.0 - Linenr 2000000
2018/10/07 17:23:47 - Select values.0 - linenr 1950000
2018/10/07 17:23:51 - Carrega tabela.0 - linenr 1950000
2018/10/07 17:23:59 - Le Arquivo.0 - Line number : 2050000
2018/10/07 17:24:02 - Separa Ano e Mes.0 - Linenr 2050000
2018/10/07 17:24:06 - Select values.0 - linenr 2000000
2018/10/07 17:24:10 - Carrega tabela.0 - linenr 2000000
2018/10/07 17:24:18 - Le Arquivo.0 - Line number : 2100000
2018/10/07 17:24:22 - Separa Ano e Mes.0 - Linenr 2100000
2018/10/07 17:24:25 - Select values.0 - linenr 2050000
2018/10/07 17:24:29 - Carrega tabela.0 - linenr 2050000
2018/10/07 17:24:37 - Le Arquivo.0 - Line number : 2150000
2018/10/07 17:24:41 - Separa Ano e Mes.0 - Linenr 2150000
2018/10/07 17:24:45 - Select values.0 - linenr 2100000
2018/10/07 17:24:49 - Carrega tabela.0 - linenr 2100000
2018/10/07 17:24:57 - Le Arquivo.0 - Line number : 2200000
2018/10/07 17:25:01 - Separa Ano e Mes.0 - Linenr 2200000
2018/10/07 17:25:04 - Select values.0 - linenr 2150000
2018/10/07 17:25:08 - Carrega tabela.0 - linenr 2150000
2018/10/07 17:25:16 - Le Arquivo.0 - Line number : 2250000
2018/10/07 17:25:20 - Separa Ano e Mes.0 - Linenr 2250000
2018/10/07 17:25:23 - Select values.0 - linenr 2200000
2018/10/07 17:25:27 - Carrega tabela.0 - linenr 2200000
2018/10/07 17:25:35 - Le Arquivo.0 - Line number : 2300000
2018/10/07 17:25:39 - Separa Ano e Mes.0 - Linenr 2300000
2018/10/07 17:25:43 - Select values.0 - linenr 2250000
2018/10/07 17:25:47 - Carrega tabela.0 - linenr 2250000
2018/10/07 17:25:55 - Le Arquivo.0 - Line number : 2350000
2018/10/07 17:25:59 - Separa Ano e Mes.0 - Linenr 2350000
2018/10/07 17:26:02 - Select values.0 - linenr 2300000
2018/10/07 17:26:06 - Carrega tabela.0 - linenr 2300000
2018/10/07 17:26:14 - Le Arquivo.0 - Line number : 2400000
2018/10/07 17:26:18 - Separa Ano e Mes.0 - Linenr 2400000
2018/10/07 17:26:22 - Select values.0 - linenr 2350000
2018/10/07 17:26:26 - Carrega tabela.0 - linenr 2350000
2018/10/07 17:26:34 - Le Arquivo.0 - Line number : 2450000
2018/10/07 17:26:38 - Separa Ano e Mes.0 - Linenr 2450000
2018/10/07 17:26:41 - Select values.0 - linenr 2400000
2018/10/07 17:26:45 - Carrega tabela.0 - linenr 2400000
2018/10/07 17:26:53 - Le Arquivo.0 - Line number : 2500000
2018/10/07 17:26:57 - Separa Ano e Mes.0 - Linenr 2500000
2018/10/07 17:27:01 - Select values.0 - linenr 2450000
2018/10/07 17:27:05 - Carrega tabela.0 - linenr 2450000
2018/10/07 17:27:13 - Le Arquivo.0 - Line number : 2550000
2018/10/07 17:27:16 - Separa Ano e Mes.0 - Linenr 2550000
2018/10/07 17:27:20 - Select values.0 - linenr 2500000
2018/10/07 17:27:24 - Carrega tabela.0 - linenr 2500000
2018/10/07 17:27:32 - Le Arquivo.0 - Line number : 2600000
2018/10/07 17:27:36 - Separa Ano e Mes.0 - Linenr 2600000
2018/10/07 17:27:39 - Select values.0 - linenr 2550000
2018/10/07 17:27:43 - Carrega tabela.0 - linenr 2550000
2018/10/07 17:27:51 - Le Arquivo.0 - Line number : 2650000
2018/10/07 17:27:55 - Separa Ano e Mes.0 - Linenr 2650000
2018/10/07 17:27:58 - Select values.0 - linenr 2600000
2018/10/07 17:28:02 - Carrega tabela.0 - linenr 2600000
2018/10/07 17:28:10 - Le Arquivo.0 - Line number : 2700000
2018/10/07 17:28:14 - Separa Ano e Mes.0 - Linenr 2700000
2018/10/07 17:28:18 - Select values.0 - linenr 2650000
2018/10/07 17:28:22 - Carrega tabela.0 - linenr 2650000
2018/10/07 17:28:30 - Le Arquivo.0 - Line number : 2750000
2018/10/07 17:28:34 - Separa Ano e Mes.0 - Linenr 2750000
2018/10/07 17:28:37 - Select values.0 - linenr 2700000
2018/10/07 17:28:41 - Carrega tabela.0 - linenr 2700000
2018/10/07 17:28:49 - Le Arquivo.0 - Line number : 2800000
2018/10/07 17:28:53 - Separa Ano e Mes.0 - Linenr 2800000
2018/10/07 17:28:57 - Select values.0 - linenr 2750000
2018/10/07 17:29:00 - Carrega tabela.0 - linenr 2750000
2018/10/07 17:29:08 - Le Arquivo.0 - Line number : 2850000
2018/10/07 17:29:12 - Separa Ano e Mes.0 - Linenr 2850000
2018/10/07 17:29:16 - Select values.0 - linenr 2800000
2018/10/07 17:29:20 - Carrega tabela.0 - linenr 2800000
2018/10/07 17:29:27 - Le Arquivo.0 - Line number : 2900000
2018/10/07 17:29:31 - Separa Ano e Mes.0 - Linenr 2900000
2018/10/07 17:29:35 - Select values.0 - linenr 2850000
2018/10/07 17:29:39 - Carrega tabela.0 - linenr 2850000
2018/10/07 17:29:47 - Le Arquivo.0 - Line number : 2950000
2018/10/07 17:29:51 - Separa Ano e Mes.0 - Linenr 2950000
2018/10/07 17:29:54 - Select values.0 - linenr 2900000
2018/10/07 17:29:58 - Carrega tabela.0 - linenr 2900000
2018/10/07 17:30:06 - Le Arquivo.0 - Line number : 3000000
2018/10/07 17:30:10 - Separa Ano e Mes.0 - Linenr 3000000
2018/10/07 17:30:14 - Select values.0 - linenr 2950000
2018/10/07 17:30:18 - Carrega tabela.0 - linenr 2950000
2018/10/07 17:30:26 - Le Arquivo.0 - Line number : 3050000
2018/10/07 17:30:30 - Separa Ano e Mes.0 - Linenr 3050000
2018/10/07 17:30:33 - Select values.0 - linenr 3000000
2018/10/07 17:30:37 - Carrega tabela.0 - linenr 3000000
2018/10/07 17:30:45 - Le Arquivo.0 - Line number : 3100000
2018/10/07 17:30:49 - Separa Ano e Mes.0 - Linenr 3100000
2018/10/07 17:30:53 - Select values.0 - linenr 3050000
2018/10/07 17:30:57 - Carrega tabela.0 - linenr 3050000
2018/10/07 17:31:05 - Le Arquivo.0 - Line number : 3150000
2018/10/07 17:31:09 - Separa Ano e Mes.0 - Linenr 3150000
2018/10/07 17:31:13 - Select values.0 - linenr 3100000
2018/10/07 17:31:17 - Carrega tabela.0 - linenr 3100000
2018/10/07 17:31:25 - Le Arquivo.0 - Line number : 3200000
2018/10/07 17:31:28 - Separa Ano e Mes.0 - Linenr 3200000
2018/10/07 17:31:32 - Select values.0 - linenr 3150000
2018/10/07 17:31:36 - Carrega tabela.0 - linenr 3150000
2018/10/07 17:31:44 - Le Arquivo.0 - Line number : 3250000
2018/10/07 17:31:48 - Separa Ano e Mes.0 - Linenr 3250000
2018/10/07 17:31:51 - Select values.0 - linenr 3200000
2018/10/07 17:31:55 - Carrega tabela.0 - linenr 3200000
2018/10/07 17:32:03 - Le Arquivo.0 - Line number : 3300000
2018/10/07 17:32:07 - Separa Ano e Mes.0 - Linenr 3300000
2018/10/07 17:32:11 - Select values.0 - linenr 3250000
2018/10/07 17:32:15 - Carrega tabela.0 - linenr 3250000
2018/10/07 17:32:23 - Le Arquivo.0 - Line number : 3350000
2018/10/07 17:32:27 - Separa Ano e Mes.0 - Linenr 3350000
2018/10/07 17:32:30 - Select values.0 - linenr 3300000
2018/10/07 17:32:34 - Carrega tabela.0 - linenr 3300000
2018/10/07 17:32:42 - Le Arquivo.0 - Line number : 3400000
2018/10/07 17:32:46 - Separa Ano e Mes.0 - Linenr 3400000
2018/10/07 17:32:50 - Select values.0 - linenr 3350000
2018/10/07 17:32:53 - Carrega tabela.0 - linenr 3350000
2018/10/07 17:33:01 - Le Arquivo.0 - Line number : 3450000
2018/10/07 17:33:05 - Separa Ano e Mes.0 - Linenr 3450000
2018/10/07 17:33:09 - Select values.0 - linenr 3400000
2018/10/07 17:33:13 - Carrega tabela.0 - linenr 3400000
2018/10/07 17:33:21 - Le Arquivo.0 - Line number : 3500000
2018/10/07 17:33:25 - Separa Ano e Mes.0 - Linenr 3500000
2018/10/07 17:33:28 - Select values.0 - linenr 3450000
2018/10/07 17:33:32 - Carrega tabela.0 - linenr 3450000
2018/10/07 17:33:40 - Le Arquivo.0 - Line number : 3550000
2018/10/07 17:33:44 - Separa Ano e Mes.0 - Linenr 3550000
2018/10/07 17:33:47 - Select values.0 - linenr 3500000
2018/10/07 17:33:51 - Carrega tabela.0 - linenr 3500000
2018/10/07 17:33:59 - Le Arquivo.0 - Line number : 3600000
2018/10/07 17:34:03 - Separa Ano e Mes.0 - Linenr 3600000
2018/10/07 17:34:07 - Select values.0 - linenr 3550000
2018/10/07 17:34:11 - Carrega tabela.0 - linenr 3550000
2018/10/07 17:34:19 - Le Arquivo.0 - Line number : 3650000
2018/10/07 17:34:23 - Separa Ano e Mes.0 - Linenr 3650000
2018/10/07 17:34:26 - Select values.0 - linenr 3600000
2018/10/07 17:34:30 - Carrega tabela.0 - linenr 3600000
2018/10/07 17:34:38 - Le Arquivo.0 - Line number : 3700000
2018/10/07 17:34:42 - Separa Ano e Mes.0 - Linenr 3700000
2018/10/07 17:34:45 - Select values.0 - linenr 3650000
2018/10/07 17:34:49 - Carrega tabela.0 - linenr 3650000
2018/10/07 17:34:57 - Le Arquivo.0 - Line number : 3750000
2018/10/07 17:35:01 - Separa Ano e Mes.0 - Linenr 3750000
2018/10/07 17:35:05 - Select values.0 - linenr 3700000
2018/10/07 17:35:09 - Carrega tabela.0 - linenr 3700000
2018/10/07 17:35:17 - Le Arquivo.0 - Line number : 3800000
2018/10/07 17:35:20 - Separa Ano e Mes.0 - Linenr 3800000
2018/10/07 17:35:24 - Select values.0 - linenr 3750000
2018/10/07 17:35:28 - Carrega tabela.0 - linenr 3750000
2018/10/07 17:35:36 - Le Arquivo.0 - Line number : 3850000
2018/10/07 17:35:40 - Separa Ano e Mes.0 - Linenr 3850000
2018/10/07 17:35:44 - Select values.0 - linenr 3800000
2018/10/07 17:35:48 - Carrega tabela.0 - linenr 3800000
2018/10/07 17:35:56 - Le Arquivo.0 - Line number : 3900000
2018/10/07 17:35:59 - Separa Ano e Mes.0 - Linenr 3900000
2018/10/07 17:36:03 - Select values.0 - linenr 3850000
2018/10/07 17:36:07 - Carrega tabela.0 - linenr 3850000
2018/10/07 17:36:15 - Le Arquivo.0 - Line number : 3950000
2018/10/07 17:36:19 - Separa Ano e Mes.0 - Linenr 3950000
2018/10/07 17:36:22 - Select values.0 - linenr 3900000
2018/10/07 17:36:26 - Carrega tabela.0 - linenr 3900000
2018/10/07 17:36:34 - Le Arquivo.0 - Line number : 4000000
2018/10/07 17:36:38 - Separa Ano e Mes.0 - Linenr 4000000
2018/10/07 17:36:41 - Select values.0 - linenr 3950000
2018/10/07 17:36:45 - Carrega tabela.0 - linenr 3950000
2018/10/07 17:36:53 - Le Arquivo.0 - Line number : 4050000
2018/10/07 17:36:57 - Separa Ano e Mes.0 - Linenr 4050000
2018/10/07 17:37:01 - Select values.0 - linenr 4000000
2018/10/07 17:37:04 - Carrega tabela.0 - linenr 4000000
2018/10/07 17:37:12 - Le Arquivo.0 - Line number : 4100000
2018/10/07 17:37:16 - Separa Ano e Mes.0 - Linenr 4100000
2018/10/07 17:37:20 - Select values.0 - linenr 4050000
2018/10/07 17:37:24 - Carrega tabela.0 - linenr 4050000
2018/10/07 17:37:32 - Le Arquivo.0 - Line number : 4150000
2018/10/07 17:37:36 - Separa Ano e Mes.0 - Linenr 4150000
2018/10/07 17:37:39 - Select values.0 - linenr 4100000
2018/10/07 17:37:43 - Carrega tabela.0 - linenr 4100000
2018/10/07 17:37:51 - Le Arquivo.0 - Line number : 4200000
2018/10/07 17:37:55 - Separa Ano e Mes.0 - Linenr 4200000
2018/10/07 17:37:58 - Select values.0 - linenr 4150000
2018/10/07 17:38:02 - Carrega tabela.0 - linenr 4150000
2018/10/07 17:38:10 - Le Arquivo.0 - Line number : 4250000
2018/10/07 17:38:14 - Separa Ano e Mes.0 - Linenr 4250000
2018/10/07 17:38:18 - Select values.0 - linenr 4200000
2018/10/07 17:38:22 - Carrega tabela.0 - linenr 4200000
2018/10/07 17:38:30 - Le Arquivo.0 - Line number : 4300000
2018/10/07 17:38:33 - Separa Ano e Mes.0 - Linenr 4300000
2018/10/07 17:38:37 - Select values.0 - linenr 4250000
2018/10/07 17:38:41 - Carrega tabela.0 - linenr 4250000
2018/10/07 17:38:49 - Le Arquivo.0 - Line number : 4350000
2018/10/07 17:38:53 - Separa Ano e Mes.0 - Linenr 4350000
2018/10/07 17:38:57 - Select values.0 - linenr 4300000
2018/10/07 17:39:00 - Carrega tabela.0 - linenr 4300000
2018/10/07 17:39:08 - Le Arquivo.0 - Line number : 4400000
2018/10/07 17:39:12 - Separa Ano e Mes.0 - Linenr 4400000
2018/10/07 17:39:16 - Select values.0 - linenr 4350000
2018/10/07 17:39:19 - Carrega tabela.0 - linenr 4350000
2018/10/07 17:39:27 - Le Arquivo.0 - Line number : 4450000
2018/10/07 17:39:31 - Separa Ano e Mes.0 - Linenr 4450000
2018/10/07 17:39:35 - Select values.0 - linenr 4400000
2018/10/07 17:39:39 - Carrega tabela.0 - linenr 4400000
2018/10/07 17:39:47 - Le Arquivo.0 - Line number : 4500000
2018/10/07 17:39:51 - Separa Ano e Mes.0 - Linenr 4500000
2018/10/07 17:39:55 - Select values.0 - linenr 4450000
2018/10/07 17:39:59 - Carrega tabela.0 - linenr 4450000
2018/10/07 17:40:07 - Le Arquivo.0 - Line number : 4550000
2018/10/07 17:40:10 - Separa Ano e Mes.0 - Linenr 4550000
2018/10/07 17:40:14 - Select values.0 - linenr 4500000
2018/10/07 17:40:18 - Carrega tabela.0 - linenr 4500000
2018/10/07 17:40:26 - Le Arquivo.0 - Line number : 4600000
2018/10/07 17:40:30 - Separa Ano e Mes.0 - Linenr 4600000
2018/10/07 17:40:34 - Select values.0 - linenr 4550000
2018/10/07 17:40:37 - Carrega tabela.0 - linenr 4550000
2018/10/07 17:40:45 - Le Arquivo.0 - Line number : 4650000
2018/10/07 17:40:49 - Separa Ano e Mes.0 - Linenr 4650000
2018/10/07 17:40:53 - Select values.0 - linenr 4600000
2018/10/07 17:40:57 - Carrega tabela.0 - linenr 4600000
2018/10/07 17:41:05 - Le Arquivo.0 - Line number : 4700000
2018/10/07 17:41:09 - Separa Ano e Mes.0 - Linenr 4700000
2018/10/07 17:41:13 - Select values.0 - linenr 4650000
2018/10/07 17:41:16 - Carrega tabela.0 - linenr 4650000
2018/10/07 17:41:24 - Le Arquivo.0 - Line number : 4750000
2018/10/07 17:41:28 - Separa Ano e Mes.0 - Linenr 4750000
2018/10/07 17:41:32 - Select values.0 - linenr 4700000
2018/10/07 17:41:36 - Carrega tabela.0 - linenr 4700000
2018/10/07 17:41:44 - Le Arquivo.0 - Line number : 4800000
2018/10/07 17:41:48 - Separa Ano e Mes.0 - Linenr 4800000
2018/10/07 17:41:51 - Select values.0 - linenr 4750000
2018/10/07 17:41:55 - Carrega tabela.0 - linenr 4750000
2018/10/07 17:42:03 - Le Arquivo.0 - Line number : 4850000
2018/10/07 17:42:07 - Separa Ano e Mes.0 - Linenr 4850000
2018/10/07 17:42:11 - Select values.0 - linenr 4800000
2018/10/07 17:42:14 - Carrega tabela.0 - linenr 4800000
2018/10/07 17:42:22 - Le Arquivo.0 - Line number : 4900000
2018/10/07 17:42:26 - Separa Ano e Mes.0 - Linenr 4900000
2018/10/07 17:42:30 - Select values.0 - linenr 4850000
2018/10/07 17:42:34 - Carrega tabela.0 - linenr 4850000
2018/10/07 17:42:42 - Le Arquivo.0 - Line number : 4950000
2018/10/07 17:42:46 - Separa Ano e Mes.0 - Linenr 4950000
2018/10/07 17:42:50 - Select values.0 - linenr 4900000
2018/10/07 17:42:53 - Carrega tabela.0 - linenr 4900000
2018/10/07 17:43:02 - Le Arquivo.0 - Line number : 5000000
2018/10/07 17:43:05 - Separa Ano e Mes.0 - Linenr 5000000
2018/10/07 17:43:09 - Select values.0 - linenr 4950000
2018/10/07 17:43:13 - Carrega tabela.0 - linenr 4950000
2018/10/07 17:43:21 - Le Arquivo.0 - Line number : 5050000
2018/10/07 17:43:25 - Separa Ano e Mes.0 - Linenr 5050000
2018/10/07 17:43:28 - Select values.0 - linenr 5000000
2018/10/07 17:43:32 - Carrega tabela.0 - linenr 5000000
2018/10/07 17:43:35 - Le Arquivo.0 - Finished processing (I=5087558, O=0, R=0, W=5087557, U=0, E=0)
2018/10/07 17:43:39 - Separa Ano e Mes.0 - Finished processing (I=0, O=0, R=5087557, W=5087557, U=0, E=0)
2018/10/07 17:43:43 - Corrige sal_mensal_declarado.0 - Finished processing (I=0, O=0, R=5087557, W=5087557, U=0, E=0)
2018/10/07 17:43:47 - Corrige CBO.0 - Finished processing (I=0, O=0, R=5087557, W=5087557, U=0, E=0)
2018/10/07 17:43:47 - Select values.0 - linenr 5050000
2018/10/07 17:43:50 - corige_dia_mov.0 - Finished processing (I=0, O=0, R=5087557, W=5087557, U=0, E=0)
2018/10/07 17:43:51 - Carrega tabela.0 - linenr 5050000
2018/10/07 17:43:54 - Corrige CNAE1.0 - Finished processing (I=0, O=0, R=5087557, W=5087557, U=0, E=0)
2018/10/07 17:43:58 - Corrige grau instrucao.0 - Finished processing (I=0, O=0, R=5087557, W=5087557, U=0, E=0)
2018/10/07 17:44:01 - Select values.0 - Finished processing (I=0, O=0, R=5087557, W=5087557, U=0, E=0)
2018/10/07 17:44:05 - Carrega tabela.0 - Finished processing (I=0, O=5087557, R=5087557, W=5087557, U=0, E=0)
2018/10/07 17:44:05 - job_carga_caged - Starting entry [Success]
2018/10/07 17:44:05 - job_carga_caged - Finished job entry [Success] (result=[true])
2018/10/07 17:44:05 - job_carga_caged - Finished job entry [ktr_carga_caged] (result=[true])
2018/10/07 17:44:05 - job_carga_caged - Job execution finished
2018/10/07 17:44:05 - Kitchen - Finished!
2018/10/07 17:44:05 - Kitchen - Start=2018/10/07 17:11:08.703, Stop=2018/10/07 17:44:05.208
2018/10/07 17:44:05 - Kitchen - Processing ended after 32 minutes and 56 seconds (1976 seconds total).
