#######################################################################
WARNING:  no libwebkitgtk-1.0 detected, some features will be unavailable
    Consider installing the package with apt-get or yum.
    e.g. 'sudo apt-get install libwebkitgtk-1.0-0'
#######################################################################
OpenJDK 64-Bit Server VM warning: ignoring option MaxPermSize=4G; support was removed in 8.0
12:23:02,722 INFO  [KarafBoot] Checking to see if org.pentaho.clean.karaf.cache is enabled
12:23:02,827 INFO  [KarafInstance] 
*******************************************************************************
*** Karaf Instance Number: 2 at /opt/data-integration/./system/karaf/caches ***
***   /kitchen/data-1                                                       ***
*** FastBin Provider Port:52902                                             ***
*** Karaf Port:8803                                                         ***
*** OSGI Service Port:9052                                                  ***
*******************************************************************************
out 07, 2018 12:23:03 PM org.apache.karaf.main.Main$KarafLockCallback lockAquired
INFO: Lock acquired. Setting startlevel to 100
2018/10/07 12:23:03 - Kitchen - Start of run.
2018-10-07 12:23:06.131:INFO:oejs.Server:jetty-8.1.15.v20140411
2018-10-07 12:23:06.162:INFO:oejs.AbstractConnector:Started NIOSocketConnectorWrapper@0.0.0.0:9052
out 07, 2018 12:23:06 PM org.apache.cxf.bus.blueprint.NamespaceHandlerRegisterer register
INFO: Registered blueprint namespace handler for http://cxf.apache.org/blueprint/core
out 07, 2018 12:23:06 PM org.apache.cxf.bus.blueprint.NamespaceHandlerRegisterer register
INFO: Registered blueprint namespace handler for http://cxf.apache.org/configuration/beans
out 07, 2018 12:23:06 PM org.apache.cxf.bus.blueprint.NamespaceHandlerRegisterer register
INFO: Registered blueprint namespace handler for http://cxf.apache.org/configuration/parameterized-types
out 07, 2018 12:23:06 PM org.apache.cxf.bus.blueprint.NamespaceHandlerRegisterer register
INFO: Registered blueprint namespace handler for http://cxf.apache.org/configuration/security
out 07, 2018 12:23:06 PM org.apache.cxf.bus.blueprint.NamespaceHandlerRegisterer register
INFO: Registered blueprint namespace handler for http://schemas.xmlsoap.org/wsdl/
out 07, 2018 12:23:06 PM org.apache.cxf.bus.blueprint.NamespaceHandlerRegisterer register
INFO: Registered blueprint namespace handler for http://www.w3.org/2005/08/addressing
out 07, 2018 12:23:06 PM org.apache.cxf.bus.blueprint.NamespaceHandlerRegisterer register
INFO: Registered blueprint namespace handler for http://schemas.xmlsoap.org/ws/2004/08/addressing
out 07, 2018 12:23:06 PM org.apache.cxf.bus.osgi.CXFExtensionBundleListener addExtensions
INFO: Adding the extensions from bundle org.apache.cxf.cxf-rt-management (152) [org.apache.cxf.management.InstrumentationManager]
out 07, 2018 12:23:06 PM org.apache.cxf.bus.osgi.CXFExtensionBundleListener addExtensions
INFO: Adding the extensions from bundle org.apache.cxf.cxf-rt-transports-http (156) [org.apache.cxf.transport.http.HTTPTransportFactory, org.apache.cxf.transport.http.HTTPWSDLExtensionLoader, org.apache.cxf.transport.http.policy.HTTPClientAssertionBuilder, org.apache.cxf.transport.http.policy.HTTPServerAssertionBuilder, org.apache.cxf.transport.http.policy.NoOpPolicyInterceptorProvider]
out 07, 2018 12:23:06 PM org.apache.cxf.bus.osgi.CXFExtensionBundleListener addExtensions
INFO: Adding the extensions from bundle org.apache.cxf.cxf-rt-wsdl (189) [org.apache.cxf.wsdl.WSDLManager]
out 07, 2018 12:23:06 PM org.apache.cxf.bus.osgi.CXFExtensionBundleListener addExtensions
INFO: Adding the extensions from bundle org.apache.cxf.cxf-rt-ws-policy (203) [org.apache.cxf.ws.policy.PolicyEngine, org.apache.cxf.policy.PolicyDataEngine, org.apache.cxf.ws.policy.AssertionBuilderRegistry, org.apache.cxf.ws.policy.PolicyInterceptorProviderRegistry, org.apache.cxf.ws.policy.PolicyBuilder, org.apache.cxf.ws.policy.PolicyAnnotationListener, org.apache.cxf.ws.policy.attachment.ServiceModelPolicyProvider, org.apache.cxf.ws.policy.attachment.external.DomainExpressionBuilderRegistry, org.apache.cxf.ws.policy.attachment.external.EndpointReferenceDomainExpressionBuilder, org.apache.cxf.ws.policy.attachment.external.URIDomainExpressionBuilder, org.apache.cxf.ws.policy.attachment.wsdl11.Wsdl11AttachmentPolicyProvider, org.apache.cxf.ws.policy.mtom.MTOMAssertionBuilder, org.apache.cxf.ws.policy.mtom.MTOMPolicyInterceptorProvider]
out 07, 2018 12:23:06 PM org.apache.cxf.bus.blueprint.NamespaceHandlerRegisterer register
INFO: Registered blueprint namespace handler for http://cxf.apache.org/transports/http/configuration
out 07, 2018 12:23:06 PM org.apache.cxf.bus.osgi.CXFExtensionBundleListener addExtensions
INFO: Adding the extensions from bundle org.apache.cxf.cxf-rt-bindings-soap (192) [org.apache.cxf.binding.soap.SoapBindingFactory, org.apache.cxf.binding.soap.SoapTransportFactory]
out 07, 2018 12:23:06 PM org.apache.cxf.bus.blueprint.NamespaceHandlerRegisterer register
INFO: Registered blueprint namespace handler for http://cxf.apache.org/blueprint/jaxrs
out 07, 2018 12:23:06 PM org.apache.cxf.bus.blueprint.NamespaceHandlerRegisterer register
INFO: Registered blueprint namespace handler for http://cxf.apache.org/blueprint/jaxrs-client
out 07, 2018 12:23:06 PM org.apache.cxf.bus.osgi.CXFExtensionBundleListener addExtensions
INFO: Adding the extensions from bundle org.apache.cxf.cxf-rt-bindings-xml (191) [org.apache.cxf.binding.xml.XMLBindingFactory, org.apache.cxf.binding.xml.wsdl11.XMLWSDLExtensionLoader]
out 07, 2018 12:23:06 PM org.apache.cxf.bus.blueprint.NamespaceHandlerRegisterer register
INFO: Registered blueprint namespace handler for http://cxf.apache.org/blueprint/bindings/soap
out 07, 2018 12:23:06 PM org.apache.cxf.bus.blueprint.NamespaceHandlerRegisterer register
INFO: Registered blueprint namespace handler for http://cxf.apache.org/blueprint/simple
out 07, 2018 12:23:06 PM org.apache.cxf.bus.osgi.CXFExtensionBundleListener addExtensions
INFO: Adding the extensions from bundle org.apache.cxf.cxf-rt-frontend-jaxws (194) [org.apache.cxf.jaxws.context.WebServiceContextResourceResolver]
out 07, 2018 12:23:06 PM org.apache.cxf.bus.blueprint.NamespaceHandlerRegisterer register
INFO: Registered blueprint namespace handler for http://cxf.apache.org/blueprint/jaxws
out 07, 2018 12:23:06 PM org.apache.cxf.bus.blueprint.NamespaceHandlerRegisterer register
INFO: Registered blueprint namespace handler for http://cxf.apache.org/binding/coloc
out 07, 2018 12:23:06 PM org.apache.cxf.bus.osgi.CXFExtensionBundleListener addExtensions
INFO: Adding the extensions from bundle org.apache.cxf.cxf-rt-transports-local (199) [org.apache.cxf.transport.local.LocalTransportFactory]
out 07, 2018 12:23:06 PM org.apache.cxf.bus.osgi.CXFExtensionBundleListener addExtensions
INFO: Adding the extensions from bundle org.apache.cxf.cxf-rt-bindings-object (200) [org.apache.cxf.binding.object.ObjectBindingFactory]
out 07, 2018 12:23:06 PM org.apache.cxf.bus.blueprint.NamespaceHandlerRegisterer register
INFO: Registered blueprint namespace handler for http://cxf.apache.org/blueprint/binding/object
out 07, 2018 12:23:06 PM org.apache.cxf.bus.blueprint.NamespaceHandlerRegisterer register
INFO: Registered blueprint namespace handler for http://cxf.apache.org/policy
out 07, 2018 12:23:06 PM org.apache.cxf.bus.blueprint.NamespaceHandlerRegisterer register
INFO: Registered blueprint namespace handler for http://www.w3.org/ns/ws-policy
out 07, 2018 12:23:06 PM org.apache.cxf.bus.blueprint.NamespaceHandlerRegisterer register
INFO: Registered blueprint namespace handler for http://www.w3.org/2006/07/ws-policy
out 07, 2018 12:23:06 PM org.apache.cxf.bus.blueprint.NamespaceHandlerRegisterer register
INFO: Registered blueprint namespace handler for http://schemas.xmlsoap.org/ws/2004/09/policy
out 07, 2018 12:23:06 PM org.apache.cxf.bus.blueprint.NamespaceHandlerRegisterer register
INFO: Registered blueprint namespace handler for http://docs.oasis-open.org/wss/2004/01/oasis-200401-wss-wssecurity-secext-1.0.xsd
out 07, 2018 12:23:06 PM org.apache.cxf.bus.blueprint.NamespaceHandlerRegisterer register
INFO: Registered blueprint namespace handler for http://docs.oasis-open.org/wss/2004/01/oasis-200401-wss-wssecurity-utility-1.0.xsd
out 07, 2018 12:23:06 PM org.apache.cxf.bus.blueprint.NamespaceHandlerRegisterer register
INFO: Registered blueprint namespace handler for http://www.w3.org/2000/09/xmldsig#
out 07, 2018 12:23:06 PM org.apache.cxf.bus.blueprint.NamespaceHandlerRegisterer register
INFO: Registered blueprint namespace handler for http://docs.oasis-open.org/ws-sx/ws-securitypolicy/200702
out 07, 2018 12:23:06 PM org.apache.cxf.bus.osgi.CXFExtensionBundleListener addExtensions
INFO: Adding the extensions from bundle org.apache.cxf.cxf-rt-ws-addr (220) [org.apache.cxf.ws.addressing.policy.AddressingAssertionBuilder, org.apache.cxf.ws.addressing.policy.UsingAddressingAssertionBuilder, org.apache.cxf.ws.addressing.policy.AddressingPolicyInterceptorProvider, org.apache.cxf.ws.addressing.impl.AddressingWSDLExtensionLoader, org.apache.cxf.ws.addressing.WSAddressingFeature$WSAddressingFeatureApplier, org.apache.cxf.ws.addressing.MAPAggregator$MAPAggregatorLoader]
out 07, 2018 12:23:06 PM org.apache.cxf.bus.blueprint.NamespaceHandlerRegisterer register
INFO: Registered blueprint namespace handler for http://cxf.apache.org/ws/addressing
out 07, 2018 12:23:07 PM org.apache.cxf.bus.osgi.CXFExtensionBundleListener addExtensions
INFO: Adding the extensions from bundle org.apache.cxf.cxf-rt-ws-security (222) [org.apache.cxf.ws.security.policy.WSSecurityPolicyLoader, org.apache.cxf.ws.security.cache.CacheCleanupListener]
out 07, 2018 12:23:07 PM org.apache.cxf.bus.osgi.CXFExtensionBundleListener addExtensions
INFO: Adding the extensions from bundle org.apache.cxf.cxf-rt-ws-rm (224) [org.apache.cxf.ws.rm.RMManager, org.apache.cxf.ws.rm.policy.RMPolicyInterceptorProvider, org.apache.cxf.ws.rm.policy.RM10AssertionBuilder, org.apache.cxf.ws.rm.policy.RM12AssertionBuilder, org.apache.cxf.ws.rm.policy.WSRMP12PolicyLoader, org.apache.cxf.ws.rm.policy.MC11PolicyLoader, org.apache.cxf.ws.rm.policy.RSPPolicyLoader]
out 07, 2018 12:23:07 PM org.apache.cxf.bus.blueprint.NamespaceHandlerRegisterer register
INFO: Registered blueprint namespace handler for http://cxf.apache.org/ws/rm/manager
out 07, 2018 12:23:07 PM org.apache.cxf.bus.blueprint.NamespaceHandlerRegisterer register
INFO: Registered blueprint namespace handler for http://schemas.xmlsoap.org/ws/2005/02/rm/policy
out 07, 2018 12:23:07 PM org.apache.cxf.bus.osgi.CXFExtensionBundleListener addExtensions
INFO: Adding the extensions from bundle org.apache.cxf.cxf-rt-javascript (225) [org.apache.cxf.javascript.JavascriptServerListener]
out 07, 2018 12:23:07 PM org.pentaho.caching.impl.PentahoCacheManagerFactory$RegistrationHandler$1 onSuccess
INFO: New Caching Service registered
2018/10/07 12:23:09 - job_carga_caged - Start of job execution
2018/10/07 12:23:09 - job_carga_caged - Starting entry [ktr_carga_caged]
2018/10/07 12:23:09 - ktr_carga_caged - Loading transformation from XML file [/home/unb/MTB/ETL/ods/mtb/caged_dw/ktr_carga_caged.ktr]
2018/10/07 12:23:09 - ktr_carga_caged - Using run configuration [Pentaho local]
2018/10/07 12:23:09 - ktr_carga_caged - Using legacy execution engine
2018/10/07 12:23:09 - ktr_carga_caged - Dispatching started for transformation [ktr_carga_caged]
2018/10/07 12:23:09 - Carrega tabela.0 - Connected to database [comexao_ods] (commit=100000000)
2018/10/07 12:23:09 - Le Arquivo.0 - Header row skipped in file '/mnt/unb/bases_mte/CAGED/CAGED_TRABALHADOR_AJUSTADO_092017.txt'
out 07, 2018 12:23:09 PM org.apache.cxf.endpoint.ServerImpl initDestination
INFO: Setting the server's publish address to be /marketplace
out 07, 2018 12:23:09 PM org.apache.cxf.endpoint.ServerImpl initDestination
INFO: Setting the server's publish address to be /lineage
out 07, 2018 12:23:09 PM org.apache.cxf.endpoint.ServerImpl initDestination
INFO: Setting the server's publish address to be /i18n
SLF4J: Class path contains multiple SLF4J bindings.
SLF4J: Found binding in [jar:file:/opt/data-integration/launcher/../lib/slf4j-log4j12-1.7.7.jar!/org/slf4j/impl/StaticLoggerBinder.class]
SLF4J: Found binding in [jar:file:/opt/data-integration/plugins/pentaho-big-data-plugin/lib/slf4j-log4j12-1.7.7.jar!/org/slf4j/impl/StaticLoggerBinder.class]
SLF4J: See http://www.slf4j.org/codes.html#multiple_bindings for an explanation.
SLF4J: Actual binding is of type [org.slf4j.impl.Log4jLoggerFactory]
2018/10/07 12:23:09 - ktr_carga_caged - ERROR (version 7.1.0.0-12, build 1 from 2017-05-16 17.18.02 by buildguy) : Errors detected!
2018/10/07 12:23:09 - Carrega tabela.0 - ERROR (version 7.1.0.0-12, build 1 from 2017-05-16 17.18.02 by buildguy) : Because of an error, this step can't continue: 
2018/10/07 12:23:09 - Carrega tabela.0 - ERROR (version 7.1.0.0-12, build 1 from 2017-05-16 17.18.02 by buildguy) : org.pentaho.di.core.exception.KettleException: 
2018/10/07 12:23:09 - Carrega tabela.0 - Error inserting row into table [caged] with values: [null], [null], [null], [null], [null], [null], [null], [null], [null], [null], [null], [null], [null], [null], [null], [null], [null], [null], [null], [null], [null], [null], [null], [null], [null], [null], [null], [null], [null], [null], [null], [null], [null], [null], [null], [null], [null], [null]
2018/10/07 12:23:09 - Carrega tabela.0 - 
2018/10/07 12:23:09 - Carrega tabela.0 - Error inserting/updating row
2018/10/07 12:23:09 - Carrega tabela.0 - ERROR: column "escolaridade" is of type smallint but expression is of type character varying
2018/10/07 12:23:09 - Carrega tabela.0 -   Hint: You will need to rewrite or cast the expression.
2018/10/07 12:23:09 - Carrega tabela.0 -   Position: 612
2018/10/07 12:23:09 - Carrega tabela.0 - 
2018/10/07 12:23:09 - Carrega tabela.0 - 
2018/10/07 12:23:09 - Carrega tabela.0 - 	at org.pentaho.di.trans.steps.tableoutput.TableOutput.writeToTable(TableOutput.java:385)
2018/10/07 12:23:09 - Carrega tabela.0 - 	at org.pentaho.di.trans.steps.tableoutput.TableOutput.processRow(TableOutput.java:125)
2018/10/07 12:23:09 - Carrega tabela.0 - 	at org.pentaho.di.trans.step.RunThread.run(RunThread.java:62)
2018/10/07 12:23:09 - Carrega tabela.0 - 	at java.lang.Thread.run(Thread.java:748)
2018/10/07 12:23:09 - Carrega tabela.0 - Caused by: org.pentaho.di.core.exception.KettleDatabaseException: 
2018/10/07 12:23:09 - Carrega tabela.0 - Error inserting/updating row
2018/10/07 12:23:09 - Carrega tabela.0 - ERROR: column "escolaridade" is of type smallint but expression is of type character varying
2018/10/07 12:23:09 - Carrega tabela.0 -   Hint: You will need to rewrite or cast the expression.
2018/10/07 12:23:09 - Carrega tabela.0 -   Position: 612
2018/10/07 12:23:09 - Carrega tabela.0 - 
2018/10/07 12:23:09 - Carrega tabela.0 - 	at org.pentaho.di.core.database.Database.insertRow(Database.java:1321)
2018/10/07 12:23:09 - Carrega tabela.0 - 	at org.pentaho.di.trans.steps.tableoutput.TableOutput.writeToTable(TableOutput.java:262)
2018/10/07 12:23:09 - Carrega tabela.0 - 	... 3 more
2018/10/07 12:23:09 - Carrega tabela.0 - Caused by: org.postgresql.util.PSQLException: ERROR: column "escolaridade" is of type smallint but expression is of type character varying
2018/10/07 12:23:09 - Carrega tabela.0 -   Hint: You will need to rewrite or cast the expression.
2018/10/07 12:23:09 - Carrega tabela.0 -   Position: 612
2018/10/07 12:23:09 - Carrega tabela.0 - 	at org.postgresql.core.v3.QueryExecutorImpl.receiveErrorResponse(QueryExecutorImpl.java:2198)
2018/10/07 12:23:09 - Carrega tabela.0 - 	at org.postgresql.core.v3.QueryExecutorImpl.processResults(QueryExecutorImpl.java:1927)
2018/10/07 12:23:09 - Carrega tabela.0 - 	at org.postgresql.core.v3.QueryExecutorImpl.execute(QueryExecutorImpl.java:255)
2018/10/07 12:23:09 - Carrega tabela.0 - 	at org.postgresql.jdbc2.AbstractJdbc2Statement.execute(AbstractJdbc2Statement.java:561)
2018/10/07 12:23:09 - Carrega tabela.0 - 	at org.postgresql.jdbc2.AbstractJdbc2Statement.executeWithFlags(AbstractJdbc2Statement.java:419)
2018/10/07 12:23:09 - Carrega tabela.0 - 	at org.postgresql.jdbc2.AbstractJdbc2Statement.executeUpdate(AbstractJdbc2Statement.java:365)
2018/10/07 12:23:09 - Carrega tabela.0 - 	at org.pentaho.di.core.database.Database.insertRow(Database.java:1288)
2018/10/07 12:23:09 - Carrega tabela.0 - 	... 4 more
2018/10/07 12:23:09 - Separa Ano e Mes.0 - Finished processing (I=0, O=0, R=290, W=289, U=0, E=0)
2018/10/07 12:23:09 - Corrige grau instrucao.0 - Finished processing (I=0, O=0, R=44, W=44, U=0, E=0)
2018/10/07 12:23:09 - Carrega tabela.0 - Finished processing (I=0, O=0, R=1, W=0, U=0, E=1)
2018/10/07 12:23:09 - Corrige CNAE1.0 - Finished processing (I=0, O=0, R=46, W=46, U=0, E=0)
2018/10/07 12:23:09 - Select values.0 - Finished processing (I=0, O=0, R=38, W=38, U=0, E=0)
2018/10/07 12:23:09 - corige_dia_mov.0 - Finished processing (I=0, O=0, R=52, W=52, U=0, E=0)
2018/10/07 12:23:09 - Corrige sal_mensal_declarado.0 - Finished processing (I=0, O=0, R=185, W=185, U=0, E=0)
2018/10/07 12:23:09 - Corrige CBO.0 - Finished processing (I=0, O=0, R=68, W=67, U=0, E=0)
2018/10/07 12:23:09 - ktr_carga_caged - Transformation detected one or more steps with errors.
2018/10/07 12:23:09 - ktr_carga_caged - Transformation is killing the other steps!
2018/10/07 12:23:10 - Le Arquivo.0 - Finished processing (I=10292, O=0, R=0, W=10291, U=0, E=0)
2018/10/07 12:23:10 - ktr_carga_caged - ERROR (version 7.1.0.0-12, build 1 from 2017-05-16 17.18.02 by buildguy) : Errors detected!
2018/10/07 12:23:10 - job_carga_caged - Finished job entry [ktr_carga_caged] (result=[false])
2018/10/07 12:23:10 - job_carga_caged - Job execution finished
2018/10/07 12:23:10 - Kitchen - Finished!
2018/10/07 12:23:10 - Kitchen - ERROR (version 7.1.0.0-12, build 1 from 2017-05-16 17.18.02 by buildguy) : Finished with errors
2018/10/07 12:23:10 - Kitchen - Start=2018/10/07 12:23:03.751, Stop=2018/10/07 12:23:10.165
2018/10/07 12:23:10 - Kitchen - Processing ended after 6 seconds.
