#######################################################################
WARNING:  no libwebkitgtk-1.0 detected, some features will be unavailable
    Consider installing the package with apt-get or yum.
    e.g. 'sudo apt-get install libwebkitgtk-1.0-0'
#######################################################################
OpenJDK 64-Bit Server VM warning: ignoring option MaxPermSize=4G; support was removed in 8.0
14:05:39,093 INFO  [KarafBoot] Checking to see if org.pentaho.clean.karaf.cache is enabled
14:05:39,193 INFO  [KarafInstance] 
*******************************************************************************
*** Karaf Instance Number: 2 at /opt/data-integration/./system/karaf/caches ***
***   /kitchen/data-1                                                       ***
*** FastBin Provider Port:52902                                             ***
*** Karaf Port:8803                                                         ***
*** OSGI Service Port:9052                                                  ***
*******************************************************************************
out 01, 2018 2:05:39 PM org.apache.karaf.main.Main$KarafLockCallback lockAquired
INFO: Lock acquired. Setting startlevel to 100
2018/10/01 14:05:40 - Kitchen - Start of run.
2018-10-01 14:05:42.501:INFO:oejs.Server:jetty-8.1.15.v20140411
2018-10-01 14:05:42.528:INFO:oejs.AbstractConnector:Started NIOSocketConnectorWrapper@0.0.0.0:9052
out 01, 2018 2:05:43 PM org.apache.cxf.bus.blueprint.NamespaceHandlerRegisterer register
INFO: Registered blueprint namespace handler for http://cxf.apache.org/blueprint/core
out 01, 2018 2:05:43 PM org.apache.cxf.bus.blueprint.NamespaceHandlerRegisterer register
INFO: Registered blueprint namespace handler for http://cxf.apache.org/configuration/beans
out 01, 2018 2:05:43 PM org.apache.cxf.bus.blueprint.NamespaceHandlerRegisterer register
INFO: Registered blueprint namespace handler for http://cxf.apache.org/configuration/parameterized-types
out 01, 2018 2:05:43 PM org.apache.cxf.bus.blueprint.NamespaceHandlerRegisterer register
INFO: Registered blueprint namespace handler for http://cxf.apache.org/configuration/security
out 01, 2018 2:05:43 PM org.apache.cxf.bus.blueprint.NamespaceHandlerRegisterer register
INFO: Registered blueprint namespace handler for http://schemas.xmlsoap.org/wsdl/
out 01, 2018 2:05:43 PM org.apache.cxf.bus.blueprint.NamespaceHandlerRegisterer register
INFO: Registered blueprint namespace handler for http://www.w3.org/2005/08/addressing
out 01, 2018 2:05:43 PM org.apache.cxf.bus.blueprint.NamespaceHandlerRegisterer register
INFO: Registered blueprint namespace handler for http://schemas.xmlsoap.org/ws/2004/08/addressing
out 01, 2018 2:05:43 PM org.apache.cxf.bus.osgi.CXFExtensionBundleListener addExtensions
INFO: Adding the extensions from bundle org.apache.cxf.cxf-rt-management (152) [org.apache.cxf.management.InstrumentationManager]
out 01, 2018 2:05:43 PM org.apache.cxf.bus.osgi.CXFExtensionBundleListener addExtensions
INFO: Adding the extensions from bundle org.apache.cxf.cxf-rt-transports-http (156) [org.apache.cxf.transport.http.HTTPTransportFactory, org.apache.cxf.transport.http.HTTPWSDLExtensionLoader, org.apache.cxf.transport.http.policy.HTTPClientAssertionBuilder, org.apache.cxf.transport.http.policy.HTTPServerAssertionBuilder, org.apache.cxf.transport.http.policy.NoOpPolicyInterceptorProvider]
out 01, 2018 2:05:43 PM org.apache.cxf.bus.osgi.CXFExtensionBundleListener addExtensions
INFO: Adding the extensions from bundle org.apache.cxf.cxf-rt-wsdl (189) [org.apache.cxf.wsdl.WSDLManager]
out 01, 2018 2:05:43 PM org.apache.cxf.bus.osgi.CXFExtensionBundleListener addExtensions
INFO: Adding the extensions from bundle org.apache.cxf.cxf-rt-ws-policy (203) [org.apache.cxf.ws.policy.PolicyEngine, org.apache.cxf.policy.PolicyDataEngine, org.apache.cxf.ws.policy.AssertionBuilderRegistry, org.apache.cxf.ws.policy.PolicyInterceptorProviderRegistry, org.apache.cxf.ws.policy.PolicyBuilder, org.apache.cxf.ws.policy.PolicyAnnotationListener, org.apache.cxf.ws.policy.attachment.ServiceModelPolicyProvider, org.apache.cxf.ws.policy.attachment.external.DomainExpressionBuilderRegistry, org.apache.cxf.ws.policy.attachment.external.EndpointReferenceDomainExpressionBuilder, org.apache.cxf.ws.policy.attachment.external.URIDomainExpressionBuilder, org.apache.cxf.ws.policy.attachment.wsdl11.Wsdl11AttachmentPolicyProvider, org.apache.cxf.ws.policy.mtom.MTOMAssertionBuilder, org.apache.cxf.ws.policy.mtom.MTOMPolicyInterceptorProvider]
out 01, 2018 2:05:43 PM org.apache.cxf.bus.blueprint.NamespaceHandlerRegisterer register
INFO: Registered blueprint namespace handler for http://cxf.apache.org/transports/http/configuration
out 01, 2018 2:05:43 PM org.apache.cxf.bus.osgi.CXFExtensionBundleListener addExtensions
INFO: Adding the extensions from bundle org.apache.cxf.cxf-rt-bindings-soap (192) [org.apache.cxf.binding.soap.SoapBindingFactory, org.apache.cxf.binding.soap.SoapTransportFactory]
out 01, 2018 2:05:43 PM org.apache.cxf.bus.blueprint.NamespaceHandlerRegisterer register
INFO: Registered blueprint namespace handler for http://cxf.apache.org/blueprint/jaxrs
out 01, 2018 2:05:43 PM org.apache.cxf.bus.blueprint.NamespaceHandlerRegisterer register
INFO: Registered blueprint namespace handler for http://cxf.apache.org/blueprint/jaxrs-client
out 01, 2018 2:05:43 PM org.apache.cxf.bus.osgi.CXFExtensionBundleListener addExtensions
INFO: Adding the extensions from bundle org.apache.cxf.cxf-rt-bindings-xml (191) [org.apache.cxf.binding.xml.XMLBindingFactory, org.apache.cxf.binding.xml.wsdl11.XMLWSDLExtensionLoader]
out 01, 2018 2:05:43 PM org.apache.cxf.bus.blueprint.NamespaceHandlerRegisterer register
INFO: Registered blueprint namespace handler for http://cxf.apache.org/blueprint/bindings/soap
out 01, 2018 2:05:43 PM org.apache.cxf.bus.blueprint.NamespaceHandlerRegisterer register
INFO: Registered blueprint namespace handler for http://cxf.apache.org/blueprint/simple
out 01, 2018 2:05:43 PM org.apache.cxf.bus.osgi.CXFExtensionBundleListener addExtensions
INFO: Adding the extensions from bundle org.apache.cxf.cxf-rt-frontend-jaxws (194) [org.apache.cxf.jaxws.context.WebServiceContextResourceResolver]
out 01, 2018 2:05:43 PM org.apache.cxf.bus.blueprint.NamespaceHandlerRegisterer register
INFO: Registered blueprint namespace handler for http://cxf.apache.org/blueprint/jaxws
out 01, 2018 2:05:43 PM org.apache.cxf.bus.blueprint.NamespaceHandlerRegisterer register
INFO: Registered blueprint namespace handler for http://cxf.apache.org/binding/coloc
out 01, 2018 2:05:43 PM org.apache.cxf.bus.osgi.CXFExtensionBundleListener addExtensions
INFO: Adding the extensions from bundle org.apache.cxf.cxf-rt-transports-local (199) [org.apache.cxf.transport.local.LocalTransportFactory]
out 01, 2018 2:05:43 PM org.apache.cxf.bus.osgi.CXFExtensionBundleListener addExtensions
INFO: Adding the extensions from bundle org.apache.cxf.cxf-rt-bindings-object (200) [org.apache.cxf.binding.object.ObjectBindingFactory]
out 01, 2018 2:05:43 PM org.apache.cxf.bus.blueprint.NamespaceHandlerRegisterer register
INFO: Registered blueprint namespace handler for http://cxf.apache.org/blueprint/binding/object
out 01, 2018 2:05:43 PM org.apache.cxf.bus.blueprint.NamespaceHandlerRegisterer register
INFO: Registered blueprint namespace handler for http://cxf.apache.org/policy
out 01, 2018 2:05:43 PM org.apache.cxf.bus.blueprint.NamespaceHandlerRegisterer register
INFO: Registered blueprint namespace handler for http://www.w3.org/ns/ws-policy
out 01, 2018 2:05:43 PM org.apache.cxf.bus.blueprint.NamespaceHandlerRegisterer register
INFO: Registered blueprint namespace handler for http://www.w3.org/2006/07/ws-policy
out 01, 2018 2:05:43 PM org.apache.cxf.bus.blueprint.NamespaceHandlerRegisterer register
INFO: Registered blueprint namespace handler for http://schemas.xmlsoap.org/ws/2004/09/policy
out 01, 2018 2:05:43 PM org.apache.cxf.bus.blueprint.NamespaceHandlerRegisterer register
INFO: Registered blueprint namespace handler for http://docs.oasis-open.org/wss/2004/01/oasis-200401-wss-wssecurity-secext-1.0.xsd
out 01, 2018 2:05:43 PM org.apache.cxf.bus.blueprint.NamespaceHandlerRegisterer register
INFO: Registered blueprint namespace handler for http://docs.oasis-open.org/wss/2004/01/oasis-200401-wss-wssecurity-utility-1.0.xsd
out 01, 2018 2:05:43 PM org.apache.cxf.bus.blueprint.NamespaceHandlerRegisterer register
INFO: Registered blueprint namespace handler for http://www.w3.org/2000/09/xmldsig#
out 01, 2018 2:05:43 PM org.apache.cxf.bus.blueprint.NamespaceHandlerRegisterer register
INFO: Registered blueprint namespace handler for http://docs.oasis-open.org/ws-sx/ws-securitypolicy/200702
out 01, 2018 2:05:43 PM org.apache.cxf.bus.osgi.CXFExtensionBundleListener addExtensions
INFO: Adding the extensions from bundle org.apache.cxf.cxf-rt-ws-addr (220) [org.apache.cxf.ws.addressing.policy.AddressingAssertionBuilder, org.apache.cxf.ws.addressing.policy.UsingAddressingAssertionBuilder, org.apache.cxf.ws.addressing.policy.AddressingPolicyInterceptorProvider, org.apache.cxf.ws.addressing.impl.AddressingWSDLExtensionLoader, org.apache.cxf.ws.addressing.WSAddressingFeature$WSAddressingFeatureApplier, org.apache.cxf.ws.addressing.MAPAggregator$MAPAggregatorLoader]
out 01, 2018 2:05:43 PM org.apache.cxf.bus.blueprint.NamespaceHandlerRegisterer register
INFO: Registered blueprint namespace handler for http://cxf.apache.org/ws/addressing
out 01, 2018 2:05:43 PM org.apache.cxf.bus.osgi.CXFExtensionBundleListener addExtensions
INFO: Adding the extensions from bundle org.apache.cxf.cxf-rt-ws-security (222) [org.apache.cxf.ws.security.policy.WSSecurityPolicyLoader, org.apache.cxf.ws.security.cache.CacheCleanupListener]
out 01, 2018 2:05:43 PM org.apache.cxf.bus.osgi.CXFExtensionBundleListener addExtensions
INFO: Adding the extensions from bundle org.apache.cxf.cxf-rt-ws-rm (224) [org.apache.cxf.ws.rm.RMManager, org.apache.cxf.ws.rm.policy.RMPolicyInterceptorProvider, org.apache.cxf.ws.rm.policy.RM10AssertionBuilder, org.apache.cxf.ws.rm.policy.RM12AssertionBuilder, org.apache.cxf.ws.rm.policy.WSRMP12PolicyLoader, org.apache.cxf.ws.rm.policy.MC11PolicyLoader, org.apache.cxf.ws.rm.policy.RSPPolicyLoader]
out 01, 2018 2:05:43 PM org.apache.cxf.bus.blueprint.NamespaceHandlerRegisterer register
INFO: Registered blueprint namespace handler for http://cxf.apache.org/ws/rm/manager
out 01, 2018 2:05:43 PM org.apache.cxf.bus.blueprint.NamespaceHandlerRegisterer register
INFO: Registered blueprint namespace handler for http://schemas.xmlsoap.org/ws/2005/02/rm/policy
out 01, 2018 2:05:43 PM org.apache.cxf.bus.osgi.CXFExtensionBundleListener addExtensions
INFO: Adding the extensions from bundle org.apache.cxf.cxf-rt-javascript (225) [org.apache.cxf.javascript.JavascriptServerListener]
out 01, 2018 2:05:43 PM org.pentaho.caching.impl.PentahoCacheManagerFactory$RegistrationHandler$1 onSuccess
INFO: New Caching Service registered
2018/10/01 14:05:45 - job_carga_caged - Start of job execution
2018/10/01 14:05:45 - job_carga_caged - Starting entry [ktr_carga_caged]
2018/10/01 14:05:45 - ktr_carga_caged - Loading transformation from XML file [/home/unb/MTB/ETL/ods/mtb/caged_dw/ktr_carga_caged.ktr]
2018/10/01 14:05:45 - ktr_carga_caged - Using run configuration [Pentaho local]
out 01, 2018 2:05:45 PM org.apache.cxf.endpoint.ServerImpl initDestination
INFO: Setting the server's publish address to be /marketplace
2018/10/01 14:05:45 - ktr_carga_caged - Using legacy execution engine
2018/10/01 14:05:45 - ktr_carga_caged - Dispatching started for transformation [ktr_carga_caged]
2018/10/01 14:05:46 - Carrega tabela.0 - Connected to database [comexao_ods] (commit=100000000)
out 01, 2018 2:05:46 PM org.apache.cxf.endpoint.ServerImpl initDestination
INFO: Setting the server's publish address to be /lineage
out 01, 2018 2:05:46 PM org.apache.cxf.endpoint.ServerImpl initDestination
INFO: Setting the server's publish address to be /i18n
SLF4J: Class path contains multiple SLF4J bindings.
SLF4J: Found binding in [jar:file:/opt/data-integration/launcher/../lib/slf4j-log4j12-1.7.7.jar!/org/slf4j/impl/StaticLoggerBinder.class]
SLF4J: Found binding in [jar:file:/opt/data-integration/plugins/pentaho-big-data-plugin/lib/slf4j-log4j12-1.7.7.jar!/org/slf4j/impl/StaticLoggerBinder.class]
SLF4J: See http://www.slf4j.org/codes.html#multiple_bindings for an explanation.
SLF4J: Actual binding is of type [org.slf4j.impl.Log4jLoggerFactory]
2018/10/01 14:05:46 - Le Arquivo.0 - Header row skipped in file '/mnt/unb/bases_mte/CAGED/CAGED_TRABALHADOR_AJUSTADO_072018.txt'
2018/10/01 14:05:49 - Le Arquivo.0 - Line number : 50000
2018/10/01 14:05:51 - Separa Ano e Mes.0 - Linenr 50000
2018/10/01 14:05:55 - Select values.0 - linenr 50000
2018/10/01 14:05:58 - Carrega tabela.0 - linenr 50000
2018/10/01 14:06:00 - Le Arquivo.0 - Line number : 100000
2018/10/01 14:06:02 - Separa Ano e Mes.0 - Linenr 100000
2018/10/01 14:06:06 - Select values.0 - linenr 100000
2018/10/01 14:06:08 - Carrega tabela.0 - linenr 100000
2018/10/01 14:06:10 - Le Arquivo.0 - Line number : 150000
2018/10/01 14:06:12 - Separa Ano e Mes.0 - Linenr 150000
2018/10/01 14:06:16 - Select values.0 - linenr 150000
2018/10/01 14:06:18 - Carrega tabela.0 - linenr 150000
2018/10/01 14:06:20 - Le Arquivo.0 - Line number : 200000
2018/10/01 14:06:23 - Separa Ano e Mes.0 - Linenr 200000
2018/10/01 14:06:27 - Select values.0 - linenr 200000
2018/10/01 14:06:29 - Carrega tabela.0 - linenr 200000
2018/10/01 14:06:31 - Le Arquivo.0 - Line number : 250000
2018/10/01 14:06:33 - Separa Ano e Mes.0 - Linenr 250000
2018/10/01 14:06:38 - Select values.0 - linenr 250000
2018/10/01 14:06:40 - Carrega tabela.0 - linenr 250000
2018/10/01 14:06:42 - Le Arquivo.0 - Line number : 300000
2018/10/01 14:06:44 - Separa Ano e Mes.0 - Linenr 300000
2018/10/01 14:06:48 - Select values.0 - linenr 300000
2018/10/01 14:06:50 - Carrega tabela.0 - linenr 300000
2018/10/01 14:06:52 - Le Arquivo.0 - Line number : 350000
2018/10/01 14:06:54 - Separa Ano e Mes.0 - Linenr 350000
2018/10/01 14:06:58 - Select values.0 - linenr 350000
2018/10/01 14:07:00 - Carrega tabela.0 - linenr 350000
2018/10/01 14:07:03 - Le Arquivo.0 - Line number : 400000
2018/10/01 14:07:05 - Separa Ano e Mes.0 - Linenr 400000
2018/10/01 14:07:09 - Select values.0 - linenr 400000
2018/10/01 14:07:11 - Carrega tabela.0 - linenr 400000
2018/10/01 14:07:13 - Le Arquivo.0 - Line number : 450000
2018/10/01 14:07:15 - Separa Ano e Mes.0 - Linenr 450000
2018/10/01 14:07:19 - Select values.0 - linenr 450000
2018/10/01 14:07:21 - Carrega tabela.0 - linenr 450000
2018/10/01 14:07:23 - Le Arquivo.0 - Line number : 500000
2018/10/01 14:07:26 - Separa Ano e Mes.0 - Linenr 500000
2018/10/01 14:07:30 - Select values.0 - linenr 500000
2018/10/01 14:07:32 - Carrega tabela.0 - linenr 500000
2018/10/01 14:07:34 - Le Arquivo.0 - Line number : 550000
2018/10/01 14:07:36 - Separa Ano e Mes.0 - Linenr 550000
2018/10/01 14:07:41 - Select values.0 - linenr 550000
2018/10/01 14:07:43 - Carrega tabela.0 - linenr 550000
2018/10/01 14:07:45 - Le Arquivo.0 - Line number : 600000
2018/10/01 14:07:47 - Separa Ano e Mes.0 - Linenr 600000
2018/10/01 14:07:51 - Select values.0 - linenr 600000
2018/10/01 14:07:53 - Carrega tabela.0 - linenr 600000
2018/10/01 14:07:55 - Le Arquivo.0 - Line number : 650000
2018/10/01 14:07:57 - Separa Ano e Mes.0 - Linenr 650000
2018/10/01 14:08:01 - Select values.0 - linenr 650000
2018/10/01 14:08:03 - Carrega tabela.0 - linenr 650000
2018/10/01 14:08:05 - Le Arquivo.0 - Line number : 700000
2018/10/01 14:08:07 - Separa Ano e Mes.0 - Linenr 700000
2018/10/01 14:08:12 - Select values.0 - linenr 700000
2018/10/01 14:08:14 - Carrega tabela.0 - linenr 700000
2018/10/01 14:08:16 - Le Arquivo.0 - Line number : 750000
2018/10/01 14:08:18 - Separa Ano e Mes.0 - Linenr 750000
2018/10/01 14:08:22 - Select values.0 - linenr 750000
2018/10/01 14:08:24 - Carrega tabela.0 - linenr 750000
2018/10/01 14:08:26 - Le Arquivo.0 - Line number : 800000
2018/10/01 14:08:28 - Separa Ano e Mes.0 - Linenr 800000
2018/10/01 14:08:32 - Select values.0 - linenr 800000
2018/10/01 14:08:35 - Carrega tabela.0 - linenr 800000
2018/10/01 14:08:37 - Le Arquivo.0 - Line number : 850000
2018/10/01 14:08:39 - Separa Ano e Mes.0 - Linenr 850000
2018/10/01 14:08:43 - Select values.0 - linenr 850000
2018/10/01 14:08:45 - Carrega tabela.0 - linenr 850000
2018/10/01 14:08:47 - Le Arquivo.0 - Line number : 900000
2018/10/01 14:08:49 - Separa Ano e Mes.0 - Linenr 900000
2018/10/01 14:08:53 - Select values.0 - linenr 900000
2018/10/01 14:08:55 - Carrega tabela.0 - linenr 900000
2018/10/01 14:08:57 - Le Arquivo.0 - Line number : 950000
2018/10/01 14:08:59 - Separa Ano e Mes.0 - Linenr 950000
2018/10/01 14:09:03 - Select values.0 - linenr 950000
2018/10/01 14:09:05 - Carrega tabela.0 - linenr 950000
2018/10/01 14:09:07 - Le Arquivo.0 - Line number : 1000000
2018/10/01 14:09:09 - Separa Ano e Mes.0 - Linenr 1000000
2018/10/01 14:09:14 - Select values.0 - linenr 1000000
2018/10/01 14:09:16 - Carrega tabela.0 - linenr 1000000
2018/10/01 14:09:18 - Le Arquivo.0 - Line number : 1050000
2018/10/01 14:09:20 - Separa Ano e Mes.0 - Linenr 1050000
2018/10/01 14:09:24 - Select values.0 - linenr 1050000
2018/10/01 14:09:26 - Carrega tabela.0 - linenr 1050000
2018/10/01 14:09:28 - Le Arquivo.0 - Line number : 1100000
2018/10/01 14:09:30 - Separa Ano e Mes.0 - Linenr 1100000
2018/10/01 14:09:34 - Select values.0 - linenr 1100000
2018/10/01 14:09:36 - Carrega tabela.0 - linenr 1100000
2018/10/01 14:09:38 - Le Arquivo.0 - Line number : 1150000
2018/10/01 14:09:41 - Separa Ano e Mes.0 - Linenr 1150000
2018/10/01 14:09:45 - Select values.0 - linenr 1150000
2018/10/01 14:09:47 - Carrega tabela.0 - linenr 1150000
2018/10/01 14:09:49 - Le Arquivo.0 - Line number : 1200000
2018/10/01 14:09:51 - Separa Ano e Mes.0 - Linenr 1200000
2018/10/01 14:09:55 - Select values.0 - linenr 1200000
2018/10/01 14:09:57 - Carrega tabela.0 - linenr 1200000
2018/10/01 14:09:59 - Le Arquivo.0 - Line number : 1250000
2018/10/01 14:10:01 - Separa Ano e Mes.0 - Linenr 1250000
2018/10/01 14:10:05 - Select values.0 - linenr 1250000
2018/10/01 14:10:08 - Carrega tabela.0 - linenr 1250000
2018/10/01 14:10:10 - Le Arquivo.0 - Line number : 1300000
2018/10/01 14:10:12 - Separa Ano e Mes.0 - Linenr 1300000
2018/10/01 14:10:16 - Select values.0 - linenr 1300000
2018/10/01 14:10:18 - Carrega tabela.0 - linenr 1300000
2018/10/01 14:10:20 - Le Arquivo.0 - Line number : 1350000
2018/10/01 14:10:22 - Separa Ano e Mes.0 - Linenr 1350000
2018/10/01 14:10:26 - Select values.0 - linenr 1350000
2018/10/01 14:10:29 - Carrega tabela.0 - linenr 1350000
2018/10/01 14:10:31 - Le Arquivo.0 - Line number : 1400000
2018/10/01 14:10:33 - Separa Ano e Mes.0 - Linenr 1400000
2018/10/01 14:10:37 - Select values.0 - linenr 1400000
2018/10/01 14:10:39 - Carrega tabela.0 - linenr 1400000
2018/10/01 14:10:41 - Le Arquivo.0 - Line number : 1450000
2018/10/01 14:10:43 - Separa Ano e Mes.0 - Linenr 1450000
2018/10/01 14:10:47 - Select values.0 - linenr 1450000
2018/10/01 14:10:49 - Carrega tabela.0 - linenr 1450000
2018/10/01 14:10:51 - Le Arquivo.0 - Line number : 1500000
2018/10/01 14:10:54 - Separa Ano e Mes.0 - Linenr 1500000
2018/10/01 14:10:58 - Select values.0 - linenr 1500000
2018/10/01 14:11:00 - Carrega tabela.0 - linenr 1500000
2018/10/01 14:11:02 - Le Arquivo.0 - Line number : 1550000
2018/10/01 14:11:04 - Separa Ano e Mes.0 - Linenr 1550000
2018/10/01 14:11:08 - Select values.0 - linenr 1550000
2018/10/01 14:11:10 - Carrega tabela.0 - linenr 1550000
2018/10/01 14:11:12 - Le Arquivo.0 - Line number : 1600000
2018/10/01 14:11:14 - Separa Ano e Mes.0 - Linenr 1600000
2018/10/01 14:11:19 - Select values.0 - linenr 1600000
2018/10/01 14:11:21 - Carrega tabela.0 - linenr 1600000
2018/10/01 14:11:23 - Le Arquivo.0 - Line number : 1650000
2018/10/01 14:11:25 - Separa Ano e Mes.0 - Linenr 1650000
2018/10/01 14:11:29 - Select values.0 - linenr 1650000
2018/10/01 14:11:31 - Carrega tabela.0 - linenr 1650000
2018/10/01 14:11:33 - Le Arquivo.0 - Line number : 1700000
2018/10/01 14:11:35 - Separa Ano e Mes.0 - Linenr 1700000
2018/10/01 14:11:40 - Select values.0 - linenr 1700000
2018/10/01 14:11:42 - Carrega tabela.0 - linenr 1700000
2018/10/01 14:11:44 - Le Arquivo.0 - Line number : 1750000
2018/10/01 14:11:46 - Separa Ano e Mes.0 - Linenr 1750000
2018/10/01 14:11:50 - Select values.0 - linenr 1750000
2018/10/01 14:11:52 - Carrega tabela.0 - linenr 1750000
2018/10/01 14:11:54 - Le Arquivo.0 - Line number : 1800000
2018/10/01 14:11:56 - Separa Ano e Mes.0 - Linenr 1800000
2018/10/01 14:12:00 - Select values.0 - linenr 1800000
2018/10/01 14:12:02 - Carrega tabela.0 - linenr 1800000
2018/10/01 14:12:05 - Le Arquivo.0 - Line number : 1850000
2018/10/01 14:12:07 - Separa Ano e Mes.0 - Linenr 1850000
2018/10/01 14:12:11 - Select values.0 - linenr 1850000
2018/10/01 14:12:13 - Carrega tabela.0 - linenr 1850000
2018/10/01 14:12:15 - Le Arquivo.0 - Line number : 1900000
2018/10/01 14:12:17 - Separa Ano e Mes.0 - Linenr 1900000
2018/10/01 14:12:21 - Select values.0 - linenr 1900000
2018/10/01 14:12:24 - Carrega tabela.0 - linenr 1900000
2018/10/01 14:12:26 - Le Arquivo.0 - Line number : 1950000
2018/10/01 14:12:28 - Separa Ano e Mes.0 - Linenr 1950000
2018/10/01 14:12:32 - Select values.0 - linenr 1950000
2018/10/01 14:12:34 - Carrega tabela.0 - linenr 1950000
2018/10/01 14:12:36 - Le Arquivo.0 - Line number : 2000000
2018/10/01 14:12:38 - Separa Ano e Mes.0 - Linenr 2000000
2018/10/01 14:12:42 - Select values.0 - linenr 2000000
2018/10/01 14:12:45 - Carrega tabela.0 - linenr 2000000
2018/10/01 14:12:47 - Le Arquivo.0 - Line number : 2050000
2018/10/01 14:12:49 - Separa Ano e Mes.0 - Linenr 2050000
2018/10/01 14:12:53 - Select values.0 - linenr 2050000
2018/10/01 14:12:55 - Carrega tabela.0 - linenr 2050000
2018/10/01 14:12:57 - Le Arquivo.0 - Line number : 2100000
2018/10/01 14:12:59 - Separa Ano e Mes.0 - Linenr 2100000
2018/10/01 14:13:03 - Select values.0 - linenr 2100000
2018/10/01 14:13:05 - Carrega tabela.0 - linenr 2100000
2018/10/01 14:13:07 - Le Arquivo.0 - Line number : 2150000
2018/10/01 14:13:09 - Separa Ano e Mes.0 - Linenr 2150000
2018/10/01 14:13:13 - Select values.0 - linenr 2150000
2018/10/01 14:13:15 - Carrega tabela.0 - linenr 2150000
2018/10/01 14:13:18 - Le Arquivo.0 - Line number : 2200000
2018/10/01 14:13:20 - Separa Ano e Mes.0 - Linenr 2200000
2018/10/01 14:13:24 - Select values.0 - linenr 2200000
2018/10/01 14:13:26 - Carrega tabela.0 - linenr 2200000
2018/10/01 14:13:28 - Le Arquivo.0 - Line number : 2250000
2018/10/01 14:13:30 - Separa Ano e Mes.0 - Linenr 2250000
2018/10/01 14:13:34 - Select values.0 - linenr 2250000
2018/10/01 14:13:36 - Carrega tabela.0 - linenr 2250000
2018/10/01 14:13:38 - Le Arquivo.0 - Line number : 2300000
2018/10/01 14:13:41 - Separa Ano e Mes.0 - Linenr 2300000
2018/10/01 14:13:45 - Select values.0 - linenr 2300000
2018/10/01 14:13:47 - Carrega tabela.0 - linenr 2300000
2018/10/01 14:13:49 - Le Arquivo.0 - Line number : 2350000
2018/10/01 14:13:51 - Separa Ano e Mes.0 - Linenr 2350000
2018/10/01 14:13:55 - Select values.0 - linenr 2350000
2018/10/01 14:13:57 - Carrega tabela.0 - linenr 2350000
2018/10/01 14:14:00 - Le Arquivo.0 - Line number : 2400000
2018/10/01 14:14:02 - Separa Ano e Mes.0 - Linenr 2400000
2018/10/01 14:14:06 - Select values.0 - linenr 2400000
2018/10/01 14:14:08 - Carrega tabela.0 - linenr 2400000
2018/10/01 14:14:10 - Le Arquivo.0 - Line number : 2450000
2018/10/01 14:14:12 - Separa Ano e Mes.0 - Linenr 2450000
2018/10/01 14:14:16 - Select values.0 - linenr 2450000
2018/10/01 14:14:18 - Carrega tabela.0 - linenr 2450000
2018/10/01 14:14:21 - Le Arquivo.0 - Line number : 2500000
2018/10/01 14:14:23 - Separa Ano e Mes.0 - Linenr 2500000
2018/10/01 14:14:27 - Select values.0 - linenr 2500000
2018/10/01 14:14:29 - Carrega tabela.0 - linenr 2500000
2018/10/01 14:14:31 - Le Arquivo.0 - Line number : 2550000
2018/10/01 14:14:33 - Separa Ano e Mes.0 - Linenr 2550000
2018/10/01 14:14:37 - Select values.0 - linenr 2550000
2018/10/01 14:14:39 - Carrega tabela.0 - linenr 2550000
2018/10/01 14:14:41 - Le Arquivo.0 - Line number : 2600000
2018/10/01 14:14:43 - Separa Ano e Mes.0 - Linenr 2600000
2018/10/01 14:14:47 - Select values.0 - linenr 2600000
2018/10/01 14:14:49 - Carrega tabela.0 - linenr 2600000
2018/10/01 14:14:51 - Le Arquivo.0 - Line number : 2650000
2018/10/01 14:14:53 - Separa Ano e Mes.0 - Linenr 2650000
2018/10/01 14:14:57 - Select values.0 - linenr 2650000
2018/10/01 14:15:00 - Carrega tabela.0 - linenr 2650000
2018/10/01 14:15:02 - Le Arquivo.0 - Line number : 2700000
2018/10/01 14:15:04 - Separa Ano e Mes.0 - Linenr 2700000
2018/10/01 14:15:08 - Select values.0 - linenr 2700000
2018/10/01 14:15:10 - Le Arquivo.0 - Finished processing (I=2739391, O=0, R=0, W=2739390, U=0, E=0)
2018/10/01 14:15:10 - Carrega tabela.0 - linenr 2700000
2018/10/01 14:15:12 - Separa Ano e Mes.0 - Finished processing (I=0, O=0, R=2739390, W=2739390, U=0, E=0)
2018/10/01 14:15:14 - Value Mapper.0 - Finished processing (I=0, O=0, R=2739390, W=2739390, U=0, E=0)
2018/10/01 14:15:16 - Select values.0 - Finished processing (I=0, O=0, R=2739390, W=2739390, U=0, E=0)
2018/10/01 14:15:18 - Carrega tabela.0 - Finished processing (I=0, O=2739390, R=2739390, W=2739390, U=0, E=0)
2018/10/01 14:15:18 - job_carga_caged - Starting entry [Success]
2018/10/01 14:15:18 - job_carga_caged - Finished job entry [Success] (result=[true])
2018/10/01 14:15:18 - job_carga_caged - Finished job entry [ktr_carga_caged] (result=[true])
2018/10/01 14:15:18 - job_carga_caged - Job execution finished
2018/10/01 14:15:18 - Kitchen - Finished!
2018/10/01 14:15:18 - Kitchen - Start=2018/10/01 14:05:40.084, Stop=2018/10/01 14:15:18.927
2018/10/01 14:15:18 - Kitchen - Processing ended after 9 minutes and 38 seconds (578 seconds total).
