#######################################################################
WARNING:  no libwebkitgtk-1.0 detected, some features will be unavailable
    Consider installing the package with apt-get or yum.
    e.g. 'sudo apt-get install libwebkitgtk-1.0-0'
#######################################################################
OpenJDK 64-Bit Server VM warning: ignoring option MaxPermSize=4G; support was removed in 8.0
00:03:48,521 INFO  [KarafBoot] Checking to see if org.pentaho.clean.karaf.cache is enabled
00:03:48,621 INFO  [KarafInstance] 
*******************************************************************************
*** Karaf Instance Number: 2 at /opt/data-integration/./system/karaf/caches ***
***   /kitchen/data-1                                                       ***
*** FastBin Provider Port:52902                                             ***
*** Karaf Port:8803                                                         ***
*** OSGI Service Port:9052                                                  ***
*******************************************************************************
out 01, 2018 12:03:49 AM org.apache.karaf.main.Main$KarafLockCallback lockAquired
INFO: Lock acquired. Setting startlevel to 100
2018/10/01 00:03:49 - Kitchen - Start of run.
2018-10-01 00:03:51.978:INFO:oejs.Server:jetty-8.1.15.v20140411
2018-10-01 00:03:52.003:INFO:oejs.AbstractConnector:Started NIOSocketConnectorWrapper@0.0.0.0:9052
out 01, 2018 12:03:52 AM org.apache.cxf.bus.blueprint.NamespaceHandlerRegisterer register
INFO: Registered blueprint namespace handler for http://cxf.apache.org/blueprint/core
out 01, 2018 12:03:52 AM org.apache.cxf.bus.blueprint.NamespaceHandlerRegisterer register
INFO: Registered blueprint namespace handler for http://cxf.apache.org/configuration/beans
out 01, 2018 12:03:52 AM org.apache.cxf.bus.blueprint.NamespaceHandlerRegisterer register
INFO: Registered blueprint namespace handler for http://cxf.apache.org/configuration/parameterized-types
out 01, 2018 12:03:52 AM org.apache.cxf.bus.blueprint.NamespaceHandlerRegisterer register
INFO: Registered blueprint namespace handler for http://cxf.apache.org/configuration/security
out 01, 2018 12:03:52 AM org.apache.cxf.bus.blueprint.NamespaceHandlerRegisterer register
INFO: Registered blueprint namespace handler for http://schemas.xmlsoap.org/wsdl/
out 01, 2018 12:03:52 AM org.apache.cxf.bus.blueprint.NamespaceHandlerRegisterer register
INFO: Registered blueprint namespace handler for http://www.w3.org/2005/08/addressing
out 01, 2018 12:03:52 AM org.apache.cxf.bus.blueprint.NamespaceHandlerRegisterer register
INFO: Registered blueprint namespace handler for http://schemas.xmlsoap.org/ws/2004/08/addressing
out 01, 2018 12:03:52 AM org.apache.cxf.bus.osgi.CXFExtensionBundleListener addExtensions
INFO: Adding the extensions from bundle org.apache.cxf.cxf-rt-management (152) [org.apache.cxf.management.InstrumentationManager]
out 01, 2018 12:03:52 AM org.apache.cxf.bus.osgi.CXFExtensionBundleListener addExtensions
INFO: Adding the extensions from bundle org.apache.cxf.cxf-rt-transports-http (156) [org.apache.cxf.transport.http.HTTPTransportFactory, org.apache.cxf.transport.http.HTTPWSDLExtensionLoader, org.apache.cxf.transport.http.policy.HTTPClientAssertionBuilder, org.apache.cxf.transport.http.policy.HTTPServerAssertionBuilder, org.apache.cxf.transport.http.policy.NoOpPolicyInterceptorProvider]
out 01, 2018 12:03:52 AM org.apache.cxf.bus.osgi.CXFExtensionBundleListener addExtensions
INFO: Adding the extensions from bundle org.apache.cxf.cxf-rt-wsdl (189) [org.apache.cxf.wsdl.WSDLManager]
out 01, 2018 12:03:52 AM org.apache.cxf.bus.osgi.CXFExtensionBundleListener addExtensions
INFO: Adding the extensions from bundle org.apache.cxf.cxf-rt-ws-policy (203) [org.apache.cxf.ws.policy.PolicyEngine, org.apache.cxf.policy.PolicyDataEngine, org.apache.cxf.ws.policy.AssertionBuilderRegistry, org.apache.cxf.ws.policy.PolicyInterceptorProviderRegistry, org.apache.cxf.ws.policy.PolicyBuilder, org.apache.cxf.ws.policy.PolicyAnnotationListener, org.apache.cxf.ws.policy.attachment.ServiceModelPolicyProvider, org.apache.cxf.ws.policy.attachment.external.DomainExpressionBuilderRegistry, org.apache.cxf.ws.policy.attachment.external.EndpointReferenceDomainExpressionBuilder, org.apache.cxf.ws.policy.attachment.external.URIDomainExpressionBuilder, org.apache.cxf.ws.policy.attachment.wsdl11.Wsdl11AttachmentPolicyProvider, org.apache.cxf.ws.policy.mtom.MTOMAssertionBuilder, org.apache.cxf.ws.policy.mtom.MTOMPolicyInterceptorProvider]
out 01, 2018 12:03:52 AM org.apache.cxf.bus.blueprint.NamespaceHandlerRegisterer register
INFO: Registered blueprint namespace handler for http://cxf.apache.org/transports/http/configuration
out 01, 2018 12:03:52 AM org.apache.cxf.bus.osgi.CXFExtensionBundleListener addExtensions
INFO: Adding the extensions from bundle org.apache.cxf.cxf-rt-bindings-soap (192) [org.apache.cxf.binding.soap.SoapBindingFactory, org.apache.cxf.binding.soap.SoapTransportFactory]
out 01, 2018 12:03:52 AM org.apache.cxf.bus.blueprint.NamespaceHandlerRegisterer register
INFO: Registered blueprint namespace handler for http://cxf.apache.org/blueprint/jaxrs
out 01, 2018 12:03:52 AM org.apache.cxf.bus.blueprint.NamespaceHandlerRegisterer register
INFO: Registered blueprint namespace handler for http://cxf.apache.org/blueprint/jaxrs-client
out 01, 2018 12:03:52 AM org.apache.cxf.bus.osgi.CXFExtensionBundleListener addExtensions
INFO: Adding the extensions from bundle org.apache.cxf.cxf-rt-bindings-xml (191) [org.apache.cxf.binding.xml.XMLBindingFactory, org.apache.cxf.binding.xml.wsdl11.XMLWSDLExtensionLoader]
out 01, 2018 12:03:52 AM org.apache.cxf.bus.blueprint.NamespaceHandlerRegisterer register
INFO: Registered blueprint namespace handler for http://cxf.apache.org/blueprint/bindings/soap
out 01, 2018 12:03:52 AM org.apache.cxf.bus.blueprint.NamespaceHandlerRegisterer register
INFO: Registered blueprint namespace handler for http://cxf.apache.org/blueprint/simple
out 01, 2018 12:03:52 AM org.apache.cxf.bus.osgi.CXFExtensionBundleListener addExtensions
INFO: Adding the extensions from bundle org.apache.cxf.cxf-rt-frontend-jaxws (194) [org.apache.cxf.jaxws.context.WebServiceContextResourceResolver]
out 01, 2018 12:03:52 AM org.apache.cxf.bus.blueprint.NamespaceHandlerRegisterer register
INFO: Registered blueprint namespace handler for http://cxf.apache.org/blueprint/jaxws
out 01, 2018 12:03:52 AM org.apache.cxf.bus.blueprint.NamespaceHandlerRegisterer register
INFO: Registered blueprint namespace handler for http://cxf.apache.org/binding/coloc
out 01, 2018 12:03:52 AM org.apache.cxf.bus.osgi.CXFExtensionBundleListener addExtensions
INFO: Adding the extensions from bundle org.apache.cxf.cxf-rt-transports-local (199) [org.apache.cxf.transport.local.LocalTransportFactory]
out 01, 2018 12:03:52 AM org.apache.cxf.bus.osgi.CXFExtensionBundleListener addExtensions
INFO: Adding the extensions from bundle org.apache.cxf.cxf-rt-bindings-object (200) [org.apache.cxf.binding.object.ObjectBindingFactory]
out 01, 2018 12:03:52 AM org.apache.cxf.bus.blueprint.NamespaceHandlerRegisterer register
INFO: Registered blueprint namespace handler for http://cxf.apache.org/blueprint/binding/object
out 01, 2018 12:03:52 AM org.apache.cxf.bus.blueprint.NamespaceHandlerRegisterer register
INFO: Registered blueprint namespace handler for http://cxf.apache.org/policy
out 01, 2018 12:03:52 AM org.apache.cxf.bus.blueprint.NamespaceHandlerRegisterer register
INFO: Registered blueprint namespace handler for http://www.w3.org/ns/ws-policy
out 01, 2018 12:03:52 AM org.apache.cxf.bus.blueprint.NamespaceHandlerRegisterer register
INFO: Registered blueprint namespace handler for http://www.w3.org/2006/07/ws-policy
out 01, 2018 12:03:52 AM org.apache.cxf.bus.blueprint.NamespaceHandlerRegisterer register
INFO: Registered blueprint namespace handler for http://schemas.xmlsoap.org/ws/2004/09/policy
out 01, 2018 12:03:52 AM org.apache.cxf.bus.blueprint.NamespaceHandlerRegisterer register
INFO: Registered blueprint namespace handler for http://docs.oasis-open.org/wss/2004/01/oasis-200401-wss-wssecurity-secext-1.0.xsd
out 01, 2018 12:03:52 AM org.apache.cxf.bus.blueprint.NamespaceHandlerRegisterer register
INFO: Registered blueprint namespace handler for http://docs.oasis-open.org/wss/2004/01/oasis-200401-wss-wssecurity-utility-1.0.xsd
out 01, 2018 12:03:52 AM org.apache.cxf.bus.blueprint.NamespaceHandlerRegisterer register
INFO: Registered blueprint namespace handler for http://www.w3.org/2000/09/xmldsig#
out 01, 2018 12:03:52 AM org.apache.cxf.bus.blueprint.NamespaceHandlerRegisterer register
INFO: Registered blueprint namespace handler for http://docs.oasis-open.org/ws-sx/ws-securitypolicy/200702
out 01, 2018 12:03:52 AM org.apache.cxf.bus.osgi.CXFExtensionBundleListener addExtensions
INFO: Adding the extensions from bundle org.apache.cxf.cxf-rt-ws-addr (220) [org.apache.cxf.ws.addressing.policy.AddressingAssertionBuilder, org.apache.cxf.ws.addressing.policy.UsingAddressingAssertionBuilder, org.apache.cxf.ws.addressing.policy.AddressingPolicyInterceptorProvider, org.apache.cxf.ws.addressing.impl.AddressingWSDLExtensionLoader, org.apache.cxf.ws.addressing.WSAddressingFeature$WSAddressingFeatureApplier, org.apache.cxf.ws.addressing.MAPAggregator$MAPAggregatorLoader]
out 01, 2018 12:03:52 AM org.apache.cxf.bus.blueprint.NamespaceHandlerRegisterer register
INFO: Registered blueprint namespace handler for http://cxf.apache.org/ws/addressing
out 01, 2018 12:03:52 AM org.apache.cxf.bus.osgi.CXFExtensionBundleListener addExtensions
INFO: Adding the extensions from bundle org.apache.cxf.cxf-rt-ws-security (222) [org.apache.cxf.ws.security.policy.WSSecurityPolicyLoader, org.apache.cxf.ws.security.cache.CacheCleanupListener]
out 01, 2018 12:03:52 AM org.apache.cxf.bus.osgi.CXFExtensionBundleListener addExtensions
INFO: Adding the extensions from bundle org.apache.cxf.cxf-rt-ws-rm (224) [org.apache.cxf.ws.rm.RMManager, org.apache.cxf.ws.rm.policy.RMPolicyInterceptorProvider, org.apache.cxf.ws.rm.policy.RM10AssertionBuilder, org.apache.cxf.ws.rm.policy.RM12AssertionBuilder, org.apache.cxf.ws.rm.policy.WSRMP12PolicyLoader, org.apache.cxf.ws.rm.policy.MC11PolicyLoader, org.apache.cxf.ws.rm.policy.RSPPolicyLoader]
out 01, 2018 12:03:52 AM org.apache.cxf.bus.blueprint.NamespaceHandlerRegisterer register
INFO: Registered blueprint namespace handler for http://cxf.apache.org/ws/rm/manager
out 01, 2018 12:03:52 AM org.apache.cxf.bus.blueprint.NamespaceHandlerRegisterer register
INFO: Registered blueprint namespace handler for http://schemas.xmlsoap.org/ws/2005/02/rm/policy
out 01, 2018 12:03:52 AM org.apache.cxf.bus.osgi.CXFExtensionBundleListener addExtensions
INFO: Adding the extensions from bundle org.apache.cxf.cxf-rt-javascript (225) [org.apache.cxf.javascript.JavascriptServerListener]
out 01, 2018 12:03:52 AM org.pentaho.caching.impl.PentahoCacheManagerFactory$RegistrationHandler$1 onSuccess
INFO: New Caching Service registered
2018/10/01 00:03:55 - job_carga_caged - Start of job execution
2018/10/01 00:03:55 - job_carga_caged - Starting entry [ktr_carga_caged]
2018/10/01 00:03:55 - ktr_carga_caged - Loading transformation from XML file [/home/unb/MTB/ETL/ods/mtb/caged_dw/ktr_carga_caged.ktr]
out 01, 2018 12:03:55 AM org.apache.cxf.endpoint.ServerImpl initDestination
INFO: Setting the server's publish address to be /marketplace
2018/10/01 00:03:55 - ktr_carga_caged - Using run configuration [Pentaho local]
2018/10/01 00:03:55 - ktr_carga_caged - Using legacy execution engine
2018/10/01 00:03:55 - ktr_carga_caged - Dispatching started for transformation [ktr_carga_caged]
out 01, 2018 12:03:55 AM org.apache.cxf.endpoint.ServerImpl initDestination
INFO: Setting the server's publish address to be /lineage
out 01, 2018 12:03:55 AM org.apache.cxf.endpoint.ServerImpl initDestination
INFO: Setting the server's publish address to be /i18n
SLF4J: Class path contains multiple SLF4J bindings.
SLF4J: Found binding in [jar:file:/opt/data-integration/launcher/../lib/slf4j-log4j12-1.7.7.jar!/org/slf4j/impl/StaticLoggerBinder.class]
SLF4J: Found binding in [jar:file:/opt/data-integration/plugins/pentaho-big-data-plugin/lib/slf4j-log4j12-1.7.7.jar!/org/slf4j/impl/StaticLoggerBinder.class]
SLF4J: See http://www.slf4j.org/codes.html#multiple_bindings for an explanation.
SLF4J: Actual binding is of type [org.slf4j.impl.Log4jLoggerFactory]
2018/10/01 00:03:55 - Carrega tabela.0 - Connected to database [comexao_ods] (commit=100000000)
2018/10/01 00:03:55 - Le Arquivo.0 - Header row skipped in file '/mnt/unb/bases_mte/CAGED/CAGED_TRABALHADOR_AJUSTADO_082018.txt'
2018/10/01 00:04:00 - Le Arquivo.0 - Line number : 50000
2018/10/01 00:04:02 - Separa Ano e Mes.0 - Linenr 50000
2018/10/01 00:04:06 - Carrega tabela.0 - linenr 50000
2018/10/01 00:04:10 - Le Arquivo.0 - Line number : 100000
2018/10/01 00:04:12 - Separa Ano e Mes.0 - Linenr 100000
2018/10/01 00:04:16 - Carrega tabela.0 - linenr 100000
2018/10/01 00:04:20 - Le Arquivo.0 - Line number : 150000
2018/10/01 00:04:22 - Separa Ano e Mes.0 - Linenr 150000
2018/10/01 00:04:26 - Carrega tabela.0 - linenr 150000
2018/10/01 00:04:31 - Le Arquivo.0 - Line number : 200000
2018/10/01 00:04:33 - Separa Ano e Mes.0 - Linenr 200000
2018/10/01 00:04:37 - Carrega tabela.0 - linenr 200000
2018/10/01 00:04:41 - Le Arquivo.0 - Line number : 250000
2018/10/01 00:04:43 - Separa Ano e Mes.0 - Linenr 250000
2018/10/01 00:04:47 - Carrega tabela.0 - linenr 250000
2018/10/01 00:04:51 - Le Arquivo.0 - Line number : 300000
2018/10/01 00:04:53 - Separa Ano e Mes.0 - Linenr 300000
2018/10/01 00:04:57 - Carrega tabela.0 - linenr 300000
2018/10/01 00:05:01 - Le Arquivo.0 - Line number : 350000
2018/10/01 00:05:03 - Separa Ano e Mes.0 - Linenr 350000
2018/10/01 00:05:07 - Carrega tabela.0 - linenr 350000
2018/10/01 00:05:11 - Le Arquivo.0 - Line number : 400000
2018/10/01 00:05:13 - Separa Ano e Mes.0 - Linenr 400000
2018/10/01 00:05:17 - Carrega tabela.0 - linenr 400000
2018/10/01 00:05:21 - Le Arquivo.0 - Line number : 450000
2018/10/01 00:05:23 - Separa Ano e Mes.0 - Linenr 450000
2018/10/01 00:05:27 - Carrega tabela.0 - linenr 450000
2018/10/01 00:05:31 - Le Arquivo.0 - Line number : 500000
2018/10/01 00:05:33 - Separa Ano e Mes.0 - Linenr 500000
2018/10/01 00:05:37 - Carrega tabela.0 - linenr 500000
2018/10/01 00:05:41 - Le Arquivo.0 - Line number : 550000
2018/10/01 00:05:43 - Separa Ano e Mes.0 - Linenr 550000
2018/10/01 00:05:47 - Carrega tabela.0 - linenr 550000
2018/10/01 00:05:51 - Le Arquivo.0 - Line number : 600000
2018/10/01 00:05:53 - Separa Ano e Mes.0 - Linenr 600000
2018/10/01 00:05:57 - Carrega tabela.0 - linenr 600000
2018/10/01 00:06:01 - Le Arquivo.0 - Line number : 650000
2018/10/01 00:06:03 - Separa Ano e Mes.0 - Linenr 650000
2018/10/01 00:06:07 - Carrega tabela.0 - linenr 650000
2018/10/01 00:06:11 - Le Arquivo.0 - Line number : 700000
2018/10/01 00:06:13 - Separa Ano e Mes.0 - Linenr 700000
2018/10/01 00:06:17 - Carrega tabela.0 - linenr 700000
2018/10/01 00:06:21 - Le Arquivo.0 - Line number : 750000
2018/10/01 00:06:23 - Separa Ano e Mes.0 - Linenr 750000
2018/10/01 00:06:27 - Carrega tabela.0 - linenr 750000
2018/10/01 00:06:31 - Le Arquivo.0 - Line number : 800000
2018/10/01 00:06:33 - Separa Ano e Mes.0 - Linenr 800000
2018/10/01 00:06:38 - Carrega tabela.0 - linenr 800000
2018/10/01 00:06:42 - Le Arquivo.0 - Line number : 850000
2018/10/01 00:06:44 - Separa Ano e Mes.0 - Linenr 850000
2018/10/01 00:06:48 - Carrega tabela.0 - linenr 850000
2018/10/01 00:06:52 - Le Arquivo.0 - Line number : 900000
2018/10/01 00:06:54 - Separa Ano e Mes.0 - Linenr 900000
2018/10/01 00:06:58 - Carrega tabela.0 - linenr 900000
2018/10/01 00:07:02 - Le Arquivo.0 - Line number : 950000
2018/10/01 00:07:04 - Separa Ano e Mes.0 - Linenr 950000
2018/10/01 00:07:08 - Carrega tabela.0 - linenr 950000
2018/10/01 00:07:12 - Le Arquivo.0 - Line number : 1000000
2018/10/01 00:07:14 - Separa Ano e Mes.0 - Linenr 1000000
2018/10/01 00:07:18 - Carrega tabela.0 - linenr 1000000
2018/10/01 00:07:22 - Le Arquivo.0 - Line number : 1050000
2018/10/01 00:07:24 - Separa Ano e Mes.0 - Linenr 1050000
2018/10/01 00:07:28 - Carrega tabela.0 - linenr 1050000
2018/10/01 00:07:32 - Le Arquivo.0 - Line number : 1100000
2018/10/01 00:07:34 - Separa Ano e Mes.0 - Linenr 1100000
2018/10/01 00:07:38 - Carrega tabela.0 - linenr 1100000
2018/10/01 00:07:42 - Le Arquivo.0 - Line number : 1150000
2018/10/01 00:07:44 - Separa Ano e Mes.0 - Linenr 1150000
2018/10/01 00:07:48 - Carrega tabela.0 - linenr 1150000
2018/10/01 00:07:53 - Le Arquivo.0 - Line number : 1200000
2018/10/01 00:07:55 - Separa Ano e Mes.0 - Linenr 1200000
org.pentaho.di.core.exception.KettleValueException: 
Unexpected conversion error while converting value [salario_mensal_declarado String] to a Number
salario_mensal_declarado String : couldn't convert String to number 
salario_mensal_declarado String : couldn't convert String to number : non-numeric character found at position 1 for value [*********]
	at org.pentaho.di.core.row.value.ValueMetaBase.getNumber(ValueMetaBase.java:1993)
	at org.pentaho.di.core.row.value.ValueMetaBase.convertData(ValueMetaBase.java:3783)
	at org.pentaho.di.core.row.value.ValueMetaBase.convertBinaryStringToNativeType(ValueMetaBase.java:1579)
	at org.pentaho.di.core.row.value.ValueMetaBase.getCompatibleString(ValueMetaBase.java:1690)
	at org.pentaho.di.trans.steps.valuemapper.ValueMapper.processRow(ValueMapper.java:114)
	at org.pentaho.di.trans.step.RunThread.run(RunThread.java:62)
	at java.lang.Thread.run(Thread.java:748)
Caused by: org.pentaho.di.core.exception.KettleValueException: 
salario_mensal_declarado String : couldn't convert String to number 
salario_mensal_declarado String : couldn't convert String to number : non-numeric character found at position 1 for value [*********]
	at org.pentaho.di.core.row.value.ValueMetaBase.convertStringToNumber(ValueMetaBase.java:1017)
	at org.pentaho.di.core.row.value.ValueMetaBase.getNumber(ValueMetaBase.java:1933)
	... 6 more
Caused by: org.pentaho.di.core.exception.KettleValueException: 
salario_mensal_declarado String : couldn't convert String to number : non-numeric character found at position 1 for value [*********]
	at org.pentaho.di.core.row.value.ValueMetaBase.convertStringToNumber(ValueMetaBase.java:1010)
	... 7 more
2018/10/01 00:07:58 - Value Mapper.0 - ERROR (version 7.1.0.0-12, build 1 from 2017-05-16 17.18.02 by buildguy) : Unexpected error
2018/10/01 00:07:58 - Value Mapper.0 - ERROR (version 7.1.0.0-12, build 1 from 2017-05-16 17.18.02 by buildguy) : org.pentaho.di.core.exception.KettleValueException: 
2018/10/01 00:07:58 - Value Mapper.0 - Unexpected conversion error while converting value [salario_mensal_declarado String] to a Number
2018/10/01 00:07:58 - Value Mapper.0 - 
2018/10/01 00:07:58 - Value Mapper.0 - salario_mensal_declarado String : couldn't convert String to number 
2018/10/01 00:07:58 - Value Mapper.0 - 
2018/10/01 00:07:58 - Value Mapper.0 - salario_mensal_declarado String : couldn't convert String to number : non-numeric character found at position 1 for value [*********]
2018/10/01 00:07:58 - Value Mapper.0 - 
2018/10/01 00:07:58 - Value Mapper.0 - 
2018/10/01 00:07:58 - Value Mapper.0 - 
2018/10/01 00:07:58 - Value Mapper.0 - 	at org.pentaho.di.core.row.value.ValueMetaBase.getNumber(ValueMetaBase.java:1993)
2018/10/01 00:07:58 - Value Mapper.0 - 	at org.pentaho.di.core.row.value.ValueMetaBase.convertData(ValueMetaBase.java:3783)
2018/10/01 00:07:58 - Value Mapper.0 - 	at org.pentaho.di.core.row.value.ValueMetaBase.convertBinaryStringToNativeType(ValueMetaBase.java:1579)
2018/10/01 00:07:58 - Value Mapper.0 - 	at org.pentaho.di.core.row.value.ValueMetaBase.getCompatibleString(ValueMetaBase.java:1690)
2018/10/01 00:07:58 - Value Mapper.0 - 	at org.pentaho.di.trans.steps.valuemapper.ValueMapper.processRow(ValueMapper.java:114)
2018/10/01 00:07:58 - Value Mapper.0 - 	at org.pentaho.di.trans.step.RunThread.run(RunThread.java:62)
2018/10/01 00:07:58 - Value Mapper.0 - 	at java.lang.Thread.run(Thread.java:748)
2018/10/01 00:07:58 - Value Mapper.0 - Caused by: org.pentaho.di.core.exception.KettleValueException: 
2018/10/01 00:07:58 - Value Mapper.0 - salario_mensal_declarado String : couldn't convert String to number 
2018/10/01 00:07:58 - Value Mapper.0 - 
2018/10/01 00:07:58 - Value Mapper.0 - salario_mensal_declarado String : couldn't convert String to number : non-numeric character found at position 1 for value [*********]
2018/10/01 00:07:58 - Value Mapper.0 - 
2018/10/01 00:07:58 - Value Mapper.0 - 
2018/10/01 00:07:58 - Value Mapper.0 - 	at org.pentaho.di.core.row.value.ValueMetaBase.convertStringToNumber(ValueMetaBase.java:1017)
2018/10/01 00:07:58 - Value Mapper.0 - 	at org.pentaho.di.core.row.value.ValueMetaBase.getNumber(ValueMetaBase.java:1933)
2018/10/01 00:07:58 - Value Mapper.0 - 	... 6 more
2018/10/01 00:07:58 - Value Mapper.0 - Caused by: org.pentaho.di.core.exception.KettleValueException: 
2018/10/01 00:07:58 - Value Mapper.0 - salario_mensal_declarado String : couldn't convert String to number : non-numeric character found at position 1 for value [*********]
2018/10/01 00:07:58 - Value Mapper.0 - 
2018/10/01 00:07:58 - Value Mapper.0 - 	at org.pentaho.di.core.row.value.ValueMetaBase.convertStringToNumber(ValueMetaBase.java:1010)
2018/10/01 00:07:58 - Value Mapper.0 - 	... 7 more
child index = 2, logging object : org.pentaho.di.core.logging.LoggingObject@4c56c192 parent=a54cb84d-4bf3-4929-baa4-f84b3a57fad7
2018/10/01 00:07:58 - Value Mapper.0 - Finished processing (I=0, O=0, R=1207204, W=1207203, U=0, E=1)
2018/10/01 00:07:58 - ktr_carga_caged - Transformation detected one or more steps with errors.
2018/10/01 00:07:58 - ktr_carga_caged - ERROR (version 7.1.0.0-12, build 1 from 2017-05-16 17.18.02 by buildguy) : Errors detected!
2018/10/01 00:07:58 - ktr_carga_caged - Transformation is killing the other steps!
2018/10/01 00:07:58 - Separa Ano e Mes.0 - Finished processing (I=0, O=0, R=1217107, W=1217107, U=0, E=0)
2018/10/01 00:07:58 - Carrega tabela.0 - Finished processing (I=0, O=1197312, R=1197312, W=1197311, U=0, E=0)
2018/10/01 00:07:58 - Le Arquivo.0 - Finished processing (I=1227109, O=0, R=0, W=1227108, U=0, E=0)
2018/10/01 00:07:58 - ktr_carga_caged - ERROR (version 7.1.0.0-12, build 1 from 2017-05-16 17.18.02 by buildguy) : Errors detected!
2018/10/01 00:07:58 - job_carga_caged - Finished job entry [ktr_carga_caged] (result=[false])
2018/10/01 00:07:58 - job_carga_caged - Job execution finished
2018/10/01 00:07:58 - Kitchen - Finished!
2018/10/01 00:07:58 - Kitchen - ERROR (version 7.1.0.0-12, build 1 from 2017-05-16 17.18.02 by buildguy) : Finished with errors
2018/10/01 00:07:58 - Kitchen - Start=2018/10/01 00:03:49.558, Stop=2018/10/01 00:07:58.733
2018/10/01 00:07:58 - Kitchen - Processing ended after 4 minutes and 9 seconds (249 seconds total).
