#######################################################################
WARNING:  no libwebkitgtk-1.0 detected, some features will be unavailable
    Consider installing the package with apt-get or yum.
    e.g. 'sudo apt-get install libwebkitgtk-1.0-0'
#######################################################################
OpenJDK 64-Bit Server VM warning: ignoring option MaxPermSize=4G; support was removed in 8.0
14:45:28,876 INFO  [KarafBoot] Checking to see if org.pentaho.clean.karaf.cache is enabled
14:45:28,979 INFO  [KarafInstance] 
*******************************************************************************
*** Karaf Instance Number: 2 at /opt/data-integration/./system/karaf/caches ***
***   /kitchen/data-1                                                       ***
*** FastBin Provider Port:52902                                             ***
*** Karaf Port:8803                                                         ***
*** OSGI Service Port:9052                                                  ***
*******************************************************************************
out 01, 2018 2:45:29 PM org.apache.karaf.main.Main$KarafLockCallback lockAquired
INFO: Lock acquired. Setting startlevel to 100
2018/10/01 14:45:29 - Kitchen - Start of run.
2018-10-01 14:45:32.219:INFO:oejs.Server:jetty-8.1.15.v20140411
2018-10-01 14:45:32.244:INFO:oejs.AbstractConnector:Started NIOSocketConnectorWrapper@0.0.0.0:9052
out 01, 2018 2:45:32 PM org.apache.cxf.bus.blueprint.NamespaceHandlerRegisterer register
INFO: Registered blueprint namespace handler for http://cxf.apache.org/blueprint/core
out 01, 2018 2:45:32 PM org.apache.cxf.bus.blueprint.NamespaceHandlerRegisterer register
INFO: Registered blueprint namespace handler for http://cxf.apache.org/configuration/beans
out 01, 2018 2:45:32 PM org.apache.cxf.bus.blueprint.NamespaceHandlerRegisterer register
INFO: Registered blueprint namespace handler for http://cxf.apache.org/configuration/parameterized-types
out 01, 2018 2:45:32 PM org.apache.cxf.bus.blueprint.NamespaceHandlerRegisterer register
INFO: Registered blueprint namespace handler for http://cxf.apache.org/configuration/security
out 01, 2018 2:45:32 PM org.apache.cxf.bus.blueprint.NamespaceHandlerRegisterer register
INFO: Registered blueprint namespace handler for http://schemas.xmlsoap.org/wsdl/
out 01, 2018 2:45:32 PM org.apache.cxf.bus.blueprint.NamespaceHandlerRegisterer register
INFO: Registered blueprint namespace handler for http://www.w3.org/2005/08/addressing
out 01, 2018 2:45:32 PM org.apache.cxf.bus.blueprint.NamespaceHandlerRegisterer register
INFO: Registered blueprint namespace handler for http://schemas.xmlsoap.org/ws/2004/08/addressing
out 01, 2018 2:45:32 PM org.apache.cxf.bus.osgi.CXFExtensionBundleListener addExtensions
INFO: Adding the extensions from bundle org.apache.cxf.cxf-rt-management (152) [org.apache.cxf.management.InstrumentationManager]
out 01, 2018 2:45:32 PM org.apache.cxf.bus.osgi.CXFExtensionBundleListener addExtensions
INFO: Adding the extensions from bundle org.apache.cxf.cxf-rt-transports-http (156) [org.apache.cxf.transport.http.HTTPTransportFactory, org.apache.cxf.transport.http.HTTPWSDLExtensionLoader, org.apache.cxf.transport.http.policy.HTTPClientAssertionBuilder, org.apache.cxf.transport.http.policy.HTTPServerAssertionBuilder, org.apache.cxf.transport.http.policy.NoOpPolicyInterceptorProvider]
out 01, 2018 2:45:32 PM org.apache.cxf.bus.osgi.CXFExtensionBundleListener addExtensions
INFO: Adding the extensions from bundle org.apache.cxf.cxf-rt-wsdl (189) [org.apache.cxf.wsdl.WSDLManager]
out 01, 2018 2:45:32 PM org.apache.cxf.bus.osgi.CXFExtensionBundleListener addExtensions
INFO: Adding the extensions from bundle org.apache.cxf.cxf-rt-ws-policy (203) [org.apache.cxf.ws.policy.PolicyEngine, org.apache.cxf.policy.PolicyDataEngine, org.apache.cxf.ws.policy.AssertionBuilderRegistry, org.apache.cxf.ws.policy.PolicyInterceptorProviderRegistry, org.apache.cxf.ws.policy.PolicyBuilder, org.apache.cxf.ws.policy.PolicyAnnotationListener, org.apache.cxf.ws.policy.attachment.ServiceModelPolicyProvider, org.apache.cxf.ws.policy.attachment.external.DomainExpressionBuilderRegistry, org.apache.cxf.ws.policy.attachment.external.EndpointReferenceDomainExpressionBuilder, org.apache.cxf.ws.policy.attachment.external.URIDomainExpressionBuilder, org.apache.cxf.ws.policy.attachment.wsdl11.Wsdl11AttachmentPolicyProvider, org.apache.cxf.ws.policy.mtom.MTOMAssertionBuilder, org.apache.cxf.ws.policy.mtom.MTOMPolicyInterceptorProvider]
out 01, 2018 2:45:32 PM org.apache.cxf.bus.blueprint.NamespaceHandlerRegisterer register
INFO: Registered blueprint namespace handler for http://cxf.apache.org/transports/http/configuration
out 01, 2018 2:45:32 PM org.apache.cxf.bus.osgi.CXFExtensionBundleListener addExtensions
INFO: Adding the extensions from bundle org.apache.cxf.cxf-rt-bindings-soap (192) [org.apache.cxf.binding.soap.SoapBindingFactory, org.apache.cxf.binding.soap.SoapTransportFactory]
out 01, 2018 2:45:32 PM org.apache.cxf.bus.blueprint.NamespaceHandlerRegisterer register
INFO: Registered blueprint namespace handler for http://cxf.apache.org/blueprint/jaxrs
out 01, 2018 2:45:32 PM org.apache.cxf.bus.blueprint.NamespaceHandlerRegisterer register
INFO: Registered blueprint namespace handler for http://cxf.apache.org/blueprint/jaxrs-client
out 01, 2018 2:45:32 PM org.apache.cxf.bus.osgi.CXFExtensionBundleListener addExtensions
INFO: Adding the extensions from bundle org.apache.cxf.cxf-rt-bindings-xml (191) [org.apache.cxf.binding.xml.XMLBindingFactory, org.apache.cxf.binding.xml.wsdl11.XMLWSDLExtensionLoader]
out 01, 2018 2:45:32 PM org.apache.cxf.bus.blueprint.NamespaceHandlerRegisterer register
INFO: Registered blueprint namespace handler for http://cxf.apache.org/blueprint/bindings/soap
out 01, 2018 2:45:32 PM org.apache.cxf.bus.blueprint.NamespaceHandlerRegisterer register
INFO: Registered blueprint namespace handler for http://cxf.apache.org/blueprint/simple
out 01, 2018 2:45:32 PM org.apache.cxf.bus.osgi.CXFExtensionBundleListener addExtensions
INFO: Adding the extensions from bundle org.apache.cxf.cxf-rt-frontend-jaxws (194) [org.apache.cxf.jaxws.context.WebServiceContextResourceResolver]
out 01, 2018 2:45:32 PM org.apache.cxf.bus.blueprint.NamespaceHandlerRegisterer register
INFO: Registered blueprint namespace handler for http://cxf.apache.org/blueprint/jaxws
out 01, 2018 2:45:32 PM org.apache.cxf.bus.blueprint.NamespaceHandlerRegisterer register
INFO: Registered blueprint namespace handler for http://cxf.apache.org/binding/coloc
out 01, 2018 2:45:32 PM org.apache.cxf.bus.osgi.CXFExtensionBundleListener addExtensions
INFO: Adding the extensions from bundle org.apache.cxf.cxf-rt-transports-local (199) [org.apache.cxf.transport.local.LocalTransportFactory]
out 01, 2018 2:45:32 PM org.apache.cxf.bus.osgi.CXFExtensionBundleListener addExtensions
INFO: Adding the extensions from bundle org.apache.cxf.cxf-rt-bindings-object (200) [org.apache.cxf.binding.object.ObjectBindingFactory]
out 01, 2018 2:45:32 PM org.apache.cxf.bus.blueprint.NamespaceHandlerRegisterer register
INFO: Registered blueprint namespace handler for http://cxf.apache.org/blueprint/binding/object
out 01, 2018 2:45:32 PM org.apache.cxf.bus.blueprint.NamespaceHandlerRegisterer register
INFO: Registered blueprint namespace handler for http://cxf.apache.org/policy
out 01, 2018 2:45:32 PM org.apache.cxf.bus.blueprint.NamespaceHandlerRegisterer register
INFO: Registered blueprint namespace handler for http://www.w3.org/ns/ws-policy
out 01, 2018 2:45:32 PM org.apache.cxf.bus.blueprint.NamespaceHandlerRegisterer register
INFO: Registered blueprint namespace handler for http://www.w3.org/2006/07/ws-policy
out 01, 2018 2:45:32 PM org.apache.cxf.bus.blueprint.NamespaceHandlerRegisterer register
INFO: Registered blueprint namespace handler for http://schemas.xmlsoap.org/ws/2004/09/policy
out 01, 2018 2:45:32 PM org.apache.cxf.bus.blueprint.NamespaceHandlerRegisterer register
INFO: Registered blueprint namespace handler for http://docs.oasis-open.org/wss/2004/01/oasis-200401-wss-wssecurity-secext-1.0.xsd
out 01, 2018 2:45:32 PM org.apache.cxf.bus.blueprint.NamespaceHandlerRegisterer register
INFO: Registered blueprint namespace handler for http://docs.oasis-open.org/wss/2004/01/oasis-200401-wss-wssecurity-utility-1.0.xsd
out 01, 2018 2:45:32 PM org.apache.cxf.bus.blueprint.NamespaceHandlerRegisterer register
INFO: Registered blueprint namespace handler for http://www.w3.org/2000/09/xmldsig#
out 01, 2018 2:45:32 PM org.apache.cxf.bus.blueprint.NamespaceHandlerRegisterer register
INFO: Registered blueprint namespace handler for http://docs.oasis-open.org/ws-sx/ws-securitypolicy/200702
out 01, 2018 2:45:32 PM org.apache.cxf.bus.osgi.CXFExtensionBundleListener addExtensions
INFO: Adding the extensions from bundle org.apache.cxf.cxf-rt-ws-addr (220) [org.apache.cxf.ws.addressing.policy.AddressingAssertionBuilder, org.apache.cxf.ws.addressing.policy.UsingAddressingAssertionBuilder, org.apache.cxf.ws.addressing.policy.AddressingPolicyInterceptorProvider, org.apache.cxf.ws.addressing.impl.AddressingWSDLExtensionLoader, org.apache.cxf.ws.addressing.WSAddressingFeature$WSAddressingFeatureApplier, org.apache.cxf.ws.addressing.MAPAggregator$MAPAggregatorLoader]
out 01, 2018 2:45:32 PM org.apache.cxf.bus.blueprint.NamespaceHandlerRegisterer register
INFO: Registered blueprint namespace handler for http://cxf.apache.org/ws/addressing
out 01, 2018 2:45:33 PM org.apache.cxf.bus.osgi.CXFExtensionBundleListener addExtensions
INFO: Adding the extensions from bundle org.apache.cxf.cxf-rt-ws-security (222) [org.apache.cxf.ws.security.policy.WSSecurityPolicyLoader, org.apache.cxf.ws.security.cache.CacheCleanupListener]
out 01, 2018 2:45:33 PM org.apache.cxf.bus.osgi.CXFExtensionBundleListener addExtensions
INFO: Adding the extensions from bundle org.apache.cxf.cxf-rt-ws-rm (224) [org.apache.cxf.ws.rm.RMManager, org.apache.cxf.ws.rm.policy.RMPolicyInterceptorProvider, org.apache.cxf.ws.rm.policy.RM10AssertionBuilder, org.apache.cxf.ws.rm.policy.RM12AssertionBuilder, org.apache.cxf.ws.rm.policy.WSRMP12PolicyLoader, org.apache.cxf.ws.rm.policy.MC11PolicyLoader, org.apache.cxf.ws.rm.policy.RSPPolicyLoader]
out 01, 2018 2:45:33 PM org.apache.cxf.bus.blueprint.NamespaceHandlerRegisterer register
INFO: Registered blueprint namespace handler for http://cxf.apache.org/ws/rm/manager
out 01, 2018 2:45:33 PM org.apache.cxf.bus.blueprint.NamespaceHandlerRegisterer register
INFO: Registered blueprint namespace handler for http://schemas.xmlsoap.org/ws/2005/02/rm/policy
out 01, 2018 2:45:33 PM org.apache.cxf.bus.osgi.CXFExtensionBundleListener addExtensions
INFO: Adding the extensions from bundle org.apache.cxf.cxf-rt-javascript (225) [org.apache.cxf.javascript.JavascriptServerListener]
out 01, 2018 2:45:33 PM org.pentaho.caching.impl.PentahoCacheManagerFactory$RegistrationHandler$1 onSuccess
INFO: New Caching Service registered
2018/10/01 14:45:35 - job_carga_caged - Start of job execution
2018/10/01 14:45:35 - job_carga_caged - Starting entry [ktr_carga_caged]
2018/10/01 14:45:35 - ktr_carga_caged - Loading transformation from XML file [/home/unb/MTB/ETL/ods/mtb/caged_dw/ktr_carga_caged.ktr]
2018/10/01 14:45:35 - ktr_carga_caged - Using run configuration [Pentaho local]
2018/10/01 14:45:35 - ktr_carga_caged - Using legacy execution engine
2018/10/01 14:45:35 - ktr_carga_caged - Dispatching started for transformation [ktr_carga_caged]
out 01, 2018 2:45:35 PM org.apache.cxf.endpoint.ServerImpl initDestination
INFO: Setting the server's publish address to be /marketplace
2018/10/01 14:45:35 - Carrega tabela.0 - Connected to database [comexao_ods] (commit=100000000)
out 01, 2018 2:45:35 PM org.apache.cxf.endpoint.ServerImpl initDestination
INFO: Setting the server's publish address to be /lineage
2018/10/01 14:45:35 - Le Arquivo.0 - Header row skipped in file '/mnt/unb/bases_mte/CAGED/CAGED_TRABALHADOR_AJUSTADO_062018.txt'
out 01, 2018 2:45:35 PM org.apache.cxf.endpoint.ServerImpl initDestination
INFO: Setting the server's publish address to be /i18n
SLF4J: Class path contains multiple SLF4J bindings.
SLF4J: Found binding in [jar:file:/opt/data-integration/launcher/../lib/slf4j-log4j12-1.7.7.jar!/org/slf4j/impl/StaticLoggerBinder.class]
SLF4J: Found binding in [jar:file:/opt/data-integration/plugins/pentaho-big-data-plugin/lib/slf4j-log4j12-1.7.7.jar!/org/slf4j/impl/StaticLoggerBinder.class]
SLF4J: See http://www.slf4j.org/codes.html#multiple_bindings for an explanation.
SLF4J: Actual binding is of type [org.slf4j.impl.Log4jLoggerFactory]
2018/10/01 14:45:37 - Le Arquivo.0 - Line number : 50000
2018/10/01 14:45:38 - Separa Ano e Mes.0 - Linenr 50000
2018/10/01 14:45:45 - Select values.0 - linenr 50000
2018/10/01 14:45:47 - Carrega tabela.0 - linenr 50000
2018/10/01 14:45:47 - Le Arquivo.0 - Line number : 100000
2018/10/01 14:45:49 - Separa Ano e Mes.0 - Linenr 100000
2018/10/01 14:45:55 - Select values.0 - linenr 100000
2018/10/01 14:45:57 - Carrega tabela.0 - linenr 100000
2018/10/01 14:45:57 - Le Arquivo.0 - Line number : 150000
2018/10/01 14:45:59 - Separa Ano e Mes.0 - Linenr 150000
2018/10/01 14:46:05 - Select values.0 - linenr 150000
2018/10/01 14:46:07 - Carrega tabela.0 - linenr 150000
2018/10/01 14:46:07 - Le Arquivo.0 - Line number : 200000
2018/10/01 14:46:10 - Separa Ano e Mes.0 - Linenr 200000
2018/10/01 14:46:16 - Select values.0 - linenr 200000
2018/10/01 14:46:18 - Carrega tabela.0 - linenr 200000
2018/10/01 14:46:18 - Le Arquivo.0 - Line number : 250000
2018/10/01 14:46:20 - Separa Ano e Mes.0 - Linenr 250000
2018/10/01 14:46:26 - Select values.0 - linenr 250000
2018/10/01 14:46:28 - Carrega tabela.0 - linenr 250000
2018/10/01 14:46:28 - Le Arquivo.0 - Line number : 300000
2018/10/01 14:46:30 - Separa Ano e Mes.0 - Linenr 300000
2018/10/01 14:46:36 - Select values.0 - linenr 300000
2018/10/01 14:46:38 - Carrega tabela.0 - linenr 300000
2018/10/01 14:46:38 - Le Arquivo.0 - Line number : 350000
2018/10/01 14:46:41 - Separa Ano e Mes.0 - Linenr 350000
2018/10/01 14:46:47 - Select values.0 - linenr 350000
2018/10/01 14:46:49 - Carrega tabela.0 - linenr 350000
2018/10/01 14:46:49 - Le Arquivo.0 - Line number : 400000
2018/10/01 14:46:51 - Separa Ano e Mes.0 - Linenr 400000
2018/10/01 14:46:57 - Select values.0 - linenr 400000
2018/10/01 14:46:59 - Carrega tabela.0 - linenr 400000
2018/10/01 14:46:59 - Le Arquivo.0 - Line number : 450000
2018/10/01 14:47:01 - Separa Ano e Mes.0 - Linenr 450000
2018/10/01 14:47:07 - Select values.0 - linenr 450000
2018/10/01 14:47:09 - Carrega tabela.0 - linenr 450000
2018/10/01 14:47:10 - Le Arquivo.0 - Line number : 500000
2018/10/01 14:47:12 - Separa Ano e Mes.0 - Linenr 500000
2018/10/01 14:47:18 - Select values.0 - linenr 500000
2018/10/01 14:47:20 - Carrega tabela.0 - linenr 500000
2018/10/01 14:47:20 - Le Arquivo.0 - Line number : 550000
2018/10/01 14:47:22 - Separa Ano e Mes.0 - Linenr 550000
2018/10/01 14:47:28 - Select values.0 - linenr 550000
2018/10/01 14:47:30 - Carrega tabela.0 - linenr 550000
2018/10/01 14:47:30 - Le Arquivo.0 - Line number : 600000
2018/10/01 14:47:32 - Separa Ano e Mes.0 - Linenr 600000
2018/10/01 14:47:38 - Select values.0 - linenr 600000
2018/10/01 14:47:40 - Carrega tabela.0 - linenr 600000
2018/10/01 14:47:40 - Le Arquivo.0 - Line number : 650000
2018/10/01 14:47:42 - Separa Ano e Mes.0 - Linenr 650000
2018/10/01 14:47:48 - Select values.0 - linenr 650000
2018/10/01 14:47:50 - Carrega tabela.0 - linenr 650000
2018/10/01 14:47:50 - Le Arquivo.0 - Line number : 700000
2018/10/01 14:47:52 - Separa Ano e Mes.0 - Linenr 700000
2018/10/01 14:47:58 - Select values.0 - linenr 700000
2018/10/01 14:48:01 - Carrega tabela.0 - linenr 700000
2018/10/01 14:48:01 - Le Arquivo.0 - Line number : 750000
2018/10/01 14:48:03 - Separa Ano e Mes.0 - Linenr 750000
2018/10/01 14:48:09 - Select values.0 - linenr 750000
2018/10/01 14:48:11 - Carrega tabela.0 - linenr 750000
2018/10/01 14:48:11 - Le Arquivo.0 - Line number : 800000
2018/10/01 14:48:13 - Separa Ano e Mes.0 - Linenr 800000
2018/10/01 14:48:19 - Select values.0 - linenr 800000
2018/10/01 14:48:21 - Carrega tabela.0 - linenr 800000
2018/10/01 14:48:22 - Le Arquivo.0 - Line number : 850000
2018/10/01 14:48:24 - Separa Ano e Mes.0 - Linenr 850000
2018/10/01 14:48:30 - Select values.0 - linenr 850000
2018/10/01 14:48:32 - Carrega tabela.0 - linenr 850000
2018/10/01 14:48:32 - Le Arquivo.0 - Line number : 900000
2018/10/01 14:48:34 - Separa Ano e Mes.0 - Linenr 900000
2018/10/01 14:48:40 - Select values.0 - linenr 900000
2018/10/01 14:48:42 - Carrega tabela.0 - linenr 900000
2018/10/01 14:48:42 - Le Arquivo.0 - Line number : 950000
2018/10/01 14:48:44 - Separa Ano e Mes.0 - Linenr 950000
2018/10/01 14:48:50 - Select values.0 - linenr 950000
2018/10/01 14:48:52 - Carrega tabela.0 - linenr 950000
2018/10/01 14:48:52 - Le Arquivo.0 - Line number : 1000000
2018/10/01 14:48:54 - Separa Ano e Mes.0 - Linenr 1000000
2018/10/01 14:49:01 - Select values.0 - linenr 1000000
2018/10/01 14:49:03 - Carrega tabela.0 - linenr 1000000
2018/10/01 14:49:03 - Le Arquivo.0 - Line number : 1050000
2018/10/01 14:49:05 - Separa Ano e Mes.0 - Linenr 1050000
2018/10/01 14:49:11 - Select values.0 - linenr 1050000
2018/10/01 14:49:13 - Carrega tabela.0 - linenr 1050000
2018/10/01 14:49:13 - Le Arquivo.0 - Line number : 1100000
2018/10/01 14:49:15 - Separa Ano e Mes.0 - Linenr 1100000
2018/10/01 14:49:21 - Select values.0 - linenr 1100000
2018/10/01 14:49:23 - Carrega tabela.0 - linenr 1100000
2018/10/01 14:49:23 - Le Arquivo.0 - Line number : 1150000
2018/10/01 14:49:25 - Separa Ano e Mes.0 - Linenr 1150000
2018/10/01 14:49:32 - Select values.0 - linenr 1150000
2018/10/01 14:49:34 - Carrega tabela.0 - linenr 1150000
2018/10/01 14:49:34 - Le Arquivo.0 - Line number : 1200000
2018/10/01 14:49:36 - Separa Ano e Mes.0 - Linenr 1200000
2018/10/01 14:49:42 - Select values.0 - linenr 1200000
2018/10/01 14:49:44 - Carrega tabela.0 - linenr 1200000
2018/10/01 14:49:44 - Le Arquivo.0 - Line number : 1250000
2018/10/01 14:49:47 - Separa Ano e Mes.0 - Linenr 1250000
2018/10/01 14:49:53 - Select values.0 - linenr 1250000
2018/10/01 14:49:55 - Carrega tabela.0 - linenr 1250000
2018/10/01 14:49:55 - Le Arquivo.0 - Line number : 1300000
2018/10/01 14:49:57 - Separa Ano e Mes.0 - Linenr 1300000
2018/10/01 14:50:03 - Select values.0 - linenr 1300000
2018/10/01 14:50:06 - Carrega tabela.0 - linenr 1300000
2018/10/01 14:50:06 - Le Arquivo.0 - Line number : 1350000
2018/10/01 14:50:08 - Separa Ano e Mes.0 - Linenr 1350000
2018/10/01 14:50:14 - Select values.0 - linenr 1350000
2018/10/01 14:50:16 - Carrega tabela.0 - linenr 1350000
2018/10/01 14:50:16 - Le Arquivo.0 - Line number : 1400000
2018/10/01 14:50:18 - Separa Ano e Mes.0 - Linenr 1400000
2018/10/01 14:50:24 - Select values.0 - linenr 1400000
2018/10/01 14:50:26 - Carrega tabela.0 - linenr 1400000
2018/10/01 14:50:27 - Le Arquivo.0 - Line number : 1450000
2018/10/01 14:50:29 - Separa Ano e Mes.0 - Linenr 1450000
2018/10/01 14:50:35 - Select values.0 - linenr 1450000
2018/10/01 14:50:37 - Carrega tabela.0 - linenr 1450000
2018/10/01 14:50:37 - Le Arquivo.0 - Line number : 1500000
2018/10/01 14:50:39 - Separa Ano e Mes.0 - Linenr 1500000
2018/10/01 14:50:45 - Select values.0 - linenr 1500000
2018/10/01 14:50:47 - Carrega tabela.0 - linenr 1500000
2018/10/01 14:50:47 - Le Arquivo.0 - Line number : 1550000
2018/10/01 14:50:49 - Separa Ano e Mes.0 - Linenr 1550000
2018/10/01 14:50:55 - Select values.0 - linenr 1550000
2018/10/01 14:50:57 - Carrega tabela.0 - linenr 1550000
2018/10/01 14:50:57 - Le Arquivo.0 - Line number : 1600000
2018/10/01 14:51:00 - Separa Ano e Mes.0 - Linenr 1600000
2018/10/01 14:51:05 - Select values.0 - linenr 1600000
2018/10/01 14:51:07 - Carrega tabela.0 - linenr 1600000
2018/10/01 14:51:07 - Le Arquivo.0 - Line number : 1650000
2018/10/01 14:51:10 - Separa Ano e Mes.0 - Linenr 1650000
2018/10/01 14:51:16 - Select values.0 - linenr 1650000
2018/10/01 14:51:18 - Carrega tabela.0 - linenr 1650000
2018/10/01 14:51:18 - Le Arquivo.0 - Line number : 1700000
2018/10/01 14:51:20 - Separa Ano e Mes.0 - Linenr 1700000
2018/10/01 14:51:26 - Select values.0 - linenr 1700000
2018/10/01 14:51:28 - Carrega tabela.0 - linenr 1700000
2018/10/01 14:51:28 - Le Arquivo.0 - Line number : 1750000
2018/10/01 14:51:30 - Separa Ano e Mes.0 - Linenr 1750000
2018/10/01 14:51:37 - Select values.0 - linenr 1750000
2018/10/01 14:51:39 - Carrega tabela.0 - linenr 1750000
2018/10/01 14:51:39 - Le Arquivo.0 - Line number : 1800000
2018/10/01 14:51:41 - Separa Ano e Mes.0 - Linenr 1800000
2018/10/01 14:51:47 - Select values.0 - linenr 1800000
2018/10/01 14:51:49 - Carrega tabela.0 - linenr 1800000
2018/10/01 14:51:49 - Le Arquivo.0 - Line number : 1850000
2018/10/01 14:51:51 - Separa Ano e Mes.0 - Linenr 1850000
2018/10/01 14:51:57 - Select values.0 - linenr 1850000
2018/10/01 14:51:59 - Carrega tabela.0 - linenr 1850000
2018/10/01 14:52:00 - Le Arquivo.0 - Line number : 1900000
2018/10/01 14:52:02 - Separa Ano e Mes.0 - Linenr 1900000
2018/10/01 14:52:08 - Select values.0 - linenr 1900000
2018/10/01 14:52:10 - Carrega tabela.0 - linenr 1900000
2018/10/01 14:52:10 - Le Arquivo.0 - Line number : 1950000
2018/10/01 14:52:12 - Separa Ano e Mes.0 - Linenr 1950000
2018/10/01 14:52:18 - Select values.0 - linenr 1950000
2018/10/01 14:52:20 - Carrega tabela.0 - linenr 1950000
2018/10/01 14:52:20 - Le Arquivo.0 - Line number : 2000000
2018/10/01 14:52:22 - Separa Ano e Mes.0 - Linenr 2000000
2018/10/01 14:52:28 - Select values.0 - linenr 2000000
2018/10/01 14:52:30 - Carrega tabela.0 - linenr 2000000
2018/10/01 14:52:30 - Le Arquivo.0 - Line number : 2050000
2018/10/01 14:52:32 - Separa Ano e Mes.0 - Linenr 2050000
2018/10/01 14:52:38 - Select values.0 - linenr 2050000
2018/10/01 14:52:41 - Carrega tabela.0 - linenr 2050000
2018/10/01 14:52:41 - Le Arquivo.0 - Line number : 2100000
2018/10/01 14:52:43 - Separa Ano e Mes.0 - Linenr 2100000
2018/10/01 14:52:49 - Select values.0 - linenr 2100000
2018/10/01 14:52:51 - Carrega tabela.0 - linenr 2100000
2018/10/01 14:52:51 - Le Arquivo.0 - Line number : 2150000
2018/10/01 14:52:53 - Separa Ano e Mes.0 - Linenr 2150000
2018/10/01 14:52:59 - Select values.0 - linenr 2150000
2018/10/01 14:53:01 - Carrega tabela.0 - linenr 2150000
2018/10/01 14:53:01 - Le Arquivo.0 - Line number : 2200000
2018/10/01 14:53:03 - Separa Ano e Mes.0 - Linenr 2200000
2018/10/01 14:53:09 - Select values.0 - linenr 2200000
2018/10/01 14:53:12 - Carrega tabela.0 - linenr 2200000
2018/10/01 14:53:12 - Le Arquivo.0 - Line number : 2250000
2018/10/01 14:53:14 - Separa Ano e Mes.0 - Linenr 2250000
2018/10/01 14:53:20 - Select values.0 - linenr 2250000
2018/10/01 14:53:22 - Carrega tabela.0 - linenr 2250000
2018/10/01 14:53:22 - Le Arquivo.0 - Line number : 2300000
2018/10/01 14:53:24 - Separa Ano e Mes.0 - Linenr 2300000
2018/10/01 14:53:31 - Select values.0 - linenr 2300000
2018/10/01 14:53:33 - Carrega tabela.0 - linenr 2300000
2018/10/01 14:53:33 - Le Arquivo.0 - Line number : 2350000
2018/10/01 14:53:35 - Separa Ano e Mes.0 - Linenr 2350000
2018/10/01 14:53:42 - Select values.0 - linenr 2350000
2018/10/01 14:53:44 - Carrega tabela.0 - linenr 2350000
2018/10/01 14:53:44 - Le Arquivo.0 - Line number : 2400000
2018/10/01 14:53:46 - Separa Ano e Mes.0 - Linenr 2400000
2018/10/01 14:53:52 - Select values.0 - linenr 2400000
2018/10/01 14:53:54 - Carrega tabela.0 - linenr 2400000
2018/10/01 14:53:54 - Le Arquivo.0 - Line number : 2450000
2018/10/01 14:53:56 - Separa Ano e Mes.0 - Linenr 2450000
2018/10/01 14:54:02 - Select values.0 - linenr 2450000
2018/10/01 14:54:05 - Carrega tabela.0 - linenr 2450000
2018/10/01 14:54:05 - Le Arquivo.0 - Line number : 2500000
2018/10/01 14:54:07 - Separa Ano e Mes.0 - Linenr 2500000
2018/10/01 14:54:13 - Select values.0 - linenr 2500000
2018/10/01 14:54:15 - Carrega tabela.0 - linenr 2500000
2018/10/01 14:54:15 - Le Arquivo.0 - Line number : 2550000
2018/10/01 14:54:17 - Separa Ano e Mes.0 - Linenr 2550000
2018/10/01 14:54:23 - Select values.0 - linenr 2550000
2018/10/01 14:54:25 - Carrega tabela.0 - linenr 2550000
2018/10/01 14:54:25 - Le Arquivo.0 - Line number : 2600000
2018/10/01 14:54:27 - Separa Ano e Mes.0 - Linenr 2600000
2018/10/01 14:54:33 - Select values.0 - linenr 2600000
2018/10/01 14:54:35 - Carrega tabela.0 - linenr 2600000
2018/10/01 14:54:36 - Le Arquivo.0 - Line number : 2650000
2018/10/01 14:54:38 - Separa Ano e Mes.0 - Linenr 2650000
2018/10/01 14:54:41 - Le Arquivo.0 - Finished processing (I=2677453, O=0, R=0, W=2677452, U=0, E=0)
2018/10/01 14:54:43 - Separa Ano e Mes.0 - Finished processing (I=0, O=0, R=2677452, W=2677452, U=0, E=0)
2018/10/01 14:54:44 - Select values.0 - linenr 2650000
2018/10/01 14:54:45 - Corrige salario_mensal_declarado.0 - Finished processing (I=0, O=0, R=2677452, W=2677452, U=0, E=0)
2018/10/01 14:54:46 - Carrega tabela.0 - linenr 2650000
2018/10/01 14:54:47 - Corrige CBO.0 - Finished processing (I=0, O=0, R=2677452, W=2677452, U=0, E=0)
2018/10/01 14:54:49 - Select values.0 - Finished processing (I=0, O=0, R=2677452, W=2677452, U=0, E=0)
2018/10/01 14:54:51 - Carrega tabela.0 - Finished processing (I=0, O=2677452, R=2677452, W=2677452, U=0, E=0)
2018/10/01 14:54:51 - job_carga_caged - Starting entry [Success]
2018/10/01 14:54:51 - job_carga_caged - Finished job entry [Success] (result=[true])
2018/10/01 14:54:51 - job_carga_caged - Finished job entry [ktr_carga_caged] (result=[true])
2018/10/01 14:54:51 - job_carga_caged - Job execution finished
2018/10/01 14:54:51 - Kitchen - Finished!
2018/10/01 14:54:51 - Kitchen - Start=2018/10/01 14:45:29.905, Stop=2018/10/01 14:54:51.650
2018/10/01 14:54:51 - Kitchen - Processing ended after 9 minutes and 21 seconds (561 seconds total).
