#######################################################################
WARNING:  no libwebkitgtk-1.0 detected, some features will be unavailable
    Consider installing the package with apt-get or yum.
    e.g. 'sudo apt-get install libwebkitgtk-1.0-0'
#######################################################################
OpenJDK 64-Bit Server VM warning: ignoring option MaxPermSize=4G; support was removed in 8.0
18:15:42,024 INFO  [KarafBoot] Checking to see if org.pentaho.clean.karaf.cache is enabled
18:15:42,121 INFO  [KarafInstance] 
*******************************************************************************
*** Karaf Instance Number: 2 at /opt/data-integration/./system/karaf/caches ***
***   /kitchen/data-1                                                       ***
*** FastBin Provider Port:52902                                             ***
*** Karaf Port:8803                                                         ***
*** OSGI Service Port:9052                                                  ***
*******************************************************************************
out 07, 2018 6:15:42 PM org.apache.karaf.main.Main$KarafLockCallback lockAquired
INFO: Lock acquired. Setting startlevel to 100
2018/10/07 18:15:43 - Kitchen - Start of run.
2018-10-07 18:15:45.501:INFO:oejs.Server:jetty-8.1.15.v20140411
2018-10-07 18:15:45.529:INFO:oejs.AbstractConnector:Started NIOSocketConnectorWrapper@0.0.0.0:9052
out 07, 2018 6:15:46 PM org.apache.cxf.bus.blueprint.NamespaceHandlerRegisterer register
INFO: Registered blueprint namespace handler for http://cxf.apache.org/blueprint/core
out 07, 2018 6:15:46 PM org.apache.cxf.bus.blueprint.NamespaceHandlerRegisterer register
INFO: Registered blueprint namespace handler for http://cxf.apache.org/configuration/beans
out 07, 2018 6:15:46 PM org.apache.cxf.bus.blueprint.NamespaceHandlerRegisterer register
INFO: Registered blueprint namespace handler for http://cxf.apache.org/configuration/parameterized-types
out 07, 2018 6:15:46 PM org.apache.cxf.bus.blueprint.NamespaceHandlerRegisterer register
INFO: Registered blueprint namespace handler for http://cxf.apache.org/configuration/security
out 07, 2018 6:15:46 PM org.apache.cxf.bus.blueprint.NamespaceHandlerRegisterer register
INFO: Registered blueprint namespace handler for http://schemas.xmlsoap.org/wsdl/
out 07, 2018 6:15:46 PM org.apache.cxf.bus.blueprint.NamespaceHandlerRegisterer register
INFO: Registered blueprint namespace handler for http://www.w3.org/2005/08/addressing
out 07, 2018 6:15:46 PM org.apache.cxf.bus.blueprint.NamespaceHandlerRegisterer register
INFO: Registered blueprint namespace handler for http://schemas.xmlsoap.org/ws/2004/08/addressing
out 07, 2018 6:15:46 PM org.apache.cxf.bus.osgi.CXFExtensionBundleListener addExtensions
INFO: Adding the extensions from bundle org.apache.cxf.cxf-rt-management (152) [org.apache.cxf.management.InstrumentationManager]
out 07, 2018 6:15:46 PM org.apache.cxf.bus.osgi.CXFExtensionBundleListener addExtensions
INFO: Adding the extensions from bundle org.apache.cxf.cxf-rt-ws-policy (203) [org.apache.cxf.ws.policy.PolicyEngine, org.apache.cxf.policy.PolicyDataEngine, org.apache.cxf.ws.policy.AssertionBuilderRegistry, org.apache.cxf.ws.policy.PolicyInterceptorProviderRegistry, org.apache.cxf.ws.policy.PolicyBuilder, org.apache.cxf.ws.policy.PolicyAnnotationListener, org.apache.cxf.ws.policy.attachment.ServiceModelPolicyProvider, org.apache.cxf.ws.policy.attachment.external.DomainExpressionBuilderRegistry, org.apache.cxf.ws.policy.attachment.external.EndpointReferenceDomainExpressionBuilder, org.apache.cxf.ws.policy.attachment.external.URIDomainExpressionBuilder, org.apache.cxf.ws.policy.attachment.wsdl11.Wsdl11AttachmentPolicyProvider, org.apache.cxf.ws.policy.mtom.MTOMAssertionBuilder, org.apache.cxf.ws.policy.mtom.MTOMPolicyInterceptorProvider]
out 07, 2018 6:15:46 PM org.apache.cxf.bus.osgi.CXFExtensionBundleListener addExtensions
INFO: Adding the extensions from bundle org.apache.cxf.cxf-rt-transports-http (156) [org.apache.cxf.transport.http.HTTPTransportFactory, org.apache.cxf.transport.http.HTTPWSDLExtensionLoader, org.apache.cxf.transport.http.policy.HTTPClientAssertionBuilder, org.apache.cxf.transport.http.policy.HTTPServerAssertionBuilder, org.apache.cxf.transport.http.policy.NoOpPolicyInterceptorProvider]
out 07, 2018 6:15:46 PM org.apache.cxf.bus.osgi.CXFExtensionBundleListener addExtensions
INFO: Adding the extensions from bundle org.apache.cxf.cxf-rt-wsdl (189) [org.apache.cxf.wsdl.WSDLManager]
out 07, 2018 6:15:46 PM org.apache.cxf.bus.blueprint.NamespaceHandlerRegisterer register
INFO: Registered blueprint namespace handler for http://cxf.apache.org/transports/http/configuration
out 07, 2018 6:15:46 PM org.apache.cxf.bus.osgi.CXFExtensionBundleListener addExtensions
INFO: Adding the extensions from bundle org.apache.cxf.cxf-rt-bindings-soap (192) [org.apache.cxf.binding.soap.SoapBindingFactory, org.apache.cxf.binding.soap.SoapTransportFactory]
out 07, 2018 6:15:46 PM org.apache.cxf.bus.blueprint.NamespaceHandlerRegisterer register
INFO: Registered blueprint namespace handler for http://cxf.apache.org/blueprint/jaxrs
out 07, 2018 6:15:46 PM org.apache.cxf.bus.blueprint.NamespaceHandlerRegisterer register
INFO: Registered blueprint namespace handler for http://cxf.apache.org/blueprint/jaxrs-client
out 07, 2018 6:15:46 PM org.apache.cxf.bus.osgi.CXFExtensionBundleListener addExtensions
INFO: Adding the extensions from bundle org.apache.cxf.cxf-rt-bindings-xml (191) [org.apache.cxf.binding.xml.XMLBindingFactory, org.apache.cxf.binding.xml.wsdl11.XMLWSDLExtensionLoader]
out 07, 2018 6:15:46 PM org.apache.cxf.bus.blueprint.NamespaceHandlerRegisterer register
INFO: Registered blueprint namespace handler for http://cxf.apache.org/blueprint/bindings/soap
out 07, 2018 6:15:46 PM org.apache.cxf.bus.blueprint.NamespaceHandlerRegisterer register
INFO: Registered blueprint namespace handler for http://cxf.apache.org/blueprint/simple
out 07, 2018 6:15:46 PM org.apache.cxf.bus.osgi.CXFExtensionBundleListener addExtensions
INFO: Adding the extensions from bundle org.apache.cxf.cxf-rt-frontend-jaxws (194) [org.apache.cxf.jaxws.context.WebServiceContextResourceResolver]
out 07, 2018 6:15:46 PM org.apache.cxf.bus.blueprint.NamespaceHandlerRegisterer register
INFO: Registered blueprint namespace handler for http://cxf.apache.org/blueprint/jaxws
out 07, 2018 6:15:46 PM org.apache.cxf.bus.blueprint.NamespaceHandlerRegisterer register
INFO: Registered blueprint namespace handler for http://cxf.apache.org/binding/coloc
out 07, 2018 6:15:46 PM org.apache.cxf.bus.osgi.CXFExtensionBundleListener addExtensions
INFO: Adding the extensions from bundle org.apache.cxf.cxf-rt-transports-local (199) [org.apache.cxf.transport.local.LocalTransportFactory]
out 07, 2018 6:15:46 PM org.apache.cxf.bus.osgi.CXFExtensionBundleListener addExtensions
INFO: Adding the extensions from bundle org.apache.cxf.cxf-rt-bindings-object (200) [org.apache.cxf.binding.object.ObjectBindingFactory]
out 07, 2018 6:15:46 PM org.apache.cxf.bus.blueprint.NamespaceHandlerRegisterer register
INFO: Registered blueprint namespace handler for http://cxf.apache.org/blueprint/binding/object
out 07, 2018 6:15:46 PM org.apache.cxf.bus.blueprint.NamespaceHandlerRegisterer register
INFO: Registered blueprint namespace handler for http://cxf.apache.org/policy
out 07, 2018 6:15:46 PM org.apache.cxf.bus.blueprint.NamespaceHandlerRegisterer register
INFO: Registered blueprint namespace handler for http://www.w3.org/ns/ws-policy
out 07, 2018 6:15:46 PM org.apache.cxf.bus.blueprint.NamespaceHandlerRegisterer register
INFO: Registered blueprint namespace handler for http://www.w3.org/2006/07/ws-policy
out 07, 2018 6:15:46 PM org.apache.cxf.bus.blueprint.NamespaceHandlerRegisterer register
INFO: Registered blueprint namespace handler for http://schemas.xmlsoap.org/ws/2004/09/policy
out 07, 2018 6:15:46 PM org.apache.cxf.bus.blueprint.NamespaceHandlerRegisterer register
INFO: Registered blueprint namespace handler for http://docs.oasis-open.org/wss/2004/01/oasis-200401-wss-wssecurity-secext-1.0.xsd
out 07, 2018 6:15:46 PM org.apache.cxf.bus.blueprint.NamespaceHandlerRegisterer register
INFO: Registered blueprint namespace handler for http://docs.oasis-open.org/wss/2004/01/oasis-200401-wss-wssecurity-utility-1.0.xsd
out 07, 2018 6:15:46 PM org.apache.cxf.bus.blueprint.NamespaceHandlerRegisterer register
INFO: Registered blueprint namespace handler for http://www.w3.org/2000/09/xmldsig#
out 07, 2018 6:15:46 PM org.apache.cxf.bus.blueprint.NamespaceHandlerRegisterer register
INFO: Registered blueprint namespace handler for http://docs.oasis-open.org/ws-sx/ws-securitypolicy/200702
out 07, 2018 6:15:46 PM org.apache.cxf.bus.osgi.CXFExtensionBundleListener addExtensions
INFO: Adding the extensions from bundle org.apache.cxf.cxf-rt-ws-addr (220) [org.apache.cxf.ws.addressing.policy.AddressingAssertionBuilder, org.apache.cxf.ws.addressing.policy.UsingAddressingAssertionBuilder, org.apache.cxf.ws.addressing.policy.AddressingPolicyInterceptorProvider, org.apache.cxf.ws.addressing.impl.AddressingWSDLExtensionLoader, org.apache.cxf.ws.addressing.WSAddressingFeature$WSAddressingFeatureApplier, org.apache.cxf.ws.addressing.MAPAggregator$MAPAggregatorLoader]
out 07, 2018 6:15:46 PM org.apache.cxf.bus.blueprint.NamespaceHandlerRegisterer register
INFO: Registered blueprint namespace handler for http://cxf.apache.org/ws/addressing
out 07, 2018 6:15:46 PM org.apache.cxf.bus.osgi.CXFExtensionBundleListener addExtensions
INFO: Adding the extensions from bundle org.apache.cxf.cxf-rt-ws-security (222) [org.apache.cxf.ws.security.policy.WSSecurityPolicyLoader, org.apache.cxf.ws.security.cache.CacheCleanupListener]
out 07, 2018 6:15:46 PM org.apache.cxf.bus.osgi.CXFExtensionBundleListener addExtensions
INFO: Adding the extensions from bundle org.apache.cxf.cxf-rt-ws-rm (224) [org.apache.cxf.ws.rm.RMManager, org.apache.cxf.ws.rm.policy.RMPolicyInterceptorProvider, org.apache.cxf.ws.rm.policy.RM10AssertionBuilder, org.apache.cxf.ws.rm.policy.RM12AssertionBuilder, org.apache.cxf.ws.rm.policy.WSRMP12PolicyLoader, org.apache.cxf.ws.rm.policy.MC11PolicyLoader, org.apache.cxf.ws.rm.policy.RSPPolicyLoader]
out 07, 2018 6:15:46 PM org.apache.cxf.bus.blueprint.NamespaceHandlerRegisterer register
INFO: Registered blueprint namespace handler for http://cxf.apache.org/ws/rm/manager
out 07, 2018 6:15:46 PM org.apache.cxf.bus.blueprint.NamespaceHandlerRegisterer register
INFO: Registered blueprint namespace handler for http://schemas.xmlsoap.org/ws/2005/02/rm/policy
out 07, 2018 6:15:46 PM org.apache.cxf.bus.osgi.CXFExtensionBundleListener addExtensions
INFO: Adding the extensions from bundle org.apache.cxf.cxf-rt-javascript (225) [org.apache.cxf.javascript.JavascriptServerListener]
out 07, 2018 6:15:46 PM org.pentaho.caching.impl.PentahoCacheManagerFactory$RegistrationHandler$1 onSuccess
INFO: New Caching Service registered
2018/10/07 18:15:48 - job_carga_caged - Start of job execution
2018/10/07 18:15:48 - job_carga_caged - Starting entry [ktr_carga_caged]
2018/10/07 18:15:48 - ktr_carga_caged - Loading transformation from XML file [/home/unb/MTB/ETL/ods/mtb/caged_dw/ktr_carga_caged.ktr]
out 07, 2018 6:15:49 PM org.apache.cxf.endpoint.ServerImpl initDestination
INFO: Setting the server's publish address to be /marketplace
2018/10/07 18:15:49 - ktr_carga_caged - Using run configuration [Pentaho local]
2018/10/07 18:15:49 - ktr_carga_caged - Using legacy execution engine
2018/10/07 18:15:49 - ktr_carga_caged - Dispatching started for transformation [ktr_carga_caged]
out 07, 2018 6:15:49 PM org.apache.cxf.endpoint.ServerImpl initDestination
INFO: Setting the server's publish address to be /lineage
2018/10/07 18:15:49 - Carrega tabela.0 - Connected to database [comexao_ods] (commit=100000000)
out 07, 2018 6:15:49 PM org.apache.cxf.endpoint.ServerImpl initDestination
INFO: Setting the server's publish address to be /i18n
SLF4J: Class path contains multiple SLF4J bindings.
SLF4J: Found binding in [jar:file:/opt/data-integration/launcher/../lib/slf4j-log4j12-1.7.7.jar!/org/slf4j/impl/StaticLoggerBinder.class]
SLF4J: Found binding in [jar:file:/opt/data-integration/plugins/pentaho-big-data-plugin/lib/slf4j-log4j12-1.7.7.jar!/org/slf4j/impl/StaticLoggerBinder.class]
SLF4J: See http://www.slf4j.org/codes.html#multiple_bindings for an explanation.
SLF4J: Actual binding is of type [org.slf4j.impl.Log4jLoggerFactory]
2018/10/07 18:15:49 - Le Arquivo.0 - Header row skipped in file '/mnt/unb/bases_mte/CAGED/CAGED_TRABALHADOR_AJUSTADO_012018.txt'
2018/10/07 18:15:50 - Le Arquivo.0 - Line number : 50000
2018/10/07 18:15:50 - Separa Ano e Mes.0 - Linenr 50000
2018/10/07 18:15:58 - Le Arquivo.0 - Line number : 100000
2018/10/07 18:16:02 - Separa Ano e Mes.0 - Linenr 100000
2018/10/07 18:16:05 - Select values.0 - linenr 50000
2018/10/07 18:16:09 - Carrega tabela.0 - linenr 50000
2018/10/07 18:16:17 - Le Arquivo.0 - Line number : 150000
2018/10/07 18:16:21 - Separa Ano e Mes.0 - Linenr 150000
2018/10/07 18:16:25 - Select values.0 - linenr 100000
2018/10/07 18:16:29 - Carrega tabela.0 - linenr 100000
2018/10/07 18:16:37 - Le Arquivo.0 - Line number : 200000
2018/10/07 18:16:41 - Separa Ano e Mes.0 - Linenr 200000
2018/10/07 18:16:44 - Select values.0 - linenr 150000
2018/10/07 18:16:48 - Carrega tabela.0 - linenr 150000
2018/10/07 18:16:56 - Le Arquivo.0 - Line number : 250000
2018/10/07 18:17:00 - Separa Ano e Mes.0 - Linenr 250000
2018/10/07 18:17:03 - Select values.0 - linenr 200000
2018/10/07 18:17:07 - Carrega tabela.0 - linenr 200000
2018/10/07 18:17:15 - Le Arquivo.0 - Line number : 300000
2018/10/07 18:17:19 - Separa Ano e Mes.0 - Linenr 300000
2018/10/07 18:17:23 - Select values.0 - linenr 250000
2018/10/07 18:17:26 - Carrega tabela.0 - linenr 250000
2018/10/07 18:17:34 - Le Arquivo.0 - Line number : 350000
2018/10/07 18:17:38 - Separa Ano e Mes.0 - Linenr 350000
2018/10/07 18:17:42 - Select values.0 - linenr 300000
2018/10/07 18:17:46 - Carrega tabela.0 - linenr 300000
2018/10/07 18:17:54 - Le Arquivo.0 - Line number : 400000
2018/10/07 18:17:57 - Separa Ano e Mes.0 - Linenr 400000
2018/10/07 18:18:01 - Select values.0 - linenr 350000
2018/10/07 18:18:05 - Carrega tabela.0 - linenr 350000
2018/10/07 18:18:13 - Le Arquivo.0 - Line number : 450000
2018/10/07 18:18:17 - Separa Ano e Mes.0 - Linenr 450000
2018/10/07 18:18:20 - Select values.0 - linenr 400000
2018/10/07 18:18:24 - Carrega tabela.0 - linenr 400000
2018/10/07 18:18:32 - Le Arquivo.0 - Line number : 500000
2018/10/07 18:18:36 - Separa Ano e Mes.0 - Linenr 500000
2018/10/07 18:18:39 - Select values.0 - linenr 450000
2018/10/07 18:18:43 - Carrega tabela.0 - linenr 450000
2018/10/07 18:18:51 - Le Arquivo.0 - Line number : 550000
2018/10/07 18:18:55 - Separa Ano e Mes.0 - Linenr 550000
2018/10/07 18:18:59 - Select values.0 - linenr 500000
2018/10/07 18:19:03 - Carrega tabela.0 - linenr 500000
2018/10/07 18:19:10 - Le Arquivo.0 - Line number : 600000
2018/10/07 18:19:14 - Separa Ano e Mes.0 - Linenr 600000
2018/10/07 18:19:18 - Select values.0 - linenr 550000
2018/10/07 18:19:22 - Carrega tabela.0 - linenr 550000
2018/10/07 18:19:30 - Le Arquivo.0 - Line number : 650000
2018/10/07 18:19:34 - Separa Ano e Mes.0 - Linenr 650000
2018/10/07 18:19:37 - Select values.0 - linenr 600000
2018/10/07 18:19:41 - Carrega tabela.0 - linenr 600000
2018/10/07 18:19:49 - Le Arquivo.0 - Line number : 700000
2018/10/07 18:19:53 - Separa Ano e Mes.0 - Linenr 700000
2018/10/07 18:19:57 - Select values.0 - linenr 650000
2018/10/07 18:20:01 - Carrega tabela.0 - linenr 650000
2018/10/07 18:20:09 - Le Arquivo.0 - Line number : 750000
2018/10/07 18:20:13 - Separa Ano e Mes.0 - Linenr 750000
2018/10/07 18:20:16 - Select values.0 - linenr 700000
2018/10/07 18:20:20 - Carrega tabela.0 - linenr 700000
2018/10/07 18:20:28 - Le Arquivo.0 - Line number : 800000
2018/10/07 18:20:32 - Separa Ano e Mes.0 - Linenr 800000
2018/10/07 18:20:36 - Select values.0 - linenr 750000
2018/10/07 18:20:40 - Carrega tabela.0 - linenr 750000
2018/10/07 18:20:48 - Le Arquivo.0 - Line number : 850000
2018/10/07 18:20:52 - Separa Ano e Mes.0 - Linenr 850000
2018/10/07 18:20:55 - Select values.0 - linenr 800000
2018/10/07 18:20:59 - Carrega tabela.0 - linenr 800000
2018/10/07 18:21:07 - Le Arquivo.0 - Line number : 900000
2018/10/07 18:21:11 - Separa Ano e Mes.0 - Linenr 900000
2018/10/07 18:21:15 - Select values.0 - linenr 850000
2018/10/07 18:21:18 - Carrega tabela.0 - linenr 850000
2018/10/07 18:21:26 - Le Arquivo.0 - Line number : 950000
2018/10/07 18:21:30 - Separa Ano e Mes.0 - Linenr 950000
2018/10/07 18:21:34 - Select values.0 - linenr 900000
2018/10/07 18:21:38 - Carrega tabela.0 - linenr 900000
2018/10/07 18:21:46 - Le Arquivo.0 - Line number : 1000000
2018/10/07 18:21:49 - Separa Ano e Mes.0 - Linenr 1000000
2018/10/07 18:21:53 - Select values.0 - linenr 950000
2018/10/07 18:21:57 - Carrega tabela.0 - linenr 950000
2018/10/07 18:22:05 - Le Arquivo.0 - Line number : 1050000
2018/10/07 18:22:09 - Separa Ano e Mes.0 - Linenr 1050000
2018/10/07 18:22:12 - Select values.0 - linenr 1000000
2018/10/07 18:22:16 - Carrega tabela.0 - linenr 1000000
2018/10/07 18:22:24 - Le Arquivo.0 - Line number : 1100000
2018/10/07 18:22:28 - Separa Ano e Mes.0 - Linenr 1100000
2018/10/07 18:22:32 - Select values.0 - linenr 1050000
2018/10/07 18:22:36 - Carrega tabela.0 - linenr 1050000
2018/10/07 18:22:44 - Le Arquivo.0 - Line number : 1150000
2018/10/07 18:22:48 - Separa Ano e Mes.0 - Linenr 1150000
2018/10/07 18:22:51 - Select values.0 - linenr 1100000
2018/10/07 18:22:55 - Carrega tabela.0 - linenr 1100000
2018/10/07 18:23:03 - Le Arquivo.0 - Line number : 1200000
2018/10/07 18:23:07 - Separa Ano e Mes.0 - Linenr 1200000
2018/10/07 18:23:11 - Select values.0 - linenr 1150000
2018/10/07 18:23:14 - Carrega tabela.0 - linenr 1150000
2018/10/07 18:23:22 - Le Arquivo.0 - Line number : 1250000
2018/10/07 18:23:26 - Separa Ano e Mes.0 - Linenr 1250000
2018/10/07 18:23:30 - Select values.0 - linenr 1200000
2018/10/07 18:23:34 - Carrega tabela.0 - linenr 1200000
2018/10/07 18:23:42 - Le Arquivo.0 - Line number : 1300000
2018/10/07 18:23:46 - Separa Ano e Mes.0 - Linenr 1300000
2018/10/07 18:23:49 - Select values.0 - linenr 1250000
2018/10/07 18:23:53 - Carrega tabela.0 - linenr 1250000
2018/10/07 18:24:01 - Le Arquivo.0 - Line number : 1350000
2018/10/07 18:24:05 - Separa Ano e Mes.0 - Linenr 1350000
2018/10/07 18:24:09 - Select values.0 - linenr 1300000
2018/10/07 18:24:13 - Carrega tabela.0 - linenr 1300000
2018/10/07 18:24:21 - Le Arquivo.0 - Line number : 1400000
2018/10/07 18:24:24 - Separa Ano e Mes.0 - Linenr 1400000
2018/10/07 18:24:28 - Select values.0 - linenr 1350000
2018/10/07 18:24:32 - Carrega tabela.0 - linenr 1350000
2018/10/07 18:24:40 - Le Arquivo.0 - Line number : 1450000
2018/10/07 18:24:44 - Separa Ano e Mes.0 - Linenr 1450000
2018/10/07 18:24:47 - Select values.0 - linenr 1400000
2018/10/07 18:24:51 - Carrega tabela.0 - linenr 1400000
2018/10/07 18:24:59 - Le Arquivo.0 - Line number : 1500000
2018/10/07 18:25:03 - Separa Ano e Mes.0 - Linenr 1500000
2018/10/07 18:25:06 - Select values.0 - linenr 1450000
2018/10/07 18:25:10 - Carrega tabela.0 - linenr 1450000
2018/10/07 18:25:18 - Le Arquivo.0 - Line number : 1550000
2018/10/07 18:25:22 - Separa Ano e Mes.0 - Linenr 1550000
2018/10/07 18:25:26 - Select values.0 - linenr 1500000
2018/10/07 18:25:30 - Carrega tabela.0 - linenr 1500000
2018/10/07 18:25:38 - Le Arquivo.0 - Line number : 1600000
2018/10/07 18:25:42 - Separa Ano e Mes.0 - Linenr 1600000
2018/10/07 18:25:45 - Select values.0 - linenr 1550000
2018/10/07 18:25:49 - Carrega tabela.0 - linenr 1550000
2018/10/07 18:25:57 - Le Arquivo.0 - Line number : 1650000
2018/10/07 18:26:01 - Separa Ano e Mes.0 - Linenr 1650000
2018/10/07 18:26:05 - Select values.0 - linenr 1600000
2018/10/07 18:26:09 - Carrega tabela.0 - linenr 1600000
2018/10/07 18:26:17 - Le Arquivo.0 - Line number : 1700000
2018/10/07 18:26:20 - Separa Ano e Mes.0 - Linenr 1700000
2018/10/07 18:26:24 - Select values.0 - linenr 1650000
2018/10/07 18:26:28 - Carrega tabela.0 - linenr 1650000
2018/10/07 18:26:36 - Le Arquivo.0 - Line number : 1750000
2018/10/07 18:26:40 - Separa Ano e Mes.0 - Linenr 1750000
2018/10/07 18:26:44 - Select values.0 - linenr 1700000
2018/10/07 18:26:47 - Carrega tabela.0 - linenr 1700000
2018/10/07 18:26:55 - Le Arquivo.0 - Line number : 1800000
2018/10/07 18:26:59 - Separa Ano e Mes.0 - Linenr 1800000
2018/10/07 18:27:03 - Select values.0 - linenr 1750000
2018/10/07 18:27:07 - Carrega tabela.0 - linenr 1750000
2018/10/07 18:27:15 - Le Arquivo.0 - Line number : 1850000
2018/10/07 18:27:19 - Separa Ano e Mes.0 - Linenr 1850000
2018/10/07 18:27:22 - Select values.0 - linenr 1800000
2018/10/07 18:27:26 - Carrega tabela.0 - linenr 1800000
2018/10/07 18:27:34 - Le Arquivo.0 - Line number : 1900000
2018/10/07 18:27:38 - Separa Ano e Mes.0 - Linenr 1900000
2018/10/07 18:27:41 - Select values.0 - linenr 1850000
2018/10/07 18:27:45 - Carrega tabela.0 - linenr 1850000
2018/10/07 18:27:53 - Le Arquivo.0 - Line number : 1950000
2018/10/07 18:27:57 - Separa Ano e Mes.0 - Linenr 1950000
2018/10/07 18:28:01 - Select values.0 - linenr 1900000
2018/10/07 18:28:05 - Carrega tabela.0 - linenr 1900000
2018/10/07 18:28:13 - Le Arquivo.0 - Line number : 2000000
2018/10/07 18:28:16 - Separa Ano e Mes.0 - Linenr 2000000
2018/10/07 18:28:20 - Select values.0 - linenr 1950000
2018/10/07 18:28:24 - Carrega tabela.0 - linenr 1950000
2018/10/07 18:28:32 - Le Arquivo.0 - Line number : 2050000
2018/10/07 18:28:36 - Separa Ano e Mes.0 - Linenr 2050000
2018/10/07 18:28:39 - Select values.0 - linenr 2000000
2018/10/07 18:28:43 - Carrega tabela.0 - linenr 2000000
2018/10/07 18:28:51 - Le Arquivo.0 - Line number : 2100000
2018/10/07 18:28:55 - Separa Ano e Mes.0 - Linenr 2100000
2018/10/07 18:28:59 - Select values.0 - linenr 2050000
2018/10/07 18:29:03 - Carrega tabela.0 - linenr 2050000
2018/10/07 18:29:11 - Le Arquivo.0 - Line number : 2150000
2018/10/07 18:29:14 - Separa Ano e Mes.0 - Linenr 2150000
2018/10/07 18:29:18 - Select values.0 - linenr 2100000
2018/10/07 18:29:22 - Carrega tabela.0 - linenr 2100000
2018/10/07 18:29:30 - Le Arquivo.0 - Line number : 2200000
2018/10/07 18:29:34 - Separa Ano e Mes.0 - Linenr 2200000
2018/10/07 18:29:37 - Select values.0 - linenr 2150000
2018/10/07 18:29:41 - Carrega tabela.0 - linenr 2150000
2018/10/07 18:29:49 - Le Arquivo.0 - Line number : 2250000
2018/10/07 18:29:53 - Separa Ano e Mes.0 - Linenr 2250000
2018/10/07 18:29:57 - Select values.0 - linenr 2200000
2018/10/07 18:30:01 - Carrega tabela.0 - linenr 2200000
2018/10/07 18:30:09 - Le Arquivo.0 - Line number : 2300000
2018/10/07 18:30:13 - Separa Ano e Mes.0 - Linenr 2300000
2018/10/07 18:30:16 - Select values.0 - linenr 2250000
2018/10/07 18:30:20 - Carrega tabela.0 - linenr 2250000
2018/10/07 18:30:28 - Le Arquivo.0 - Line number : 2350000
2018/10/07 18:30:32 - Separa Ano e Mes.0 - Linenr 2350000
2018/10/07 18:30:36 - Select values.0 - linenr 2300000
2018/10/07 18:30:40 - Carrega tabela.0 - linenr 2300000
2018/10/07 18:30:48 - Le Arquivo.0 - Line number : 2400000
2018/10/07 18:30:52 - Separa Ano e Mes.0 - Linenr 2400000
2018/10/07 18:30:55 - Select values.0 - linenr 2350000
2018/10/07 18:30:59 - Carrega tabela.0 - linenr 2350000
2018/10/07 18:31:07 - Le Arquivo.0 - Line number : 2450000
2018/10/07 18:31:11 - Separa Ano e Mes.0 - Linenr 2450000
2018/10/07 18:31:15 - Select values.0 - linenr 2400000
2018/10/07 18:31:19 - Carrega tabela.0 - linenr 2400000
2018/10/07 18:31:27 - Le Arquivo.0 - Line number : 2500000
2018/10/07 18:31:31 - Separa Ano e Mes.0 - Linenr 2500000
2018/10/07 18:31:34 - Select values.0 - linenr 2450000
2018/10/07 18:31:38 - Carrega tabela.0 - linenr 2450000
2018/10/07 18:31:46 - Le Arquivo.0 - Line number : 2550000
2018/10/07 18:31:50 - Separa Ano e Mes.0 - Linenr 2550000
2018/10/07 18:31:54 - Select values.0 - linenr 2500000
2018/10/07 18:31:57 - Carrega tabela.0 - linenr 2500000
2018/10/07 18:32:05 - Le Arquivo.0 - Line number : 2600000
2018/10/07 18:32:09 - Separa Ano e Mes.0 - Linenr 2600000
2018/10/07 18:32:13 - Select values.0 - linenr 2550000
2018/10/07 18:32:17 - Carrega tabela.0 - linenr 2550000
2018/10/07 18:32:25 - Le Arquivo.0 - Line number : 2650000
2018/10/07 18:32:28 - Separa Ano e Mes.0 - Linenr 2650000
2018/10/07 18:32:32 - Select values.0 - linenr 2600000
2018/10/07 18:32:36 - Carrega tabela.0 - linenr 2600000
2018/10/07 18:32:44 - Le Arquivo.0 - Line number : 2700000
2018/10/07 18:32:48 - Separa Ano e Mes.0 - Linenr 2700000
2018/10/07 18:32:51 - Select values.0 - linenr 2650000
2018/10/07 18:32:55 - Carrega tabela.0 - linenr 2650000
2018/10/07 18:33:03 - Le Arquivo.0 - Line number : 2750000
2018/10/07 18:33:07 - Separa Ano e Mes.0 - Linenr 2750000
2018/10/07 18:33:11 - Select values.0 - linenr 2700000
2018/10/07 18:33:14 - Carrega tabela.0 - linenr 2700000
2018/10/07 18:33:22 - Le Arquivo.0 - Line number : 2800000
2018/10/07 18:33:26 - Separa Ano e Mes.0 - Linenr 2800000
2018/10/07 18:33:30 - Select values.0 - linenr 2750000
2018/10/07 18:33:34 - Carrega tabela.0 - linenr 2750000
2018/10/07 18:33:42 - Le Arquivo.0 - Line number : 2850000
2018/10/07 18:33:46 - Separa Ano e Mes.0 - Linenr 2850000
2018/10/07 18:33:49 - Select values.0 - linenr 2800000
2018/10/07 18:33:53 - Carrega tabela.0 - linenr 2800000
2018/10/07 18:34:01 - Le Arquivo.0 - Line number : 2900000
2018/10/07 18:34:05 - Separa Ano e Mes.0 - Linenr 2900000
2018/10/07 18:34:09 - Select values.0 - linenr 2850000
2018/10/07 18:34:12 - Carrega tabela.0 - linenr 2850000
2018/10/07 18:34:20 - Le Arquivo.0 - Line number : 2950000
2018/10/07 18:34:24 - Separa Ano e Mes.0 - Linenr 2950000
2018/10/07 18:34:28 - Select values.0 - linenr 2900000
2018/10/07 18:34:32 - Carrega tabela.0 - linenr 2900000
2018/10/07 18:34:40 - Le Arquivo.0 - Line number : 3000000
2018/10/07 18:34:43 - Separa Ano e Mes.0 - Linenr 3000000
2018/10/07 18:34:47 - Select values.0 - linenr 2950000
2018/10/07 18:34:51 - Carrega tabela.0 - linenr 2950000
2018/10/07 18:34:59 - Le Arquivo.0 - Line number : 3050000
2018/10/07 18:35:03 - Separa Ano e Mes.0 - Linenr 3050000
2018/10/07 18:35:06 - Select values.0 - linenr 3000000
2018/10/07 18:35:10 - Carrega tabela.0 - linenr 3000000
2018/10/07 18:35:18 - Le Arquivo.0 - Line number : 3100000
2018/10/07 18:35:22 - Separa Ano e Mes.0 - Linenr 3100000
2018/10/07 18:35:26 - Select values.0 - linenr 3050000
2018/10/07 18:35:29 - Carrega tabela.0 - linenr 3050000
2018/10/07 18:35:38 - Le Arquivo.0 - Line number : 3150000
2018/10/07 18:35:41 - Separa Ano e Mes.0 - Linenr 3150000
2018/10/07 18:35:45 - Select values.0 - linenr 3100000
2018/10/07 18:35:49 - Carrega tabela.0 - linenr 3100000
2018/10/07 18:35:57 - Le Arquivo.0 - Line number : 3200000
2018/10/07 18:36:01 - Separa Ano e Mes.0 - Linenr 3200000
2018/10/07 18:36:05 - Select values.0 - linenr 3150000
2018/10/07 18:36:08 - Carrega tabela.0 - linenr 3150000
2018/10/07 18:36:16 - Le Arquivo.0 - Line number : 3250000
2018/10/07 18:36:20 - Separa Ano e Mes.0 - Linenr 3250000
2018/10/07 18:36:24 - Select values.0 - linenr 3200000
2018/10/07 18:36:28 - Carrega tabela.0 - linenr 3200000
2018/10/07 18:36:36 - Le Arquivo.0 - Line number : 3300000
2018/10/07 18:36:40 - Separa Ano e Mes.0 - Linenr 3300000
2018/10/07 18:36:43 - Select values.0 - linenr 3250000
2018/10/07 18:36:47 - Carrega tabela.0 - linenr 3250000
2018/10/07 18:36:55 - Le Arquivo.0 - Line number : 3350000
2018/10/07 18:36:59 - Separa Ano e Mes.0 - Linenr 3350000
2018/10/07 18:37:03 - Select values.0 - linenr 3300000
2018/10/07 18:37:06 - Carrega tabela.0 - linenr 3300000
2018/10/07 18:37:14 - Le Arquivo.0 - Line number : 3400000
2018/10/07 18:37:18 - Separa Ano e Mes.0 - Linenr 3400000
2018/10/07 18:37:22 - Select values.0 - linenr 3350000
2018/10/07 18:37:26 - Carrega tabela.0 - linenr 3350000
2018/10/07 18:37:34 - Le Arquivo.0 - Line number : 3450000
2018/10/07 18:37:38 - Separa Ano e Mes.0 - Linenr 3450000
2018/10/07 18:37:41 - Select values.0 - linenr 3400000
2018/10/07 18:37:45 - Carrega tabela.0 - linenr 3400000
2018/10/07 18:37:53 - Le Arquivo.0 - Line number : 3500000
2018/10/07 18:37:57 - Separa Ano e Mes.0 - Linenr 3500000
2018/10/07 18:38:00 - Select values.0 - linenr 3450000
2018/10/07 18:38:04 - Carrega tabela.0 - linenr 3450000
2018/10/07 18:38:12 - Le Arquivo.0 - Line number : 3550000
2018/10/07 18:38:16 - Separa Ano e Mes.0 - Linenr 3550000
2018/10/07 18:38:19 - Select values.0 - linenr 3500000
2018/10/07 18:38:23 - Carrega tabela.0 - linenr 3500000
2018/10/07 18:38:31 - Le Arquivo.0 - Line number : 3600000
2018/10/07 18:38:35 - Separa Ano e Mes.0 - Linenr 3600000
2018/10/07 18:38:39 - Select values.0 - linenr 3550000
2018/10/07 18:38:42 - Carrega tabela.0 - linenr 3550000
2018/10/07 18:38:50 - Le Arquivo.0 - Line number : 3650000
2018/10/07 18:38:54 - Separa Ano e Mes.0 - Linenr 3650000
2018/10/07 18:38:58 - Select values.0 - linenr 3600000
2018/10/07 18:39:01 - Carrega tabela.0 - linenr 3600000
2018/10/07 18:39:09 - Le Arquivo.0 - Line number : 3700000
2018/10/07 18:39:13 - Separa Ano e Mes.0 - Linenr 3700000
2018/10/07 18:39:17 - Select values.0 - linenr 3650000
2018/10/07 18:39:21 - Carrega tabela.0 - linenr 3650000
2018/10/07 18:39:29 - Le Arquivo.0 - Line number : 3750000
2018/10/07 18:39:33 - Separa Ano e Mes.0 - Linenr 3750000
2018/10/07 18:39:37 - Select values.0 - linenr 3700000
2018/10/07 18:39:41 - Carrega tabela.0 - linenr 3700000
2018/10/07 18:39:49 - Le Arquivo.0 - Line number : 3800000
2018/10/07 18:39:52 - Separa Ano e Mes.0 - Linenr 3800000
2018/10/07 18:39:56 - Select values.0 - linenr 3750000
2018/10/07 18:40:00 - Carrega tabela.0 - linenr 3750000
2018/10/07 18:40:08 - Le Arquivo.0 - Line number : 3850000
2018/10/07 18:40:12 - Separa Ano e Mes.0 - Linenr 3850000
2018/10/07 18:40:15 - Select values.0 - linenr 3800000
2018/10/07 18:40:19 - Carrega tabela.0 - linenr 3800000
2018/10/07 18:40:27 - Le Arquivo.0 - Line number : 3900000
2018/10/07 18:40:31 - Separa Ano e Mes.0 - Linenr 3900000
2018/10/07 18:40:35 - Select values.0 - linenr 3850000
2018/10/07 18:40:38 - Carrega tabela.0 - linenr 3850000
2018/10/07 18:40:47 - Le Arquivo.0 - Line number : 3950000
2018/10/07 18:40:51 - Separa Ano e Mes.0 - Linenr 3950000
2018/10/07 18:40:54 - Select values.0 - linenr 3900000
2018/10/07 18:40:58 - Carrega tabela.0 - linenr 3900000
2018/10/07 18:41:06 - Le Arquivo.0 - Line number : 4000000
2018/10/07 18:41:10 - Separa Ano e Mes.0 - Linenr 4000000
2018/10/07 18:41:14 - Select values.0 - linenr 3950000
2018/10/07 18:41:18 - Carrega tabela.0 - linenr 3950000
2018/10/07 18:41:26 - Le Arquivo.0 - Line number : 4050000
2018/10/07 18:41:30 - Separa Ano e Mes.0 - Linenr 4050000
2018/10/07 18:41:33 - Select values.0 - linenr 4000000
2018/10/07 18:41:37 - Carrega tabela.0 - linenr 4000000
2018/10/07 18:41:45 - Le Arquivo.0 - Line number : 4100000
2018/10/07 18:41:49 - Separa Ano e Mes.0 - Linenr 4100000
2018/10/07 18:41:53 - Select values.0 - linenr 4050000
2018/10/07 18:41:57 - Carrega tabela.0 - linenr 4050000
2018/10/07 18:42:05 - Le Arquivo.0 - Line number : 4150000
2018/10/07 18:42:09 - Separa Ano e Mes.0 - Linenr 4150000
2018/10/07 18:42:12 - Select values.0 - linenr 4100000
2018/10/07 18:42:16 - Carrega tabela.0 - linenr 4100000
2018/10/07 18:42:24 - Le Arquivo.0 - Line number : 4200000
2018/10/07 18:42:28 - Separa Ano e Mes.0 - Linenr 4200000
2018/10/07 18:42:32 - Select values.0 - linenr 4150000
2018/10/07 18:42:36 - Carrega tabela.0 - linenr 4150000
2018/10/07 18:42:44 - Le Arquivo.0 - Line number : 4250000
2018/10/07 18:42:48 - Separa Ano e Mes.0 - Linenr 4250000
2018/10/07 18:42:51 - Select values.0 - linenr 4200000
2018/10/07 18:42:55 - Carrega tabela.0 - linenr 4200000
2018/10/07 18:43:03 - Le Arquivo.0 - Line number : 4300000
2018/10/07 18:43:07 - Separa Ano e Mes.0 - Linenr 4300000
2018/10/07 18:43:11 - Select values.0 - linenr 4250000
2018/10/07 18:43:14 - Carrega tabela.0 - linenr 4250000
2018/10/07 18:43:22 - Le Arquivo.0 - Line number : 4350000
2018/10/07 18:43:26 - Separa Ano e Mes.0 - Linenr 4350000
2018/10/07 18:43:30 - Select values.0 - linenr 4300000
2018/10/07 18:43:34 - Carrega tabela.0 - linenr 4300000
2018/10/07 18:43:42 - Le Arquivo.0 - Line number : 4400000
2018/10/07 18:43:46 - Separa Ano e Mes.0 - Linenr 4400000
2018/10/07 18:43:49 - Select values.0 - linenr 4350000
2018/10/07 18:43:53 - Carrega tabela.0 - linenr 4350000
2018/10/07 18:44:01 - Le Arquivo.0 - Line number : 4450000
2018/10/07 18:44:05 - Separa Ano e Mes.0 - Linenr 4450000
2018/10/07 18:44:09 - Select values.0 - linenr 4400000
2018/10/07 18:44:13 - Carrega tabela.0 - linenr 4400000
2018/10/07 18:44:21 - Le Arquivo.0 - Line number : 4500000
2018/10/07 18:44:25 - Separa Ano e Mes.0 - Linenr 4500000
2018/10/07 18:44:28 - Select values.0 - linenr 4450000
2018/10/07 18:44:32 - Carrega tabela.0 - linenr 4450000
2018/10/07 18:44:40 - Le Arquivo.0 - Line number : 4550000
2018/10/07 18:44:44 - Separa Ano e Mes.0 - Linenr 4550000
2018/10/07 18:44:48 - Select values.0 - linenr 4500000
2018/10/07 18:44:51 - Carrega tabela.0 - linenr 4500000
2018/10/07 18:45:00 - Le Arquivo.0 - Line number : 4600000
2018/10/07 18:45:03 - Separa Ano e Mes.0 - Linenr 4600000
2018/10/07 18:45:07 - Select values.0 - linenr 4550000
2018/10/07 18:45:11 - Carrega tabela.0 - linenr 4550000
2018/10/07 18:45:19 - Le Arquivo.0 - Line number : 4650000
2018/10/07 18:45:23 - Separa Ano e Mes.0 - Linenr 4650000
2018/10/07 18:45:27 - Select values.0 - linenr 4600000
2018/10/07 18:45:30 - Carrega tabela.0 - linenr 4600000
2018/10/07 18:45:38 - Le Arquivo.0 - Line number : 4700000
2018/10/07 18:45:42 - Separa Ano e Mes.0 - Linenr 4700000
2018/10/07 18:45:46 - Select values.0 - linenr 4650000
2018/10/07 18:45:50 - Carrega tabela.0 - linenr 4650000
2018/10/07 18:45:58 - Le Arquivo.0 - Line number : 4750000
2018/10/07 18:46:02 - Separa Ano e Mes.0 - Linenr 4750000
2018/10/07 18:46:05 - Select values.0 - linenr 4700000
2018/10/07 18:46:09 - Carrega tabela.0 - linenr 4700000
2018/10/07 18:46:17 - Le Arquivo.0 - Line number : 4800000
2018/10/07 18:46:21 - Separa Ano e Mes.0 - Linenr 4800000
2018/10/07 18:46:25 - Select values.0 - linenr 4750000
2018/10/07 18:46:29 - Carrega tabela.0 - linenr 4750000
2018/10/07 18:46:37 - Le Arquivo.0 - Line number : 4850000
2018/10/07 18:46:41 - Separa Ano e Mes.0 - Linenr 4850000
2018/10/07 18:46:44 - Select values.0 - linenr 4800000
2018/10/07 18:46:48 - Carrega tabela.0 - linenr 4800000
2018/10/07 18:46:56 - Le Arquivo.0 - Line number : 4900000
2018/10/07 18:47:00 - Separa Ano e Mes.0 - Linenr 4900000
2018/10/07 18:47:04 - Select values.0 - linenr 4850000
2018/10/07 18:47:07 - Carrega tabela.0 - linenr 4850000
2018/10/07 18:47:15 - Le Arquivo.0 - Line number : 4950000
2018/10/07 18:47:19 - Separa Ano e Mes.0 - Linenr 4950000
2018/10/07 18:47:23 - Select values.0 - linenr 4900000
2018/10/07 18:47:27 - Carrega tabela.0 - linenr 4900000
2018/10/07 18:47:35 - Le Arquivo.0 - Line number : 5000000
2018/10/07 18:47:39 - Separa Ano e Mes.0 - Linenr 5000000
2018/10/07 18:47:42 - Select values.0 - linenr 4950000
2018/10/07 18:47:46 - Carrega tabela.0 - linenr 4950000
2018/10/07 18:47:54 - Le Arquivo.0 - Line number : 5050000
2018/10/07 18:47:58 - Separa Ano e Mes.0 - Linenr 5050000
2018/10/07 18:48:02 - Select values.0 - linenr 5000000
2018/10/07 18:48:05 - Carrega tabela.0 - linenr 5000000
2018/10/07 18:48:13 - Le Arquivo.0 - Line number : 5100000
2018/10/07 18:48:17 - Separa Ano e Mes.0 - Linenr 5100000
2018/10/07 18:48:21 - Select values.0 - linenr 5050000
2018/10/07 18:48:24 - Carrega tabela.0 - linenr 5050000
2018/10/07 18:48:32 - Le Arquivo.0 - Line number : 5150000
2018/10/07 18:48:36 - Separa Ano e Mes.0 - Linenr 5150000
2018/10/07 18:48:40 - Select values.0 - linenr 5100000
2018/10/07 18:48:44 - Carrega tabela.0 - linenr 5100000
2018/10/07 18:48:52 - Le Arquivo.0 - Line number : 5200000
2018/10/07 18:48:56 - Separa Ano e Mes.0 - Linenr 5200000
2018/10/07 18:48:59 - Select values.0 - linenr 5150000
2018/10/07 18:49:03 - Carrega tabela.0 - linenr 5150000
2018/10/07 18:49:11 - Le Arquivo.0 - Line number : 5250000
2018/10/07 18:49:15 - Separa Ano e Mes.0 - Linenr 5250000
2018/10/07 18:49:19 - Select values.0 - linenr 5200000
2018/10/07 18:49:23 - Carrega tabela.0 - linenr 5200000
2018/10/07 18:49:31 - Le Arquivo.0 - Line number : 5300000
2018/10/07 18:49:34 - Separa Ano e Mes.0 - Linenr 5300000
2018/10/07 18:49:38 - Select values.0 - linenr 5250000
2018/10/07 18:49:42 - Carrega tabela.0 - linenr 5250000
2018/10/07 18:49:50 - Le Arquivo.0 - Line number : 5350000
2018/10/07 18:49:54 - Separa Ano e Mes.0 - Linenr 5350000
2018/10/07 18:49:57 - Select values.0 - linenr 5300000
2018/10/07 18:50:01 - Carrega tabela.0 - linenr 5300000
2018/10/07 18:50:09 - Le Arquivo.0 - Line number : 5400000
2018/10/07 18:50:13 - Separa Ano e Mes.0 - Linenr 5400000
2018/10/07 18:50:17 - Select values.0 - linenr 5350000
2018/10/07 18:50:21 - Carrega tabela.0 - linenr 5350000
2018/10/07 18:50:29 - Le Arquivo.0 - Line number : 5450000
2018/10/07 18:50:33 - Separa Ano e Mes.0 - Linenr 5450000
2018/10/07 18:50:36 - Select values.0 - linenr 5400000
2018/10/07 18:50:40 - Carrega tabela.0 - linenr 5400000
2018/10/07 18:50:48 - Le Arquivo.0 - Line number : 5500000
2018/10/07 18:50:52 - Separa Ano e Mes.0 - Linenr 5500000
2018/10/07 18:50:56 - Select values.0 - linenr 5450000
2018/10/07 18:51:00 - Carrega tabela.0 - linenr 5450000
2018/10/07 18:51:08 - Le Arquivo.0 - Line number : 5550000
2018/10/07 18:51:12 - Separa Ano e Mes.0 - Linenr 5550000
2018/10/07 18:51:15 - Select values.0 - linenr 5500000
2018/10/07 18:51:19 - Carrega tabela.0 - linenr 5500000
2018/10/07 18:51:27 - Le Arquivo.0 - Line number : 5600000
2018/10/07 18:51:31 - Separa Ano e Mes.0 - Linenr 5600000
2018/10/07 18:51:35 - Select values.0 - linenr 5550000
2018/10/07 18:51:38 - Carrega tabela.0 - linenr 5550000
2018/10/07 18:51:46 - Le Arquivo.0 - Line number : 5650000
2018/10/07 18:51:50 - Separa Ano e Mes.0 - Linenr 5650000
2018/10/07 18:51:54 - Select values.0 - linenr 5600000
2018/10/07 18:51:58 - Carrega tabela.0 - linenr 5600000
2018/10/07 18:52:06 - Le Arquivo.0 - Line number : 5700000
2018/10/07 18:52:10 - Separa Ano e Mes.0 - Linenr 5700000
2018/10/07 18:52:13 - Select values.0 - linenr 5650000
2018/10/07 18:52:17 - Carrega tabela.0 - linenr 5650000
2018/10/07 18:52:25 - Le Arquivo.0 - Line number : 5750000
2018/10/07 18:52:29 - Separa Ano e Mes.0 - Linenr 5750000
2018/10/07 18:52:32 - Select values.0 - linenr 5700000
2018/10/07 18:52:36 - Carrega tabela.0 - linenr 5700000
2018/10/07 18:52:44 - Le Arquivo.0 - Line number : 5800000
2018/10/07 18:52:48 - Separa Ano e Mes.0 - Linenr 5800000
2018/10/07 18:52:52 - Select values.0 - linenr 5750000
2018/10/07 18:52:55 - Carrega tabela.0 - linenr 5750000
2018/10/07 18:53:03 - Le Arquivo.0 - Line number : 5850000
2018/10/07 18:53:07 - Separa Ano e Mes.0 - Linenr 5850000
2018/10/07 18:53:11 - Select values.0 - linenr 5800000
2018/10/07 18:53:14 - Carrega tabela.0 - linenr 5800000
2018/10/07 18:53:22 - Le Arquivo.0 - Line number : 5900000
2018/10/07 18:53:26 - Separa Ano e Mes.0 - Linenr 5900000
2018/10/07 18:53:30 - Select values.0 - linenr 5850000
2018/10/07 18:53:34 - Carrega tabela.0 - linenr 5850000
2018/10/07 18:53:42 - Le Arquivo.0 - Line number : 5950000
2018/10/07 18:53:45 - Separa Ano e Mes.0 - Linenr 5950000
2018/10/07 18:53:49 - Select values.0 - linenr 5900000
2018/10/07 18:53:53 - Carrega tabela.0 - linenr 5900000
2018/10/07 18:54:01 - Le Arquivo.0 - Line number : 6000000
2018/10/07 18:54:05 - Separa Ano e Mes.0 - Linenr 6000000
2018/10/07 18:54:08 - Select values.0 - linenr 5950000
2018/10/07 18:54:09 - Le Arquivo.0 - Finished processing (I=6021988, O=0, R=0, W=6021987, U=0, E=0)
2018/10/07 18:54:12 - Carrega tabela.0 - linenr 5950000
2018/10/07 18:54:13 - Separa Ano e Mes.0 - Finished processing (I=0, O=0, R=6021987, W=6021987, U=0, E=0)
2018/10/07 18:54:17 - Corrige sal_mensal_declarado.0 - Finished processing (I=0, O=0, R=6021987, W=6021987, U=0, E=0)
2018/10/07 18:54:21 - Corrige CBO.0 - Finished processing (I=0, O=0, R=6021987, W=6021987, U=0, E=0)
2018/10/07 18:54:25 - corige_dia_mov.0 - Finished processing (I=0, O=0, R=6021987, W=6021987, U=0, E=0)
2018/10/07 18:54:28 - Select values.0 - linenr 6000000
2018/10/07 18:54:29 - Corrige CNAE1.0 - Finished processing (I=0, O=0, R=6021987, W=6021987, U=0, E=0)
2018/10/07 18:54:32 - Carrega tabela.0 - linenr 6000000
2018/10/07 18:54:32 - Corrige grau instrucao.0 - Finished processing (I=0, O=0, R=6021987, W=6021987, U=0, E=0)
2018/10/07 18:54:36 - Select values.0 - Finished processing (I=0, O=0, R=6021987, W=6021987, U=0, E=0)
2018/10/07 18:54:40 - Carrega tabela.0 - Finished processing (I=0, O=6021987, R=6021987, W=6021987, U=0, E=0)
2018/10/07 18:54:40 - job_carga_caged - Starting entry [Success]
2018/10/07 18:54:40 - job_carga_caged - Finished job entry [Success] (result=[true])
2018/10/07 18:54:40 - job_carga_caged - Finished job entry [ktr_carga_caged] (result=[true])
2018/10/07 18:54:40 - job_carga_caged - Job execution finished
2018/10/07 18:54:40 - Kitchen - Finished!
2018/10/07 18:54:40 - Kitchen - Start=2018/10/07 18:15:43.075, Stop=2018/10/07 18:54:40.100
2018/10/07 18:54:40 - Kitchen - Processing ended after 38 minutes and 57 seconds (2337 seconds total).
