#######################################################################
WARNING:  no libwebkitgtk-1.0 detected, some features will be unavailable
    Consider installing the package with apt-get or yum.
    e.g. 'sudo apt-get install libwebkitgtk-1.0-0'
#######################################################################
OpenJDK 64-Bit Server VM warning: ignoring option MaxPermSize=4G; support was removed in 8.0
16:36:32,040 INFO  [KarafBoot] Checking to see if org.pentaho.clean.karaf.cache is enabled
16:36:32,144 INFO  [KarafInstance] 
*******************************************************************************
*** Karaf Instance Number: 2 at /opt/data-integration/./system/karaf/caches ***
***   /kitchen/data-1                                                       ***
*** FastBin Provider Port:52902                                             ***
*** Karaf Port:8803                                                         ***
*** OSGI Service Port:9052                                                  ***
*******************************************************************************
out 07, 2018 4:36:32 PM org.apache.karaf.main.Main$KarafLockCallback lockAquired
INFO: Lock acquired. Setting startlevel to 100
2018/10/07 16:36:33 - Kitchen - Start of run.
2018-10-07 16:36:35.523:INFO:oejs.Server:jetty-8.1.15.v20140411
2018-10-07 16:36:35.551:INFO:oejs.AbstractConnector:Started NIOSocketConnectorWrapper@0.0.0.0:9052
out 07, 2018 4:36:36 PM org.apache.cxf.bus.blueprint.NamespaceHandlerRegisterer register
INFO: Registered blueprint namespace handler for http://cxf.apache.org/blueprint/core
out 07, 2018 4:36:36 PM org.apache.cxf.bus.blueprint.NamespaceHandlerRegisterer register
INFO: Registered blueprint namespace handler for http://cxf.apache.org/configuration/beans
out 07, 2018 4:36:36 PM org.apache.cxf.bus.blueprint.NamespaceHandlerRegisterer register
INFO: Registered blueprint namespace handler for http://cxf.apache.org/configuration/parameterized-types
out 07, 2018 4:36:36 PM org.apache.cxf.bus.blueprint.NamespaceHandlerRegisterer register
INFO: Registered blueprint namespace handler for http://cxf.apache.org/configuration/security
out 07, 2018 4:36:36 PM org.apache.cxf.bus.blueprint.NamespaceHandlerRegisterer register
INFO: Registered blueprint namespace handler for http://schemas.xmlsoap.org/wsdl/
out 07, 2018 4:36:36 PM org.apache.cxf.bus.blueprint.NamespaceHandlerRegisterer register
INFO: Registered blueprint namespace handler for http://www.w3.org/2005/08/addressing
out 07, 2018 4:36:36 PM org.apache.cxf.bus.blueprint.NamespaceHandlerRegisterer register
INFO: Registered blueprint namespace handler for http://schemas.xmlsoap.org/ws/2004/08/addressing
out 07, 2018 4:36:36 PM org.apache.cxf.bus.osgi.CXFExtensionBundleListener addExtensions
INFO: Adding the extensions from bundle org.apache.cxf.cxf-rt-management (152) [org.apache.cxf.management.InstrumentationManager]
out 07, 2018 4:36:36 PM org.apache.cxf.bus.osgi.CXFExtensionBundleListener addExtensions
INFO: Adding the extensions from bundle org.apache.cxf.cxf-rt-transports-http (156) [org.apache.cxf.transport.http.HTTPTransportFactory, org.apache.cxf.transport.http.HTTPWSDLExtensionLoader, org.apache.cxf.transport.http.policy.HTTPClientAssertionBuilder, org.apache.cxf.transport.http.policy.HTTPServerAssertionBuilder, org.apache.cxf.transport.http.policy.NoOpPolicyInterceptorProvider]
out 07, 2018 4:36:36 PM org.apache.cxf.bus.osgi.CXFExtensionBundleListener addExtensions
INFO: Adding the extensions from bundle org.apache.cxf.cxf-rt-wsdl (189) [org.apache.cxf.wsdl.WSDLManager]
out 07, 2018 4:36:36 PM org.apache.cxf.bus.osgi.CXFExtensionBundleListener addExtensions
INFO: Adding the extensions from bundle org.apache.cxf.cxf-rt-ws-policy (203) [org.apache.cxf.ws.policy.PolicyEngine, org.apache.cxf.policy.PolicyDataEngine, org.apache.cxf.ws.policy.AssertionBuilderRegistry, org.apache.cxf.ws.policy.PolicyInterceptorProviderRegistry, org.apache.cxf.ws.policy.PolicyBuilder, org.apache.cxf.ws.policy.PolicyAnnotationListener, org.apache.cxf.ws.policy.attachment.ServiceModelPolicyProvider, org.apache.cxf.ws.policy.attachment.external.DomainExpressionBuilderRegistry, org.apache.cxf.ws.policy.attachment.external.EndpointReferenceDomainExpressionBuilder, org.apache.cxf.ws.policy.attachment.external.URIDomainExpressionBuilder, org.apache.cxf.ws.policy.attachment.wsdl11.Wsdl11AttachmentPolicyProvider, org.apache.cxf.ws.policy.mtom.MTOMAssertionBuilder, org.apache.cxf.ws.policy.mtom.MTOMPolicyInterceptorProvider]
out 07, 2018 4:36:36 PM org.apache.cxf.bus.blueprint.NamespaceHandlerRegisterer register
INFO: Registered blueprint namespace handler for http://cxf.apache.org/transports/http/configuration
out 07, 2018 4:36:36 PM org.apache.cxf.bus.osgi.CXFExtensionBundleListener addExtensions
INFO: Adding the extensions from bundle org.apache.cxf.cxf-rt-bindings-soap (192) [org.apache.cxf.binding.soap.SoapBindingFactory, org.apache.cxf.binding.soap.SoapTransportFactory]
out 07, 2018 4:36:36 PM org.apache.cxf.bus.blueprint.NamespaceHandlerRegisterer register
INFO: Registered blueprint namespace handler for http://cxf.apache.org/blueprint/jaxrs
out 07, 2018 4:36:36 PM org.apache.cxf.bus.blueprint.NamespaceHandlerRegisterer register
INFO: Registered blueprint namespace handler for http://cxf.apache.org/blueprint/jaxrs-client
out 07, 2018 4:36:36 PM org.apache.cxf.bus.osgi.CXFExtensionBundleListener addExtensions
INFO: Adding the extensions from bundle org.apache.cxf.cxf-rt-bindings-xml (191) [org.apache.cxf.binding.xml.XMLBindingFactory, org.apache.cxf.binding.xml.wsdl11.XMLWSDLExtensionLoader]
out 07, 2018 4:36:36 PM org.apache.cxf.bus.blueprint.NamespaceHandlerRegisterer register
INFO: Registered blueprint namespace handler for http://cxf.apache.org/blueprint/bindings/soap
out 07, 2018 4:36:36 PM org.apache.cxf.bus.blueprint.NamespaceHandlerRegisterer register
INFO: Registered blueprint namespace handler for http://cxf.apache.org/blueprint/simple
out 07, 2018 4:36:36 PM org.apache.cxf.bus.osgi.CXFExtensionBundleListener addExtensions
INFO: Adding the extensions from bundle org.apache.cxf.cxf-rt-frontend-jaxws (194) [org.apache.cxf.jaxws.context.WebServiceContextResourceResolver]
out 07, 2018 4:36:36 PM org.apache.cxf.bus.blueprint.NamespaceHandlerRegisterer register
INFO: Registered blueprint namespace handler for http://cxf.apache.org/blueprint/jaxws
out 07, 2018 4:36:36 PM org.apache.cxf.bus.blueprint.NamespaceHandlerRegisterer register
INFO: Registered blueprint namespace handler for http://cxf.apache.org/binding/coloc
out 07, 2018 4:36:36 PM org.apache.cxf.bus.osgi.CXFExtensionBundleListener addExtensions
INFO: Adding the extensions from bundle org.apache.cxf.cxf-rt-transports-local (199) [org.apache.cxf.transport.local.LocalTransportFactory]
out 07, 2018 4:36:36 PM org.apache.cxf.bus.osgi.CXFExtensionBundleListener addExtensions
INFO: Adding the extensions from bundle org.apache.cxf.cxf-rt-bindings-object (200) [org.apache.cxf.binding.object.ObjectBindingFactory]
out 07, 2018 4:36:36 PM org.apache.cxf.bus.blueprint.NamespaceHandlerRegisterer register
INFO: Registered blueprint namespace handler for http://cxf.apache.org/blueprint/binding/object
out 07, 2018 4:36:36 PM org.apache.cxf.bus.blueprint.NamespaceHandlerRegisterer register
INFO: Registered blueprint namespace handler for http://cxf.apache.org/policy
out 07, 2018 4:36:36 PM org.apache.cxf.bus.blueprint.NamespaceHandlerRegisterer register
INFO: Registered blueprint namespace handler for http://www.w3.org/ns/ws-policy
out 07, 2018 4:36:36 PM org.apache.cxf.bus.blueprint.NamespaceHandlerRegisterer register
INFO: Registered blueprint namespace handler for http://www.w3.org/2006/07/ws-policy
out 07, 2018 4:36:36 PM org.apache.cxf.bus.blueprint.NamespaceHandlerRegisterer register
INFO: Registered blueprint namespace handler for http://schemas.xmlsoap.org/ws/2004/09/policy
out 07, 2018 4:36:36 PM org.apache.cxf.bus.blueprint.NamespaceHandlerRegisterer register
INFO: Registered blueprint namespace handler for http://docs.oasis-open.org/wss/2004/01/oasis-200401-wss-wssecurity-secext-1.0.xsd
out 07, 2018 4:36:36 PM org.apache.cxf.bus.blueprint.NamespaceHandlerRegisterer register
INFO: Registered blueprint namespace handler for http://docs.oasis-open.org/wss/2004/01/oasis-200401-wss-wssecurity-utility-1.0.xsd
out 07, 2018 4:36:36 PM org.apache.cxf.bus.blueprint.NamespaceHandlerRegisterer register
INFO: Registered blueprint namespace handler for http://www.w3.org/2000/09/xmldsig#
out 07, 2018 4:36:36 PM org.apache.cxf.bus.blueprint.NamespaceHandlerRegisterer register
INFO: Registered blueprint namespace handler for http://docs.oasis-open.org/ws-sx/ws-securitypolicy/200702
out 07, 2018 4:36:36 PM org.apache.cxf.bus.osgi.CXFExtensionBundleListener addExtensions
INFO: Adding the extensions from bundle org.apache.cxf.cxf-rt-ws-addr (220) [org.apache.cxf.ws.addressing.policy.AddressingAssertionBuilder, org.apache.cxf.ws.addressing.policy.UsingAddressingAssertionBuilder, org.apache.cxf.ws.addressing.policy.AddressingPolicyInterceptorProvider, org.apache.cxf.ws.addressing.impl.AddressingWSDLExtensionLoader, org.apache.cxf.ws.addressing.WSAddressingFeature$WSAddressingFeatureApplier, org.apache.cxf.ws.addressing.MAPAggregator$MAPAggregatorLoader]
out 07, 2018 4:36:36 PM org.apache.cxf.bus.blueprint.NamespaceHandlerRegisterer register
INFO: Registered blueprint namespace handler for http://cxf.apache.org/ws/addressing
out 07, 2018 4:36:36 PM org.apache.cxf.bus.osgi.CXFExtensionBundleListener addExtensions
INFO: Adding the extensions from bundle org.apache.cxf.cxf-rt-ws-security (222) [org.apache.cxf.ws.security.policy.WSSecurityPolicyLoader, org.apache.cxf.ws.security.cache.CacheCleanupListener]
out 07, 2018 4:36:36 PM org.apache.cxf.bus.osgi.CXFExtensionBundleListener addExtensions
INFO: Adding the extensions from bundle org.apache.cxf.cxf-rt-ws-rm (224) [org.apache.cxf.ws.rm.RMManager, org.apache.cxf.ws.rm.policy.RMPolicyInterceptorProvider, org.apache.cxf.ws.rm.policy.RM10AssertionBuilder, org.apache.cxf.ws.rm.policy.RM12AssertionBuilder, org.apache.cxf.ws.rm.policy.WSRMP12PolicyLoader, org.apache.cxf.ws.rm.policy.MC11PolicyLoader, org.apache.cxf.ws.rm.policy.RSPPolicyLoader]
out 07, 2018 4:36:36 PM org.apache.cxf.bus.blueprint.NamespaceHandlerRegisterer register
INFO: Registered blueprint namespace handler for http://cxf.apache.org/ws/rm/manager
out 07, 2018 4:36:36 PM org.apache.cxf.bus.blueprint.NamespaceHandlerRegisterer register
INFO: Registered blueprint namespace handler for http://schemas.xmlsoap.org/ws/2005/02/rm/policy
out 07, 2018 4:36:36 PM org.apache.cxf.bus.osgi.CXFExtensionBundleListener addExtensions
INFO: Adding the extensions from bundle org.apache.cxf.cxf-rt-javascript (225) [org.apache.cxf.javascript.JavascriptServerListener]
out 07, 2018 4:36:36 PM org.pentaho.caching.impl.PentahoCacheManagerFactory$RegistrationHandler$1 onSuccess
INFO: New Caching Service registered
2018/10/07 16:36:38 - job_carga_caged - Start of job execution
2018/10/07 16:36:38 - job_carga_caged - Starting entry [ktr_carga_caged]
2018/10/07 16:36:38 - ktr_carga_caged - Loading transformation from XML file [/home/unb/MTB/ETL/ods/mtb/caged_dw/ktr_carga_caged.ktr]
out 07, 2018 4:36:38 PM org.apache.cxf.endpoint.ServerImpl initDestination
INFO: Setting the server's publish address to be /marketplace
2018/10/07 16:36:39 - ktr_carga_caged - Using run configuration [Pentaho local]
2018/10/07 16:36:39 - ktr_carga_caged - Using legacy execution engine
2018/10/07 16:36:39 - ktr_carga_caged - Dispatching started for transformation [ktr_carga_caged]
out 07, 2018 4:36:39 PM org.apache.cxf.endpoint.ServerImpl initDestination
INFO: Setting the server's publish address to be /lineage
2018/10/07 16:36:39 - Carrega tabela.0 - Connected to database [comexao_ods] (commit=100000000)
out 07, 2018 4:36:39 PM org.apache.cxf.endpoint.ServerImpl initDestination
INFO: Setting the server's publish address to be /i18n
SLF4J: Class path contains multiple SLF4J bindings.
SLF4J: Found binding in [jar:file:/opt/data-integration/launcher/../lib/slf4j-log4j12-1.7.7.jar!/org/slf4j/impl/StaticLoggerBinder.class]
SLF4J: Found binding in [jar:file:/opt/data-integration/plugins/pentaho-big-data-plugin/lib/slf4j-log4j12-1.7.7.jar!/org/slf4j/impl/StaticLoggerBinder.class]
SLF4J: See http://www.slf4j.org/codes.html#multiple_bindings for an explanation.
SLF4J: Actual binding is of type [org.slf4j.impl.Log4jLoggerFactory]
2018/10/07 16:36:39 - Le Arquivo.0 - Header row skipped in file '/mnt/unb/bases_mte/CAGED/CAGED_TRABALHADOR_AJUSTADO_102017.txt'
2018/10/07 16:36:40 - Le Arquivo.0 - Line number : 50000
2018/10/07 16:36:40 - Separa Ano e Mes.0 - Linenr 50000
2018/10/07 16:36:48 - Le Arquivo.0 - Line number : 100000
2018/10/07 16:36:52 - Separa Ano e Mes.0 - Linenr 100000
2018/10/07 16:36:55 - Select values.0 - linenr 50000
2018/10/07 16:36:59 - Carrega tabela.0 - linenr 50000
2018/10/07 16:37:07 - Le Arquivo.0 - Line number : 150000
2018/10/07 16:37:11 - Separa Ano e Mes.0 - Linenr 150000
2018/10/07 16:37:15 - Select values.0 - linenr 100000
2018/10/07 16:37:19 - Carrega tabela.0 - linenr 100000
2018/10/07 16:37:27 - Le Arquivo.0 - Line number : 200000
2018/10/07 16:37:30 - Separa Ano e Mes.0 - Linenr 200000
2018/10/07 16:37:34 - Select values.0 - linenr 150000
2018/10/07 16:37:38 - Carrega tabela.0 - linenr 150000
2018/10/07 16:37:46 - Le Arquivo.0 - Line number : 250000
2018/10/07 16:37:50 - Separa Ano e Mes.0 - Linenr 250000
2018/10/07 16:37:54 - Select values.0 - linenr 200000
2018/10/07 16:37:58 - Carrega tabela.0 - linenr 200000
2018/10/07 16:38:06 - Le Arquivo.0 - Line number : 300000
2018/10/07 16:38:10 - Separa Ano e Mes.0 - Linenr 300000
2018/10/07 16:38:13 - Select values.0 - linenr 250000
2018/10/07 16:38:17 - Carrega tabela.0 - linenr 250000
2018/10/07 16:38:25 - Le Arquivo.0 - Line number : 350000
2018/10/07 16:38:29 - Separa Ano e Mes.0 - Linenr 350000
2018/10/07 16:38:33 - Select values.0 - linenr 300000
2018/10/07 16:38:37 - Carrega tabela.0 - linenr 300000
2018/10/07 16:38:45 - Le Arquivo.0 - Line number : 400000
2018/10/07 16:38:49 - Separa Ano e Mes.0 - Linenr 400000
2018/10/07 16:38:52 - Select values.0 - linenr 350000
2018/10/07 16:38:56 - Carrega tabela.0 - linenr 350000
2018/10/07 16:39:04 - Le Arquivo.0 - Line number : 450000
2018/10/07 16:39:08 - Separa Ano e Mes.0 - Linenr 450000
2018/10/07 16:39:12 - Select values.0 - linenr 400000
2018/10/07 16:39:15 - Carrega tabela.0 - linenr 400000
2018/10/07 16:39:23 - Le Arquivo.0 - Line number : 500000
2018/10/07 16:39:27 - Separa Ano e Mes.0 - Linenr 500000
2018/10/07 16:39:31 - Select values.0 - linenr 450000
2018/10/07 16:39:35 - Carrega tabela.0 - linenr 450000
2018/10/07 16:39:43 - Le Arquivo.0 - Line number : 550000
2018/10/07 16:39:47 - Separa Ano e Mes.0 - Linenr 550000
2018/10/07 16:39:50 - Select values.0 - linenr 500000
2018/10/07 16:39:54 - Carrega tabela.0 - linenr 500000
2018/10/07 16:40:02 - Le Arquivo.0 - Line number : 600000
2018/10/07 16:40:06 - Separa Ano e Mes.0 - Linenr 600000
2018/10/07 16:40:10 - Select values.0 - linenr 550000
2018/10/07 16:40:14 - Carrega tabela.0 - linenr 550000
2018/10/07 16:40:22 - Le Arquivo.0 - Line number : 650000
2018/10/07 16:40:26 - Separa Ano e Mes.0 - Linenr 650000
2018/10/07 16:40:29 - Select values.0 - linenr 600000
2018/10/07 16:40:33 - Carrega tabela.0 - linenr 600000
2018/10/07 16:40:41 - Le Arquivo.0 - Line number : 700000
2018/10/07 16:40:45 - Separa Ano e Mes.0 - Linenr 700000
2018/10/07 16:40:49 - Select values.0 - linenr 650000
2018/10/07 16:40:53 - Carrega tabela.0 - linenr 650000
2018/10/07 16:41:01 - Le Arquivo.0 - Line number : 750000
2018/10/07 16:41:05 - Separa Ano e Mes.0 - Linenr 750000
2018/10/07 16:41:08 - Select values.0 - linenr 700000
2018/10/07 16:41:13 - Carrega tabela.0 - linenr 700000
2018/10/07 16:41:21 - Le Arquivo.0 - Line number : 800000
2018/10/07 16:41:25 - Separa Ano e Mes.0 - Linenr 800000
2018/10/07 16:41:28 - Select values.0 - linenr 750000
2018/10/07 16:41:32 - Carrega tabela.0 - linenr 750000
2018/10/07 16:41:40 - Le Arquivo.0 - Line number : 850000
2018/10/07 16:41:44 - Separa Ano e Mes.0 - Linenr 850000
2018/10/07 16:41:48 - Select values.0 - linenr 800000
2018/10/07 16:41:52 - Carrega tabela.0 - linenr 800000
2018/10/07 16:42:00 - Le Arquivo.0 - Line number : 900000
2018/10/07 16:42:04 - Separa Ano e Mes.0 - Linenr 900000
2018/10/07 16:42:07 - Select values.0 - linenr 850000
2018/10/07 16:42:11 - Carrega tabela.0 - linenr 850000
2018/10/07 16:42:19 - Le Arquivo.0 - Line number : 950000
2018/10/07 16:42:23 - Separa Ano e Mes.0 - Linenr 950000
2018/10/07 16:42:27 - Select values.0 - linenr 900000
2018/10/07 16:42:30 - Carrega tabela.0 - linenr 900000
2018/10/07 16:42:38 - Le Arquivo.0 - Line number : 1000000
2018/10/07 16:42:42 - Separa Ano e Mes.0 - Linenr 1000000
2018/10/07 16:42:46 - Select values.0 - linenr 950000
2018/10/07 16:42:50 - Carrega tabela.0 - linenr 950000
2018/10/07 16:42:58 - Le Arquivo.0 - Line number : 1050000
2018/10/07 16:43:01 - Separa Ano e Mes.0 - Linenr 1050000
2018/10/07 16:43:05 - Select values.0 - linenr 1000000
2018/10/07 16:43:09 - Carrega tabela.0 - linenr 1000000
2018/10/07 16:43:17 - Le Arquivo.0 - Line number : 1100000
2018/10/07 16:43:21 - Separa Ano e Mes.0 - Linenr 1100000
2018/10/07 16:43:24 - Select values.0 - linenr 1050000
2018/10/07 16:43:28 - Carrega tabela.0 - linenr 1050000
2018/10/07 16:43:36 - Le Arquivo.0 - Line number : 1150000
2018/10/07 16:43:40 - Separa Ano e Mes.0 - Linenr 1150000
2018/10/07 16:43:44 - Select values.0 - linenr 1100000
2018/10/07 16:43:48 - Carrega tabela.0 - linenr 1100000
2018/10/07 16:43:56 - Le Arquivo.0 - Line number : 1200000
2018/10/07 16:44:00 - Separa Ano e Mes.0 - Linenr 1200000
2018/10/07 16:44:03 - Select values.0 - linenr 1150000
2018/10/07 16:44:07 - Carrega tabela.0 - linenr 1150000
2018/10/07 16:44:15 - Le Arquivo.0 - Line number : 1250000
2018/10/07 16:44:19 - Separa Ano e Mes.0 - Linenr 1250000
2018/10/07 16:44:23 - Select values.0 - linenr 1200000
2018/10/07 16:44:27 - Carrega tabela.0 - linenr 1200000
2018/10/07 16:44:35 - Le Arquivo.0 - Line number : 1300000
2018/10/07 16:44:38 - Separa Ano e Mes.0 - Linenr 1300000
2018/10/07 16:44:42 - Select values.0 - linenr 1250000
2018/10/07 16:44:46 - Carrega tabela.0 - linenr 1250000
2018/10/07 16:44:54 - Le Arquivo.0 - Line number : 1350000
2018/10/07 16:44:58 - Separa Ano e Mes.0 - Linenr 1350000
2018/10/07 16:45:02 - Select values.0 - linenr 1300000
2018/10/07 16:45:05 - Carrega tabela.0 - linenr 1300000
2018/10/07 16:45:13 - Le Arquivo.0 - Line number : 1400000
2018/10/07 16:45:17 - Separa Ano e Mes.0 - Linenr 1400000
2018/10/07 16:45:21 - Select values.0 - linenr 1350000
2018/10/07 16:45:25 - Carrega tabela.0 - linenr 1350000
2018/10/07 16:45:33 - Le Arquivo.0 - Line number : 1450000
2018/10/07 16:45:37 - Separa Ano e Mes.0 - Linenr 1450000
2018/10/07 16:45:41 - Select values.0 - linenr 1400000
2018/10/07 16:45:45 - Carrega tabela.0 - linenr 1400000
2018/10/07 16:45:53 - Le Arquivo.0 - Line number : 1500000
2018/10/07 16:45:57 - Separa Ano e Mes.0 - Linenr 1500000
2018/10/07 16:46:00 - Select values.0 - linenr 1450000
2018/10/07 16:46:04 - Carrega tabela.0 - linenr 1450000
2018/10/07 16:46:12 - Le Arquivo.0 - Line number : 1550000
2018/10/07 16:46:16 - Separa Ano e Mes.0 - Linenr 1550000
2018/10/07 16:46:20 - Select values.0 - linenr 1500000
2018/10/07 16:46:24 - Carrega tabela.0 - linenr 1500000
2018/10/07 16:46:32 - Le Arquivo.0 - Line number : 1600000
2018/10/07 16:46:36 - Separa Ano e Mes.0 - Linenr 1600000
2018/10/07 16:46:39 - Select values.0 - linenr 1550000
2018/10/07 16:46:43 - Carrega tabela.0 - linenr 1550000
2018/10/07 16:46:51 - Le Arquivo.0 - Line number : 1650000
2018/10/07 16:46:55 - Separa Ano e Mes.0 - Linenr 1650000
2018/10/07 16:46:59 - Select values.0 - linenr 1600000
2018/10/07 16:47:03 - Carrega tabela.0 - linenr 1600000
2018/10/07 16:47:11 - Le Arquivo.0 - Line number : 1700000
2018/10/07 16:47:15 - Separa Ano e Mes.0 - Linenr 1700000
2018/10/07 16:47:19 - Select values.0 - linenr 1650000
2018/10/07 16:47:22 - Carrega tabela.0 - linenr 1650000
2018/10/07 16:47:30 - Le Arquivo.0 - Line number : 1750000
2018/10/07 16:47:34 - Separa Ano e Mes.0 - Linenr 1750000
2018/10/07 16:47:38 - Select values.0 - linenr 1700000
2018/10/07 16:47:42 - Carrega tabela.0 - linenr 1700000
2018/10/07 16:47:50 - Le Arquivo.0 - Line number : 1800000
2018/10/07 16:47:54 - Separa Ano e Mes.0 - Linenr 1800000
2018/10/07 16:47:57 - Select values.0 - linenr 1750000
2018/10/07 16:48:01 - Carrega tabela.0 - linenr 1750000
2018/10/07 16:48:09 - Le Arquivo.0 - Line number : 1850000
2018/10/07 16:48:13 - Separa Ano e Mes.0 - Linenr 1850000
2018/10/07 16:48:16 - Select values.0 - linenr 1800000
2018/10/07 16:48:20 - Carrega tabela.0 - linenr 1800000
2018/10/07 16:48:28 - Le Arquivo.0 - Line number : 1900000
2018/10/07 16:48:32 - Separa Ano e Mes.0 - Linenr 1900000
2018/10/07 16:48:36 - Select values.0 - linenr 1850000
2018/10/07 16:48:39 - Carrega tabela.0 - linenr 1850000
2018/10/07 16:48:48 - Le Arquivo.0 - Line number : 1950000
2018/10/07 16:48:51 - Separa Ano e Mes.0 - Linenr 1950000
2018/10/07 16:48:55 - Select values.0 - linenr 1900000
2018/10/07 16:48:59 - Carrega tabela.0 - linenr 1900000
2018/10/07 16:49:07 - Le Arquivo.0 - Line number : 2000000
2018/10/07 16:49:11 - Separa Ano e Mes.0 - Linenr 2000000
2018/10/07 16:49:14 - Select values.0 - linenr 1950000
2018/10/07 16:49:18 - Carrega tabela.0 - linenr 1950000
2018/10/07 16:49:26 - Le Arquivo.0 - Line number : 2050000
2018/10/07 16:49:30 - Separa Ano e Mes.0 - Linenr 2050000
2018/10/07 16:49:34 - Select values.0 - linenr 2000000
2018/10/07 16:49:38 - Carrega tabela.0 - linenr 2000000
2018/10/07 16:49:46 - Le Arquivo.0 - Line number : 2100000
2018/10/07 16:49:50 - Separa Ano e Mes.0 - Linenr 2100000
2018/10/07 16:49:53 - Select values.0 - linenr 2050000
2018/10/07 16:49:57 - Carrega tabela.0 - linenr 2050000
2018/10/07 16:50:05 - Le Arquivo.0 - Line number : 2150000
2018/10/07 16:50:09 - Separa Ano e Mes.0 - Linenr 2150000
2018/10/07 16:50:13 - Select values.0 - linenr 2100000
2018/10/07 16:50:17 - Carrega tabela.0 - linenr 2100000
2018/10/07 16:50:25 - Le Arquivo.0 - Line number : 2200000
2018/10/07 16:50:29 - Separa Ano e Mes.0 - Linenr 2200000
2018/10/07 16:50:33 - Select values.0 - linenr 2150000
2018/10/07 16:50:37 - Carrega tabela.0 - linenr 2150000
2018/10/07 16:50:45 - Le Arquivo.0 - Line number : 2250000
2018/10/07 16:50:49 - Separa Ano e Mes.0 - Linenr 2250000
2018/10/07 16:50:52 - Select values.0 - linenr 2200000
2018/10/07 16:50:56 - Carrega tabela.0 - linenr 2200000
2018/10/07 16:51:04 - Le Arquivo.0 - Line number : 2300000
2018/10/07 16:51:08 - Separa Ano e Mes.0 - Linenr 2300000
2018/10/07 16:51:11 - Select values.0 - linenr 2250000
2018/10/07 16:51:15 - Carrega tabela.0 - linenr 2250000
2018/10/07 16:51:23 - Le Arquivo.0 - Line number : 2350000
2018/10/07 16:51:27 - Separa Ano e Mes.0 - Linenr 2350000
2018/10/07 16:51:31 - Select values.0 - linenr 2300000
2018/10/07 16:51:34 - Carrega tabela.0 - linenr 2300000
2018/10/07 16:51:42 - Le Arquivo.0 - Line number : 2400000
2018/10/07 16:51:46 - Separa Ano e Mes.0 - Linenr 2400000
2018/10/07 16:51:50 - Select values.0 - linenr 2350000
2018/10/07 16:51:54 - Carrega tabela.0 - linenr 2350000
2018/10/07 16:52:02 - Le Arquivo.0 - Line number : 2450000
2018/10/07 16:52:06 - Separa Ano e Mes.0 - Linenr 2450000
2018/10/07 16:52:09 - Select values.0 - linenr 2400000
2018/10/07 16:52:13 - Carrega tabela.0 - linenr 2400000
2018/10/07 16:52:21 - Le Arquivo.0 - Line number : 2500000
2018/10/07 16:52:25 - Separa Ano e Mes.0 - Linenr 2500000
2018/10/07 16:52:29 - Select values.0 - linenr 2450000
2018/10/07 16:52:32 - Carrega tabela.0 - linenr 2450000
2018/10/07 16:52:41 - Le Arquivo.0 - Line number : 2550000
2018/10/07 16:52:45 - Separa Ano e Mes.0 - Linenr 2550000
2018/10/07 16:52:48 - Select values.0 - linenr 2500000
2018/10/07 16:52:52 - Carrega tabela.0 - linenr 2500000
2018/10/07 16:53:00 - Le Arquivo.0 - Line number : 2600000
2018/10/07 16:53:04 - Separa Ano e Mes.0 - Linenr 2600000
2018/10/07 16:53:08 - Select values.0 - linenr 2550000
2018/10/07 16:53:12 - Carrega tabela.0 - linenr 2550000
2018/10/07 16:53:20 - Le Arquivo.0 - Line number : 2650000
2018/10/07 16:53:24 - Separa Ano e Mes.0 - Linenr 2650000
2018/10/07 16:53:27 - Select values.0 - linenr 2600000
2018/10/07 16:53:31 - Carrega tabela.0 - linenr 2600000
2018/10/07 16:53:39 - Le Arquivo.0 - Line number : 2700000
2018/10/07 16:53:43 - Separa Ano e Mes.0 - Linenr 2700000
2018/10/07 16:53:47 - Select values.0 - linenr 2650000
2018/10/07 16:53:51 - Carrega tabela.0 - linenr 2650000
2018/10/07 16:53:59 - Le Arquivo.0 - Line number : 2750000
2018/10/07 16:54:03 - Separa Ano e Mes.0 - Linenr 2750000
2018/10/07 16:54:07 - Select values.0 - linenr 2700000
2018/10/07 16:54:11 - Carrega tabela.0 - linenr 2700000
2018/10/07 16:54:19 - Le Arquivo.0 - Line number : 2800000
2018/10/07 16:54:23 - Separa Ano e Mes.0 - Linenr 2800000
2018/10/07 16:54:27 - Select values.0 - linenr 2750000
2018/10/07 16:54:30 - Carrega tabela.0 - linenr 2750000
2018/10/07 16:54:38 - Le Arquivo.0 - Line number : 2850000
2018/10/07 16:54:42 - Separa Ano e Mes.0 - Linenr 2850000
2018/10/07 16:54:46 - Select values.0 - linenr 2800000
2018/10/07 16:54:50 - Carrega tabela.0 - linenr 2800000
2018/10/07 16:54:58 - Le Arquivo.0 - Line number : 2900000
2018/10/07 16:55:02 - Separa Ano e Mes.0 - Linenr 2900000
2018/10/07 16:55:05 - Select values.0 - linenr 2850000
2018/10/07 16:55:09 - Carrega tabela.0 - linenr 2850000
2018/10/07 16:55:17 - Le Arquivo.0 - Line number : 2950000
2018/10/07 16:55:21 - Separa Ano e Mes.0 - Linenr 2950000
2018/10/07 16:55:25 - Select values.0 - linenr 2900000
2018/10/07 16:55:29 - Carrega tabela.0 - linenr 2900000
2018/10/07 16:55:37 - Le Arquivo.0 - Line number : 3000000
2018/10/07 16:55:41 - Separa Ano e Mes.0 - Linenr 3000000
2018/10/07 16:55:45 - Select values.0 - linenr 2950000
2018/10/07 16:55:48 - Carrega tabela.0 - linenr 2950000
2018/10/07 16:55:56 - Le Arquivo.0 - Line number : 3050000
2018/10/07 16:56:00 - Separa Ano e Mes.0 - Linenr 3050000
2018/10/07 16:56:04 - Select values.0 - linenr 3000000
2018/10/07 16:56:08 - Carrega tabela.0 - linenr 3000000
2018/10/07 16:56:16 - Le Arquivo.0 - Line number : 3100000
2018/10/07 16:56:20 - Separa Ano e Mes.0 - Linenr 3100000
2018/10/07 16:56:23 - Select values.0 - linenr 3050000
2018/10/07 16:56:27 - Carrega tabela.0 - linenr 3050000
2018/10/07 16:56:35 - Le Arquivo.0 - Line number : 3150000
2018/10/07 16:56:39 - Separa Ano e Mes.0 - Linenr 3150000
2018/10/07 16:56:43 - Select values.0 - linenr 3100000
2018/10/07 16:56:47 - Carrega tabela.0 - linenr 3100000
2018/10/07 16:56:55 - Le Arquivo.0 - Line number : 3200000
2018/10/07 16:56:59 - Separa Ano e Mes.0 - Linenr 3200000
2018/10/07 16:57:03 - Select values.0 - linenr 3150000
2018/10/07 16:57:06 - Carrega tabela.0 - linenr 3150000
2018/10/07 16:57:14 - Le Arquivo.0 - Line number : 3250000
2018/10/07 16:57:18 - Separa Ano e Mes.0 - Linenr 3250000
2018/10/07 16:57:22 - Select values.0 - linenr 3200000
2018/10/07 16:57:26 - Carrega tabela.0 - linenr 3200000
2018/10/07 16:57:34 - Le Arquivo.0 - Line number : 3300000
2018/10/07 16:57:38 - Separa Ano e Mes.0 - Linenr 3300000
2018/10/07 16:57:41 - Select values.0 - linenr 3250000
2018/10/07 16:57:45 - Carrega tabela.0 - linenr 3250000
2018/10/07 16:57:54 - Le Arquivo.0 - Line number : 3350000
2018/10/07 16:57:58 - Separa Ano e Mes.0 - Linenr 3350000
2018/10/07 16:58:01 - Select values.0 - linenr 3300000
2018/10/07 16:58:05 - Carrega tabela.0 - linenr 3300000
2018/10/07 16:58:13 - Le Arquivo.0 - Line number : 3400000
2018/10/07 16:58:17 - Separa Ano e Mes.0 - Linenr 3400000
2018/10/07 16:58:21 - Select values.0 - linenr 3350000
2018/10/07 16:58:25 - Carrega tabela.0 - linenr 3350000
2018/10/07 16:58:33 - Le Arquivo.0 - Line number : 3450000
2018/10/07 16:58:37 - Separa Ano e Mes.0 - Linenr 3450000
2018/10/07 16:58:40 - Select values.0 - linenr 3400000
2018/10/07 16:58:44 - Carrega tabela.0 - linenr 3400000
2018/10/07 16:58:52 - Le Arquivo.0 - Line number : 3500000
2018/10/07 16:58:56 - Separa Ano e Mes.0 - Linenr 3500000
2018/10/07 16:59:00 - Select values.0 - linenr 3450000
2018/10/07 16:59:04 - Carrega tabela.0 - linenr 3450000
2018/10/07 16:59:12 - Le Arquivo.0 - Line number : 3550000
2018/10/07 16:59:16 - Separa Ano e Mes.0 - Linenr 3550000
2018/10/07 16:59:19 - Select values.0 - linenr 3500000
2018/10/07 16:59:23 - Carrega tabela.0 - linenr 3500000
2018/10/07 16:59:31 - Le Arquivo.0 - Line number : 3600000
2018/10/07 16:59:35 - Separa Ano e Mes.0 - Linenr 3600000
2018/10/07 16:59:39 - Select values.0 - linenr 3550000
2018/10/07 16:59:43 - Carrega tabela.0 - linenr 3550000
2018/10/07 16:59:51 - Le Arquivo.0 - Line number : 3650000
2018/10/07 16:59:55 - Separa Ano e Mes.0 - Linenr 3650000
2018/10/07 16:59:59 - Select values.0 - linenr 3600000
2018/10/07 17:00:03 - Carrega tabela.0 - linenr 3600000
2018/10/07 17:00:11 - Le Arquivo.0 - Line number : 3700000
2018/10/07 17:00:15 - Separa Ano e Mes.0 - Linenr 3700000
2018/10/07 17:00:19 - Select values.0 - linenr 3650000
2018/10/07 17:00:22 - Carrega tabela.0 - linenr 3650000
2018/10/07 17:00:31 - Le Arquivo.0 - Line number : 3750000
2018/10/07 17:00:35 - Separa Ano e Mes.0 - Linenr 3750000
2018/10/07 17:00:38 - Select values.0 - linenr 3700000
2018/10/07 17:00:42 - Carrega tabela.0 - linenr 3700000
2018/10/07 17:00:50 - Le Arquivo.0 - Line number : 3800000
2018/10/07 17:00:54 - Separa Ano e Mes.0 - Linenr 3800000
2018/10/07 17:00:58 - Select values.0 - linenr 3750000
2018/10/07 17:01:02 - Carrega tabela.0 - linenr 3750000
2018/10/07 17:01:10 - Le Arquivo.0 - Line number : 3850000
2018/10/07 17:01:14 - Separa Ano e Mes.0 - Linenr 3850000
2018/10/07 17:01:18 - Select values.0 - linenr 3800000
2018/10/07 17:01:21 - Carrega tabela.0 - linenr 3800000
2018/10/07 17:01:30 - Le Arquivo.0 - Line number : 3900000
2018/10/07 17:01:33 - Separa Ano e Mes.0 - Linenr 3900000
2018/10/07 17:01:37 - Select values.0 - linenr 3850000
2018/10/07 17:01:41 - Carrega tabela.0 - linenr 3850000
2018/10/07 17:01:49 - Le Arquivo.0 - Line number : 3950000
2018/10/07 17:01:53 - Separa Ano e Mes.0 - Linenr 3950000
2018/10/07 17:01:56 - Select values.0 - linenr 3900000
2018/10/07 17:02:00 - Carrega tabela.0 - linenr 3900000
2018/10/07 17:02:08 - Le Arquivo.0 - Line number : 4000000
2018/10/07 17:02:12 - Separa Ano e Mes.0 - Linenr 4000000
2018/10/07 17:02:16 - Select values.0 - linenr 3950000
2018/10/07 17:02:20 - Carrega tabela.0 - linenr 3950000
2018/10/07 17:02:28 - Le Arquivo.0 - Line number : 4050000
2018/10/07 17:02:32 - Separa Ano e Mes.0 - Linenr 4050000
2018/10/07 17:02:35 - Select values.0 - linenr 4000000
2018/10/07 17:02:39 - Carrega tabela.0 - linenr 4000000
2018/10/07 17:02:48 - Le Arquivo.0 - Line number : 4100000
2018/10/07 17:02:51 - Separa Ano e Mes.0 - Linenr 4100000
2018/10/07 17:02:55 - Select values.0 - linenr 4050000
2018/10/07 17:02:59 - Carrega tabela.0 - linenr 4050000
2018/10/07 17:03:07 - Le Arquivo.0 - Line number : 4150000
2018/10/07 17:03:11 - Separa Ano e Mes.0 - Linenr 4150000
2018/10/07 17:03:14 - Select values.0 - linenr 4100000
2018/10/07 17:03:18 - Carrega tabela.0 - linenr 4100000
2018/10/07 17:03:26 - Le Arquivo.0 - Line number : 4200000
2018/10/07 17:03:30 - Separa Ano e Mes.0 - Linenr 4200000
2018/10/07 17:03:34 - Select values.0 - linenr 4150000
2018/10/07 17:03:37 - Carrega tabela.0 - linenr 4150000
2018/10/07 17:03:46 - Le Arquivo.0 - Line number : 4250000
2018/10/07 17:03:49 - Separa Ano e Mes.0 - Linenr 4250000
2018/10/07 17:03:53 - Select values.0 - linenr 4200000
2018/10/07 17:03:57 - Carrega tabela.0 - linenr 4200000
2018/10/07 17:04:05 - Le Arquivo.0 - Line number : 4300000
2018/10/07 17:04:09 - Separa Ano e Mes.0 - Linenr 4300000
2018/10/07 17:04:12 - Select values.0 - linenr 4250000
2018/10/07 17:04:16 - Carrega tabela.0 - linenr 4250000
2018/10/07 17:04:24 - Le Arquivo.0 - Line number : 4350000
2018/10/07 17:04:28 - Separa Ano e Mes.0 - Linenr 4350000
2018/10/07 17:04:32 - Select values.0 - linenr 4300000
2018/10/07 17:04:36 - Carrega tabela.0 - linenr 4300000
2018/10/07 17:04:44 - Le Arquivo.0 - Line number : 4400000
2018/10/07 17:04:48 - Separa Ano e Mes.0 - Linenr 4400000
2018/10/07 17:04:51 - Select values.0 - linenr 4350000
2018/10/07 17:04:55 - Carrega tabela.0 - linenr 4350000
2018/10/07 17:05:03 - Le Arquivo.0 - Line number : 4450000
2018/10/07 17:05:07 - Separa Ano e Mes.0 - Linenr 4450000
2018/10/07 17:05:11 - Select values.0 - linenr 4400000
2018/10/07 17:05:15 - Carrega tabela.0 - linenr 4400000
2018/10/07 17:05:23 - Le Arquivo.0 - Line number : 4500000
2018/10/07 17:05:27 - Separa Ano e Mes.0 - Linenr 4500000
2018/10/07 17:05:31 - Select values.0 - linenr 4450000
2018/10/07 17:05:34 - Carrega tabela.0 - linenr 4450000
2018/10/07 17:05:43 - Le Arquivo.0 - Line number : 4550000
2018/10/07 17:05:46 - Separa Ano e Mes.0 - Linenr 4550000
2018/10/07 17:05:50 - Select values.0 - linenr 4500000
2018/10/07 17:05:54 - Carrega tabela.0 - linenr 4500000
2018/10/07 17:06:02 - Le Arquivo.0 - Line number : 4600000
2018/10/07 17:06:06 - Separa Ano e Mes.0 - Linenr 4600000
2018/10/07 17:06:09 - Select values.0 - linenr 4550000
2018/10/07 17:06:13 - Carrega tabela.0 - linenr 4550000
2018/10/07 17:06:21 - Le Arquivo.0 - Line number : 4650000
2018/10/07 17:06:25 - Separa Ano e Mes.0 - Linenr 4650000
2018/10/07 17:06:29 - Select values.0 - linenr 4600000
2018/10/07 17:06:33 - Carrega tabela.0 - linenr 4600000
2018/10/07 17:06:41 - Le Arquivo.0 - Line number : 4700000
2018/10/07 17:06:45 - Separa Ano e Mes.0 - Linenr 4700000
2018/10/07 17:06:48 - Select values.0 - linenr 4650000
2018/10/07 17:06:52 - Carrega tabela.0 - linenr 4650000
2018/10/07 17:07:00 - Le Arquivo.0 - Line number : 4750000
2018/10/07 17:07:04 - Separa Ano e Mes.0 - Linenr 4750000
2018/10/07 17:07:08 - Select values.0 - linenr 4700000
2018/10/07 17:07:12 - Carrega tabela.0 - linenr 4700000
2018/10/07 17:07:20 - Le Arquivo.0 - Line number : 4800000
2018/10/07 17:07:23 - Separa Ano e Mes.0 - Linenr 4800000
2018/10/07 17:07:27 - Select values.0 - linenr 4750000
2018/10/07 17:07:31 - Carrega tabela.0 - linenr 4750000
2018/10/07 17:07:39 - Le Arquivo.0 - Line number : 4850000
2018/10/07 17:07:43 - Separa Ano e Mes.0 - Linenr 4850000
2018/10/07 17:07:47 - Select values.0 - linenr 4800000
2018/10/07 17:07:50 - Carrega tabela.0 - linenr 4800000
2018/10/07 17:07:59 - Le Arquivo.0 - Line number : 4900000
2018/10/07 17:08:02 - Separa Ano e Mes.0 - Linenr 4900000
2018/10/07 17:08:06 - Select values.0 - linenr 4850000
2018/10/07 17:08:10 - Carrega tabela.0 - linenr 4850000
2018/10/07 17:08:18 - Le Arquivo.0 - Line number : 4950000
2018/10/07 17:08:22 - Separa Ano e Mes.0 - Linenr 4950000
2018/10/07 17:08:25 - Select values.0 - linenr 4900000
2018/10/07 17:08:29 - Carrega tabela.0 - linenr 4900000
2018/10/07 17:08:37 - Le Arquivo.0 - Line number : 5000000
2018/10/07 17:08:41 - Separa Ano e Mes.0 - Linenr 5000000
2018/10/07 17:08:45 - Select values.0 - linenr 4950000
2018/10/07 17:08:49 - Carrega tabela.0 - linenr 4950000
2018/10/07 17:08:57 - Le Arquivo.0 - Line number : 5050000
2018/10/07 17:09:01 - Separa Ano e Mes.0 - Linenr 5050000
2018/10/07 17:09:05 - Select values.0 - linenr 5000000
2018/10/07 17:09:09 - Carrega tabela.0 - linenr 5000000
2018/10/07 17:09:17 - Le Arquivo.0 - Line number : 5100000
2018/10/07 17:09:21 - Separa Ano e Mes.0 - Linenr 5100000
2018/10/07 17:09:24 - Select values.0 - linenr 5050000
2018/10/07 17:09:28 - Carrega tabela.0 - linenr 5050000
2018/10/07 17:09:36 - Le Arquivo.0 - Line number : 5150000
2018/10/07 17:09:40 - Separa Ano e Mes.0 - Linenr 5150000
2018/10/07 17:09:44 - Select values.0 - linenr 5100000
2018/10/07 17:09:48 - Carrega tabela.0 - linenr 5100000
2018/10/07 17:09:56 - Le Arquivo.0 - Line number : 5200000
2018/10/07 17:10:00 - Separa Ano e Mes.0 - Linenr 5200000
2018/10/07 17:10:03 - Select values.0 - linenr 5150000
2018/10/07 17:10:07 - Carrega tabela.0 - linenr 5150000
2018/10/07 17:10:15 - Le Arquivo.0 - Line number : 5250000
2018/10/07 17:10:19 - Separa Ano e Mes.0 - Linenr 5250000
2018/10/07 17:10:23 - Select values.0 - linenr 5200000
2018/10/07 17:10:27 - Carrega tabela.0 - linenr 5200000
2018/10/07 17:10:35 - Le Arquivo.0 - Line number : 5300000
2018/10/07 17:10:35 - Le Arquivo.0 - Finished processing (I=5300624, O=0, R=0, W=5300623, U=0, E=0)
2018/10/07 17:10:39 - Separa Ano e Mes.0 - Linenr 5300000
2018/10/07 17:10:39 - Separa Ano e Mes.0 - Finished processing (I=0, O=0, R=5300623, W=5300623, U=0, E=0)
2018/10/07 17:10:42 - Select values.0 - linenr 5250000
2018/10/07 17:10:43 - Corrige sal_mensal_declarado.0 - Finished processing (I=0, O=0, R=5300623, W=5300623, U=0, E=0)
2018/10/07 17:10:46 - Carrega tabela.0 - linenr 5250000
2018/10/07 17:10:46 - Corrige CBO.0 - Finished processing (I=0, O=0, R=5300623, W=5300623, U=0, E=0)
2018/10/07 17:10:50 - corige_dia_mov.0 - Finished processing (I=0, O=0, R=5300623, W=5300623, U=0, E=0)
2018/10/07 17:10:54 - Corrige CNAE1.0 - Finished processing (I=0, O=0, R=5300623, W=5300623, U=0, E=0)
2018/10/07 17:10:58 - Corrige grau instrucao.0 - Finished processing (I=0, O=0, R=5300623, W=5300623, U=0, E=0)
2018/10/07 17:11:01 - Select values.0 - linenr 5300000
2018/10/07 17:11:01 - Select values.0 - Finished processing (I=0, O=0, R=5300623, W=5300623, U=0, E=0)
2018/10/07 17:11:05 - Carrega tabela.0 - linenr 5300000
2018/10/07 17:11:05 - Carrega tabela.0 - Finished processing (I=0, O=5300623, R=5300623, W=5300623, U=0, E=0)
2018/10/07 17:11:05 - job_carga_caged - Starting entry [Success]
2018/10/07 17:11:05 - job_carga_caged - Finished job entry [Success] (result=[true])
2018/10/07 17:11:05 - job_carga_caged - Finished job entry [ktr_carga_caged] (result=[true])
2018/10/07 17:11:05 - job_carga_caged - Job execution finished
2018/10/07 17:11:05 - Kitchen - Finished!
2018/10/07 17:11:05 - Kitchen - Start=2018/10/07 16:36:33.104, Stop=2018/10/07 17:11:05.417
2018/10/07 17:11:05 - Kitchen - Processing ended after 34 minutes and 32 seconds (2072 seconds total).
