#######################################################################
WARNING:  no libwebkitgtk-1.0 detected, some features will be unavailable
    Consider installing the package with apt-get or yum.
    e.g. 'sudo apt-get install libwebkitgtk-1.0-0'
#######################################################################
OpenJDK 64-Bit Server VM warning: ignoring option MaxPermSize=4G; support was removed in 8.0
00:42:49,385 INFO  [KarafBoot] Checking to see if org.pentaho.clean.karaf.cache is enabled
00:42:49,478 INFO  [KarafInstance] 
*******************************************************************************
*** Karaf Instance Number: 2 at /opt/data-integration/./system/karaf/caches ***
***   /kitchen/data-1                                                       ***
*** FastBin Provider Port:52902                                             ***
*** Karaf Port:8803                                                         ***
*** OSGI Service Port:9052                                                  ***
*******************************************************************************
out 07, 2018 12:42:50 AM org.apache.karaf.main.Main$KarafLockCallback lockAquired
INFO: Lock acquired. Setting startlevel to 100
2018/10/07 00:42:50 - Kitchen - Start of run.
2018-10-07 00:42:52.703:INFO:oejs.Server:jetty-8.1.15.v20140411
2018-10-07 00:42:52.730:INFO:oejs.AbstractConnector:Started NIOSocketConnectorWrapper@0.0.0.0:9052
out 07, 2018 12:42:53 AM org.apache.cxf.bus.blueprint.NamespaceHandlerRegisterer register
INFO: Registered blueprint namespace handler for http://cxf.apache.org/blueprint/core
out 07, 2018 12:42:53 AM org.apache.cxf.bus.blueprint.NamespaceHandlerRegisterer register
INFO: Registered blueprint namespace handler for http://cxf.apache.org/configuration/beans
out 07, 2018 12:42:53 AM org.apache.cxf.bus.blueprint.NamespaceHandlerRegisterer register
INFO: Registered blueprint namespace handler for http://cxf.apache.org/configuration/parameterized-types
out 07, 2018 12:42:53 AM org.apache.cxf.bus.blueprint.NamespaceHandlerRegisterer register
INFO: Registered blueprint namespace handler for http://cxf.apache.org/configuration/security
out 07, 2018 12:42:53 AM org.apache.cxf.bus.blueprint.NamespaceHandlerRegisterer register
INFO: Registered blueprint namespace handler for http://schemas.xmlsoap.org/wsdl/
out 07, 2018 12:42:53 AM org.apache.cxf.bus.blueprint.NamespaceHandlerRegisterer register
INFO: Registered blueprint namespace handler for http://www.w3.org/2005/08/addressing
out 07, 2018 12:42:53 AM org.apache.cxf.bus.blueprint.NamespaceHandlerRegisterer register
INFO: Registered blueprint namespace handler for http://schemas.xmlsoap.org/ws/2004/08/addressing
out 07, 2018 12:42:53 AM org.apache.cxf.bus.osgi.CXFExtensionBundleListener addExtensions
INFO: Adding the extensions from bundle org.apache.cxf.cxf-rt-management (152) [org.apache.cxf.management.InstrumentationManager]
out 07, 2018 12:42:53 AM org.apache.cxf.bus.osgi.CXFExtensionBundleListener addExtensions
INFO: Adding the extensions from bundle org.apache.cxf.cxf-rt-ws-policy (203) [org.apache.cxf.ws.policy.PolicyEngine, org.apache.cxf.policy.PolicyDataEngine, org.apache.cxf.ws.policy.AssertionBuilderRegistry, org.apache.cxf.ws.policy.PolicyInterceptorProviderRegistry, org.apache.cxf.ws.policy.PolicyBuilder, org.apache.cxf.ws.policy.PolicyAnnotationListener, org.apache.cxf.ws.policy.attachment.ServiceModelPolicyProvider, org.apache.cxf.ws.policy.attachment.external.DomainExpressionBuilderRegistry, org.apache.cxf.ws.policy.attachment.external.EndpointReferenceDomainExpressionBuilder, org.apache.cxf.ws.policy.attachment.external.URIDomainExpressionBuilder, org.apache.cxf.ws.policy.attachment.wsdl11.Wsdl11AttachmentPolicyProvider, org.apache.cxf.ws.policy.mtom.MTOMAssertionBuilder, org.apache.cxf.ws.policy.mtom.MTOMPolicyInterceptorProvider]
out 07, 2018 12:42:53 AM org.apache.cxf.bus.osgi.CXFExtensionBundleListener addExtensions
INFO: Adding the extensions from bundle org.apache.cxf.cxf-rt-transports-http (156) [org.apache.cxf.transport.http.HTTPTransportFactory, org.apache.cxf.transport.http.HTTPWSDLExtensionLoader, org.apache.cxf.transport.http.policy.HTTPClientAssertionBuilder, org.apache.cxf.transport.http.policy.HTTPServerAssertionBuilder, org.apache.cxf.transport.http.policy.NoOpPolicyInterceptorProvider]
out 07, 2018 12:42:53 AM org.apache.cxf.bus.osgi.CXFExtensionBundleListener addExtensions
INFO: Adding the extensions from bundle org.apache.cxf.cxf-rt-wsdl (189) [org.apache.cxf.wsdl.WSDLManager]
out 07, 2018 12:42:53 AM org.apache.cxf.bus.blueprint.NamespaceHandlerRegisterer register
INFO: Registered blueprint namespace handler for http://cxf.apache.org/transports/http/configuration
out 07, 2018 12:42:53 AM org.apache.cxf.bus.osgi.CXFExtensionBundleListener addExtensions
INFO: Adding the extensions from bundle org.apache.cxf.cxf-rt-bindings-soap (192) [org.apache.cxf.binding.soap.SoapBindingFactory, org.apache.cxf.binding.soap.SoapTransportFactory]
out 07, 2018 12:42:53 AM org.apache.cxf.bus.blueprint.NamespaceHandlerRegisterer register
INFO: Registered blueprint namespace handler for http://cxf.apache.org/blueprint/jaxrs
out 07, 2018 12:42:53 AM org.apache.cxf.bus.blueprint.NamespaceHandlerRegisterer register
INFO: Registered blueprint namespace handler for http://cxf.apache.org/blueprint/jaxrs-client
out 07, 2018 12:42:53 AM org.apache.cxf.bus.osgi.CXFExtensionBundleListener addExtensions
INFO: Adding the extensions from bundle org.apache.cxf.cxf-rt-bindings-xml (191) [org.apache.cxf.binding.xml.XMLBindingFactory, org.apache.cxf.binding.xml.wsdl11.XMLWSDLExtensionLoader]
out 07, 2018 12:42:53 AM org.apache.cxf.bus.blueprint.NamespaceHandlerRegisterer register
INFO: Registered blueprint namespace handler for http://cxf.apache.org/blueprint/bindings/soap
out 07, 2018 12:42:53 AM org.apache.cxf.bus.blueprint.NamespaceHandlerRegisterer register
INFO: Registered blueprint namespace handler for http://cxf.apache.org/blueprint/simple
out 07, 2018 12:42:53 AM org.apache.cxf.bus.osgi.CXFExtensionBundleListener addExtensions
INFO: Adding the extensions from bundle org.apache.cxf.cxf-rt-frontend-jaxws (194) [org.apache.cxf.jaxws.context.WebServiceContextResourceResolver]
out 07, 2018 12:42:53 AM org.apache.cxf.bus.blueprint.NamespaceHandlerRegisterer register
INFO: Registered blueprint namespace handler for http://cxf.apache.org/blueprint/jaxws
out 07, 2018 12:42:53 AM org.apache.cxf.bus.blueprint.NamespaceHandlerRegisterer register
INFO: Registered blueprint namespace handler for http://cxf.apache.org/binding/coloc
out 07, 2018 12:42:53 AM org.apache.cxf.bus.osgi.CXFExtensionBundleListener addExtensions
INFO: Adding the extensions from bundle org.apache.cxf.cxf-rt-transports-local (199) [org.apache.cxf.transport.local.LocalTransportFactory]
out 07, 2018 12:42:53 AM org.apache.cxf.bus.osgi.CXFExtensionBundleListener addExtensions
INFO: Adding the extensions from bundle org.apache.cxf.cxf-rt-bindings-object (200) [org.apache.cxf.binding.object.ObjectBindingFactory]
out 07, 2018 12:42:53 AM org.apache.cxf.bus.blueprint.NamespaceHandlerRegisterer register
INFO: Registered blueprint namespace handler for http://cxf.apache.org/blueprint/binding/object
out 07, 2018 12:42:53 AM org.apache.cxf.bus.blueprint.NamespaceHandlerRegisterer register
INFO: Registered blueprint namespace handler for http://cxf.apache.org/policy
out 07, 2018 12:42:53 AM org.apache.cxf.bus.blueprint.NamespaceHandlerRegisterer register
INFO: Registered blueprint namespace handler for http://www.w3.org/ns/ws-policy
out 07, 2018 12:42:53 AM org.apache.cxf.bus.blueprint.NamespaceHandlerRegisterer register
INFO: Registered blueprint namespace handler for http://www.w3.org/2006/07/ws-policy
out 07, 2018 12:42:53 AM org.apache.cxf.bus.blueprint.NamespaceHandlerRegisterer register
INFO: Registered blueprint namespace handler for http://schemas.xmlsoap.org/ws/2004/09/policy
out 07, 2018 12:42:53 AM org.apache.cxf.bus.blueprint.NamespaceHandlerRegisterer register
INFO: Registered blueprint namespace handler for http://docs.oasis-open.org/wss/2004/01/oasis-200401-wss-wssecurity-secext-1.0.xsd
out 07, 2018 12:42:53 AM org.apache.cxf.bus.blueprint.NamespaceHandlerRegisterer register
INFO: Registered blueprint namespace handler for http://docs.oasis-open.org/wss/2004/01/oasis-200401-wss-wssecurity-utility-1.0.xsd
out 07, 2018 12:42:53 AM org.apache.cxf.bus.blueprint.NamespaceHandlerRegisterer register
INFO: Registered blueprint namespace handler for http://www.w3.org/2000/09/xmldsig#
out 07, 2018 12:42:53 AM org.apache.cxf.bus.blueprint.NamespaceHandlerRegisterer register
INFO: Registered blueprint namespace handler for http://docs.oasis-open.org/ws-sx/ws-securitypolicy/200702
out 07, 2018 12:42:53 AM org.apache.cxf.bus.osgi.CXFExtensionBundleListener addExtensions
INFO: Adding the extensions from bundle org.apache.cxf.cxf-rt-ws-addr (220) [org.apache.cxf.ws.addressing.policy.AddressingAssertionBuilder, org.apache.cxf.ws.addressing.policy.UsingAddressingAssertionBuilder, org.apache.cxf.ws.addressing.policy.AddressingPolicyInterceptorProvider, org.apache.cxf.ws.addressing.impl.AddressingWSDLExtensionLoader, org.apache.cxf.ws.addressing.WSAddressingFeature$WSAddressingFeatureApplier, org.apache.cxf.ws.addressing.MAPAggregator$MAPAggregatorLoader]
out 07, 2018 12:42:53 AM org.apache.cxf.bus.blueprint.NamespaceHandlerRegisterer register
INFO: Registered blueprint namespace handler for http://cxf.apache.org/ws/addressing
out 07, 2018 12:42:53 AM org.apache.cxf.bus.osgi.CXFExtensionBundleListener addExtensions
INFO: Adding the extensions from bundle org.apache.cxf.cxf-rt-ws-security (222) [org.apache.cxf.ws.security.policy.WSSecurityPolicyLoader, org.apache.cxf.ws.security.cache.CacheCleanupListener]
out 07, 2018 12:42:53 AM org.apache.cxf.bus.osgi.CXFExtensionBundleListener addExtensions
INFO: Adding the extensions from bundle org.apache.cxf.cxf-rt-ws-rm (224) [org.apache.cxf.ws.rm.RMManager, org.apache.cxf.ws.rm.policy.RMPolicyInterceptorProvider, org.apache.cxf.ws.rm.policy.RM10AssertionBuilder, org.apache.cxf.ws.rm.policy.RM12AssertionBuilder, org.apache.cxf.ws.rm.policy.WSRMP12PolicyLoader, org.apache.cxf.ws.rm.policy.MC11PolicyLoader, org.apache.cxf.ws.rm.policy.RSPPolicyLoader]
out 07, 2018 12:42:53 AM org.apache.cxf.bus.blueprint.NamespaceHandlerRegisterer register
INFO: Registered blueprint namespace handler for http://cxf.apache.org/ws/rm/manager
out 07, 2018 12:42:53 AM org.apache.cxf.bus.blueprint.NamespaceHandlerRegisterer register
INFO: Registered blueprint namespace handler for http://schemas.xmlsoap.org/ws/2005/02/rm/policy
out 07, 2018 12:42:53 AM org.apache.cxf.bus.osgi.CXFExtensionBundleListener addExtensions
INFO: Adding the extensions from bundle org.apache.cxf.cxf-rt-javascript (225) [org.apache.cxf.javascript.JavascriptServerListener]
out 07, 2018 12:42:53 AM org.pentaho.caching.impl.PentahoCacheManagerFactory$RegistrationHandler$1 onSuccess
INFO: New Caching Service registered
2018/10/07 00:42:56 - job_carga_caged - Start of job execution
2018/10/07 00:42:56 - job_carga_caged - Starting entry [ktr_carga_caged]
2018/10/07 00:42:56 - ktr_carga_caged - Loading transformation from XML file [/home/unb/MTB/ETL/ods/mtb/caged_dw/ktr_carga_caged.ktr]
out 07, 2018 12:42:56 AM org.apache.cxf.endpoint.ServerImpl initDestination
INFO: Setting the server's publish address to be /marketplace
2018/10/07 00:42:56 - ktr_carga_caged - Using run configuration [Pentaho local]
2018/10/07 00:42:56 - ktr_carga_caged - Using legacy execution engine
2018/10/07 00:42:56 - ktr_carga_caged - Dispatching started for transformation [ktr_carga_caged]
out 07, 2018 12:42:56 AM org.apache.cxf.endpoint.ServerImpl initDestination
INFO: Setting the server's publish address to be /lineage
2018/10/07 00:42:56 - Carrega tabela.0 - Connected to database [comexao_ods] (commit=100000000)
out 07, 2018 12:42:56 AM org.apache.cxf.endpoint.ServerImpl initDestination
INFO: Setting the server's publish address to be /i18n
SLF4J: Class path contains multiple SLF4J bindings.
SLF4J: Found binding in [jar:file:/opt/data-integration/launcher/../lib/slf4j-log4j12-1.7.7.jar!/org/slf4j/impl/StaticLoggerBinder.class]
SLF4J: Found binding in [jar:file:/opt/data-integration/plugins/pentaho-big-data-plugin/lib/slf4j-log4j12-1.7.7.jar!/org/slf4j/impl/StaticLoggerBinder.class]
SLF4J: See http://www.slf4j.org/codes.html#multiple_bindings for an explanation.
SLF4J: Actual binding is of type [org.slf4j.impl.Log4jLoggerFactory]
2018/10/07 00:42:56 - Le Arquivo.0 - Header row skipped in file '/mnt/unb/bases_mte/CAGED/CAGED_TRABALHADOR_AJUSTADO_122017.txt'
2018/10/07 00:42:57 - Le Arquivo.0 - Line number : 50000
2018/10/07 00:42:58 - Separa Ano e Mes.0 - Linenr 50000
2018/10/07 00:43:12 - Select values.0 - linenr 50000
2018/10/07 00:43:13 - Le Arquivo.0 - Line number : 100000
2018/10/07 00:43:16 - Carrega tabela.0 - linenr 50000
2018/10/07 00:43:16 - Separa Ano e Mes.0 - Linenr 100000
2018/10/07 00:43:32 - Select values.0 - linenr 100000
2018/10/07 00:43:32 - Le Arquivo.0 - Line number : 150000
2018/10/07 00:43:36 - Carrega tabela.0 - linenr 100000
2018/10/07 00:43:36 - Separa Ano e Mes.0 - Linenr 150000
2018/10/07 00:43:51 - Select values.0 - linenr 150000
2018/10/07 00:43:51 - Le Arquivo.0 - Line number : 200000
2018/10/07 00:43:55 - Carrega tabela.0 - linenr 150000
2018/10/07 00:43:55 - Separa Ano e Mes.0 - Linenr 200000
2018/10/07 00:44:10 - Select values.0 - linenr 200000
2018/10/07 00:44:11 - Le Arquivo.0 - Line number : 250000
2018/10/07 00:44:14 - Carrega tabela.0 - linenr 200000
2018/10/07 00:44:14 - Separa Ano e Mes.0 - Linenr 250000
2018/10/07 00:44:30 - Select values.0 - linenr 250000
2018/10/07 00:44:30 - Le Arquivo.0 - Line number : 300000
2018/10/07 00:44:33 - Carrega tabela.0 - linenr 250000
2018/10/07 00:44:33 - Separa Ano e Mes.0 - Linenr 300000
2018/10/07 00:44:49 - Select values.0 - linenr 300000
2018/10/07 00:44:49 - Le Arquivo.0 - Line number : 350000
2018/10/07 00:44:53 - Carrega tabela.0 - linenr 300000
2018/10/07 00:44:53 - Separa Ano e Mes.0 - Linenr 350000
2018/10/07 00:45:09 - Select values.0 - linenr 350000
2018/10/07 00:45:09 - Le Arquivo.0 - Line number : 400000
2018/10/07 00:45:13 - Carrega tabela.0 - linenr 350000
2018/10/07 00:45:13 - Separa Ano e Mes.0 - Linenr 400000
2018/10/07 00:45:28 - Select values.0 - linenr 400000
2018/10/07 00:45:28 - Le Arquivo.0 - Line number : 450000
2018/10/07 00:45:32 - Carrega tabela.0 - linenr 400000
2018/10/07 00:45:32 - Separa Ano e Mes.0 - Linenr 450000
2018/10/07 00:45:48 - Select values.0 - linenr 450000
2018/10/07 00:45:48 - Le Arquivo.0 - Line number : 500000
2018/10/07 00:45:51 - Carrega tabela.0 - linenr 450000
2018/10/07 00:45:52 - Separa Ano e Mes.0 - Linenr 500000
2018/10/07 00:46:07 - Select values.0 - linenr 500000
2018/10/07 00:46:07 - Le Arquivo.0 - Line number : 550000
2018/10/07 00:46:11 - Carrega tabela.0 - linenr 500000
2018/10/07 00:46:11 - Separa Ano e Mes.0 - Linenr 550000
2018/10/07 00:46:26 - Select values.0 - linenr 550000
2018/10/07 00:46:27 - Le Arquivo.0 - Line number : 600000
2018/10/07 00:46:30 - Carrega tabela.0 - linenr 550000
2018/10/07 00:46:30 - Separa Ano e Mes.0 - Linenr 600000
2018/10/07 00:46:46 - Select values.0 - linenr 600000
2018/10/07 00:46:46 - Le Arquivo.0 - Line number : 650000
2018/10/07 00:46:50 - Carrega tabela.0 - linenr 600000
2018/10/07 00:46:50 - Separa Ano e Mes.0 - Linenr 650000
2018/10/07 00:47:06 - Select values.0 - linenr 650000
2018/10/07 00:47:06 - Le Arquivo.0 - Line number : 700000
2018/10/07 00:47:10 - Carrega tabela.0 - linenr 650000
2018/10/07 00:47:10 - Separa Ano e Mes.0 - Linenr 700000
2018/10/07 00:47:25 - Select values.0 - linenr 700000
2018/10/07 00:47:25 - Le Arquivo.0 - Line number : 750000
2018/10/07 00:47:29 - Carrega tabela.0 - linenr 700000
2018/10/07 00:47:29 - Separa Ano e Mes.0 - Linenr 750000
2018/10/07 00:47:44 - Select values.0 - linenr 750000
2018/10/07 00:47:44 - Le Arquivo.0 - Line number : 800000
2018/10/07 00:47:48 - Carrega tabela.0 - linenr 750000
2018/10/07 00:47:48 - Separa Ano e Mes.0 - Linenr 800000
2018/10/07 00:48:04 - Select values.0 - linenr 800000
2018/10/07 00:48:04 - Le Arquivo.0 - Line number : 850000
2018/10/07 00:48:08 - Carrega tabela.0 - linenr 800000
2018/10/07 00:48:08 - Separa Ano e Mes.0 - Linenr 850000
2018/10/07 00:48:23 - Select values.0 - linenr 850000
2018/10/07 00:48:23 - Le Arquivo.0 - Line number : 900000
2018/10/07 00:48:27 - Carrega tabela.0 - linenr 850000
2018/10/07 00:48:27 - Separa Ano e Mes.0 - Linenr 900000
2018/10/07 00:48:43 - Select values.0 - linenr 900000
2018/10/07 00:48:43 - Le Arquivo.0 - Line number : 950000
2018/10/07 00:48:47 - Carrega tabela.0 - linenr 900000
2018/10/07 00:48:47 - Separa Ano e Mes.0 - Linenr 950000
2018/10/07 00:49:02 - Select values.0 - linenr 950000
2018/10/07 00:49:02 - Le Arquivo.0 - Line number : 1000000
2018/10/07 00:49:06 - Carrega tabela.0 - linenr 950000
2018/10/07 00:49:06 - Separa Ano e Mes.0 - Linenr 1000000
2018/10/07 00:49:22 - Select values.0 - linenr 1000000
2018/10/07 00:49:22 - Le Arquivo.0 - Line number : 1050000
2018/10/07 00:49:26 - Carrega tabela.0 - linenr 1000000
2018/10/07 00:49:26 - Separa Ano e Mes.0 - Linenr 1050000
2018/10/07 00:49:41 - Select values.0 - linenr 1050000
2018/10/07 00:49:42 - Le Arquivo.0 - Line number : 1100000
2018/10/07 00:49:45 - Carrega tabela.0 - linenr 1050000
2018/10/07 00:49:46 - Separa Ano e Mes.0 - Linenr 1100000
2018/10/07 00:50:01 - Select values.0 - linenr 1100000
2018/10/07 00:50:01 - Le Arquivo.0 - Line number : 1150000
2018/10/07 00:50:05 - Carrega tabela.0 - linenr 1100000
2018/10/07 00:50:05 - Separa Ano e Mes.0 - Linenr 1150000
2018/10/07 00:50:21 - Select values.0 - linenr 1150000
2018/10/07 00:50:21 - Le Arquivo.0 - Line number : 1200000
2018/10/07 00:50:24 - Carrega tabela.0 - linenr 1150000
2018/10/07 00:50:25 - Separa Ano e Mes.0 - Linenr 1200000
2018/10/07 00:50:40 - Select values.0 - linenr 1200000
2018/10/07 00:50:40 - Le Arquivo.0 - Line number : 1250000
2018/10/07 00:50:44 - Carrega tabela.0 - linenr 1200000
2018/10/07 00:50:44 - Separa Ano e Mes.0 - Linenr 1250000
2018/10/07 00:50:59 - Select values.0 - linenr 1250000
2018/10/07 00:51:00 - Le Arquivo.0 - Line number : 1300000
2018/10/07 00:51:03 - Carrega tabela.0 - linenr 1250000
2018/10/07 00:51:04 - Separa Ano e Mes.0 - Linenr 1300000
2018/10/07 00:51:19 - Select values.0 - linenr 1300000
2018/10/07 00:51:19 - Le Arquivo.0 - Line number : 1350000
2018/10/07 00:51:23 - Carrega tabela.0 - linenr 1300000
2018/10/07 00:51:23 - Separa Ano e Mes.0 - Linenr 1350000
2018/10/07 00:51:39 - Select values.0 - linenr 1350000
2018/10/07 00:51:39 - Le Arquivo.0 - Line number : 1400000
2018/10/07 00:51:42 - Carrega tabela.0 - linenr 1350000
2018/10/07 00:51:43 - Separa Ano e Mes.0 - Linenr 1400000
2018/10/07 00:51:58 - Select values.0 - linenr 1400000
2018/10/07 00:51:58 - Le Arquivo.0 - Line number : 1450000
2018/10/07 00:52:02 - Carrega tabela.0 - linenr 1400000
2018/10/07 00:52:02 - Separa Ano e Mes.0 - Linenr 1450000
2018/10/07 00:52:17 - Select values.0 - linenr 1450000
2018/10/07 00:52:17 - Le Arquivo.0 - Line number : 1500000
2018/10/07 00:52:21 - Carrega tabela.0 - linenr 1450000
2018/10/07 00:52:21 - Separa Ano e Mes.0 - Linenr 1500000
2018/10/07 00:52:37 - Select values.0 - linenr 1500000
2018/10/07 00:52:37 - Le Arquivo.0 - Line number : 1550000
2018/10/07 00:52:40 - Carrega tabela.0 - linenr 1500000
2018/10/07 00:52:41 - Separa Ano e Mes.0 - Linenr 1550000
2018/10/07 00:52:56 - Select values.0 - linenr 1550000
2018/10/07 00:52:56 - Le Arquivo.0 - Line number : 1600000
2018/10/07 00:53:00 - Carrega tabela.0 - linenr 1550000
2018/10/07 00:53:00 - Separa Ano e Mes.0 - Linenr 1600000
2018/10/07 00:53:15 - Select values.0 - linenr 1600000
2018/10/07 00:53:15 - Le Arquivo.0 - Line number : 1650000
2018/10/07 00:53:19 - Carrega tabela.0 - linenr 1600000
2018/10/07 00:53:19 - Separa Ano e Mes.0 - Linenr 1650000
2018/10/07 00:53:34 - Select values.0 - linenr 1650000
2018/10/07 00:53:34 - Le Arquivo.0 - Line number : 1700000
2018/10/07 00:53:38 - Carrega tabela.0 - linenr 1650000
2018/10/07 00:53:38 - Separa Ano e Mes.0 - Linenr 1700000
2018/10/07 00:53:53 - Select values.0 - linenr 1700000
2018/10/07 00:53:54 - Le Arquivo.0 - Line number : 1750000
2018/10/07 00:53:57 - Carrega tabela.0 - linenr 1700000
2018/10/07 00:53:57 - Separa Ano e Mes.0 - Linenr 1750000
2018/10/07 00:54:13 - Select values.0 - linenr 1750000
2018/10/07 00:54:13 - Le Arquivo.0 - Line number : 1800000
2018/10/07 00:54:17 - Carrega tabela.0 - linenr 1750000
2018/10/07 00:54:17 - Separa Ano e Mes.0 - Linenr 1800000
2018/10/07 00:54:32 - Select values.0 - linenr 1800000
2018/10/07 00:54:32 - Le Arquivo.0 - Line number : 1850000
2018/10/07 00:54:36 - Carrega tabela.0 - linenr 1800000
2018/10/07 00:54:36 - Separa Ano e Mes.0 - Linenr 1850000
2018/10/07 00:54:51 - Select values.0 - linenr 1850000
2018/10/07 00:54:52 - Le Arquivo.0 - Line number : 1900000
2018/10/07 00:54:55 - Carrega tabela.0 - linenr 1850000
2018/10/07 00:54:55 - Separa Ano e Mes.0 - Linenr 1900000
2018/10/07 00:55:11 - Select values.0 - linenr 1900000
2018/10/07 00:55:11 - Le Arquivo.0 - Line number : 1950000
2018/10/07 00:55:15 - Carrega tabela.0 - linenr 1900000
2018/10/07 00:55:15 - Separa Ano e Mes.0 - Linenr 1950000
2018/10/07 00:55:31 - Select values.0 - linenr 1950000
2018/10/07 00:55:31 - Le Arquivo.0 - Line number : 2000000
2018/10/07 00:55:34 - Carrega tabela.0 - linenr 1950000
2018/10/07 00:55:35 - Separa Ano e Mes.0 - Linenr 2000000
2018/10/07 00:55:50 - Select values.0 - linenr 2000000
2018/10/07 00:55:50 - Le Arquivo.0 - Line number : 2050000
2018/10/07 00:55:54 - Carrega tabela.0 - linenr 2000000
2018/10/07 00:55:54 - Separa Ano e Mes.0 - Linenr 2050000
2018/10/07 00:56:10 - Select values.0 - linenr 2050000
2018/10/07 00:56:10 - Le Arquivo.0 - Line number : 2100000
2018/10/07 00:56:13 - Carrega tabela.0 - linenr 2050000
2018/10/07 00:56:14 - Separa Ano e Mes.0 - Linenr 2100000
2018/10/07 00:56:29 - Select values.0 - linenr 2100000
2018/10/07 00:56:29 - Le Arquivo.0 - Line number : 2150000
2018/10/07 00:56:33 - Carrega tabela.0 - linenr 2100000
2018/10/07 00:56:33 - Separa Ano e Mes.0 - Linenr 2150000
2018/10/07 00:56:49 - Select values.0 - linenr 2150000
2018/10/07 00:56:49 - Le Arquivo.0 - Line number : 2200000
2018/10/07 00:56:52 - Carrega tabela.0 - linenr 2150000
2018/10/07 00:56:53 - Separa Ano e Mes.0 - Linenr 2200000
2018/10/07 00:57:08 - Select values.0 - linenr 2200000
2018/10/07 00:57:08 - Le Arquivo.0 - Line number : 2250000
2018/10/07 00:57:12 - Carrega tabela.0 - linenr 2200000
2018/10/07 00:57:12 - Separa Ano e Mes.0 - Linenr 2250000
2018/10/07 00:57:27 - Select values.0 - linenr 2250000
2018/10/07 00:57:27 - Le Arquivo.0 - Line number : 2300000
2018/10/07 00:57:31 - Carrega tabela.0 - linenr 2250000
2018/10/07 00:57:31 - Separa Ano e Mes.0 - Linenr 2300000
2018/10/07 00:57:46 - Select values.0 - linenr 2300000
2018/10/07 00:57:46 - Le Arquivo.0 - Line number : 2350000
2018/10/07 00:57:50 - Carrega tabela.0 - linenr 2300000
2018/10/07 00:57:50 - Separa Ano e Mes.0 - Linenr 2350000
2018/10/07 00:58:06 - Select values.0 - linenr 2350000
2018/10/07 00:58:06 - Le Arquivo.0 - Line number : 2400000
2018/10/07 00:58:10 - Carrega tabela.0 - linenr 2350000
2018/10/07 00:58:10 - Separa Ano e Mes.0 - Linenr 2400000
2018/10/07 00:58:25 - Select values.0 - linenr 2400000
2018/10/07 00:58:25 - Le Arquivo.0 - Line number : 2450000
2018/10/07 00:58:29 - Carrega tabela.0 - linenr 2400000
2018/10/07 00:58:29 - Separa Ano e Mes.0 - Linenr 2450000
2018/10/07 00:58:45 - Select values.0 - linenr 2450000
2018/10/07 00:58:45 - Le Arquivo.0 - Line number : 2500000
2018/10/07 00:58:49 - Carrega tabela.0 - linenr 2450000
2018/10/07 00:58:49 - Separa Ano e Mes.0 - Linenr 2500000
2018/10/07 00:59:04 - Select values.0 - linenr 2500000
2018/10/07 00:59:04 - Le Arquivo.0 - Line number : 2550000
2018/10/07 00:59:08 - Carrega tabela.0 - linenr 2500000
2018/10/07 00:59:08 - Separa Ano e Mes.0 - Linenr 2550000
2018/10/07 00:59:23 - Select values.0 - linenr 2550000
2018/10/07 00:59:24 - Le Arquivo.0 - Line number : 2600000
2018/10/07 00:59:27 - Carrega tabela.0 - linenr 2550000
2018/10/07 00:59:27 - Separa Ano e Mes.0 - Linenr 2600000
2018/10/07 00:59:43 - Select values.0 - linenr 2600000
2018/10/07 00:59:43 - Le Arquivo.0 - Line number : 2650000
2018/10/07 00:59:47 - Carrega tabela.0 - linenr 2600000
2018/10/07 00:59:47 - Separa Ano e Mes.0 - Linenr 2650000
2018/10/07 01:00:02 - Select values.0 - linenr 2650000
2018/10/07 01:00:03 - Le Arquivo.0 - Line number : 2700000
2018/10/07 01:00:06 - Carrega tabela.0 - linenr 2650000
2018/10/07 01:00:06 - Separa Ano e Mes.0 - Linenr 2700000
2018/10/07 01:00:22 - Select values.0 - linenr 2700000
2018/10/07 01:00:22 - Le Arquivo.0 - Line number : 2750000
2018/10/07 01:00:26 - Carrega tabela.0 - linenr 2700000
2018/10/07 01:00:26 - Separa Ano e Mes.0 - Linenr 2750000
2018/10/07 01:00:41 - Select values.0 - linenr 2750000
2018/10/07 01:00:42 - Le Arquivo.0 - Line number : 2800000
2018/10/07 01:00:45 - Carrega tabela.0 - linenr 2750000
2018/10/07 01:00:45 - Separa Ano e Mes.0 - Linenr 2800000
2018/10/07 01:01:01 - Select values.0 - linenr 2800000
2018/10/07 01:01:01 - Le Arquivo.0 - Line number : 2850000
2018/10/07 01:01:04 - Carrega tabela.0 - linenr 2800000
2018/10/07 01:01:05 - Separa Ano e Mes.0 - Linenr 2850000
2018/10/07 01:01:20 - Select values.0 - linenr 2850000
2018/10/07 01:01:20 - Le Arquivo.0 - Line number : 2900000
2018/10/07 01:01:23 - Carrega tabela.0 - linenr 2850000
2018/10/07 01:01:24 - Separa Ano e Mes.0 - Linenr 2900000
2018/10/07 01:01:39 - Select values.0 - linenr 2900000
2018/10/07 01:01:39 - Le Arquivo.0 - Line number : 2950000
2018/10/07 01:01:43 - Carrega tabela.0 - linenr 2900000
2018/10/07 01:01:43 - Separa Ano e Mes.0 - Linenr 2950000
2018/10/07 01:01:58 - Select values.0 - linenr 2950000
2018/10/07 01:01:59 - Le Arquivo.0 - Line number : 3000000
2018/10/07 01:02:02 - Carrega tabela.0 - linenr 2950000
2018/10/07 01:02:02 - Separa Ano e Mes.0 - Linenr 3000000
2018/10/07 01:02:18 - Select values.0 - linenr 3000000
2018/10/07 01:02:18 - Le Arquivo.0 - Line number : 3050000
2018/10/07 01:02:22 - Carrega tabela.0 - linenr 3000000
2018/10/07 01:02:22 - Separa Ano e Mes.0 - Linenr 3050000
2018/10/07 01:02:37 - Select values.0 - linenr 3050000
2018/10/07 01:02:37 - Le Arquivo.0 - Line number : 3100000
2018/10/07 01:02:41 - Carrega tabela.0 - linenr 3050000
2018/10/07 01:02:41 - Separa Ano e Mes.0 - Linenr 3100000
2018/10/07 01:02:56 - Select values.0 - linenr 3100000
2018/10/07 01:02:57 - Le Arquivo.0 - Line number : 3150000
2018/10/07 01:03:00 - Carrega tabela.0 - linenr 3100000
2018/10/07 01:03:00 - Separa Ano e Mes.0 - Linenr 3150000
2018/10/07 01:03:16 - Select values.0 - linenr 3150000
2018/10/07 01:03:16 - Le Arquivo.0 - Line number : 3200000
2018/10/07 01:03:20 - Carrega tabela.0 - linenr 3150000
2018/10/07 01:03:20 - Separa Ano e Mes.0 - Linenr 3200000
2018/10/07 01:03:35 - Select values.0 - linenr 3200000
2018/10/07 01:03:35 - Le Arquivo.0 - Line number : 3250000
2018/10/07 01:03:39 - Carrega tabela.0 - linenr 3200000
2018/10/07 01:03:39 - Separa Ano e Mes.0 - Linenr 3250000
2018/10/07 01:03:55 - Select values.0 - linenr 3250000
2018/10/07 01:03:55 - Le Arquivo.0 - Line number : 3300000
2018/10/07 01:03:58 - Carrega tabela.0 - linenr 3250000
2018/10/07 01:03:59 - Separa Ano e Mes.0 - Linenr 3300000
2018/10/07 01:04:14 - Select values.0 - linenr 3300000
2018/10/07 01:04:14 - Le Arquivo.0 - Line number : 3350000
2018/10/07 01:04:18 - Carrega tabela.0 - linenr 3300000
2018/10/07 01:04:18 - Separa Ano e Mes.0 - Linenr 3350000
2018/10/07 01:04:33 - Select values.0 - linenr 3350000
2018/10/07 01:04:34 - Le Arquivo.0 - Line number : 3400000
2018/10/07 01:04:37 - Carrega tabela.0 - linenr 3350000
2018/10/07 01:04:37 - Separa Ano e Mes.0 - Linenr 3400000
2018/10/07 01:04:53 - Select values.0 - linenr 3400000
2018/10/07 01:04:53 - Le Arquivo.0 - Line number : 3450000
2018/10/07 01:04:56 - Carrega tabela.0 - linenr 3400000
2018/10/07 01:04:57 - Separa Ano e Mes.0 - Linenr 3450000
2018/10/07 01:05:12 - Select values.0 - linenr 3450000
2018/10/07 01:05:12 - Le Arquivo.0 - Line number : 3500000
2018/10/07 01:05:16 - Carrega tabela.0 - linenr 3450000
2018/10/07 01:05:16 - Separa Ano e Mes.0 - Linenr 3500000
2018/10/07 01:05:31 - Select values.0 - linenr 3500000
2018/10/07 01:05:31 - Le Arquivo.0 - Line number : 3550000
2018/10/07 01:05:35 - Carrega tabela.0 - linenr 3500000
2018/10/07 01:05:35 - Separa Ano e Mes.0 - Linenr 3550000
2018/10/07 01:05:50 - Select values.0 - linenr 3550000
2018/10/07 01:05:50 - Le Arquivo.0 - Line number : 3600000
2018/10/07 01:05:54 - Carrega tabela.0 - linenr 3550000
2018/10/07 01:05:54 - Separa Ano e Mes.0 - Linenr 3600000
2018/10/07 01:06:10 - Select values.0 - linenr 3600000
2018/10/07 01:06:10 - Le Arquivo.0 - Line number : 3650000
2018/10/07 01:06:13 - Carrega tabela.0 - linenr 3600000
2018/10/07 01:06:14 - Separa Ano e Mes.0 - Linenr 3650000
2018/10/07 01:06:29 - Select values.0 - linenr 3650000
2018/10/07 01:06:29 - Le Arquivo.0 - Line number : 3700000
2018/10/07 01:06:33 - Carrega tabela.0 - linenr 3650000
2018/10/07 01:06:33 - Separa Ano e Mes.0 - Linenr 3700000
2018/10/07 01:06:49 - Select values.0 - linenr 3700000
2018/10/07 01:06:49 - Le Arquivo.0 - Line number : 3750000
2018/10/07 01:06:52 - Carrega tabela.0 - linenr 3700000
2018/10/07 01:06:53 - Separa Ano e Mes.0 - Linenr 3750000
2018/10/07 01:07:08 - Select values.0 - linenr 3750000
2018/10/07 01:07:08 - Le Arquivo.0 - Line number : 3800000
2018/10/07 01:07:12 - Carrega tabela.0 - linenr 3750000
2018/10/07 01:07:12 - Separa Ano e Mes.0 - Linenr 3800000
2018/10/07 01:07:27 - Select values.0 - linenr 3800000
2018/10/07 01:07:27 - Le Arquivo.0 - Line number : 3850000
2018/10/07 01:07:31 - Carrega tabela.0 - linenr 3800000
2018/10/07 01:07:31 - Separa Ano e Mes.0 - Linenr 3850000
2018/10/07 01:07:47 - Select values.0 - linenr 3850000
2018/10/07 01:07:47 - Le Arquivo.0 - Line number : 3900000
2018/10/07 01:07:50 - Carrega tabela.0 - linenr 3850000
2018/10/07 01:07:50 - Separa Ano e Mes.0 - Linenr 3900000
2018/10/07 01:08:06 - Select values.0 - linenr 3900000
2018/10/07 01:08:06 - Le Arquivo.0 - Line number : 3950000
2018/10/07 01:08:10 - Carrega tabela.0 - linenr 3900000
2018/10/07 01:08:10 - Separa Ano e Mes.0 - Linenr 3950000
2018/10/07 01:08:25 - Select values.0 - linenr 3950000
2018/10/07 01:08:25 - Le Arquivo.0 - Line number : 4000000
2018/10/07 01:08:29 - Carrega tabela.0 - linenr 3950000
2018/10/07 01:08:29 - Separa Ano e Mes.0 - Linenr 4000000
2018/10/07 01:08:44 - Select values.0 - linenr 4000000
2018/10/07 01:08:44 - Le Arquivo.0 - Line number : 4050000
2018/10/07 01:08:48 - Carrega tabela.0 - linenr 4000000
2018/10/07 01:08:48 - Separa Ano e Mes.0 - Linenr 4050000
2018/10/07 01:09:03 - Select values.0 - linenr 4050000
2018/10/07 01:09:04 - Le Arquivo.0 - Line number : 4100000
2018/10/07 01:09:07 - Carrega tabela.0 - linenr 4050000
2018/10/07 01:09:08 - Separa Ano e Mes.0 - Linenr 4100000
2018/10/07 01:09:23 - Select values.0 - linenr 4100000
2018/10/07 01:09:23 - Le Arquivo.0 - Line number : 4150000
2018/10/07 01:09:27 - Carrega tabela.0 - linenr 4100000
2018/10/07 01:09:27 - Separa Ano e Mes.0 - Linenr 4150000
2018/10/07 01:09:42 - Select values.0 - linenr 4150000
2018/10/07 01:09:43 - Le Arquivo.0 - Line number : 4200000
2018/10/07 01:09:46 - Carrega tabela.0 - linenr 4150000
2018/10/07 01:09:46 - Separa Ano e Mes.0 - Linenr 4200000
2018/10/07 01:10:02 - Select values.0 - linenr 4200000
2018/10/07 01:10:02 - Le Arquivo.0 - Line number : 4250000
2018/10/07 01:10:05 - Carrega tabela.0 - linenr 4200000
2018/10/07 01:10:06 - Separa Ano e Mes.0 - Linenr 4250000
2018/10/07 01:10:21 - Select values.0 - linenr 4250000
2018/10/07 01:10:21 - Le Arquivo.0 - Line number : 4300000
2018/10/07 01:10:25 - Carrega tabela.0 - linenr 4250000
2018/10/07 01:10:25 - Separa Ano e Mes.0 - Linenr 4300000
2018/10/07 01:10:40 - Select values.0 - linenr 4300000
2018/10/07 01:10:41 - Le Arquivo.0 - Line number : 4350000
2018/10/07 01:10:44 - Carrega tabela.0 - linenr 4300000
2018/10/07 01:10:45 - Separa Ano e Mes.0 - Linenr 4350000
2018/10/07 01:11:00 - Select values.0 - linenr 4350000
2018/10/07 01:11:00 - Le Arquivo.0 - Line number : 4400000
2018/10/07 01:11:04 - Carrega tabela.0 - linenr 4350000
2018/10/07 01:11:04 - Separa Ano e Mes.0 - Linenr 4400000
2018/10/07 01:11:19 - Select values.0 - linenr 4400000
2018/10/07 01:11:20 - Le Arquivo.0 - Line number : 4450000
2018/10/07 01:11:23 - Carrega tabela.0 - linenr 4400000
2018/10/07 01:11:24 - Separa Ano e Mes.0 - Linenr 4450000
2018/10/07 01:11:39 - Select values.0 - linenr 4450000
2018/10/07 01:11:39 - Le Arquivo.0 - Line number : 4500000
2018/10/07 01:11:43 - Carrega tabela.0 - linenr 4450000
2018/10/07 01:11:43 - Separa Ano e Mes.0 - Linenr 4500000
2018/10/07 01:11:58 - Select values.0 - linenr 4500000
2018/10/07 01:11:58 - Le Arquivo.0 - Line number : 4550000
2018/10/07 01:12:02 - Carrega tabela.0 - linenr 4500000
2018/10/07 01:12:02 - Separa Ano e Mes.0 - Linenr 4550000
2018/10/07 01:12:18 - Select values.0 - linenr 4550000
2018/10/07 01:12:18 - Le Arquivo.0 - Line number : 4600000
2018/10/07 01:12:21 - Carrega tabela.0 - linenr 4550000
2018/10/07 01:12:22 - Separa Ano e Mes.0 - Linenr 4600000
2018/10/07 01:12:37 - Select values.0 - linenr 4600000
2018/10/07 01:12:37 - Le Arquivo.0 - Line number : 4650000
2018/10/07 01:12:41 - Carrega tabela.0 - linenr 4600000
2018/10/07 01:12:41 - Separa Ano e Mes.0 - Linenr 4650000
2018/10/07 01:12:56 - Select values.0 - linenr 4650000
2018/10/07 01:12:56 - Le Arquivo.0 - Line number : 4700000
2018/10/07 01:13:00 - Carrega tabela.0 - linenr 4650000
2018/10/07 01:13:00 - Separa Ano e Mes.0 - Linenr 4700000
2018/10/07 01:13:16 - Select values.0 - linenr 4700000
2018/10/07 01:13:16 - Le Arquivo.0 - Line number : 4750000
2018/10/07 01:13:20 - Carrega tabela.0 - linenr 4700000
2018/10/07 01:13:20 - Separa Ano e Mes.0 - Linenr 4750000
2018/10/07 01:13:35 - Select values.0 - linenr 4750000
2018/10/07 01:13:35 - Le Arquivo.0 - Line number : 4800000
2018/10/07 01:13:39 - Carrega tabela.0 - linenr 4750000
2018/10/07 01:13:39 - Separa Ano e Mes.0 - Linenr 4800000
2018/10/07 01:13:55 - Select values.0 - linenr 4800000
2018/10/07 01:13:55 - Le Arquivo.0 - Line number : 4850000
2018/10/07 01:13:55 - Le Arquivo.0 - Finished processing (I=4850118, O=0, R=0, W=4850117, U=0, E=0)
2018/10/07 01:13:58 - Carrega tabela.0 - linenr 4800000
2018/10/07 01:13:58 - Separa Ano e Mes.0 - Linenr 4850000
2018/10/07 01:13:59 - Separa Ano e Mes.0 - Finished processing (I=0, O=0, R=4850117, W=4850117, U=0, E=0)
2018/10/07 01:14:02 - Corrige sal_mensal_declarado.0 - Finished processing (I=0, O=0, R=4850117, W=4850117, U=0, E=0)
2018/10/07 01:14:06 - Corrige CBO.0 - Finished processing (I=0, O=0, R=4850117, W=4850117, U=0, E=0)
2018/10/07 01:14:10 - corige_dia_mov.0 - Finished processing (I=0, O=0, R=4850117, W=4850117, U=0, E=0)
2018/10/07 01:14:14 - Select values.0 - linenr 4850000
2018/10/07 01:14:14 - Select values.0 - Finished processing (I=0, O=0, R=4850117, W=4850117, U=0, E=0)
2018/10/07 01:14:17 - Carrega tabela.0 - linenr 4850000
2018/10/07 01:14:17 - Carrega tabela.0 - Finished processing (I=0, O=4850117, R=4850117, W=4850117, U=0, E=0)
2018/10/07 01:14:17 - job_carga_caged - Starting entry [Success]
2018/10/07 01:14:17 - job_carga_caged - Finished job entry [Success] (result=[true])
2018/10/07 01:14:17 - job_carga_caged - Finished job entry [ktr_carga_caged] (result=[true])
2018/10/07 01:14:17 - job_carga_caged - Job execution finished
2018/10/07 01:14:17 - Kitchen - Finished!
2018/10/07 01:14:17 - Kitchen - Start=2018/10/07 00:42:50.345, Stop=2018/10/07 01:14:17.780
2018/10/07 01:14:17 - Kitchen - Processing ended after 31 minutes and 27 seconds (1887 seconds total).
