#######################################################################
WARNING:  no libwebkitgtk-1.0 detected, some features will be unavailable
    Consider installing the package with apt-get or yum.
    e.g. 'sudo apt-get install libwebkitgtk-1.0-0'
#######################################################################
OpenJDK 64-Bit Server VM warning: ignoring option MaxPermSize=4G; support was removed in 8.0
18:05:58,078 INFO  [KarafBoot] Checking to see if org.pentaho.clean.karaf.cache is enabled
18:05:58,182 INFO  [KarafInstance] 
*******************************************************************************
*** Karaf Instance Number: 2 at /opt/data-integration/./system/karaf/caches ***
***   /kitchen/data-1                                                       ***
*** FastBin Provider Port:52902                                             ***
*** Karaf Port:8803                                                         ***
*** OSGI Service Port:9052                                                  ***
*******************************************************************************
out 04, 2018 6:05:58 PM org.apache.karaf.main.Main$KarafLockCallback lockAquired
INFO: Lock acquired. Setting startlevel to 100
2018/10/04 18:05:59 - Kitchen - Start of run.
2018-10-04 18:06:01.707:INFO:oejs.Server:jetty-8.1.15.v20140411
2018-10-04 18:06:01.738:INFO:oejs.AbstractConnector:Started NIOSocketConnectorWrapper@0.0.0.0:9052
out 04, 2018 6:06:02 PM org.apache.cxf.bus.blueprint.NamespaceHandlerRegisterer register
INFO: Registered blueprint namespace handler for http://cxf.apache.org/blueprint/core
out 04, 2018 6:06:02 PM org.apache.cxf.bus.blueprint.NamespaceHandlerRegisterer register
INFO: Registered blueprint namespace handler for http://cxf.apache.org/configuration/beans
out 04, 2018 6:06:02 PM org.apache.cxf.bus.blueprint.NamespaceHandlerRegisterer register
INFO: Registered blueprint namespace handler for http://cxf.apache.org/configuration/parameterized-types
out 04, 2018 6:06:02 PM org.apache.cxf.bus.blueprint.NamespaceHandlerRegisterer register
INFO: Registered blueprint namespace handler for http://cxf.apache.org/configuration/security
out 04, 2018 6:06:02 PM org.apache.cxf.bus.blueprint.NamespaceHandlerRegisterer register
INFO: Registered blueprint namespace handler for http://schemas.xmlsoap.org/wsdl/
out 04, 2018 6:06:02 PM org.apache.cxf.bus.blueprint.NamespaceHandlerRegisterer register
INFO: Registered blueprint namespace handler for http://www.w3.org/2005/08/addressing
out 04, 2018 6:06:02 PM org.apache.cxf.bus.blueprint.NamespaceHandlerRegisterer register
INFO: Registered blueprint namespace handler for http://schemas.xmlsoap.org/ws/2004/08/addressing
out 04, 2018 6:06:02 PM org.apache.cxf.bus.osgi.CXFExtensionBundleListener addExtensions
INFO: Adding the extensions from bundle org.apache.cxf.cxf-rt-management (152) [org.apache.cxf.management.InstrumentationManager]
out 04, 2018 6:06:02 PM org.apache.cxf.bus.osgi.CXFExtensionBundleListener addExtensions
INFO: Adding the extensions from bundle org.apache.cxf.cxf-rt-transports-http (156) [org.apache.cxf.transport.http.HTTPTransportFactory, org.apache.cxf.transport.http.HTTPWSDLExtensionLoader, org.apache.cxf.transport.http.policy.HTTPClientAssertionBuilder, org.apache.cxf.transport.http.policy.HTTPServerAssertionBuilder, org.apache.cxf.transport.http.policy.NoOpPolicyInterceptorProvider]
out 04, 2018 6:06:02 PM org.apache.cxf.bus.osgi.CXFExtensionBundleListener addExtensions
INFO: Adding the extensions from bundle org.apache.cxf.cxf-rt-wsdl (189) [org.apache.cxf.wsdl.WSDLManager]
out 04, 2018 6:06:02 PM org.apache.cxf.bus.osgi.CXFExtensionBundleListener addExtensions
INFO: Adding the extensions from bundle org.apache.cxf.cxf-rt-ws-policy (203) [org.apache.cxf.ws.policy.PolicyEngine, org.apache.cxf.policy.PolicyDataEngine, org.apache.cxf.ws.policy.AssertionBuilderRegistry, org.apache.cxf.ws.policy.PolicyInterceptorProviderRegistry, org.apache.cxf.ws.policy.PolicyBuilder, org.apache.cxf.ws.policy.PolicyAnnotationListener, org.apache.cxf.ws.policy.attachment.ServiceModelPolicyProvider, org.apache.cxf.ws.policy.attachment.external.DomainExpressionBuilderRegistry, org.apache.cxf.ws.policy.attachment.external.EndpointReferenceDomainExpressionBuilder, org.apache.cxf.ws.policy.attachment.external.URIDomainExpressionBuilder, org.apache.cxf.ws.policy.attachment.wsdl11.Wsdl11AttachmentPolicyProvider, org.apache.cxf.ws.policy.mtom.MTOMAssertionBuilder, org.apache.cxf.ws.policy.mtom.MTOMPolicyInterceptorProvider]
out 04, 2018 6:06:02 PM org.apache.cxf.bus.blueprint.NamespaceHandlerRegisterer register
INFO: Registered blueprint namespace handler for http://cxf.apache.org/transports/http/configuration
out 04, 2018 6:06:02 PM org.apache.cxf.bus.osgi.CXFExtensionBundleListener addExtensions
INFO: Adding the extensions from bundle org.apache.cxf.cxf-rt-bindings-soap (192) [org.apache.cxf.binding.soap.SoapBindingFactory, org.apache.cxf.binding.soap.SoapTransportFactory]
out 04, 2018 6:06:02 PM org.apache.cxf.bus.blueprint.NamespaceHandlerRegisterer register
INFO: Registered blueprint namespace handler for http://cxf.apache.org/blueprint/jaxrs
out 04, 2018 6:06:02 PM org.apache.cxf.bus.blueprint.NamespaceHandlerRegisterer register
INFO: Registered blueprint namespace handler for http://cxf.apache.org/blueprint/jaxrs-client
out 04, 2018 6:06:02 PM org.apache.cxf.bus.osgi.CXFExtensionBundleListener addExtensions
INFO: Adding the extensions from bundle org.apache.cxf.cxf-rt-bindings-xml (191) [org.apache.cxf.binding.xml.XMLBindingFactory, org.apache.cxf.binding.xml.wsdl11.XMLWSDLExtensionLoader]
out 04, 2018 6:06:02 PM org.apache.cxf.bus.blueprint.NamespaceHandlerRegisterer register
INFO: Registered blueprint namespace handler for http://cxf.apache.org/blueprint/bindings/soap
out 04, 2018 6:06:02 PM org.apache.cxf.bus.blueprint.NamespaceHandlerRegisterer register
INFO: Registered blueprint namespace handler for http://cxf.apache.org/blueprint/simple
out 04, 2018 6:06:02 PM org.apache.cxf.bus.osgi.CXFExtensionBundleListener addExtensions
INFO: Adding the extensions from bundle org.apache.cxf.cxf-rt-frontend-jaxws (194) [org.apache.cxf.jaxws.context.WebServiceContextResourceResolver]
out 04, 2018 6:06:02 PM org.apache.cxf.bus.blueprint.NamespaceHandlerRegisterer register
INFO: Registered blueprint namespace handler for http://cxf.apache.org/blueprint/jaxws
out 04, 2018 6:06:02 PM org.apache.cxf.bus.blueprint.NamespaceHandlerRegisterer register
INFO: Registered blueprint namespace handler for http://cxf.apache.org/binding/coloc
out 04, 2018 6:06:02 PM org.apache.cxf.bus.osgi.CXFExtensionBundleListener addExtensions
INFO: Adding the extensions from bundle org.apache.cxf.cxf-rt-transports-local (199) [org.apache.cxf.transport.local.LocalTransportFactory]
out 04, 2018 6:06:02 PM org.apache.cxf.bus.osgi.CXFExtensionBundleListener addExtensions
INFO: Adding the extensions from bundle org.apache.cxf.cxf-rt-bindings-object (200) [org.apache.cxf.binding.object.ObjectBindingFactory]
out 04, 2018 6:06:02 PM org.apache.cxf.bus.blueprint.NamespaceHandlerRegisterer register
INFO: Registered blueprint namespace handler for http://cxf.apache.org/blueprint/binding/object
out 04, 2018 6:06:02 PM org.apache.cxf.bus.blueprint.NamespaceHandlerRegisterer register
INFO: Registered blueprint namespace handler for http://cxf.apache.org/policy
out 04, 2018 6:06:02 PM org.apache.cxf.bus.blueprint.NamespaceHandlerRegisterer register
INFO: Registered blueprint namespace handler for http://www.w3.org/ns/ws-policy
out 04, 2018 6:06:02 PM org.apache.cxf.bus.blueprint.NamespaceHandlerRegisterer register
INFO: Registered blueprint namespace handler for http://www.w3.org/2006/07/ws-policy
out 04, 2018 6:06:02 PM org.apache.cxf.bus.blueprint.NamespaceHandlerRegisterer register
INFO: Registered blueprint namespace handler for http://schemas.xmlsoap.org/ws/2004/09/policy
out 04, 2018 6:06:02 PM org.apache.cxf.bus.blueprint.NamespaceHandlerRegisterer register
INFO: Registered blueprint namespace handler for http://docs.oasis-open.org/wss/2004/01/oasis-200401-wss-wssecurity-secext-1.0.xsd
out 04, 2018 6:06:02 PM org.apache.cxf.bus.blueprint.NamespaceHandlerRegisterer register
INFO: Registered blueprint namespace handler for http://docs.oasis-open.org/wss/2004/01/oasis-200401-wss-wssecurity-utility-1.0.xsd
out 04, 2018 6:06:02 PM org.apache.cxf.bus.blueprint.NamespaceHandlerRegisterer register
INFO: Registered blueprint namespace handler for http://www.w3.org/2000/09/xmldsig#
out 04, 2018 6:06:02 PM org.apache.cxf.bus.blueprint.NamespaceHandlerRegisterer register
INFO: Registered blueprint namespace handler for http://docs.oasis-open.org/ws-sx/ws-securitypolicy/200702
out 04, 2018 6:06:02 PM org.apache.cxf.bus.osgi.CXFExtensionBundleListener addExtensions
INFO: Adding the extensions from bundle org.apache.cxf.cxf-rt-ws-addr (220) [org.apache.cxf.ws.addressing.policy.AddressingAssertionBuilder, org.apache.cxf.ws.addressing.policy.UsingAddressingAssertionBuilder, org.apache.cxf.ws.addressing.policy.AddressingPolicyInterceptorProvider, org.apache.cxf.ws.addressing.impl.AddressingWSDLExtensionLoader, org.apache.cxf.ws.addressing.WSAddressingFeature$WSAddressingFeatureApplier, org.apache.cxf.ws.addressing.MAPAggregator$MAPAggregatorLoader]
out 04, 2018 6:06:02 PM org.apache.cxf.bus.blueprint.NamespaceHandlerRegisterer register
INFO: Registered blueprint namespace handler for http://cxf.apache.org/ws/addressing
out 04, 2018 6:06:02 PM org.apache.cxf.bus.osgi.CXFExtensionBundleListener addExtensions
INFO: Adding the extensions from bundle org.apache.cxf.cxf-rt-ws-security (222) [org.apache.cxf.ws.security.policy.WSSecurityPolicyLoader, org.apache.cxf.ws.security.cache.CacheCleanupListener]
out 04, 2018 6:06:02 PM org.apache.cxf.bus.osgi.CXFExtensionBundleListener addExtensions
INFO: Adding the extensions from bundle org.apache.cxf.cxf-rt-ws-rm (224) [org.apache.cxf.ws.rm.RMManager, org.apache.cxf.ws.rm.policy.RMPolicyInterceptorProvider, org.apache.cxf.ws.rm.policy.RM10AssertionBuilder, org.apache.cxf.ws.rm.policy.RM12AssertionBuilder, org.apache.cxf.ws.rm.policy.WSRMP12PolicyLoader, org.apache.cxf.ws.rm.policy.MC11PolicyLoader, org.apache.cxf.ws.rm.policy.RSPPolicyLoader]
out 04, 2018 6:06:02 PM org.apache.cxf.bus.blueprint.NamespaceHandlerRegisterer register
INFO: Registered blueprint namespace handler for http://cxf.apache.org/ws/rm/manager
out 04, 2018 6:06:02 PM org.apache.cxf.bus.blueprint.NamespaceHandlerRegisterer register
INFO: Registered blueprint namespace handler for http://schemas.xmlsoap.org/ws/2005/02/rm/policy
out 04, 2018 6:06:02 PM org.apache.cxf.bus.osgi.CXFExtensionBundleListener addExtensions
INFO: Adding the extensions from bundle org.apache.cxf.cxf-rt-javascript (225) [org.apache.cxf.javascript.JavascriptServerListener]
out 04, 2018 6:06:02 PM org.pentaho.caching.impl.PentahoCacheManagerFactory$RegistrationHandler$1 onSuccess
INFO: New Caching Service registered
2018/10/04 18:06:05 - job_carga_caged - Start of job execution
2018/10/04 18:06:05 - job_carga_caged - Starting entry [ktr_carga_caged]
2018/10/04 18:06:05 - ktr_carga_caged - Loading transformation from XML file [/home/unb/MTB/ETL/ods/mtb/caged_dw/ktr_carga_caged.ktr]
out 04, 2018 6:06:05 PM org.apache.cxf.endpoint.ServerImpl initDestination
INFO: Setting the server's publish address to be /marketplace
2018/10/04 18:06:05 - ktr_carga_caged - Using run configuration [Pentaho local]
2018/10/04 18:06:05 - ktr_carga_caged - Using legacy execution engine
2018/10/04 18:06:05 - ktr_carga_caged - Dispatching started for transformation [ktr_carga_caged]
out 04, 2018 6:06:05 PM org.apache.cxf.endpoint.ServerImpl initDestination
INFO: Setting the server's publish address to be /lineage
2018/10/04 18:06:05 - Carrega tabela.0 - Connected to database [comexao_ods] (commit=100000000)
out 04, 2018 6:06:05 PM org.apache.cxf.endpoint.ServerImpl initDestination
INFO: Setting the server's publish address to be /i18n
2018/10/04 18:06:05 - Le Arquivo.0 - Header row skipped in file '/mnt/unb/bases_mte/CAGED/CAGED_TRABALHADOR_AJUSTADO_042018.txt'
SLF4J: Class path contains multiple SLF4J bindings.
SLF4J: Found binding in [jar:file:/opt/data-integration/launcher/../lib/slf4j-log4j12-1.7.7.jar!/org/slf4j/impl/StaticLoggerBinder.class]
SLF4J: Found binding in [jar:file:/opt/data-integration/plugins/pentaho-big-data-plugin/lib/slf4j-log4j12-1.7.7.jar!/org/slf4j/impl/StaticLoggerBinder.class]
SLF4J: See http://www.slf4j.org/codes.html#multiple_bindings for an explanation.
SLF4J: Actual binding is of type [org.slf4j.impl.Log4jLoggerFactory]
2018/10/04 18:06:07 - Le Arquivo.0 - Line number : 50000
2018/10/04 18:06:07 - Separa Ano e Mes.0 - Linenr 50000
2018/10/04 18:06:21 - Select values.0 - linenr 50000
2018/10/04 18:06:21 - Le Arquivo.0 - Line number : 100000
2018/10/04 18:06:25 - Carrega tabela.0 - linenr 50000
2018/10/04 18:06:25 - Separa Ano e Mes.0 - Linenr 100000
2018/10/04 18:06:40 - Select values.0 - linenr 100000
2018/10/04 18:06:40 - Le Arquivo.0 - Line number : 150000
2018/10/04 18:06:44 - Carrega tabela.0 - linenr 100000
2018/10/04 18:06:44 - Separa Ano e Mes.0 - Linenr 150000
2018/10/04 18:06:59 - Select values.0 - linenr 150000
2018/10/04 18:07:00 - Le Arquivo.0 - Line number : 200000
2018/10/04 18:07:05 - Carrega tabela.0 - linenr 150000
2018/10/04 18:07:05 - Separa Ano e Mes.0 - Linenr 200000
2018/10/04 18:07:20 - Select values.0 - linenr 200000
2018/10/04 18:07:20 - Le Arquivo.0 - Line number : 250000
2018/10/04 18:07:23 - Carrega tabela.0 - linenr 200000
2018/10/04 18:07:24 - Separa Ano e Mes.0 - Linenr 250000
2018/10/04 18:07:39 - Select values.0 - linenr 250000
2018/10/04 18:07:39 - Le Arquivo.0 - Line number : 300000
2018/10/04 18:07:43 - Carrega tabela.0 - linenr 250000
2018/10/04 18:07:43 - Separa Ano e Mes.0 - Linenr 300000
2018/10/04 18:07:58 - Select values.0 - linenr 300000
2018/10/04 18:07:58 - Le Arquivo.0 - Line number : 350000
2018/10/04 18:08:02 - Carrega tabela.0 - linenr 300000
2018/10/04 18:08:02 - Separa Ano e Mes.0 - Linenr 350000
2018/10/04 18:08:17 - Select values.0 - linenr 350000
2018/10/04 18:08:17 - Le Arquivo.0 - Line number : 400000
2018/10/04 18:08:21 - Carrega tabela.0 - linenr 350000
2018/10/04 18:08:21 - Separa Ano e Mes.0 - Linenr 400000
2018/10/04 18:08:36 - Select values.0 - linenr 400000
2018/10/04 18:08:36 - Le Arquivo.0 - Line number : 450000
2018/10/04 18:08:40 - Carrega tabela.0 - linenr 400000
2018/10/04 18:08:40 - Separa Ano e Mes.0 - Linenr 450000
2018/10/04 18:08:55 - Select values.0 - linenr 450000
2018/10/04 18:08:55 - Le Arquivo.0 - Line number : 500000
2018/10/04 18:08:59 - Carrega tabela.0 - linenr 450000
2018/10/04 18:08:59 - Separa Ano e Mes.0 - Linenr 500000
2018/10/04 18:09:14 - Select values.0 - linenr 500000
2018/10/04 18:09:14 - Le Arquivo.0 - Line number : 550000
2018/10/04 18:09:18 - Carrega tabela.0 - linenr 500000
2018/10/04 18:09:18 - Separa Ano e Mes.0 - Linenr 550000
2018/10/04 18:09:33 - Select values.0 - linenr 550000
2018/10/04 18:09:33 - Le Arquivo.0 - Line number : 600000
2018/10/04 18:09:37 - Carrega tabela.0 - linenr 550000
2018/10/04 18:09:37 - Separa Ano e Mes.0 - Linenr 600000
2018/10/04 18:09:52 - Select values.0 - linenr 600000
2018/10/04 18:09:53 - Le Arquivo.0 - Line number : 650000
2018/10/04 18:09:56 - Carrega tabela.0 - linenr 600000
2018/10/04 18:09:56 - Separa Ano e Mes.0 - Linenr 650000
2018/10/04 18:10:11 - Select values.0 - linenr 650000
2018/10/04 18:10:12 - Le Arquivo.0 - Line number : 700000
2018/10/04 18:10:15 - Carrega tabela.0 - linenr 650000
2018/10/04 18:10:15 - Separa Ano e Mes.0 - Linenr 700000
2018/10/04 18:10:30 - Select values.0 - linenr 700000
2018/10/04 18:10:31 - Le Arquivo.0 - Line number : 750000
2018/10/04 18:10:34 - Carrega tabela.0 - linenr 700000
2018/10/04 18:10:34 - Separa Ano e Mes.0 - Linenr 750000
2018/10/04 18:10:49 - Select values.0 - linenr 750000
2018/10/04 18:10:50 - Le Arquivo.0 - Line number : 800000
2018/10/04 18:10:53 - Carrega tabela.0 - linenr 750000
2018/10/04 18:10:53 - Separa Ano e Mes.0 - Linenr 800000
2018/10/04 18:11:08 - Select values.0 - linenr 800000
2018/10/04 18:11:08 - Le Arquivo.0 - Line number : 850000
2018/10/04 18:11:12 - Carrega tabela.0 - linenr 800000
2018/10/04 18:11:12 - Separa Ano e Mes.0 - Linenr 850000
2018/10/04 18:11:27 - Select values.0 - linenr 850000
2018/10/04 18:11:27 - Le Arquivo.0 - Line number : 900000
2018/10/04 18:11:31 - Carrega tabela.0 - linenr 850000
2018/10/04 18:11:31 - Separa Ano e Mes.0 - Linenr 900000
2018/10/04 18:11:47 - Select values.0 - linenr 900000
2018/10/04 18:11:47 - Le Arquivo.0 - Line number : 950000
2018/10/04 18:11:50 - Carrega tabela.0 - linenr 900000
2018/10/04 18:11:51 - Separa Ano e Mes.0 - Linenr 950000
2018/10/04 18:12:06 - Select values.0 - linenr 950000
2018/10/04 18:12:06 - Le Arquivo.0 - Line number : 1000000
2018/10/04 18:12:10 - Carrega tabela.0 - linenr 950000
2018/10/04 18:12:10 - Separa Ano e Mes.0 - Linenr 1000000
2018/10/04 18:12:25 - Select values.0 - linenr 1000000
2018/10/04 18:12:25 - Le Arquivo.0 - Line number : 1050000
2018/10/04 18:12:29 - Carrega tabela.0 - linenr 1000000
2018/10/04 18:12:29 - Separa Ano e Mes.0 - Linenr 1050000
2018/10/04 18:12:44 - Select values.0 - linenr 1050000
2018/10/04 18:12:44 - Le Arquivo.0 - Line number : 1100000
2018/10/04 18:12:48 - Carrega tabela.0 - linenr 1050000
2018/10/04 18:12:48 - Separa Ano e Mes.0 - Linenr 1100000
2018/10/04 18:13:04 - Select values.0 - linenr 1100000
2018/10/04 18:13:04 - Le Arquivo.0 - Line number : 1150000
2018/10/04 18:13:07 - Carrega tabela.0 - linenr 1100000
2018/10/04 18:13:07 - Separa Ano e Mes.0 - Linenr 1150000
2018/10/04 18:13:22 - Select values.0 - linenr 1150000
2018/10/04 18:13:22 - Le Arquivo.0 - Line number : 1200000
2018/10/04 18:13:26 - Carrega tabela.0 - linenr 1150000
2018/10/04 18:13:26 - Separa Ano e Mes.0 - Linenr 1200000
2018/10/04 18:13:42 - Select values.0 - linenr 1200000
2018/10/04 18:13:42 - Le Arquivo.0 - Line number : 1250000
2018/10/04 18:13:45 - Carrega tabela.0 - linenr 1200000
2018/10/04 18:13:46 - Separa Ano e Mes.0 - Linenr 1250000
2018/10/04 18:14:01 - Select values.0 - linenr 1250000
2018/10/04 18:14:01 - Le Arquivo.0 - Line number : 1300000
2018/10/04 18:14:04 - Carrega tabela.0 - linenr 1250000
2018/10/04 18:14:05 - Separa Ano e Mes.0 - Linenr 1300000
2018/10/04 18:14:20 - Select values.0 - linenr 1300000
2018/10/04 18:14:20 - Le Arquivo.0 - Line number : 1350000
2018/10/04 18:14:24 - Carrega tabela.0 - linenr 1300000
2018/10/04 18:14:24 - Separa Ano e Mes.0 - Linenr 1350000
2018/10/04 18:14:39 - Select values.0 - linenr 1350000
2018/10/04 18:14:39 - Le Arquivo.0 - Line number : 1400000
2018/10/04 18:14:43 - Carrega tabela.0 - linenr 1350000
2018/10/04 18:14:43 - Separa Ano e Mes.0 - Linenr 1400000
2018/10/04 18:14:58 - Select values.0 - linenr 1400000
2018/10/04 18:14:58 - Le Arquivo.0 - Line number : 1450000
2018/10/04 18:15:02 - Carrega tabela.0 - linenr 1400000
2018/10/04 18:15:02 - Separa Ano e Mes.0 - Linenr 1450000
2018/10/04 18:15:17 - Select values.0 - linenr 1450000
2018/10/04 18:15:17 - Le Arquivo.0 - Line number : 1500000
2018/10/04 18:15:21 - Carrega tabela.0 - linenr 1450000
2018/10/04 18:15:21 - Separa Ano e Mes.0 - Linenr 1500000
2018/10/04 18:15:36 - Select values.0 - linenr 1500000
2018/10/04 18:15:36 - Le Arquivo.0 - Line number : 1550000
2018/10/04 18:15:40 - Carrega tabela.0 - linenr 1500000
2018/10/04 18:15:40 - Separa Ano e Mes.0 - Linenr 1550000
2018/10/04 18:15:55 - Select values.0 - linenr 1550000
2018/10/04 18:15:55 - Le Arquivo.0 - Line number : 1600000
2018/10/04 18:15:59 - Carrega tabela.0 - linenr 1550000
2018/10/04 18:15:59 - Separa Ano e Mes.0 - Linenr 1600000
2018/10/04 18:16:14 - Select values.0 - linenr 1600000
2018/10/04 18:16:14 - Le Arquivo.0 - Line number : 1650000
2018/10/04 18:16:18 - Carrega tabela.0 - linenr 1600000
2018/10/04 18:16:18 - Separa Ano e Mes.0 - Linenr 1650000
2018/10/04 18:16:33 - Select values.0 - linenr 1650000
2018/10/04 18:16:33 - Le Arquivo.0 - Line number : 1700000
2018/10/04 18:16:37 - Carrega tabela.0 - linenr 1650000
2018/10/04 18:16:37 - Separa Ano e Mes.0 - Linenr 1700000
2018/10/04 18:16:52 - Select values.0 - linenr 1700000
2018/10/04 18:16:52 - Le Arquivo.0 - Line number : 1750000
2018/10/04 18:16:56 - Carrega tabela.0 - linenr 1700000
2018/10/04 18:16:56 - Separa Ano e Mes.0 - Linenr 1750000
2018/10/04 18:17:11 - Select values.0 - linenr 1750000
2018/10/04 18:17:12 - Le Arquivo.0 - Line number : 1800000
2018/10/04 18:17:15 - Carrega tabela.0 - linenr 1750000
2018/10/04 18:17:16 - Separa Ano e Mes.0 - Linenr 1800000
2018/10/04 18:17:30 - Select values.0 - linenr 1800000
2018/10/04 18:17:31 - Le Arquivo.0 - Line number : 1850000
2018/10/04 18:17:34 - Carrega tabela.0 - linenr 1800000
2018/10/04 18:17:34 - Separa Ano e Mes.0 - Linenr 1850000
2018/10/04 18:17:49 - Select values.0 - linenr 1850000
2018/10/04 18:17:49 - Le Arquivo.0 - Line number : 1900000
2018/10/04 18:17:53 - Carrega tabela.0 - linenr 1850000
2018/10/04 18:17:53 - Separa Ano e Mes.0 - Linenr 1900000
2018/10/04 18:18:08 - Select values.0 - linenr 1900000
2018/10/04 18:18:08 - Le Arquivo.0 - Line number : 1950000
2018/10/04 18:18:12 - Carrega tabela.0 - linenr 1900000
2018/10/04 18:18:12 - Separa Ano e Mes.0 - Linenr 1950000
2018/10/04 18:18:27 - Select values.0 - linenr 1950000
2018/10/04 18:18:27 - Le Arquivo.0 - Line number : 2000000
2018/10/04 18:18:31 - Carrega tabela.0 - linenr 1950000
2018/10/04 18:18:31 - Separa Ano e Mes.0 - Linenr 2000000
2018/10/04 18:18:46 - Select values.0 - linenr 2000000
2018/10/04 18:18:46 - Le Arquivo.0 - Line number : 2050000
2018/10/04 18:18:50 - Carrega tabela.0 - linenr 2000000
2018/10/04 18:18:50 - Separa Ano e Mes.0 - Linenr 2050000
2018/10/04 18:19:06 - Select values.0 - linenr 2050000
2018/10/04 18:19:06 - Le Arquivo.0 - Line number : 2100000
2018/10/04 18:19:09 - Carrega tabela.0 - linenr 2050000
2018/10/04 18:19:10 - Separa Ano e Mes.0 - Linenr 2100000
2018/10/04 18:19:25 - Select values.0 - linenr 2100000
2018/10/04 18:19:25 - Le Arquivo.0 - Line number : 2150000
2018/10/04 18:19:28 - Carrega tabela.0 - linenr 2100000
2018/10/04 18:19:29 - Separa Ano e Mes.0 - Linenr 2150000
2018/10/04 18:19:44 - Select values.0 - linenr 2150000
2018/10/04 18:19:44 - Le Arquivo.0 - Line number : 2200000
2018/10/04 18:19:48 - Carrega tabela.0 - linenr 2150000
2018/10/04 18:19:48 - Separa Ano e Mes.0 - Linenr 2200000
2018/10/04 18:20:03 - Select values.0 - linenr 2200000
2018/10/04 18:20:03 - Le Arquivo.0 - Line number : 2250000
2018/10/04 18:20:07 - Carrega tabela.0 - linenr 2200000
2018/10/04 18:20:07 - Separa Ano e Mes.0 - Linenr 2250000
2018/10/04 18:20:22 - Select values.0 - linenr 2250000
2018/10/04 18:20:22 - Le Arquivo.0 - Line number : 2300000
2018/10/04 18:20:26 - Carrega tabela.0 - linenr 2250000
2018/10/04 18:20:26 - Separa Ano e Mes.0 - Linenr 2300000
2018/10/04 18:20:41 - Select values.0 - linenr 2300000
2018/10/04 18:20:41 - Le Arquivo.0 - Line number : 2350000
2018/10/04 18:20:45 - Carrega tabela.0 - linenr 2300000
2018/10/04 18:20:45 - Separa Ano e Mes.0 - Linenr 2350000
2018/10/04 18:21:01 - Select values.0 - linenr 2350000
2018/10/04 18:21:01 - Le Arquivo.0 - Line number : 2400000
2018/10/04 18:21:04 - Carrega tabela.0 - linenr 2350000
2018/10/04 18:21:05 - Separa Ano e Mes.0 - Linenr 2400000
2018/10/04 18:21:20 - Select values.0 - linenr 2400000
2018/10/04 18:21:20 - Le Arquivo.0 - Line number : 2450000
2018/10/04 18:21:24 - Carrega tabela.0 - linenr 2400000
2018/10/04 18:21:24 - Separa Ano e Mes.0 - Linenr 2450000
2018/10/04 18:21:39 - Select values.0 - linenr 2450000
2018/10/04 18:21:39 - Le Arquivo.0 - Line number : 2500000
2018/10/04 18:21:43 - Carrega tabela.0 - linenr 2450000
2018/10/04 18:21:43 - Separa Ano e Mes.0 - Linenr 2500000
2018/10/04 18:21:58 - Select values.0 - linenr 2500000
2018/10/04 18:21:59 - Le Arquivo.0 - Line number : 2550000
2018/10/04 18:22:02 - Carrega tabela.0 - linenr 2500000
2018/10/04 18:22:02 - Separa Ano e Mes.0 - Linenr 2550000
2018/10/04 18:22:18 - Select values.0 - linenr 2550000
2018/10/04 18:22:18 - Le Arquivo.0 - Line number : 2600000
2018/10/04 18:22:21 - Carrega tabela.0 - linenr 2550000
2018/10/04 18:22:22 - Separa Ano e Mes.0 - Linenr 2600000
2018/10/04 18:22:37 - Select values.0 - linenr 2600000
2018/10/04 18:22:37 - Le Arquivo.0 - Line number : 2650000
2018/10/04 18:22:41 - Carrega tabela.0 - linenr 2600000
2018/10/04 18:22:41 - Separa Ano e Mes.0 - Linenr 2650000
2018/10/04 18:22:56 - Select values.0 - linenr 2650000
2018/10/04 18:22:56 - Le Arquivo.0 - Line number : 2700000
2018/10/04 18:23:00 - Carrega tabela.0 - linenr 2650000
2018/10/04 18:23:00 - Separa Ano e Mes.0 - Linenr 2700000
2018/10/04 18:23:15 - Select values.0 - linenr 2700000
2018/10/04 18:23:15 - Le Arquivo.0 - Line number : 2750000
2018/10/04 18:23:19 - Carrega tabela.0 - linenr 2700000
2018/10/04 18:23:19 - Separa Ano e Mes.0 - Linenr 2750000
2018/10/04 18:23:34 - Select values.0 - linenr 2750000
2018/10/04 18:23:35 - Le Arquivo.0 - Line number : 2800000
2018/10/04 18:23:38 - Carrega tabela.0 - linenr 2750000
2018/10/04 18:23:38 - Separa Ano e Mes.0 - Linenr 2800000
2018/10/04 18:23:53 - Select values.0 - linenr 2800000
2018/10/04 18:23:53 - Le Arquivo.0 - Line number : 2850000
2018/10/04 18:23:57 - Carrega tabela.0 - linenr 2800000
2018/10/04 18:23:57 - Separa Ano e Mes.0 - Linenr 2850000
2018/10/04 18:24:12 - Select values.0 - linenr 2850000
2018/10/04 18:24:12 - Le Arquivo.0 - Line number : 2900000
2018/10/04 18:24:16 - Carrega tabela.0 - linenr 2850000
2018/10/04 18:24:16 - Separa Ano e Mes.0 - Linenr 2900000
2018/10/04 18:24:32 - Select values.0 - linenr 2900000
2018/10/04 18:24:32 - Le Arquivo.0 - Line number : 2950000
2018/10/04 18:24:36 - Carrega tabela.0 - linenr 2900000
2018/10/04 18:24:36 - Separa Ano e Mes.0 - Linenr 2950000
2018/10/04 18:24:52 - Select values.0 - linenr 2950000
2018/10/04 18:24:52 - Le Arquivo.0 - Line number : 3000000
2018/10/04 18:24:56 - Carrega tabela.0 - linenr 2950000
2018/10/04 18:24:56 - Separa Ano e Mes.0 - Linenr 3000000
2018/10/04 18:25:11 - Select values.0 - linenr 3000000
2018/10/04 18:25:12 - Le Arquivo.0 - Line number : 3050000
2018/10/04 18:25:15 - Carrega tabela.0 - linenr 3000000
2018/10/04 18:25:15 - Separa Ano e Mes.0 - Linenr 3050000
2018/10/04 18:25:31 - Select values.0 - linenr 3050000
2018/10/04 18:25:31 - Le Arquivo.0 - Line number : 3100000
2018/10/04 18:25:34 - Carrega tabela.0 - linenr 3050000
2018/10/04 18:25:35 - Separa Ano e Mes.0 - Linenr 3100000
2018/10/04 18:25:50 - Select values.0 - linenr 3100000
2018/10/04 18:25:50 - Le Arquivo.0 - Line number : 3150000
2018/10/04 18:25:54 - Carrega tabela.0 - linenr 3100000
2018/10/04 18:25:54 - Separa Ano e Mes.0 - Linenr 3150000
2018/10/04 18:26:09 - Select values.0 - linenr 3150000
2018/10/04 18:26:09 - Le Arquivo.0 - Line number : 3200000
2018/10/04 18:26:13 - Carrega tabela.0 - linenr 3150000
2018/10/04 18:26:13 - Separa Ano e Mes.0 - Linenr 3200000
2018/10/04 18:26:29 - Select values.0 - linenr 3200000
2018/10/04 18:26:29 - Le Arquivo.0 - Line number : 3250000
2018/10/04 18:26:33 - Carrega tabela.0 - linenr 3200000
2018/10/04 18:26:33 - Separa Ano e Mes.0 - Linenr 3250000
2018/10/04 18:26:48 - Select values.0 - linenr 3250000
2018/10/04 18:26:49 - Le Arquivo.0 - Line number : 3300000
2018/10/04 18:26:53 - Carrega tabela.0 - linenr 3250000
2018/10/04 18:26:53 - Separa Ano e Mes.0 - Linenr 3300000
2018/10/04 18:27:08 - Select values.0 - linenr 3300000
2018/10/04 18:27:08 - Le Arquivo.0 - Line number : 3350000
2018/10/04 18:27:12 - Carrega tabela.0 - linenr 3300000
2018/10/04 18:27:12 - Separa Ano e Mes.0 - Linenr 3350000
2018/10/04 18:27:27 - Select values.0 - linenr 3350000
2018/10/04 18:27:27 - Le Arquivo.0 - Line number : 3400000
2018/10/04 18:27:31 - Carrega tabela.0 - linenr 3350000
2018/10/04 18:27:31 - Separa Ano e Mes.0 - Linenr 3400000
2018/10/04 18:27:46 - Select values.0 - linenr 3400000
2018/10/04 18:27:47 - Le Arquivo.0 - Line number : 3450000
2018/10/04 18:27:50 - Carrega tabela.0 - linenr 3400000
2018/10/04 18:27:50 - Separa Ano e Mes.0 - Linenr 3450000
2018/10/04 18:28:06 - Select values.0 - linenr 3450000
2018/10/04 18:28:06 - Le Arquivo.0 - Line number : 3500000
2018/10/04 18:28:10 - Carrega tabela.0 - linenr 3450000
2018/10/04 18:28:10 - Separa Ano e Mes.0 - Linenr 3500000
2018/10/04 18:28:25 - Select values.0 - linenr 3500000
2018/10/04 18:28:25 - Le Arquivo.0 - Line number : 3550000
2018/10/04 18:28:29 - Carrega tabela.0 - linenr 3500000
2018/10/04 18:28:29 - Separa Ano e Mes.0 - Linenr 3550000
2018/10/04 18:28:45 - Select values.0 - linenr 3550000
2018/10/04 18:28:45 - Le Arquivo.0 - Line number : 3600000
2018/10/04 18:28:48 - Carrega tabela.0 - linenr 3550000
2018/10/04 18:28:49 - Separa Ano e Mes.0 - Linenr 3600000
2018/10/04 18:29:04 - Select values.0 - linenr 3600000
2018/10/04 18:29:04 - Le Arquivo.0 - Line number : 3650000
2018/10/04 18:29:08 - Carrega tabela.0 