#######################################################################
WARNING:  no libwebkitgtk-1.0 detected, some features will be unavailable
    Consider installing the package with apt-get or yum.
    e.g. 'sudo apt-get install libwebkitgtk-1.0-0'
#######################################################################
OpenJDK 64-Bit Server VM warning: ignoring option MaxPermSize=4G; support was removed in 8.0
00:18:49,530 INFO  [KarafBoot] Checking to see if org.pentaho.clean.karaf.cache is enabled
00:18:49,633 INFO  [KarafInstance] 
*******************************************************************************
*** Karaf Instance Number: 2 at /opt/data-integration/./system/karaf/caches ***
***   /kitchen/data-1                                                       ***
*** FastBin Provider Port:52902                                             ***
*** Karaf Port:8803                                                         ***
*** OSGI Service Port:9052                                                  ***
*******************************************************************************
out 01, 2018 12:18:50 AM org.apache.karaf.main.Main$KarafLockCallback lockAquired
INFO: Lock acquired. Setting startlevel to 100
2018/10/01 00:18:50 - Kitchen - Start of run.
2018-10-01 00:18:52.843:INFO:oejs.Server:jetty-8.1.15.v20140411
2018-10-01 00:18:52.875:INFO:oejs.AbstractConnector:Started NIOSocketConnectorWrapper@0.0.0.0:9052
out 01, 2018 12:18:53 AM org.apache.cxf.bus.blueprint.NamespaceHandlerRegisterer register
INFO: Registered blueprint namespace handler for http://cxf.apache.org/blueprint/core
out 01, 2018 12:18:53 AM org.apache.cxf.bus.blueprint.NamespaceHandlerRegisterer register
INFO: Registered blueprint namespace handler for http://cxf.apache.org/configuration/beans
out 01, 2018 12:18:53 AM org.apache.cxf.bus.blueprint.NamespaceHandlerRegisterer register
INFO: Registered blueprint namespace handler for http://cxf.apache.org/configuration/parameterized-types
out 01, 2018 12:18:53 AM org.apache.cxf.bus.blueprint.NamespaceHandlerRegisterer register
INFO: Registered blueprint namespace handler for http://cxf.apache.org/configuration/security
out 01, 2018 12:18:53 AM org.apache.cxf.bus.blueprint.NamespaceHandlerRegisterer register
INFO: Registered blueprint namespace handler for http://schemas.xmlsoap.org/wsdl/
out 01, 2018 12:18:53 AM org.apache.cxf.bus.blueprint.NamespaceHandlerRegisterer register
INFO: Registered blueprint namespace handler for http://www.w3.org/2005/08/addressing
out 01, 2018 12:18:53 AM org.apache.cxf.bus.blueprint.NamespaceHandlerRegisterer register
INFO: Registered blueprint namespace handler for http://schemas.xmlsoap.org/ws/2004/08/addressing
out 01, 2018 12:18:53 AM org.apache.cxf.bus.osgi.CXFExtensionBundleListener addExtensions
INFO: Adding the extensions from bundle org.apache.cxf.cxf-rt-management (152) [org.apache.cxf.management.InstrumentationManager]
out 01, 2018 12:18:53 AM org.apache.cxf.bus.osgi.CXFExtensionBundleListener addExtensions
INFO: Adding the extensions from bundle org.apache.cxf.cxf-rt-ws-policy (203) [org.apache.cxf.ws.policy.PolicyEngine, org.apache.cxf.policy.PolicyDataEngine, org.apache.cxf.ws.policy.AssertionBuilderRegistry, org.apache.cxf.ws.policy.PolicyInterceptorProviderRegistry, org.apache.cxf.ws.policy.PolicyBuilder, org.apache.cxf.ws.policy.PolicyAnnotationListener, org.apache.cxf.ws.policy.attachment.ServiceModelPolicyProvider, org.apache.cxf.ws.policy.attachment.external.DomainExpressionBuilderRegistry, org.apache.cxf.ws.policy.attachment.external.EndpointReferenceDomainExpressionBuilder, org.apache.cxf.ws.policy.attachment.external.URIDomainExpressionBuilder, org.apache.cxf.ws.policy.attachment.wsdl11.Wsdl11AttachmentPolicyProvider, org.apache.cxf.ws.policy.mtom.MTOMAssertionBuilder, org.apache.cxf.ws.policy.mtom.MTOMPolicyInterceptorProvider]
out 01, 2018 12:18:53 AM org.apache.cxf.bus.osgi.CXFExtensionBundleListener addExtensions
INFO: Adding the extensions from bundle org.apache.cxf.cxf-rt-transports-http (156) [org.apache.cxf.transport.http.HTTPTransportFactory, org.apache.cxf.transport.http.HTTPWSDLExtensionLoader, org.apache.cxf.transport.http.policy.HTTPClientAssertionBuilder, org.apache.cxf.transport.http.policy.HTTPServerAssertionBuilder, org.apache.cxf.transport.http.policy.NoOpPolicyInterceptorProvider]
out 01, 2018 12:18:53 AM org.apache.cxf.bus.osgi.CXFExtensionBundleListener addExtensions
INFO: Adding the extensions from bundle org.apache.cxf.cxf-rt-wsdl (189) [org.apache.cxf.wsdl.WSDLManager]
out 01, 2018 12:18:53 AM org.apache.cxf.bus.blueprint.NamespaceHandlerRegisterer register
INFO: Registered blueprint namespace handler for http://cxf.apache.org/transports/http/configuration
out 01, 2018 12:18:53 AM org.apache.cxf.bus.osgi.CXFExtensionBundleListener addExtensions
INFO: Adding the extensions from bundle org.apache.cxf.cxf-rt-bindings-soap (192) [org.apache.cxf.binding.soap.SoapBindingFactory, org.apache.cxf.binding.soap.SoapTransportFactory]
out 01, 2018 12:18:53 AM org.apache.cxf.bus.blueprint.NamespaceHandlerRegisterer register
INFO: Registered blueprint namespace handler for http://cxf.apache.org/blueprint/jaxrs
out 01, 2018 12:18:53 AM org.apache.cxf.bus.blueprint.NamespaceHandlerRegisterer register
INFO: Registered blueprint namespace handler for http://cxf.apache.org/blueprint/jaxrs-client
out 01, 2018 12:18:53 AM org.apache.cxf.bus.osgi.CXFExtensionBundleListener addExtensions
INFO: Adding the extensions from bundle org.apache.cxf.cxf-rt-bindings-xml (191) [org.apache.cxf.binding.xml.XMLBindingFactory, org.apache.cxf.binding.xml.wsdl11.XMLWSDLExtensionLoader]
out 01, 2018 12:18:53 AM org.apache.cxf.bus.blueprint.NamespaceHandlerRegisterer register
INFO: Registered blueprint namespace handler for http://cxf.apache.org/blueprint/bindings/soap
out 01, 2018 12:18:53 AM org.apache.cxf.bus.blueprint.NamespaceHandlerRegisterer register
INFO: Registered blueprint namespace handler for http://cxf.apache.org/blueprint/simple
out 01, 2018 12:18:53 AM org.apache.cxf.bus.osgi.CXFExtensionBundleListener addExtensions
INFO: Adding the extensions from bundle org.apache.cxf.cxf-rt-frontend-jaxws (194) [org.apache.cxf.jaxws.context.WebServiceContextResourceResolver]
out 01, 2018 12:18:53 AM org.apache.cxf.bus.blueprint.NamespaceHandlerRegisterer register
INFO: Registered blueprint namespace handler for http://cxf.apache.org/blueprint/jaxws
out 01, 2018 12:18:53 AM org.apache.cxf.bus.blueprint.NamespaceHandlerRegisterer register
INFO: Registered blueprint namespace handler for http://cxf.apache.org/binding/coloc
out 01, 2018 12:18:53 AM org.apache.cxf.bus.osgi.CXFExtensionBundleListener addExtensions
INFO: Adding the extensions from bundle org.apache.cxf.cxf-rt-transports-local (199) [org.apache.cxf.transport.local.LocalTransportFactory]
out 01, 2018 12:18:53 AM org.apache.cxf.bus.osgi.CXFExtensionBundleListener addExtensions
INFO: Adding the extensions from bundle org.apache.cxf.cxf-rt-bindings-object (200) [org.apache.cxf.binding.object.ObjectBindingFactory]
out 01, 2018 12:18:53 AM org.apache.cxf.bus.blueprint.NamespaceHandlerRegisterer register
INFO: Registered blueprint namespace handler for http://cxf.apache.org/blueprint/binding/object
out 01, 2018 12:18:53 AM org.apache.cxf.bus.blueprint.NamespaceHandlerRegisterer register
INFO: Registered blueprint namespace handler for http://cxf.apache.org/policy
out 01, 2018 12:18:53 AM org.apache.cxf.bus.blueprint.NamespaceHandlerRegisterer register
INFO: Registered blueprint namespace handler for http://www.w3.org/ns/ws-policy
out 01, 2018 12:18:53 AM org.apache.cxf.bus.blueprint.NamespaceHandlerRegisterer register
INFO: Registered blueprint namespace handler for http://www.w3.org/2006/07/ws-policy
out 01, 2018 12:18:53 AM org.apache.cxf.bus.blueprint.NamespaceHandlerRegisterer register
INFO: Registered blueprint namespace handler for http://schemas.xmlsoap.org/ws/2004/09/policy
out 01, 2018 12:18:53 AM org.apache.cxf.bus.blueprint.NamespaceHandlerRegisterer register
INFO: Registered blueprint namespace handler for http://docs.oasis-open.org/wss/2004/01/oasis-200401-wss-wssecurity-secext-1.0.xsd
out 01, 2018 12:18:53 AM org.apache.cxf.bus.blueprint.NamespaceHandlerRegisterer register
INFO: Registered blueprint namespace handler for http://docs.oasis-open.org/wss/2004/01/oasis-200401-wss-wssecurity-utility-1.0.xsd
out 01, 2018 12:18:53 AM org.apache.cxf.bus.blueprint.NamespaceHandlerRegisterer register
INFO: Registered blueprint namespace handler for http://www.w3.org/2000/09/xmldsig#
out 01, 2018 12:18:53 AM org.apache.cxf.bus.blueprint.NamespaceHandlerRegisterer register
INFO: Registered blueprint namespace handler for http://docs.oasis-open.org/ws-sx/ws-securitypolicy/200702
out 01, 2018 12:18:53 AM org.apache.cxf.bus.osgi.CXFExtensionBundleListener addExtensions
INFO: Adding the extensions from bundle org.apache.cxf.cxf-rt-ws-addr (220) [org.apache.cxf.ws.addressing.policy.AddressingAssertionBuilder, org.apache.cxf.ws.addressing.policy.UsingAddressingAssertionBuilder, org.apache.cxf.ws.addressing.policy.AddressingPolicyInterceptorProvider, org.apache.cxf.ws.addressing.impl.AddressingWSDLExtensionLoader, org.apache.cxf.ws.addressing.WSAddressingFeature$WSAddressingFeatureApplier, org.apache.cxf.ws.addressing.MAPAggregator$MAPAggregatorLoader]
out 01, 2018 12:18:53 AM org.apache.cxf.bus.blueprint.NamespaceHandlerRegisterer register
INFO: Registered blueprint namespace handler for http://cxf.apache.org/ws/addressing
out 01, 2018 12:18:53 AM org.apache.cxf.bus.osgi.CXFExtensionBundleListener addExtensions
INFO: Adding the extensions from bundle org.apache.cxf.cxf-rt-ws-security (222) [org.apache.cxf.ws.security.policy.WSSecurityPolicyLoader, org.apache.cxf.ws.security.cache.CacheCleanupListener]
out 01, 2018 12:18:53 AM org.apache.cxf.bus.osgi.CXFExtensionBundleListener addExtensions
INFO: Adding the extensions from bundle org.apache.cxf.cxf-rt-ws-rm (224) [org.apache.cxf.ws.rm.RMManager, org.apache.cxf.ws.rm.policy.RMPolicyInterceptorProvider, org.apache.cxf.ws.rm.policy.RM10AssertionBuilder, org.apache.cxf.ws.rm.policy.RM12AssertionBuilder, org.apache.cxf.ws.rm.policy.WSRMP12PolicyLoader, org.apache.cxf.ws.rm.policy.MC11PolicyLoader, org.apache.cxf.ws.rm.policy.RSPPolicyLoader]
out 01, 2018 12:18:53 AM org.apache.cxf.bus.blueprint.NamespaceHandlerRegisterer register
INFO: Registered blueprint namespace handler for http://cxf.apache.org/ws/rm/manager
out 01, 2018 12:18:53 AM org.apache.cxf.bus.blueprint.NamespaceHandlerRegisterer register
INFO: Registered blueprint namespace handler for http://schemas.xmlsoap.org/ws/2005/02/rm/policy
out 01, 2018 12:18:53 AM org.apache.cxf.bus.osgi.CXFExtensionBundleListener addExtensions
INFO: Adding the extensions from bundle org.apache.cxf.cxf-rt-javascript (225) [org.apache.cxf.javascript.JavascriptServerListener]
out 01, 2018 12:18:53 AM org.pentaho.caching.impl.PentahoCacheManagerFactory$RegistrationHandler$1 onSuccess
INFO: New Caching Service registered
2018/10/01 00:18:56 - job_carga_caged - Start of job execution
2018/10/01 00:18:56 - job_carga_caged - Starting entry [ktr_carga_caged]
2018/10/01 00:18:56 - ktr_carga_caged - Loading transformation from XML file [/home/unb/MTB/ETL/ods/mtb/caged_dw/ktr_carga_caged.ktr]
out 01, 2018 12:18:56 AM org.apache.cxf.endpoint.ServerImpl initDestination
INFO: Setting the server's publish address to be /marketplace
2018/10/01 00:18:56 - ktr_carga_caged - Using run configuration [Pentaho local]
2018/10/01 00:18:56 - ktr_carga_caged - Using legacy execution engine
2018/10/01 00:18:56 - ktr_carga_caged - Dispatching started for transformation [ktr_carga_caged]
out 01, 2018 12:18:56 AM org.apache.cxf.endpoint.ServerImpl initDestination
INFO: Setting the server's publish address to be /lineage
out 01, 2018 12:18:56 AM org.apache.cxf.endpoint.ServerImpl initDestination
INFO: Setting the server's publish address to be /i18n
SLF4J: Class path contains multiple SLF4J bindings.
SLF4J: Found binding in [jar:file:/opt/data-integration/launcher/../lib/slf4j-log4j12-1.7.7.jar!/org/slf4j/impl/StaticLoggerBinder.class]
SLF4J: Found binding in [jar:file:/opt/data-integration/plugins/pentaho-big-data-plugin/lib/slf4j-log4j12-1.7.7.jar!/org/slf4j/impl/StaticLoggerBinder.class]
SLF4J: See http://www.slf4j.org/codes.html#multiple_bindings for an explanation.
SLF4J: Actual binding is of type [org.slf4j.impl.Log4jLoggerFactory]
2018/10/01 00:21:03 - Carrega tabela.0 - ERROR (version 7.1.0.0-12, build 1 from 2017-05-16 17.18.02 by buildguy) : An error occurred intialising this step: 
2018/10/01 00:21:03 - Carrega tabela.0 - Error occurred while trying to connect to the database
2018/10/01 00:21:03 - Carrega tabela.0 - 
2018/10/01 00:21:03 - Carrega tabela.0 - Error connecting to database: (using class org.postgresql.Driver)
2018/10/01 00:21:03 - Carrega tabela.0 - Connection refused. Check that the hostname and port are correct and that the postmaster is accepting TCP/IP connections.
2018/10/01 00:21:03 - Carrega tabela.0 - ERROR (version 7.1.0.0-12, build 1 from 2017-05-16 17.18.02 by buildguy) : Error initializing step [Carrega tabela]
2018/10/01 00:21:03 - ktr_carga_caged - ERROR (version 7.1.0.0-12, build 1 from 2017-05-16 17.18.02 by buildguy) : Step [Carrega tabela.0] failed to initialize!
2018/10/01 00:21:03 - Carrega tabela.0 - ERROR (version 7.1.0.0-12, build 1 from 2017-05-16 17.18.02 by buildguy) : Unexpected error rolling back the database connection.
2018/10/01 00:21:03 - Carrega tabela.0 - ERROR (version 7.1.0.0-12, build 1 from 2017-05-16 17.18.02 by buildguy) : org.pentaho.di.core.exception.KettleDatabaseException: 
2018/10/01 00:21:03 - Carrega tabela.0 - Unable to get database metadata from this database connection
2018/10/01 00:21:03 - Carrega tabela.0 -  at org.pentaho.di.job.Job.run (Job.java:436)
2018/10/01 00:21:03 - Carrega tabela.0 -  at org.pentaho.di.job.Job.execute (Job.java:546)
2018/10/01 00:21:03 - Carrega tabela.0 -  at org.pentaho.di.job.Job.execute (Job.java:865)
2018/10/01 00:21:03 - Carrega tabela.0 -  at org.pentaho.di.job.Job.execute (Job.java:724)
2018/10/01 00:21:03 - Carrega tabela.0 -  at org.pentaho.di.job.entries.trans.JobEntryTrans.execute (JobEntryTrans.java:1152)
2018/10/01 00:21:03 - Carrega tabela.0 -  at org.pentaho.di.trans.Trans.execute (Trans.java:627)
2018/10/01 00:21:03 - Carrega tabela.0 -  at org.pentaho.di.trans.Trans.prepareExecution (Trans.java:1128)
2018/10/01 00:21:03 - Carrega tabela.0 -  at org.pentaho.di.trans.steps.tableoutput.TableOutput.dispose (TableOutput.java:621)
2018/10/01 00:21:03 - Carrega tabela.0 -  at org.pentaho.di.core.database.Database.rollback (Database.java:880)
2018/10/01 00:21:03 - Carrega tabela.0 -  at org.pentaho.di.core.database.Database.rollback (Database.java:888)
2018/10/01 00:21:03 - Carrega tabela.0 -  at org.pentaho.di.core.database.Database.getDatabaseMetaData (Database.java:2917)
2018/10/01 00:21:03 - Carrega tabela.0 - 
2018/10/01 00:21:03 - Carrega tabela.0 - 	at org.pentaho.di.core.database.Database.getDatabaseMetaData(Database.java:2919)
2018/10/01 00:21:03 - Carrega tabela.0 - 	at org.pentaho.di.core.database.Database.rollback(Database.java:888)
2018/10/01 00:21:03 - Carrega tabela.0 - 	at org.pentaho.di.core.database.Database.rollback(Database.java:880)
2018/10/01 00:21:03 - Carrega tabela.0 - 	at org.pentaho.di.trans.steps.tableoutput.TableOutput.dispose(TableOutput.java:621)
2018/10/01 00:21:03 - Carrega tabela.0 - 	at org.pentaho.di.trans.Trans.prepareExecution(Trans.java:1128)
2018/10/01 00:21:03 - Carrega tabela.0 - 	at org.pentaho.di.trans.Trans.execute(Trans.java:627)
2018/10/01 00:21:03 - Carrega tabela.0 - 	at org.pentaho.di.job.entries.trans.JobEntryTrans.execute(JobEntryTrans.java:1152)
2018/10/01 00:21:03 - Carrega tabela.0 - 	at org.pentaho.di.job.Job.execute(Job.java:724)
2018/10/01 00:21:03 - Carrega tabela.0 - 	at org.pentaho.di.job.Job.execute(Job.java:865)
2018/10/01 00:21:03 - Carrega tabela.0 - 	at org.pentaho.di.job.Job.execute(Job.java:546)
2018/10/01 00:21:03 - Carrega tabela.0 - 	at org.pentaho.di.job.Job.run(Job.java:436)
2018/10/01 00:21:03 - Carrega tabela.0 - Caused by: java.lang.NullPointerException
2018/10/01 00:21:03 - Carrega tabela.0 - 	at org.pentaho.di.core.database.Database.getDatabaseMetaData(Database.java:2917)
2018/10/01 00:21:03 - Carrega tabela.0 - 	... 10 more
2018/10/01 00:21:03 - ktr_carga_caged - ERROR (version 7.1.0.0-12, build 1 from 2017-05-16 17.18.02 by buildguy) : Unable to prepare for execution of the transformation
2018/10/01 00:21:03 - ktr_carga_caged - ERROR (version 7.1.0.0-12, build 1 from 2017-05-16 17.18.02 by buildguy) : org.pentaho.di.core.exception.KettleException: 
2018/10/01 00:21:03 - ktr_carga_caged - We failed to initialize at least one step.  Execution can not begin!
2018/10/01 00:21:03 - ktr_carga_caged - 
2018/10/01 00:21:03 - ktr_carga_caged - 
2018/10/01 00:21:03 - ktr_carga_caged - 	at org.pentaho.di.trans.Trans.prepareExecution(Trans.java:1157)
2018/10/01 00:21:03 - ktr_carga_caged - 	at org.pentaho.di.trans.Trans.execute(Trans.java:627)
2018/10/01 00:21:03 - ktr_carga_caged - 	at org.pentaho.di.job.entries.trans.JobEntryTrans.execute(JobEntryTrans.java:1152)
2018/10/01 00:21:03 - ktr_carga_caged - 	at org.pentaho.di.job.Job.execute(Job.java:724)
2018/10/01 00:21:03 - ktr_carga_caged - 	at org.pentaho.di.job.Job.execute(Job.java:865)
2018/10/01 00:21:03 - ktr_carga_caged - 	at org.pentaho.di.job.Job.execute(Job.java:546)
2018/10/01 00:21:03 - ktr_carga_caged - 	at org.pentaho.di.job.Job.run(Job.java:436)
2018/10/01 00:21:03 - job_carga_caged - Finished job entry [ktr_carga_caged] (result=[false])
2018/10/01 00:21:03 - job_carga_caged - Job execution finished
2018/10/01 00:21:03 - Kitchen - Finished!
2018/10/01 00:21:03 - Kitchen - ERROR (version 7.1.0.0-12, build 1 from 2017-05-16 17.18.02 by buildguy) : Finished with errors
2018/10/01 00:21:03 - Kitchen - Start=2018/10/01 00:18:50.515, Stop=2018/10/01 00:21:03.779
2018/10/01 00:21:03 - Kitchen - Processing ended after 2 minutes and 13 seconds (133 seconds total).
