#######################################################################
WARNING:  no libwebkitgtk-1.0 detected, some features will be unavailable
    Consider installing the package with apt-get or yum.
    e.g. 'sudo apt-get install libwebkitgtk-1.0-0'
#######################################################################
OpenJDK 64-Bit Server VM warning: ignoring option MaxPermSize=4G; support was removed in 8.0
23:02:25,792 INFO  [KarafBoot] Checking to see if org.pentaho.clean.karaf.cache is enabled
23:02:25,898 INFO  [KarafInstance] 
*******************************************************************************
*** Karaf Instance Number: 2 at /opt/data-integration/./system/karaf/caches ***
***   /kitchen/data-1                                                       ***
*** FastBin Provider Port:52902                                             ***
*** Karaf Port:8803                                                         ***
*** OSGI Service Port:9052                                                  ***
*******************************************************************************
set 30, 2018 11:02:26 PM org.apache.karaf.main.Main$KarafLockCallback lockAquired
INFO: Lock acquired. Setting startlevel to 100
2018/09/30 23:02:26 - Kitchen - Start of run.
2018-09-30 23:02:29.208:INFO:oejs.Server:jetty-8.1.15.v20140411
2018-09-30 23:02:29.235:INFO:oejs.AbstractConnector:Started NIOSocketConnectorWrapper@0.0.0.0:9052
set 30, 2018 11:02:29 PM org.apache.cxf.bus.blueprint.NamespaceHandlerRegisterer register
INFO: Registered blueprint namespace handler for http://cxf.apache.org/blueprint/core
set 30, 2018 11:02:29 PM org.apache.cxf.bus.blueprint.NamespaceHandlerRegisterer register
INFO: Registered blueprint namespace handler for http://cxf.apache.org/configuration/beans
set 30, 2018 11:02:29 PM org.apache.cxf.bus.blueprint.NamespaceHandlerRegisterer register
INFO: Registered blueprint namespace handler for http://cxf.apache.org/configuration/parameterized-types
set 30, 2018 11:02:29 PM org.apache.cxf.bus.blueprint.NamespaceHandlerRegisterer register
INFO: Registered blueprint namespace handler for http://cxf.apache.org/configuration/security
set 30, 2018 11:02:29 PM org.apache.cxf.bus.blueprint.NamespaceHandlerRegisterer register
INFO: Registered blueprint namespace handler for http://schemas.xmlsoap.org/wsdl/
set 30, 2018 11:02:29 PM org.apache.cxf.bus.blueprint.NamespaceHandlerRegisterer register
INFO: Registered blueprint namespace handler for http://www.w3.org/2005/08/addressing
set 30, 2018 11:02:29 PM org.apache.cxf.bus.blueprint.NamespaceHandlerRegisterer register
INFO: Registered blueprint namespace handler for http://schemas.xmlsoap.org/ws/2004/08/addressing
set 30, 2018 11:02:29 PM org.apache.cxf.bus.osgi.CXFExtensionBundleListener addExtensions
INFO: Adding the extensions from bundle org.apache.cxf.cxf-rt-management (152) [org.apache.cxf.management.InstrumentationManager]
set 30, 2018 11:02:29 PM org.apache.cxf.bus.osgi.CXFExtensionBundleListener addExtensions
INFO: Adding the extensions from bundle org.apache.cxf.cxf-rt-transports-http (156) [org.apache.cxf.transport.http.HTTPTransportFactory, org.apache.cxf.transport.http.HTTPWSDLExtensionLoader, org.apache.cxf.transport.http.policy.HTTPClientAssertionBuilder, org.apache.cxf.transport.http.policy.HTTPServerAssertionBuilder, org.apache.cxf.transport.http.policy.NoOpPolicyInterceptorProvider]
set 30, 2018 11:02:29 PM org.apache.cxf.bus.osgi.CXFExtensionBundleListener addExtensions
INFO: Adding the extensions from bundle org.apache.cxf.cxf-rt-wsdl (189) [org.apache.cxf.wsdl.WSDLManager]
set 30, 2018 11:02:29 PM org.apache.cxf.bus.osgi.CXFExtensionBundleListener addExtensions
INFO: Adding the extensions from bundle org.apache.cxf.cxf-rt-ws-policy (203) [org.apache.cxf.ws.policy.PolicyEngine, org.apache.cxf.policy.PolicyDataEngine, org.apache.cxf.ws.policy.AssertionBuilderRegistry, org.apache.cxf.ws.policy.PolicyInterceptorProviderRegistry, org.apache.cxf.ws.policy.PolicyBuilder, org.apache.cxf.ws.policy.PolicyAnnotationListener, org.apache.cxf.ws.policy.attachment.ServiceModelPolicyProvider, org.apache.cxf.ws.policy.attachment.external.DomainExpressionBuilderRegistry, org.apache.cxf.ws.policy.attachment.external.EndpointReferenceDomainExpressionBuilder, org.apache.cxf.ws.policy.attachment.external.URIDomainExpressionBuilder, org.apache.cxf.ws.policy.attachment.wsdl11.Wsdl11AttachmentPolicyProvider, org.apache.cxf.ws.policy.mtom.MTOMAssertionBuilder, org.apache.cxf.ws.policy.mtom.MTOMPolicyInterceptorProvider]
set 30, 2018 11:02:29 PM org.apache.cxf.bus.blueprint.NamespaceHandlerRegisterer register
INFO: Registered blueprint namespace handler for http://cxf.apache.org/transports/http/configuration
set 30, 2018 11:02:29 PM org.apache.cxf.bus.osgi.CXFExtensionBundleListener addExtensions
INFO: Adding the extensions from bundle org.apache.cxf.cxf-rt-bindings-soap (192) [org.apache.cxf.binding.soap.SoapBindingFactory, org.apache.cxf.binding.soap.SoapTransportFactory]
set 30, 2018 11:02:29 PM org.apache.cxf.bus.blueprint.NamespaceHandlerRegisterer register
INFO: Registered blueprint namespace handler for http://cxf.apache.org/blueprint/jaxrs
set 30, 2018 11:02:29 PM org.apache.cxf.bus.blueprint.NamespaceHandlerRegisterer register
INFO: Registered blueprint namespace handler for http://cxf.apache.org/blueprint/jaxrs-client
set 30, 2018 11:02:29 PM org.apache.cxf.bus.osgi.CXFExtensionBundleListener addExtensions
INFO: Adding the extensions from bundle org.apache.cxf.cxf-rt-bindings-xml (191) [org.apache.cxf.binding.xml.XMLBindingFactory, org.apache.cxf.binding.xml.wsdl11.XMLWSDLExtensionLoader]
set 30, 2018 11:02:29 PM org.apache.cxf.bus.blueprint.NamespaceHandlerRegisterer register
INFO: Registered blueprint namespace handler for http://cxf.apache.org/blueprint/bindings/soap
set 30, 2018 11:02:29 PM org.apache.cxf.bus.blueprint.NamespaceHandlerRegisterer register
INFO: Registered blueprint namespace handler for http://cxf.apache.org/blueprint/simple
set 30, 2018 11:02:29 PM org.apache.cxf.bus.osgi.CXFExtensionBundleListener addExtensions
INFO: Adding the extensions from bundle org.apache.cxf.cxf-rt-frontend-jaxws (194) [org.apache.cxf.jaxws.context.WebServiceContextResourceResolver]
set 30, 2018 11:02:29 PM org.apache.cxf.bus.blueprint.NamespaceHandlerRegisterer register
INFO: Registered blueprint namespace handler for http://cxf.apache.org/blueprint/jaxws
set 30, 2018 11:02:29 PM org.apache.cxf.bus.blueprint.NamespaceHandlerRegisterer register
INFO: Registered blueprint namespace handler for http://cxf.apache.org/binding/coloc
set 30, 2018 11:02:29 PM org.apache.cxf.bus.osgi.CXFExtensionBundleListener addExtensions
INFO: Adding the extensions from bundle org.apache.cxf.cxf-rt-transports-local (199) [org.apache.cxf.transport.local.LocalTransportFactory]
set 30, 2018 11:02:29 PM org.apache.cxf.bus.osgi.CXFExtensionBundleListener addExtensions
INFO: Adding the extensions from bundle org.apache.cxf.cxf-rt-bindings-object (200) [org.apache.cxf.binding.object.ObjectBindingFactory]
set 30, 2018 11:02:29 PM org.apache.cxf.bus.blueprint.NamespaceHandlerRegisterer register
INFO: Registered blueprint namespace handler for http://cxf.apache.org/blueprint/binding/object
set 30, 2018 11:02:29 PM org.apache.cxf.bus.blueprint.NamespaceHandlerRegisterer register
INFO: Registered blueprint namespace handler for http://cxf.apache.org/policy
set 30, 2018 11:02:29 PM org.apache.cxf.bus.blueprint.NamespaceHandlerRegisterer register
INFO: Registered blueprint namespace handler for http://www.w3.org/ns/ws-policy
set 30, 2018 11:02:29 PM org.apache.cxf.bus.blueprint.NamespaceHandlerRegisterer register
INFO: Registered blueprint namespace handler for http://www.w3.org/2006/07/ws-policy
set 30, 2018 11:02:29 PM org.apache.cxf.bus.blueprint.NamespaceHandlerRegisterer register
INFO: Registered blueprint namespace handler for http://schemas.xmlsoap.org/ws/2004/09/policy
set 30, 2018 11:02:29 PM org.apache.cxf.bus.blueprint.NamespaceHandlerRegisterer register
INFO: Registered blueprint namespace handler for http://docs.oasis-open.org/wss/2004/01/oasis-200401-wss-wssecurity-secext-1.0.xsd
set 30, 2018 11:02:29 PM org.apache.cxf.bus.blueprint.NamespaceHandlerRegisterer register
INFO: Registered blueprint namespace handler for http://docs.oasis-open.org/wss/2004/01/oasis-200401-wss-wssecurity-utility-1.0.xsd
set 30, 2018 11:02:29 PM org.apache.cxf.bus.blueprint.NamespaceHandlerRegisterer register
INFO: Registered blueprint namespace handler for http://www.w3.org/2000/09/xmldsig#
set 30, 2018 11:02:29 PM org.apache.cxf.bus.blueprint.NamespaceHandlerRegisterer register
INFO: Registered blueprint namespace handler for http://docs.oasis-open.org/ws-sx/ws-securitypolicy/200702
set 30, 2018 11:02:29 PM org.apache.cxf.bus.osgi.CXFExtensionBundleListener addExtensions
INFO: Adding the extensions from bundle org.apache.cxf.cxf-rt-ws-addr (220) [org.apache.cxf.ws.addressing.policy.AddressingAssertionBuilder, org.apache.cxf.ws.addressing.policy.UsingAddressingAssertionBuilder, org.apache.cxf.ws.addressing.policy.AddressingPolicyInterceptorProvider, org.apache.cxf.ws.addressing.impl.AddressingWSDLExtensionLoader, org.apache.cxf.ws.addressing.WSAddressingFeature$WSAddressingFeatureApplier, org.apache.cxf.ws.addressing.MAPAggregator$MAPAggregatorLoader]
set 30, 2018 11:02:29 PM org.apache.cxf.bus.blueprint.NamespaceHandlerRegisterer register
INFO: Registered blueprint namespace handler for http://cxf.apache.org/ws/addressing
set 30, 2018 11:02:29 PM org.apache.cxf.bus.osgi.CXFExtensionBundleListener addExtensions
INFO: Adding the extensions from bundle org.apache.cxf.cxf-rt-ws-security (222) [org.apache.cxf.ws.security.policy.WSSecurityPolicyLoader, org.apache.cxf.ws.security.cache.CacheCleanupListener]
set 30, 2018 11:02:29 PM org.apache.cxf.bus.osgi.CXFExtensionBundleListener addExtensions
INFO: Adding the extensions from bundle org.apache.cxf.cxf-rt-ws-rm (224) [org.apache.cxf.ws.rm.RMManager, org.apache.cxf.ws.rm.policy.RMPolicyInterceptorProvider, org.apache.cxf.ws.rm.policy.RM10AssertionBuilder, org.apache.cxf.ws.rm.policy.RM12AssertionBuilder, org.apache.cxf.ws.rm.policy.WSRMP12PolicyLoader, org.apache.cxf.ws.rm.policy.MC11PolicyLoader, org.apache.cxf.ws.rm.policy.RSPPolicyLoader]
set 30, 2018 11:02:29 PM org.apache.cxf.bus.blueprint.NamespaceHandlerRegisterer register
INFO: Registered blueprint namespace handler for http://cxf.apache.org/ws/rm/manager
set 30, 2018 11:02:30 PM org.apache.cxf.bus.blueprint.NamespaceHandlerRegisterer register
INFO: Registered blueprint namespace handler for http://schemas.xmlsoap.org/ws/2005/02/rm/policy
set 30, 2018 11:02:30 PM org.apache.cxf.bus.osgi.CXFExtensionBundleListener addExtensions
INFO: Adding the extensions from bundle org.apache.cxf.cxf-rt-javascript (225) [org.apache.cxf.javascript.JavascriptServerListener]
set 30, 2018 11:02:30 PM org.pentaho.caching.impl.PentahoCacheManagerFactory$RegistrationHandler$1 onSuccess
INFO: New Caching Service registered
2018/09/30 23:02:32 - job_carga_caged - Start of job execution
2018/09/30 23:02:32 - job_carga_caged - Starting entry [ktr_carga_caged]
2018/09/30 23:02:32 - ktr_carga_caged - Loading transformation from XML file [/home/unb/MTB/ETL/ods/mtb/caged_dw/ktr_carga_caged.ktr]
set 30, 2018 11:02:32 PM org.apache.cxf.endpoint.ServerImpl initDestination
INFO: Setting the server's publish address to be /marketplace
2018/09/30 23:02:32 - ktr_carga_caged - Using run configuration [Pentaho local]
2018/09/30 23:02:32 - ktr_carga_caged - Using legacy execution engine
2018/09/30 23:02:32 - ktr_carga_caged - Dispatching started for transformation [ktr_carga_caged]
set 30, 2018 11:02:32 PM org.apache.cxf.endpoint.ServerImpl initDestination
INFO: Setting the server's publish address to be /lineage
2018/09/30 23:02:32 - ods_caged.0 - Connected to database [comexao_ods] (commit=1000000)
set 30, 2018 11:02:32 PM org.apache.cxf.endpoint.ServerImpl initDestination
INFO: Setting the server's publish address to be /i18n
2018/09/30 23:02:32 - CSV file input.0 - Header row skipped in file '/mnt/unb/bases_mte/CAGED/CAGED_TRABALHADOR_AJUSTADO_072018.txt'
SLF4J: Class path contains multiple SLF4J bindings.
SLF4J: Found binding in [jar:file:/opt/data-integration/launcher/../lib/slf4j-log4j12-1.7.7.jar!/org/slf4j/impl/StaticLoggerBinder.class]
SLF4J: Found binding in [jar:file:/opt/data-integration/plugins/pentaho-big-data-plugin/lib/slf4j-log4j12-1.7.7.jar!/org/slf4j/impl/StaticLoggerBinder.class]
SLF4J: See http://www.slf4j.org/codes.html#multiple_bindings for an explanation.
SLF4J: Actual binding is of type [org.slf4j.impl.Log4jLoggerFactory]
2018/09/30 23:02:39 - CSV file input.0 - Line number : 50000
2018/09/30 23:02:41 - Formula.0 - Linenr 50000
2018/09/30 23:02:43 - ods_caged.0 - linenr 50000
2018/09/30 23:02:49 - CSV file input.0 - Line number : 100000
2018/09/30 23:02:51 - Formula.0 - Linenr 100000
2018/09/30 23:02:53 - ods_caged.0 - linenr 100000
2018/09/30 23:02:59 - CSV file input.0 - Line number : 150000
2018/09/30 23:03:01 - Formula.0 - Linenr 150000
2018/09/30 23:03:03 - ods_caged.0 - linenr 150000
2018/09/30 23:03:10 - CSV file input.0 - Line number : 200000
2018/09/30 23:03:12 - Formula.0 - Linenr 200000
2018/09/30 23:03:14 - ods_caged.0 - linenr 200000
2018/09/30 23:03:20 - CSV file input.0 - Line number : 250000
2018/09/30 23:03:22 - Formula.0 - Linenr 250000
2018/09/30 23:03:24 - ods_caged.0 - linenr 250000
2018/09/30 23:03:30 - CSV file input.0 - Line number : 300000
2018/09/30 23:03:32 - Formula.0 - Linenr 300000
2018/09/30 23:03:34 - ods_caged.0 - linenr 300000
2018/09/30 23:03:40 - CSV file input.0 - Line number : 350000
2018/09/30 23:03:42 - Formula.0 - Linenr 350000
2018/09/30 23:03:44 - ods_caged.0 - linenr 350000
2018/09/30 23:03:50 - CSV file input.0 - Line number : 400000
2018/09/30 23:03:52 - Formula.0 - Linenr 400000
2018/09/30 23:03:54 - ods_caged.0 - linenr 400000
2018/09/30 23:04:00 - CSV file input.0 - Line number : 450000
2018/09/30 23:04:02 - Formula.0 - Linenr 450000
2018/09/30 23:04:04 - ods_caged.0 - linenr 450000
2018/09/30 23:04:10 - CSV file input.0 - Line number : 500000
2018/09/30 23:04:12 - Formula.0 - Linenr 500000
2018/09/30 23:04:14 - ods_caged.0 - linenr 500000
2018/09/30 23:04:20 - CSV file input.0 - Line number : 550000
2018/09/30 23:04:22 - Formula.0 - Linenr 550000
2018/09/30 23:04:24 - ods_caged.0 - linenr 550000
2018/09/30 23:04:30 - CSV file input.0 - Line number : 600000
2018/09/30 23:04:32 - Formula.0 - Linenr 600000
2018/09/30 23:04:34 - ods_caged.0 - linenr 600000
2018/09/30 23:04:40 - CSV file input.0 - Line number : 650000
2018/09/30 23:04:42 - Formula.0 - Linenr 650000
2018/09/30 23:04:44 - ods_caged.0 - linenr 650000
2018/09/30 23:04:50 - CSV file input.0 - Line number : 700000
2018/09/30 23:04:52 - Formula.0 - Linenr 700000
2018/09/30 23:04:54 - ods_caged.0 - linenr 700000
2018/09/30 23:05:00 - CSV file input.0 - Line number : 750000
2018/09/30 23:05:02 - Formula.0 - Linenr 750000
2018/09/30 23:05:04 - ods_caged.0 - linenr 750000
2018/09/30 23:05:10 - CSV file input.0 - Line number : 800000
2018/09/30 23:05:13 - Formula.0 - Linenr 800000
2018/09/30 23:05:15 - ods_caged.0 - linenr 800000
2018/09/30 23:05:21 - CSV file input.0 - Line number : 850000
2018/09/30 23:05:23 - Formula.0 - Linenr 850000
2018/09/30 23:05:25 - ods_caged.0 - linenr 850000
2018/09/30 23:05:31 - CSV file input.0 - Line number : 900000
2018/09/30 23:05:33 - Formula.0 - Linenr 900000
2018/09/30 23:05:35 - ods_caged.0 - linenr 900000
2018/09/30 23:05:41 - CSV file input.0 - Line number : 950000
2018/09/30 23:05:43 - Formula.0 - Linenr 950000
2018/09/30 23:05:45 - ods_caged.0 - linenr 950000
2018/09/30 23:05:51 - CSV file input.0 - Line number : 1000000
2018/09/30 23:05:53 - Formula.0 - Linenr 1000000
2018/09/30 23:05:56 - ods_caged.0 - linenr 1000000
2018/09/30 23:06:02 - CSV file input.0 - Line number : 1050000
2018/09/30 23:06:04 - Formula.0 - Linenr 1050000
2018/09/30 23:06:06 - ods_caged.0 - linenr 1050000
2018/09/30 23:06:12 - CSV file input.0 - Line number : 1100000
2018/09/30 23:06:14 - Formula.0 - Linenr 1100000
2018/09/30 23:06:16 - ods_caged.0 - linenr 1100000
2018/09/30 23:06:22 - CSV file input.0 - Line number : 1150000
2018/09/30 23:06:24 - Formula.0 - Linenr 1150000
2018/09/30 23:06:26 - ods_caged.0 - linenr 1150000
2018/09/30 23:06:33 - CSV file input.0 - Line number : 1200000
2018/09/30 23:06:35 - Formula.0 - Linenr 1200000
2018/09/30 23:06:37 - ods_caged.0 - linenr 1200000
2018/09/30 23:06:43 - CSV file input.0 - Line number : 1250000
2018/09/30 23:06:45 - Formula.0 - Linenr 1250000
2018/09/30 23:06:47 - ods_caged.0 - linenr 1250000
2018/09/30 23:06:53 - CSV file input.0 - Line number : 1300000
2018/09/30 23:06:55 - Formula.0 - Linenr 1300000
2018/09/30 23:06:57 - ods_caged.0 - linenr 1300000
2018/09/30 23:07:03 - CSV file input.0 - Line number : 1350000
2018/09/30 23:07:05 - Formula.0 - Linenr 1350000
2018/09/30 23:07:07 - ods_caged.0 - linenr 1350000
2018/09/30 23:07:13 - CSV file input.0 - Line number : 1400000
2018/09/30 23:07:15 - Formula.0 - Linenr 1400000
2018/09/30 23:07:17 - ods_caged.0 - linenr 1400000
2018/09/30 23:07:23 - CSV file input.0 - Line number : 1450000
2018/09/30 23:07:25 - Formula.0 - Linenr 1450000
2018/09/30 23:07:27 - ods_caged.0 - linenr 1450000
2018/09/30 23:07:33 - CSV file input.0 - Line number : 1500000
2018/09/30 23:07:35 - Formula.0 - Linenr 1500000
2018/09/30 23:07:37 - ods_caged.0 - linenr 1500000
2018/09/30 23:07:43 - CSV file input.0 - Line number : 1550000
2018/09/30 23:07:45 - Formula.0 - Linenr 1550000
2018/09/30 23:07:47 - ods_caged.0 - linenr 1550000
2018/09/30 23:07:53 - CSV file input.0 - Line number : 1600000
2018/09/30 23:07:55 - Formula.0 - Linenr 1600000
2018/09/30 23:07:57 - ods_caged.0 - linenr 1600000
2018/09/30 23:08:03 - CSV file input.0 - Line number : 1650000
2018/09/30 23:08:05 - Formula.0 - Linenr 1650000
2018/09/30 23:08:07 - ods_caged.0 - linenr 1650000
2018/09/30 23:08:13 - CSV file input.0 - Line number : 1700000
2018/09/30 23:08:15 - Formula.0 - Linenr 1700000
2018/09/30 23:08:17 - ods_caged.0 - linenr 1700000
2018/09/30 23:08:23 - CSV file input.0 - Line number : 1750000
2018/09/30 23:08:25 - Formula.0 - Linenr 1750000
2018/09/30 23:08:27 - ods_caged.0 - linenr 1750000
2018/09/30 23:08:33 - CSV file input.0 - Line number : 1800000
2018/09/30 23:08:35 - Formula.0 - Linenr 1800000
2018/09/30 23:08:37 - ods_caged.0 - linenr 1800000
2018/09/30 23:08:44 - CSV file input.0 - Line number : 1850000
2018/09/30 23:08:46 - Formula.0 - Linenr 1850000
2018/09/30 23:08:48 - ods_caged.0 - linenr 1850000
2018/09/30 23:08:54 - CSV file input.0 - Line number : 1900000
2018/09/30 23:08:56 - Formula.0 - Linenr 1900000
2018/09/30 23:08:58 - ods_caged.0 - linenr 1900000
2018/09/30 23:09:04 - CSV file input.0 - Line number : 1950000
2018/09/30 23:09:06 - Formula.0 - Linenr 1950000
2018/09/30 23:09:08 - ods_caged.0 - linenr 1950000
2018/09/30 23:09:14 - CSV file input.0 - Line number : 2000000
2018/09/30 23:09:16 - Formula.0 - Linenr 2000000
2018/09/30 23:09:18 - ods_caged.0 - linenr 2000000
2018/09/30 23:09:24 - CSV file input.0 - Line number : 2050000
2018/09/30 23:09:26 - Formula.0 - Linenr 2050000
2018/09/30 23:09:28 - ods_caged.0 - linenr 2050000
2018/09/30 23:09:34 - CSV file input.0 - Line number : 2100000
2018/09/30 23:09:36 - Formula.0 - Linenr 2100000
2018/09/30 23:09:38 - ods_caged.0 - linenr 2100000
2018/09/30 23:09:44 - CSV file input.0 - Line number : 2150000
2018/09/30 23:09:46 - Formula.0 - Linenr 2150000
2018/09/30 23:09:48 - ods_caged.0 - linenr 2150000
2018/09/30 23:09:54 - CSV file input.0 - Line number : 2200000
2018/09/30 23:09:56 - Formula.0 - Linenr 2200000
2018/09/30 23:09:58 - ods_caged.0 - linenr 2200000
2018/09/30 23:10:04 - CSV file input.0 - Line number : 2250000
2018/09/30 23:10:06 - Formula.0 - Linenr 2250000
2018/09/30 23:10:09 - ods_caged.0 - linenr 2250000
2018/09/30 23:10:15 - CSV file input.0 - Line number : 2300000
2018/09/30 23:10:17 - Formula.0 - Linenr 2300000
2018/09/30 23:10:19 - ods_caged.0 - linenr 2300000
2018/09/30 23:10:25 - CSV file input.0 - Line number : 2350000
2018/09/30 23:10:27 - Formula.0 - Linenr 2350000
2018/09/30 23:10:29 - ods_caged.0 - linenr 2350000
2018/09/30 23:10:35 - CSV file input.0 - Line number : 2400000
2018/09/30 23:10:37 - Formula.0 - Linenr 2400000
2018/09/30 23:10:39 - ods_caged.0 - linenr 2400000
2018/09/30 23:10:46 - CSV file input.0 - Line number : 2450000
2018/09/30 23:10:48 - Formula.0 - Linenr 2450000
2018/09/30 23:10:50 - ods_caged.0 - linenr 2450000
2018/09/30 23:10:56 - CSV file input.0 - Line number : 2500000
2018/09/30 23:10:58 - Formula.0 - Linenr 2500000
2018/09/30 23:11:00 - ods_caged.0 - linenr 2500000
2018/09/30 23:11:06 - CSV file input.0 - Line number : 2550000
2018/09/30 23:11:08 - Formula.0 - Linenr 2550000
2018/09/30 23:11:10 - ods_caged.0 - linenr 2550000
2018/09/30 23:11:16 - CSV file input.0 - Line number : 2600000
2018/09/30 23:11:18 - Formula.0 - Linenr 2600000
2018/09/30 23:11:20 - ods_caged.0 - linenr 2600000
2018/09/30 23:11:26 - CSV file input.0 - Line number : 2650000
2018/09/30 23:11:28 - Formula.0 - Linenr 2650000
2018/09/30 23:11:30 - ods_caged.0 - linenr 2650000
2018/09/30 23:11:36 - CSV file input.0 - Line number : 2700000
2018/09/30 23:11:38 - Formula.0 - Linenr 2700000
2018/09/30 23:11:41 - ods_caged.0 - linenr 2700000
2018/09/30 23:11:45 - CSV file input.0 - Finished processing (I=2739391, O=0, R=0, W=2739390, U=0, E=0)
2018/09/30 23:11:47 - Formula.0 - Finished processing (I=0, O=0, R=2739390, W=2739390, U=0, E=0)
2018/09/30 23:11:49 - ods_caged.0 - Finished processing (I=0, O=2739390, R=2739390, W=2739390, U=0, E=0)
2018/09/30 23:11:49 - job_carga_caged - Starting entry [Success]
2018/09/30 23:11:49 - job_carga_caged - Finished job entry [Success] (result=[true])
2018/09/30 23:11:49 - job_carga_caged - Finished job entry [ktr_carga_caged] (result=[true])
2018/09/30 23:11:49 - job_carga_caged - Job execution finished
2018/09/30 23:11:49 - Kitchen - Finished!
2018/09/30 23:11:49 - Kitchen - Start=2018/09/30 23:02:26.778, Stop=2018/09/30 23:11:49.158
2018/09/30 23:11:49 - Kitchen - Processing ended after 9 minutes and 22 seconds (562 seconds total).
