#######################################################################
WARNING:  no libwebkitgtk-1.0 detected, some features will be unavailable
    Consider installing the package with apt-get or yum.
    e.g. 'sudo apt-get install libwebkitgtk-1.0-0'
#######################################################################
OpenJDK 64-Bit Server VM warning: ignoring option MaxPermSize=4G; support was removed in 8.0
23:55:57,328 INFO  [KarafBoot] Checking to see if org.pentaho.clean.karaf.cache is enabled
23:55:57,429 INFO  [KarafInstance] 
*******************************************************************************
*** Karaf Instance Number: 2 at /opt/data-integration/./system/karaf/caches ***
***   /kitchen/data-1                                                       ***
*** FastBin Provider Port:52902                                             ***
*** Karaf Port:8803                                                         ***
*** OSGI Service Port:9052                                                  ***
*******************************************************************************
set 30, 2018 11:55:58 PM org.apache.karaf.main.Main$KarafLockCallback lockAquired
INFO: Lock acquired. Setting startlevel to 100
2018/09/30 23:55:58 - Kitchen - Start of run.
2018-09-30 23:56:00.679:INFO:oejs.Server:jetty-8.1.15.v20140411
2018-09-30 23:56:00.706:INFO:oejs.AbstractConnector:Started NIOSocketConnectorWrapper@0.0.0.0:9052
set 30, 2018 11:56:01 PM org.apache.cxf.bus.blueprint.NamespaceHandlerRegisterer register
INFO: Registered blueprint namespace handler for http://cxf.apache.org/blueprint/core
set 30, 2018 11:56:01 PM org.apache.cxf.bus.blueprint.NamespaceHandlerRegisterer register
INFO: Registered blueprint namespace handler for http://cxf.apache.org/configuration/beans
set 30, 2018 11:56:01 PM org.apache.cxf.bus.blueprint.NamespaceHandlerRegisterer register
INFO: Registered blueprint namespace handler for http://cxf.apache.org/configuration/parameterized-types
set 30, 2018 11:56:01 PM org.apache.cxf.bus.blueprint.NamespaceHandlerRegisterer register
INFO: Registered blueprint namespace handler for http://cxf.apache.org/configuration/security
set 30, 2018 11:56:01 PM org.apache.cxf.bus.blueprint.NamespaceHandlerRegisterer register
INFO: Registered blueprint namespace handler for http://schemas.xmlsoap.org/wsdl/
set 30, 2018 11:56:01 PM org.apache.cxf.bus.blueprint.NamespaceHandlerRegisterer register
INFO: Registered blueprint namespace handler for http://www.w3.org/2005/08/addressing
set 30, 2018 11:56:01 PM org.apache.cxf.bus.blueprint.NamespaceHandlerRegisterer register
INFO: Registered blueprint namespace handler for http://schemas.xmlsoap.org/ws/2004/08/addressing
set 30, 2018 11:56:01 PM org.apache.cxf.bus.osgi.CXFExtensionBundleListener addExtensions
INFO: Adding the extensions from bundle org.apache.cxf.cxf-rt-management (152) [org.apache.cxf.management.InstrumentationManager]
set 30, 2018 11:56:01 PM org.apache.cxf.bus.osgi.CXFExtensionBundleListener addExtensions
INFO: Adding the extensions from bundle org.apache.cxf.cxf-rt-ws-policy (203) [org.apache.cxf.ws.policy.PolicyEngine, org.apache.cxf.policy.PolicyDataEngine, org.apache.cxf.ws.policy.AssertionBuilderRegistry, org.apache.cxf.ws.policy.PolicyInterceptorProviderRegistry, org.apache.cxf.ws.policy.PolicyBuilder, org.apache.cxf.ws.policy.PolicyAnnotationListener, org.apache.cxf.ws.policy.attachment.ServiceModelPolicyProvider, org.apache.cxf.ws.policy.attachment.external.DomainExpressionBuilderRegistry, org.apache.cxf.ws.policy.attachment.external.EndpointReferenceDomainExpressionBuilder, org.apache.cxf.ws.policy.attachment.external.URIDomainExpressionBuilder, org.apache.cxf.ws.policy.attachment.wsdl11.Wsdl11AttachmentPolicyProvider, org.apache.cxf.ws.policy.mtom.MTOMAssertionBuilder, org.apache.cxf.ws.policy.mtom.MTOMPolicyInterceptorProvider]
set 30, 2018 11:56:01 PM org.apache.cxf.bus.osgi.CXFExtensionBundleListener addExtensions
INFO: Adding the extensions from bundle org.apache.cxf.cxf-rt-transports-http (156) [org.apache.cxf.transport.http.HTTPTransportFactory, org.apache.cxf.transport.http.HTTPWSDLExtensionLoader, org.apache.cxf.transport.http.policy.HTTPClientAssertionBuilder, org.apache.cxf.transport.http.policy.HTTPServerAssertionBuilder, org.apache.cxf.transport.http.policy.NoOpPolicyInterceptorProvider]
set 30, 2018 11:56:01 PM org.apache.cxf.bus.osgi.CXFExtensionBundleListener addExtensions
INFO: Adding the extensions from bundle org.apache.cxf.cxf-rt-wsdl (189) [org.apache.cxf.wsdl.WSDLManager]
set 30, 2018 11:56:01 PM org.apache.cxf.bus.blueprint.NamespaceHandlerRegisterer register
INFO: Registered blueprint namespace handler for http://cxf.apache.org/transports/http/configuration
set 30, 2018 11:56:01 PM org.apache.cxf.bus.osgi.CXFExtensionBundleListener addExtensions
INFO: Adding the extensions from bundle org.apache.cxf.cxf-rt-bindings-soap (192) [org.apache.cxf.binding.soap.SoapBindingFactory, org.apache.cxf.binding.soap.SoapTransportFactory]
set 30, 2018 11:56:01 PM org.apache.cxf.bus.blueprint.NamespaceHandlerRegisterer register
INFO: Registered blueprint namespace handler for http://cxf.apache.org/blueprint/jaxrs
set 30, 2018 11:56:01 PM org.apache.cxf.bus.blueprint.NamespaceHandlerRegisterer register
INFO: Registered blueprint namespace handler for http://cxf.apache.org/blueprint/jaxrs-client
set 30, 2018 11:56:01 PM org.apache.cxf.bus.osgi.CXFExtensionBundleListener addExtensions
INFO: Adding the extensions from bundle org.apache.cxf.cxf-rt-bindings-xml (191) [org.apache.cxf.binding.xml.XMLBindingFactory, org.apache.cxf.binding.xml.wsdl11.XMLWSDLExtensionLoader]
set 30, 2018 11:56:01 PM org.apache.cxf.bus.blueprint.NamespaceHandlerRegisterer register
INFO: Registered blueprint namespace handler for http://cxf.apache.org/blueprint/bindings/soap
set 30, 2018 11:56:01 PM org.apache.cxf.bus.blueprint.NamespaceHandlerRegisterer register
INFO: Registered blueprint namespace handler for http://cxf.apache.org/blueprint/simple
set 30, 2018 11:56:01 PM org.apache.cxf.bus.osgi.CXFExtensionBundleListener addExtensions
INFO: Adding the extensions from bundle org.apache.cxf.cxf-rt-frontend-jaxws (194) [org.apache.cxf.jaxws.context.WebServiceContextResourceResolver]
set 30, 2018 11:56:01 PM org.apache.cxf.bus.blueprint.NamespaceHandlerRegisterer register
INFO: Registered blueprint namespace handler for http://cxf.apache.org/blueprint/jaxws
set 30, 2018 11:56:01 PM org.apache.cxf.bus.blueprint.NamespaceHandlerRegisterer register
INFO: Registered blueprint namespace handler for http://cxf.apache.org/binding/coloc
set 30, 2018 11:56:01 PM org.apache.cxf.bus.osgi.CXFExtensionBundleListener addExtensions
INFO: Adding the extensions from bundle org.apache.cxf.cxf-rt-transports-local (199) [org.apache.cxf.transport.local.LocalTransportFactory]
set 30, 2018 11:56:01 PM org.apache.cxf.bus.osgi.CXFExtensionBundleListener addExtensions
INFO: Adding the extensions from bundle org.apache.cxf.cxf-rt-bindings-object (200) [org.apache.cxf.binding.object.ObjectBindingFactory]
set 30, 2018 11:56:01 PM org.apache.cxf.bus.blueprint.NamespaceHandlerRegisterer register
INFO: Registered blueprint namespace handler for http://cxf.apache.org/blueprint/binding/object
set 30, 2018 11:56:01 PM org.apache.cxf.bus.blueprint.NamespaceHandlerRegisterer register
INFO: Registered blueprint namespace handler for http://cxf.apache.org/policy
set 30, 2018 11:56:01 PM org.apache.cxf.bus.blueprint.NamespaceHandlerRegisterer register
INFO: Registered blueprint namespace handler for http://www.w3.org/ns/ws-policy
set 30, 2018 11:56:01 PM org.apache.cxf.bus.blueprint.NamespaceHandlerRegisterer register
INFO: Registered blueprint namespace handler for http://www.w3.org/2006/07/ws-policy
set 30, 2018 11:56:01 PM org.apache.cxf.bus.blueprint.NamespaceHandlerRegisterer register
INFO: Registered blueprint namespace handler for http://schemas.xmlsoap.org/ws/2004/09/policy
set 30, 2018 11:56:01 PM org.apache.cxf.bus.blueprint.NamespaceHandlerRegisterer register
INFO: Registered blueprint namespace handler for http://docs.oasis-open.org/wss/2004/01/oasis-200401-wss-wssecurity-secext-1.0.xsd
set 30, 2018 11:56:01 PM org.apache.cxf.bus.blueprint.NamespaceHandlerRegisterer register
INFO: Registered blueprint namespace handler for http://docs.oasis-open.org/wss/2004/01/oasis-200401-wss-wssecurity-utility-1.0.xsd
set 30, 2018 11:56:01 PM org.apache.cxf.bus.blueprint.NamespaceHandlerRegisterer register
INFO: Registered blueprint namespace handler for http://www.w3.org/2000/09/xmldsig#
set 30, 2018 11:56:01 PM org.apache.cxf.bus.blueprint.NamespaceHandlerRegisterer register
INFO: Registered blueprint namespace handler for http://docs.oasis-open.org/ws-sx/ws-securitypolicy/200702
set 30, 2018 11:56:01 PM org.apache.cxf.bus.osgi.CXFExtensionBundleListener addExtensions
INFO: Adding the extensions from bundle org.apache.cxf.cxf-rt-ws-addr (220) [org.apache.cxf.ws.addressing.policy.AddressingAssertionBuilder, org.apache.cxf.ws.addressing.policy.UsingAddressingAssertionBuilder, org.apache.cxf.ws.addressing.policy.AddressingPolicyInterceptorProvider, org.apache.cxf.ws.addressing.impl.AddressingWSDLExtensionLoader, org.apache.cxf.ws.addressing.WSAddressingFeature$WSAddressingFeatureApplier, org.apache.cxf.ws.addressing.MAPAggregator$MAPAggregatorLoader]
set 30, 2018 11:56:01 PM org.apache.cxf.bus.blueprint.NamespaceHandlerRegisterer register
INFO: Registered blueprint namespace handler for http://cxf.apache.org/ws/addressing
set 30, 2018 11:56:01 PM org.apache.cxf.bus.osgi.CXFExtensionBundleListener addExtensions
INFO: Adding the extensions from bundle org.apache.cxf.cxf-rt-ws-security (222) [org.apache.cxf.ws.security.policy.WSSecurityPolicyLoader, org.apache.cxf.ws.security.cache.CacheCleanupListener]
set 30, 2018 11:56:01 PM org.apache.cxf.bus.osgi.CXFExtensionBundleListener addExtensions
INFO: Adding the extensions from bundle org.apache.cxf.cxf-rt-ws-rm (224) [org.apache.cxf.ws.rm.RMManager, org.apache.cxf.ws.rm.policy.RMPolicyInterceptorProvider, org.apache.cxf.ws.rm.policy.RM10AssertionBuilder, org.apache.cxf.ws.rm.policy.RM12AssertionBuilder, org.apache.cxf.ws.rm.policy.WSRMP12PolicyLoader, org.apache.cxf.ws.rm.policy.MC11PolicyLoader, org.apache.cxf.ws.rm.policy.RSPPolicyLoader]
set 30, 2018 11:56:01 PM org.apache.cxf.bus.blueprint.NamespaceHandlerRegisterer register
INFO: Registered blueprint namespace handler for http://cxf.apache.org/ws/rm/manager
set 30, 2018 11:56:01 PM org.apache.cxf.bus.blueprint.NamespaceHandlerRegisterer register
INFO: Registered blueprint namespace handler for http://schemas.xmlsoap.org/ws/2005/02/rm/policy
set 30, 2018 11:56:01 PM org.apache.cxf.bus.osgi.CXFExtensionBundleListener addExtensions
INFO: Adding the extensions from bundle org.apache.cxf.cxf-rt-javascript (225) [org.apache.cxf.javascript.JavascriptServerListener]
set 30, 2018 11:56:01 PM org.pentaho.caching.impl.PentahoCacheManagerFactory$RegistrationHandler$1 onSuccess
INFO: New Caching Service registered
2018/09/30 23:56:04 - job_carga_caged - Start of job execution
2018/09/30 23:56:04 - job_carga_caged - Starting entry [ktr_carga_caged]
2018/09/30 23:56:04 - ktr_carga_caged - Loading transformation from XML file [/home/unb/MTB/ETL/ods/mtb/caged_dw/ktr_carga_caged.ktr]
set 30, 2018 11:56:04 PM org.apache.cxf.endpoint.ServerImpl initDestination
INFO: Setting the server's publish address to be /marketplace
2018/09/30 23:56:04 - ktr_carga_caged - Using run configuration [Pentaho local]
2018/09/30 23:56:04 - ktr_carga_caged - Using legacy execution engine
2018/09/30 23:56:04 - ktr_carga_caged - Dispatching started for transformation [ktr_carga_caged]
set 30, 2018 11:56:04 PM org.apache.cxf.endpoint.ServerImpl initDestination
INFO: Setting the server's publish address to be /lineage
2018/09/30 23:56:04 - Carrega tabela.0 - Connected to database [comexao_ods] (commit=100000000)
set 30, 2018 11:56:04 PM org.apache.cxf.endpoint.ServerImpl initDestination
INFO: Setting the server's publish address to be /i18n
SLF4J: Class path contains multiple SLF4J bindings.
SLF4J: Found binding in [jar:file:/opt/data-integration/launcher/../lib/slf4j-log4j12-1.7.7.jar!/org/slf4j/impl/StaticLoggerBinder.class]
SLF4J: Found binding in [jar:file:/opt/data-integration/plugins/pentaho-big-data-plugin/lib/slf4j-log4j12-1.7.7.jar!/org/slf4j/impl/StaticLoggerBinder.class]
SLF4J: See http://www.slf4j.org/codes.html#multiple_bindings for an explanation.
SLF4J: Actual binding is of type [org.slf4j.impl.Log4jLoggerFactory]
2018/09/30 23:56:04 - Le Arquivo.0 - Header row skipped in file '/mnt/unb/bases_mte/CAGED/CAGED_TRABALHADOR_AJUSTADO_082018.txt'
org.pentaho.di.core.exception.KettleValueException: 
Unexpected conversion error while converting value [null String] to a Number
null String : couldn't convert String to number 
null String : couldn't convert String to number : non-numeric character found at position 1 for value [*********]
	at org.pentaho.di.core.row.value.ValueMetaBase.getNumber(ValueMetaBase.java:1993)
	at org.pentaho.di.core.row.value.ValueMetaBase.convertData(ValueMetaBase.java:3783)
	at org.pentaho.di.trans.steps.nullif.NullIf.processRow(NullIf.java:88)
	at org.pentaho.di.trans.step.RunThread.run(RunThread.java:62)
	at java.lang.Thread.run(Thread.java:748)
Caused by: org.pentaho.di.core.exception.KettleValueException: 
null String : couldn't convert String to number 
null String : couldn't convert String to number : non-numeric character found at position 1 for value [*********]
	at org.pentaho.di.core.row.value.ValueMetaBase.convertStringToNumber(ValueMetaBase.java:1017)
	at org.pentaho.di.core.row.value.ValueMetaBase.getNumber(ValueMetaBase.java:1933)
	... 4 more
Caused by: org.pentaho.di.core.exception.KettleValueException: 
null String : couldn't convert String to number : non-numeric character found at position 1 for value [*********]
	at org.pentaho.di.core.row.value.ValueMetaBase.convertStringToNumber(ValueMetaBase.java:1010)
	... 5 more
2018/09/30 23:56:04 - corrige_valores_invalidos.0 - ERROR (version 7.1.0.0-12, build 1 from 2017-05-16 17.18.02 by buildguy) : Unexpected error
2018/09/30 23:56:04 - corrige_valores_invalidos.0 - ERROR (version 7.1.0.0-12, build 1 from 2017-05-16 17.18.02 by buildguy) : org.pentaho.di.core.exception.KettleValueException: 
2018/09/30 23:56:04 - corrige_valores_invalidos.0 - Unexpected conversion error while converting value [null String] to a Number
2018/09/30 23:56:04 - corrige_valores_invalidos.0 - 
2018/09/30 23:56:04 - corrige_valores_invalidos.0 - null String : couldn't convert String to number 
2018/09/30 23:56:04 - corrige_valores_invalidos.0 - 
2018/09/30 23:56:04 - corrige_valores_invalidos.0 - null String : couldn't convert String to number : non-numeric character found at position 1 for value [*********]
2018/09/30 23:56:04 - corrige_valores_invalidos.0 - 
2018/09/30 23:56:04 - corrige_valores_invalidos.0 - 
2018/09/30 23:56:04 - corrige_valores_invalidos.0 - 
2018/09/30 23:56:04 - corrige_valores_invalidos.0 - 	at org.pentaho.di.core.row.value.ValueMetaBase.getNumber(ValueMetaBase.java:1993)
2018/09/30 23:56:04 - corrige_valores_invalidos.0 - 	at org.pentaho.di.core.row.value.ValueMetaBase.convertData(ValueMetaBase.java:3783)
2018/09/30 23:56:04 - corrige_valores_invalidos.0 - 	at org.pentaho.di.trans.steps.nullif.NullIf.processRow(NullIf.java:88)
2018/09/30 23:56:04 - corrige_valores_invalidos.0 - 	at org.pentaho.di.trans.step.RunThread.run(RunThread.java:62)
2018/09/30 23:56:04 - corrige_valores_invalidos.0 - 	at java.lang.Thread.run(Thread.java:748)
2018/09/30 23:56:04 - corrige_valores_invalidos.0 - Caused by: org.pentaho.di.core.exception.KettleValueException: 
2018/09/30 23:56:04 - corrige_valores_invalidos.0 - null String : couldn't convert String to number 
2018/09/30 23:56:04 - corrige_valores_invalidos.0 - 
2018/09/30 23:56:04 - corrige_valores_invalidos.0 - null String : couldn't convert String to number : non-numeric character found at position 1 for value [*********]
2018/09/30 23:56:04 - corrige_valores_invalidos.0 - 
2018/09/30 23:56:04 - corrige_valores_invalidos.0 - 
2018/09/30 23:56:04 - corrige_valores_invalidos.0 - 	at org.pentaho.di.core.row.value.ValueMetaBase.convertStringToNumber(ValueMetaBase.java:1017)
2018/09/30 23:56:04 - corrige_valores_invalidos.0 - 	at org.pentaho.di.core.row.value.ValueMetaBase.getNumber(ValueMetaBase.java:1933)
2018/09/30 23:56:04 - corrige_valores_invalidos.0 - 	... 4 more
2018/09/30 23:56:04 - corrige_valores_invalidos.0 - Caused by: org.pentaho.di.core.exception.KettleValueException: 
2018/09/30 23:56:04 - corrige_valores_invalidos.0 - null String : couldn't convert String to number : non-numeric character found at position 1 for value [*********]
2018/09/30 23:56:04 - corrige_valores_invalidos.0 - 
2018/09/30 23:56:04 - corrige_valores_invalidos.0 - 	at org.pentaho.di.core.row.value.ValueMetaBase.convertStringToNumber(ValueMetaBase.java:1010)
2018/09/30 23:56:04 - corrige_valores_invalidos.0 - 	... 5 more
child index = 2, logging object : org.pentaho.di.core.logging.LoggingObject@17a32bf0 parent=a55a5bc3-607f-4622-9db7-8d963e92f709
2018/09/30 23:56:04 - corrige_valores_invalidos.0 - Finished processing (I=0, O=0, R=1, W=0, U=0, E=1)
2018/09/30 23:56:04 - ktr_carga_caged - Transformation detected one or more steps with errors.
2018/09/30 23:56:04 - ktr_carga_caged - ERROR (version 7.1.0.0-12, build 1 from 2017-05-16 17.18.02 by buildguy) : Errors detected!
2018/09/30 23:56:04 - ktr_carga_caged - Transformation is killing the other steps!
2018/09/30 23:56:04 - Separa Ano e Mes.0 - Finished processing (I=0, O=0, R=7, W=6, U=0, E=0)
2018/09/30 23:56:04 - Le Arquivo.0 - Finished processing (I=10009, O=0, R=0, W=10008, U=0, E=0)
2018/09/30 23:56:04 - ktr_carga_caged - ERROR (version 7.1.0.0-12, build 1 from 2017-05-16 17.18.02 by buildguy) : Errors detected!
2018/09/30 23:56:04 - job_carga_caged - Finished job entry [ktr_carga_caged] (result=[false])
2018/09/30 23:56:04 - job_carga_caged - Job execution finished
2018/09/30 23:56:04 - Kitchen - Finished!
2018/09/30 23:56:04 - Kitchen - ERROR (version 7.1.0.0-12, build 1 from 2017-05-16 17.18.02 by buildguy) : Finished with errors
2018/09/30 23:56:04 - Kitchen - Start=2018/09/30 23:55:58.291, Stop=2018/09/30 23:56:04.684
2018/09/30 23:56:04 - Kitchen - Processing ended after 6 seconds.
