#######################################################################
WARNING:  no libwebkitgtk-1.0 detected, some features will be unavailable
    Consider installing the package with apt-get or yum.
    e.g. 'sudo apt-get install libwebkitgtk-1.0-0'
#######################################################################
OpenJDK 64-Bit Server VM warning: ignoring option MaxPermSize=4G; support was removed in 8.0
13:25:39,371 INFO  [KarafBoot] Checking to see if org.pentaho.clean.karaf.cache is enabled
13:25:39,465 INFO  [KarafInstance] 
*******************************************************************************
*** Karaf Instance Number: 2 at /opt/data-integration/./system/karaf/caches ***
***   /kitchen/data-1                                                       ***
*** FastBin Provider Port:52902                                             ***
*** Karaf Port:8803                                                         ***
*** OSGI Service Port:9052                                                  ***
*******************************************************************************
out 01, 2018 1:25:40 PM org.apache.karaf.main.Main$KarafLockCallback lockAquired
INFO: Lock acquired. Setting startlevel to 100
2018/10/01 13:25:40 - Kitchen - Start of run.
2018-10-01 13:25:43.615:INFO:oejs.Server:jetty-8.1.15.v20140411
2018-10-01 13:25:43.646:INFO:oejs.AbstractConnector:Started NIOSocketConnectorWrapper@0.0.0.0:9052
out 01, 2018 1:25:44 PM org.apache.cxf.bus.blueprint.NamespaceHandlerRegisterer register
INFO: Registered blueprint namespace handler for http://cxf.apache.org/blueprint/core
out 01, 2018 1:25:44 PM org.apache.cxf.bus.blueprint.NamespaceHandlerRegisterer register
INFO: Registered blueprint namespace handler for http://cxf.apache.org/configuration/beans
out 01, 2018 1:25:44 PM org.apache.cxf.bus.blueprint.NamespaceHandlerRegisterer register
INFO: Registered blueprint namespace handler for http://cxf.apache.org/configuration/parameterized-types
out 01, 2018 1:25:44 PM org.apache.cxf.bus.blueprint.NamespaceHandlerRegisterer register
INFO: Registered blueprint namespace handler for http://cxf.apache.org/configuration/security
out 01, 2018 1:25:44 PM org.apache.cxf.bus.blueprint.NamespaceHandlerRegisterer register
INFO: Registered blueprint namespace handler for http://schemas.xmlsoap.org/wsdl/
out 01, 2018 1:25:44 PM org.apache.cxf.bus.blueprint.NamespaceHandlerRegisterer register
INFO: Registered blueprint namespace handler for http://www.w3.org/2005/08/addressing
out 01, 2018 1:25:44 PM org.apache.cxf.bus.blueprint.NamespaceHandlerRegisterer register
INFO: Registered blueprint namespace handler for http://schemas.xmlsoap.org/ws/2004/08/addressing
out 01, 2018 1:25:44 PM org.apache.cxf.bus.osgi.CXFExtensionBundleListener addExtensions
INFO: Adding the extensions from bundle org.apache.cxf.cxf-rt-management (152) [org.apache.cxf.management.InstrumentationManager]
out 01, 2018 1:25:44 PM org.apache.cxf.bus.osgi.CXFExtensionBundleListener addExtensions
INFO: Adding the extensions from bundle org.apache.cxf.cxf-rt-transports-http (156) [org.apache.cxf.transport.http.HTTPTransportFactory, org.apache.cxf.transport.http.HTTPWSDLExtensionLoader, org.apache.cxf.transport.http.policy.HTTPClientAssertionBuilder, org.apache.cxf.transport.http.policy.HTTPServerAssertionBuilder, org.apache.cxf.transport.http.policy.NoOpPolicyInterceptorProvider]
out 01, 2018 1:25:44 PM org.apache.cxf.bus.osgi.CXFExtensionBundleListener addExtensions
INFO: Adding the extensions from bundle org.apache.cxf.cxf-rt-wsdl (189) [org.apache.cxf.wsdl.WSDLManager]
out 01, 2018 1:25:44 PM org.apache.cxf.bus.osgi.CXFExtensionBundleListener addExtensions
INFO: Adding the extensions from bundle org.apache.cxf.cxf-rt-ws-policy (203) [org.apache.cxf.ws.policy.PolicyEngine, org.apache.cxf.policy.PolicyDataEngine, org.apache.cxf.ws.policy.AssertionBuilderRegistry, org.apache.cxf.ws.policy.PolicyInterceptorProviderRegistry, org.apache.cxf.ws.policy.PolicyBuilder, org.apache.cxf.ws.policy.PolicyAnnotationListener, org.apache.cxf.ws.policy.attachment.ServiceModelPolicyProvider, org.apache.cxf.ws.policy.attachment.external.DomainExpressionBuilderRegistry, org.apache.cxf.ws.policy.attachment.external.EndpointReferenceDomainExpressionBuilder, org.apache.cxf.ws.policy.attachment.external.URIDomainExpressionBuilder, org.apache.cxf.ws.policy.attachment.wsdl11.Wsdl11AttachmentPolicyProvider, org.apache.cxf.ws.policy.mtom.MTOMAssertionBuilder, org.apache.cxf.ws.policy.mtom.MTOMPolicyInterceptorProvider]
out 01, 2018 1:25:44 PM org.apache.cxf.bus.blueprint.NamespaceHandlerRegisterer register
INFO: Registered blueprint namespace handler for http://cxf.apache.org/transports/http/configuration
out 01, 2018 1:25:44 PM org.apache.cxf.bus.osgi.CXFExtensionBundleListener addExtensions
INFO: Adding the extensions from bundle org.apache.cxf.cxf-rt-bindings-soap (192) [org.apache.cxf.binding.soap.SoapBindingFactory, org.apache.cxf.binding.soap.SoapTransportFactory]
out 01, 2018 1:25:44 PM org.apache.cxf.bus.blueprint.NamespaceHandlerRegisterer register
INFO: Registered blueprint namespace handler for http://cxf.apache.org/blueprint/jaxrs
out 01, 2018 1:25:44 PM org.apache.cxf.bus.blueprint.NamespaceHandlerRegisterer register
INFO: Registered blueprint namespace handler for http://cxf.apache.org/blueprint/jaxrs-client
out 01, 2018 1:25:44 PM org.apache.cxf.bus.osgi.CXFExtensionBundleListener addExtensions
INFO: Adding the extensions from bundle org.apache.cxf.cxf-rt-bindings-xml (191) [org.apache.cxf.binding.xml.XMLBindingFactory, org.apache.cxf.binding.xml.wsdl11.XMLWSDLExtensionLoader]
out 01, 2018 1:25:44 PM org.apache.cxf.bus.blueprint.NamespaceHandlerRegisterer register
INFO: Registered blueprint namespace handler for http://cxf.apache.org/blueprint/bindings/soap
out 01, 2018 1:25:44 PM org.apache.cxf.bus.blueprint.NamespaceHandlerRegisterer register
INFO: Registered blueprint namespace handler for http://cxf.apache.org/blueprint/simple
out 01, 2018 1:25:44 PM org.apache.cxf.bus.osgi.CXFExtensionBundleListener addExtensions
INFO: Adding the extensions from bundle org.apache.cxf.cxf-rt-frontend-jaxws (194) [org.apache.cxf.jaxws.context.WebServiceContextResourceResolver]
out 01, 2018 1:25:44 PM org.apache.cxf.bus.blueprint.NamespaceHandlerRegisterer register
INFO: Registered blueprint namespace handler for http://cxf.apache.org/blueprint/jaxws
out 01, 2018 1:25:44 PM org.apache.cxf.bus.blueprint.NamespaceHandlerRegisterer register
INFO: Registered blueprint namespace handler for http://cxf.apache.org/binding/coloc
out 01, 2018 1:25:44 PM org.apache.cxf.bus.osgi.CXFExtensionBundleListener addExtensions
INFO: Adding the extensions from bundle org.apache.cxf.cxf-rt-transports-local (199) [org.apache.cxf.transport.local.LocalTransportFactory]
out 01, 2018 1:25:44 PM org.apache.cxf.bus.osgi.CXFExtensionBundleListener addExtensions
INFO: Adding the extensions from bundle org.apache.cxf.cxf-rt-bindings-object (200) [org.apache.cxf.binding.object.ObjectBindingFactory]
out 01, 2018 1:25:44 PM org.apache.cxf.bus.blueprint.NamespaceHandlerRegisterer register
INFO: Registered blueprint namespace handler for http://cxf.apache.org/blueprint/binding/object
out 01, 2018 1:25:44 PM org.apache.cxf.bus.blueprint.NamespaceHandlerRegisterer register
INFO: Registered blueprint namespace handler for http://cxf.apache.org/policy
out 01, 2018 1:25:44 PM org.apache.cxf.bus.blueprint.NamespaceHandlerRegisterer register
INFO: Registered blueprint namespace handler for http://www.w3.org/ns/ws-policy
out 01, 2018 1:25:44 PM org.apache.cxf.bus.blueprint.NamespaceHandlerRegisterer register
INFO: Registered blueprint namespace handler for http://www.w3.org/2006/07/ws-policy
out 01, 2018 1:25:44 PM org.apache.cxf.bus.blueprint.NamespaceHandlerRegisterer register
INFO: Registered blueprint namespace handler for http://schemas.xmlsoap.org/ws/2004/09/policy
out 01, 2018 1:25:44 PM org.apache.cxf.bus.blueprint.NamespaceHandlerRegisterer register
INFO: Registered blueprint namespace handler for http://docs.oasis-open.org/wss/2004/01/oasis-200401-wss-wssecurity-secext-1.0.xsd
out 01, 2018 1:25:44 PM org.apache.cxf.bus.blueprint.NamespaceHandlerRegisterer register
INFO: Registered blueprint namespace handler for http://docs.oasis-open.org/wss/2004/01/oasis-200401-wss-wssecurity-utility-1.0.xsd
out 01, 2018 1:25:44 PM org.apache.cxf.bus.blueprint.NamespaceHandlerRegisterer register
INFO: Registered blueprint namespace handler for http://www.w3.org/2000/09/xmldsig#
out 01, 2018 1:25:44 PM org.apache.cxf.bus.blueprint.NamespaceHandlerRegisterer register
INFO: Registered blueprint namespace handler for http://docs.oasis-open.org/ws-sx/ws-securitypolicy/200702
out 01, 2018 1:25:44 PM org.apache.cxf.bus.osgi.CXFExtensionBundleListener addExtensions
INFO: Adding the extensions from bundle org.apache.cxf.cxf-rt-ws-addr (220) [org.apache.cxf.ws.addressing.policy.AddressingAssertionBuilder, org.apache.cxf.ws.addressing.policy.UsingAddressingAssertionBuilder, org.apache.cxf.ws.addressing.policy.AddressingPolicyInterceptorProvider, org.apache.cxf.ws.addressing.impl.AddressingWSDLExtensionLoader, org.apache.cxf.ws.addressing.WSAddressingFeature$WSAddressingFeatureApplier, org.apache.cxf.ws.addressing.MAPAggregator$MAPAggregatorLoader]
out 01, 2018 1:25:44 PM org.apache.cxf.bus.blueprint.NamespaceHandlerRegisterer register
INFO: Registered blueprint namespace handler for http://cxf.apache.org/ws/addressing
out 01, 2018 1:25:44 PM org.apache.cxf.bus.osgi.CXFExtensionBundleListener addExtensions
INFO: Adding the extensions from bundle org.apache.cxf.cxf-rt-ws-security (222) [org.apache.cxf.ws.security.policy.WSSecurityPolicyLoader, org.apache.cxf.ws.security.cache.CacheCleanupListener]
out 01, 2018 1:25:44 PM org.apache.cxf.bus.osgi.CXFExtensionBundleListener addExtensions
INFO: Adding the extensions from bundle org.apache.cxf.cxf-rt-ws-rm (224) [org.apache.cxf.ws.rm.RMManager, org.apache.cxf.ws.rm.policy.RMPolicyInterceptorProvider, org.apache.cxf.ws.rm.policy.RM10AssertionBuilder, org.apache.cxf.ws.rm.policy.RM12AssertionBuilder, org.apache.cxf.ws.rm.policy.WSRMP12PolicyLoader, org.apache.cxf.ws.rm.policy.MC11PolicyLoader, org.apache.cxf.ws.rm.policy.RSPPolicyLoader]
out 01, 2018 1:25:44 PM org.apache.cxf.bus.blueprint.NamespaceHandlerRegisterer register
INFO: Registered blueprint namespace handler for http://cxf.apache.org/ws/rm/manager
out 01, 2018 1:25:44 PM org.apache.cxf.bus.blueprint.NamespaceHandlerRegisterer register
INFO: Registered blueprint namespace handler for http://schemas.xmlsoap.org/ws/2005/02/rm/policy
out 01, 2018 1:25:44 PM org.apache.cxf.bus.osgi.CXFExtensionBundleListener addExtensions
INFO: Adding the extensions from bundle org.apache.cxf.cxf-rt-javascript (225) [org.apache.cxf.javascript.JavascriptServerListener]
out 01, 2018 1:25:44 PM org.pentaho.caching.impl.PentahoCacheManagerFactory$RegistrationHandler$1 onSuccess
INFO: New Caching Service registered
2018/10/01 13:25:47 - job_carga_caged - Start of job execution
2018/10/01 13:25:47 - job_carga_caged - Starting entry [ktr_carga_caged]
2018/10/01 13:25:47 - ktr_carga_caged - Loading transformation from XML file [/home/unb/MTB/ETL/ods/mtb/caged_dw/ktr_carga_caged.ktr]
2018/10/01 13:25:47 - ktr_carga_caged - Using run configuration [Pentaho local]
2018/10/01 13:25:47 - ktr_carga_caged - Using legacy execution engine
2018/10/01 13:25:47 - ktr_carga_caged - Dispatching started for transformation [ktr_carga_caged]
2018/10/01 13:25:47 - Carrega tabela.0 - Connected to database [comexao_ods] (commit=100000000)
2018/10/01 13:25:47 - Le Arquivo.0 - Header row skipped in file '/mnt/unb/bases_mte/CAGED/CAGED_TRABALHADOR_AJUSTADO_082018.txt'
out 01, 2018 1:25:47 PM org.apache.cxf.endpoint.ServerImpl initDestination
INFO: Setting the server's publish address to be /marketplace
out 01, 2018 1:25:47 PM org.apache.cxf.endpoint.ServerImpl initDestination
INFO: Setting the server's publish address to be /lineage
out 01, 2018 1:25:47 PM org.apache.cxf.endpoint.ServerImpl initDestination
INFO: Setting the server's publish address to be /i18n
SLF4J: Class path contains multiple SLF4J bindings.
SLF4J: Found binding in [jar:file:/opt/data-integration/launcher/../lib/slf4j-log4j12-1.7.7.jar!/org/slf4j/impl/StaticLoggerBinder.class]
SLF4J: Found binding in [jar:file:/opt/data-integration/plugins/pentaho-big-data-plugin/lib/slf4j-log4j12-1.7.7.jar!/org/slf4j/impl/StaticLoggerBinder.class]
SLF4J: See http://www.slf4j.org/codes.html#multiple_bindings for an explanation.
SLF4J: Actual binding is of type [org.slf4j.impl.Log4jLoggerFactory]
2018/10/01 13:25:50 - Le Arquivo.0 - Line number : 50000
2018/10/01 13:25:52 - Separa Ano e Mes.0 - Linenr 50000
2018/10/01 13:25:57 - Select values.0 - linenr 50000
2018/10/01 13:25:59 - Carrega tabela.0 - linenr 50000
2018/10/01 13:26:01 - Le Arquivo.0 - Line number : 100000
2018/10/01 13:26:03 - Separa Ano e Mes.0 - Linenr 100000
2018/10/01 13:26:07 - Select values.0 - linenr 100000
2018/10/01 13:26:09 - Carrega tabela.0 - linenr 100000
2018/10/01 13:26:11 - Le Arquivo.0 - Line number : 150000
2018/10/01 13:26:13 - Separa Ano e Mes.0 - Linenr 150000
2018/10/01 13:26:17 - Select values.0 - linenr 150000
2018/10/01 13:26:19 - Carrega tabela.0 - linenr 150000
2018/10/01 13:26:21 - Le Arquivo.0 - Line number : 200000
2018/10/01 13:26:23 - Separa Ano e Mes.0 - Linenr 200000
2018/10/01 13:26:27 - Select values.0 - linenr 200000
2018/10/01 13:26:29 - Carrega tabela.0 - linenr 200000
2018/10/01 13:26:31 - Le Arquivo.0 - Line number : 250000
2018/10/01 13:26:34 - Separa Ano e Mes.0 - Linenr 250000
2018/10/01 13:26:38 - Select values.0 - linenr 250000
2018/10/01 13:26:40 - Carrega tabela.0 - linenr 250000
2018/10/01 13:26:42 - Le Arquivo.0 - Line number : 300000
2018/10/01 13:26:44 - Separa Ano e Mes.0 - Linenr 300000
2018/10/01 13:26:48 - Select values.0 - linenr 300000
2018/10/01 13:26:50 - Carrega tabela.0 - linenr 300000
2018/10/01 13:26:52 - Le Arquivo.0 - Line number : 350000
2018/10/01 13:26:55 - Separa Ano e Mes.0 - Linenr 350000
2018/10/01 13:26:59 - Select values.0 - linenr 350000
2018/10/01 13:27:01 - Carrega tabela.0 - linenr 350000
2018/10/01 13:27:03 - Le Arquivo.0 - Line number : 400000
2018/10/01 13:27:05 - Separa Ano e Mes.0 - Linenr 400000
2018/10/01 13:27:09 - Select values.0 - linenr 400000
2018/10/01 13:27:11 - Carrega tabela.0 - linenr 400000
2018/10/01 13:27:13 - Le Arquivo.0 - Line number : 450000
2018/10/01 13:27:15 - Separa Ano e Mes.0 - Linenr 450000
2018/10/01 13:27:19 - Select values.0 - linenr 450000
2018/10/01 13:27:21 - Carrega tabela.0 - linenr 450000
2018/10/01 13:27:24 - Le Arquivo.0 - Line number : 500000
2018/10/01 13:27:26 - Separa Ano e Mes.0 - Linenr 500000
2018/10/01 13:27:30 - Select values.0 - linenr 500000
2018/10/01 13:27:32 - Carrega tabela.0 - linenr 500000
2018/10/01 13:27:34 - Le Arquivo.0 - Line number : 550000
2018/10/01 13:27:36 - Separa Ano e Mes.0 - Linenr 550000
2018/10/01 13:27:40 - Select values.0 - linenr 550000
2018/10/01 13:27:42 - Carrega tabela.0 - linenr 550000
2018/10/01 13:27:44 - Le Arquivo.0 - Line number : 600000
2018/10/01 13:27:46 - Separa Ano e Mes.0 - Linenr 600000
2018/10/01 13:27:50 - Select values.0 - linenr 600000
2018/10/01 13:27:52 - Carrega tabela.0 - linenr 600000
2018/10/01 13:27:54 - Le Arquivo.0 - Line number : 650000
2018/10/01 13:27:56 - Separa Ano e Mes.0 - Linenr 650000
2018/10/01 13:28:01 - Select values.0 - linenr 650000
2018/10/01 13:28:03 - Carrega tabela.0 - linenr 650000
2018/10/01 13:28:05 - Le Arquivo.0 - Line number : 700000
2018/10/01 13:28:07 - Separa Ano e Mes.0 - Linenr 700000
2018/10/01 13:28:11 - Select values.0 - linenr 700000
2018/10/01 13:28:13 - Carrega tabela.0 - linenr 700000
2018/10/01 13:28:15 - Le Arquivo.0 - Line number : 750000
2018/10/01 13:28:17 - Separa Ano e Mes.0 - Linenr 750000
2018/10/01 13:28:21 - Select values.0 - linenr 750000
2018/10/01 13:28:23 - Carrega tabela.0 - linenr 750000
2018/10/01 13:28:25 - Le Arquivo.0 - Line number : 800000
2018/10/01 13:28:27 - Separa Ano e Mes.0 - Linenr 800000
2018/10/01 13:28:31 - Select values.0 - linenr 800000
2018/10/01 13:28:33 - Carrega tabela.0 - linenr 800000
2018/10/01 13:28:35 - Le Arquivo.0 - Line number : 850000
2018/10/01 13:28:38 - Separa Ano e Mes.0 - Linenr 850000
2018/10/01 13:28:42 - Select values.0 - linenr 850000
2018/10/01 13:28:44 - Carrega tabela.0 - linenr 850000
2018/10/01 13:28:46 - Le Arquivo.0 - Line number : 900000
2018/10/01 13:28:48 - Separa Ano e Mes.0 - Linenr 900000
2018/10/01 13:28:52 - Select values.0 - linenr 900000
2018/10/01 13:28:54 - Carrega tabela.0 - linenr 900000
2018/10/01 13:28:57 - Le Arquivo.0 - Line number : 950000
2018/10/01 13:28:59 - Separa Ano e Mes.0 - Linenr 950000
2018/10/01 13:29:03 - Select values.0 - linenr 950000
2018/10/01 13:29:05 - Carrega tabela.0 - linenr 950000
2018/10/01 13:29:07 - Le Arquivo.0 - Line number : 1000000
2018/10/01 13:29:09 - Separa Ano e Mes.0 - Linenr 1000000
2018/10/01 13:29:13 - Select values.0 - linenr 1000000
2018/10/01 13:29:15 - Carrega tabela.0 - linenr 1000000
2018/10/01 13:29:17 - Le Arquivo.0 - Line number : 1050000
2018/10/01 13:29:19 - Separa Ano e Mes.0 - Linenr 1050000
2018/10/01 13:29:23 - Select values.0 - linenr 1050000
2018/10/01 13:29:25 - Carrega tabela.0 - linenr 1050000
2018/10/01 13:29:27 - Le Arquivo.0 - Line number : 1100000
2018/10/01 13:29:29 - Separa Ano e Mes.0 - Linenr 1100000
2018/10/01 13:29:33 - Select values.0 - linenr 1100000
2018/10/01 13:29:35 - Carrega tabela.0 - linenr 1100000
2018/10/01 13:29:37 - Le Arquivo.0 - Line number : 1150000
2018/10/01 13:29:39 - Separa Ano e Mes.0 - Linenr 1150000
2018/10/01 13:29:44 - Select values.0 - linenr 1150000
2018/10/01 13:29:46 - Carrega tabela.0 - linenr 1150000
2018/10/01 13:29:48 - Le Arquivo.0 - Line number : 1200000
2018/10/01 13:29:50 - Separa Ano e Mes.0 - Linenr 1200000
2018/10/01 13:29:54 - Select values.0 - linenr 1200000
2018/10/01 13:29:56 - Carrega tabela.0 - linenr 1200000
2018/10/01 13:29:58 - Le Arquivo.0 - Line number : 1250000
2018/10/01 13:30:00 - Separa Ano e Mes.0 - Linenr 1250000
2018/10/01 13:30:04 - Select values.0 - linenr 1250000
2018/10/01 13:30:07 - Carrega tabela.0 - linenr 1250000
2018/10/01 13:30:09 - Le Arquivo.0 - Line number : 1300000
2018/10/01 13:30:11 - Separa Ano e Mes.0 - Linenr 1300000
2018/10/01 13:30:15 - Select values.0 - linenr 1300000
2018/10/01 13:30:17 - Carrega tabela.0 - linenr 1300000
2018/10/01 13:30:19 - Le Arquivo.0 - Line number : 1350000
2018/10/01 13:30:21 - Separa Ano e Mes.0 - Linenr 1350000
2018/10/01 13:30:25 - Select values.0 - linenr 1350000
2018/10/01 13:30:27 - Carrega tabela.0 - linenr 1350000
2018/10/01 13:30:29 - Le Arquivo.0 - Line number : 1400000
2018/10/01 13:30:31 - Separa Ano e Mes.0 - Linenr 1400000
2018/10/01 13:30:35 - Select values.0 - linenr 1400000
2018/10/01 13:30:37 - Carrega tabela.0 - linenr 1400000
2018/10/01 13:30:40 - Le Arquivo.0 - Line number : 1450000
2018/10/01 13:30:42 - Separa Ano e Mes.0 - Linenr 1450000
2018/10/01 13:30:46 - Select values.0 - linenr 1450000
2018/10/01 13:30:48 - Carrega tabela.0 - linenr 1450000
2018/10/01 13:30:50 - Le Arquivo.0 - Line number : 1500000
2018/10/01 13:30:52 - Separa Ano e Mes.0 - Linenr 1500000
2018/10/01 13:30:56 - Select values.0 - linenr 1500000
2018/10/01 13:30:58 - Carrega tabela.0 - linenr 1500000
2018/10/01 13:31:00 - Le Arquivo.0 - Line number : 1550000
2018/10/01 13:31:02 - Separa Ano e Mes.0 - Linenr 1550000
2018/10/01 13:31:06 - Select values.0 - linenr 1550000
2018/10/01 13:31:08 - Carrega tabela.0 - linenr 1550000
2018/10/01 13:31:11 - Le Arquivo.0 - Line number : 1600000
2018/10/01 13:31:13 - Separa Ano e Mes.0 - Linenr 1600000
2018/10/01 13:31:17 - Select values.0 - linenr 1600000
2018/10/01 13:31:19 - Carrega tabela.0 - linenr 1600000
2018/10/01 13:31:21 - Le Arquivo.0 - Line number : 1650000
2018/10/01 13:31:23 - Separa Ano e Mes.0 - Linenr 1650000
2018/10/01 13:31:27 - Select values.0 - linenr 1650000
2018/10/01 13:31:29 - Carrega tabela.0 - linenr 1650000
2018/10/01 13:31:31 - Le Arquivo.0 - Line number : 1700000
2018/10/01 13:31:34 - Separa Ano e Mes.0 - Linenr 1700000
2018/10/01 13:31:38 - Select values.0 - linenr 1700000
2018/10/01 13:31:40 - Carrega tabela.0 - linenr 1700000
2018/10/01 13:31:42 - Le Arquivo.0 - Line number : 1750000
2018/10/01 13:31:44 - Separa Ano e Mes.0 - Linenr 1750000
2018/10/01 13:31:48 - Select values.0 - linenr 1750000
2018/10/01 13:31:50 - Carrega tabela.0 - linenr 1750000
2018/10/01 13:31:52 - Le Arquivo.0 - Line number : 1800000
2018/10/01 13:31:54 - Separa Ano e Mes.0 - Linenr 1800000
2018/10/01 13:31:59 - Select values.0 - linenr 1800000
2018/10/01 13:32:01 - Carrega tabela.0 - linenr 1800000
2018/10/01 13:32:03 - Le Arquivo.0 - Line number : 1850000
2018/10/01 13:32:05 - Separa Ano e Mes.0 - Linenr 1850000
2018/10/01 13:32:09 - Select values.0 - linenr 1850000
2018/10/01 13:32:11 - Carrega tabela.0 - linenr 1850000
2018/10/01 13:32:13 - Le Arquivo.0 - Line number : 1900000
2018/10/01 13:32:15 - Separa Ano e Mes.0 - Linenr 1900000
2018/10/01 13:32:19 - Select values.0 - linenr 1900000
2018/10/01 13:32:21 - Carrega tabela.0 - linenr 1900000
2018/10/01 13:32:23 - Le Arquivo.0 - Line number : 1950000
2018/10/01 13:32:25 - Separa Ano e Mes.0 - Linenr 1950000
2018/10/01 13:32:29 - Select values.0 - linenr 1950000
2018/10/01 13:32:32 - Carrega tabela.0 - linenr 1950000
2018/10/01 13:32:34 - Le Arquivo.0 - Line number : 2000000
2018/10/01 13:32:36 - Separa Ano e Mes.0 - Linenr 2000000
2018/10/01 13:32:40 - Select values.0 - linenr 2000000
2018/10/01 13:32:42 - Carrega tabela.0 - linenr 2000000
2018/10/01 13:32:44 - Le Arquivo.0 - Line number : 2050000
2018/10/01 13:32:46 - Separa Ano e Mes.0 - Linenr 2050000
2018/10/01 13:32:51 - Select values.0 - linenr 2050000
2018/10/01 13:32:53 - Carrega tabela.0 - linenr 2050000
2018/10/01 13:32:55 - Le Arquivo.0 - Line number : 2100000
2018/10/01 13:32:57 - Separa Ano e Mes.0 - Linenr 2100000
2018/10/01 13:33:01 - Select values.0 - linenr 2100000
2018/10/01 13:33:03 - Carrega tabela.0 - linenr 2100000
2018/10/01 13:33:05 - Le Arquivo.0 - Line number : 2150000
2018/10/01 13:33:07 - Separa Ano e Mes.0 - Linenr 2150000
2018/10/01 13:33:11 - Select values.0 - linenr 2150000
2018/10/01 13:33:13 - Carrega tabela.0 - linenr 2150000
2018/10/01 13:33:15 - Le Arquivo.0 - Line number : 2200000
2018/10/01 13:33:17 - Separa Ano e Mes.0 - Linenr 2200000
2018/10/01 13:33:22 - Select values.0 - linenr 2200000
2018/10/01 13:33:24 - Carrega tabela.0 - linenr 2200000
2018/10/01 13:33:26 - Le Arquivo.0 - Line number : 2250000
2018/10/01 13:33:28 - Separa Ano e Mes.0 - Linenr 2250000
2018/10/01 13:33:32 - Select values.0 - linenr 2250000
2018/10/01 13:33:34 - Carrega tabela.0 - linenr 2250000
2018/10/01 13:33:36 - Le Arquivo.0 - Line number : 2300000
2018/10/01 13:33:38 - Separa Ano e Mes.0 - Linenr 2300000
2018/10/01 13:33:43 - Select values.0 - linenr 2300000
2018/10/01 13:33:45 - Carrega tabela.0 - linenr 2300000
2018/10/01 13:33:47 - Le Arquivo.0 - Line number : 2350000
2018/10/01 13:33:49 - Separa Ano e Mes.0 - Linenr 2350000
2018/10/01 13:33:53 - Select values.0 - linenr 2350000
2018/10/01 13:33:55 - Carrega tabela.0 - linenr 2350000
2018/10/01 13:33:57 - Le Arquivo.0 - Line number : 2400000
2018/10/01 13:33:59 - Separa Ano e Mes.0 - Linenr 2400000
2018/10/01 13:34:03 - Select values.0 - linenr 2400000
2018/10/01 13:34:05 - Carrega tabela.0 - linenr 2400000
2018/10/01 13:34:07 - Le Arquivo.0 - Line number : 2450000
2018/10/01 13:34:09 - Separa Ano e Mes.0 - Linenr 2450000
2018/10/01 13:34:13 - Select values.0 - linenr 2450000
2018/10/01 13:34:15 - Carrega tabela.0 - linenr 2450000
2018/10/01 13:34:18 - Le Arquivo.0 - Line number : 2500000
2018/10/01 13:34:20 - Separa Ano e Mes.0 - Linenr 2500000
2018/10/01 13:34:24 - Select values.0 - linenr 2500000
2018/10/01 13:34:26 - Carrega tabela.0 - linenr 2500000
2018/10/01 13:34:28 - Le Arquivo.0 - Line number : 2550000
2018/10/01 13:34:30 - Separa Ano e Mes.0 - Linenr 2550000
2018/10/01 13:34:34 - Select values.0 - linenr 2550000
2018/10/01 13:34:36 - Carrega tabela.0 - linenr 2550000
2018/10/01 13:34:38 - Le Arquivo.0 - Line number : 2600000
2018/10/01 13:34:40 - Separa Ano e Mes.0 - Linenr 2600000
2018/10/01 13:34:45 - Select values.0 - linenr 2600000
2018/10/01 13:34:47 - Carrega tabela.0 - linenr 2600000
2018/10/01 13:34:49 - Le Arquivo.0 - Line number : 2650000
2018/10/01 13:34:51 - Separa Ano e Mes.0 - Linenr 2650000
2018/10/01 13:34:55 - Select values.0 - linenr 2650000
2018/10/01 13:34:57 - Carrega tabela.0 - linenr 2650000
2018/10/01 13:34:59 - Le Arquivo.0 - Line number : 2700000
2018/10/01 13:35:01 - Separa Ano e Mes.0 - Linenr 2700000
2018/10/01 13:35:05 - Select values.0 - linenr 2700000
2018/10/01 13:35:07 - Carrega tabela.0 - linenr 2700000
2018/10/01 13:35:09 - Le Arquivo.0 - Line number : 2750000
2018/10/01 13:35:11 - Separa Ano e Mes.0 - Linenr 2750000
2018/10/01 13:35:16 - Select values.0 - linenr 2750000
2018/10/01 13:35:18 - Carrega tabela.0 - linenr 2750000
2018/10/01 13:35:20 - Le Arquivo.0 - Line number : 2800000
2018/10/01 13:35:22 - Separa Ano e Mes.0 - Linenr 2800000
2018/10/01 13:35:26 - Select values.0 - linenr 2800000
2018/10/01 13:35:28 - Carrega tabela.0 - linenr 2800000
2018/10/01 13:35:30 - Le Arquivo.0 - Line number : 2850000
2018/10/01 13:35:32 - Separa Ano e Mes.0 - Linenr 2850000
2018/10/01 13:35:37 - Select values.0 - linenr 2850000
2018/10/01 13:35:39 - Carrega tabela.0 - linenr 2850000
2018/10/01 13:35:41 - Le Arquivo.0 - Line number : 2900000
2018/10/01 13:35:43 - Separa Ano e Mes.0 - Linenr 2900000
2018/10/01 13:35:47 - Select values.0 - linenr 2900000
2018/10/01 13:35:49 - Carrega tabela.0 - linenr 2900000
2018/10/01 13:35:51 - Le Arquivo.0 - Finished processing (I=2949269, O=0, R=0, W=2949268, U=0, E=0)
2018/10/01 13:35:53 - Separa Ano e Mes.0 - Finished processing (I=0, O=0, R=2949268, W=2949268, U=0, E=0)
2018/10/01 13:35:55 - Value Mapper.0 - Finished processing (I=0, O=0, R=2949268, W=2949268, U=0, E=0)
2018/10/01 13:35:57 - Select values.0 - Finished processing (I=0, O=0, R=2949268, W=2949268, U=0, E=0)
2018/10/01 13:35:59 - Carrega tabela.0 - Finished processing (I=0, O=2949268, R=2949268, W=2949268, U=0, E=0)
2018/10/01 13:35:59 - job_carga_caged - Starting entry [Success]
2018/10/01 13:35:59 - job_carga_caged - Finished job entry [Success] (result=[true])
2018/10/01 13:35:59 - job_carga_caged - Finished job entry [ktr_carga_caged] (result=[true])
2018/10/01 13:35:59 - job_carga_caged - Job execution finished
2018/10/01 13:35:59 - Kitchen - Finished!
2018/10/01 13:35:59 - Kitchen - Start=2018/10/01 13:25:40.918, Stop=2018/10/01 13:35:59.675
2018/10/01 13:35:59 - Kitchen - Processing ended after 10 minutes and 18 seconds (618 seconds total).
