#######################################################################
WARNING:  no libwebkitgtk-1.0 detected, some features will be unavailable
    Consider installing the package with apt-get or yum.
    e.g. 'sudo apt-get install libwebkitgtk-1.0-0'
#######################################################################
OpenJDK 64-Bit Server VM warning: ignoring option MaxPermSize=4G; support was removed in 8.0
14:15:13,392 INFO  [KarafBoot] Checking to see if org.pentaho.clean.karaf.cache is enabled
14:15:13,489 INFO  [KarafInstance] 
*******************************************************************************
*** Karaf Instance Number: 2 at /opt/data-integration/./system/karaf/caches ***
***   /kitchen/data-1                                                       ***
*** FastBin Provider Port:52902                                             ***
*** Karaf Port:8803                                                         ***
*** OSGI Service Port:9052                                                  ***
*******************************************************************************
out 07, 2018 2:15:14 PM org.apache.karaf.main.Main$KarafLockCallback lockAquired
INFO: Lock acquired. Setting startlevel to 100
2018/10/07 14:15:14 - Kitchen - Start of run.
2018-10-07 14:15:16.986:INFO:oejs.Server:jetty-8.1.15.v20140411
2018-10-07 14:15:17.015:INFO:oejs.AbstractConnector:Started NIOSocketConnectorWrapper@0.0.0.0:9052
out 07, 2018 2:15:17 PM org.apache.cxf.bus.blueprint.NamespaceHandlerRegisterer register
INFO: Registered blueprint namespace handler for http://cxf.apache.org/blueprint/core
out 07, 2018 2:15:17 PM org.apache.cxf.bus.blueprint.NamespaceHandlerRegisterer register
INFO: Registered blueprint namespace handler for http://cxf.apache.org/configuration/beans
out 07, 2018 2:15:17 PM org.apache.cxf.bus.blueprint.NamespaceHandlerRegisterer register
INFO: Registered blueprint namespace handler for http://cxf.apache.org/configuration/parameterized-types
out 07, 2018 2:15:17 PM org.apache.cxf.bus.blueprint.NamespaceHandlerRegisterer register
INFO: Registered blueprint namespace handler for http://cxf.apache.org/configuration/security
out 07, 2018 2:15:17 PM org.apache.cxf.bus.blueprint.NamespaceHandlerRegisterer register
INFO: Registered blueprint namespace handler for http://schemas.xmlsoap.org/wsdl/
out 07, 2018 2:15:17 PM org.apache.cxf.bus.blueprint.NamespaceHandlerRegisterer register
INFO: Registered blueprint namespace handler for http://www.w3.org/2005/08/addressing
out 07, 2018 2:15:17 PM org.apache.cxf.bus.blueprint.NamespaceHandlerRegisterer register
INFO: Registered blueprint namespace handler for http://schemas.xmlsoap.org/ws/2004/08/addressing
out 07, 2018 2:15:17 PM org.apache.cxf.bus.osgi.CXFExtensionBundleListener addExtensions
INFO: Adding the extensions from bundle org.apache.cxf.cxf-rt-management (152) [org.apache.cxf.management.InstrumentationManager]
out 07, 2018 2:15:17 PM org.apache.cxf.bus.osgi.CXFExtensionBundleListener addExtensions
INFO: Adding the extensions from bundle org.apache.cxf.cxf-rt-ws-policy (203) [org.apache.cxf.ws.policy.PolicyEngine, org.apache.cxf.policy.PolicyDataEngine, org.apache.cxf.ws.policy.AssertionBuilderRegistry, org.apache.cxf.ws.policy.PolicyInterceptorProviderRegistry, org.apache.cxf.ws.policy.PolicyBuilder, org.apache.cxf.ws.policy.PolicyAnnotationListener, org.apache.cxf.ws.policy.attachment.ServiceModelPolicyProvider, org.apache.cxf.ws.policy.attachment.external.DomainExpressionBuilderRegistry, org.apache.cxf.ws.policy.attachment.external.EndpointReferenceDomainExpressionBuilder, org.apache.cxf.ws.policy.attachment.external.URIDomainExpressionBuilder, org.apache.cxf.ws.policy.attachment.wsdl11.Wsdl11AttachmentPolicyProvider, org.apache.cxf.ws.policy.mtom.MTOMAssertionBuilder, org.apache.cxf.ws.policy.mtom.MTOMPolicyInterceptorProvider]
out 07, 2018 2:15:17 PM org.apache.cxf.bus.osgi.CXFExtensionBundleListener addExtensions
INFO: Adding the extensions from bundle org.apache.cxf.cxf-rt-transports-http (156) [org.apache.cxf.transport.http.HTTPTransportFactory, org.apache.cxf.transport.http.HTTPWSDLExtensionLoader, org.apache.cxf.transport.http.policy.HTTPClientAssertionBuilder, org.apache.cxf.transport.http.policy.HTTPServerAssertionBuilder, org.apache.cxf.transport.http.policy.NoOpPolicyInterceptorProvider]
out 07, 2018 2:15:17 PM org.apache.cxf.bus.osgi.CXFExtensionBundleListener addExtensions
INFO: Adding the extensions from bundle org.apache.cxf.cxf-rt-wsdl (189) [org.apache.cxf.wsdl.WSDLManager]
out 07, 2018 2:15:17 PM org.apache.cxf.bus.blueprint.NamespaceHandlerRegisterer register
INFO: Registered blueprint namespace handler for http://cxf.apache.org/transports/http/configuration
out 07, 2018 2:15:17 PM org.apache.cxf.bus.osgi.CXFExtensionBundleListener addExtensions
INFO: Adding the extensions from bundle org.apache.cxf.cxf-rt-bindings-soap (192) [org.apache.cxf.binding.soap.SoapBindingFactory, org.apache.cxf.binding.soap.SoapTransportFactory]
out 07, 2018 2:15:17 PM org.apache.cxf.bus.blueprint.NamespaceHandlerRegisterer register
INFO: Registered blueprint namespace handler for http://cxf.apache.org/blueprint/jaxrs
out 07, 2018 2:15:17 PM org.apache.cxf.bus.blueprint.NamespaceHandlerRegisterer register
INFO: Registered blueprint namespace handler for http://cxf.apache.org/blueprint/jaxrs-client
out 07, 2018 2:15:17 PM org.apache.cxf.bus.osgi.CXFExtensionBundleListener addExtensions
INFO: Adding the extensions from bundle org.apache.cxf.cxf-rt-bindings-xml (191) [org.apache.cxf.binding.xml.XMLBindingFactory, org.apache.cxf.binding.xml.wsdl11.XMLWSDLExtensionLoader]
out 07, 2018 2:15:17 PM org.apache.cxf.bus.blueprint.NamespaceHandlerRegisterer register
INFO: Registered blueprint namespace handler for http://cxf.apache.org/blueprint/bindings/soap
out 07, 2018 2:15:17 PM org.apache.cxf.bus.blueprint.NamespaceHandlerRegisterer register
INFO: Registered blueprint namespace handler for http://cxf.apache.org/blueprint/simple
out 07, 2018 2:15:17 PM org.apache.cxf.bus.osgi.CXFExtensionBundleListener addExtensions
INFO: Adding the extensions from bundle org.apache.cxf.cxf-rt-frontend-jaxws (194) [org.apache.cxf.jaxws.context.WebServiceContextResourceResolver]
out 07, 2018 2:15:17 PM org.apache.cxf.bus.blueprint.NamespaceHandlerRegisterer register
INFO: Registered blueprint namespace handler for http://cxf.apache.org/blueprint/jaxws
out 07, 2018 2:15:17 PM org.apache.cxf.bus.blueprint.NamespaceHandlerRegisterer register
INFO: Registered blueprint namespace handler for http://cxf.apache.org/binding/coloc
out 07, 2018 2:15:17 PM org.apache.cxf.bus.osgi.CXFExtensionBundleListener addExtensions
INFO: Adding the extensions from bundle org.apache.cxf.cxf-rt-transports-local (199) [org.apache.cxf.transport.local.LocalTransportFactory]
out 07, 2018 2:15:17 PM org.apache.cxf.bus.osgi.CXFExtensionBundleListener addExtensions
INFO: Adding the extensions from bundle org.apache.cxf.cxf-rt-bindings-object (200) [org.apache.cxf.binding.object.ObjectBindingFactory]
out 07, 2018 2:15:17 PM org.apache.cxf.bus.blueprint.NamespaceHandlerRegisterer register
INFO: Registered blueprint namespace handler for http://cxf.apache.org/blueprint/binding/object
out 07, 2018 2:15:17 PM org.apache.cxf.bus.blueprint.NamespaceHandlerRegisterer register
INFO: Registered blueprint namespace handler for http://cxf.apache.org/policy
out 07, 2018 2:15:17 PM org.apache.cxf.bus.blueprint.NamespaceHandlerRegisterer register
INFO: Registered blueprint namespace handler for http://www.w3.org/ns/ws-policy
out 07, 2018 2:15:17 PM org.apache.cxf.bus.blueprint.NamespaceHandlerRegisterer register
INFO: Registered blueprint namespace handler for http://www.w3.org/2006/07/ws-policy
out 07, 2018 2:15:17 PM org.apache.cxf.bus.blueprint.NamespaceHandlerRegisterer register
INFO: Registered blueprint namespace handler for http://schemas.xmlsoap.org/ws/2004/09/policy
out 07, 2018 2:15:17 PM org.apache.cxf.bus.blueprint.NamespaceHandlerRegisterer register
INFO: Registered blueprint namespace handler for http://docs.oasis-open.org/wss/2004/01/oasis-200401-wss-wssecurity-secext-1.0.xsd
out 07, 2018 2:15:17 PM org.apache.cxf.bus.blueprint.NamespaceHandlerRegisterer register
INFO: Registered blueprint namespace handler for http://docs.oasis-open.org/wss/2004/01/oasis-200401-wss-wssecurity-utility-1.0.xsd
out 07, 2018 2:15:17 PM org.apache.cxf.bus.blueprint.NamespaceHandlerRegisterer register
INFO: Registered blueprint namespace handler for http://www.w3.org/2000/09/xmldsig#
out 07, 2018 2:15:17 PM org.apache.cxf.bus.blueprint.NamespaceHandlerRegisterer register
INFO: Registered blueprint namespace handler for http://docs.oasis-open.org/ws-sx/ws-securitypolicy/200702
out 07, 2018 2:15:17 PM org.apache.cxf.bus.osgi.CXFExtensionBundleListener addExtensions
INFO: Adding the extensions from bundle org.apache.cxf.cxf-rt-ws-addr (220) [org.apache.cxf.ws.addressing.policy.AddressingAssertionBuilder, org.apache.cxf.ws.addressing.policy.UsingAddressingAssertionBuilder, org.apache.cxf.ws.addressing.policy.AddressingPolicyInterceptorProvider, org.apache.cxf.ws.addressing.impl.AddressingWSDLExtensionLoader, org.apache.cxf.ws.addressing.WSAddressingFeature$WSAddressingFeatureApplier, org.apache.cxf.ws.addressing.MAPAggregator$MAPAggregatorLoader]
out 07, 2018 2:15:17 PM org.apache.cxf.bus.blueprint.NamespaceHandlerRegisterer register
INFO: Registered blueprint namespace handler for http://cxf.apache.org/ws/addressing
out 07, 2018 2:15:17 PM org.apache.cxf.bus.osgi.CXFExtensionBundleListener addExtensions
INFO: Adding the extensions from bundle org.apache.cxf.cxf-rt-ws-security (222) [org.apache.cxf.ws.security.policy.WSSecurityPolicyLoader, org.apache.cxf.ws.security.cache.CacheCleanupListener]
out 07, 2018 2:15:17 PM org.apache.cxf.bus.osgi.CXFExtensionBundleListener addExtensions
INFO: Adding the extensions from bundle org.apache.cxf.cxf-rt-ws-rm (224) [org.apache.cxf.ws.rm.RMManager, org.apache.cxf.ws.rm.policy.RMPolicyInterceptorProvider, org.apache.cxf.ws.rm.policy.RM10AssertionBuilder, org.apache.cxf.ws.rm.policy.RM12AssertionBuilder, org.apache.cxf.ws.rm.policy.WSRMP12PolicyLoader, org.apache.cxf.ws.rm.policy.MC11PolicyLoader, org.apache.cxf.ws.rm.policy.RSPPolicyLoader]
out 07, 2018 2:15:17 PM org.apache.cxf.bus.blueprint.NamespaceHandlerRegisterer register
INFO: Registered blueprint namespace handler for http://cxf.apache.org/ws/rm/manager
out 07, 2018 2:15:17 PM org.apache.cxf.bus.blueprint.NamespaceHandlerRegisterer register
INFO: Registered blueprint namespace handler for http://schemas.xmlsoap.org/ws/2005/02/rm/policy
out 07, 2018 2:15:17 PM org.apache.cxf.bus.osgi.CXFExtensionBundleListener addExtensions
INFO: Adding the extensions from bundle org.apache.cxf.cxf-rt-javascript (225) [org.apache.cxf.javascript.JavascriptServerListener]
out 07, 2018 2:15:18 PM org.pentaho.caching.impl.PentahoCacheManagerFactory$RegistrationHandler$1 onSuccess
INFO: New Caching Service registered
2018/10/07 14:15:20 - job_carga_caged - Start of job execution
2018/10/07 14:15:20 - job_carga_caged - Starting entry [ktr_carga_caged]
2018/10/07 14:15:20 - ktr_carga_caged - Loading transformation from XML file [/home/unb/MTB/ETL/ods/mtb/caged_dw/ktr_carga_caged.ktr]
out 07, 2018 2:15:20 PM org.apache.cxf.endpoint.ServerImpl initDestination
INFO: Setting the server's publish address to be /marketplace
2018/10/07 14:15:20 - ktr_carga_caged - Using run configuration [Pentaho local]
2018/10/07 14:15:20 - ktr_carga_caged - Using legacy execution engine
2018/10/07 14:15:20 - ktr_carga_caged - Dispatching started for transformation [ktr_carga_caged]
out 07, 2018 2:15:20 PM org.apache.cxf.endpoint.ServerImpl initDestination
INFO: Setting the server's publish address to be /lineage
2018/10/07 14:15:20 - Carrega tabela.0 - Connected to database [comexao_ods] (commit=100000000)
out 07, 2018 2:15:20 PM org.apache.cxf.endpoint.ServerImpl initDestination
INFO: Setting the server's publish address to be /i18n
SLF4J: Class path contains multiple SLF4J bindings.
SLF4J: Found binding in [jar:file:/opt/data-integration/launcher/../lib/slf4j-log4j12-1.7.7.jar!/org/slf4j/impl/StaticLoggerBinder.class]
SLF4J: Found binding in [jar:file:/opt/data-integration/plugins/pentaho-big-data-plugin/lib/slf4j-log4j12-1.7.7.jar!/org/slf4j/impl/StaticLoggerBinder.class]
SLF4J: See http://www.slf4j.org/codes.html#multiple_bindings for an explanation.
SLF4J: Actual binding is of type [org.slf4j.impl.Log4jLoggerFactory]
2018/10/07 14:15:20 - Le Arquivo.0 - Header row skipped in file '/mnt/unb/bases_mte/CAGED/CAGED_TRABALHADOR_AJUSTADO_062017.txt'
2018/10/07 14:15:21 - Le Arquivo.0 - Line number : 50000
2018/10/07 14:15:22 - Separa Ano e Mes.0 - Linenr 50000
2018/10/07 14:15:29 - Le Arquivo.0 - Line number : 100000
2018/10/07 14:15:33 - Separa Ano e Mes.0 - Linenr 100000
2018/10/07 14:15:37 - Select values.0 - linenr 50000
2018/10/07 14:15:41 - Carrega tabela.0 - linenr 50000
2018/10/07 14:15:49 - Le Arquivo.0 - Line number : 150000
2018/10/07 14:15:53 - Separa Ano e Mes.0 - Linenr 150000
2018/10/07 14:15:56 - Select values.0 - linenr 100000
2018/10/07 14:16:00 - Carrega tabela.0 - linenr 100000
2018/10/07 14:16:08 - Le Arquivo.0 - Line number : 200000
2018/10/07 14:16:12 - Separa Ano e Mes.0 - Linenr 200000
2018/10/07 14:16:16 - Select values.0 - linenr 150000
2018/10/07 14:16:20 - Carrega tabela.0 - linenr 150000
2018/10/07 14:16:28 - Le Arquivo.0 - Line number : 250000
2018/10/07 14:16:32 - Separa Ano e Mes.0 - Linenr 250000
2018/10/07 14:16:35 - Select values.0 - linenr 200000
2018/10/07 14:16:39 - Carrega tabela.0 - linenr 200000
2018/10/07 14:16:47 - Le Arquivo.0 - Line number : 300000
2018/10/07 14:16:51 - Separa Ano e Mes.0 - Linenr 300000
2018/10/07 14:16:55 - Select values.0 - linenr 250000
2018/10/07 14:16:58 - Carrega tabela.0 - linenr 250000
2018/10/07 14:17:07 - Le Arquivo.0 - Line number : 350000
2018/10/07 14:17:11 - Separa Ano e Mes.0 - Linenr 350000
2018/10/07 14:17:14 - Select values.0 - linenr 300000
2018/10/07 14:17:18 - Carrega tabela.0 - linenr 300000
2018/10/07 14:17:26 - Le Arquivo.0 - Line number : 400000
2018/10/07 14:17:30 - Separa Ano e Mes.0 - Linenr 400000
2018/10/07 14:17:34 - Select values.0 - linenr 350000
2018/10/07 14:17:37 - Carrega tabela.0 - linenr 350000
2018/10/07 14:17:45 - Le Arquivo.0 - Line number : 450000
2018/10/07 14:17:49 - Separa Ano e Mes.0 - Linenr 450000
2018/10/07 14:17:53 - Select values.0 - linenr 400000
2018/10/07 14:17:57 - Carrega tabela.0 - linenr 400000
2018/10/07 14:18:05 - Le Arquivo.0 - Line number : 500000
2018/10/07 14:18:09 - Separa Ano e Mes.0 - Linenr 500000
2018/10/07 14:18:13 - Select values.0 - linenr 450000
2018/10/07 14:18:16 - Carrega tabela.0 - linenr 450000
2018/10/07 14:18:24 - Le Arquivo.0 - Line number : 550000
2018/10/07 14:18:28 - Separa Ano e Mes.0 - Linenr 550000
2018/10/07 14:18:32 - Select values.0 - linenr 500000
2018/10/07 14:18:36 - Carrega tabela.0 - linenr 500000
2018/10/07 14:18:44 - Le Arquivo.0 - Line number : 600000
2018/10/07 14:18:47 - Separa Ano e Mes.0 - Linenr 600000
2018/10/07 14:18:51 - Select values.0 - linenr 550000
2018/10/07 14:18:55 - Carrega tabela.0 - linenr 550000
2018/10/07 14:19:03 - Le Arquivo.0 - Line number : 650000
2018/10/07 14:19:06 - Separa Ano e Mes.0 - Linenr 650000
2018/10/07 14:19:10 - Select values.0 - linenr 600000
2018/10/07 14:19:14 - Carrega tabela.0 - linenr 600000
2018/10/07 14:19:22 - Le Arquivo.0 - Line number : 700000
2018/10/07 14:19:26 - Separa Ano e Mes.0 - Linenr 700000
2018/10/07 14:19:29 - Select values.0 - linenr 650000
2018/10/07 14:19:33 - Carrega tabela.0 - linenr 650000
2018/10/07 14:19:41 - Le Arquivo.0 - Line number : 750000
2018/10/07 14:19:45 - Separa Ano e Mes.0 - Linenr 750000
2018/10/07 14:19:49 - Select values.0 - linenr 700000
2018/10/07 14:19:53 - Carrega tabela.0 - linenr 700000
2018/10/07 14:20:01 - Le Arquivo.0 - Line number : 800000
2018/10/07 14:20:05 - Separa Ano e Mes.0 - Linenr 800000
2018/10/07 14:20:08 - Select values.0 - linenr 750000
2018/10/07 14:20:12 - Carrega tabela.0 - linenr 750000
2018/10/07 14:20:20 - Le Arquivo.0 - Line number : 850000
2018/10/07 14:20:24 - Separa Ano e Mes.0 - Linenr 850000
2018/10/07 14:20:28 - Select values.0 - linenr 800000
2018/10/07 14:20:32 - Carrega tabela.0 - linenr 800000
2018/10/07 14:20:40 - Le Arquivo.0 - Line number : 900000
2018/10/07 14:20:43 - Separa Ano e Mes.0 - Linenr 900000
2018/10/07 14:20:47 - Select values.0 - linenr 850000
2018/10/07 14:20:51 - Carrega tabela.0 - linenr 850000
2018/10/07 14:20:59 - Le Arquivo.0 - Line number : 950000
2018/10/07 14:21:03 - Separa Ano e Mes.0 - Linenr 950000
2018/10/07 14:21:07 - Select values.0 - linenr 900000
2018/10/07 14:21:11 - Carrega tabela.0 - linenr 900000
2018/10/07 14:21:19 - Le Arquivo.0 - Line number : 1000000
2018/10/07 14:21:23 - Separa Ano e Mes.0 - Linenr 1000000
2018/10/07 14:21:27 - Select values.0 - linenr 950000
2018/10/07 14:21:31 - Carrega tabela.0 - linenr 950000
2018/10/07 14:21:39 - Le Arquivo.0 - Line number : 1050000
2018/10/07 14:21:43 - Separa Ano e Mes.0 - Linenr 1050000
2018/10/07 14:21:46 - Select values.0 - linenr 1000000
2018/10/07 14:21:50 - Carrega tabela.0 - linenr 1000000
2018/10/07 14:21:58 - Le Arquivo.0 - Line number : 1100000
2018/10/07 14:22:02 - Separa Ano e Mes.0 - Linenr 1100000
2018/10/07 14:22:06 - Select values.0 - linenr 1050000
2018/10/07 14:22:10 - Carrega tabela.0 - linenr 1050000
2018/10/07 14:22:18 - Le Arquivo.0 - Line number : 1150000
2018/10/07 14:22:21 - Separa Ano e Mes.0 - Linenr 1150000
2018/10/07 14:22:25 - Select values.0 - linenr 1100000
2018/10/07 14:22:29 - Carrega tabela.0 - linenr 1100000
2018/10/07 14:22:37 - Le Arquivo.0 - Line number : 1200000
2018/10/07 14:22:41 - Separa Ano e Mes.0 - Linenr 1200000
2018/10/07 14:22:44 - Select values.0 - linenr 1150000
2018/10/07 14:22:48 - Carrega tabela.0 - linenr 1150000
2018/10/07 14:22:56 - Le Arquivo.0 - Line number : 1250000
2018/10/07 14:23:00 - Separa Ano e Mes.0 - Linenr 1250000
2018/10/07 14:23:04 - Select values.0 - linenr 1200000
2018/10/07 14:23:08 - Carrega tabela.0 - linenr 1200000
2018/10/07 14:23:16 - Le Arquivo.0 - Line number : 1300000
2018/10/07 14:23:20 - Separa Ano e Mes.0 - Linenr 1300000
2018/10/07 14:23:24 - Select values.0 - linenr 1250000
2018/10/07 14:23:28 - Carrega tabela.0 - linenr 1250000
2018/10/07 14:23:36 - Le Arquivo.0 - Line number : 1350000
2018/10/07 14:23:40 - Separa Ano e Mes.0 - Linenr 1350000
2018/10/07 14:23:43 - Select values.0 - linenr 1300000
2018/10/07 14:23:47 - Carrega tabela.0 - linenr 1300000
2018/10/07 14:23:55 - Le Arquivo.0 - Line number : 1400000
2018/10/07 14:23:59 - Separa Ano e Mes.0 - Linenr 1400000
2018/10/07 14:24:03 - Select values.0 - linenr 1350000
2018/10/07 14:24:06 - Carrega tabela.0 - linenr 1350000
2018/10/07 14:24:14 - Le Arquivo.0 - Line number : 1450000
2018/10/07 14:24:18 - Separa Ano e Mes.0 - Linenr 1450000
2018/10/07 14:24:22 - Select values.0 - linenr 1400000
2018/10/07 14:24:26 - Carrega tabela.0 - linenr 1400000
2018/10/07 14:24:34 - Le Arquivo.0 - Line number : 1500000
2018/10/07 14:24:38 - Separa Ano e Mes.0 - Linenr 1500000
2018/10/07 14:24:42 - Select values.0 - linenr 1450000
2018/10/07 14:24:46 - Carrega tabela.0 - linenr 1450000
2018/10/07 14:24:54 - Le Arquivo.0 - Line number : 1550000
2018/10/07 14:24:58 - Separa Ano e Mes.0 - Linenr 1550000
2018/10/07 14:25:01 - Select values.0 - linenr 1500000
2018/10/07 14:25:05 - Carrega tabela.0 - linenr 1500000
2018/10/07 14:25:13 - Le Arquivo.0 - Line number : 1600000
2018/10/07 14:25:17 - Separa Ano e Mes.0 - Linenr 1600000
2018/10/07 14:25:21 - Select values.0 - linenr 1550000
2018/10/07 14:25:24 - Carrega tabela.0 - linenr 1550000
2018/10/07 14:25:32 - Le Arquivo.0 - Line number : 1650000
2018/10/07 14:25:36 - Separa Ano e Mes.0 - Linenr 1650000
2018/10/07 14:25:40 - Select values.0 - linenr 1600000
2018/10/07 14:25:44 - Carrega tabela.0 - linenr 1600000
2018/10/07 14:25:52 - Le Arquivo.0 - Line number : 1700000
2018/10/07 14:25:56 - Separa Ano e Mes.0 - Linenr 1700000
2018/10/07 14:25:59 - Select values.0 - linenr 1650000
2018/10/07 14:26:03 - Carrega tabela.0 - linenr 1650000
2018/10/07 14:26:11 - Le Arquivo.0 - Line number : 1750000
2018/10/07 14:26:15 - Separa Ano e Mes.0 - Linenr 1750000
2018/10/07 14:26:19 - Select values.0 - linenr 1700000
2018/10/07 14:26:23 - Carrega tabela.0 - linenr 1700000
2018/10/07 14:26:31 - Le Arquivo.0 - Line number : 1800000
2018/10/07 14:26:35 - Separa Ano e Mes.0 - Linenr 1800000
2018/10/07 14:26:38 - Select values.0 - linenr 1750000
2018/10/07 14:26:42 - Carrega tabela.0 - linenr 1750000
2018/10/07 14:26:50 - Le Arquivo.0 - Line number : 1850000
2018/10/07 14:26:54 - Separa Ano e Mes.0 - Linenr 1850000
2018/10/07 14:26:58 - Select values.0 - linenr 1800000
2018/10/07 14:27:01 - Carrega tabela.0 - linenr 1800000
2018/10/07 14:27:09 - Le Arquivo.0 - Line number : 1900000
2018/10/07 14:27:13 - Separa Ano e Mes.0 - Linenr 1900000
2018/10/07 14:27:17 - Select values.0 - linenr 1850000
2018/10/07 14:27:21 - Carrega tabela.0 - linenr 1850000
2018/10/07 14:27:29 - Le Arquivo.0 - Line number : 1950000
2018/10/07 14:27:33 - Separa Ano e Mes.0 - Linenr 1950000
2018/10/07 14:27:36 - Select values.0 - linenr 1900000
2018/10/07 14:27:40 - Carrega tabela.0 - linenr 1900000
2018/10/07 14:27:48 - Le Arquivo.0 - Line number : 2000000
2018/10/07 14:27:52 - Separa Ano e Mes.0 - Linenr 2000000
2018/10/07 14:27:56 - Select values.0 - linenr 1950000
2018/10/07 14:28:00 - Carrega tabela.0 - linenr 1950000
2018/10/07 14:28:08 - Le Arquivo.0 - Line number : 2050000
2018/10/07 14:28:12 - Separa Ano e Mes.0 - Linenr 2050000
2018/10/07 14:28:15 - Select values.0 - linenr 2000000
2018/10/07 14:28:19 - Carrega tabela.0 - linenr 2000000
2018/10/07 14:28:27 - Le Arquivo.0 - Line number : 2100000
2018/10/07 14:28:31 - Separa Ano e Mes.0 - Linenr 2100000
2018/10/07 14:28:34 - Select values.0 - linenr 2050000
2018/10/07 14:28:38 - Carrega tabela.0 - linenr 2050000
2018/10/07 14:28:46 - Le Arquivo.0 - Line number : 2150000
2018/10/07 14:28:50 - Separa Ano e Mes.0 - Linenr 2150000
2018/10/07 14:28:54 - Select values.0 - linenr 2100000
2018/10/07 14:28:58 - Carrega tabela.0 - linenr 2100000
2018/10/07 14:29:06 - Le Arquivo.0 - Line number : 2200000
2018/10/07 14:29:10 - Separa Ano e Mes.0 - Linenr 2200000
2018/10/07 14:29:13 - Select values.0 - linenr 2150000
2018/10/07 14:29:17 - Carrega tabela.0 - linenr 2150000
2018/10/07 14:29:25 - Le Arquivo.0 - Line number : 2250000
2018/10/07 14:29:29 - Separa Ano e Mes.0 - Linenr 2250000
2018/10/07 14:29:33 - Select values.0 - linenr 2200000
2018/10/07 14:29:37 - Carrega tabela.0 - linenr 2200000
2018/10/07 14:29:44 - Le Arquivo.0 - Line number : 2300000
2018/10/07 14:29:48 - Separa Ano e Mes.0 - Linenr 2300000
2018/10/07 14:29:52 - Select values.0 - linenr 2250000
2018/10/07 14:29:56 - Carrega tabela.0 - linenr 2250000
2018/10/07 14:30:04 - Le Arquivo.0 - Line number : 2350000
2018/10/07 14:30:07 - Separa Ano e Mes.0 - Linenr 2350000
2018/10/07 14:30:11 - Select values.0 - linenr 2300000
2018/10/07 14:30:15 - Carrega tabela.0 - linenr 2300000
2018/10/07 14:30:23 - Le Arquivo.0 - Line number : 2400000
2018/10/07 14:30:27 - Separa Ano e Mes.0 - Linenr 2400000
2018/10/07 14:30:31 - Select values.0 - linenr 2350000
2018/10/07 14:30:35 - Carrega tabela.0 - linenr 2350000
2018/10/07 14:30:43 - Le Arquivo.0 - Line number : 2450000
2018/10/07 14:30:47 - Separa Ano e Mes.0 - Linenr 2450000
2018/10/07 14:30:50 - Select values.0 - linenr 2400000
2018/10/07 14:30:54 - Carrega tabela.0 - linenr 2400000
2018/10/07 14:31:02 - Le Arquivo.0 - Line number : 2500000
2018/10/07 14:31:06 - Separa Ano e Mes.0 - Linenr 2500000
2018/10/07 14:31:10 - Select values.0 - linenr 2450000
2018/10/07 14:31:14 - Carrega tabela.0 - linenr 2450000
2018/10/07 14:31:22 - Le Arquivo.0 - Line number : 2550000
2018/10/07 14:31:26 - Separa Ano e Mes.0 - Linenr 2550000
2018/10/07 14:31:29 - Select values.0 - linenr 2500000
2018/10/07 14:31:33 - Carrega tabela.0 - linenr 2500000
2018/10/07 14:31:41 - Le Arquivo.0 - Line number : 2600000
2018/10/07 14:31:45 - Separa Ano e Mes.0 - Linenr 2600000
2018/10/07 14:31:49 - Select values.0 - linenr 2550000
2018/10/07 14:31:52 - Carrega tabela.0 - linenr 2550000
2018/10/07 14:32:00 - Le Arquivo.0 - Line number : 2650000
2018/10/07 14:32:04 - Separa Ano e Mes.0 - Linenr 2650000
2018/10/07 14:32:08 - Select values.0 - linenr 2600000
2018/10/07 14:32:12 - Carrega tabela.0 - linenr 2600000
2018/10/07 14:32:20 - Le Arquivo.0 - Line number : 2700000
2018/10/07 14:32:24 - Separa Ano e Mes.0 - Linenr 2700000
2018/10/07 14:32:27 - Select values.0 - linenr 2650000
2018/10/07 14:32:31 - Carrega tabela.0 - linenr 2650000
2018/10/07 14:32:39 - Le Arquivo.0 - Line number : 2750000
2018/10/07 14:32:43 - Separa Ano e Mes.0 - Linenr 2750000
2018/10/07 14:32:46 - Select values.0 - linenr 2700000
2018/10/07 14:32:50 - Carrega tabela.0 - linenr 2700000
2018/10/07 14:32:58 - Le Arquivo.0 - Line number : 2800000
2018/10/07 14:33:02 - Separa Ano e Mes.0 - Linenr 2800000
2018/10/07 14:33:05 - Select values.0 - linenr 2750000
2018/10/07 14:33:09 - Carrega tabela.0 - linenr 2750000
2018/10/07 14:33:17 - Le Arquivo.0 - Line number : 2850000
2018/10/07 14:33:21 - Separa Ano e Mes.0 - Linenr 2850000
2018/10/07 14:33:24 - Select values.0 - linenr 2800000
2018/10/07 14:33:28 - Carrega tabela.0 - linenr 2800000
2018/10/07 14:33:36 - Le Arquivo.0 - Line number : 2900000
2018/10/07 14:33:40 - Separa Ano e Mes.0 - Linenr 2900000
2018/10/07 14:33:44 - Select values.0 - linenr 2850000
2018/10/07 14:33:48 - Carrega tabela.0 - linenr 2850000
2018/10/07 14:33:56 - Le Arquivo.0 - Line number : 2950000
2018/10/07 14:34:00 - Separa Ano e Mes.0 - Linenr 2950000
2018/10/07 14:34:03 - Select values.0 - linenr 2900000
2018/10/07 14:34:07 - Carrega tabela.0 - linenr 2900000
2018/10/07 14:34:15 - Le Arquivo.0 - Line number : 3000000
2018/10/07 14:34:19 - Separa Ano e Mes.0 - Linenr 3000000
2018/10/07 14:34:22 - Select values.0 - linenr 2950000
2018/10/07 14:34:26 - Carrega tabela.0 - linenr 2950000
2018/10/07 14:34:34 - Le Arquivo.0 - Line number : 3050000
2018/10/07 14:34:38 - Separa Ano e Mes.0 - Linenr 3050000
2018/10/07 14:34:42 - Select values.0 - linenr 3000000
2018/10/07 14:34:45 - Carrega tabela.0 - linenr 3000000
2018/10/07 14:34:54 - Le Arquivo.0 - Line number : 3100000
2018/10/07 14:34:58 - Separa Ano e Mes.0 - Linenr 3100000
2018/10/07 14:35:01 - Select values.0 - linenr 3050000
2018/10/07 14:35:05 - Carrega tabela.0 - linenr 3050000
2018/10/07 14:35:13 - Le Arquivo.0 - Line number : 3150000
2018/10/07 14:35:17 - Separa Ano e Mes.0 - Linenr 3150000
2018/10/07 14:35:21 - Select values.0 - linenr 3100000
2018/10/07 14:35:25 - Carrega tabela.0 - linenr 3100000
2018/10/07 14:35:33 - Le Arquivo.0 - Line number : 3200000
2018/10/07 14:35:36 - Separa Ano e Mes.0 - Linenr 3200000
2018/10/07 14:35:40 - Select values.0 - linenr 3150000
2018/10/07 14:35:44 - Carrega tabela.0 - linenr 3150000
2018/10/07 14:35:52 - Le Arquivo.0 - Line number : 3250000
2018/10/07 14:35:56 - Separa Ano e Mes.0 - Linenr 3250000
2018/10/07 14:36:00 - Select values.0 - linenr 3200000
2018/10/07 14:36:04 - Carrega tabela.0 - linenr 3200000
2018/10/07 14:36:12 - Le Arquivo.0 - Line number : 3300000
2018/10/07 14:36:16 - Separa Ano e Mes.0 - Linenr 3300000
2018/10/07 14:36:19 - Select values.0 - linenr 3250000
2018/10/07 14:36:23 - Carrega tabela.0 - linenr 3250000
2018/10/07 14:36:31 - Le Arquivo.0 - Line number : 3350000
2018/10/07 14:36:35 - Separa Ano e Mes.0 - Linenr 3350000
2018/10/07 14:36:39 - Select values.0 - linenr 3300000
2018/10/07 14:36:42 - Carrega tabela.0 - linenr 3300000
2018/10/07 14:36:50 - Le Arquivo.0 - Line number : 3400000
2018/10/07 14:36:54 - Separa Ano e Mes.0 - Linenr 3400000
2018/10/07 14:36:58 - Select values.0 - linenr 3350000
2018/10/07 14:37:02 - Carrega tabela.0 - linenr 3350000
2018/10/07 14:37:10 - Le Arquivo.0 - Line number : 3450000
2018/10/07 14:37:13 - Separa Ano e Mes.0 - Linenr 3450000
2018/10/07 14:37:17 - Select values.0 - linenr 3400000
2018/10/07 14:37:21 - Carrega tabela.0 - linenr 3400000
2018/10/07 14:37:29 - Le Arquivo.0 - Line number : 3500000
2018/10/07 14:37:33 - Separa Ano e Mes.0 - Linenr 3500000
2018/10/07 14:37:37 - Select values.0 - linenr 3450000
2018/10/07 14:37:40 - Carrega tabela.0 - linenr 3450000
2018/10/07 14:37:48 - Le Arquivo.0 - Line number : 3550000
2018/10/07 14:37:52 - Separa Ano e Mes.0 - Linenr 3550000
2018/10/07 14:37:56 - Select values.0 - linenr 3500000
2018/10/07 14:38:00 - Carrega tabela.0 - linenr 3500000
2018/10/07 14:38:08 - Le Arquivo.0 - Line number : 3600000
2018/10/07 14:38:12 - Separa Ano e Mes.0 - Linenr 3600000
2018/10/07 14:38:16 - Select values.0 - linenr 3550000
2018/10/07 14:38:19 - Carrega tabela.0 - linenr 3550000
2018/10/07 14:38:28 - Le Arquivo.0 - Line number : 3650000
2018/10/07 14:38:31 - Separa Ano e Mes.0 - Linenr 3650000
2018/10/07 14:38:35 - Select values.0 - linenr 3600000
2018/10/07 14:38:39 - Carrega tabela.0 - linenr 3600000
2018/10/07 14:38:47 - Le Arquivo.0 - Line number : 3700000
2018/10/07 14:38:51 - Separa Ano e Mes.0 - Linenr 3700000
2018/10/07 14:38:54 - Select values.0 - linenr 3650000
2018/10/07 14:38:58 - Carrega tabela.0 - linenr 3650000
2018/10/07 14:39:06 - Le Arquivo.0 - Line number : 3750000
2018/10/07 14:39:10 - Separa Ano e Mes.0 - Linenr 3750000
2018/10/07 14:39:14 - Select values.0 - linenr 3700000
2018/10/07 14:39:17 - Carrega tabela.0 - linenr 3700000
2018/10/07 14:39:25 - Le Arquivo.0 - Line number : 3800000
2018/10/07 14:39:29 - Separa Ano e Mes.0 - Linenr 3800000
2018/10/07 14:39:33 - Select values.0 - linenr 3750000
2018/10/07 14:39:37 - Carrega tabela.0 - linenr 3750000
2018/10/07 14:39:45 - Le Arquivo.0 - Line number : 3850000
2018/10/07 14:39:49 - Separa Ano e Mes.0 - Linenr 3850000
2018/10/07 14:39:52 - Select values.0 - linenr 3800000
2018/10/07 14:39:56 - Carrega tabela.0 - linenr 3800000
2018/10/07 14:40:04 - Le Arquivo.0 - Line number : 3900000
2018/10/07 14:40:08 - Separa Ano e Mes.0 - Linenr 3900000
2018/10/07 14:40:11 - Select values.0 - linenr 3850000
2018/10/07 14:40:15 - Carrega tabela.0 - linenr 3850000
2018/10/07 14:40:24 - Le Arquivo.0 - Line number : 3950000
2018/10/07 14:40:28 - Separa Ano e Mes.0 - Linenr 3950000
2018/10/07 14:40:32 - Select values.0 - linenr 3900000
2018/10/07 14:40:36 - Carrega tabela.0 - linenr 3900000
2018/10/07 14:40:44 - Le Arquivo.0 - Line number : 4000000
2018/10/07 14:40:48 - Separa Ano e Mes.0 - Linenr 4000000
2018/10/07 14:40:51 - Select values.0 - linenr 3950000
2018/10/07 14:40:55 - Carrega tabela.0 - linenr 3950000
2018/10/07 14:41:03 - Le Arquivo.0 - Line number : 4050000
2018/10/07 14:41:07 - Separa Ano e Mes.0 - Linenr 4050000
2018/10/07 14:41:11 - Select values.0 - linenr 4000000
2018/10/07 14:41:15 - Carrega tabela.0 - linenr 4000000
2018/10/07 14:41:23 - Le Arquivo.0 - Line number : 4100000
2018/10/07 14:41:27 - Separa Ano e Mes.0 - Linenr 4100000
2018/10/07 14:41:30 - Select values.0 - linenr 4050000
2018/10/07 14:41:34 - Carrega tabela.0 - linenr 4050000
2018/10/07 14:41:42 - Le Arquivo.0 - Line number : 4150000
2018/10/07 14:41:46 - Separa Ano e Mes.0 - Linenr 4150000
2018/10/07 14:41:50 - Select values.0 - linenr 4100000
2018/10/07 14:41:54 - Carrega tabela.0 - linenr 4100000
2018/10/07 14:42:02 - Le Arquivo.0 - Line number : 4200000
2018/10/07 14:42:05 - Separa Ano e Mes.0 - Linenr 4200000
2018/10/07 14:42:09 - Select values.0 - linenr 4150000
2018/10/07 14:42:13 - Carrega tabela.0 - linenr 4150000
2018/10/07 14:42:21 - Le Arquivo.0 - Line number : 4250000
2018/10/07 14:42:25 - Separa Ano e Mes.0 - Linenr 4250000
2018/10/07 14:42:28 - Select values.0 - linenr 4200000
2018/10/07 14:42:32 - Carrega tabela.0 - linenr 4200000
2018/10/07 14:42:40 - Le Arquivo.0 - Line number : 4300000
2018/10/07 14:42:44 - Separa Ano e Mes.0 - Linenr 4300000
2018/10/07 14:42:48 - Select values.0 - linenr 4250000
2018/10/07 14:42:52 - Carrega tabela.0 - linenr 4250000
2018/10/07 14:43:00 - Le Arquivo.0 - Line number : 4350000
2018/10/07 14:43:04 - Separa Ano e Mes.0 - Linenr 4350000
2018/10/07 14:43:07 - Select values.0 - linenr 4300000
2018/10/07 14:43:11 - Carrega tabela.0 - linenr 4300000
2018/10/07 14:43:19 - Le Arquivo.0 - Line number : 4400000
2018/10/07 14:43:23 - Separa Ano e Mes.0 - Linenr 4400000
2018/10/07 14:43:27 - Select values.0 - linenr 4350000
2018/10/07 14:43:31 - Carrega tabela.0 - linenr 4350000
2018/10/07 14:43:39 - Le Arquivo.0 - Line number : 4450000
2018/10/07 14:43:43 - Separa Ano e Mes.0 - Linenr 4450000
2018/10/07 14:43:47 - Select values.0 - linenr 4400000
2018/10/07 14:43:50 - Carrega tabela.0 - linenr 4400000
2018/10/07 14:43:59 - Le Arquivo.0 - Line number : 4500000
2018/10/07 14:44:02 - Separa Ano e Mes.0 - Linenr 4500000
2018/10/07 14:44:06 - Select values.0 - linenr 4450000
2018/10/07 14:44:10 - Carrega tabela.0 - linenr 4450000
2018/10/07 14:44:18 - Le Arquivo.0 - Line number : 4550000
2018/10/07 14:44:22 - Separa Ano e Mes.0 - Linenr 4550000
2018/10/07 14:44:25 - Select values.0 - linenr 4500000
2018/10/07 14:44:29 - Carrega tabela.0 - linenr 4500000
2018/10/07 14:44:37 - Le Arquivo.0 - Line number : 4600000
2018/10/07 14:44:41 - Separa Ano e Mes.0 - Linenr 4600000
2018/10/07 14:44:45 - Select values.0 - linenr 4550000
2018/10/07 14:44:49 - Carrega tabela.0 - linenr 4550000
2018/10/07 14:44:57 - Le Arquivo.0 - Line number : 4650000
2018/10/07 14:45:00 - Separa Ano e Mes.0 - Linenr 4650000
2018/10/07 14:45:04 - Select values.0 - linenr 4600000
2018/10/07 14:45:08 - Carrega tabela.0 - linenr 4600000
2018/10/07 14:45:16 - Le Arquivo.0 - Line number : 4700000
2018/10/07 14:45:20 - Separa Ano e Mes.0 - Linenr 4700000
2018/10/07 14:45:24 - Select values.0 - linenr 4650000
2018/10/07 14:45:28 - Carrega tabela.0 - linenr 4650000
2018/10/07 14:45:36 - Le Arquivo.0 - Line number : 4750000
2018/10/07 14:45:40 - Separa Ano e Mes.0 - Linenr 4750000
2018/10/07 14:45:43 - Select values.0 - linenr 4700000
2018/10/07 14:45:47 - Carrega tabela.0 - linenr 4700000
2018/10/07 14:45:55 - Le Arquivo.0 - Line number : 4800000
2018/10/07 14:45:59 - Separa Ano e Mes.0 - Linenr 4800000
2018/10/07 14:46:02 - Select values.0 - linenr 4750000
2018/10/07 14:46:06 - Carrega tabela.0 - linenr 4750000
2018/10/07 14:46:14 - Le Arquivo.0 - Line number : 4850000
2018/10/07 14:46:18 - Separa Ano e Mes.0 - Linenr 4850000
2018/10/07 14:46:22 - Select values.0 - linenr 4800000
2018/10/07 14:46:26 - Carrega tabela.0 - linenr 4800000
2018/10/07 14:46:34 - Le Arquivo.0 - Line number : 4900000
2018/10/07 14:46:38 - Separa Ano e Mes.0 - Linenr 4900000
2018/10/07 14:46:41 - Select values.0 - linenr 4850000
2018/10/07 14:46:45 - Carrega tabela.0 - linenr 4850000
2018/10/07 14:46:53 - Le Arquivo.0 - Line number : 4950000
2018/10/07 14:46:57 - Separa Ano e Mes.0 - Linenr 4950000
2018/10/07 14:47:01 - Select values.0 - linenr 4900000
2018/10/07 14:47:05 - Carrega tabela.0 - linenr 4900000
2018/10/07 14:47:13 - Le Arquivo.0 - Line number : 5000000
2018/10/07 14:47:17 - Separa Ano e Mes.0 - Linenr 5000000
2018/10/07 14:47:21 - Select values.0 - linenr 4950000
2018/10/07 14:47:24 - Carrega tabela.0 - linenr 4950000
2018/10/07 14:47:32 - Le Arquivo.0 - Line number : 5050000
2018/10/07 14:47:36 - Separa Ano e Mes.0 - Linenr 5050000
2018/10/07 14:47:40 - Select values.0 - linenr 5000000
2018/10/07 14:47:44 - Carrega tabela.0 - linenr 5000000
2018/10/07 14:47:52 - Le Arquivo.0 - Line number : 5100000
2018/10/07 14:47:56 - Separa Ano e Mes.0 - Linenr 5100000
2018/10/07 14:47:59 - Select values.0 - linenr 5050000
2018/10/07 14:48:03 - Carrega tabela.0 - linenr 5050000
2018/10/07 14:48:11 - Le Arquivo.0 - Line number : 5150000
2018/10/07 14:48:15 - Separa Ano e Mes.0 - Linenr 5150000
2018/10/07 14:48:19 - Select values.0 - linenr 5100000
2018/10/07 14:48:23 - Carrega tabela.0 - linenr 5100000
2018/10/07 14:48:31 - Le Arquivo.0 - Line number : 5200000
2018/10/07 14:48:34 - Separa Ano e Mes.0 - Linenr 5200000
2018/10/07 14:48:38 - Select values.0 - linenr 5150000
2018/10/07 14:48:42 - Carrega tabela.0 - linenr 5150000
2018/10/07 14:48:50 - Le Arquivo.0 - Line number : 5250000
2018/10/07 14:48:54 - Separa Ano e Mes.0 - Linenr 5250000
2018/10/07 14:48:57 - Select values.0 - linenr 5200000
2018/10/07 14:49:01 - Carrega tabela.0 - linenr 5200000
2018/10/07 14:49:09 - Le Arquivo.0 - Line number : 5300000
2018/10/07 14:49:13 - Separa Ano e Mes.0 - Linenr 5300000
2018/10/07 14:49:17 - Select values.0 - linenr 5250000
2018/10/07 14:49:21 - Carrega tabela.0 - linenr 5250000
2018/10/07 14:49:29 - Le Arquivo.0 - Line number : 5350000
2018/10/07 14:49:33 - Separa Ano e Mes.0 - Linenr 5350000
2018/10/07 14:49:34 - Le Arquivo.0 - Finished processing (I=5364426, O=0, R=0, W=5364425, U=0, E=0)
2018/10/07 14:49:36 - Select values.0 - linenr 5300000
2018/10/07 14:49:38 - Separa Ano e Mes.0 - Finished processing (I=0, O=0, R=5364425, W=5364425, U=0, E=0)
2018/10/07 14:49:40 - Carrega tabela.0 - linenr 5300000
2018/10/07 14:49:42 - Corrige sal_mensal_declarado.0 - Finished processing (I=0, O=0, R=5364425, W=5364425, U=0, E=0)
2018/10/07 14:49:46 - Corrige CBO.0 - Finished processing (I=0, O=0, R=5364425, W=5364425, U=0, E=0)
2018/10/07 14:49:50 - corige_dia_mov.0 - Finished processing (I=0, O=0, R=5364425, W=5364425, U=0, E=0)
2018/10/07 14:49:54 - Corrige CNAE1.0 - Finished processing (I=0, O=0, R=5364425, W=5364425, U=0, E=0)
2018/10/07 14:49:56 - Select values.0 - linenr 5350000
2018/10/07 14:49:57 - Corrige grau instrucao.0 - Finished processing (I=0, O=0, R=5364425, W=5364425, U=0, E=0)
2018/10/07 14:49:59 - Carrega tabela.0 - linenr 5350000
2018/10/07 14:50:01 - Select values.0 - Finished processing (I=0, O=0, R=5364425, W=5364425, U=0, E=0)
2018/10/07 14:50:04 - Carrega tabela.0 - Finished processing (I=0, O=5364425, R=5364425, W=5364425, U=0, E=0)
2018/10/07 14:50:04 - job_carga_caged - Starting entry [Success]
2018/10/07 14:50:04 - job_carga_caged - Finished job entry [Success] (result=[true])
2018/10/07 14:50:04 - job_carga_caged - Finished job entry [ktr_carga_caged] (result=[true])
2018/10/07 14:50:04 - job_carga_caged - Job execution finished
2018/10/07 14:50:04 - Kitchen - Finished!
2018/10/07 14:50:04 - Kitchen - Start=2018/10/07 14:15:14.434, Stop=2018/10/07 14:50:04.945
2018/10/07 14:50:04 - Kitchen - Processing ended after 34 minutes and 50 seconds (2090 seconds total).
