#######################################################################
WARNING:  no libwebkitgtk-1.0 detected, some features will be unavailable
    Consider installing the package with apt-get or yum.
    e.g. 'sudo apt-get install libwebkitgtk-1.0-0'
#######################################################################
OpenJDK 64-Bit Server VM warning: ignoring option MaxPermSize=4G; support was removed in 8.0
17:53:57,114 INFO  [KarafBoot] Checking to see if org.pentaho.clean.karaf.cache is enabled
17:53:57,224 INFO  [KarafInstance] 
*******************************************************************************
*** Karaf Instance Number: 2 at /opt/data-integration/./system/karaf/caches ***
***   /kitchen/data-1                                                       ***
*** FastBin Provider Port:52902                                             ***
*** Karaf Port:8803                                                         ***
*** OSGI Service Port:9052                                                  ***
*******************************************************************************
out 04, 2018 5:53:58 PM org.apache.karaf.main.Main$KarafLockCallback lockAquired
INFO: Lock acquired. Setting startlevel to 100
2018/10/04 17:53:58 - Kitchen - Start of run.
2018-10-04 17:54:01.020:INFO:oejs.Server:jetty-8.1.15.v20140411
2018-10-04 17:54:01.051:INFO:oejs.AbstractConnector:Started NIOSocketConnectorWrapper@0.0.0.0:9052
out 04, 2018 5:54:01 PM org.apache.cxf.bus.blueprint.NamespaceHandlerRegisterer register
INFO: Registered blueprint namespace handler for http://cxf.apache.org/blueprint/core
out 04, 2018 5:54:01 PM org.apache.cxf.bus.blueprint.NamespaceHandlerRegisterer register
INFO: Registered blueprint namespace handler for http://cxf.apache.org/configuration/beans
out 04, 2018 5:54:01 PM org.apache.cxf.bus.blueprint.NamespaceHandlerRegisterer register
INFO: Registered blueprint namespace handler for http://cxf.apache.org/configuration/parameterized-types
out 04, 2018 5:54:01 PM org.apache.cxf.bus.blueprint.NamespaceHandlerRegisterer register
INFO: Registered blueprint namespace handler for http://cxf.apache.org/configuration/security
out 04, 2018 5:54:01 PM org.apache.cxf.bus.blueprint.NamespaceHandlerRegisterer register
INFO: Registered blueprint namespace handler for http://schemas.xmlsoap.org/wsdl/
out 04, 2018 5:54:01 PM org.apache.cxf.bus.blueprint.NamespaceHandlerRegisterer register
INFO: Registered blueprint namespace handler for http://www.w3.org/2005/08/addressing
out 04, 2018 5:54:01 PM org.apache.cxf.bus.blueprint.NamespaceHandlerRegisterer register
INFO: Registered blueprint namespace handler for http://schemas.xmlsoap.org/ws/2004/08/addressing
out 04, 2018 5:54:01 PM org.apache.cxf.bus.osgi.CXFExtensionBundleListener addExtensions
INFO: Adding the extensions from bundle org.apache.cxf.cxf-rt-management (152) [org.apache.cxf.management.InstrumentationManager]
out 04, 2018 5:54:01 PM org.apache.cxf.bus.osgi.CXFExtensionBundleListener addExtensions
INFO: Adding the extensions from bundle org.apache.cxf.cxf-rt-transports-http (156) [org.apache.cxf.transport.http.HTTPTransportFactory, org.apache.cxf.transport.http.HTTPWSDLExtensionLoader, org.apache.cxf.transport.http.policy.HTTPClientAssertionBuilder, org.apache.cxf.transport.http.policy.HTTPServerAssertionBuilder, org.apache.cxf.transport.http.policy.NoOpPolicyInterceptorProvider]
out 04, 2018 5:54:01 PM org.apache.cxf.bus.osgi.CXFExtensionBundleListener addExtensions
INFO: Adding the extensions from bundle org.apache.cxf.cxf-rt-wsdl (189) [org.apache.cxf.wsdl.WSDLManager]
out 04, 2018 5:54:01 PM org.apache.cxf.bus.osgi.CXFExtensionBundleListener addExtensions
INFO: Adding the extensions from bundle org.apache.cxf.cxf-rt-ws-policy (203) [org.apache.cxf.ws.policy.PolicyEngine, org.apache.cxf.policy.PolicyDataEngine, org.apache.cxf.ws.policy.AssertionBuilderRegistry, org.apache.cxf.ws.policy.PolicyInterceptorProviderRegistry, org.apache.cxf.ws.policy.PolicyBuilder, org.apache.cxf.ws.policy.PolicyAnnotationListener, org.apache.cxf.ws.policy.attachment.ServiceModelPolicyProvider, org.apache.cxf.ws.policy.attachment.external.DomainExpressionBuilderRegistry, org.apache.cxf.ws.policy.attachment.external.EndpointReferenceDomainExpressionBuilder, org.apache.cxf.ws.policy.attachment.external.URIDomainExpressionBuilder, org.apache.cxf.ws.policy.attachment.wsdl11.Wsdl11AttachmentPolicyProvider, org.apache.cxf.ws.policy.mtom.MTOMAssertionBuilder, org.apache.cxf.ws.policy.mtom.MTOMPolicyInterceptorProvider]
out 04, 2018 5:54:01 PM org.apache.cxf.bus.blueprint.NamespaceHandlerRegisterer register
INFO: Registered blueprint namespace handler for http://cxf.apache.org/transports/http/configuration
out 04, 2018 5:54:01 PM org.apache.cxf.bus.osgi.CXFExtensionBundleListener addExtensions
INFO: Adding the extensions from bundle org.apache.cxf.cxf-rt-bindings-soap (192) [org.apache.cxf.binding.soap.SoapBindingFactory, org.apache.cxf.binding.soap.SoapTransportFactory]
out 04, 2018 5:54:01 PM org.apache.cxf.bus.blueprint.NamespaceHandlerRegisterer register
INFO: Registered blueprint namespace handler for http://cxf.apache.org/blueprint/jaxrs
out 04, 2018 5:54:01 PM org.apache.cxf.bus.blueprint.NamespaceHandlerRegisterer register
INFO: Registered blueprint namespace handler for http://cxf.apache.org/blueprint/jaxrs-client
out 04, 2018 5:54:01 PM org.apache.cxf.bus.osgi.CXFExtensionBundleListener addExtensions
INFO: Adding the extensions from bundle org.apache.cxf.cxf-rt-bindings-xml (191) [org.apache.cxf.binding.xml.XMLBindingFactory, org.apache.cxf.binding.xml.wsdl11.XMLWSDLExtensionLoader]
out 04, 2018 5:54:01 PM org.apache.cxf.bus.blueprint.NamespaceHandlerRegisterer register
INFO: Registered blueprint namespace handler for http://cxf.apache.org/blueprint/bindings/soap
out 04, 2018 5:54:01 PM org.apache.cxf.bus.blueprint.NamespaceHandlerRegisterer register
INFO: Registered blueprint namespace handler for http://cxf.apache.org/blueprint/simple
out 04, 2018 5:54:01 PM org.apache.cxf.bus.osgi.CXFExtensionBundleListener addExtensions
INFO: Adding the extensions from bundle org.apache.cxf.cxf-rt-frontend-jaxws (194) [org.apache.cxf.jaxws.context.WebServiceContextResourceResolver]
out 04, 2018 5:54:01 PM org.apache.cxf.bus.blueprint.NamespaceHandlerRegisterer register
INFO: Registered blueprint namespace handler for http://cxf.apache.org/blueprint/jaxws
out 04, 2018 5:54:01 PM org.apache.cxf.bus.blueprint.NamespaceHandlerRegisterer register
INFO: Registered blueprint namespace handler for http://cxf.apache.org/binding/coloc
out 04, 2018 5:54:01 PM org.apache.cxf.bus.osgi.CXFExtensionBundleListener addExtensions
INFO: Adding the extensions from bundle org.apache.cxf.cxf-rt-transports-local (199) [org.apache.cxf.transport.local.LocalTransportFactory]
out 04, 2018 5:54:01 PM org.apache.cxf.bus.osgi.CXFExtensionBundleListener addExtensions
INFO: Adding the extensions from bundle org.apache.cxf.cxf-rt-bindings-object (200) [org.apache.cxf.binding.object.ObjectBindingFactory]
out 04, 2018 5:54:01 PM org.apache.cxf.bus.blueprint.NamespaceHandlerRegisterer register
INFO: Registered blueprint namespace handler for http://cxf.apache.org/blueprint/binding/object
out 04, 2018 5:54:01 PM org.apache.cxf.bus.blueprint.NamespaceHandlerRegisterer register
INFO: Registered blueprint namespace handler for http://cxf.apache.org/policy
out 04, 2018 5:54:01 PM org.apache.cxf.bus.blueprint.NamespaceHandlerRegisterer register
INFO: Registered blueprint namespace handler for http://www.w3.org/ns/ws-policy
out 04, 2018 5:54:01 PM org.apache.cxf.bus.blueprint.NamespaceHandlerRegisterer register
INFO: Registered blueprint namespace handler for http://www.w3.org/2006/07/ws-policy
out 04, 2018 5:54:01 PM org.apache.cxf.bus.blueprint.NamespaceHandlerRegisterer register
INFO: Registered blueprint namespace handler for http://schemas.xmlsoap.org/ws/2004/09/policy
out 04, 2018 5:54:01 PM org.apache.cxf.bus.blueprint.NamespaceHandlerRegisterer register
INFO: Registered blueprint namespace handler for http://docs.oasis-open.org/wss/2004/01/oasis-200401-wss-wssecurity-secext-1.0.xsd
out 04, 2018 5:54:01 PM org.apache.cxf.bus.blueprint.NamespaceHandlerRegisterer register
INFO: Registered blueprint namespace handler for http://docs.oasis-open.org/wss/2004/01/oasis-200401-wss-wssecurity-utility-1.0.xsd
out 04, 2018 5:54:01 PM org.apache.cxf.bus.blueprint.NamespaceHandlerRegisterer register
INFO: Registered blueprint namespace handler for http://www.w3.org/2000/09/xmldsig#
out 04, 2018 5:54:01 PM org.apache.cxf.bus.blueprint.NamespaceHandlerRegisterer register
INFO: Registered blueprint namespace handler for http://docs.oasis-open.org/ws-sx/ws-securitypolicy/200702
out 04, 2018 5:54:01 PM org.apache.cxf.bus.osgi.CXFExtensionBundleListener addExtensions
INFO: Adding the extensions from bundle org.apache.cxf.cxf-rt-ws-addr (220) [org.apache.cxf.ws.addressing.policy.AddressingAssertionBuilder, org.apache.cxf.ws.addressing.policy.UsingAddressingAssertionBuilder, org.apache.cxf.ws.addressing.policy.AddressingPolicyInterceptorProvider, org.apache.cxf.ws.addressing.impl.AddressingWSDLExtensionLoader, org.apache.cxf.ws.addressing.WSAddressingFeature$WSAddressingFeatureApplier, org.apache.cxf.ws.addressing.MAPAggregator$MAPAggregatorLoader]
out 04, 2018 5:54:01 PM org.apache.cxf.bus.blueprint.NamespaceHandlerRegisterer register
INFO: Registered blueprint namespace handler for http://cxf.apache.org/ws/addressing
out 04, 2018 5:54:01 PM org.apache.cxf.bus.osgi.CXFExtensionBundleListener addExtensions
INFO: Adding the extensions from bundle org.apache.cxf.cxf-rt-ws-security (222) [org.apache.cxf.ws.security.policy.WSSecurityPolicyLoader, org.apache.cxf.ws.security.cache.CacheCleanupListener]
out 04, 2018 5:54:01 PM org.apache.cxf.bus.osgi.CXFExtensionBundleListener addExtensions
INFO: Adding the extensions from bundle org.apache.cxf.cxf-rt-ws-rm (224) [org.apache.cxf.ws.rm.RMManager, org.apache.cxf.ws.rm.policy.RMPolicyInterceptorProvider, org.apache.cxf.ws.rm.policy.RM10AssertionBuilder, org.apache.cxf.ws.rm.policy.RM12AssertionBuilder, org.apache.cxf.ws.rm.policy.WSRMP12PolicyLoader, org.apache.cxf.ws.rm.policy.MC11PolicyLoader, org.apache.cxf.ws.rm.policy.RSPPolicyLoader]
out 04, 2018 5:54:01 PM org.apache.cxf.bus.blueprint.NamespaceHandlerRegisterer register
INFO: Registered blueprint namespace handler for http://cxf.apache.org/ws/rm/manager
out 04, 2018 5:54:01 PM org.apache.cxf.bus.blueprint.NamespaceHandlerRegisterer register
INFO: Registered blueprint namespace handler for http://schemas.xmlsoap.org/ws/2005/02/rm/policy
out 04, 2018 5:54:01 PM org.apache.cxf.bus.osgi.CXFExtensionBundleListener addExtensions
INFO: Adding the extensions from bundle org.apache.cxf.cxf-rt-javascript (225) [org.apache.cxf.javascript.JavascriptServerListener]
out 04, 2018 5:54:02 PM org.pentaho.caching.impl.PentahoCacheManagerFactory$RegistrationHandler$1 onSuccess
INFO: New Caching Service registered
2018/10/04 17:54:04 - job_carga_caged - Start of job execution
2018/10/04 17:54:04 - job_carga_caged - Starting entry [ktr_carga_caged]
2018/10/04 17:54:04 - ktr_carga_caged - Loading transformation from XML file [/home/unb/MTB/ETL/ods/mtb/caged_dw/ktr_carga_caged.ktr]
out 04, 2018 5:54:04 PM org.apache.cxf.endpoint.ServerImpl initDestination
INFO: Setting the server's publish address to be /marketplace
2018/10/04 17:54:04 - ktr_carga_caged - Using run configuration [Pentaho local]
2018/10/04 17:54:04 - ktr_carga_caged - Using legacy execution engine
2018/10/04 17:54:04 - ktr_carga_caged - Dispatching started for transformation [ktr_carga_caged]
out 04, 2018 5:54:04 PM org.apache.cxf.endpoint.ServerImpl initDestination
INFO: Setting the server's publish address to be /lineage
2018/10/04 17:54:04 - Carrega tabela.0 - Connected to database [comexao_ods] (commit=100000000)
out 04, 2018 5:54:04 PM org.apache.cxf.endpoint.ServerImpl initDestination
INFO: Setting the server's publish address to be /i18n
2018/10/04 17:54:04 - Le Arquivo.0 - Header row skipped in file '/mnt/unb/bases_mte/CAGED/CAGED_TRABALHADOR_AJUSTADO_052018.txt'
SLF4J: Class path contains multiple SLF4J bindings.
SLF4J: Found binding in [jar:file:/opt/data-integration/launcher/../lib/slf4j-log4j12-1.7.7.jar!/org/slf4j/impl/StaticLoggerBinder.class]
SLF4J: Found binding in [jar:file:/opt/data-integration/plugins/pentaho-big-data-plugin/lib/slf4j-log4j12-1.7.7.jar!/org/slf4j/impl/StaticLoggerBinder.class]
SLF4J: See http://www.slf4j.org/codes.html#multiple_bindings for an explanation.
SLF4J: Actual binding is of type [org.slf4j.impl.Log4jLoggerFactory]
2018/10/04 17:54:06 - Le Arquivo.0 - Line number : 50000
2018/10/04 17:54:06 - Separa Ano e Mes.0 - Linenr 50000
2018/10/04 17:54:15 - Select values.0 - linenr 50000
2018/10/04 17:54:15 - Le Arquivo.0 - Line number : 100000
2018/10/04 17:54:17 - Carrega tabela.0 - linenr 50000
2018/10/04 17:54:17 - Separa Ano e Mes.0 - Linenr 100000
2018/10/04 17:54:26 - Select values.0 - linenr 100000
2018/10/04 17:54:26 - Le Arquivo.0 - Line number : 150000
2018/10/04 17:54:28 - Carrega tabela.0 - linenr 100000
2018/10/04 17:54:28 - Separa Ano e Mes.0 - Linenr 150000
2018/10/04 17:54:37 - Select values.0 - linenr 150000
2018/10/04 17:54:37 - Le Arquivo.0 - Line number : 200000
2018/10/04 17:54:39 - Carrega tabela.0 - linenr 150000
2018/10/04 17:54:39 - Separa Ano e Mes.0 - Linenr 200000
2018/10/04 17:54:47 - Select values.0 - linenr 200000
2018/10/04 17:54:47 - Le Arquivo.0 - Line number : 250000
2018/10/04 17:54:49 - Carrega tabela.0 - linenr 200000
2018/10/04 17:54:49 - Separa Ano e Mes.0 - Linenr 250000
2018/10/04 17:54:57 - Select values.0 - linenr 250000
2018/10/04 17:54:57 - Le Arquivo.0 - Line number : 300000
2018/10/04 17:54:59 - Carrega tabela.0 - linenr 250000
2018/10/04 17:55:00 - Separa Ano e Mes.0 - Linenr 300000
2018/10/04 17:55:08 - Select values.0 - linenr 300000
2018/10/04 17:55:08 - Le Arquivo.0 - Line number : 350000
2018/10/04 17:55:10 - Carrega tabela.0 - linenr 300000
2018/10/04 17:55:10 - Separa Ano e Mes.0 - Linenr 350000
2018/10/04 17:55:18 - Select values.0 - linenr 350000
2018/10/04 17:55:18 - Le Arquivo.0 - Line number : 400000
2018/10/04 17:55:20 - Carrega tabela.0 - linenr 350000
2018/10/04 17:55:20 - Separa Ano e Mes.0 - Linenr 400000
2018/10/04 17:55:29 - Select values.0 - linenr 400000
2018/10/04 17:55:29 - Le Arquivo.0 - Line number : 450000
2018/10/04 17:55:31 - Carrega tabela.0 - linenr 400000
2018/10/04 17:55:31 - Separa Ano e Mes.0 - Linenr 450000
2018/10/04 17:55:40 - Select values.0 - linenr 450000
2018/10/04 17:55:40 - Le Arquivo.0 - Line number : 500000
2018/10/04 17:55:42 - Carrega tabela.0 - linenr 450000
2018/10/04 17:55:42 - Separa Ano e Mes.0 - Linenr 500000
2018/10/04 17:55:50 - Select values.0 - linenr 500000
2018/10/04 17:55:50 - Le Arquivo.0 - Line number : 550000
2018/10/04 17:55:52 - Carrega tabela.0 - linenr 500000
2018/10/04 17:55:52 - Separa Ano e Mes.0 - Linenr 550000
2018/10/04 17:56:01 - Select values.0 - linenr 550000
2018/10/04 17:56:01 - Le Arquivo.0 - Line number : 600000
2018/10/04 17:56:03 - Carrega tabela.0 - linenr 550000
2018/10/04 17:56:03 - Separa Ano e Mes.0 - Linenr 600000
2018/10/04 17:56:11 - Select values.0 - linenr 600000
2018/10/04 17:56:11 - Le Arquivo.0 - Line number : 650000
2018/10/04 17:56:13 - Carrega tabela.0 - linenr 600000
2018/10/04 17:56:13 - Separa Ano e Mes.0 - Linenr 650000
2018/10/04 17:56:21 - Select values.0 - linenr 650000
2018/10/04 17:56:22 - Le Arquivo.0 - Line number : 700000
2018/10/04 17:56:24 - Carrega tabela.0 - linenr 650000
2018/10/04 17:56:24 - Separa Ano e Mes.0 - Linenr 700000
2018/10/04 17:56:32 - Select values.0 - linenr 700000
2018/10/04 17:56:32 - Le Arquivo.0 - Line number : 750000
2018/10/04 17:56:34 - Carrega tabela.0 - linenr 700000
2018/10/04 17:56:34 - Separa Ano e Mes.0 - Linenr 750000
2018/10/04 17:56:43 - Select values.0 - linenr 750000
2018/10/04 17:56:43 - Le Arquivo.0 - Line number : 800000
2018/10/04 17:56:45 - Carrega tabela.0 - linenr 750000
2018/10/04 17:56:45 - Separa Ano e Mes.0 - Linenr 800000
2018/10/04 17:56:53 - Select values.0 - linenr 800000
2018/10/04 17:56:53 - Le Arquivo.0 - Line number : 850000
2018/10/04 17:56:55 - Carrega tabela.0 - linenr 800000
2018/10/04 17:56:55 - Separa Ano e Mes.0 - Linenr 850000
2018/10/04 17:57:04 - Select values.0 - linenr 850000
2018/10/04 17:57:04 - Le Arquivo.0 - Line number : 900000
2018/10/04 17:57:06 - Carrega tabela.0 - linenr 850000
2018/10/04 17:57:06 - Separa Ano e Mes.0 - Linenr 900000
2018/10/04 17:57:14 - Select values.0 - linenr 900000
2018/10/04 17:57:14 - Le Arquivo.0 - Line number : 950000
2018/10/04 17:57:16 - Carrega tabela.0 - linenr 900000
2018/10/04 17:57:16 - Separa Ano e Mes.0 - Linenr 950000
2018/10/04 17:57:25 - Select values.0 - linenr 950000
2018/10/04 17:57:25 - Le Arquivo.0 - Line number : 1000000
2018/10/04 17:57:27 - Carrega tabela.0 - linenr 950000
2018/10/04 17:57:27 - Separa Ano e Mes.0 - Linenr 1000000
2018/10/04 17:57:35 - Select values.0 - linenr 1000000
2018/10/04 17:57:35 - Le Arquivo.0 - Line number : 1050000
2018/10/04 17:57:37 - Carrega tabela.0 - linenr 1000000
2018/10/04 17:57:37 - Separa Ano e Mes.0 - Linenr 1050000
2018/10/04 17:57:46 - Select values.0 - linenr 1050000
2018/10/04 17:57:46 - Le Arquivo.0 - Line number : 1100000
2018/10/04 17:57:48 - Carrega tabela.0 - linenr 1050000
2018/10/04 17:57:48 - Separa Ano e Mes.0 - Linenr 1100000
2018/10/04 17:57:56 - Select values.0 - linenr 1100000
2018/10/04 17:57:56 - Le Arquivo.0 - Line number : 1150000
2018/10/04 17:57:58 - Carrega tabela.0 - linenr 1100000
2018/10/04 17:57:58 - Separa Ano e Mes.0 - Linenr 1150000
2018/10/04 17:58:07 - Select values.0 - linenr 1150000
2018/10/04 17:58:07 - Le Arquivo.0 - Line number : 1200000
2018/10/04 17:58:09 - Carrega tabela.0 - linenr 1150000
2018/10/04 17:58:09 - Separa Ano e Mes.0 - Linenr 1200000
2018/10/04 17:58:18 - Select values.0 - linenr 1200000
2018/10/04 17:58:18 - Le Arquivo.0 - Line number : 1250000
2018/10/04 17:58:20 - Carrega tabela.0 - linenr 1200000
2018/10/04 17:58:20 - Separa Ano e Mes.0 - Linenr 1250000
2018/10/04 17:58:28 - Select values.0 - linenr 1250000
2018/10/04 17:58:28 - Le Arquivo.0 - Line number : 1300000
2018/10/04 17:58:30 - Carrega tabela.0 - linenr 1250000
2018/10/04 17:58:30 - Separa Ano e Mes.0 - Linenr 1300000
2018/10/04 17:58:38 - Select values.0 - linenr 1300000
2018/10/04 17:58:38 - Le Arquivo.0 - Line number : 1350000
2018/10/04 17:58:40 - Carrega tabela.0 - linenr 1300000
2018/10/04 17:58:41 - Separa Ano e Mes.0 - Linenr 1350000
2018/10/04 17:58:49 - Select values.0 - linenr 1350000
2018/10/04 17:58:49 - Le Arquivo.0 - Line number : 1400000
2018/10/04 17:58:51 - Carrega tabela.0 - linenr 1350000
2018/10/04 17:58:51 - Separa Ano e Mes.0 - Linenr 1400000
2018/10/04 17:58:59 - Select values.0 - linenr 1400000
2018/10/04 17:58:59 - Le Arquivo.0 - Line number : 1450000
2018/10/04 17:59:01 - Carrega tabela.0 - linenr 1400000
2018/10/04 17:59:01 - Separa Ano e Mes.0 - Linenr 1450000
2018/10/04 17:59:10 - Select values.0 - linenr 1450000
2018/10/04 17:59:10 - Le Arquivo.0 - Line number : 1500000
2018/10/04 17:59:12 - Carrega tabela.0 - linenr 1450000
2018/10/04 17:59:12 - Separa Ano e Mes.0 - Linenr 1500000
2018/10/04 17:59:20 - Select values.0 - linenr 1500000
2018/10/04 17:59:20 - Le Arquivo.0 - Line number : 1550000
2018/10/04 17:59:22 - Carrega tabela.0 - linenr 1500000
2018/10/04 17:59:22 - Separa Ano e Mes.0 - Linenr 1550000
2018/10/04 17:59:31 - Select values.0 - linenr 1550000
2018/10/04 17:59:31 - Le Arquivo.0 - Line number : 1600000
2018/10/04 17:59:33 - Carrega tabela.0 - linenr 1550000
2018/10/04 17:59:33 - Separa Ano e Mes.0 - Linenr 1600000
2018/10/04 17:59:41 - Select values.0 - linenr 1600000
2018/10/04 17:59:41 - Le Arquivo.0 - Line number : 1650000
2018/10/04 17:59:43 - Carrega tabela.0 - linenr 1600000
2018/10/04 17:59:43 - Separa Ano e Mes.0 - Linenr 1650000
2018/10/04 17:59:51 - Select values.0 - linenr 1650000
2018/10/04 17:59:51 - Le Arquivo.0 - Line number : 1700000
2018/10/04 17:59:53 - Carrega tabela.0 - linenr 1650000
2018/10/04 17:59:54 - Separa Ano e Mes.0 - Linenr 1700000
2018/10/04 18:00:02 - Select values.0 - linenr 1700000
2018/10/04 18:00:02 - Le Arquivo.0 - Line number : 1750000
2018/10/04 18:00:04 - Carrega tabela.0 - linenr 1700000
2018/10/04 18:00:04 - Separa Ano e Mes.0 - Linenr 1750000
2018/10/04 18:00:12 - Select values.0 - linenr 1750000
2018/10/04 18:00:13 - Le Arquivo.0 - Line number : 1800000
2018/10/04 18:00:15 - Carrega tabela.0 - linenr 1750000
2018/10/04 18:00:15 - Separa Ano e Mes.0 - Linenr 1800000
2018/10/04 18:00:23 - Select values.0 - linenr 1800000
2018/10/04 18:00:23 - Le Arquivo.0 - Line number : 1850000
2018/10/04 18:00:25 - Carrega tabela.0 - linenr 1800000
2018/10/04 18:00:25 - Separa Ano e Mes.0 - Linenr 1850000
2018/10/04 18:00:33 - Select values.0 - linenr 1850000
2018/10/04 18:00:33 - Le Arquivo.0 - Line number : 1900000
2018/10/04 18:00:35 - Carrega tabela.0 - linenr 1850000
2018/10/04 18:00:35 - Separa Ano e Mes.0 - Linenr 1900000
2018/10/04 18:00:44 - Select values.0 - linenr 1900000
2018/10/04 18:00:44 - Le Arquivo.0 - Line number : 1950000
2018/10/04 18:00:46 - Carrega tabela.0 - linenr 1900000
2018/10/04 18:00:46 - Separa Ano e Mes.0 - Linenr 1950000
2018/10/04 18:00:54 - Select values.0 - linenr 1950000
2018/10/04 18:00:54 - Le Arquivo.0 - Line number : 2000000
2018/10/04 18:00:56 - Carrega tabela.0 - linenr 1950000
2018/10/04 18:00:57 - Separa Ano e Mes.0 - Linenr 2000000
2018/10/04 18:01:05 - Select values.0 - linenr 2000000
2018/10/04 18:01:05 - Le Arquivo.0 - Line number : 2050000
2018/10/04 18:01:07 - Carrega tabela.0 - linenr 2000000
2018/10/04 18:01:07 - Separa Ano e Mes.0 - Linenr 2050000
2018/10/04 18:01:15 - Select values.0 - linenr 2050000
2018/10/04 18:01:15 - Le Arquivo.0 - Line number : 2100000
2018/10/04 18:01:17 - Carrega tabela.0 - linenr 2050000
2018/10/04 18:01:18 - Separa Ano e Mes.0 - Linenr 2100000
2018/10/04 18:01:26 - Select values.0 - linenr 2100000
2018/10/04 18:01:26 - Le Arquivo.0 - Line number : 2150000
2018/10/04 18:01:28 - Carrega tabela.0 - linenr 2100000
2018/10/04 18:01:28 - Separa Ano e Mes.0 - Linenr 2150000
2018/10/04 18:01:36 - Select values.0 - linenr 2150000
2018/10/04 18:01:36 - Le Arquivo.0 - Line number : 2200000
2018/10/04 18:01:38 - Carrega tabela.0 - linenr 2150000
2018/10/04 18:01:38 - Separa Ano e Mes.0 - Linenr 2200000
2018/10/04 18:01:47 - Select values.0 - linenr 2200000
2018/10/04 18:01:47 - Le Arquivo.0 - Line number : 2250000
2018/10/04 18:01:49 - Carrega tabela.0 - linenr 2200000
2018/10/04 18:01:49 - Separa Ano e Mes.0 - Linenr 2250000
2018/10/04 18:01:57 - Select values.0 - linenr 2250000
2018/10/04 18:01:58 - Le Arquivo.0 - Line number : 2300000
2018/10/04 18:02:00 - Carrega tabela.0 - linenr 2250000
2018/10/04 18:02:00 - Separa Ano e Mes.0 - Linenr 2300000
2018/10/04 18:02:08 - Select values.0 - linenr 2300000
2018/10/04 18:02:08 - Le Arquivo.0 - Line number : 2350000
2018/10/04 18:02:10 - Carrega tabela.0 - linenr 2300000
2018/10/04 18:02:10 - Separa Ano e Mes.0 - Linenr 2350000
2018/10/04 18:02:18 - Select values.0 - linenr 2350000
2018/10/04 18:02:18 - Le Arquivo.0 - Line number : 2400000
2018/10/04 18:02:20 - Carrega tabela.0 - linenr 2350000
2018/10/04 18:02:21 - Separa Ano e Mes.0 - Linenr 2400000
2018/10/04 18:02:29 - Select values.0 - linenr 2400000
2018/10/04 18:02:29 - Le Arquivo.0 - Line number : 2450000
2018/10/04 18:02:31 - Carrega tabela.0 - linenr 2400000
2018/10/04 18:02:31 - Separa Ano e Mes.0 - Linenr 2450000
2018/10/04 18:02:39 - Select values.0 - linenr 2450000
2018/10/04 18:02:39 - Le Arquivo.0 - Line number : 2500000
2018/10/04 18:02:41 - Carrega tabela.0 - linenr 2450000
2018/10/04 18:02:41 - Separa Ano e Mes.0 - Linenr 2500000
2018/10/04 18:02:49 - Select values.0 - linenr 2500000
2018/10/04 18:02:49 - Le Arquivo.0 - Line number : 2550000
2018/10/04 18:02:51 - Carrega tabela.0 - linenr 2500000
2018/10/04 18:02:52 - Separa Ano e Mes.0 - Linenr 2550000
2018/10/04 18:03:00 - Select values.0 - linenr 2550000
2018/10/04 18:03:00 - Le Arquivo.0 - Line number : 2600000
2018/10/04 18:03:02 - Carrega tabela.0 - linenr 2550000
2018/10/04 18:03:02 - Separa Ano e Mes.0 - Linenr 2600000
2018/10/04 18:03:10 - Select values.0 - linenr 2600000
2018/10/04 18:03:10 - Le Arquivo.0 - Line number : 2650000
2018/10/04 18:03:12 - Carrega tabela.0 - linenr 2600000
2018/10/04 18:03:12 - Separa Ano e Mes.0 - Linenr 2650000
2018/10/04 18:03:20 - Select values.0 - linenr 2650000
2018/10/04 18:03:20 - Le Arquivo.0 - Line number : 2700000
2018/10/04 18:03:22 - Carrega tabela.0 - linenr 2650000
2018/10/04 18:03:22 - Separa Ano e Mes.0 - Linenr 2700000
2018/10/04 18:03:31 - Select values.0 - linenr 2700000
2018/10/04 18:03:31 - Le Arquivo.0 - Line number : 2750000
2018/10/04 18:03:33 - Carrega tabela.0 - linenr 2700000
2018/10/04 18:03:33 - Separa Ano e Mes.0 - Linenr 2750000
2018/10/04 18:03:41 - Select values.0 - linenr 2750000
2018/10/04 18:03:42 - Le Arquivo.0 - Line number : 2800000
2018/10/04 18:03:44 - Carrega tabela.0 - linenr 2750000
2018/10/04 18:03:44 - Separa Ano e Mes.0 - Linenr 2800000
2018/10/04 18:03:52 - Select values.0 - linenr 2800000
2018/10/04 18:03:52 - Le Arquivo.0 - Line number : 2850000
2018/10/04 18:03:54 - Carrega tabela.0 - linenr 2800000
2018/10/04 18:03:54 - Separa Ano e Mes.0 - Linenr 2850000
2018/10/04 18:03:58 - Le Arquivo.0 - Finished processing (I=2877874, O=0, R=0, W=2877873, U=0, E=0)
2018/10/04 18:04:00 - Separa Ano e Mes.0 - Finished processing (I=0, O=0, R=2877873, W=2877873, U=0, E=0)
2018/10/04 18:04:02 - Corrige sal_mensal_declarado.0 - Finished processing (I=0, O=0, R=2877873, W=2877873, U=0, E=0)
2018/10/04 18:04:03 - Select values.0 - linenr 2850000
2018/10/04 18:04:05 - Corrige CBO.0 - Finished processing (I=0, O=0, R=2877873, W=2877873, U=0, E=0)
2018/10/04 18:04:05 - Carrega tabela.0 - linenr 2850000
2018/10/04 18:04:07 - corige_dia_mov.0 - Finished processing (I=0, O=0, R=2877873, W=2877873, U=0, E=0)
2018/10/04 18:04:09 - Select values.0 - Finished processing (I=0, O=0, R=2877873, W=2877873, U=0, E=0)
2018/10/04 18:04:11 - Carrega tabela.0 - Finished processing (I=0, O=2877873, R=2877873, W=2877873, U=0, E=0)
2018/10/04 18:04:11 - job_carga_caged - Starting entry [Success]
2018/10/04 18:04:11 - job_carga_caged - Finished job entry [Success] (result=[true])
2018/10/04 18:04:11 - job_carga_caged - Finished job entry [ktr_carga_caged] (result=[true])
2018/10/04 18:04:11 - job_carga_caged - Job execution finished
2018/10/04 18:04:11 - Kitchen - Finished!
2018/10/04 18:04:11 - Kitchen - Start=2018/10/04 17:53:58.512, Stop=2018/10/04 18:04:11.496
2018/10/04 18:04:11 - Kitchen - Processing ended after 10 minutes and 12 seconds (612 seconds total).
