#######################################################################
WARNING:  no libwebkitgtk-1.0 detected, some features will be unavailable
    Consider installing the package with apt-get or yum.
    e.g. 'sudo apt-get install libwebkitgtk-1.0-0'
#######################################################################
OpenJDK 64-Bit Server VM warning: ignoring option MaxPermSize=4G; support was removed in 8.0
13:45:55,791 INFO  [KarafBoot] Checking to see if org.pentaho.clean.karaf.cache is enabled
13:45:55,898 INFO  [KarafInstance] 
*******************************************************************************
*** Karaf Instance Number: 2 at /opt/data-integration/./system/karaf/caches ***
***   /kitchen/data-1                                                       ***
*** FastBin Provider Port:52902                                             ***
*** Karaf Port:8803                                                         ***
*** OSGI Service Port:9052                                                  ***
*******************************************************************************
out 07, 2018 1:45:56 PM org.apache.karaf.main.Main$KarafLockCallback lockAquired
INFO: Lock acquired. Setting startlevel to 100
2018/10/07 13:45:56 - Kitchen - Start of run.
2018-10-07 13:45:59.158:INFO:oejs.Server:jetty-8.1.15.v20140411
2018-10-07 13:45:59.185:INFO:oejs.AbstractConnector:Started NIOSocketConnectorWrapper@0.0.0.0:9052
out 07, 2018 1:45:59 PM org.apache.cxf.bus.blueprint.NamespaceHandlerRegisterer register
INFO: Registered blueprint namespace handler for http://cxf.apache.org/blueprint/core
out 07, 2018 1:45:59 PM org.apache.cxf.bus.blueprint.NamespaceHandlerRegisterer register
INFO: Registered blueprint namespace handler for http://cxf.apache.org/configuration/beans
out 07, 2018 1:45:59 PM org.apache.cxf.bus.blueprint.NamespaceHandlerRegisterer register
INFO: Registered blueprint namespace handler for http://cxf.apache.org/configuration/parameterized-types
out 07, 2018 1:45:59 PM org.apache.cxf.bus.blueprint.NamespaceHandlerRegisterer register
INFO: Registered blueprint namespace handler for http://cxf.apache.org/configuration/security
out 07, 2018 1:45:59 PM org.apache.cxf.bus.blueprint.NamespaceHandlerRegisterer register
INFO: Registered blueprint namespace handler for http://schemas.xmlsoap.org/wsdl/
out 07, 2018 1:45:59 PM org.apache.cxf.bus.blueprint.NamespaceHandlerRegisterer register
INFO: Registered blueprint namespace handler for http://www.w3.org/2005/08/addressing
out 07, 2018 1:45:59 PM org.apache.cxf.bus.blueprint.NamespaceHandlerRegisterer register
INFO: Registered blueprint namespace handler for http://schemas.xmlsoap.org/ws/2004/08/addressing
out 07, 2018 1:45:59 PM org.apache.cxf.bus.osgi.CXFExtensionBundleListener addExtensions
INFO: Adding the extensions from bundle org.apache.cxf.cxf-rt-management (152) [org.apache.cxf.management.InstrumentationManager]
out 07, 2018 1:45:59 PM org.apache.cxf.bus.osgi.CXFExtensionBundleListener addExtensions
INFO: Adding the extensions from bundle org.apache.cxf.cxf-rt-transports-http (156) [org.apache.cxf.transport.http.HTTPTransportFactory, org.apache.cxf.transport.http.HTTPWSDLExtensionLoader, org.apache.cxf.transport.http.policy.HTTPClientAssertionBuilder, org.apache.cxf.transport.http.policy.HTTPServerAssertionBuilder, org.apache.cxf.transport.http.policy.NoOpPolicyInterceptorProvider]
out 07, 2018 1:45:59 PM org.apache.cxf.bus.osgi.CXFExtensionBundleListener addExtensions
INFO: Adding the extensions from bundle org.apache.cxf.cxf-rt-wsdl (189) [org.apache.cxf.wsdl.WSDLManager]
out 07, 2018 1:45:59 PM org.apache.cxf.bus.osgi.CXFExtensionBundleListener addExtensions
INFO: Adding the extensions from bundle org.apache.cxf.cxf-rt-ws-policy (203) [org.apache.cxf.ws.policy.PolicyEngine, org.apache.cxf.policy.PolicyDataEngine, org.apache.cxf.ws.policy.AssertionBuilderRegistry, org.apache.cxf.ws.policy.PolicyInterceptorProviderRegistry, org.apache.cxf.ws.policy.PolicyBuilder, org.apache.cxf.ws.policy.PolicyAnnotationListener, org.apache.cxf.ws.policy.attachment.ServiceModelPolicyProvider, org.apache.cxf.ws.policy.attachment.external.DomainExpressionBuilderRegistry, org.apache.cxf.ws.policy.attachment.external.EndpointReferenceDomainExpressionBuilder, org.apache.cxf.ws.policy.attachment.external.URIDomainExpressionBuilder, org.apache.cxf.ws.policy.attachment.wsdl11.Wsdl11AttachmentPolicyProvider, org.apache.cxf.ws.policy.mtom.MTOMAssertionBuilder, org.apache.cxf.ws.policy.mtom.MTOMPolicyInterceptorProvider]
out 07, 2018 1:45:59 PM org.apache.cxf.bus.blueprint.NamespaceHandlerRegisterer register
INFO: Registered blueprint namespace handler for http://cxf.apache.org/transports/http/configuration
out 07, 2018 1:45:59 PM org.apache.cxf.bus.osgi.CXFExtensionBundleListener addExtensions
INFO: Adding the extensions from bundle org.apache.cxf.cxf-rt-bindings-soap (192) [org.apache.cxf.binding.soap.SoapBindingFactory, org.apache.cxf.binding.soap.SoapTransportFactory]
out 07, 2018 1:45:59 PM org.apache.cxf.bus.blueprint.NamespaceHandlerRegisterer register
INFO: Registered blueprint namespace handler for http://cxf.apache.org/blueprint/jaxrs
out 07, 2018 1:45:59 PM org.apache.cxf.bus.blueprint.NamespaceHandlerRegisterer register
INFO: Registered blueprint namespace handler for http://cxf.apache.org/blueprint/jaxrs-client
out 07, 2018 1:45:59 PM org.apache.cxf.bus.osgi.CXFExtensionBundleListener addExtensions
INFO: Adding the extensions from bundle org.apache.cxf.cxf-rt-bindings-xml (191) [org.apache.cxf.binding.xml.XMLBindingFactory, org.apache.cxf.binding.xml.wsdl11.XMLWSDLExtensionLoader]
out 07, 2018 1:45:59 PM org.apache.cxf.bus.blueprint.NamespaceHandlerRegisterer register
INFO: Registered blueprint namespace handler for http://cxf.apache.org/blueprint/bindings/soap
out 07, 2018 1:45:59 PM org.apache.cxf.bus.blueprint.NamespaceHandlerRegisterer register
INFO: Registered blueprint namespace handler for http://cxf.apache.org/blueprint/simple
out 07, 2018 1:45:59 PM org.apache.cxf.bus.osgi.CXFExtensionBundleListener addExtensions
INFO: Adding the extensions from bundle org.apache.cxf.cxf-rt-frontend-jaxws (194) [org.apache.cxf.jaxws.context.WebServiceContextResourceResolver]
out 07, 2018 1:45:59 PM org.apache.cxf.bus.blueprint.NamespaceHandlerRegisterer register
INFO: Registered blueprint namespace handler for http://cxf.apache.org/blueprint/jaxws
out 07, 2018 1:45:59 PM org.apache.cxf.bus.blueprint.NamespaceHandlerRegisterer register
INFO: Registered blueprint namespace handler for http://cxf.apache.org/binding/coloc
out 07, 2018 1:45:59 PM org.apache.cxf.bus.osgi.CXFExtensionBundleListener addExtensions
INFO: Adding the extensions from bundle org.apache.cxf.cxf-rt-transports-local (199) [org.apache.cxf.transport.local.LocalTransportFactory]
out 07, 2018 1:45:59 PM org.apache.cxf.bus.osgi.CXFExtensionBundleListener addExtensions
INFO: Adding the extensions from bundle org.apache.cxf.cxf-rt-bindings-object (200) [org.apache.cxf.binding.object.ObjectBindingFactory]
out 07, 2018 1:45:59 PM org.apache.cxf.bus.blueprint.NamespaceHandlerRegisterer register
INFO: Registered blueprint namespace handler for http://cxf.apache.org/blueprint/binding/object
out 07, 2018 1:45:59 PM org.apache.cxf.bus.blueprint.NamespaceHandlerRegisterer register
INFO: Registered blueprint namespace handler for http://cxf.apache.org/policy
out 07, 2018 1:45:59 PM org.apache.cxf.bus.blueprint.NamespaceHandlerRegisterer register
INFO: Registered blueprint namespace handler for http://www.w3.org/ns/ws-policy
out 07, 2018 1:45:59 PM org.apache.cxf.bus.blueprint.NamespaceHandlerRegisterer register
INFO: Registered blueprint namespace handler for http://www.w3.org/2006/07/ws-policy
out 07, 2018 1:45:59 PM org.apache.cxf.bus.blueprint.NamespaceHandlerRegisterer register
INFO: Registered blueprint namespace handler for http://schemas.xmlsoap.org/ws/2004/09/policy
out 07, 2018 1:45:59 PM org.apache.cxf.bus.blueprint.NamespaceHandlerRegisterer register
INFO: Registered blueprint namespace handler for http://docs.oasis-open.org/wss/2004/01/oasis-200401-wss-wssecurity-secext-1.0.xsd
out 07, 2018 1:45:59 PM org.apache.cxf.bus.blueprint.NamespaceHandlerRegisterer register
INFO: Registered blueprint namespace handler for http://docs.oasis-open.org/wss/2004/01/oasis-200401-wss-wssecurity-utility-1.0.xsd
out 07, 2018 1:45:59 PM org.apache.cxf.bus.blueprint.NamespaceHandlerRegisterer register
INFO: Registered blueprint namespace handler for http://www.w3.org/2000/09/xmldsig#
out 07, 2018 1:45:59 PM org.apache.cxf.bus.blueprint.NamespaceHandlerRegisterer register
INFO: Registered blueprint namespace handler for http://docs.oasis-open.org/ws-sx/ws-securitypolicy/200702
out 07, 2018 1:45:59 PM org.apache.cxf.bus.osgi.CXFExtensionBundleListener addExtensions
INFO: Adding the extensions from bundle org.apache.cxf.cxf-rt-ws-addr (220) [org.apache.cxf.ws.addressing.policy.AddressingAssertionBuilder, org.apache.cxf.ws.addressing.policy.UsingAddressingAssertionBuilder, org.apache.cxf.ws.addressing.policy.AddressingPolicyInterceptorProvider, org.apache.cxf.ws.addressing.impl.AddressingWSDLExtensionLoader, org.apache.cxf.ws.addressing.WSAddressingFeature$WSAddressingFeatureApplier, org.apache.cxf.ws.addressing.MAPAggregator$MAPAggregatorLoader]
out 07, 2018 1:45:59 PM org.apache.cxf.bus.blueprint.NamespaceHandlerRegisterer register
INFO: Registered blueprint namespace handler for http://cxf.apache.org/ws/addressing
out 07, 2018 1:45:59 PM org.apache.cxf.bus.osgi.CXFExtensionBundleListener addExtensions
INFO: Adding the extensions from bundle org.apache.cxf.cxf-rt-ws-security (222) [org.apache.cxf.ws.security.policy.WSSecurityPolicyLoader, org.apache.cxf.ws.security.cache.CacheCleanupListener]
out 07, 2018 1:45:59 PM org.apache.cxf.bus.osgi.CXFExtensionBundleListener addExtensions
INFO: Adding the extensions from bundle org.apache.cxf.cxf-rt-ws-rm (224) [org.apache.cxf.ws.rm.RMManager, org.apache.cxf.ws.rm.policy.RMPolicyInterceptorProvider, org.apache.cxf.ws.rm.policy.RM10AssertionBuilder, org.apache.cxf.ws.rm.policy.RM12AssertionBuilder, org.apache.cxf.ws.rm.policy.WSRMP12PolicyLoader, org.apache.cxf.ws.rm.policy.MC11PolicyLoader, org.apache.cxf.ws.rm.policy.RSPPolicyLoader]
out 07, 2018 1:45:59 PM org.apache.cxf.bus.blueprint.NamespaceHandlerRegisterer register
INFO: Registered blueprint namespace handler for http://cxf.apache.org/ws/rm/manager
out 07, 2018 1:45:59 PM org.apache.cxf.bus.blueprint.NamespaceHandlerRegisterer register
INFO: Registered blueprint namespace handler for http://schemas.xmlsoap.org/ws/2005/02/rm/policy
out 07, 2018 1:45:59 PM org.apache.cxf.bus.osgi.CXFExtensionBundleListener addExtensions
INFO: Adding the extensions from bundle org.apache.cxf.cxf-rt-javascript (225) [org.apache.cxf.javascript.JavascriptServerListener]
out 07, 2018 1:46:00 PM org.pentaho.caching.impl.PentahoCacheManagerFactory$RegistrationHandler$1 onSuccess
INFO: New Caching Service registered
2018/10/07 13:46:02 - job_carga_caged - Start of job execution
2018/10/07 13:46:02 - job_carga_caged - Starting entry [ktr_carga_caged]
2018/10/07 13:46:02 - ktr_carga_caged - Loading transformation from XML file [/home/unb/MTB/ETL/ods/mtb/caged_dw/ktr_carga_caged.ktr]
out 07, 2018 1:46:02 PM org.apache.cxf.endpoint.ServerImpl initDestination
INFO: Setting the server's publish address to be /marketplace
2018/10/07 13:46:02 - ktr_carga_caged - Using run configuration [Pentaho local]
2018/10/07 13:46:02 - ktr_carga_caged - Using legacy execution engine
2018/10/07 13:46:02 - ktr_carga_caged - Dispatching started for transformation [ktr_carga_caged]
out 07, 2018 1:46:02 PM org.apache.cxf.endpoint.ServerImpl initDestination
INFO: Setting the server's publish address to be /lineage
out 07, 2018 1:46:02 PM org.apache.cxf.endpoint.ServerImpl initDestination
INFO: Setting the server's publish address to be /i18n
2018/10/07 13:46:02 - Carrega tabela.0 - Connected to database [comexao_ods] (commit=100000000)
SLF4J: Class path contains multiple SLF4J bindings.
SLF4J: Found binding in [jar:file:/opt/data-integration/launcher/../lib/slf4j-log4j12-1.7.7.jar!/org/slf4j/impl/StaticLoggerBinder.class]
SLF4J: Found binding in [jar:file:/opt/data-integration/plugins/pentaho-big-data-plugin/lib/slf4j-log4j12-1.7.7.jar!/org/slf4j/impl/StaticLoggerBinder.class]
SLF4J: See http://www.slf4j.org/codes.html#multiple_bindings for an explanation.
SLF4J: Actual binding is of type [org.slf4j.impl.Log4jLoggerFactory]
2018/10/07 13:46:02 - Le Arquivo.0 - Header row skipped in file '/mnt/unb/bases_mte/CAGED/CAGED_TRABALHADOR_AJUSTADO_052017.txt'
2018/10/07 13:46:04 - Le Arquivo.0 - Line number : 50000
2018/10/07 13:46:04 - Separa Ano e Mes.0 - Linenr 50000
2018/10/07 13:46:11 - Le Arquivo.0 - Line number : 100000
2018/10/07 13:46:15 - Separa Ano e Mes.0 - Linenr 100000
2018/10/07 13:46:19 - Select values.0 - linenr 50000
2018/10/07 13:46:23 - Carrega tabela.0 - linenr 50000
2018/10/07 13:46:31 - Le Arquivo.0 - Line number : 150000
2018/10/07 13:46:35 - Separa Ano e Mes.0 - Linenr 150000
2018/10/07 13:46:38 - Select values.0 - linenr 100000
2018/10/07 13:46:42 - Carrega tabela.0 - linenr 100000
2018/10/07 13:46:50 - Le Arquivo.0 - Line number : 200000
2018/10/07 13:46:54 - Separa Ano e Mes.0 - Linenr 200000
2018/10/07 13:46:58 - Select values.0 - linenr 150000
2018/10/07 13:47:01 - Carrega tabela.0 - linenr 150000
2018/10/07 13:47:09 - Le Arquivo.0 - Line number : 250000
2018/10/07 13:47:13 - Separa Ano e Mes.0 - Linenr 250000
2018/10/07 13:47:17 - Select values.0 - linenr 200000
2018/10/07 13:47:21 - Carrega tabela.0 - linenr 200000
2018/10/07 13:47:29 - Le Arquivo.0 - Line number : 300000
2018/10/07 13:47:33 - Separa Ano e Mes.0 - Linenr 300000
2018/10/07 13:47:37 - Select values.0 - linenr 250000
2018/10/07 13:47:40 - Carrega tabela.0 - linenr 250000
2018/10/07 13:47:48 - Le Arquivo.0 - Line number : 350000
2018/10/07 13:47:52 - Separa Ano e Mes.0 - Linenr 350000
2018/10/07 13:47:56 - Select values.0 - linenr 300000
2018/10/07 13:48:00 - Carrega tabela.0 - linenr 300000
2018/10/07 13:48:08 - Le Arquivo.0 - Line number : 400000
2018/10/07 13:48:11 - Separa Ano e Mes.0 - Linenr 400000
2018/10/07 13:48:15 - Select values.0 - linenr 350000
2018/10/07 13:48:19 - Carrega tabela.0 - linenr 350000
2018/10/07 13:48:27 - Le Arquivo.0 - Line number : 450000
2018/10/07 13:48:31 - Separa Ano e Mes.0 - Linenr 450000
2018/10/07 13:48:34 - Select values.0 - linenr 400000
2018/10/07 13:48:38 - Carrega tabela.0 - linenr 400000
2018/10/07 13:48:46 - Le Arquivo.0 - Line number : 500000
2018/10/07 13:48:50 - Separa Ano e Mes.0 - Linenr 500000
2018/10/07 13:48:54 - Select values.0 - linenr 450000
2018/10/07 13:48:57 - Carrega tabela.0 - linenr 450000
2018/10/07 13:49:05 - Le Arquivo.0 - Line number : 550000
2018/10/07 13:49:09 - Separa Ano e Mes.0 - Linenr 550000
2018/10/07 13:49:13 - Select values.0 - linenr 500000
2018/10/07 13:49:17 - Carrega tabela.0 - linenr 500000
2018/10/07 13:49:25 - Le Arquivo.0 - Line number : 600000
2018/10/07 13:49:29 - Separa Ano e Mes.0 - Linenr 600000
2018/10/07 13:49:32 - Select values.0 - linenr 550000
2018/10/07 13:49:36 - Carrega tabela.0 - linenr 550000
2018/10/07 13:49:44 - Le Arquivo.0 - Line number : 650000
2018/10/07 13:49:48 - Separa Ano e Mes.0 - Linenr 650000
2018/10/07 13:49:51 - Select values.0 - linenr 600000
2018/10/07 13:49:55 - Carrega tabela.0 - linenr 600000
2018/10/07 13:50:03 - Le Arquivo.0 - Line number : 700000
2018/10/07 13:50:07 - Separa Ano e Mes.0 - Linenr 700000
2018/10/07 13:50:11 - Select values.0 - linenr 650000
2018/10/07 13:50:14 - Carrega tabela.0 - linenr 650000
2018/10/07 13:50:22 - Le Arquivo.0 - Line number : 750000
2018/10/07 13:50:26 - Separa Ano e Mes.0 - Linenr 750000
2018/10/07 13:50:30 - Select values.0 - linenr 700000
2018/10/07 13:50:34 - Carrega tabela.0 - linenr 700000
2018/10/07 13:50:42 - Le Arquivo.0 - Line number : 800000
2018/10/07 13:50:46 - Separa Ano e Mes.0 - Linenr 800000
2018/10/07 13:50:49 - Select values.0 - linenr 750000
2018/10/07 13:50:53 - Carrega tabela.0 - linenr 750000
2018/10/07 13:51:01 - Le Arquivo.0 - Line number : 850000
2018/10/07 13:51:05 - Separa Ano e Mes.0 - Linenr 850000
2018/10/07 13:51:09 - Select values.0 - linenr 800000
2018/10/07 13:51:13 - Carrega tabela.0 - linenr 800000
2018/10/07 13:51:21 - Le Arquivo.0 - Line number : 900000
2018/10/07 13:51:24 - Separa Ano e Mes.0 - Linenr 900000
2018/10/07 13:51:28 - Select values.0 - linenr 850000
2018/10/07 13:51:32 - Carrega tabela.0 - linenr 850000
2018/10/07 13:51:40 - Le Arquivo.0 - Line number : 950000
2018/10/07 13:51:44 - Separa Ano e Mes.0 - Linenr 950000
2018/10/07 13:51:48 - Select values.0 - linenr 900000
2018/10/07 13:51:51 - Carrega tabela.0 - linenr 900000
2018/10/07 13:51:59 - Le Arquivo.0 - Line number : 1000000
2018/10/07 13:52:03 - Separa Ano e Mes.0 - Linenr 1000000
2018/10/07 13:52:07 - Select values.0 - linenr 950000
2018/10/07 13:52:11 - Carrega tabela.0 - linenr 950000
2018/10/07 13:52:19 - Le Arquivo.0 - Line number : 1050000
2018/10/07 13:52:23 - Separa Ano e Mes.0 - Linenr 1050000
2018/10/07 13:52:27 - Select values.0 - linenr 1000000
2018/10/07 13:52:30 - Carrega tabela.0 - linenr 1000000
2018/10/07 13:52:38 - Le Arquivo.0 - Line number : 1100000
2018/10/07 13:52:42 - Separa Ano e Mes.0 - Linenr 1100000
2018/10/07 13:52:46 - Select values.0 - linenr 1050000
2018/10/07 13:52:50 - Carrega tabela.0 - linenr 1050000
2018/10/07 13:52:58 - Le Arquivo.0 - Line number : 1150000
2018/10/07 13:53:02 - Separa Ano e Mes.0 - Linenr 1150000
2018/10/07 13:53:05 - Select values.0 - linenr 1100000
2018/10/07 13:53:09 - Carrega tabela.0 - linenr 1100000
2018/10/07 13:53:17 - Le Arquivo.0 - Line number : 1200000
2018/10/07 13:53:21 - Separa Ano e Mes.0 - Linenr 1200000
2018/10/07 13:53:25 - Select values.0 - linenr 1150000
2018/10/07 13:53:28 - Carrega tabela.0 - linenr 1150000
2018/10/07 13:53:36 - Le Arquivo.0 - Line number : 1250000
2018/10/07 13:53:40 - Separa Ano e Mes.0 - Linenr 1250000
2018/10/07 13:53:44 - Select values.0 - linenr 1200000
2018/10/07 13:53:48 - Carrega tabela.0 - linenr 1200000
2018/10/07 13:53:56 - Le Arquivo.0 - Line number : 1300000
2018/10/07 13:53:59 - Separa Ano e Mes.0 - Linenr 1300000
2018/10/07 13:54:03 - Select values.0 - linenr 1250000
2018/10/07 13:54:07 - Carrega tabela.0 - linenr 1250000
2018/10/07 13:54:15 - Le Arquivo.0 - Line number : 1350000
2018/10/07 13:54:19 - Separa Ano e Mes.0 - Linenr 1350000
2018/10/07 13:54:22 - Select values.0 - linenr 1300000
2018/10/07 13:54:26 - Carrega tabela.0 - linenr 1300000
2018/10/07 13:54:34 - Le Arquivo.0 - Line number : 1400000
2018/10/07 13:54:38 - Separa Ano e Mes.0 - Linenr 1400000
2018/10/07 13:54:42 - Select values.0 - linenr 1350000
2018/10/07 13:54:45 - Carrega tabela.0 - linenr 1350000
2018/10/07 13:54:53 - Le Arquivo.0 - Line number : 1450000
2018/10/07 13:54:57 - Separa Ano e Mes.0 - Linenr 1450000
2018/10/07 13:55:01 - Select values.0 - linenr 1400000
2018/10/07 13:55:05 - Carrega tabela.0 - linenr 1400000
2018/10/07 13:55:13 - Le Arquivo.0 - Line number : 1500000
2018/10/07 13:55:17 - Separa Ano e Mes.0 - Linenr 1500000
2018/10/07 13:55:20 - Select values.0 - linenr 1450000
2018/10/07 13:55:24 - Carrega tabela.0 - linenr 1450000
2018/10/07 13:55:32 - Le Arquivo.0 - Line number : 1550000
2018/10/07 13:55:36 - Separa Ano e Mes.0 - Linenr 1550000
2018/10/07 13:55:40 - Select values.0 - linenr 1500000
2018/10/07 13:55:44 - Carrega tabela.0 - linenr 1500000
2018/10/07 13:55:52 - Le Arquivo.0 - Line number : 1600000
2018/10/07 13:55:56 - Separa Ano e Mes.0 - Linenr 1600000
2018/10/07 13:55:59 - Select values.0 - linenr 1550000
2018/10/07 13:56:03 - Carrega tabela.0 - linenr 1550000
2018/10/07 13:56:11 - Le Arquivo.0 - Line number : 1650000
2018/10/07 13:56:15 - Separa Ano e Mes.0 - Linenr 1650000
2018/10/07 13:56:19 - Select values.0 - linenr 1600000
2018/10/07 13:56:23 - Carrega tabela.0 - linenr 1600000
2018/10/07 13:56:31 - Le Arquivo.0 - Line number : 1700000
2018/10/07 13:56:35 - Separa Ano e Mes.0 - Linenr 1700000
2018/10/07 13:56:38 - Select values.0 - linenr 1650000
2018/10/07 13:56:42 - Carrega tabela.0 - linenr 1650000
2018/10/07 13:56:50 - Le Arquivo.0 - Line number : 1750000
2018/10/07 13:56:54 - Separa Ano e Mes.0 - Linenr 1750000
2018/10/07 13:56:57 - Select values.0 - linenr 1700000
2018/10/07 13:57:01 - Carrega tabela.0 - linenr 1700000
2018/10/07 13:57:09 - Le Arquivo.0 - Line number : 1800000
2018/10/07 13:57:13 - Separa Ano e Mes.0 - Linenr 1800000
2018/10/07 13:57:17 - Select values.0 - linenr 1750000
2018/10/07 13:57:20 - Carrega tabela.0 - linenr 1750000
2018/10/07 13:57:29 - Le Arquivo.0 - Line number : 1850000
2018/10/07 13:57:33 - Separa Ano e Mes.0 - Linenr 1850000
2018/10/07 13:57:36 - Select values.0 - linenr 1800000
2018/10/07 13:57:40 - Carrega tabela.0 - linenr 1800000
2018/10/07 13:57:48 - Le Arquivo.0 - Line number : 1900000
2018/10/07 13:57:52 - Separa Ano e Mes.0 - Linenr 1900000
2018/10/07 13:57:56 - Select values.0 - linenr 1850000
2018/10/07 13:58:00 - Carrega tabela.0 - linenr 1850000
2018/10/07 13:58:08 - Le Arquivo.0 - Line number : 1950000
2018/10/07 13:58:11 - Separa Ano e Mes.0 - Linenr 1950000
2018/10/07 13:58:15 - Select values.0 - linenr 1900000
2018/10/07 13:58:19 - Carrega tabela.0 - linenr 1900000
2018/10/07 13:58:27 - Le Arquivo.0 - Line number : 2000000
2018/10/07 13:58:31 - Separa Ano e Mes.0 - Linenr 2000000
2018/10/07 13:58:34 - Select values.0 - linenr 1950000
2018/10/07 13:58:38 - Carrega tabela.0 - linenr 1950000
2018/10/07 13:58:46 - Le Arquivo.0 - Line number : 2050000
2018/10/07 13:58:50 - Separa Ano e Mes.0 - Linenr 2050000
2018/10/07 13:58:53 - Select values.0 - linenr 2000000
2018/10/07 13:58:57 - Carrega tabela.0 - linenr 2000000
2018/10/07 13:59:05 - Le Arquivo.0 - Line number : 2100000
2018/10/07 13:59:09 - Separa Ano e Mes.0 - Linenr 2100000
2018/10/07 13:59:13 - Select values.0 - linenr 2050000
2018/10/07 13:59:17 - Carrega tabela.0 - linenr 2050000
2018/10/07 13:59:25 - Le Arquivo.0 - Line number : 2150000
2018/10/07 13:59:29 - Separa Ano e Mes.0 - Linenr 2150000
2018/10/07 13:59:32 - Select values.0 - linenr 2100000
2018/10/07 13:59:36 - Carrega tabela.0 - linenr 2100000
2018/10/07 13:59:44 - Le Arquivo.0 - Line number : 2200000
2018/10/07 13:59:48 - Separa Ano e Mes.0 - Linenr 2200000
2018/10/07 13:59:52 - Select values.0 - linenr 2150000
2018/10/07 13:59:55 - Carrega tabela.0 - linenr 2150000
2018/10/07 14:00:03 - Le Arquivo.0 - Line number : 2250000
2018/10/07 14:00:07 - Separa Ano e Mes.0 - Linenr 2250000
2018/10/07 14:00:11 - Select values.0 - linenr 2200000
2018/10/07 14:00:15 - Carrega tabela.0 - linenr 2200000
2018/10/07 14:00:23 - Le Arquivo.0 - Line number : 2300000
2018/10/07 14:00:27 - Separa Ano e Mes.0 - Linenr 2300000
2018/10/07 14:00:30 - Select values.0 - linenr 2250000
2018/10/07 14:00:34 - Carrega tabela.0 - linenr 2250000
2018/10/07 14:00:42 - Le Arquivo.0 - Line number : 2350000
2018/10/07 14:00:46 - Separa Ano e Mes.0 - Linenr 2350000
2018/10/07 14:00:50 - Select values.0 - linenr 2300000
2018/10/07 14:00:53 - Carrega tabela.0 - linenr 2300000
2018/10/07 14:01:01 - Le Arquivo.0 - Line number : 2400000
2018/10/07 14:01:05 - Separa Ano e Mes.0 - Linenr 2400000
2018/10/07 14:01:09 - Select values.0 - linenr 2350000
2018/10/07 14:01:13 - Carrega tabela.0 - linenr 2350000
2018/10/07 14:01:21 - Le Arquivo.0 - Line number : 2450000
2018/10/07 14:01:25 - Separa Ano e Mes.0 - Linenr 2450000
2018/10/07 14:01:29 - Select values.0 - linenr 2400000
2018/10/07 14:01:33 - Carrega tabela.0 - linenr 2400000
2018/10/07 14:01:41 - Le Arquivo.0 - Line number : 2500000
2018/10/07 14:01:44 - Separa Ano e Mes.0 - Linenr 2500000
2018/10/07 14:01:48 - Select values.0 - linenr 2450000
2018/10/07 14:01:52 - Carrega tabela.0 - linenr 2450000
2018/10/07 14:02:00 - Le Arquivo.0 - Line number : 2550000
2018/10/07 14:02:04 - Separa Ano e Mes.0 - Linenr 2550000
2018/10/07 14:02:07 - Select values.0 - linenr 2500000
2018/10/07 14:02:11 - Carrega tabela.0 - linenr 2500000
2018/10/07 14:02:19 - Le Arquivo.0 - Line number : 2600000
2018/10/07 14:02:23 - Separa Ano e Mes.0 - Linenr 2600000
2018/10/07 14:02:27 - Select values.0 - linenr 2550000
2018/10/07 14:02:30 - Carrega tabela.0 - linenr 2550000
2018/10/07 14:02:38 - Le Arquivo.0 - Line number : 2650000
2018/10/07 14:02:42 - Separa Ano e Mes.0 - Linenr 2650000
2018/10/07 14:02:46 - Select values.0 - linenr 2600000
2018/10/07 14:02:50 - Carrega tabela.0 - linenr 2600000
2018/10/07 14:02:58 - Le Arquivo.0 - Line number : 2700000
2018/10/07 14:03:02 - Separa Ano e Mes.0 - Linenr 2700000
2018/10/07 14:03:05 - Select values.0 - linenr 2650000
2018/10/07 14:03:09 - Carrega tabela.0 - linenr 2650000
2018/10/07 14:03:17 - Le Arquivo.0 - Line number : 2750000
2018/10/07 14:03:21 - Separa Ano e Mes.0 - Linenr 2750000
2018/10/07 14:03:25 - Select values.0 - linenr 2700000
2018/10/07 14:03:29 - Carrega tabela.0 - linenr 2700000
2018/10/07 14:03:37 - Le Arquivo.0 - Line number : 2800000
2018/10/07 14:03:41 - Separa Ano e Mes.0 - Linenr 2800000
2018/10/07 14:03:44 - Select values.0 - linenr 2750000
2018/10/07 14:03:48 - Carrega tabela.0 - linenr 2750000
2018/10/07 14:03:56 - Le Arquivo.0 - Line number : 2850000
2018/10/07 14:04:00 - Separa Ano e Mes.0 - Linenr 2850000
2018/10/07 14:04:03 - Select values.0 - linenr 2800000
2018/10/07 14:04:07 - Carrega tabela.0 - linenr 2800000
2018/10/07 14:04:15 - Le Arquivo.0 - Line number : 2900000
2018/10/07 14:04:19 - Separa Ano e Mes.0 - Linenr 2900000
2018/10/07 14:04:23 - Select values.0 - linenr 2850000
2018/10/07 14:04:27 - Carrega tabela.0 - linenr 2850000
2018/10/07 14:04:35 - Le Arquivo.0 - Line number : 2950000
2018/10/07 14:04:38 - Separa Ano e Mes.0 - Linenr 2950000
2018/10/07 14:04:42 - Select values.0 - linenr 2900000
2018/10/07 14:04:46 - Carrega tabela.0 - linenr 2900000
2018/10/07 14:04:54 - Le Arquivo.0 - Line number : 3000000
2018/10/07 14:04:58 - Separa Ano e Mes.0 - Linenr 3000000
2018/10/07 14:05:01 - Select values.0 - linenr 2950000
2018/10/07 14:05:05 - Carrega tabela.0 - linenr 2950000
2018/10/07 14:05:13 - Le Arquivo.0 - Line number : 3050000
2018/10/07 14:05:17 - Separa Ano e Mes.0 - Linenr 3050000
2018/10/07 14:05:21 - Select values.0 - linenr 3000000
2018/10/07 14:05:24 - Carrega tabela.0 - linenr 3000000
2018/10/07 14:05:33 - Le Arquivo.0 - Line number : 3100000
2018/10/07 14:05:36 - Separa Ano e Mes.0 - Linenr 3100000
2018/10/07 14:05:40 - Select values.0 - linenr 3050000
2018/10/07 14:05:44 - Carrega tabela.0 - linenr 3050000
2018/10/07 14:05:52 - Le Arquivo.0 - Line number : 3150000
2018/10/07 14:05:56 - Separa Ano e Mes.0 - Linenr 3150000
2018/10/07 14:05:59 - Select values.0 - linenr 3100000
2018/10/07 14:06:03 - Carrega tabela.0 - linenr 3100000
2018/10/07 14:06:11 - Le Arquivo.0 - Line number : 3200000
2018/10/07 14:06:15 - Separa Ano e Mes.0 - Linenr 3200000
2018/10/07 14:06:19 - Select values.0 - linenr 3150000
2018/10/07 14:06:23 - Carrega tabela.0 - linenr 3150000
2018/10/07 14:06:31 - Le Arquivo.0 - Line number : 3250000
2018/10/07 14:06:34 - Separa Ano e Mes.0 - Linenr 3250000
2018/10/07 14:06:38 - Select values.0 - linenr 3200000
2018/10/07 14:06:42 - Carrega tabela.0 - linenr 3200000
2018/10/07 14:06:50 - Le Arquivo.0 - Line number : 3300000
2018/10/07 14:06:54 - Separa Ano e Mes.0 - Linenr 3300000
2018/10/07 14:06:57 - Select values.0 - linenr 3250000
2018/10/07 14:07:01 - Carrega tabela.0 - linenr 3250000
2018/10/07 14:07:09 - Le Arquivo.0 - Line number : 3350000
2018/10/07 14:07:13 - Separa Ano e Mes.0 - Linenr 3350000
2018/10/07 14:07:17 - Select values.0 - linenr 3300000
2018/10/07 14:07:21 - Carrega tabela.0 - linenr 3300000
2018/10/07 14:07:29 - Le Arquivo.0 - Line number : 3400000
2018/10/07 14:07:33 - Separa Ano e Mes.0 - Linenr 3400000
2018/10/07 14:07:36 - Select values.0 - linenr 3350000
2018/10/07 14:07:40 - Carrega tabela.0 - linenr 3350000
2018/10/07 14:07:48 - Le Arquivo.0 - Line number : 3450000
2018/10/07 14:07:52 - Separa Ano e Mes.0 - Linenr 3450000
2018/10/07 14:07:56 - Select values.0 - linenr 3400000
2018/10/07 14:07:59 - Carrega tabela.0 - linenr 3400000
2018/10/07 14:08:08 - Le Arquivo.0 - Line number : 3500000
2018/10/07 14:08:12 - Separa Ano e Mes.0 - Linenr 3500000
2018/10/07 14:08:15 - Select values.0 - linenr 3450000
2018/10/07 14:08:19 - Carrega tabela.0 - linenr 3450000
2018/10/07 14:08:27 - Le Arquivo.0 - Line number : 3550000
2018/10/07 14:08:31 - Separa Ano e Mes.0 - Linenr 3550000
2018/10/07 14:08:34 - Select values.0 - linenr 3500000
2018/10/07 14:08:38 - Carrega tabela.0 - linenr 3500000
2018/10/07 14:08:46 - Le Arquivo.0 - Line number : 3600000
2018/10/07 14:08:50 - Separa Ano e Mes.0 - Linenr 3600000
2018/10/07 14:08:54 - Select values.0 - linenr 3550000
2018/10/07 14:08:58 - Carrega tabela.0 - linenr 3550000
2018/10/07 14:09:06 - Le Arquivo.0 - Line number : 3650000
2018/10/07 14:09:09 - Separa Ano e Mes.0 - Linenr 3650000
2018/10/07 14:09:13 - Select values.0 - linenr 3600000
2018/10/07 14:09:17 - Carrega tabela.0 - linenr 3600000
2018/10/07 14:09:25 - Le Arquivo.0 - Line number : 3700000
2018/10/07 14:09:29 - Separa Ano e Mes.0 - Linenr 3700000
2018/10/07 14:09:32 - Select values.0 - linenr 3650000
2018/10/07 14:09:36 - Carrega tabela.0 - linenr 3650000
2018/10/07 14:09:44 - Le Arquivo.0 - Line number : 3750000
2018/10/07 14:09:48 - Separa Ano e Mes.0 - Linenr 3750000
2018/10/07 14:09:52 - Select values.0 - linenr 3700000
2018/10/07 14:09:56 - Carrega tabela.0 - linenr 3700000
2018/10/07 14:10:04 - Le Arquivo.0 - Line number : 3800000
2018/10/07 14:10:08 - Separa Ano e Mes.0 - Linenr 3800000
2018/10/07 14:10:11 - Select values.0 - linenr 3750000
2018/10/07 14:10:15 - Carrega tabela.0 - linenr 3750000
2018/10/07 14:10:23 - Le Arquivo.0 - Line number : 3850000
2018/10/07 14:10:27 - Separa Ano e Mes.0 - Linenr 3850000
2018/10/07 14:10:31 - Select values.0 - linenr 3800000
2018/10/07 14:10:35 - Carrega tabela.0 - linenr 3800000
2018/10/07 14:10:43 - Le Arquivo.0 - Line number : 3900000
2018/10/07 14:10:47 - Separa Ano e Mes.0 - Linenr 3900000
2018/10/07 14:10:51 - Select values.0 - linenr 3850000
2018/10/07 14:10:54 - Carrega tabela.0 - linenr 3850000
2018/10/07 14:11:02 - Le Arquivo.0 - Line number : 3950000
2018/10/07 14:11:06 - Separa Ano e Mes.0 - Linenr 3950000
2018/10/07 14:11:10 - Select values.0 - linenr 3900000
2018/10/07 14:11:13 - Carrega tabela.0 - linenr 3900000
2018/10/07 14:11:21 - Le Arquivo.0 - Line number : 4000000
2018/10/07 14:11:25 - Separa Ano e Mes.0 - Linenr 4000000
2018/10/07 14:11:29 - Select values.0 - linenr 3950000
2018/10/07 14:11:33 - Carrega tabela.0 - linenr 3950000
2018/10/07 14:11:41 - Le Arquivo.0 - Line number : 4050000
2018/10/07 14:11:45 - Separa Ano e Mes.0 - Linenr 4050000
2018/10/07 14:11:48 - Select values.0 - linenr 4000000
2018/10/07 14:11:52 - Carrega tabela.0 - linenr 4000000
2018/10/07 14:12:00 - Le Arquivo.0 - Line number : 4100000
2018/10/07 14:12:04 - Separa Ano e Mes.0 - Linenr 4100000
2018/10/07 14:12:07 - Select values.0 - linenr 4050000
2018/10/07 14:12:11 - Carrega tabela.0 - linenr 4050000
2018/10/07 14:12:19 - Le Arquivo.0 - Line number : 4150000
2018/10/07 14:12:23 - Separa Ano e Mes.0 - Linenr 4150000
2018/10/07 14:12:27 - Select values.0 - linenr 4100000
2018/10/07 14:12:31 - Carrega tabela.0 - linenr 4100000
2018/10/07 14:12:39 - Le Arquivo.0 - Line number : 4200000
2018/10/07 14:12:43 - Separa Ano e Mes.0 - Linenr 4200000
2018/10/07 14:12:46 - Select values.0 - linenr 4150000
2018/10/07 14:12:50 - Carrega tabela.0 - linenr 4150000
2018/10/07 14:12:58 - Le Arquivo.0 - Line number : 4250000
2018/10/07 14:13:02 - Separa Ano e Mes.0 - Linenr 4250000
2018/10/07 14:13:06 - Select values.0 - linenr 4200000
2018/10/07 14:13:10 - Carrega tabela.0 - linenr 4200000
2018/10/07 14:13:18 - Le Arquivo.0 - Line number : 4300000
2018/10/07 14:13:21 - Separa Ano e Mes.0 - Linenr 4300000
2018/10/07 14:13:25 - Select values.0 - linenr 4250000
2018/10/07 14:13:29 - Carrega tabela.0 - linenr 4250000
2018/10/07 14:13:37 - Le Arquivo.0 - Line number : 4350000
2018/10/07 14:13:41 - Separa Ano e Mes.0 - Linenr 4350000
2018/10/07 14:13:44 - Select values.0 - linenr 4300000
2018/10/07 14:13:48 - Carrega tabela.0 - linenr 4300000
2018/10/07 14:13:56 - Le Arquivo.0 - Line number : 4400000
2018/10/07 14:14:00 - Separa Ano e Mes.0 - Linenr 4400000
2018/10/07 14:14:04 - Select values.0 - linenr 4350000
2018/10/07 14:14:08 - Carrega tabela.0 - linenr 4350000
2018/10/07 14:14:16 - Le Arquivo.0 - Line number : 4450000
2018/10/07 14:14:19 - Separa Ano e Mes.0 - Linenr 4450000
2018/10/07 14:14:23 - Select values.0 - linenr 4400000
2018/10/07 14:14:27 - Carrega tabela.0 - linenr 4400000
2018/10/07 14:14:35 - Le Arquivo.0 - Line number : 4500000
2018/10/07 14:14:39 - Separa Ano e Mes.0 - Linenr 4500000
2018/10/07 14:14:43 - Select values.0 - linenr 4450000
2018/10/07 14:14:46 - Carrega tabela.0 - linenr 4450000
2018/10/07 14:14:54 - Le Arquivo.0 - Line number : 4550000
2018/10/07 14:14:58 - Separa Ano e Mes.0 - Linenr 4550000
2018/10/07 14:15:02 - Select values.0 - linenr 4500000
2018/10/07 14:15:06 - Carrega tabela.0 - linenr 4500000
2018/10/07 14:15:10 - ktr_carga_caged - ERROR (version 7.1.0.0-12, build 1 from 2017-05-16 17.18.02 by buildguy) : Errors detected!
2018/10/07 14:15:10 - Carrega tabela.0 - ERROR (version 7.1.0.0-12, build 1 from 2017-05-16 17.18.02 by buildguy) : Because of an error, this step can't continue: 
2018/10/07 14:15:10 - Carrega tabela.0 - ERROR (version 7.1.0.0-12, build 1 from 2017-05-16 17.18.02 by buildguy) : org.pentaho.di.core.exception.KettleValueException: 
2018/10/07 14:15:10 - Carrega tabela.0 - Unexpected conversion error while converting value [cnae_2_classe String] to an Integer
2018/10/07 14:15:10 - Carrega tabela.0 - 
2018/10/07 14:15:10 - Carrega tabela.0 - cnae_2_classe String : couldn't convert String to Integer
2018/10/07 14:15:10 - Carrega tabela.0 - 
2018/10/07 14:15:10 - Carrega tabela.0 - cnae_2_classe String : couldn't convert String to number : non-numeric character found at position 4 for value [000-1]
2018/10/07 14:15:10 - Carrega tabela.0 - 
2018/10/07 14:15:10 - Carrega tabela.0 - 
2018/10/07 14:15:10 - Carrega tabela.0 - 
2018/10/07 14:15:10 - Carrega tabela.0 - 	at org.pentaho.di.core.row.value.ValueMetaBase.getInteger(ValueMetaBase.java:2081)
2018/10/07 14:15:10 - Carrega tabela.0 - 	at org.pentaho.di.core.row.value.ValueMetaBase.convertData(ValueMetaBase.java:3785)
2018/10/07 14:15:10 - Carrega tabela.0 - 	at org.pentaho.di.core.row.value.ValueMetaBase.convertBinaryStringToNativeType(ValueMetaBase.java:1579)
2018/10/07 14:15:10 - Carrega tabela.0 - 	at org.pentaho.di.core.row.value.ValueMetaBase.getString(ValueMetaBase.java:1799)
2018/10/07 14:15:10 - Carrega tabela.0 - 	at org.pentaho.di.core.row.RowMeta.getString(RowMeta.java:319)
2018/10/07 14:15:10 - Carrega tabela.0 - 	at org.pentaho.di.core.row.RowMeta.getString(RowMeta.java:828)
2018/10/07 14:15:10 - Carrega tabela.0 - 	at org.pentaho.di.trans.steps.tableoutput.TableOutput.writeToTable(TableOutput.java:385)
2018/10/07 14:15:10 - Carrega tabela.0 - 	at org.pentaho.di.trans.steps.tableoutput.TableOutput.processRow(TableOutput.java:125)
2018/10/07 14:15:10 - Carrega tabela.0 - 	at org.pentaho.di.trans.step.RunThread.run(RunThread.java:62)
2018/10/07 14:15:10 - Carrega tabela.0 - 	at java.lang.Thread.run(Thread.java:748)
2018/10/07 14:15:10 - Carrega tabela.0 - Caused by: org.pentaho.di.core.exception.KettleValueException: 
2018/10/07 14:15:10 - Carrega tabela.0 - cnae_2_classe String : couldn't convert String to Integer
2018/10/07 14:15:10 - Carrega tabela.0 - 
2018/10/07 14:15:10 - Carrega tabela.0 - cnae_2_classe String : couldn't convert String to number : non-numeric character found at position 4 for value [000-1]
2018/10/07 14:15:10 - Carrega tabela.0 - 
2018/10/07 14:15:10 - Carrega tabela.0 - 
2018/10/07 14:15:10 - Carrega tabela.0 - 	at org.pentaho.di.core.row.value.ValueMetaBase.convertStringToInteger(ValueMetaBase.java:1323)
2018/10/07 14:15:10 - Carrega tabela.0 - 	at org.pentaho.di.core.row.value.ValueMetaBase.getInteger(ValueMetaBase.java:2019)
2018/10/07 14:15:10 - Carrega tabela.0 - 	... 9 more
2018/10/07 14:15:10 - Carrega tabela.0 - Caused by: org.pentaho.di.core.exception.KettleValueException: 
2018/10/07 14:15:10 - Carrega tabela.0 - cnae_2_classe String : couldn't convert String to number : non-numeric character found at position 4 for value [000-1]
2018/10/07 14:15:10 - Carrega tabela.0 - 
2018/10/07 14:15:10 - Carrega tabela.0 - 	at org.pentaho.di.core.row.value.ValueMetaBase.convertStringToInteger(ValueMetaBase.java:1317)
2018/10/07 14:15:10 - Carrega tabela.0 - 	... 10 more
2018/10/07 14:15:10 - Corrige sal_mensal_declarado.0 - Finished processing (I=0, O=0, R=4571546, W=4571546, U=0, E=0)
2018/10/07 14:15:10 - Corrige grau instrucao.0 - Finished processing (I=0, O=0, R=4531943, W=4531943, U=0, E=0)
2018/10/07 14:15:10 - Corrige CNAE1.0 - Finished processing (I=0, O=0, R=4541844, W=4541844, U=0, E=0)
2018/10/07 14:15:10 - Select values.0 - Finished processing (I=0, O=0, R=4522042, W=4522042, U=0, E=0)
2018/10/07 14:15:10 - corige_dia_mov.0 - Finished processing (I=0, O=0, R=4551745, W=4551745, U=0, E=0)
2018/10/07 14:15:10 - Separa Ano e Mes.0 - Finished processing (I=0, O=0, R=4581447, W=4581447, U=0, E=0)
2018/10/07 14:15:10 - Corrige CBO.0 - Finished processing (I=0, O=0, R=4561646, W=4561646, U=0, E=0)
2018/10/07 14:15:10 - Carrega tabela.0 - Finished processing (I=0, O=4512129, R=4512130, W=4512129, U=0, E=1)
2018/10/07 14:15:10 - ktr_carga_caged - Transformation detected one or more steps with errors.
2018/10/07 14:15:10 - ktr_carga_caged - Transformation is killing the other steps!
2018/10/07 14:15:10 - Le Arquivo.0 - Finished processing (I=4591449, O=0, R=0, W=4591448, U=0, E=0)
2018/10/07 14:15:11 - ktr_carga_caged - ERROR (version 7.1.0.0-12, build 1 from 2017-05-16 17.18.02 by buildguy) : Errors detected!
2018/10/07 14:15:11 - job_carga_caged - Finished job entry [ktr_carga_caged] (result=[false])
2018/10/07 14:15:11 - job_carga_caged - Job execution finished
2018/10/07 14:15:11 - Kitchen - Finished!
2018/10/07 14:15:11 - Kitchen - ERROR (version 7.1.0.0-12, build 1 from 2017-05-16 17.18.02 by buildguy) : Finished with errors
2018/10/07 14:15:11 - Kitchen - Start=2018/10/07 13:45:56.838, Stop=2018/10/07 14:15:11.071
2018/10/07 14:15:11 - Kitchen - Processing ended after 29 minutes and 14 seconds (1754 seconds total).
