#######################################################################
WARNING:  no libwebkitgtk-1.0 detected, some features will be unavailable
    Consider installing the package with apt-get or yum.
    e.g. 'sudo apt-get install libwebkitgtk-1.0-0'
#######################################################################
OpenJDK 64-Bit Server VM warning: ignoring option MaxPermSize=4G; support was removed in 8.0
17:44:07,499 INFO  [KarafBoot] Checking to see if org.pentaho.clean.karaf.cache is enabled
17:44:07,603 INFO  [KarafInstance] 
*******************************************************************************
*** Karaf Instance Number: 2 at /opt/data-integration/./system/karaf/caches ***
***   /kitchen/data-1                                                       ***
*** FastBin Provider Port:52902                                             ***
*** Karaf Port:8803                                                         ***
*** OSGI Service Port:9052                                                  ***
*******************************************************************************
out 07, 2018 5:44:08 PM org.apache.karaf.main.Main$KarafLockCallback lockAquired
INFO: Lock acquired. Setting startlevel to 100
2018/10/07 17:44:08 - Kitchen - Start of run.
2018-10-07 17:44:10.959:INFO:oejs.Server:jetty-8.1.15.v20140411
2018-10-07 17:44:10.986:INFO:oejs.AbstractConnector:Started NIOSocketConnectorWrapper@0.0.0.0:9052
out 07, 2018 5:44:11 PM org.apache.cxf.bus.blueprint.NamespaceHandlerRegisterer register
INFO: Registered blueprint namespace handler for http://cxf.apache.org/blueprint/core
out 07, 2018 5:44:11 PM org.apache.cxf.bus.blueprint.NamespaceHandlerRegisterer register
INFO: Registered blueprint namespace handler for http://cxf.apache.org/configuration/beans
out 07, 2018 5:44:11 PM org.apache.cxf.bus.blueprint.NamespaceHandlerRegisterer register
INFO: Registered blueprint namespace handler for http://cxf.apache.org/configuration/parameterized-types
out 07, 2018 5:44:11 PM org.apache.cxf.bus.blueprint.NamespaceHandlerRegisterer register
INFO: Registered blueprint namespace handler for http://cxf.apache.org/configuration/security
out 07, 2018 5:44:11 PM org.apache.cxf.bus.blueprint.NamespaceHandlerRegisterer register
INFO: Registered blueprint namespace handler for http://schemas.xmlsoap.org/wsdl/
out 07, 2018 5:44:11 PM org.apache.cxf.bus.blueprint.NamespaceHandlerRegisterer register
INFO: Registered blueprint namespace handler for http://www.w3.org/2005/08/addressing
out 07, 2018 5:44:11 PM org.apache.cxf.bus.blueprint.NamespaceHandlerRegisterer register
INFO: Registered blueprint namespace handler for http://schemas.xmlsoap.org/ws/2004/08/addressing
out 07, 2018 5:44:11 PM org.apache.cxf.bus.osgi.CXFExtensionBundleListener addExtensions
INFO: Adding the extensions from bundle org.apache.cxf.cxf-rt-management (152) [org.apache.cxf.management.InstrumentationManager]
out 07, 2018 5:44:11 PM org.apache.cxf.bus.osgi.CXFExtensionBundleListener addExtensions
INFO: Adding the extensions from bundle org.apache.cxf.cxf-rt-transports-http (156) [org.apache.cxf.transport.http.HTTPTransportFactory, org.apache.cxf.transport.http.HTTPWSDLExtensionLoader, org.apache.cxf.transport.http.policy.HTTPClientAssertionBuilder, org.apache.cxf.transport.http.policy.HTTPServerAssertionBuilder, org.apache.cxf.transport.http.policy.NoOpPolicyInterceptorProvider]
out 07, 2018 5:44:11 PM org.apache.cxf.bus.osgi.CXFExtensionBundleListener addExtensions
INFO: Adding the extensions from bundle org.apache.cxf.cxf-rt-wsdl (189) [org.apache.cxf.wsdl.WSDLManager]
out 07, 2018 5:44:11 PM org.apache.cxf.bus.osgi.CXFExtensionBundleListener addExtensions
INFO: Adding the extensions from bundle org.apache.cxf.cxf-rt-ws-policy (203) [org.apache.cxf.ws.policy.PolicyEngine, org.apache.cxf.policy.PolicyDataEngine, org.apache.cxf.ws.policy.AssertionBuilderRegistry, org.apache.cxf.ws.policy.PolicyInterceptorProviderRegistry, org.apache.cxf.ws.policy.PolicyBuilder, org.apache.cxf.ws.policy.PolicyAnnotationListener, org.apache.cxf.ws.policy.attachment.ServiceModelPolicyProvider, org.apache.cxf.ws.policy.attachment.external.DomainExpressionBuilderRegistry, org.apache.cxf.ws.policy.attachment.external.EndpointReferenceDomainExpressionBuilder, org.apache.cxf.ws.policy.attachment.external.URIDomainExpressionBuilder, org.apache.cxf.ws.policy.attachment.wsdl11.Wsdl11AttachmentPolicyProvider, org.apache.cxf.ws.policy.mtom.MTOMAssertionBuilder, org.apache.cxf.ws.policy.mtom.MTOMPolicyInterceptorProvider]
out 07, 2018 5:44:11 PM org.apache.cxf.bus.blueprint.NamespaceHandlerRegisterer register
INFO: Registered blueprint namespace handler for http://cxf.apache.org/transports/http/configuration
out 07, 2018 5:44:11 PM org.apache.cxf.bus.osgi.CXFExtensionBundleListener addExtensions
INFO: Adding the extensions from bundle org.apache.cxf.cxf-rt-bindings-soap (192) [org.apache.cxf.binding.soap.SoapBindingFactory, org.apache.cxf.binding.soap.SoapTransportFactory]
out 07, 2018 5:44:11 PM org.apache.cxf.bus.blueprint.NamespaceHandlerRegisterer register
INFO: Registered blueprint namespace handler for http://cxf.apache.org/blueprint/jaxrs
out 07, 2018 5:44:11 PM org.apache.cxf.bus.blueprint.NamespaceHandlerRegisterer register
INFO: Registered blueprint namespace handler for http://cxf.apache.org/blueprint/jaxrs-client
out 07, 2018 5:44:11 PM org.apache.cxf.bus.osgi.CXFExtensionBundleListener addExtensions
INFO: Adding the extensions from bundle org.apache.cxf.cxf-rt-bindings-xml (191) [org.apache.cxf.binding.xml.XMLBindingFactory, org.apache.cxf.binding.xml.wsdl11.XMLWSDLExtensionLoader]
out 07, 2018 5:44:11 PM org.apache.cxf.bus.blueprint.NamespaceHandlerRegisterer register
INFO: Registered blueprint namespace handler for http://cxf.apache.org/blueprint/bindings/soap
out 07, 2018 5:44:11 PM org.apache.cxf.bus.blueprint.NamespaceHandlerRegisterer register
INFO: Registered blueprint namespace handler for http://cxf.apache.org/blueprint/simple
out 07, 2018 5:44:11 PM org.apache.cxf.bus.osgi.CXFExtensionBundleListener addExtensions
INFO: Adding the extensions from bundle org.apache.cxf.cxf-rt-frontend-jaxws (194) [org.apache.cxf.jaxws.context.WebServiceContextResourceResolver]
out 07, 2018 5:44:11 PM org.apache.cxf.bus.blueprint.NamespaceHandlerRegisterer register
INFO: Registered blueprint namespace handler for http://cxf.apache.org/blueprint/jaxws
out 07, 2018 5:44:11 PM org.apache.cxf.bus.blueprint.NamespaceHandlerRegisterer register
INFO: Registered blueprint namespace handler for http://cxf.apache.org/binding/coloc
out 07, 2018 5:44:11 PM org.apache.cxf.bus.osgi.CXFExtensionBundleListener addExtensions
INFO: Adding the extensions from bundle org.apache.cxf.cxf-rt-transports-local (199) [org.apache.cxf.transport.local.LocalTransportFactory]
out 07, 2018 5:44:11 PM org.apache.cxf.bus.osgi.CXFExtensionBundleListener addExtensions
INFO: Adding the extensions from bundle org.apache.cxf.cxf-rt-bindings-object (200) [org.apache.cxf.binding.object.ObjectBindingFactory]
out 07, 2018 5:44:11 PM org.apache.cxf.bus.blueprint.NamespaceHandlerRegisterer register
INFO: Registered blueprint namespace handler for http://cxf.apache.org/blueprint/binding/object
out 07, 2018 5:44:11 PM org.apache.cxf.bus.blueprint.NamespaceHandlerRegisterer register
INFO: Registered blueprint namespace handler for http://cxf.apache.org/policy
out 07, 2018 5:44:11 PM org.apache.cxf.bus.blueprint.NamespaceHandlerRegisterer register
INFO: Registered blueprint namespace handler for http://www.w3.org/ns/ws-policy
out 07, 2018 5:44:11 PM org.apache.cxf.bus.blueprint.NamespaceHandlerRegisterer register
INFO: Registered blueprint namespace handler for http://www.w3.org/2006/07/ws-policy
out 07, 2018 5:44:11 PM org.apache.cxf.bus.blueprint.NamespaceHandlerRegisterer register
INFO: Registered blueprint namespace handler for http://schemas.xmlsoap.org/ws/2004/09/policy
out 07, 2018 5:44:11 PM org.apache.cxf.bus.blueprint.NamespaceHandlerRegisterer register
INFO: Registered blueprint namespace handler for http://docs.oasis-open.org/wss/2004/01/oasis-200401-wss-wssecurity-secext-1.0.xsd
out 07, 2018 5:44:11 PM org.apache.cxf.bus.blueprint.NamespaceHandlerRegisterer register
INFO: Registered blueprint namespace handler for http://docs.oasis-open.org/wss/2004/01/oasis-200401-wss-wssecurity-utility-1.0.xsd
out 07, 2018 5:44:11 PM org.apache.cxf.bus.blueprint.NamespaceHandlerRegisterer register
INFO: Registered blueprint namespace handler for http://www.w3.org/2000/09/xmldsig#
out 07, 2018 5:44:11 PM org.apache.cxf.bus.blueprint.NamespaceHandlerRegisterer register
INFO: Registered blueprint namespace handler for http://docs.oasis-open.org/ws-sx/ws-securitypolicy/200702
out 07, 2018 5:44:11 PM org.apache.cxf.bus.osgi.CXFExtensionBundleListener addExtensions
INFO: Adding the extensions from bundle org.apache.cxf.cxf-rt-ws-addr (220) [org.apache.cxf.ws.addressing.policy.AddressingAssertionBuilder, org.apache.cxf.ws.addressing.policy.UsingAddressingAssertionBuilder, org.apache.cxf.ws.addressing.policy.AddressingPolicyInterceptorProvider, org.apache.cxf.ws.addressing.impl.AddressingWSDLExtensionLoader, org.apache.cxf.ws.addressing.WSAddressingFeature$WSAddressingFeatureApplier, org.apache.cxf.ws.addressing.MAPAggregator$MAPAggregatorLoader]
out 07, 2018 5:44:11 PM org.apache.cxf.bus.blueprint.NamespaceHandlerRegisterer register
INFO: Registered blueprint namespace handler for http://cxf.apache.org/ws/addressing
out 07, 2018 5:44:11 PM org.apache.cxf.bus.osgi.CXFExtensionBundleListener addExtensions
INFO: Adding the extensions from bundle org.apache.cxf.cxf-rt-ws-security (222) [org.apache.cxf.ws.security.policy.WSSecurityPolicyLoader, org.apache.cxf.ws.security.cache.CacheCleanupListener]
out 07, 2018 5:44:11 PM org.apache.cxf.bus.osgi.CXFExtensionBundleListener addExtensions
INFO: Adding the extensions from bundle org.apache.cxf.cxf-rt-ws-rm (224) [org.apache.cxf.ws.rm.RMManager, org.apache.cxf.ws.rm.policy.RMPolicyInterceptorProvider, org.apache.cxf.ws.rm.policy.RM10AssertionBuilder, org.apache.cxf.ws.rm.policy.RM12AssertionBuilder, org.apache.cxf.ws.rm.policy.WSRMP12PolicyLoader, org.apache.cxf.ws.rm.policy.MC11PolicyLoader, org.apache.cxf.ws.rm.policy.RSPPolicyLoader]
out 07, 2018 5:44:11 PM org.apache.cxf.bus.blueprint.NamespaceHandlerRegisterer register
INFO: Registered blueprint namespace handler for http://cxf.apache.org/ws/rm/manager
out 07, 2018 5:44:11 PM org.apache.cxf.bus.blueprint.NamespaceHandlerRegisterer register
INFO: Registered blueprint namespace handler for http://schemas.xmlsoap.org/ws/2005/02/rm/policy
out 07, 2018 5:44:11 PM org.apache.cxf.bus.osgi.CXFExtensionBundleListener addExtensions
INFO: Adding the extensions from bundle org.apache.cxf.cxf-rt-javascript (225) [org.apache.cxf.javascript.JavascriptServerListener]
out 07, 2018 5:44:12 PM org.pentaho.caching.impl.PentahoCacheManagerFactory$RegistrationHandler$1 onSuccess
INFO: New Caching Service registered
2018/10/07 17:44:14 - job_carga_caged - Start of job execution
2018/10/07 17:44:14 - job_carga_caged - Starting entry [ktr_carga_caged]
2018/10/07 17:44:14 - ktr_carga_caged - Loading transformation from XML file [/home/unb/MTB/ETL/ods/mtb/caged_dw/ktr_carga_caged.ktr]
out 07, 2018 5:44:14 PM org.apache.cxf.endpoint.ServerImpl initDestination
INFO: Setting the server's publish address to be /marketplace
2018/10/07 17:44:14 - ktr_carga_caged - Using run configuration [Pentaho local]
2018/10/07 17:44:14 - ktr_carga_caged - Using legacy execution engine
2018/10/07 17:44:14 - ktr_carga_caged - Dispatching started for transformation [ktr_carga_caged]
out 07, 2018 5:44:14 PM org.apache.cxf.endpoint.ServerImpl initDestination
INFO: Setting the server's publish address to be /lineage
2018/10/07 17:44:14 - Carrega tabela.0 - Connected to database [comexao_ods] (commit=100000000)
out 07, 2018 5:44:14 PM org.apache.cxf.endpoint.ServerImpl initDestination
INFO: Setting the server's publish address to be /i18n
2018/10/07 17:44:14 - Le Arquivo.0 - Header row skipped in file '/mnt/unb/bases_mte/CAGED/CAGED_TRABALHADOR_AJUSTADO_122017.txt'
SLF4J: Class path contains multiple SLF4J bindings.
SLF4J: Found binding in [jar:file:/opt/data-integration/launcher/../lib/slf4j-log4j12-1.7.7.jar!/org/slf4j/impl/StaticLoggerBinder.class]
SLF4J: Found binding in [jar:file:/opt/data-integration/plugins/pentaho-big-data-plugin/lib/slf4j-log4j12-1.7.7.jar!/org/slf4j/impl/StaticLoggerBinder.class]
SLF4J: See http://www.slf4j.org/codes.html#multiple_bindings for an explanation.
SLF4J: Actual binding is of type [org.slf4j.impl.Log4jLoggerFactory]
2018/10/07 17:44:15 - Le Arquivo.0 - Line number : 50000
2018/10/07 17:44:16 - Separa Ano e Mes.0 - Linenr 50000
2018/10/07 17:44:23 - Le Arquivo.0 - Line number : 100000
2018/10/07 17:44:27 - Separa Ano e Mes.0 - Linenr 100000
2018/10/07 17:44:31 - Select values.0 - linenr 50000
2018/10/07 17:44:34 - Carrega tabela.0 - linenr 50000
2018/10/07 17:44:42 - Le Arquivo.0 - Line number : 150000
2018/10/07 17:44:46 - Separa Ano e Mes.0 - Linenr 150000
2018/10/07 17:44:50 - Select values.0 - linenr 100000
2018/10/07 17:44:54 - Carrega tabela.0 - linenr 100000
2018/10/07 17:45:02 - Le Arquivo.0 - Line number : 200000
2018/10/07 17:45:06 - Separa Ano e Mes.0 - Linenr 200000
2018/10/07 17:45:09 - Select values.0 - linenr 150000
2018/10/07 17:45:13 - Carrega tabela.0 - linenr 150000
2018/10/07 17:45:21 - Le Arquivo.0 - Line number : 250000
2018/10/07 17:45:25 - Separa Ano e Mes.0 - Linenr 250000
2018/10/07 17:45:29 - Select values.0 - linenr 200000
2018/10/07 17:45:33 - Carrega tabela.0 - linenr 200000
2018/10/07 17:45:41 - Le Arquivo.0 - Line number : 300000
2018/10/07 17:45:45 - Separa Ano e Mes.0 - Linenr 300000
2018/10/07 17:45:49 - Select values.0 - linenr 250000
2018/10/07 17:45:53 - Carrega tabela.0 - linenr 250000
2018/10/07 17:46:01 - Le Arquivo.0 - Line number : 350000
2018/10/07 17:46:04 - Separa Ano e Mes.0 - Linenr 350000
2018/10/07 17:46:08 - Select values.0 - linenr 300000
2018/10/07 17:46:12 - Carrega tabela.0 - linenr 300000
2018/10/07 17:46:20 - Le Arquivo.0 - Line number : 400000
2018/10/07 17:46:24 - Separa Ano e Mes.0 - Linenr 400000
2018/10/07 17:46:27 - Select values.0 - linenr 350000
2018/10/07 17:46:31 - Carrega tabela.0 - linenr 350000
2018/10/07 17:46:40 - Le Arquivo.0 - Line number : 450000
2018/10/07 17:46:43 - Separa Ano e Mes.0 - Linenr 450000
2018/10/07 17:46:47 - Select values.0 - linenr 400000
2018/10/07 17:46:51 - Carrega tabela.0 - linenr 400000
2018/10/07 17:46:59 - Le Arquivo.0 - Line number : 500000
2018/10/07 17:47:03 - Separa Ano e Mes.0 - Linenr 500000
2018/10/07 17:47:07 - Select values.0 - linenr 450000
2018/10/07 17:47:10 - Carrega tabela.0 - linenr 450000
2018/10/07 17:47:18 - Le Arquivo.0 - Line number : 550000
2018/10/07 17:47:22 - Separa Ano e Mes.0 - Linenr 550000
2018/10/07 17:47:26 - Select values.0 - linenr 500000
2018/10/07 17:47:30 - Carrega tabela.0 - linenr 500000
2018/10/07 17:47:38 - Le Arquivo.0 - Line number : 600000
2018/10/07 17:47:42 - Separa Ano e Mes.0 - Linenr 600000
2018/10/07 17:47:45 - Select values.0 - linenr 550000
2018/10/07 17:47:49 - Carrega tabela.0 - linenr 550000
2018/10/07 17:47:57 - Le Arquivo.0 - Line number : 650000
2018/10/07 17:48:01 - Separa Ano e Mes.0 - Linenr 650000
2018/10/07 17:48:05 - Select values.0 - linenr 600000
2018/10/07 17:48:09 - Carrega tabela.0 - linenr 600000
2018/10/07 17:48:17 - Le Arquivo.0 - Line number : 700000
2018/10/07 17:48:21 - Separa Ano e Mes.0 - Linenr 700000
2018/10/07 17:48:24 - Select values.0 - linenr 650000
2018/10/07 17:48:28 - Carrega tabela.0 - linenr 650000
2018/10/07 17:48:37 - Le Arquivo.0 - Line number : 750000
2018/10/07 17:48:40 - Separa Ano e Mes.0 - Linenr 750000
2018/10/07 17:48:44 - Select values.0 - linenr 700000
2018/10/07 17:48:48 - Carrega tabela.0 - linenr 700000
2018/10/07 17:48:56 - Le Arquivo.0 - Line number : 800000
2018/10/07 17:49:00 - Separa Ano e Mes.0 - Linenr 800000
2018/10/07 17:49:03 - Select values.0 - linenr 750000
2018/10/07 17:49:07 - Carrega tabela.0 - linenr 750000
2018/10/07 17:49:15 - Le Arquivo.0 - Line number : 850000
2018/10/07 17:49:19 - Separa Ano e Mes.0 - Linenr 850000
2018/10/07 17:49:23 - Select values.0 - linenr 800000
2018/10/07 17:49:27 - Carrega tabela.0 - linenr 800000
2018/10/07 17:49:35 - Le Arquivo.0 - Line number : 900000
2018/10/07 17:49:39 - Separa Ano e Mes.0 - Linenr 900000
2018/10/07 17:49:43 - Select values.0 - linenr 850000
2018/10/07 17:49:46 - Carrega tabela.0 - linenr 850000
2018/10/07 17:49:55 - Le Arquivo.0 - Line number : 950000
2018/10/07 17:49:59 - Separa Ano e Mes.0 - Linenr 950000
2018/10/07 17:50:02 - Select values.0 - linenr 900000
2018/10/07 17:50:06 - Carrega tabela.0 - linenr 900000
2018/10/07 17:50:14 - Le Arquivo.0 - Line number : 1000000
2018/10/07 17:50:18 - Separa Ano e Mes.0 - Linenr 1000000
2018/10/07 17:50:22 - Select values.0 - linenr 950000
2018/10/07 17:50:26 - Carrega tabela.0 - linenr 950000
2018/10/07 17:50:34 - Le Arquivo.0 - Line number : 1050000
2018/10/07 17:50:38 - Separa Ano e Mes.0 - Linenr 1050000
2018/10/07 17:50:41 - Select values.0 - linenr 1000000
2018/10/07 17:50:45 - Carrega tabela.0 - linenr 1000000
2018/10/07 17:50:53 - Le Arquivo.0 - Line number : 1100000
2018/10/07 17:50:57 - Separa Ano e Mes.0 - Linenr 1100000
2018/10/07 17:51:00 - Select values.0 - linenr 1050000
2018/10/07 17:51:04 - Carrega tabela.0 - linenr 1050000
2018/10/07 17:51:12 - Le Arquivo.0 - Line number : 1150000
2018/10/07 17:51:16 - Separa Ano e Mes.0 - Linenr 1150000
2018/10/07 17:51:20 - Select values.0 - linenr 1100000
2018/10/07 17:51:24 - Carrega tabela.0 - linenr 1100000
2018/10/07 17:51:32 - Le Arquivo.0 - Line number : 1200000
2018/10/07 17:51:36 - Separa Ano e Mes.0 - Linenr 1200000
2018/10/07 17:51:39 - Select values.0 - linenr 1150000
2018/10/07 17:51:43 - Carrega tabela.0 - linenr 1150000
2018/10/07 17:51:51 - Le Arquivo.0 - Line number : 1250000
2018/10/07 17:51:55 - Separa Ano e Mes.0 - Linenr 1250000
2018/10/07 17:51:59 - Select values.0 - linenr 1200000
2018/10/07 17:52:03 - Carrega tabela.0 - linenr 1200000
2018/10/07 17:52:10 - Le Arquivo.0 - Line number : 1300000
2018/10/07 17:52:14 - Separa Ano e Mes.0 - Linenr 1300000
2018/10/07 17:52:18 - Select values.0 - linenr 1250000
2018/10/07 17:52:22 - Carrega tabela.0 - linenr 1250000
2018/10/07 17:52:30 - Le Arquivo.0 - Line number : 1350000
2018/10/07 17:52:34 - Separa Ano e Mes.0 - Linenr 1350000
2018/10/07 17:52:37 - Select values.0 - linenr 1300000
2018/10/07 17:52:41 - Carrega tabela.0 - linenr 1300000
2018/10/07 17:52:49 - Le Arquivo.0 - Line number : 1400000
2018/10/07 17:52:53 - Separa Ano e Mes.0 - Linenr 1400000
2018/10/07 17:52:57 - Select values.0 - linenr 1350000
2018/10/07 17:53:01 - Carrega tabela.0 - linenr 1350000
2018/10/07 17:53:09 - Le Arquivo.0 - Line number : 1450000
2018/10/07 17:53:13 - Separa Ano e Mes.0 - Linenr 1450000
2018/10/07 17:53:17 - Select values.0 - linenr 1400000
2018/10/07 17:53:20 - Carrega tabela.0 - linenr 1400000
2018/10/07 17:53:28 - Le Arquivo.0 - Line number : 1500000
2018/10/07 17:53:32 - Separa Ano e Mes.0 - Linenr 1500000
2018/10/07 17:53:36 - Select values.0 - linenr 1450000
2018/10/07 17:53:40 - Carrega tabela.0 - linenr 1450000
2018/10/07 17:53:48 - Le Arquivo.0 - Line number : 1550000
2018/10/07 17:53:52 - Separa Ano e Mes.0 - Linenr 1550000
2018/10/07 17:53:55 - Select values.0 - linenr 1500000
2018/10/07 17:53:59 - Carrega tabela.0 - linenr 1500000
2018/10/07 17:54:07 - Le Arquivo.0 - Line number : 1600000
2018/10/07 17:54:11 - Separa Ano e Mes.0 - Linenr 1600000
2018/10/07 17:54:15 - Select values.0 - linenr 1550000
2018/10/07 17:54:19 - Carrega tabela.0 - linenr 1550000
2018/10/07 17:54:27 - Le Arquivo.0 - Line number : 1650000
2018/10/07 17:54:31 - Separa Ano e Mes.0 - Linenr 1650000
2018/10/07 17:54:34 - Select values.0 - linenr 1600000
2018/10/07 17:54:38 - Carrega tabela.0 - linenr 1600000
2018/10/07 17:54:46 - Le Arquivo.0 - Line number : 1700000
2018/10/07 17:54:50 - Separa Ano e Mes.0 - Linenr 1700000
2018/10/07 17:54:54 - Select values.0 - linenr 1650000
2018/10/07 17:54:58 - Carrega tabela.0 - linenr 1650000
2018/10/07 17:55:06 - Le Arquivo.0 - Line number : 1750000
2018/10/07 17:55:10 - Separa Ano e Mes.0 - Linenr 1750000
2018/10/07 17:55:14 - Select values.0 - linenr 1700000
2018/10/07 17:55:18 - Carrega tabela.0 - linenr 1700000
2018/10/07 17:55:26 - Le Arquivo.0 - Line number : 1800000
2018/10/07 17:55:30 - Separa Ano e Mes.0 - Linenr 1800000
2018/10/07 17:55:33 - Select values.0 - linenr 1750000
2018/10/07 17:55:37 - Carrega tabela.0 - linenr 1750000
2018/10/07 17:55:45 - Le Arquivo.0 - Line number : 1850000
2018/10/07 17:55:49 - Separa Ano e Mes.0 - Linenr 1850000
2018/10/07 17:55:53 - Select values.0 - linenr 1800000
2018/10/07 17:55:56 - Carrega tabela.0 - linenr 1800000
2018/10/07 17:56:05 - Le Arquivo.0 - Line number : 1900000
2018/10/07 17:56:09 - Separa Ano e Mes.0 - Linenr 1900000
2018/10/07 17:56:12 - Select values.0 - linenr 1850000
2018/10/07 17:56:16 - Carrega tabela.0 - linenr 1850000
2018/10/07 17:56:24 - Le Arquivo.0 - Line number : 1950000
2018/10/07 17:56:28 - Separa Ano e Mes.0 - Linenr 1950000
2018/10/07 17:56:32 - Select values.0 - linenr 1900000
2018/10/07 17:56:36 - Carrega tabela.0 - linenr 1900000
2018/10/07 17:56:44 - Le Arquivo.0 - Line number : 2000000
2018/10/07 17:56:48 - Separa Ano e Mes.0 - Linenr 2000000
2018/10/07 17:56:51 - Select values.0 - linenr 1950000
2018/10/07 17:56:55 - Carrega tabela.0 - linenr 1950000
2018/10/07 17:57:03 - Le Arquivo.0 - Line number : 2050000
2018/10/07 17:57:07 - Separa Ano e Mes.0 - Linenr 2050000
2018/10/07 17:57:11 - Select values.0 - linenr 2000000
2018/10/07 17:57:15 - Carrega tabela.0 - linenr 2000000
2018/10/07 17:57:23 - Le Arquivo.0 - Line number : 2100000
2018/10/07 17:57:27 - Separa Ano e Mes.0 - Linenr 2100000
2018/10/07 17:57:30 - Select values.0 - linenr 2050000
2018/10/07 17:57:34 - Carrega tabela.0 - linenr 2050000
2018/10/07 17:57:43 - Le Arquivo.0 - Line number : 2150000
2018/10/07 17:57:46 - Separa Ano e Mes.0 - Linenr 2150000
2018/10/07 17:57:50 - Select values.0 - linenr 2100000
2018/10/07 17:57:54 - Carrega tabela.0 - linenr 2100000
2018/10/07 17:58:02 - Le Arquivo.0 - Line number : 2200000
2018/10/07 17:58:06 - Separa Ano e Mes.0 - Linenr 2200000
2018/10/07 17:58:09 - Select values.0 - linenr 2150000
2018/10/07 17:58:13 - Carrega tabela.0 - linenr 2150000
2018/10/07 17:58:21 - Le Arquivo.0 - Line number : 2250000
2018/10/07 17:58:25 - Separa Ano e Mes.0 - Linenr 2250000
2018/10/07 17:58:29 - Select values.0 - linenr 2200000
2018/10/07 17:58:33 - Carrega tabela.0 - linenr 2200000
2018/10/07 17:58:40 - Le Arquivo.0 - Line number : 2300000
2018/10/07 17:58:44 - Separa Ano e Mes.0 - Linenr 2300000
2018/10/07 17:58:48 - Select values.0 - linenr 2250000
2018/10/07 17:58:52 - Carrega tabela.0 - linenr 2250000
2018/10/07 17:59:00 - Le Arquivo.0 - Line number : 2350000
2018/10/07 17:59:04 - Separa Ano e Mes.0 - Linenr 2350000
2018/10/07 17:59:07 - Select values.0 - linenr 2300000
2018/10/07 17:59:11 - Carrega tabela.0 - linenr 2300000
2018/10/07 17:59:19 - Le Arquivo.0 - Line number : 2400000
2018/10/07 17:59:23 - Separa Ano e Mes.0 - Linenr 2400000
2018/10/07 17:59:27 - Select values.0 - linenr 2350000
2018/10/07 17:59:31 - Carrega tabela.0 - linenr 2350000
2018/10/07 17:59:39 - Le Arquivo.0 - Line number : 2450000
2018/10/07 17:59:43 - Separa Ano e Mes.0 - Linenr 2450000
2018/10/07 17:59:46 - Select values.0 - linenr 2400000
2018/10/07 17:59:50 - Carrega tabela.0 - linenr 2400000
2018/10/07 17:59:58 - Le Arquivo.0 - Line number : 2500000
2018/10/07 18:00:02 - Separa Ano e Mes.0 - Linenr 2500000
2018/10/07 18:00:06 - Select values.0 - linenr 2450000
2018/10/07 18:00:10 - Carrega tabela.0 - linenr 2450000
2018/10/07 18:00:18 - Le Arquivo.0 - Line number : 2550000
2018/10/07 18:00:22 - Separa Ano e Mes.0 - Linenr 2550000
2018/10/07 18:00:25 - Select values.0 - linenr 2500000
2018/10/07 18:00:29 - Carrega tabela.0 - linenr 2500000
2018/10/07 18:00:37 - Le Arquivo.0 - Line number : 2600000
2018/10/07 18:00:41 - Separa Ano e Mes.0 - Linenr 2600000
2018/10/07 18:00:45 - Select values.0 - linenr 2550000
2018/10/07 18:00:49 - Carrega tabela.0 - linenr 2550000
2018/10/07 18:00:57 - Le Arquivo.0 - Line number : 2650000
2018/10/07 18:01:00 - Separa Ano e Mes.0 - Linenr 2650000
2018/10/07 18:01:04 - Select values.0 - linenr 2600000
2018/10/07 18:01:08 - Carrega tabela.0 - linenr 2600000
2018/10/07 18:01:16 - Le Arquivo.0 - Line number : 2700000
2018/10/07 18:01:20 - Separa Ano e Mes.0 - Linenr 2700000
2018/10/07 18:01:23 - Select values.0 - linenr 2650000
2018/10/07 18:01:27 - Carrega tabela.0 - linenr 2650000
2018/10/07 18:01:35 - Le Arquivo.0 - Line number : 2750000
2018/10/07 18:01:39 - Separa Ano e Mes.0 - Linenr 2750000
2018/10/07 18:01:42 - Select values.0 - linenr 2700000
2018/10/07 18:01:46 - Carrega tabela.0 - linenr 2700000
2018/10/07 18:01:54 - Le Arquivo.0 - Line number : 2800000
2018/10/07 18:01:58 - Separa Ano e Mes.0 - Linenr 2800000
2018/10/07 18:02:02 - Select values.0 - linenr 2750000
2018/10/07 18:02:06 - Carrega tabela.0 - linenr 2750000
2018/10/07 18:02:14 - Le Arquivo.0 - Line number : 2850000
2018/10/07 18:02:18 - Separa Ano e Mes.0 - Linenr 2850000
2018/10/07 18:02:22 - Select values.0 - linenr 2800000
2018/10/07 18:02:25 - Carrega tabela.0 - linenr 2800000
2018/10/07 18:02:34 - Le Arquivo.0 - Line number : 2900000
2018/10/07 18:02:37 - Separa Ano e Mes.0 - Linenr 2900000
2018/10/07 18:02:41 - Select values.0 - linenr 2850000
2018/10/07 18:02:45 - Carrega tabela.0 - linenr 2850000
2018/10/07 18:02:53 - Le Arquivo.0 - Line number : 2950000
2018/10/07 18:02:57 - Separa Ano e Mes.0 - Linenr 2950000
2018/10/07 18:03:00 - Select values.0 - linenr 2900000
2018/10/07 18:03:04 - Carrega tabela.0 - linenr 2900000
2018/10/07 18:03:12 - Le Arquivo.0 - Line number : 3000000
2018/10/07 18:03:16 - Separa Ano e Mes.0 - Linenr 3000000
2018/10/07 18:03:19 - Select values.0 - linenr 2950000
2018/10/07 18:03:23 - Carrega tabela.0 - linenr 2950000
2018/10/07 18:03:31 - Le Arquivo.0 - Line number : 3050000
2018/10/07 18:03:35 - Separa Ano e Mes.0 - Linenr 3050000
2018/10/07 18:03:39 - Select values.0 - linenr 3000000
2018/10/07 18:03:43 - Carrega tabela.0 - linenr 3000000
2018/10/07 18:03:51 - Le Arquivo.0 - Line number : 3100000
2018/10/07 18:03:55 - Separa Ano e Mes.0 - Linenr 3100000
2018/10/07 18:03:58 - Select values.0 - linenr 3050000
2018/10/07 18:04:02 - Carrega tabela.0 - linenr 3050000
2018/10/07 18:04:10 - Le Arquivo.0 - Line number : 3150000
2018/10/07 18:04:14 - Separa Ano e Mes.0 - Linenr 3150000
2018/10/07 18:04:18 - Select values.0 - linenr 3100000
2018/10/07 18:04:21 - Carrega tabela.0 - linenr 3100000
2018/10/07 18:04:29 - Le Arquivo.0 - Line number : 3200000
2018/10/07 18:04:33 - Separa Ano e Mes.0 - Linenr 3200000
2018/10/07 18:04:37 - Select values.0 - linenr 3150000
2018/10/07 18:04:41 - Carrega tabela.0 - linenr 3150000
2018/10/07 18:04:49 - Le Arquivo.0 - Line number : 3250000
2018/10/07 18:04:53 - Separa Ano e Mes.0 - Linenr 3250000
2018/10/07 18:04:56 - Select values.0 - linenr 3200000
2018/10/07 18:05:00 - Carrega tabela.0 - linenr 3200000
2018/10/07 18:05:08 - Le Arquivo.0 - Line number : 3300000
2018/10/07 18:05:12 - Separa Ano e Mes.0 - Linenr 3300000
2018/10/07 18:05:15 - Select values.0 - linenr 3250000
2018/10/07 18:05:19 - Carrega tabela.0 - linenr 3250000
2018/10/07 18:05:27 - Le Arquivo.0 - Line number : 3350000
2018/10/07 18:05:31 - Separa Ano e Mes.0 - Linenr 3350000
2018/10/07 18:05:35 - Select values.0 - linenr 3300000
2018/10/07 18:05:39 - Carrega tabela.0 - linenr 3300000
2018/10/07 18:05:47 - Le Arquivo.0 - Line number : 3400000
2018/10/07 18:05:51 - Separa Ano e Mes.0 - Linenr 3400000
2018/10/07 18:05:55 - Select values.0 - linenr 3350000
2018/10/07 18:05:58 - Carrega tabela.0 - linenr 3350000
2018/10/07 18:06:06 - Le Arquivo.0 - Line number : 3450000
2018/10/07 18:06:10 - Separa Ano e Mes.0 - Linenr 3450000
2018/10/07 18:06:14 - Select values.0 - linenr 3400000
2018/10/07 18:06:18 - Carrega tabela.0 - linenr 3400000
2018/10/07 18:06:26 - Le Arquivo.0 - Line number : 3500000
2018/10/07 18:06:30 - Separa Ano e Mes.0 - Linenr 3500000
2018/10/07 18:06:33 - Select values.0 - linenr 3450000
2018/10/07 18:06:37 - Carrega tabela.0 - linenr 3450000
2018/10/07 18:06:45 - Le Arquivo.0 - Line number : 3550000
2018/10/07 18:06:49 - Separa Ano e Mes.0 - Linenr 3550000
2018/10/07 18:06:53 - Select values.0 - linenr 3500000
2018/10/07 18:06:56 - Carrega tabela.0 - linenr 3500000
2018/10/07 18:07:04 - Le Arquivo.0 - Line number : 3600000
2018/10/07 18:07:08 - Separa Ano e Mes.0 - Linenr 3600000
2018/10/07 18:07:12 - Select values.0 - linenr 3550000
2018/10/07 18:07:16 - Carrega tabela.0 - linenr 3550000
2018/10/07 18:07:24 - Le Arquivo.0 - Line number : 3650000
2018/10/07 18:07:28 - Separa Ano e Mes.0 - Linenr 3650000
2018/10/07 18:07:31 - Select values.0 - linenr 3600000
2018/10/07 18:07:35 - Carrega tabela.0 - linenr 3600000
2018/10/07 18:07:43 - Le Arquivo.0 - Line number : 3700000
2018/10/07 18:07:47 - Separa Ano e Mes.0 - Linenr 3700000
2018/10/07 18:07:50 - Select values.0 - linenr 3650000
2018/10/07 18:07:54 - Carrega tabela.0 - linenr 3650000
2018/10/07 18:08:02 - Le Arquivo.0 - Line number : 3750000
2018/10/07 18:08:06 - Separa Ano e Mes.0 - Linenr 3750000
2018/10/07 18:08:10 - Select values.0 - linenr 3700000
2018/10/07 18:08:14 - Carrega tabela.0 - linenr 3700000
2018/10/07 18:08:22 - Le Arquivo.0 - Line number : 3800000
2018/10/07 18:08:26 - Separa Ano e Mes.0 - Linenr 3800000
2018/10/07 18:08:29 - Select values.0 - linenr 3750000
2018/10/07 18:08:33 - Carrega tabela.0 - linenr 3750000
2018/10/07 18:08:41 - Le Arquivo.0 - Line number : 3850000
2018/10/07 18:08:45 - Separa Ano e Mes.0 - Linenr 3850000
2018/10/07 18:08:48 - Select values.0 - linenr 3800000
2018/10/07 18:08:52 - Carrega tabela.0 - linenr 3800000
2018/10/07 18:09:00 - Le Arquivo.0 - Line number : 3900000
2018/10/07 18:09:04 - Separa Ano e Mes.0 - Linenr 3900000
2018/10/07 18:09:08 - Select values.0 - linenr 3850000
2018/10/07 18:09:12 - Carrega tabela.0 - linenr 3850000
2018/10/07 18:09:19 - Le Arquivo.0 - Line number : 3950000
2018/10/07 18:09:23 - Separa Ano e Mes.0 - Linenr 3950000
2018/10/07 18:09:27 - Select values.0 - linenr 3900000
2018/10/07 18:09:31 - Carrega tabela.0 - linenr 3900000
2018/10/07 18:09:39 - Le Arquivo.0 - Line number : 4000000
2018/10/07 18:09:42 - Separa Ano e Mes.0 - Linenr 4000000
2018/10/07 18:09:46 - Select values.0 - linenr 3950000
2018/10/07 18:09:50 - Carrega tabela.0 - linenr 3950000
2018/10/07 18:09:58 - Le Arquivo.0 - Line number : 4050000
2018/10/07 18:10:02 - Separa Ano e Mes.0 - Linenr 4050000
2018/10/07 18:10:05 - Select values.0 - linenr 4000000
2018/10/07 18:10:09 - Carrega tabela.0 - linenr 4000000
2018/10/07 18:10:17 - Le Arquivo.0 - Line number : 4100000
2018/10/07 18:10:21 - Separa Ano e Mes.0 - Linenr 4100000
2018/10/07 18:10:25 - Select values.0 - linenr 4050000
2018/10/07 18:10:29 - Carrega tabela.0 - linenr 4050000
2018/10/07 18:10:37 - Le Arquivo.0 - Line number : 4150000
2018/10/07 18:10:41 - Separa Ano e Mes.0 - Linenr 4150000
2018/10/07 18:10:44 - Select values.0 - linenr 4100000
2018/10/07 18:10:48 - Carrega tabela.0 - linenr 4100000
2018/10/07 18:10:56 - Le Arquivo.0 - Line number : 4200000
2018/10/07 18:11:00 - Separa Ano e Mes.0 - Linenr 4200000
2018/10/07 18:11:04 - Select values.0 - linenr 4150000
2018/10/07 18:11:08 - Carrega tabela.0 - linenr 4150000
2018/10/07 18:11:16 - Le Arquivo.0 - Line number : 4250000
2018/10/07 18:11:19 - Separa Ano e Mes.0 - Linenr 4250000
2018/10/07 18:11:23 - Select values.0 - linenr 4200000
2018/10/07 18:11:27 - Carrega tabela.0 - linenr 4200000
2018/10/07 18:11:35 - Le Arquivo.0 - Line number : 4300000
2018/10/07 18:11:39 - Separa Ano e Mes.0 - Linenr 4300000
2018/10/07 18:11:42 - Select values.0 - linenr 4250000
2018/10/07 18:11:46 - Carrega tabela.0 - linenr 4250000
2018/10/07 18:11:54 - Le Arquivo.0 - Line number : 4350000
2018/10/07 18:11:58 - Separa Ano e Mes.0 - Linenr 4350000
2018/10/07 18:12:02 - Select values.0 - linenr 4300000
2018/10/07 18:12:06 - Carrega tabela.0 - linenr 4300000
2018/10/07 18:12:14 - Le Arquivo.0 - Line number : 4400000
2018/10/07 18:12:18 - Separa Ano e Mes.0 - Linenr 4400000
2018/10/07 18:12:21 - Select values.0 - linenr 4350000
2018/10/07 18:12:25 - Carrega tabela.0 - linenr 4350000
2018/10/07 18:12:33 - Le Arquivo.0 - Line number : 4450000
2018/10/07 18:12:37 - Separa Ano e Mes.0 - Linenr 4450000
2018/10/07 18:12:41 - Select values.0 - linenr 4400000
2018/10/07 18:12:45 - Carrega tabela.0 - linenr 4400000
2018/10/07 18:12:53 - Le Arquivo.0 - Line number : 4500000
2018/10/07 18:12:57 - Separa Ano e Mes.0 - Linenr 4500000
2018/10/07 18:13:00 - Select values.0 - linenr 4450000
2018/10/07 18:13:04 - Carrega tabela.0 - linenr 4450000
2018/10/07 18:13:12 - Le Arquivo.0 - Line number : 4550000
2018/10/07 18:13:16 - Separa Ano e Mes.0 - Linenr 4550000
2018/10/07 18:13:20 - Select values.0 - linenr 4500000
2018/10/07 18:13:23 - Carrega tabela.0 - linenr 4500000
2018/10/07 18:13:32 - Le Arquivo.0 - Line number : 4600000
2018/10/07 18:13:35 - Separa Ano e Mes.0 - Linenr 4600000
2018/10/07 18:13:39 - Select values.0 - linenr 4550000
2018/10/07 18:13:43 - Carrega tabela.0 - linenr 4550000
2018/10/07 18:13:51 - Le Arquivo.0 - Line number : 4650000
2018/10/07 18:13:55 - Separa Ano e Mes.0 - Linenr 4650000
2018/10/07 18:13:59 - Select values.0 - linenr 4600000
2018/10/07 18:14:02 - Carrega tabela.0 - linenr 4600000
2018/10/07 18:14:10 - Le Arquivo.0 - Line number : 4700000
2018/10/07 18:14:14 - Separa Ano e Mes.0 - Linenr 4700000
2018/10/07 18:14:18 - Select values.0 - linenr 4650000
2018/10/07 18:14:22 - Carrega tabela.0 - linenr 4650000
2018/10/07 18:14:29 - Le Arquivo.0 - Line number : 4750000
2018/10/07 18:14:33 - Separa Ano e Mes.0 - Linenr 4750000
2018/10/07 18:14:37 - Select values.0 - linenr 4700000
2018/10/07 18:14:41 - Carrega tabela.0 - linenr 4700000
2018/10/07 18:14:49 - Le Arquivo.0 - Line number : 4800000
2018/10/07 18:14:53 - Separa Ano e Mes.0 - Linenr 4800000
2018/10/07 18:14:56 - Select values.0 - linenr 4750000
2018/10/07 18:15:00 - Carrega tabela.0 - linenr 4750000
2018/10/07 18:15:08 - Le Arquivo.0 - Line number : 4850000
2018/10/07 18:15:08 - Le Arquivo.0 - Finished processing (I=4850118, O=0, R=0, W=4850117, U=0, E=0)
2018/10/07 18:15:12 - Separa Ano e Mes.0 - Linenr 4850000
2018/10/07 18:15:12 - Separa Ano e Mes.0 - Finished processing (I=0, O=0, R=4850117, W=4850117, U=0, E=0)
2018/10/07 18:15:16 - Select values.0 - linenr 4800000
2018/10/07 18:15:16 - Corrige sal_mensal_declarado.0 - Finished processing (I=0, O=0, R=4850117, W=4850117, U=0, E=0)
2018/10/07 18:15:20 - Carrega tabela.0 - linenr 4800000
2018/10/07 18:15:20 - Corrige CBO.0 - Finished processing (I=0, O=0, R=4850117, W=4850117, U=0, E=0)
2018/10/07 18:15:24 - corige_dia_mov.0 - Finished processing (I=0, O=0, R=4850117, W=4850117, U=0, E=0)
2018/10/07 18:15:28 - Corrige CNAE1.0 - Finished processing (I=0, O=0, R=4850117, W=4850117, U=0, E=0)
2018/10/07 18:15:32 - Corrige grau instrucao.0 - Finished processing (I=0, O=0, R=4850117, W=4850117, U=0, E=0)
2018/10/07 18:15:35 - Select values.0 - linenr 4850000
2018/10/07 18:15:35 - Select values.0 - Finished processing (I=0, O=0, R=4850117, W=4850117, U=0, E=0)
2018/10/07 18:15:39 - Carrega tabela.0 - linenr 4850000
2018/10/07 18:15:39 - Carrega tabela.0 - Finished processing (I=0, O=4850117, R=4850117, W=4850117, U=0, E=0)
2018/10/07 18:15:39 - job_carga_caged - Starting entry [Success]
2018/10/07 18:15:39 - job_carga_caged - Finished job entry [Success] (result=[true])
2018/10/07 18:15:39 - job_carga_caged - Finished job entry [ktr_carga_caged] (result=[true])
2018/10/07 18:15:39 - job_carga_caged - Job execution finished
2018/10/07 18:15:39 - Kitchen - Finished!
2018/10/07 18:15:39 - Kitchen - Start=2018/10/07 17:44:08.542, Stop=2018/10/07 18:15:39.655
2018/10/07 18:15:39 - Kitchen - Processing ended after 31 minutes and 31 seconds (1891 seconds total).
