#######################################################################
WARNING:  no libwebkitgtk-1.0 detected, some features will be unavailable
    Consider installing the package with apt-get or yum.
    e.g. 'sudo apt-get install libwebkitgtk-1.0-0'
#######################################################################
OpenJDK 64-Bit Server VM warning: ignoring option MaxPermSize=4G; support was removed in 8.0
23:35:56,911 INFO  [KarafBoot] Checking to see if org.pentaho.clean.karaf.cache is enabled
23:35:57,010 INFO  [KarafInstance] 
*******************************************************************************
*** Karaf Instance Number: 2 at /opt/data-integration/./system/karaf/caches ***
***   /kitchen/data-1                                                       ***
*** FastBin Provider Port:52902                                             ***
*** Karaf Port:8803                                                         ***
*** OSGI Service Port:9052                                                  ***
*******************************************************************************
out 06, 2018 11:35:57 PM org.apache.karaf.main.Main$KarafLockCallback lockAquired
INFO: Lock acquired. Setting startlevel to 100
2018/10/06 23:35:57 - Kitchen - Start of run.
2018-10-06 23:36:00.325:INFO:oejs.Server:jetty-8.1.15.v20140411
2018-10-06 23:36:00.355:INFO:oejs.AbstractConnector:Started NIOSocketConnectorWrapper@0.0.0.0:9052
out 06, 2018 11:36:00 PM org.apache.cxf.bus.blueprint.NamespaceHandlerRegisterer register
INFO: Registered blueprint namespace handler for http://cxf.apache.org/blueprint/core
out 06, 2018 11:36:00 PM org.apache.cxf.bus.blueprint.NamespaceHandlerRegisterer register
INFO: Registered blueprint namespace handler for http://cxf.apache.org/configuration/beans
out 06, 2018 11:36:00 PM org.apache.cxf.bus.blueprint.NamespaceHandlerRegisterer register
INFO: Registered blueprint namespace handler for http://cxf.apache.org/configuration/parameterized-types
out 06, 2018 11:36:00 PM org.apache.cxf.bus.blueprint.NamespaceHandlerRegisterer register
INFO: Registered blueprint namespace handler for http://cxf.apache.org/configuration/security
out 06, 2018 11:36:00 PM org.apache.cxf.bus.blueprint.NamespaceHandlerRegisterer register
INFO: Registered blueprint namespace handler for http://schemas.xmlsoap.org/wsdl/
out 06, 2018 11:36:00 PM org.apache.cxf.bus.blueprint.NamespaceHandlerRegisterer register
INFO: Registered blueprint namespace handler for http://www.w3.org/2005/08/addressing
out 06, 2018 11:36:00 PM org.apache.cxf.bus.blueprint.NamespaceHandlerRegisterer register
INFO: Registered blueprint namespace handler for http://schemas.xmlsoap.org/ws/2004/08/addressing
out 06, 2018 11:36:00 PM org.apache.cxf.bus.osgi.CXFExtensionBundleListener addExtensions
INFO: Adding the extensions from bundle org.apache.cxf.cxf-rt-management (152) [org.apache.cxf.management.InstrumentationManager]
out 06, 2018 11:36:00 PM org.apache.cxf.bus.osgi.CXFExtensionBundleListener addExtensions
INFO: Adding the extensions from bundle org.apache.cxf.cxf-rt-transports-http (156) [org.apache.cxf.transport.http.HTTPTransportFactory, org.apache.cxf.transport.http.HTTPWSDLExtensionLoader, org.apache.cxf.transport.http.policy.HTTPClientAssertionBuilder, org.apache.cxf.transport.http.policy.HTTPServerAssertionBuilder, org.apache.cxf.transport.http.policy.NoOpPolicyInterceptorProvider]
out 06, 2018 11:36:00 PM org.apache.cxf.bus.osgi.CXFExtensionBundleListener addExtensions
INFO: Adding the extensions from bundle org.apache.cxf.cxf-rt-wsdl (189) [org.apache.cxf.wsdl.WSDLManager]
out 06, 2018 11:36:00 PM org.apache.cxf.bus.osgi.CXFExtensionBundleListener addExtensions
INFO: Adding the extensions from bundle org.apache.cxf.cxf-rt-ws-policy (203) [org.apache.cxf.ws.policy.PolicyEngine, org.apache.cxf.policy.PolicyDataEngine, org.apache.cxf.ws.policy.AssertionBuilderRegistry, org.apache.cxf.ws.policy.PolicyInterceptorProviderRegistry, org.apache.cxf.ws.policy.PolicyBuilder, org.apache.cxf.ws.policy.PolicyAnnotationListener, org.apache.cxf.ws.policy.attachment.ServiceModelPolicyProvider, org.apache.cxf.ws.policy.attachment.external.DomainExpressionBuilderRegistry, org.apache.cxf.ws.policy.attachment.external.EndpointReferenceDomainExpressionBuilder, org.apache.cxf.ws.policy.attachment.external.URIDomainExpressionBuilder, org.apache.cxf.ws.policy.attachment.wsdl11.Wsdl11AttachmentPolicyProvider, org.apache.cxf.ws.policy.mtom.MTOMAssertionBuilder, org.apache.cxf.ws.policy.mtom.MTOMPolicyInterceptorProvider]
out 06, 2018 11:36:00 PM org.apache.cxf.bus.blueprint.NamespaceHandlerRegisterer register
INFO: Registered blueprint namespace handler for http://cxf.apache.org/transports/http/configuration
out 06, 2018 11:36:01 PM org.apache.cxf.bus.osgi.CXFExtensionBundleListener addExtensions
INFO: Adding the extensions from bundle org.apache.cxf.cxf-rt-bindings-soap (192) [org.apache.cxf.binding.soap.SoapBindingFactory, org.apache.cxf.binding.soap.SoapTransportFactory]
out 06, 2018 11:36:01 PM org.apache.cxf.bus.blueprint.NamespaceHandlerRegisterer register
INFO: Registered blueprint namespace handler for http://cxf.apache.org/blueprint/jaxrs
out 06, 2018 11:36:01 PM org.apache.cxf.bus.blueprint.NamespaceHandlerRegisterer register
INFO: Registered blueprint namespace handler for http://cxf.apache.org/blueprint/jaxrs-client
out 06, 2018 11:36:01 PM org.apache.cxf.bus.osgi.CXFExtensionBundleListener addExtensions
INFO: Adding the extensions from bundle org.apache.cxf.cxf-rt-bindings-xml (191) [org.apache.cxf.binding.xml.XMLBindingFactory, org.apache.cxf.binding.xml.wsdl11.XMLWSDLExtensionLoader]
out 06, 2018 11:36:01 PM org.apache.cxf.bus.blueprint.NamespaceHandlerRegisterer register
INFO: Registered blueprint namespace handler for http://cxf.apache.org/blueprint/bindings/soap
out 06, 2018 11:36:01 PM org.apache.cxf.bus.blueprint.NamespaceHandlerRegisterer register
INFO: Registered blueprint namespace handler for http://cxf.apache.org/blueprint/simple
out 06, 2018 11:36:01 PM org.apache.cxf.bus.osgi.CXFExtensionBundleListener addExtensions
INFO: Adding the extensions from bundle org.apache.cxf.cxf-rt-frontend-jaxws (194) [org.apache.cxf.jaxws.context.WebServiceContextResourceResolver]
out 06, 2018 11:36:01 PM org.apache.cxf.bus.blueprint.NamespaceHandlerRegisterer register
INFO: Registered blueprint namespace handler for http://cxf.apache.org/blueprint/jaxws
out 06, 2018 11:36:01 PM org.apache.cxf.bus.blueprint.NamespaceHandlerRegisterer register
INFO: Registered blueprint namespace handler for http://cxf.apache.org/binding/coloc
out 06, 2018 11:36:01 PM org.apache.cxf.bus.osgi.CXFExtensionBundleListener addExtensions
INFO: Adding the extensions from bundle org.apache.cxf.cxf-rt-transports-local (199) [org.apache.cxf.transport.local.LocalTransportFactory]
out 06, 2018 11:36:01 PM org.apache.cxf.bus.osgi.CXFExtensionBundleListener addExtensions
INFO: Adding the extensions from bundle org.apache.cxf.cxf-rt-bindings-object (200) [org.apache.cxf.binding.object.ObjectBindingFactory]
out 06, 2018 11:36:01 PM org.apache.cxf.bus.blueprint.NamespaceHandlerRegisterer register
INFO: Registered blueprint namespace handler for http://cxf.apache.org/blueprint/binding/object
out 06, 2018 11:36:01 PM org.apache.cxf.bus.blueprint.NamespaceHandlerRegisterer register
INFO: Registered blueprint namespace handler for http://cxf.apache.org/policy
out 06, 2018 11:36:01 PM org.apache.cxf.bus.blueprint.NamespaceHandlerRegisterer register
INFO: Registered blueprint namespace handler for http://www.w3.org/ns/ws-policy
out 06, 2018 11:36:01 PM org.apache.cxf.bus.blueprint.NamespaceHandlerRegisterer register
INFO: Registered blueprint namespace handler for http://www.w3.org/2006/07/ws-policy
out 06, 2018 11:36:01 PM org.apache.cxf.bus.blueprint.NamespaceHandlerRegisterer register
INFO: Registered blueprint namespace handler for http://schemas.xmlsoap.org/ws/2004/09/policy
out 06, 2018 11:36:01 PM org.apache.cxf.bus.blueprint.NamespaceHandlerRegisterer register
INFO: Registered blueprint namespace handler for http://docs.oasis-open.org/wss/2004/01/oasis-200401-wss-wssecurity-secext-1.0.xsd
out 06, 2018 11:36:01 PM org.apache.cxf.bus.blueprint.NamespaceHandlerRegisterer register
INFO: Registered blueprint namespace handler for http://docs.oasis-open.org/wss/2004/01/oasis-200401-wss-wssecurity-utility-1.0.xsd
out 06, 2018 11:36:01 PM org.apache.cxf.bus.blueprint.NamespaceHandlerRegisterer register
INFO: Registered blueprint namespace handler for http://www.w3.org/2000/09/xmldsig#
out 06, 2018 11:36:01 PM org.apache.cxf.bus.blueprint.NamespaceHandlerRegisterer register
INFO: Registered blueprint namespace handler for http://docs.oasis-open.org/ws-sx/ws-securitypolicy/200702
out 06, 2018 11:36:01 PM org.apache.cxf.bus.osgi.CXFExtensionBundleListener addExtensions
INFO: Adding the extensions from bundle org.apache.cxf.cxf-rt-ws-addr (220) [org.apache.cxf.ws.addressing.policy.AddressingAssertionBuilder, org.apache.cxf.ws.addressing.policy.UsingAddressingAssertionBuilder, org.apache.cxf.ws.addressing.policy.AddressingPolicyInterceptorProvider, org.apache.cxf.ws.addressing.impl.AddressingWSDLExtensionLoader, org.apache.cxf.ws.addressing.WSAddressingFeature$WSAddressingFeatureApplier, org.apache.cxf.ws.addressing.MAPAggregator$MAPAggregatorLoader]
out 06, 2018 11:36:01 PM org.apache.cxf.bus.blueprint.NamespaceHandlerRegisterer register
INFO: Registered blueprint namespace handler for http://cxf.apache.org/ws/addressing
out 06, 2018 11:36:01 PM org.apache.cxf.bus.osgi.CXFExtensionBundleListener addExtensions
INFO: Adding the extensions from bundle org.apache.cxf.cxf-rt-ws-security (222) [org.apache.cxf.ws.security.policy.WSSecurityPolicyLoader, org.apache.cxf.ws.security.cache.CacheCleanupListener]
out 06, 2018 11:36:01 PM org.apache.cxf.bus.osgi.CXFExtensionBundleListener addExtensions
INFO: Adding the extensions from bundle org.apache.cxf.cxf-rt-ws-rm (224) [org.apache.cxf.ws.rm.RMManager, org.apache.cxf.ws.rm.policy.RMPolicyInterceptorProvider, org.apache.cxf.ws.rm.policy.RM10AssertionBuilder, org.apache.cxf.ws.rm.policy.RM12AssertionBuilder, org.apache.cxf.ws.rm.policy.WSRMP12PolicyLoader, org.apache.cxf.ws.rm.policy.MC11PolicyLoader, org.apache.cxf.ws.rm.policy.RSPPolicyLoader]
out 06, 2018 11:36:01 PM org.apache.cxf.bus.blueprint.NamespaceHandlerRegisterer register
INFO: Registered blueprint namespace handler for http://cxf.apache.org/ws/rm/manager
out 06, 2018 11:36:01 PM org.apache.cxf.bus.blueprint.NamespaceHandlerRegisterer register
INFO: Registered blueprint namespace handler for http://schemas.xmlsoap.org/ws/2005/02/rm/policy
out 06, 2018 11:36:01 PM org.apache.cxf.bus.osgi.CXFExtensionBundleListener addExtensions
INFO: Adding the extensions from bundle org.apache.cxf.cxf-rt-javascript (225) [org.apache.cxf.javascript.JavascriptServerListener]
out 06, 2018 11:36:01 PM org.pentaho.caching.impl.PentahoCacheManagerFactory$RegistrationHandler$1 onSuccess
INFO: New Caching Service registered
2018/10/06 23:36:03 - job_carga_caged - Start of job execution
2018/10/06 23:36:03 - job_carga_caged - Starting entry [ktr_carga_caged]
2018/10/06 23:36:03 - ktr_carga_caged - Loading transformation from XML file [/home/unb/MTB/ETL/ods/mtb/caged_dw/ktr_carga_caged.ktr]
out 06, 2018 11:36:03 PM org.apache.cxf.endpoint.ServerImpl initDestination
INFO: Setting the server's publish address to be /marketplace
2018/10/06 23:36:03 - ktr_carga_caged - Using run configuration [Pentaho local]
2018/10/06 23:36:03 - ktr_carga_caged - Using legacy execution engine
2018/10/06 23:36:03 - ktr_carga_caged - Dispatching started for transformation [ktr_carga_caged]
out 06, 2018 11:36:03 PM org.apache.cxf.endpoint.ServerImpl initDestination
INFO: Setting the server's publish address to be /lineage
out 06, 2018 11:36:03 PM org.apache.cxf.endpoint.ServerImpl initDestination
INFO: Setting the server's publish address to be /i18n
2018/10/06 23:36:03 - Carrega tabela.0 - Connected to database [comexao_ods] (commit=100000000)
SLF4J: Class path contains multiple SLF4J bindings.
SLF4J: Found binding in [jar:file:/opt/data-integration/launcher/../lib/slf4j-log4j12-1.7.7.jar!/org/slf4j/impl/StaticLoggerBinder.class]
SLF4J: Found binding in [jar:file:/opt/data-integration/plugins/pentaho-big-data-plugin/lib/slf4j-log4j12-1.7.7.jar!/org/slf4j/impl/StaticLoggerBinder.class]
SLF4J: See http://www.slf4j.org/codes.html#multiple_bindings for an explanation.
SLF4J: Actual binding is of type [org.slf4j.impl.Log4jLoggerFactory]
2018/10/06 23:36:04 - Le Arquivo.0 - Header row skipped in file '/mnt/unb/bases_mte/CAGED/CAGED_TRABALHADOR_AJUSTADO_102017.txt'
2018/10/06 23:36:05 - Le Arquivo.0 - Line number : 50000
2018/10/06 23:36:05 - Separa Ano e Mes.0 - Linenr 50000
2018/10/06 23:36:19 - Select values.0 - linenr 50000
2018/10/06 23:36:20 - Le Arquivo.0 - Line number : 100000
2018/10/06 23:36:23 - Carrega tabela.0 - linenr 50000
2018/10/06 23:36:23 - Separa Ano e Mes.0 - Linenr 100000
2018/10/06 23:36:39 - Select values.0 - linenr 100000
2018/10/06 23:36:39 - Le Arquivo.0 - Line number : 150000
2018/10/06 23:36:42 - Carrega tabela.0 - linenr 100000
2018/10/06 23:36:43 - Separa Ano e Mes.0 - Linenr 150000
2018/10/06 23:36:58 - Select values.0 - linenr 150000
2018/10/06 23:36:58 - Le Arquivo.0 - Line number : 200000
2018/10/06 23:37:02 - Carrega tabela.0 - linenr 150000
2018/10/06 23:37:02 - Separa Ano e Mes.0 - Linenr 200000
2018/10/06 23:37:17 - Select values.0 - linenr 200000
2018/10/06 23:37:17 - Le Arquivo.0 - Line number : 250000
2018/10/06 23:37:21 - Carrega tabela.0 - linenr 200000
2018/10/06 23:37:21 - Separa Ano e Mes.0 - Linenr 250000
2018/10/06 23:37:36 - Select values.0 - linenr 250000
2018/10/06 23:37:36 - Le Arquivo.0 - Line number : 300000
2018/10/06 23:37:40 - Carrega tabela.0 - linenr 250000
2018/10/06 23:37:40 - Separa Ano e Mes.0 - Linenr 300000
2018/10/06 23:37:56 - Select values.0 - linenr 300000
2018/10/06 23:37:56 - Le Arquivo.0 - Line number : 350000
2018/10/06 23:37:59 - Carrega tabela.0 - linenr 300000
2018/10/06 23:38:00 - Separa Ano e Mes.0 - Linenr 350000
2018/10/06 23:38:15 - Select values.0 - linenr 350000
2018/10/06 23:38:15 - Le Arquivo.0 - Line number : 400000
2018/10/06 23:38:19 - Carrega tabela.0 - linenr 350000
2018/10/06 23:38:19 - Separa Ano e Mes.0 - Linenr 400000
2018/10/06 23:38:34 - Select values.0 - linenr 400000
2018/10/06 23:38:34 - Le Arquivo.0 - Line number : 450000
2018/10/06 23:38:38 - Carrega tabela.0 - linenr 400000
2018/10/06 23:38:38 - Separa Ano e Mes.0 - Linenr 450000
2018/10/06 23:38:53 - Select values.0 - linenr 450000
2018/10/06 23:38:54 - Le Arquivo.0 - Line number : 500000
2018/10/06 23:38:57 - Carrega tabela.0 - linenr 450000
2018/10/06 23:38:57 - Separa Ano e Mes.0 - Linenr 500000
2018/10/06 23:39:13 - Select values.0 - linenr 500000
2018/10/06 23:39:13 - Le Arquivo.0 - Line number : 550000
2018/10/06 23:39:17 - Carrega tabela.0 - linenr 500000
2018/10/06 23:39:17 - Separa Ano e Mes.0 - Linenr 550000
2018/10/06 23:39:32 - Select values.0 - linenr 550000
2018/10/06 23:39:32 - Le Arquivo.0 - Line number : 600000
2018/10/06 23:39:36 - Carrega tabela.0 - linenr 550000
2018/10/06 23:39:36 - Separa Ano e Mes.0 - Linenr 600000
2018/10/06 23:39:51 - Select values.0 - linenr 600000
2018/10/06 23:39:52 - Le Arquivo.0 - Line number : 650000
2018/10/06 23:39:55 - Carrega tabela.0 - linenr 600000
2018/10/06 23:39:55 - Separa Ano e Mes.0 - Linenr 650000
2018/10/06 23:40:11 - Select values.0 - linenr 650000
2018/10/06 23:40:11 - Le Arquivo.0 - Line number : 700000
2018/10/06 23:40:14 - Carrega tabela.0 - linenr 650000
2018/10/06 23:40:15 - Separa Ano e Mes.0 - Linenr 700000
2018/10/06 23:40:30 - Select values.0 - linenr 700000
2018/10/06 23:40:30 - Le Arquivo.0 - Line number : 750000
2018/10/06 23:40:34 - Carrega tabela.0 - linenr 700000
2018/10/06 23:40:34 - Separa Ano e Mes.0 - Linenr 750000
2018/10/06 23:40:49 - Select values.0 - linenr 750000
2018/10/06 23:40:50 - Le Arquivo.0 - Line number : 800000
2018/10/06 23:40:53 - Carrega tabela.0 - linenr 750000
2018/10/06 23:40:53 - Separa Ano e Mes.0 - Linenr 800000
2018/10/06 23:41:09 - Select values.0 - linenr 800000
2018/10/06 23:41:09 - Le Arquivo.0 - Line number : 850000
2018/10/06 23:41:13 - Carrega tabela.0 - linenr 800000
2018/10/06 23:41:13 - Separa Ano e Mes.0 - Linenr 850000
2018/10/06 23:41:28 - Select values.0 - linenr 850000
2018/10/06 23:41:28 - Le Arquivo.0 - Line number : 900000
2018/10/06 23:41:32 - Carrega tabela.0 - linenr 850000
2018/10/06 23:41:32 - Separa Ano e Mes.0 - Linenr 900000
2018/10/06 23:41:47 - Select values.0 - linenr 900000
2018/10/06 23:41:48 - Le Arquivo.0 - Line number : 950000
2018/10/06 23:41:51 - Carrega tabela.0 - linenr 900000
2018/10/06 23:41:51 - Separa Ano e Mes.0 - Linenr 950000
2018/10/06 23:42:07 - Select values.0 - linenr 950000
2018/10/06 23:42:07 - Le Arquivo.0 - Line number : 1000000
2018/10/06 23:42:10 - Carrega tabela.0 - linenr 950000
2018/10/06 23:42:11 - Separa Ano e Mes.0 - Linenr 1000000
2018/10/06 23:42:26 - Select values.0 - linenr 1000000
2018/10/06 23:42:26 - Le Arquivo.0 - Line number : 1050000
2018/10/06 23:42:30 - Carrega tabela.0 - linenr 1000000
2018/10/06 23:42:30 - Separa Ano e Mes.0 - Linenr 1050000
2018/10/06 23:42:45 - Select values.0 - linenr 1050000
2018/10/06 23:42:45 - Le Arquivo.0 - Line number : 1100000
2018/10/06 23:42:49 - Carrega tabela.0 - linenr 1050000
2018/10/06 23:42:49 - Separa Ano e Mes.0 - Linenr 1100000
2018/10/06 23:43:04 - Select values.0 - linenr 1100000
2018/10/06 23:43:04 - Le Arquivo.0 - Line number : 1150000
2018/10/06 23:43:08 - Carrega tabela.0 - linenr 1100000
2018/10/06 23:43:08 - Separa Ano e Mes.0 - Linenr 1150000
2018/10/06 23:43:24 - Select values.0 - linenr 1150000
2018/10/06 23:43:24 - Le Arquivo.0 - Line number : 1200000
2018/10/06 23:43:28 - Carrega tabela.0 - linenr 1150000
2018/10/06 23:43:28 - Separa Ano e Mes.0 - Linenr 1200000
2018/10/06 23:43:43 - Select values.0 - linenr 1200000
2018/10/06 23:43:43 - Le Arquivo.0 - Line number : 1250000
2018/10/06 23:43:46 - Carrega tabela.0 - linenr 1200000
2018/10/06 23:43:47 - Separa Ano e Mes.0 - Linenr 1250000
2018/10/06 23:44:02 - Select values.0 - linenr 1250000
2018/10/06 23:44:02 - Le Arquivo.0 - Line number : 1300000
2018/10/06 23:44:05 - Carrega tabela.0 - linenr 1250000
2018/10/06 23:44:06 - Separa Ano e Mes.0 - Linenr 1300000
2018/10/06 23:44:21 - Select values.0 - linenr 1300000
2018/10/06 23:44:21 - Le Arquivo.0 - Line number : 1350000
2018/10/06 23:44:25 - Carrega tabela.0 - linenr 1300000
2018/10/06 23:44:25 - Separa Ano e Mes.0 - Linenr 1350000
2018/10/06 23:44:40 - Select values.0 - linenr 1350000
2018/10/06 23:44:40 - Le Arquivo.0 - Line number : 1400000
2018/10/06 23:44:44 - Carrega tabela.0 - linenr 1350000
2018/10/06 23:44:44 - Separa Ano e Mes.0 - Linenr 1400000
2018/10/06 23:44:59 - Select values.0 - linenr 1400000
2018/10/06 23:45:00 - Le Arquivo.0 - Line number : 1450000
2018/10/06 23:45:03 - Carrega tabela.0 - linenr 1400000
2018/10/06 23:45:03 - Separa Ano e Mes.0 - Linenr 1450000
2018/10/06 23:45:19 - Select values.0 - linenr 1450000
2018/10/06 23:45:19 - Le Arquivo.0 - Line number : 1500000
2018/10/06 23:45:23 - Carrega tabela.0 - linenr 1450000
2018/10/06 23:45:23 - Separa Ano e Mes.0 - Linenr 1500000
2018/10/06 23:45:39 - Select values.0 - linenr 1500000
2018/10/06 23:45:39 - Le Arquivo.0 - Line number : 1550000
2018/10/06 23:45:43 - Carrega tabela.0 - linenr 1500000
2018/10/06 23:45:43 - Separa Ano e Mes.0 - Linenr 1550000
2018/10/06 23:45:58 - Select values.0 - linenr 1550000
2018/10/06 23:45:58 - Le Arquivo.0 - Line number : 1600000
2018/10/06 23:46:02 - Carrega tabela.0 - linenr 1550000
2018/10/06 23:46:02 - Separa Ano e Mes.0 - Linenr 1600000
2018/10/06 23:46:17 - Select values.0 - linenr 1600000
2018/10/06 23:46:17 - Le Arquivo.0 - Line number : 1650000
2018/10/06 23:46:21 - Carrega tabela.0 - linenr 1600000
2018/10/06 23:46:21 - Separa Ano e Mes.0 - Linenr 1650000
2018/10/06 23:46:36 - Select values.0 - linenr 1650000
2018/10/06 23:46:36 - Le Arquivo.0 - Line number : 1700000
2018/10/06 23:46:40 - Carrega tabela.0 - linenr 1650000
2018/10/06 23:46:40 - Separa Ano e Mes.0 - Linenr 1700000
2018/10/06 23:46:55 - Select values.0 - linenr 1700000
2018/10/06 23:46:56 - Le Arquivo.0 - Line number : 1750000
2018/10/06 23:46:59 - Carrega tabela.0 - linenr 1700000
2018/10/06 23:46:59 - Separa Ano e Mes.0 - Linenr 1750000
2018/10/06 23:47:15 - Select values.0 - linenr 1750000
2018/10/06 23:47:15 - Le Arquivo.0 - Line number : 1800000
2018/10/06 23:47:18 - Carrega tabela.0 - linenr 1750000
2018/10/06 23:47:19 - Separa Ano e Mes.0 - Linenr 1800000
2018/10/06 23:47:34 - Select values.0 - linenr 1800000
2018/10/06 23:47:34 - Le Arquivo.0 - Line number : 1850000
2018/10/06 23:47:38 - Carrega tabela.0 - linenr 1800000
2018/10/06 23:47:38 - Separa Ano e Mes.0 - Linenr 1850000
2018/10/06 23:47:53 - Select values.0 - linenr 1850000
2018/10/06 23:47:53 - Le Arquivo.0 - Line number : 1900000
2018/10/06 23:47:57 - Carrega tabela.0 - linenr 1850000
2018/10/06 23:47:57 - Separa Ano e Mes.0 - Linenr 1900000
2018/10/06 23:48:12 - Select values.0 - linenr 1900000
2018/10/06 23:48:12 - Le Arquivo.0 - Line number : 1950000
2018/10/06 23:48:16 - Carrega tabela.0 - linenr 1900000
2018/10/06 23:48:16 - Separa Ano e Mes.0 - Linenr 1950000
2018/10/06 23:48:31 - Select values.0 - linenr 1950000
2018/10/06 23:48:31 - Le Arquivo.0 - Line number : 2000000
2018/10/06 23:48:35 - Carrega tabela.0 - linenr 1950000
2018/10/06 23:48:35 - Separa Ano e Mes.0 - Linenr 2000000
2018/10/06 23:48:50 - Select values.0 - linenr 2000000
2018/10/06 23:48:50 - Le Arquivo.0 - Line number : 2050000
2018/10/06 23:48:54 - Carrega tabela.0 - linenr 2000000
2018/10/06 23:48:54 - Separa Ano e Mes.0 - Linenr 2050000
2018/10/06 23:49:09 - Select values.0 - linenr 2050000
2018/10/06 23:49:09 - Le Arquivo.0 - Line number : 2100000
2018/10/06 23:49:13 - Carrega tabela.0 - linenr 2050000
2018/10/06 23:49:13 - Separa Ano e Mes.0 - Linenr 2100000
2018/10/06 23:49:28 - Select values.0 - linenr 2100000
2018/10/06 23:49:29 - Le Arquivo.0 - Line number : 2150000
2018/10/06 23:49:32 - Carrega tabela.0 - linenr 2100000
2018/10/06 23:49:32 - Separa Ano e Mes.0 - Linenr 2150000
2018/10/06 23:49:48 - Select values.0 - linenr 2150000
2018/10/06 23:49:48 - Le Arquivo.0 - Line number : 2200000
2018/10/06 23:49:51 - Carrega tabela.0 - linenr 2150000
2018/10/06 23:49:52 - Separa Ano e Mes.0 - Linenr 2200000
2018/10/06 23:50:07 - Select values.0 - linenr 2200000
2018/10/06 23:50:07 - Le Arquivo.0 - Line number : 2250000
2018/10/06 23:50:10 - Carrega tabela.0 - linenr 2200000
2018/10/06 23:50:11 - Separa Ano e Mes.0 - Linenr 2250000
2018/10/06 23:50:26 - Select values.0 - linenr 2250000
2018/10/06 23:50:26 - Le Arquivo.0 - Line number : 2300000
2018/10/06 23:50:30 - Carrega tabela.0 - linenr 2250000
2018/10/06 23:50:30 - Separa Ano e Mes.0 - Linenr 2300000
2018/10/06 23:50:46 - Select values.0 - linenr 2300000
2018/10/06 23:50:46 - Le Arquivo.0 - Line number : 2350000
2018/10/06 23:50:49 - Carrega tabela.0 - linenr 2300000
2018/10/06 23:50:50 - Separa Ano e Mes.0 - Linenr 2350000
2018/10/06 23:51:05 - Select values.0 - linenr 2350000
2018/10/06 23:51:05 - Le Arquivo.0 - Line number : 2400000
2018/10/06 23:51:09 - Carrega tabela.0 - linenr 2350000
2018/10/06 23:51:09 - Separa Ano e Mes.0 - Linenr 2400000
2018/10/06 23:51:24 - Select values.0 - linenr 2400000
2018/10/06 23:51:25 - Le Arquivo.0 - Line number : 2450000
2018/10/06 23:51:28 - Carrega tabela.0 - linenr 2400000
2018/10/06 23:51:29 - Separa Ano e Mes.0 - Linenr 2450000
2018/10/06 23:51:44 - Select values.0 - linenr 2450000
2018/10/06 23:51:44 - Le Arquivo.0 - Line number : 2500000
2018/10/06 23:51:48 - Carrega tabela.0 - linenr 2450000
2018/10/06 23:51:48 - Separa Ano e Mes.0 - Linenr 2500000
2018/10/06 23:52:03 - Select values.0 - linenr 2500000
2018/10/06 23:52:03 - Le Arquivo.0 - Line number : 2550000
2018/10/06 23:52:07 - Carrega tabela.0 - linenr 2500000
2018/10/06 23:52:07 - Separa Ano e Mes.0 - Linenr 2550000
2018/10/06 23:52:22 - Select values.0 - linenr 2550000
2018/10/06 23:52:22 - Le Arquivo.0 - Line number : 2600000
2018/10/06 23:52:26 - Carrega tabela.0 - linenr 2550000
2018/10/06 23:52:26 - Separa Ano e Mes.0 - Linenr 2600000
2018/10/06 23:52:42 - Select values.0 - linenr 2600000
2018/10/06 23:52:42 - Le Arquivo.0 - Line number : 2650000
2018/10/06 23:52:46 - Carrega tabela.0 - linenr 2600000
2018/10/06 23:52:46 - Separa Ano e Mes.0 - Linenr 2650000
2018/10/06 23:53:01 - Select values.0 - linenr 2650000
2018/10/06 23:53:01 - Le Arquivo.0 - Line number : 2700000
2018/10/06 23:53:05 - Carrega tabela.0 - linenr 2650000
2018/10/06 23:53:05 - Separa Ano e Mes.0 - Linenr 2700000
2018/10/06 23:53:20 - Select values.0 - linenr 2700000
2018/10/06 23:53:21 - Le Arquivo.0 - Line number : 2750000
2018/10/06 23:53:24 - Carrega tabela.0 - linenr 2700000
2018/10/06 23:53:24 - Separa Ano e Mes.0 - Linenr 2750000
2018/10/06 23:53:39 - Select values.0 - linenr 2750000
2018/10/06 23:53:40 - Le Arquivo.0 - Line number : 2800000
2018/10/06 23:53:43 - Carrega tabela.0 - linenr 2750000
2018/10/06 23:53:43 - Separa Ano e Mes.0 - Linenr 2800000
2018/10/06 23:53:59 - Select values.0 - linenr 2800000
2018/10/06 23:53:59 - Le Arquivo.0 - Line number : 2850000
2018/10/06 23:54:03 - Carrega tabela.0 - linenr 2800000
2018/10/06 23:54:03 - Separa Ano e Mes.0 - Linenr 2850000
2018/10/06 23:54:18 - Select values.0 - linenr 2850000
2018/10/06 23:54:18 - Le Arquivo.0 - Line number : 2900000
2018/10/06 23:54:22 - Carrega tabela.0 - linenr 2850000
2018/10/06 23:54:22 - Separa Ano e Mes.0 - Linenr 2900000
2018/10/06 23:54:37 - Select values.0 - linenr 2900000
2018/10/06 23:54:37 - Le Arquivo.0 - Line number : 2950000
2018/10/06 23:54:41 - Carrega tabela.0 - linenr 2900000
2018/10/06 23:54:41 - Separa Ano e Mes.0 - Linenr 2950000
2018/10/06 23:54:56 - Select values.0 - linenr 2950000
2018/10/06 23:54:57 - Le Arquivo.0 - Line number : 3000000
2018/10/06 23:55:00 - Carrega tabela.0 - linenr 2950000
2018/10/06 23:55:00 - Separa Ano e Mes.0 - Linenr 3000000
2018/10/06 23:55:16 - Select values.0 - linenr 3000000
2018/10/06 23:55:16 - Le Arquivo.0 - Line number : 3050000
2018/10/06 23:55:20 - Carrega tabela.0 - linenr 3000000
2018/10/06 23:55:20 - Separa Ano e Mes.0 - Linenr 3050000
2018/10/06 23:55:35 - Select values.0 - linenr 3050000
2018/10/06 23:55:35 - Le Arquivo.0 - Line number : 3100000
2018/10/06 23:55:39 - Carrega tabela.0 - linenr 3050000
2018/10/06 23:55:39 - Separa Ano e Mes.0 - Linenr 3100000
2018/10/06 23:55:55 - Select values.0 - linenr 3100000
2018/10/06 23:55:55 - Le Arquivo.0 - Line number : 3150000
2018/10/06 23:55:58 - Carrega tabela.0 - linenr 3100000
2018/10/06 23:55:58 - Separa Ano e Mes.0 - Linenr 3150000
2018/10/06 23:56:14 - Select values.0 - linenr 3150000
2018/10/06 23:56:14 - Le Arquivo.0 - Line number : 3200000
2018/10/06 23:56:18 - Carrega tabela.0 - linenr 3150000
2018/10/06 23:56:18 - Separa Ano e Mes.0 - Linenr 3200000
2018/10/06 23:56:33 - Select values.0 - linenr 3200000
2018/10/06 23:56:33 - Le Arquivo.0 - Line number : 3250000
2018/10/06 23:56:37 - Carrega tabela.0 - linenr 3200000
2018/10/06 23:56:37 - Separa Ano e Mes.0 - Linenr 3250000
2018/10/06 23:56:52 - Select values.0 - linenr 3250000
2018/10/06 23:56:53 - Le Arquivo.0 - Line number : 3300000
2018/10/06 23:56:56 - Carrega tabela.0 - linenr 3250000
2018/10/06 23:56:56 - Separa Ano e Mes.0 - Linenr 3300000
2018/10/06 23:57:11 - Select values.0 - linenr 3300000
2018/10/06 23:57:12 - Le Arquivo.0 - Line number : 3350000
2018/10/06 23:57:15 - Carrega tabela.0 - linenr 3300000
2018/10/06 23:57:15 - Separa Ano e Mes.0 - Linenr 3350000
2018/10/06 23:57:31 - Select values.0 - linenr 3350000
2018/10/06 23:57:31 - Le Arquivo.0 - Line number : 3400000
2018/10/06 23:57:34 - Carrega tabela.0 - linenr 3350000
2018/10/06 23:57:35 - Separa Ano e Mes.0 - Linenr 3400000
2018/10/06 23:57:50 - Select values.0 - linenr 3400000
2018/10/06 23:57:50 - Le Arquivo.0 - Line number : 3450000
2018/10/06 23:57:54 - Carrega tabela.0 - linenr 3400000
2018/10/06 23:57:54 - Separa Ano e Mes.0 - Linenr 3450000
2018/10/06 23:58:09 - Select values.0 - linenr 3450000
2018/10/06 23:58:09 - Le Arquivo.0 - Line number : 3500000
2018/10/06 23:58:13 - Carrega tabela.0 - linenr 3450000
2018/10/06 23:58:13 - Separa Ano e Mes.0 - Linenr 3500000
2018/10/06 23:58:29 - Select values.0 - linenr 3500000
2018/10/06 23:58:29 - Le Arquivo.0 - Line number : 3550000
2018/10/06 23:58:32 - Carrega tabela.0 - linenr 3500000
2018/10/06 23:58:33 - Separa Ano e Mes.0 - Linenr 3550000
2018/10/06 23:58:48 - Select values.0 - linenr 3550000
2018/10/06 23:58:48 - Le Arquivo.0 - Line number : 3600000
2018/10/06 23:58:52 - Carrega tabela.0 - linenr 3550000
2018/10/06 23:58:52 - Separa Ano e Mes.0 - Linenr 3600000
2018/10/06 23:59:07 - Select values.0 - linenr 3600000
2018/10/06 23:59:07 - Le Arquivo.0 - Line number : 3650000
2018/10/06 23:59:11 - Carrega tabela.0 - linenr 3600000
2018/10/06 23:59:11 - Separa Ano e Mes.0 - Linenr 3650000
2018/10/06 23:59:26 - Select values.0 - linenr 3650000
2018/10/06 23:59:27 - Le Arquivo.0 - Line number : 3700000
2018/10/06 23:59:30 - Carrega tabela.0 - linenr 3650000
2018/10/06 23:59:30 - Separa Ano e Mes.0 - Linenr 3700000
2018/10/06 23:59:46 - Select values.0 - linenr 3700000
2018/10/06 23:59:46 - Le Arquivo.0 - Line number : 3750000
2018/10/06 23:59:50 - Carrega tabela.0 - linenr 3700000
2018/10/06 23:59:50 - Separa Ano e Mes.0 - Linenr 3750000
2018/10/07 00:00:05 - Select values.0 - linenr 3750000
2018/10/07 00:00:05 - Le Arquivo.0 - Line number : 3800000
2018/10/07 00:00:09 - Carrega tabela.0 - linenr 3750000
2018/10/07 00:00:09 - Separa Ano e Mes.0 - Linenr 3800000
2018/10/07 00:00:24 - Select values.0 - linenr 3800000
2018/10/07 00:00:24 - Le Arquivo.0 - Line number : 3850000
2018/10/07 00:00:28 - Carrega tabela.0 - linenr 3800000
2018/10/07 00:00:28 - Separa Ano e Mes.0 - Linenr 3850000
2018/10/07 00:00:44 - Select values.0 - linenr 3850000
2018/10/07 00:00:44 - Le Arquivo.0 - Line number : 3900000
2018/10/07 00:00:48 - Carrega tabela.0 - linenr 3850000
2018/10/07 00:00:48 - Separa Ano e Mes.0 - Linenr 3900000
2018/10/07 00:01:03 - Select values.0 - linenr 3900000
2018/10/07 00:01:03 - Le Arquivo.0 - Line number : 3950000
2018/10/07 00:01:07 - Carrega tabela.0 - linenr 3900000
2018/10/07 00:01:07 - Separa Ano e Mes.0 - Linenr 3950000
2018/10/07 00:01:22 - Select values.0 - linenr 3950000
2018/10/07 00:01:23 - Le Arquivo.0 - Line number : 4000000
2018/10/07 00:01:26 - Carrega tabela.0 - linenr 3950000
2018/10/07 00:01:26 - Separa Ano e Mes.0 - Linenr 4000000
2018/10/07 00:01:42 - Select values.0 - linenr 4000000
2018/10/07 00:01:42 - Le Arquivo.0 - Line number : 4050000
2018/10/07 00:01:46 - Carrega tabela.0 - linenr 4000000
2018/10/07 00:01:46 - Separa Ano e Mes.0 - Linenr 4050000
2018/10/07 00:02:01 - Select values.0 - linenr 4050000
2018/10/07 00:02:01 - Le Arquivo.0 - Line number : 4100000
2018/10/07 00:02:05 - Carrega tabela.0 - linenr 4050000
2018/10/07 00:02:05 - Separa Ano e Mes.0 - Linenr 4100000
2018/10/07 00:02:20 - Select values.0 - linenr 4100000
2018/10/07 00:02:20 - Le Arquivo.0 - Line number : 4150000
2018/10/07 00:02:24 - Carrega tabela.0 - linenr 4100000
2018/10/07 00:02:24 - Separa Ano e Mes.0 - Linenr 4150000
2018/10/07 00:02:39 - Select values.0 - linenr 4150000
2018/10/07 00:02:39 - Le Arquivo.0 - Line number : 4200000
2018/10/07 00:02:43 - Carrega tabela.0 - linenr 4150000
2018/10/07 00:02:43 - Separa Ano e Mes.0 - Linenr 4200000
2018/10/07 00:02:59 - Select values.0 - linenr 4200000
2018/10/07 00:02:59 - Le Arquivo.0 - Line number : 4250000
2018/10/07 00:03:02 - Carrega tabela.0 - linenr 4200000
2018/10/07 00:03:03 - Separa Ano e Mes.0 - Linenr 4250000
2018/10/07 00:03:18 - Select values.0 - linenr 4250000
2018/10/07 00:03:18 - Le Arquivo.0 - Line number : 4300000
2018/10/07 00:03:22 - Carrega tabela.0 - linenr 4250000
2018/10/07 00:03:22 - Separa Ano e Mes.0 - Linenr 4300000
2018/10/07 00:03:37 - Select values.0 - linenr 4300000
2018/10/07 00:03:37 - Le Arquivo.0 - Line number : 4350000
2018/10/07 00:03:41 - Carrega tabela.0 - linenr 4300000
2018/10/07 00:03:41 - Separa Ano e Mes.0 - Linenr 4350000
2018/10/07 00:03:56 - Select values.0 - linenr 4350000
2018/10/07 00:03:56 - Le Arquivo.0 - Line number : 4400000
2018/10/07 00:04:00 - Carrega tabela.0 - linenr 4350000
2018/10/07 00:04:00 - Separa Ano e Mes.0 - Linenr 4400000
2018/10/07 00:04:15 - Select values.0 - linenr 4400000
2018/10/07 00:04:16 - Le Arquivo.0 - Line number : 4450000
2018/10/07 00:04:19 - Carrega tabela.0 - linenr 4400000
2018/10/07 00:04:19 - Separa Ano e Mes.0 - Linenr 4450000
2018/10/07 00:04:35 - Select values.0 - linenr 4450000
2018/10/07 00:04:35 - Le Arquivo.0 - Line number : 4500000
2018/10/07 00:04:39 - Carrega tabela.0 - linenr 4450000
2018/10/07 00:04:39 - Separa Ano e Mes.0 - Linenr 4500000
2018/10/07 00:04:54 - Select values.0 - linenr 4500000
2018/10/07 00:04:54 - Le Arquivo.0 - Line number : 4550000
2018/10/07 00:04:58 - Carrega tabela.0 - linenr 4500000
2018/10/07 00:04:58 - Separa Ano e Mes.0 - Linenr 4550000
2018/10/07 00:05:13 - Select values.0 - linenr 4550000
2018/10/07 00:05:13 - Le Arquivo.0 - Line number : 4600000
2018/10/07 00:05:17 - Carrega tabela.0 - linenr 4550000
2018/10/07 00:05:17 - Separa Ano e Mes.0 - Linenr 4600000
2018/10/07 00:05:32 - Select values.0 - linenr 4600000
2018/10/07 00:05:33 - Le Arquivo.0 - Line number : 4650000
2018/10/07 00:05:36 - Carrega tabela.0 - linenr 4600000
2018/10/07 00:05:36 - Separa Ano e Mes.0 - Linenr 4650000
2018/10/07 00:05:51 - Select values.0 - linenr 4650000
2018/10/07 00:05:52 - Le Arquivo.0 - Line number : 4700000
2018/10/07 00:05:55 - Carrega tabela.0 - linenr 4650000
2018/10/07 00:05:55 - Separa Ano e Mes.0 - Linenr 4700000
2018/10/07 00:06:11 - Select values.0 - linenr 4700000
2018/10/07 00:06:11 - Le Arquivo.0 - Line number : 4750000
2018/10/07 00:06:14 - Carrega tabela.0 - linenr 4700000
2018/10/07 00:06:15 - Separa Ano e Mes.0 - Linenr 4750000
2018/10/07 00:06:30 - Select values.0 - linenr 4750000
2018/10/07 00:06:30 - Le Arquivo.0 - Line number : 4800000
2018/10/07 00:06:34 - Carrega tabela.0 - linenr 4750000
2018/10/07 00:06:34 - Separa Ano e Mes.0 - Linenr 4800000
2018/10/07 00:06:49 - Select values.0 - linenr 4800000
2018/10/07 00:06:49 - Le Arquivo.0 - Line number : 4850000
2018/10/07 00:06:53 - Carrega tabela.0 - linenr 4800000
2018/10/07 00:06:53 - Separa Ano e Mes.0 - Linenr 4850000
2018/10/07 00:07:08 - Select values.0 - linenr 4850000
2018/10/07 00:07:08 - Le Arquivo.0 - Line number : 4900000
2018/10/07 00:07:12 - Carrega tabela.0 - linenr 4850000
2018/10/07 00:07:12 - Separa Ano e Mes.0 - Linenr 4900000
2018/10/07 00:07:27 - Select values.0 - linenr 4900000
2018/10/07 00:07:28 - Le Arquivo.0 - Line number : 4950000
2018/10/07 00:07:31 - Carrega tabela.0 - linenr 4900000
2018/10/07 00:07:31 - Separa Ano e Mes.0 - Linenr 4950000
2018/10/07 00:07:47 - Select values.0 - linenr 4950000
2018/10/07 00:07:47 - Le Arquivo.0 - Line number : 5000000
2018/10/07 00:07:50 - Carrega tabela.0 - linenr 4950000
2018/10/07 00:07:51 - Separa Ano e Mes.0 - Linenr 5000000
2018/10/07 00:08:06 - Select values.0 - linenr 5000000
2018/10/07 00:08:06 - Le Arquivo.0 - Line number : 5050000
2018/10/07 00:08:10 - Carrega tabela.0 - linenr 5000000
2018/10/07 00:08:10 - Separa Ano e Mes.0 - Linenr 5050000
2018/10/07 00:08:25 - Select values.0 - linenr 5050000
2018/10/07 00:08:25 - Le Arquivo.0 - Line number : 5100000
2018/10/07 00:08:29 - Carrega tabela.0 - linenr 5050000
2018/10/07 00:08:29 - Separa Ano e Mes.0 - Linenr 5100000
2018/10/07 00:08:45 - Select values.0 - linenr 5100000
2018/10/07 00:08:45 - Le Arquivo.0 - Line number : 5150000
2018/10/07 00:08:49 - Carrega tabela.0 - linenr 5100000
2018/10/07 00:08:49 - Separa Ano e Mes.0 - Linenr 5150000
2018/10/07 00:09:04 - Select values.0 - linenr 5150000
2018/10/07 00:09:04 - Le Arquivo.0 - Line number : 5200000
2018/10/07 00:09:08 - Carrega tabela.0 - linenr 5150000
2018/10/07 00:09:08 - Separa Ano e Mes.0 - Linenr 5200000
2018/10/07 00:09:23 - Select values.0 - linenr 5200000
2018/10/07 00:09:24 - Le Arquivo.0 - Line number : 5250000
2018/10/07 00:09:27 - Carrega tabela.0 - linenr 5200000
2018/10/07 00:09:27 - Separa Ano e Mes.0 - Linenr 5250000
2018/10/07 00:09:43 - Select values.0 - linenr 5250000
2018/10/07 00:09:43 - Le Arquivo.0 - Line number : 5300000
2018/10/07 00:09:43 - Le Arquivo.0 - Finished processing (I=5300624, O=0, R=0, W=5300623, U=0, E=0)
2018/10/07 00:09:47 - Carrega tabela.0 - linenr 5250000
2018/10/07 00:09:47 - Separa Ano e Mes.0 - Linenr 5300000
2018/10/07 00:09:47 - Separa Ano e Mes.0 - Finished processing (I=0, O=0, R=5300623, W=5300623, U=0, E=0)
2018/10/07 00:09:51 - Corrige sal_mensal_declarado.0 - Finished processing (I=0, O=0, R=5300623, W=5300623, U=0, E=0)
2018/10/07 00:09:55 - Corrige CBO.0 - Finished processing (I=0, O=0, R=5300623, W=5300623, U=0, E=0)
2018/10/07 00:09:58 - corige_dia_mov.0 - Finished processing (I=0, O=0, R=5300623, W=5300623, U=0, E=0)
2018/10/07 00:10:02 - Select values.0 - linenr 5300000
2018/10/07 00:10:02 - Select values.0 - Finished processing (I=0, O=0, R=5300623, W=5300623, U=0, E=0)
2018/10/07 00:10:05 - Carrega tabela.0 - linenr 5300000
2018/10/07 00:10:05 - Carrega tabela.0 - Finished processing (I=0, O=5300623, R=5300623, W=5300623, U=0, E=0)
2018/10/07 00:10:05 - job_carga_caged - Starting entry [Success]
2018/10/07 00:10:05 - job_carga_caged - Finished job entry [Success] (result=[true])
2018/10/07 00:10:05 - job_carga_caged - Finished job entry [ktr_carga_caged] (result=[true])
2018/10/07 00:10:05 - job_carga_caged - Job execution finished
2018/10/07 00:10:05 - Kitchen - Finished!
2018/10/07 00:10:05 - Kitchen - Start=2018/10/06 23:35:57.969, Stop=2018/10/07 00:10:05.730
2018/10/07 00:10:05 - Kitchen - Processing ended after 34 minutes and 7 seconds (2047 seconds total).
