#######################################################################
WARNING:  no libwebkitgtk-1.0 detected, some features will be unavailable
    Consider installing the package with apt-get or yum.
    e.g. 'sudo apt-get install libwebkitgtk-1.0-0'
#######################################################################
OpenJDK 64-Bit Server VM warning: ignoring option MaxPermSize=4G; support was removed in 8.0
21:19:50,995 INFO  [KarafBoot] Checking to see if org.pentaho.clean.karaf.cache is enabled
21:19:51,101 INFO  [KarafInstance] 
*******************************************************************************
*** Karaf Instance Number: 2 at /opt/data-integration/./system/karaf/caches ***
***   /kitchen/data-1                                                       ***
*** FastBin Provider Port:52902                                             ***
*** Karaf Port:8803                                                         ***
*** OSGI Service Port:9052                                                  ***
*******************************************************************************
out 06, 2018 9:19:51 PM org.apache.karaf.main.Main$KarafLockCallback lockAquired
INFO: Lock acquired. Setting startlevel to 100
2018/10/06 21:19:52 - Kitchen - Start of run.
2018-10-06 21:19:54.783:INFO:oejs.Server:jetty-8.1.15.v20140411
2018-10-06 21:19:54.811:INFO:oejs.AbstractConnector:Started NIOSocketConnectorWrapper@0.0.0.0:9052
out 06, 2018 9:19:55 PM org.apache.cxf.bus.blueprint.NamespaceHandlerRegisterer register
INFO: Registered blueprint namespace handler for http://cxf.apache.org/blueprint/core
out 06, 2018 9:19:55 PM org.apache.cxf.bus.blueprint.NamespaceHandlerRegisterer register
INFO: Registered blueprint namespace handler for http://cxf.apache.org/configuration/beans
out 06, 2018 9:19:55 PM org.apache.cxf.bus.blueprint.NamespaceHandlerRegisterer register
INFO: Registered blueprint namespace handler for http://cxf.apache.org/configuration/parameterized-types
out 06, 2018 9:19:55 PM org.apache.cxf.bus.blueprint.NamespaceHandlerRegisterer register
INFO: Registered blueprint namespace handler for http://cxf.apache.org/configuration/security
out 06, 2018 9:19:55 PM org.apache.cxf.bus.blueprint.NamespaceHandlerRegisterer register
INFO: Registered blueprint namespace handler for http://schemas.xmlsoap.org/wsdl/
out 06, 2018 9:19:55 PM org.apache.cxf.bus.blueprint.NamespaceHandlerRegisterer register
INFO: Registered blueprint namespace handler for http://www.w3.org/2005/08/addressing
out 06, 2018 9:19:55 PM org.apache.cxf.bus.blueprint.NamespaceHandlerRegisterer register
INFO: Registered blueprint namespace handler for http://schemas.xmlsoap.org/ws/2004/08/addressing
out 06, 2018 9:19:55 PM org.apache.cxf.bus.osgi.CXFExtensionBundleListener addExtensions
INFO: Adding the extensions from bundle org.apache.cxf.cxf-rt-management (152) [org.apache.cxf.management.InstrumentationManager]
out 06, 2018 9:19:55 PM org.apache.cxf.bus.osgi.CXFExtensionBundleListener addExtensions
INFO: Adding the extensions from bundle org.apache.cxf.cxf-rt-transports-http (156) [org.apache.cxf.transport.http.HTTPTransportFactory, org.apache.cxf.transport.http.HTTPWSDLExtensionLoader, org.apache.cxf.transport.http.policy.HTTPClientAssertionBuilder, org.apache.cxf.transport.http.policy.HTTPServerAssertionBuilder, org.apache.cxf.transport.http.policy.NoOpPolicyInterceptorProvider]
out 06, 2018 9:19:55 PM org.apache.cxf.bus.osgi.CXFExtensionBundleListener addExtensions
INFO: Adding the extensions from bundle org.apache.cxf.cxf-rt-wsdl (189) [org.apache.cxf.wsdl.WSDLManager]
out 06, 2018 9:19:55 PM org.apache.cxf.bus.osgi.CXFExtensionBundleListener addExtensions
INFO: Adding the extensions from bundle org.apache.cxf.cxf-rt-ws-policy (203) [org.apache.cxf.ws.policy.PolicyEngine, org.apache.cxf.policy.PolicyDataEngine, org.apache.cxf.ws.policy.AssertionBuilderRegistry, org.apache.cxf.ws.policy.PolicyInterceptorProviderRegistry, org.apache.cxf.ws.policy.PolicyBuilder, org.apache.cxf.ws.policy.PolicyAnnotationListener, org.apache.cxf.ws.policy.attachment.ServiceModelPolicyProvider, org.apache.cxf.ws.policy.attachment.external.DomainExpressionBuilderRegistry, org.apache.cxf.ws.policy.attachment.external.EndpointReferenceDomainExpressionBuilder, org.apache.cxf.ws.policy.attachment.external.URIDomainExpressionBuilder, org.apache.cxf.ws.policy.attachment.wsdl11.Wsdl11AttachmentPolicyProvider, org.apache.cxf.ws.policy.mtom.MTOMAssertionBuilder, org.apache.cxf.ws.policy.mtom.MTOMPolicyInterceptorProvider]
out 06, 2018 9:19:55 PM org.apache.cxf.bus.blueprint.NamespaceHandlerRegisterer register
INFO: Registered blueprint namespace handler for http://cxf.apache.org/transports/http/configuration
out 06, 2018 9:19:55 PM org.apache.cxf.bus.osgi.CXFExtensionBundleListener addExtensions
INFO: Adding the extensions from bundle org.apache.cxf.cxf-rt-bindings-soap (192) [org.apache.cxf.binding.soap.SoapBindingFactory, org.apache.cxf.binding.soap.SoapTransportFactory]
out 06, 2018 9:19:55 PM org.apache.cxf.bus.blueprint.NamespaceHandlerRegisterer register
INFO: Registered blueprint namespace handler for http://cxf.apache.org/blueprint/jaxrs
out 06, 2018 9:19:55 PM org.apache.cxf.bus.blueprint.NamespaceHandlerRegisterer register
INFO: Registered blueprint namespace handler for http://cxf.apache.org/blueprint/jaxrs-client
out 06, 2018 9:19:55 PM org.apache.cxf.bus.osgi.CXFExtensionBundleListener addExtensions
INFO: Adding the extensions from bundle org.apache.cxf.cxf-rt-bindings-xml (191) [org.apache.cxf.binding.xml.XMLBindingFactory, org.apache.cxf.binding.xml.wsdl11.XMLWSDLExtensionLoader]
out 06, 2018 9:19:55 PM org.apache.cxf.bus.blueprint.NamespaceHandlerRegisterer register
INFO: Registered blueprint namespace handler for http://cxf.apache.org/blueprint/bindings/soap
out 06, 2018 9:19:55 PM org.apache.cxf.bus.blueprint.NamespaceHandlerRegisterer register
INFO: Registered blueprint namespace handler for http://cxf.apache.org/blueprint/simple
out 06, 2018 9:19:55 PM org.apache.cxf.bus.osgi.CXFExtensionBundleListener addExtensions
INFO: Adding the extensions from bundle org.apache.cxf.cxf-rt-frontend-jaxws (194) [org.apache.cxf.jaxws.context.WebServiceContextResourceResolver]
out 06, 2018 9:19:55 PM org.apache.cxf.bus.blueprint.NamespaceHandlerRegisterer register
INFO: Registered blueprint namespace handler for http://cxf.apache.org/blueprint/jaxws
out 06, 2018 9:19:55 PM org.apache.cxf.bus.blueprint.NamespaceHandlerRegisterer register
INFO: Registered blueprint namespace handler for http://cxf.apache.org/binding/coloc
out 06, 2018 9:19:55 PM org.apache.cxf.bus.osgi.CXFExtensionBundleListener addExtensions
INFO: Adding the extensions from bundle org.apache.cxf.cxf-rt-transports-local (199) [org.apache.cxf.transport.local.LocalTransportFactory]
out 06, 2018 9:19:55 PM org.apache.cxf.bus.osgi.CXFExtensionBundleListener addExtensions
INFO: Adding the extensions from bundle org.apache.cxf.cxf-rt-bindings-object (200) [org.apache.cxf.binding.object.ObjectBindingFactory]
out 06, 2018 9:19:55 PM org.apache.cxf.bus.blueprint.NamespaceHandlerRegisterer register
INFO: Registered blueprint namespace handler for http://cxf.apache.org/blueprint/binding/object
out 06, 2018 9:19:55 PM org.apache.cxf.bus.blueprint.NamespaceHandlerRegisterer register
INFO: Registered blueprint namespace handler for http://cxf.apache.org/policy
out 06, 2018 9:19:55 PM org.apache.cxf.bus.blueprint.NamespaceHandlerRegisterer register
INFO: Registered blueprint namespace handler for http://www.w3.org/ns/ws-policy
out 06, 2018 9:19:55 PM org.apache.cxf.bus.blueprint.NamespaceHandlerRegisterer register
INFO: Registered blueprint namespace handler for http://www.w3.org/2006/07/ws-policy
out 06, 2018 9:19:55 PM org.apache.cxf.bus.blueprint.NamespaceHandlerRegisterer register
INFO: Registered blueprint namespace handler for http://schemas.xmlsoap.org/ws/2004/09/policy
out 06, 2018 9:19:55 PM org.apache.cxf.bus.blueprint.NamespaceHandlerRegisterer register
INFO: Registered blueprint namespace handler for http://docs.oasis-open.org/wss/2004/01/oasis-200401-wss-wssecurity-secext-1.0.xsd
out 06, 2018 9:19:55 PM org.apache.cxf.bus.blueprint.NamespaceHandlerRegisterer register
INFO: Registered blueprint namespace handler for http://docs.oasis-open.org/wss/2004/01/oasis-200401-wss-wssecurity-utility-1.0.xsd
out 06, 2018 9:19:55 PM org.apache.cxf.bus.blueprint.NamespaceHandlerRegisterer register
INFO: Registered blueprint namespace handler for http://www.w3.org/2000/09/xmldsig#
out 06, 2018 9:19:55 PM org.apache.cxf.bus.blueprint.NamespaceHandlerRegisterer register
INFO: Registered blueprint namespace handler for http://docs.oasis-open.org/ws-sx/ws-securitypolicy/200702
out 06, 2018 9:19:55 PM org.apache.cxf.bus.osgi.CXFExtensionBundleListener addExtensions
INFO: Adding the extensions from bundle org.apache.cxf.cxf-rt-ws-addr (220) [org.apache.cxf.ws.addressing.policy.AddressingAssertionBuilder, org.apache.cxf.ws.addressing.policy.UsingAddressingAssertionBuilder, org.apache.cxf.ws.addressing.policy.AddressingPolicyInterceptorProvider, org.apache.cxf.ws.addressing.impl.AddressingWSDLExtensionLoader, org.apache.cxf.ws.addressing.WSAddressingFeature$WSAddressingFeatureApplier, org.apache.cxf.ws.addressing.MAPAggregator$MAPAggregatorLoader]
out 06, 2018 9:19:55 PM org.apache.cxf.bus.blueprint.NamespaceHandlerRegisterer register
INFO: Registered blueprint namespace handler for http://cxf.apache.org/ws/addressing
out 06, 2018 9:19:55 PM org.apache.cxf.bus.osgi.CXFExtensionBundleListener addExtensions
INFO: Adding the extensions from bundle org.apache.cxf.cxf-rt-ws-security (222) [org.apache.cxf.ws.security.policy.WSSecurityPolicyLoader, org.apache.cxf.ws.security.cache.CacheCleanupListener]
out 06, 2018 9:19:55 PM org.apache.cxf.bus.osgi.CXFExtensionBundleListener addExtensions
INFO: Adding the extensions from bundle org.apache.cxf.cxf-rt-ws-rm (224) [org.apache.cxf.ws.rm.RMManager, org.apache.cxf.ws.rm.policy.RMPolicyInterceptorProvider, org.apache.cxf.ws.rm.policy.RM10AssertionBuilder, org.apache.cxf.ws.rm.policy.RM12AssertionBuilder, org.apache.cxf.ws.rm.policy.WSRMP12PolicyLoader, org.apache.cxf.ws.rm.policy.MC11PolicyLoader, org.apache.cxf.ws.rm.policy.RSPPolicyLoader]
out 06, 2018 9:19:55 PM org.apache.cxf.bus.blueprint.NamespaceHandlerRegisterer register
INFO: Registered blueprint namespace handler for http://cxf.apache.org/ws/rm/manager
out 06, 2018 9:19:55 PM org.apache.cxf.bus.blueprint.NamespaceHandlerRegisterer register
INFO: Registered blueprint namespace handler for http://schemas.xmlsoap.org/ws/2005/02/rm/policy
out 06, 2018 9:19:55 PM org.apache.cxf.bus.osgi.CXFExtensionBundleListener addExtensions
INFO: Adding the extensions from bundle org.apache.cxf.cxf-rt-javascript (225) [org.apache.cxf.javascript.JavascriptServerListener]
out 06, 2018 9:19:55 PM org.pentaho.caching.impl.PentahoCacheManagerFactory$RegistrationHandler$1 onSuccess
INFO: New Caching Service registered
2018/10/06 21:19:58 - job_carga_caged - Start of job execution
2018/10/06 21:19:58 - job_carga_caged - Starting entry [ktr_carga_caged]
2018/10/06 21:19:58 - ktr_carga_caged - Loading transformation from XML file [/home/unb/MTB/ETL/ods/mtb/caged_dw/ktr_carga_caged.ktr]
out 06, 2018 9:19:58 PM org.apache.cxf.endpoint.ServerImpl initDestination
INFO: Setting the server's publish address to be /marketplace
2018/10/06 21:19:58 - ktr_carga_caged - Using run configuration [Pentaho local]
2018/10/06 21:19:58 - ktr_carga_caged - Using legacy execution engine
2018/10/06 21:19:58 - ktr_carga_caged - Dispatching started for transformation [ktr_carga_caged]
out 06, 2018 9:19:58 PM org.apache.cxf.endpoint.ServerImpl initDestination
INFO: Setting the server's publish address to be /lineage
out 06, 2018 9:19:58 PM org.apache.cxf.endpoint.ServerImpl initDestination
INFO: Setting the server's publish address to be /i18n
SLF4J: Class path contains multiple SLF4J bindings.
SLF4J: Found binding in [jar:file:/opt/data-integration/launcher/../lib/slf4j-log4j12-1.7.7.jar!/org/slf4j/impl/StaticLoggerBinder.class]
SLF4J: Found binding in [jar:file:/opt/data-integration/plugins/pentaho-big-data-plugin/lib/slf4j-log4j12-1.7.7.jar!/org/slf4j/impl/StaticLoggerBinder.class]
SLF4J: See http://www.slf4j.org/codes.html#multiple_bindings for an explanation.
SLF4J: Actual binding is of type [org.slf4j.impl.Log4jLoggerFactory]
2018/10/06 21:19:58 - Carrega tabela.0 - Connected to database [comexao_ods] (commit=100000000)
2018/10/06 21:19:58 - Le Arquivo.0 - Header row skipped in file '/mnt/unb/bases_mte/CAGED/CAGED_TRABALHADOR_AJUSTADO_052017.txt'
2018/10/06 21:20:00 - Le Arquivo.0 - Line number : 50000
2018/10/06 21:20:00 - Separa Ano e Mes.0 - Linenr 50000
2018/10/06 21:20:14 - Select values.0 - linenr 50000
2018/10/06 21:20:14 - Le Arquivo.0 - Line number : 100000
2018/10/06 21:20:18 - Carrega tabela.0 - linenr 50000
2018/10/06 21:20:18 - Separa Ano e Mes.0 - Linenr 100000
2018/10/06 21:20:33 - Select values.0 - linenr 100000
2018/10/06 21:20:33 - Le Arquivo.0 - Line number : 150000
2018/10/06 21:20:37 - Carrega tabela.0 - linenr 100000
2018/10/06 21:20:37 - Separa Ano e Mes.0 - Linenr 150000
2018/10/06 21:20:52 - Select values.0 - linenr 150000
2018/10/06 21:20:53 - Le Arquivo.0 - Line number : 200000
2018/10/06 21:20:56 - Carrega tabela.0 - linenr 150000
2018/10/06 21:20:56 - Separa Ano e Mes.0 - Linenr 200000
2018/10/06 21:21:12 - Select values.0 - linenr 200000
2018/10/06 21:21:12 - Le Arquivo.0 - Line number : 250000
2018/10/06 21:21:15 - Carrega tabela.0 - linenr 200000
2018/10/06 21:21:16 - Separa Ano e Mes.0 - Linenr 250000
2018/10/06 21:21:31 - Select values.0 - linenr 250000
2018/10/06 21:21:31 - Le Arquivo.0 - Line number : 300000
2018/10/06 21:21:35 - Carrega tabela.0 - linenr 250000
2018/10/06 21:21:35 - Separa Ano e Mes.0 - Linenr 300000
2018/10/06 21:21:50 - Select values.0 - linenr 300000
2018/10/06 21:21:50 - Le Arquivo.0 - Line number : 350000
2018/10/06 21:21:54 - Carrega tabela.0 - linenr 300000
2018/10/06 21:21:54 - Separa Ano e Mes.0 - Linenr 350000
2018/10/06 21:22:10 - Select values.0 - linenr 350000
2018/10/06 21:22:10 - Le Arquivo.0 - Line number : 400000
2018/10/06 21:22:13 - Carrega tabela.0 - linenr 350000
2018/10/06 21:22:14 - Separa Ano e Mes.0 - Linenr 400000
2018/10/06 21:22:29 - Select values.0 - linenr 400000
2018/10/06 21:22:29 - Le Arquivo.0 - Line number : 450000
2018/10/06 21:22:32 - Carrega tabela.0 - linenr 400000
2018/10/06 21:22:33 - Separa Ano e Mes.0 - Linenr 450000
2018/10/06 21:22:48 - Select values.0 - linenr 450000
2018/10/06 21:22:48 - Le Arquivo.0 - Line number : 500000
2018/10/06 21:22:52 - Carrega tabela.0 - linenr 450000
2018/10/06 21:22:52 - Separa Ano e Mes.0 - Linenr 500000
2018/10/06 21:23:07 - Select values.0 - linenr 500000
2018/10/06 21:23:07 - Le Arquivo.0 - Line number : 550000
2018/10/06 21:23:11 - Carrega tabela.0 - linenr 500000
2018/10/06 21:23:11 - Separa Ano e Mes.0 - Linenr 550000
2018/10/06 21:23:26 - Select values.0 - linenr 550000
2018/10/06 21:23:26 - Le Arquivo.0 - Line number : 600000
2018/10/06 21:23:30 - Carrega tabela.0 - linenr 550000
2018/10/06 21:23:30 - Separa Ano e Mes.0 - Linenr 600000
2018/10/06 21:23:45 - Select values.0 - linenr 600000
2018/10/06 21:23:45 - Le Arquivo.0 - Line number : 650000
2018/10/06 21:23:49 - Carrega tabela.0 - linenr 600000
2018/10/06 21:23:49 - Separa Ano e Mes.0 - Linenr 650000
2018/10/06 21:24:04 - Select values.0 - linenr 650000
2018/10/06 21:24:04 - Le Arquivo.0 - Line number : 700000
2018/10/06 21:24:08 - Carrega tabela.0 - linenr 650000
2018/10/06 21:24:08 - Separa Ano e Mes.0 - Linenr 700000
2018/10/06 21:24:23 - Select values.0 - linenr 700000
2018/10/06 21:24:23 - Le Arquivo.0 - Line number : 750000
2018/10/06 21:24:27 - Carrega tabela.0 - linenr 700000
2018/10/06 21:24:27 - Separa Ano e Mes.0 - Linenr 750000
2018/10/06 21:24:42 - Select values.0 - linenr 750000
2018/10/06 21:24:42 - Le Arquivo.0 - Line number : 800000
2018/10/06 21:24:46 - Carrega tabela.0 - linenr 750000
2018/10/06 21:24:46 - Separa Ano e Mes.0 - Linenr 800000
2018/10/06 21:25:01 - Select values.0 - linenr 800000
2018/10/06 21:25:02 - Le Arquivo.0 - Line number : 850000
2018/10/06 21:25:05 - Carrega tabela.0 - linenr 800000
2018/10/06 21:25:05 - Separa Ano e Mes.0 - Linenr 850000
2018/10/06 21:25:21 - Select values.0 - linenr 850000
2018/10/06 21:25:21 - Le Arquivo.0 - Line number : 900000
2018/10/06 21:25:24 - Carrega tabela.0 - linenr 850000
2018/10/06 21:25:25 - Separa Ano e Mes.0 - Linenr 900000
2018/10/06 21:25:40 - Select values.0 - linenr 900000
2018/10/06 21:25:40 - Le Arquivo.0 - Line number : 950000
2018/10/06 21:25:44 - Carrega tabela.0 - linenr 900000
2018/10/06 21:25:44 - Separa Ano e Mes.0 - Linenr 950000
2018/10/06 21:25:59 - Select values.0 - linenr 950000
2018/10/06 21:25:59 - Le Arquivo.0 - Line number : 1000000
2018/10/06 21:26:03 - Carrega tabela.0 - linenr 950000
2018/10/06 21:26:03 - Separa Ano e Mes.0 - Linenr 1000000
2018/10/06 21:26:18 - Select values.0 - linenr 1000000
2018/10/06 21:26:18 - Le Arquivo.0 - Line number : 1050000
2018/10/06 21:26:22 - Carrega tabela.0 - linenr 1000000
2018/10/06 21:26:22 - Separa Ano e Mes.0 - Linenr 1050000
2018/10/06 21:26:37 - Select values.0 - linenr 1050000
2018/10/06 21:26:37 - Le Arquivo.0 - Line number : 1100000
2018/10/06 21:26:41 - Carrega tabela.0 - linenr 1050000
2018/10/06 21:26:41 - Separa Ano e Mes.0 - Linenr 1100000
2018/10/06 21:26:56 - Select values.0 - linenr 1100000
2018/10/06 21:26:57 - Le Arquivo.0 - Line number : 1150000
2018/10/06 21:27:00 - Carrega tabela.0 - linenr 1100000
2018/10/06 21:27:00 - Separa Ano e Mes.0 - Linenr 1150000
2018/10/06 21:27:16 - Select values.0 - linenr 1150000
2018/10/06 21:27:16 - Le Arquivo.0 - Line number : 1200000
2018/10/06 21:27:19 - Carrega tabela.0 - linenr 1150000
2018/10/06 21:27:20 - Separa Ano e Mes.0 - Linenr 1200000
2018/10/06 21:27:35 - Select values.0 - linenr 1200000
2018/10/06 21:27:35 - Le Arquivo.0 - Line number : 1250000
2018/10/06 21:27:38 - Carrega tabela.0 - linenr 1200000
2018/10/06 21:27:39 - Separa Ano e Mes.0 - Linenr 1250000
2018/10/06 21:27:54 - Select values.0 - linenr 1250000
2018/10/06 21:27:54 - Le Arquivo.0 - Line number : 1300000
2018/10/06 21:27:57 - Carrega tabela.0 - linenr 1250000
2018/10/06 21:27:58 - Separa Ano e Mes.0 - Linenr 1300000
2018/10/06 21:28:13 - Select values.0 - linenr 1300000
2018/10/06 21:28:13 - Le Arquivo.0 - Line number : 1350000
2018/10/06 21:28:16 - Carrega tabela.0 - linenr 1300000
2018/10/06 21:28:17 - Separa Ano e Mes.0 - Linenr 1350000
2018/10/06 21:28:31 - Select values.0 - linenr 1350000
2018/10/06 21:28:32 - Le Arquivo.0 - Line number : 1400000
2018/10/06 21:28:35 - Carrega tabela.0 - linenr 1350000
2018/10/06 21:28:35 - Separa Ano e Mes.0 - Linenr 1400000
2018/10/06 21:28:50 - Select values.0 - linenr 1400000
2018/10/06 21:28:51 - Le Arquivo.0 - Line number : 1450000
2018/10/06 21:28:54 - Carrega tabela.0 - linenr 1400000
2018/10/06 21:28:54 - Separa Ano e Mes.0 - Linenr 1450000
2018/10/06 21:29:10 - Select values.0 - linenr 1450000
2018/10/06 21:29:10 - Le Arquivo.0 - Line number : 1500000
2018/10/06 21:29:13 - Carrega tabela.0 - linenr 1450000
2018/10/06 21:29:14 - Separa Ano e Mes.0 - Linenr 1500000
2018/10/06 21:29:29 - Select values.0 - linenr 1500000
2018/10/06 21:29:29 - Le Arquivo.0 - Line number : 1550000
2018/10/06 21:29:32 - Carrega tabela.0 - linenr 1500000
2018/10/06 21:29:33 - Separa Ano e Mes.0 - Linenr 1550000
2018/10/06 21:29:48 - Select values.0 - linenr 1550000
2018/10/06 21:29:48 - Le Arquivo.0 - Line number : 1600000
2018/10/06 21:29:52 - Carrega tabela.0 - linenr 1550000
2018/10/06 21:29:52 - Separa Ano e Mes.0 - Linenr 1600000
2018/10/06 21:30:07 - Select values.0 - linenr 1600000
2018/10/06 21:30:08 - Le Arquivo.0 - Line number : 1650000
2018/10/06 21:30:11 - Carrega tabela.0 - linenr 1600000
2018/10/06 21:30:11 - Separa Ano e Mes.0 - Linenr 1650000
2018/10/06 21:30:27 - Select values.0 - linenr 1650000
2018/10/06 21:30:27 - Le Arquivo.0 - Line number : 1700000
2018/10/06 21:30:31 - Carrega tabela.0 - linenr 1650000
2018/10/06 21:30:31 - Separa Ano e Mes.0 - Linenr 1700000
2018/10/06 21:30:46 - Select values.0 - linenr 1700000
2018/10/06 21:30:46 - Le Arquivo.0 - Line number : 1750000
2018/10/06 21:30:50 - Carrega tabela.0 - linenr 1700000
2018/10/06 21:30:50 - Separa Ano e Mes.0 - Linenr 1750000
2018/10/06 21:31:05 - Select values.0 - linenr 1750000
2018/10/06 21:31:05 - Le Arquivo.0 - Line number : 1800000
2018/10/06 21:31:09 - Carrega tabela.0 - linenr 1750000
2018/10/06 21:31:09 - Separa Ano e Mes.0 - Linenr 1800000
2018/10/06 21:31:24 - Select values.0 - linenr 1800000
2018/10/06 21:31:24 - Le Arquivo.0 - Line number : 1850000
2018/10/06 21:31:28 - Carrega tabela.0 - linenr 1800000
2018/10/06 21:31:28 - Separa Ano e Mes.0 - Linenr 1850000
2018/10/06 21:31:44 - Select values.0 - linenr 1850000
2018/10/06 21:31:44 - Le Arquivo.0 - Line number : 1900000
2018/10/06 21:31:47 - Carrega tabela.0 - linenr 1850000
2018/10/06 21:31:47 - Separa Ano e Mes.0 - Linenr 1900000
2018/10/06 21:32:03 - Select values.0 - linenr 1900000
2018/10/06 21:32:03 - Le Arquivo.0 - Line number : 1950000
2018/10/06 21:32:06 - Carrega tabela.0 - linenr 1900000
2018/10/06 21:32:06 - Separa Ano e Mes.0 - Linenr 1950000
2018/10/06 21:32:22 - Select values.0 - linenr 1950000
2018/10/06 21:32:22 - Le Arquivo.0 - Line number : 2000000
2018/10/06 21:32:26 - Carrega tabela.0 - linenr 1950000
2018/10/06 21:32:26 - Separa Ano e Mes.0 - Linenr 2000000
2018/10/06 21:32:41 - Select values.0 - linenr 2000000
2018/10/06 21:32:41 - Le Arquivo.0 - Line number : 2050000
2018/10/06 21:32:45 - Carrega tabela.0 - linenr 2000000
2018/10/06 21:32:45 - Separa Ano e Mes.0 - Linenr 2050000
2018/10/06 21:33:00 - Select values.0 - linenr 2050000
2018/10/06 21:33:00 - Le Arquivo.0 - Line number : 2100000
2018/10/06 21:33:04 - Carrega tabela.0 - linenr 2050000
2018/10/06 21:33:04 - Separa Ano e Mes.0 - Linenr 2100000
2018/10/06 21:33:19 - Select values.0 - linenr 2100000
2018/10/06 21:33:19 - Le Arquivo.0 - Line number : 2150000
2018/10/06 21:33:23 - Carrega tabela.0 - linenr 2100000
2018/10/06 21:33:23 - Separa Ano e Mes.0 - Linenr 2150000
2018/10/06 21:33:38 - Select values.0 - linenr 2150000
2018/10/06 21:33:38 - Le Arquivo.0 - Line number : 2200000
2018/10/06 21:33:42 - Carrega tabela.0 - linenr 2150000
2018/10/06 21:33:42 - Separa Ano e Mes.0 - Linenr 2200000
2018/10/06 21:33:57 - Select values.0 - linenr 2200000
2018/10/06 21:33:57 - Le Arquivo.0 - Line number : 2250000
2018/10/06 21:34:01 - Carrega tabela.0 - linenr 2200000
2018/10/06 21:34:01 - Separa Ano e Mes.0 - Linenr 2250000
2018/10/06 21:34:16 - Select values.0 - linenr 2250000
2018/10/06 21:34:17 - Le Arquivo.0 - Line number : 2300000
2018/10/06 21:34:20 - Carrega tabela.0 - linenr 2250000
2018/10/06 21:34:20 - Separa Ano e Mes.0 - Linenr 2300000
2018/10/06 21:34:36 - Select values.0 - linenr 2300000
2018/10/06 21:34:36 - Le Arquivo.0 - Line number : 2350000
2018/10/06 21:34:39 - Carrega tabela.0 - linenr 2300000
2018/10/06 21:34:40 - Separa Ano e Mes.0 - Linenr 2350000
2018/10/06 21:34:55 - Select values.0 - linenr 2350000
2018/10/06 21:34:55 - Le Arquivo.0 - Line number : 2400000
2018/10/06 21:34:59 - Carrega tabela.0 - linenr 2350000
2018/10/06 21:34:59 - Separa Ano e Mes.0 - Linenr 2400000
2018/10/06 21:35:14 - Select values.0 - linenr 2400000
2018/10/06 21:35:14 - Le Arquivo.0 - Line number : 2450000
2018/10/06 21:35:18 - Carrega tabela.0 - linenr 2400000
2018/10/06 21:35:18 - Separa Ano e Mes.0 - Linenr 2450000
2018/10/06 21:35:34 - Select values.0 - linenr 2450000
2018/10/06 21:35:34 - Le Arquivo.0 - Line number : 2500000
2018/10/06 21:35:37 - Carrega tabela.0 - linenr 2450000
2018/10/06 21:35:38 - Separa Ano e Mes.0 - Linenr 2500000
2018/10/06 21:35:53 - Select values.0 - linenr 2500000
2018/10/06 21:35:53 - Le Arquivo.0 - Line number : 2550000
2018/10/06 21:35:56 - Carrega tabela.0 - linenr 2500000
2018/10/06 21:35:57 - Separa Ano e Mes.0 - Linenr 2550000
2018/10/06 21:36:12 - Select values.0 - linenr 2550000
2018/10/06 21:36:12 - Le Arquivo.0 - Line number : 2600000
2018/10/06 21:36:16 - Carrega tabela.0 - linenr 2550000
2018/10/06 21:36:16 - Separa Ano e Mes.0 - Linenr 2600000
2018/10/06 21:36:32 - Select values.0 - linenr 2600000
2018/10/06 21:36:32 - Le Arquivo.0 - Line number : 2650000
2018/10/06 21:36:36 - Carrega tabela.0 - linenr 2600000
2018/10/06 21:36:36 - Separa Ano e Mes.0 - Linenr 2650000
2018/10/06 21:36:51 - Select values.0 - linenr 2650000
2018/10/06 21:36:51 - Le Arquivo.0 - Line number : 2700000
2018/10/06 21:36:55 - Carrega tabela.0 - linenr 2650000
2018/10/06 21:36:55 - Separa Ano e Mes.0 - Linenr 2700000
2018/10/06 21:37:10 - Select values.0 - linenr 2700000
2018/10/06 21:37:10 - Le Arquivo.0 - Line number : 2750000
2018/10/06 21:37:14 - Carrega tabela.0 - linenr 2700000
2018/10/06 21:37:14 - Separa Ano e Mes.0 - Linenr 2750000
2018/10/06 21:37:30 - Select values.0 - linenr 2750000
2018/10/06 21:37:30 - Le Arquivo.0 - Line number : 2800000
2018/10/06 21:37:34 - Carrega tabela.0 - linenr 2750000
2018/10/06 21:37:34 - Separa Ano e Mes.0 - Linenr 2800000
2018/10/06 21:37:49 - Select values.0 - linenr 2800000
2018/10/06 21:37:49 - Le Arquivo.0 - Line number : 2850000
2018/10/06 21:37:53 - Carrega tabela.0 - linenr 2800000
2018/10/06 21:37:53 - Separa Ano e Mes.0 - Linenr 2850000
2018/10/06 21:38:08 - Select values.0 - linenr 2850000
2018/10/06 21:38:09 - Le Arquivo.0 - Line number : 2900000
2018/10/06 21:38:12 - Carrega tabela.0 - linenr 2850000
2018/10/06 21:38:12 - Separa Ano e Mes.0 - Linenr 2900000
2018/10/06 21:38:28 - Select values.0 - linenr 2900000
2018/10/06 21:38:28 - Le Arquivo.0 - Line number : 2950000
2018/10/06 21:38:32 - Carrega tabela.0 - linenr 2900000
2018/10/06 21:38:32 - Separa Ano e Mes.0 - Linenr 2950000
2018/10/06 21:38:47 - Select values.0 - linenr 2950000
2018/10/06 21:38:47 - Le Arquivo.0 - Line number : 3000000
2018/10/06 21:38:51 - Carrega tabela.0 - linenr 2950000
2018/10/06 21:38:51 - Separa Ano e Mes.0 - Linenr 3000000
2018/10/06 21:39:06 - Select values.0 - linenr 3000000
2018/10/06 21:39:07 - Le Arquivo.0 - Line number : 3050000
2018/10/06 21:39:10 - Carrega tabela.0 - linenr 3000000
2018/10/06 21:39:10 - Separa Ano e Mes.0 - Linenr 3050000
2018/10/06 21:39:25 - Select values.0 - linenr 3050000
2018/10/06 21:39:26 - Le Arquivo.0 - Line number : 3100000
2018/10/06 21:39:29 - Carrega tabela.0 - linenr 3050000
2018/10/06 21:39:29 - Separa Ano e Mes.0 - Linenr 3100000
2018/10/06 21:39:45 - Select values.0 - linenr 3100000
2018/10/06 21:39:45 - Le Arquivo.0 - Line number : 3150000
2018/10/06 21:39:48 - Carrega tabela.0 - linenr 3100000
2018/10/06 21:39:49 - Separa Ano e Mes.0 - Linenr 3150000
2018/10/06 21:40:04 - Select values.0 - linenr 3150000
2018/10/06 21:40:04 - Le Arquivo.0 - Line number : 3200000
2018/10/06 21:40:08 - Carrega tabela.0 - linenr 3150000
2018/10/06 21:40:08 - Separa Ano e Mes.0 - Linenr 3200000
2018/10/06 21:40:23 - Select values.0 - linenr 3200000
2018/10/06 21:40:23 - Le Arquivo.0 - Line number : 3250000
2018/10/06 21:40:27 - Carrega tabela.0 - linenr 3200000
2018/10/06 21:40:27 - Separa Ano e Mes.0 - Linenr 3250000
2018/10/06 21:40:42 - Select values.0 - linenr 3250000
2018/10/06 21:40:42 - Le Arquivo.0 - Line number : 3300000
2018/10/06 21:40:46 - Carrega tabela.0 - linenr 3250000
2018/10/06 21:40:46 - Separa Ano e Mes.0 - Linenr 3300000
2018/10/06 21:41:02 - Select values.0 - linenr 3300000
2018/10/06 21:41:02 - Le Arquivo.0 - Line number : 3350000
2018/10/06 21:41:06 - Carrega tabela.0 - linenr 3300000
2018/10/06 21:41:06 - Separa Ano e Mes.0 - Linenr 3350000
2018/10/06 21:41:21 - Select values.0 - linenr 3350000
2018/10/06 21:41:21 - Le Arquivo.0 - Line number : 3400000
2018/10/06 21:41:25 - Carrega tabela.0 - linenr 3350000
2018/10/06 21:41:25 - Separa Ano e Mes.0 - Linenr 3400000
2018/10/06 21:41:40 - Select values.0 - linenr 3400000
2018/10/06 21:41:40 - Le Arquivo.0 - Line number : 3450000
2018/10/06 21:41:44 - Carrega tabela.0 - linenr 3400000
2018/10/06 21:41:44 - Separa Ano e Mes.0 - Linenr 3450000
2018/10/06 21:41:59 - Select values.0 - linenr 3450000
2018/10/06 21:41:59 - Le Arquivo.0 - Line number : 3500000
2018/10/06 21:42:03 - Carrega tabela.0 - linenr 3450000
2018/10/06 21:42:03 - Separa Ano e Mes.0 - Linenr 3500000
2018/10/06 21:42:18 - Select values.0 - linenr 3500000
2018/10/06 21:42:18 - Le Arquivo.0 - Line number : 3550000
2018/10/06 21:42:22 - Carrega tabela.0 - linenr 3500000
2018/10/06 21:42:22 - Separa Ano e Mes.0 - Linenr 3550000
2018/10/06 21:42:37 - Select values.0 - linenr 3550000
2018/10/06 21:42:37 - Le Arquivo.0 - Line number : 3600000
2018/10/06 21:42:41 - Carrega tabela.0 - linenr 3550000
2018/10/06 21:42:41 - Separa Ano e Mes.0 - Linenr 3600000
2018/10/06 21:42:56 - Select values.0 - linenr 3600000
2018/10/06 21:42:56 - Le Arquivo.0 - Line number : 3650000
2018/10/06 21:43:00 - Carrega tabela.0 - linenr 3600000
2018/10/06 21:43:00 - Separa Ano e Mes.0 - Linenr 3650000
2018/10/06 21:43:15 - Select values.0 - linenr 3650000
2018/10/06 21:43:16 - Le Arquivo.0 - Line number : 3700000
2018/10/06 21:43:19 - Carrega tabela.0 - linenr 3650000
2018/10/06 21:43:19 - Separa Ano e Mes.0 - Linenr 3700000
2018/10/06 21:43:35 - Select values.0 - linenr 3700000
2018/10/06 21:43:35 - Le Arquivo.0 - Line number : 3750000
2018/10/06 21:43:38 - Carrega tabela.0 - linenr 3700000
2018/10/06 21:43:39 - Separa Ano e Mes.0 - Linenr 3750000
2018/10/06 21:43:54 - Select values.0 - linenr 3750000
2018/10/06 21:43:54 - Le Arquivo.0 - Line number : 3800000
2018/10/06 21:43:58 - Carrega tabela.0 - linenr 3750000
2018/10/06 21:43:58 - Separa Ano e Mes.0 - Linenr 3800000
2018/10/06 21:44:13 - Select values.0 - linenr 3800000
2018/10/06 21:44:14 - Le Arquivo.0 - Line number : 3850000
2018/10/06 21:44:17 - Carrega tabela.0 - linenr 3800000
2018/10/06 21:44:17 - Separa Ano e Mes.0 - Linenr 3850000
2018/10/06 21:44:32 - Select values.0 - linenr 3850000
2018/10/06 21:44:33 - Le Arquivo.0 - Line number : 3900000
2018/10/06 21:44:36 - Carrega tabela.0 - linenr 3850000
2018/10/06 21:44:36 - Separa Ano e Mes.0 - Linenr 3900000
2018/10/06 21:44:52 - Select values.0 - linenr 3900000
2018/10/06 21:44:52 - Le Arquivo.0 - Line number : 3950000
2018/10/06 21:44:55 - Carrega tabela.0 - linenr 3900000
2018/10/06 21:44:56 - Separa Ano e Mes.0 - Linenr 3950000
2018/10/06 21:45:11 - Select values.0 - linenr 3950000
2018/10/06 21:45:11 - Le Arquivo.0 - Line number : 4000000
2018/10/06 21:45:15 - Carrega tabela.0 - linenr 3950000
2018/10/06 21:45:15 - Separa Ano e Mes.0 - Linenr 4000000
2018/10/06 21:45:30 - Select values.0 - linenr 4000000
2018/10/06 21:45:30 - Le Arquivo.0 - Line number : 4050000
2018/10/06 21:45:34 - Carrega tabela.0 - linenr 4000000
2018/10/06 21:45:34 - Separa Ano e Mes.0 - Linenr 4050000
2018/10/06 21:45:49 - Select values.0 - linenr 4050000
2018/10/06 21:45:49 - Le Arquivo.0 - Line number : 4100000
2018/10/06 21:45:53 - Carrega tabela.0 - linenr 4050000
2018/10/06 21:45:53 - Separa Ano e Mes.0 - Linenr 4100000
2018/10/06 21:46:08 - Select values.0 - linenr 4100000
2018/10/06 21:46:08 - Le Arquivo.0 - Line number : 4150000
2018/10/06 21:46:12 - Carrega tabela.0 - linenr 4100000
2018/10/06 21:46:12 - Separa Ano e Mes.0 - Linenr 4150000
2018/10/06 21:46:28 - Select values.0 - linenr 4150000
2018/10/06 21:46:28 - Le Arquivo.0 - Line number : 4200000
2018/10/06 21:46:31 - Carrega tabela.0 - linenr 4150000
2018/10/06 21:46:32 - Separa Ano e Mes.0 - Linenr 4200000
2018/10/06 21:46:47 - Select values.0 - linenr 4200000
2018/10/06 21:46:47 - Le Arquivo.0 - Line number : 4250000
2018/10/06 21:46:51 - Carrega tabela.0 - linenr 4200000
2018/10/06 21:46:51 - Separa Ano e Mes.0 - Linenr 4250000
2018/10/06 21:47:06 - Select values.0 - linenr 4250000
2018/10/06 21:47:06 - Le Arquivo.0 - Line number : 4300000
2018/10/06 21:47:10 - Carrega tabela.0 - linenr 4250000
2018/10/06 21:47:10 - Separa Ano e Mes.0 - Linenr 4300000
2018/10/06 21:47:25 - Select values.0 - linenr 4300000
2018/10/06 21:47:25 - Le Arquivo.0 - Line number : 4350000
2018/10/06 21:47:29 - Carrega tabela.0 - linenr 4300000
2018/10/06 21:47:29 - Separa Ano e Mes.0 - Linenr 4350000
2018/10/06 21:47:44 - Select values.0 - linenr 4350000
2018/10/06 21:47:44 - Le Arquivo.0 - Line number : 4400000
2018/10/06 21:47:48 - Carrega tabela.0 - linenr 4350000
2018/10/06 21:47:48 - Separa Ano e Mes.0 - Linenr 4400000
2018/10/06 21:48:04 - Select values.0 - linenr 4400000
2018/10/06 21:48:04 - Le Arquivo.0 - Line number : 4450000
2018/10/06 21:48:07 - Carrega tabela.0 - linenr 4400000
2018/10/06 21:48:08 - Separa Ano e Mes.0 - Linenr 4450000
2018/10/06 21:48:23 - Select values.0 - linenr 4450000
2018/10/06 21:48:23 - Le Arquivo.0 - Line number : 4500000
2018/10/06 21:48:26 - Carrega tabela.0 - linenr 4450000
2018/10/06 21:48:27 - Separa Ano e Mes.0 - Linenr 4500000
2018/10/06 21:48:42 - Select values.0 - linenr 4500000
2018/10/06 21:48:42 - Le Arquivo.0 - Line number : 4550000
2018/10/06 21:48:46 - Carrega tabela.0 - linenr 4500000
2018/10/06 21:48:46 - Separa Ano e Mes.0 - Linenr 4550000
2018/10/06 21:48:50 - ktr_carga_caged - ERROR (version 7.1.0.0-12, build 1 from 2017-05-16 17.18.02 by buildguy) : Errors detected!
2018/10/06 21:48:50 - Carrega tabela.0 - ERROR (version 7.1.0.0-12, build 1 from 2017-05-16 17.18.02 by buildguy) : Because of an error, this step can't continue: 
2018/10/06 21:48:50 - Carrega tabela.0 - ERROR (version 7.1.0.0-12, build 1 from 2017-05-16 17.18.02 by buildguy) : org.pentaho.di.core.exception.KettleValueException: 
2018/10/06 21:48:50 - Carrega tabela.0 - Unexpected conversion error while converting value [cnae_1_classe String] to an Integer
2018/10/06 21:48:50 - Carrega tabela.0 - 
2018/10/06 21:48:50 - Carrega tabela.0 - cnae_1_classe String : couldn't convert String to Integer
2018/10/06 21:48:50 - Carrega tabela.0 - 
2018/10/06 21:48:50 - Carrega tabela.0 - cnae_1_classe String : couldn't convert String to number : non-numeric character found at position 4 for value [000-1]
2018/10/06 21:48:50 - Carrega tabela.0 - 
2018/10/06 21:48:50 - Carrega tabela.0 - 
2018/10/06 21:48:50 - Carrega tabela.0 - 
2018/10/06 21:48:50 - Carrega tabela.0 - 	at org.pentaho.di.core.row.value.ValueMetaBase.getInteger(ValueMetaBase.java:2081)
2018/10/06 21:48:50 - Carrega tabela.0 - 	at org.pentaho.di.core.row.value.ValueMetaBase.convertData(ValueMetaBase.java:3785)
2018/10/06 21:48:50 - Carrega tabela.0 - 	at org.pentaho.di.core.row.value.ValueMetaBase.convertBinaryStringToNativeType(ValueMetaBase.java:1579)
2018/10/06 21:48:50 - Carrega tabela.0 - 	at org.pentaho.di.core.row.value.ValueMetaBase.getString(ValueMetaBase.java:1799)
2018/10/06 21:48:50 - Carrega tabela.0 - 	at org.pentaho.di.core.row.RowMeta.getString(RowMeta.java:319)
2018/10/06 21:48:50 - Carrega tabela.0 - 	at org.pentaho.di.core.row.RowMeta.getString(RowMeta.java:828)
2018/10/06 21:48:50 - Carrega tabela.0 - 	at org.pentaho.di.trans.steps.tableoutput.TableOutput.writeToTable(TableOutput.java:385)
2018/10/06 21:48:50 - Carrega tabela.0 - 	at org.pentaho.di.trans.steps.tableoutput.TableOutput.processRow(TableOutput.java:125)
2018/10/06 21:48:50 - Carrega tabela.0 - 	at org.pentaho.di.trans.step.RunThread.run(RunThread.java:62)
2018/10/06 21:48:50 - Carrega tabela.0 - 	at java.lang.Thread.run(Thread.java:748)
2018/10/06 21:48:50 - Carrega tabela.0 - Caused by: org.pentaho.di.core.exception.KettleValueException: 
2018/10/06 21:48:50 - Carrega tabela.0 - cnae_1_classe String : couldn't convert String to Integer
2018/10/06 21:48:50 - Carrega tabela.0 - 
2018/10/06 21:48:50 - Carrega tabela.0 - cnae_1_classe String : couldn't convert String to number : non-numeric character found at position 4 for value [000-1]
2018/10/06 21:48:50 - Carrega tabela.0 - 
2018/10/06 21:48:50 - Carrega tabela.0 - 
2018/10/06 21:48:50 - Carrega tabela.0 - 	at org.pentaho.di.core.row.value.ValueMetaBase.convertStringToInteger(ValueMetaBase.java:1323)
2018/10/06 21:48:50 - Carrega tabela.0 - 	at org.pentaho.di.core.row.value.ValueMetaBase.getInteger(ValueMetaBase.java:2019)
2018/10/06 21:48:50 - Carrega tabela.0 - 	... 9 more
2018/10/06 21:48:50 - Carrega tabela.0 - Caused by: org.pentaho.di.core.exception.KettleValueException: 
2018/10/06 21:48:50 - Carrega tabela.0 - cnae_1_classe String : couldn't convert String to number : non-numeric character found at position 4 for value [000-1]
2018/10/06 21:48:50 - Carrega tabela.0 - 
2018/10/06 21:48:50 - Carrega tabela.0 - 	at org.pentaho.di.core.row.value.ValueMetaBase.convertStringToInteger(ValueMetaBase.java:1317)
2018/10/06 21:48:50 - Carrega tabela.0 - 	... 10 more
2018/10/06 21:48:50 - Corrige CBO.0 - Finished processing (I=0, O=0, R=4541843, W=4541843, U=0, E=0)
2018/10/06 21:48:50 - Carrega tabela.0 - Finished processing (I=0, O=4512129, R=4512130, W=4512129, U=0, E=1)
2018/10/06 21:48:50 - Select values.0 - Finished processing (I=0, O=0, R=4522041, W=4522041, U=0, E=0)
2018/10/06 21:48:50 - corige_dia_mov.0 - Finished processing (I=0, O=0, R=4531942, W=4531942, U=0, E=0)
2018/10/06 21:48:50 - Separa Ano e Mes.0 - Finished processing (I=0, O=0, R=4561644, W=4561644, U=0, E=0)
2018/10/06 21:48:50 - Corrige sal_mensal_declarado.0 - Finished processing (I=0, O=0, R=4551743, W=4551743, U=0, E=0)
2018/10/06 21:48:50 - ktr_carga_caged - Transformation detected one or more steps with errors.
2018/10/06 21:48:50 - ktr_carga_caged - Transformation is killing the other steps!
2018/10/06 21:48:50 - Le Arquivo.0 - Finished processing (I=4571646, O=0, R=0, W=4571645, U=0, E=0)
2018/10/06 21:48:50 - ktr_carga_caged - ERROR (version 7.1.0.0-12, build 1 from 2017-05-16 17.18.02 by buildguy) : Errors detected!
2018/10/06 21:48:50 - job_carga_caged - Finished job entry [ktr_carga_caged] (result=[false])
2018/10/06 21:48:50 - job_carga_caged - Job execution finished
2018/10/06 21:48:50 - Kitchen - Finished!
2018/10/06 21:48:50 - Kitchen - ERROR (version 7.1.0.0-12, build 1 from 2017-05-16 17.18.02 by buildguy) : Finished with errors
2018/10/06 21:48:50 - Kitchen - Start=2018/10/06 21:19:52.082, Stop=2018/10/06 21:48:50.829
2018/10/06 21:48:50 - Kitchen - Processing ended after 28 minutes and 58 seconds (1738 seconds total).
