#######################################################################
WARNING:  no libwebkitgtk-1.0 detected, some features will be unavailable
    Consider installing the package with apt-get or yum.
    e.g. 'sudo apt-get install libwebkitgtk-1.0-0'
#######################################################################
OpenJDK 64-Bit Server VM warning: ignoring option MaxPermSize=4G; support was removed in 8.0
11:25:24,597 INFO  [KarafBoot] Checking to see if org.pentaho.clean.karaf.cache is enabled
11:25:24,705 INFO  [KarafInstance] 
*******************************************************************************
*** Karaf Instance Number: 2 at /opt/data-integration/./system/karaf/caches ***
***   /kitchen/data-1                                                       ***
*** FastBin Provider Port:52902                                             ***
*** Karaf Port:8803                                                         ***
*** OSGI Service Port:9052                                                  ***
*******************************************************************************
out 01, 2018 11:25:25 AM org.apache.karaf.main.Main$KarafLockCallback lockAquired
INFO: Lock acquired. Setting startlevel to 100
2018/10/01 11:25:26 - Kitchen - Start of run.
2018-10-01 11:25:28.948:INFO:oejs.Server:jetty-8.1.15.v20140411
2018-10-01 11:25:29.192:INFO:oejs.AbstractConnector:Started NIOSocketConnectorWrapper@0.0.0.0:9052
out 01, 2018 11:25:29 AM org.apache.cxf.bus.blueprint.NamespaceHandlerRegisterer register
INFO: Registered blueprint namespace handler for http://cxf.apache.org/blueprint/core
out 01, 2018 11:25:29 AM org.apache.cxf.bus.blueprint.NamespaceHandlerRegisterer register
INFO: Registered blueprint namespace handler for http://cxf.apache.org/configuration/beans
out 01, 2018 11:25:29 AM org.apache.cxf.bus.blueprint.NamespaceHandlerRegisterer register
INFO: Registered blueprint namespace handler for http://cxf.apache.org/configuration/parameterized-types
out 01, 2018 11:25:29 AM org.apache.cxf.bus.blueprint.NamespaceHandlerRegisterer register
INFO: Registered blueprint namespace handler for http://cxf.apache.org/configuration/security
out 01, 2018 11:25:29 AM org.apache.cxf.bus.blueprint.NamespaceHandlerRegisterer register
INFO: Registered blueprint namespace handler for http://schemas.xmlsoap.org/wsdl/
out 01, 2018 11:25:29 AM org.apache.cxf.bus.blueprint.NamespaceHandlerRegisterer register
INFO: Registered blueprint namespace handler for http://www.w3.org/2005/08/addressing
out 01, 2018 11:25:29 AM org.apache.cxf.bus.blueprint.NamespaceHandlerRegisterer register
INFO: Registered blueprint namespace handler for http://schemas.xmlsoap.org/ws/2004/08/addressing
out 01, 2018 11:25:29 AM org.apache.cxf.bus.osgi.CXFExtensionBundleListener addExtensions
INFO: Adding the extensions from bundle org.apache.cxf.cxf-rt-management (152) [org.apache.cxf.management.InstrumentationManager]
out 01, 2018 11:25:29 AM org.apache.cxf.bus.osgi.CXFExtensionBundleListener addExtensions
INFO: Adding the extensions from bundle org.apache.cxf.cxf-rt-transports-http (156) [org.apache.cxf.transport.http.HTTPTransportFactory, org.apache.cxf.transport.http.HTTPWSDLExtensionLoader, org.apache.cxf.transport.http.policy.HTTPClientAssertionBuilder, org.apache.cxf.transport.http.policy.HTTPServerAssertionBuilder, org.apache.cxf.transport.http.policy.NoOpPolicyInterceptorProvider]
out 01, 2018 11:25:29 AM org.apache.cxf.bus.osgi.CXFExtensionBundleListener addExtensions
INFO: Adding the extensions from bundle org.apache.cxf.cxf-rt-wsdl (189) [org.apache.cxf.wsdl.WSDLManager]
out 01, 2018 11:25:29 AM org.apache.cxf.bus.osgi.CXFExtensionBundleListener addExtensions
INFO: Adding the extensions from bundle org.apache.cxf.cxf-rt-ws-policy (203) [org.apache.cxf.ws.policy.PolicyEngine, org.apache.cxf.policy.PolicyDataEngine, org.apache.cxf.ws.policy.AssertionBuilderRegistry, org.apache.cxf.ws.policy.PolicyInterceptorProviderRegistry, org.apache.cxf.ws.policy.PolicyBuilder, org.apache.cxf.ws.policy.PolicyAnnotationListener, org.apache.cxf.ws.policy.attachment.ServiceModelPolicyProvider, org.apache.cxf.ws.policy.attachment.external.DomainExpressionBuilderRegistry, org.apache.cxf.ws.policy.attachment.external.EndpointReferenceDomainExpressionBuilder, org.apache.cxf.ws.policy.attachment.external.URIDomainExpressionBuilder, org.apache.cxf.ws.policy.attachment.wsdl11.Wsdl11AttachmentPolicyProvider, org.apache.cxf.ws.policy.mtom.MTOMAssertionBuilder, org.apache.cxf.ws.policy.mtom.MTOMPolicyInterceptorProvider]
out 01, 2018 11:25:29 AM org.apache.cxf.bus.blueprint.NamespaceHandlerRegisterer register
INFO: Registered blueprint namespace handler for http://cxf.apache.org/transports/http/configuration
out 01, 2018 11:25:29 AM org.apache.cxf.bus.osgi.CXFExtensionBundleListener addExtensions
INFO: Adding the extensions from bundle org.apache.cxf.cxf-rt-bindings-soap (192) [org.apache.cxf.binding.soap.SoapBindingFactory, org.apache.cxf.binding.soap.SoapTransportFactory]
out 01, 2018 11:25:29 AM org.apache.cxf.bus.blueprint.NamespaceHandlerRegisterer register
INFO: Registered blueprint namespace handler for http://cxf.apache.org/blueprint/jaxrs
out 01, 2018 11:25:29 AM org.apache.cxf.bus.blueprint.NamespaceHandlerRegisterer register
INFO: Registered blueprint namespace handler for http://cxf.apache.org/blueprint/jaxrs-client
out 01, 2018 11:25:29 AM org.apache.cxf.bus.osgi.CXFExtensionBundleListener addExtensions
INFO: Adding the extensions from bundle org.apache.cxf.cxf-rt-bindings-xml (191) [org.apache.cxf.binding.xml.XMLBindingFactory, org.apache.cxf.binding.xml.wsdl11.XMLWSDLExtensionLoader]
out 01, 2018 11:25:29 AM org.apache.cxf.bus.blueprint.NamespaceHandlerRegisterer register
INFO: Registered blueprint namespace handler for http://cxf.apache.org/blueprint/bindings/soap
out 01, 2018 11:25:29 AM org.apache.cxf.bus.blueprint.NamespaceHandlerRegisterer register
INFO: Registered blueprint namespace handler for http://cxf.apache.org/blueprint/simple
out 01, 2018 11:25:29 AM org.apache.cxf.bus.osgi.CXFExtensionBundleListener addExtensions
INFO: Adding the extensions from bundle org.apache.cxf.cxf-rt-frontend-jaxws (194) [org.apache.cxf.jaxws.context.WebServiceContextResourceResolver]
out 01, 2018 11:25:29 AM org.apache.cxf.bus.blueprint.NamespaceHandlerRegisterer register
INFO: Registered blueprint namespace handler for http://cxf.apache.org/blueprint/jaxws
out 01, 2018 11:25:29 AM org.apache.cxf.bus.blueprint.NamespaceHandlerRegisterer register
INFO: Registered blueprint namespace handler for http://cxf.apache.org/binding/coloc
out 01, 2018 11:25:29 AM org.apache.cxf.bus.osgi.CXFExtensionBundleListener addExtensions
INFO: Adding the extensions from bundle org.apache.cxf.cxf-rt-transports-local (199) [org.apache.cxf.transport.local.LocalTransportFactory]
out 01, 2018 11:25:29 AM org.apache.cxf.bus.osgi.CXFExtensionBundleListener addExtensions
INFO: Adding the extensions from bundle org.apache.cxf.cxf-rt-bindings-object (200) [org.apache.cxf.binding.object.ObjectBindingFactory]
out 01, 2018 11:25:29 AM org.apache.cxf.bus.blueprint.NamespaceHandlerRegisterer register
INFO: Registered blueprint namespace handler for http://cxf.apache.org/blueprint/binding/object
out 01, 2018 11:25:29 AM org.apache.cxf.bus.blueprint.NamespaceHandlerRegisterer register
INFO: Registered blueprint namespace handler for http://cxf.apache.org/policy
out 01, 2018 11:25:29 AM org.apache.cxf.bus.blueprint.NamespaceHandlerRegisterer register
INFO: Registered blueprint namespace handler for http://www.w3.org/ns/ws-policy
out 01, 2018 11:25:29 AM org.apache.cxf.bus.blueprint.NamespaceHandlerRegisterer register
INFO: Registered blueprint namespace handler for http://www.w3.org/2006/07/ws-policy
out 01, 2018 11:25:29 AM org.apache.cxf.bus.blueprint.NamespaceHandlerRegisterer register
INFO: Registered blueprint namespace handler for http://schemas.xmlsoap.org/ws/2004/09/policy
out 01, 2018 11:25:29 AM org.apache.cxf.bus.blueprint.NamespaceHandlerRegisterer register
INFO: Registered blueprint namespace handler for http://docs.oasis-open.org/wss/2004/01/oasis-200401-wss-wssecurity-secext-1.0.xsd
out 01, 2018 11:25:29 AM org.apache.cxf.bus.blueprint.NamespaceHandlerRegisterer register
INFO: Registered blueprint namespace handler for http://docs.oasis-open.org/wss/2004/01/oasis-200401-wss-wssecurity-utility-1.0.xsd
out 01, 2018 11:25:29 AM org.apache.cxf.bus.blueprint.NamespaceHandlerRegisterer register
INFO: Registered blueprint namespace handler for http://www.w3.org/2000/09/xmldsig#
out 01, 2018 11:25:29 AM org.apache.cxf.bus.blueprint.NamespaceHandlerRegisterer register
INFO: Registered blueprint namespace handler for http://docs.oasis-open.org/ws-sx/ws-securitypolicy/200702
out 01, 2018 11:25:29 AM org.apache.cxf.bus.osgi.CXFExtensionBundleListener addExtensions
INFO: Adding the extensions from bundle org.apache.cxf.cxf-rt-ws-addr (220) [org.apache.cxf.ws.addressing.policy.AddressingAssertionBuilder, org.apache.cxf.ws.addressing.policy.UsingAddressingAssertionBuilder, org.apache.cxf.ws.addressing.policy.AddressingPolicyInterceptorProvider, org.apache.cxf.ws.addressing.impl.AddressingWSDLExtensionLoader, org.apache.cxf.ws.addressing.WSAddressingFeature$WSAddressingFeatureApplier, org.apache.cxf.ws.addressing.MAPAggregator$MAPAggregatorLoader]
out 01, 2018 11:25:29 AM org.apache.cxf.bus.blueprint.NamespaceHandlerRegisterer register
INFO: Registered blueprint namespace handler for http://cxf.apache.org/ws/addressing
out 01, 2018 11:25:29 AM org.apache.cxf.bus.osgi.CXFExtensionBundleListener addExtensions
INFO: Adding the extensions from bundle org.apache.cxf.cxf-rt-ws-security (222) [org.apache.cxf.ws.security.policy.WSSecurityPolicyLoader, org.apache.cxf.ws.security.cache.CacheCleanupListener]
out 01, 2018 11:25:29 AM org.apache.cxf.bus.osgi.CXFExtensionBundleListener addExtensions
INFO: Adding the extensions from bundle org.apache.cxf.cxf-rt-ws-rm (224) [org.apache.cxf.ws.rm.RMManager, org.apache.cxf.ws.rm.policy.RMPolicyInterceptorProvider, org.apache.cxf.ws.rm.policy.RM10AssertionBuilder, org.apache.cxf.ws.rm.policy.RM12AssertionBuilder, org.apache.cxf.ws.rm.policy.WSRMP12PolicyLoader, org.apache.cxf.ws.rm.policy.MC11PolicyLoader, org.apache.cxf.ws.rm.policy.RSPPolicyLoader]
out 01, 2018 11:25:29 AM org.apache.cxf.bus.blueprint.NamespaceHandlerRegisterer register
INFO: Registered blueprint namespace handler for http://cxf.apache.org/ws/rm/manager
out 01, 2018 11:25:29 AM org.apache.cxf.bus.blueprint.NamespaceHandlerRegisterer register
INFO: Registered blueprint namespace handler for http://schemas.xmlsoap.org/ws/2005/02/rm/policy
out 01, 2018 11:25:29 AM org.apache.cxf.bus.osgi.CXFExtensionBundleListener addExtensions
INFO: Adding the extensions from bundle org.apache.cxf.cxf-rt-javascript (225) [org.apache.cxf.javascript.JavascriptServerListener]
out 01, 2018 11:25:30 AM org.pentaho.caching.impl.PentahoCacheManagerFactory$RegistrationHandler$1 onSuccess
INFO: New Caching Service registered
2018/10/01 11:25:33 - job_carga_caged - Start of job execution
2018/10/01 11:25:33 - job_carga_caged - Starting entry [ktr_carga_caged]
2018/10/01 11:25:33 - ktr_carga_caged - Loading transformation from XML file [/home/unb/MTB/ETL/ods/mtb/caged_dw/ktr_carga_caged.ktr]
2018/10/01 11:25:33 - ktr_carga_caged - Using run configuration [Pentaho local]
2018/10/01 11:25:33 - ktr_carga_caged - Using legacy execution engine
2018/10/01 11:25:33 - ktr_carga_caged - Dispatching started for transformation [ktr_carga_caged]
out 01, 2018 11:25:33 AM org.apache.cxf.endpoint.ServerImpl initDestination
INFO: Setting the server's publish address to be /marketplace
2018/10/01 11:25:33 - Carrega tabela.0 - Connected to database [comexao_ods] (commit=100000000)
out 01, 2018 11:25:33 AM org.apache.cxf.endpoint.ServerImpl initDestination
INFO: Setting the server's publish address to be /lineage
out 01, 2018 11:25:33 AM org.apache.cxf.endpoint.ServerImpl initDestination
INFO: Setting the server's publish address to be /i18n
SLF4J: Class path contains multiple SLF4J bindings.
SLF4J: Found binding in [jar:file:/opt/data-integration/launcher/../lib/slf4j-log4j12-1.7.7.jar!/org/slf4j/impl/StaticLoggerBinder.class]
SLF4J: Found binding in [jar:file:/opt/data-integration/plugins/pentaho-big-data-plugin/lib/slf4j-log4j12-1.7.7.jar!/org/slf4j/impl/StaticLoggerBinder.class]
SLF4J: See http://www.slf4j.org/codes.html#multiple_bindings for an explanation.
SLF4J: Actual binding is of type [org.slf4j.impl.Log4jLoggerFactory]
2018/10/01 11:25:34 - Le Arquivo.0 - Header row skipped in file '/mnt/unb/bases_mte/CAGED/CAGED_TRABALHADOR_AJUSTADO_082018.txt'
2018/10/01 11:25:37 - Le Arquivo.0 - Line number : 50000
2018/10/01 11:25:39 - Separa Ano e Mes.0 - Linenr 50000
2018/10/01 11:25:43 - Select values.0 - linenr 50000
2018/10/01 11:25:45 - Carrega tabela.0 - linenr 50000
2018/10/01 11:25:47 - Le Arquivo.0 - Line number : 100000
2018/10/01 11:25:50 - Separa Ano e Mes.0 - Linenr 100000
2018/10/01 11:25:54 - Select values.0 - linenr 100000
2018/10/01 11:25:56 - Carrega tabela.0 - linenr 100000
2018/10/01 11:25:58 - Le Arquivo.0 - Line number : 150000
2018/10/01 11:26:00 - Separa Ano e Mes.0 - Linenr 150000
2018/10/01 11:26:04 - Select values.0 - linenr 150000
2018/10/01 11:26:06 - Carrega tabela.0 - linenr 150000
2018/10/01 11:26:08 - Le Arquivo.0 - Line number : 200000
2018/10/01 11:26:10 - Separa Ano e Mes.0 - Linenr 200000
2018/10/01 11:26:14 - Select values.0 - linenr 200000
2018/10/01 11:26:16 - Carrega tabela.0 - linenr 200000
2018/10/01 11:26:19 - Le Arquivo.0 - Line number : 250000
2018/10/01 11:26:21 - Separa Ano e Mes.0 - Linenr 250000
2018/10/01 11:26:25 - Select values.0 - linenr 250000
2018/10/01 11:26:27 - Carrega tabela.0 - linenr 250000
2018/10/01 11:26:29 - Le Arquivo.0 - Line number : 300000
2018/10/01 11:26:31 - Separa Ano e Mes.0 - Linenr 300000
2018/10/01 11:26:35 - Select values.0 - linenr 300000
2018/10/01 11:26:37 - Carrega tabela.0 - linenr 300000
2018/10/01 11:26:39 - Le Arquivo.0 - Line number : 350000
2018/10/01 11:26:42 - Separa Ano e Mes.0 - Linenr 350000
2018/10/01 11:26:46 - Select values.0 - linenr 350000
2018/10/01 11:26:48 - Carrega tabela.0 - linenr 350000
2018/10/01 11:26:50 - Le Arquivo.0 - Line number : 400000
2018/10/01 11:26:52 - Separa Ano e Mes.0 - Linenr 400000
2018/10/01 11:26:56 - Select values.0 - linenr 400000
2018/10/01 11:26:58 - Carrega tabela.0 - linenr 400000
2018/10/01 11:27:00 - Le Arquivo.0 - Line number : 450000
2018/10/01 11:27:02 - Separa Ano e Mes.0 - Linenr 450000
2018/10/01 11:27:06 - Select values.0 - linenr 450000
2018/10/01 11:27:08 - Carrega tabela.0 - linenr 450000
2018/10/01 11:27:10 - Le Arquivo.0 - Line number : 500000
2018/10/01 11:27:12 - Separa Ano e Mes.0 - Linenr 500000
2018/10/01 11:27:16 - Select values.0 - linenr 500000
2018/10/01 11:27:18 - Carrega tabela.0 - linenr 500000
2018/10/01 11:27:21 - Le Arquivo.0 - Line number : 550000
2018/10/01 11:27:23 - Separa Ano e Mes.0 - Linenr 550000
2018/10/01 11:27:27 - Select values.0 - linenr 550000
2018/10/01 11:27:29 - Carrega tabela.0 - linenr 550000
2018/10/01 11:27:31 - Le Arquivo.0 - Line number : 600000
2018/10/01 11:27:33 - Separa Ano e Mes.0 - Linenr 600000
2018/10/01 11:27:37 - Select values.0 - linenr 600000
2018/10/01 11:27:39 - Carrega tabela.0 - linenr 600000
2018/10/01 11:27:41 - Le Arquivo.0 - Line number : 650000
2018/10/01 11:27:43 - Separa Ano e Mes.0 - Linenr 650000
2018/10/01 11:27:48 - Select values.0 - linenr 650000
2018/10/01 11:27:50 - Carrega tabela.0 - linenr 650000
2018/10/01 11:27:52 - Le Arquivo.0 - Line number : 700000
2018/10/01 11:27:54 - Separa Ano e Mes.0 - Linenr 700000
2018/10/01 11:27:58 - Select values.0 - linenr 700000
2018/10/01 11:28:00 - Carrega tabela.0 - linenr 700000
2018/10/01 11:28:02 - Le Arquivo.0 - Line number : 750000
2018/10/01 11:28:04 - Separa Ano e Mes.0 - Linenr 750000
2018/10/01 11:28:08 - Select values.0 - linenr 750000
2018/10/01 11:28:11 - Carrega tabela.0 - linenr 750000
2018/10/01 11:28:13 - Le Arquivo.0 - Line number : 800000
2018/10/01 11:28:15 - Separa Ano e Mes.0 - Linenr 800000
2018/10/01 11:28:19 - Select values.0 - linenr 800000
2018/10/01 11:28:21 - Carrega tabela.0 - linenr 800000
2018/10/01 11:28:23 - Le Arquivo.0 - Line number : 850000
2018/10/01 11:28:25 - Separa Ano e Mes.0 - Linenr 850000
2018/10/01 11:28:29 - Select values.0 - linenr 850000
2018/10/01 11:28:31 - Carrega tabela.0 - linenr 850000
2018/10/01 11:28:34 - Le Arquivo.0 - Line number : 900000
2018/10/01 11:28:36 - Separa Ano e Mes.0 - Linenr 900000
2018/10/01 11:28:40 - Select values.0 - linenr 900000
2018/10/01 11:28:42 - Carrega tabela.0 - linenr 900000
2018/10/01 11:28:44 - Le Arquivo.0 - Line number : 950000
2018/10/01 11:28:46 - Separa Ano e Mes.0 - Linenr 950000
2018/10/01 11:28:50 - Select values.0 - linenr 950000
2018/10/01 11:28:52 - Carrega tabela.0 - linenr 950000
2018/10/01 11:28:54 - Le Arquivo.0 - Line number : 1000000
2018/10/01 11:28:56 - Separa Ano e Mes.0 - Linenr 1000000
2018/10/01 11:29:00 - Select values.0 - linenr 1000000
2018/10/01 11:29:02 - Carrega tabela.0 - linenr 1000000
2018/10/01 11:29:05 - Le Arquivo.0 - Line number : 1050000
2018/10/01 11:29:07 - Separa Ano e Mes.0 - Linenr 1050000
2018/10/01 11:29:11 - Select values.0 - linenr 1050000
2018/10/01 11:29:13 - Carrega tabela.0 - linenr 1050000
2018/10/01 11:29:15 - Le Arquivo.0 - Line number : 1100000
2018/10/01 11:29:17 - Separa Ano e Mes.0 - Linenr 1100000
2018/10/01 11:29:21 - Select values.0 - linenr 1100000
2018/10/01 11:29:23 - Carrega tabela.0 - linenr 1100000
2018/10/01 11:29:26 - Le Arquivo.0 - Line number : 1150000
2018/10/01 11:29:28 - Separa Ano e Mes.0 - Linenr 1150000
2018/10/01 11:29:32 - Select values.0 - linenr 1150000
2018/10/01 11:29:34 - Carrega tabela.0 - linenr 1150000
2018/10/01 11:29:36 - Le Arquivo.0 - Line number : 1200000
2018/10/01 11:29:38 - Separa Ano e Mes.0 - Linenr 1200000
org.pentaho.di.core.exception.KettleValueException: 
Unexpected conversion error while converting value [salario_mensal_declarado String] to a Number
salario_mensal_declarado String : couldn't convert String to number 
salario_mensal_declarado String : couldn't convert String to number : non-numeric character found at position 1 for value [*********]
	at org.pentaho.di.core.row.value.ValueMetaBase.getNumber(ValueMetaBase.java:1993)
	at org.pentaho.di.core.row.value.ValueMetaBase.convertData(ValueMetaBase.java:3783)
	at org.pentaho.di.core.row.value.ValueMetaBase.convertBinaryStringToNativeType(ValueMetaBase.java:1579)
	at org.pentaho.di.core.row.value.ValueMetaBase.getCompatibleString(ValueMetaBase.java:1690)
	at org.pentaho.di.trans.steps.valuemapper.ValueMapper.processRow(ValueMapper.java:114)
	at org.pentaho.di.trans.step.RunThread.run(RunThread.java:62)
	at java.lang.Thread.run(Thread.java:748)
Caused by: org.pentaho.di.core.exception.KettleValueException: 
salario_mensal_declarado String : couldn't convert String to number 
salario_mensal_declarado String : couldn't convert String to number : non-numeric character found at position 1 for value [*********]
	at org.pentaho.di.core.row.value.ValueMetaBase.convertStringToNumber(ValueMetaBase.java:1017)
	at org.pentaho.di.core.row.value.ValueMetaBase.getNumber(ValueMetaBase.java:1933)
	... 6 more
Caused by: org.pentaho.di.core.exception.KettleValueException: 
salario_mensal_declarado String : couldn't convert String to number : non-numeric character found at position 1 for value [*********]
	at org.pentaho.di.core.row.value.ValueMetaBase.convertStringToNumber(ValueMetaBase.java:1010)
	... 7 more
2018/10/01 11:29:42 - Value Mapper.0 - ERROR (version 7.1.0.0-12, build 1 from 2017-05-16 17.18.02 by buildguy) : Unexpected error
2018/10/01 11:29:42 - Value Mapper.0 - ERROR (version 7.1.0.0-12, build 1 from 2017-05-16 17.18.02 by buildguy) : org.pentaho.di.core.exception.KettleValueException: 
2018/10/01 11:29:42 - Value Mapper.0 - Unexpected conversion error while converting value [salario_mensal_declarado String] to a Number
2018/10/01 11:29:42 - Value Mapper.0 - 
2018/10/01 11:29:42 - Value Mapper.0 - salario_mensal_declarado String : couldn't convert String to number 
2018/10/01 11:29:42 - Value Mapper.0 - 
2018/10/01 11:29:42 - Value Mapper.0 - salario_mensal_declarado String : couldn't convert String to number : non-numeric character found at position 1 for value [*********]
2018/10/01 11:29:42 - Value Mapper.0 - 
2018/10/01 11:29:42 - Value Mapper.0 - 
2018/10/01 11:29:42 - Value Mapper.0 - 
2018/10/01 11:29:42 - Value Mapper.0 - 	at org.pentaho.di.core.row.value.ValueMetaBase.getNumber(ValueMetaBase.java:1993)
2018/10/01 11:29:42 - Value Mapper.0 - 	at org.pentaho.di.core.row.value.ValueMetaBase.convertData(ValueMetaBase.java:3783)
2018/10/01 11:29:42 - Value Mapper.0 - 	at org.pentaho.di.core.row.value.ValueMetaBase.convertBinaryStringToNativeType(ValueMetaBase.java:1579)
2018/10/01 11:29:42 - Value Mapper.0 - 	at org.pentaho.di.core.row.value.ValueMetaBase.getCompatibleString(ValueMetaBase.java:1690)
2018/10/01 11:29:42 - Value Mapper.0 - 	at org.pentaho.di.trans.steps.valuemapper.ValueMapper.processRow(ValueMapper.java:114)
2018/10/01 11:29:42 - Value Mapper.0 - 	at org.pentaho.di.trans.step.RunThread.run(RunThread.java:62)
2018/10/01 11:29:42 - Value Mapper.0 - 	at java.lang.Thread.run(Thread.java:748)
2018/10/01 11:29:42 - Value Mapper.0 - Caused by: org.pentaho.di.core.exception.KettleValueException: 
2018/10/01 11:29:42 - Value Mapper.0 - salario_mensal_declarado String : couldn't convert String to number 
2018/10/01 11:29:42 - Value Mapper.0 - 
2018/10/01 11:29:42 - Value Mapper.0 - salario_mensal_declarado String : couldn't convert String to number : non-numeric character found at position 1 for value [*********]
2018/10/01 11:29:42 - Value Mapper.0 - 
2018/10/01 11:29:42 - Value Mapper.0 - 
2018/10/01 11:29:42 - Value Mapper.0 - 	at org.pentaho.di.core.row.value.ValueMetaBase.convertStringToNumber(ValueMetaBase.java:1017)
2018/10/01 11:29:42 - Value Mapper.0 - 	at org.pentaho.di.core.row.value.ValueMetaBase.getNumber(ValueMetaBase.java:1933)
2018/10/01 11:29:42 - Value Mapper.0 - 	... 6 more
2018/10/01 11:29:42 - Value Mapper.0 - Caused by: org.pentaho.di.core.exception.KettleValueException: 
2018/10/01 11:29:42 - Value Mapper.0 - salario_mensal_declarado String : couldn't convert String to number : non-numeric character found at position 1 for value [*********]
2018/10/01 11:29:42 - Value Mapper.0 - 
2018/10/01 11:29:42 - Value Mapper.0 - 	at org.pentaho.di.core.row.value.ValueMetaBase.convertStringToNumber(ValueMetaBase.java:1010)
2018/10/01 11:29:42 - Value Mapper.0 - 	... 7 more
child index = 2, logging object : org.pentaho.di.core.logging.LoggingObject@5f125fdc parent=4a272e78-7bb3-480b-883c-99c55881011f
2018/10/01 11:29:42 - Value Mapper.0 - Finished processing (I=0, O=0, R=1207204, W=1207203, U=0, E=1)
2018/10/01 11:29:42 - Separa Ano e Mes.0 - Finished processing (I=0, O=0, R=1217106, W=1217106, U=0, E=0)
2018/10/01 11:29:42 - ktr_carga_caged - Transformation detected one or more steps with errors.
2018/10/01 11:29:42 - ktr_carga_caged - ERROR (version 7.1.0.0-12, build 1 from 2017-05-16 17.18.02 by buildguy) : Errors detected!
2018/10/01 11:29:42 - Select values.0 - Finished processing (I=0, O=0, R=1197317, W=1197317, U=0, E=0)
2018/10/01 11:29:42 - ktr_carga_caged - Transformation is killing the other steps!
2018/10/01 11:29:42 - Carrega tabela.0 - Finished processing (I=0, O=1187416, R=1187416, W=1187415, U=0, E=0)
2018/10/01 11:29:42 - Le Arquivo.0 - Finished processing (I=1227108, O=0, R=0, W=1227107, U=0, E=0)
2018/10/01 11:29:42 - ktr_carga_caged - ERROR (version 7.1.0.0-12, build 1 from 2017-05-16 17.18.02 by buildguy) : Errors detected!
2018/10/01 11:29:42 - job_carga_caged - Finished job entry [ktr_carga_caged] (result=[false])
2018/10/01 11:29:42 - job_carga_caged - Job execution finished
2018/10/01 11:29:42 - Kitchen - Finished!
2018/10/01 11:29:42 - Kitchen - ERROR (version 7.1.0.0-12, build 1 from 2017-05-16 17.18.02 by buildguy) : Finished with errors
2018/10/01 11:29:42 - Kitchen - Start=2018/10/01 11:25:26.218, Stop=2018/10/01 11:29:42.246
2018/10/01 11:29:42 - Kitchen - Processing ended after 4 minutes and 16 seconds (256 seconds total).
