#######################################################################
WARNING:  no libwebkitgtk-1.0 detected, some features will be unavailable
    Consider installing the package with apt-get or yum.
    e.g. 'sudo apt-get install libwebkitgtk-1.0-0'
#######################################################################
OpenJDK 64-Bit Server VM warning: ignoring option MaxPermSize=4G; support was removed in 8.0
18:54:42,450 INFO  [KarafBoot] Checking to see if org.pentaho.clean.karaf.cache is enabled
18:54:42,555 INFO  [KarafInstance] 
*******************************************************************************
*** Karaf Instance Number: 2 at /opt/data-integration/./system/karaf/caches ***
***   /kitchen/data-1                                                       ***
*** FastBin Provider Port:52902                                             ***
*** Karaf Port:8803                                                         ***
*** OSGI Service Port:9052                                                  ***
*******************************************************************************
out 07, 2018 6:54:43 PM org.apache.karaf.main.Main$KarafLockCallback lockAquired
INFO: Lock acquired. Setting startlevel to 100
2018/10/07 18:54:43 - Kitchen - Start of run.
2018-10-07 18:54:45.991:INFO:oejs.Server:jetty-8.1.15.v20140411
2018-10-07 18:54:46.024:INFO:oejs.AbstractConnector:Started NIOSocketConnectorWrapper@0.0.0.0:9052
out 07, 2018 6:54:46 PM org.apache.cxf.bus.blueprint.NamespaceHandlerRegisterer register
INFO: Registered blueprint namespace handler for http://cxf.apache.org/blueprint/core
out 07, 2018 6:54:46 PM org.apache.cxf.bus.blueprint.NamespaceHandlerRegisterer register
INFO: Registered blueprint namespace handler for http://cxf.apache.org/configuration/beans
out 07, 2018 6:54:46 PM org.apache.cxf.bus.blueprint.NamespaceHandlerRegisterer register
INFO: Registered blueprint namespace handler for http://cxf.apache.org/configuration/parameterized-types
out 07, 2018 6:54:46 PM org.apache.cxf.bus.blueprint.NamespaceHandlerRegisterer register
INFO: Registered blueprint namespace handler for http://cxf.apache.org/configuration/security
out 07, 2018 6:54:46 PM org.apache.cxf.bus.blueprint.NamespaceHandlerRegisterer register
INFO: Registered blueprint namespace handler for http://schemas.xmlsoap.org/wsdl/
out 07, 2018 6:54:46 PM org.apache.cxf.bus.blueprint.NamespaceHandlerRegisterer register
INFO: Registered blueprint namespace handler for http://www.w3.org/2005/08/addressing
out 07, 2018 6:54:46 PM org.apache.cxf.bus.blueprint.NamespaceHandlerRegisterer register
INFO: Registered blueprint namespace handler for http://schemas.xmlsoap.org/ws/2004/08/addressing
out 07, 2018 6:54:46 PM org.apache.cxf.bus.osgi.CXFExtensionBundleListener addExtensions
INFO: Adding the extensions from bundle org.apache.cxf.cxf-rt-management (152) [org.apache.cxf.management.InstrumentationManager]
out 07, 2018 6:54:46 PM org.apache.cxf.bus.osgi.CXFExtensionBundleListener addExtensions
INFO: Adding the extensions from bundle org.apache.cxf.cxf-rt-transports-http (156) [org.apache.cxf.transport.http.HTTPTransportFactory, org.apache.cxf.transport.http.HTTPWSDLExtensionLoader, org.apache.cxf.transport.http.policy.HTTPClientAssertionBuilder, org.apache.cxf.transport.http.policy.HTTPServerAssertionBuilder, org.apache.cxf.transport.http.policy.NoOpPolicyInterceptorProvider]
out 07, 2018 6:54:46 PM org.apache.cxf.bus.osgi.CXFExtensionBundleListener addExtensions
INFO: Adding the extensions from bundle org.apache.cxf.cxf-rt-wsdl (189) [org.apache.cxf.wsdl.WSDLManager]
out 07, 2018 6:54:46 PM org.apache.cxf.bus.osgi.CXFExtensionBundleListener addExtensions
INFO: Adding the extensions from bundle org.apache.cxf.cxf-rt-ws-policy (203) [org.apache.cxf.ws.policy.PolicyEngine, org.apache.cxf.policy.PolicyDataEngine, org.apache.cxf.ws.policy.AssertionBuilderRegistry, org.apache.cxf.ws.policy.PolicyInterceptorProviderRegistry, org.apache.cxf.ws.policy.PolicyBuilder, org.apache.cxf.ws.policy.PolicyAnnotationListener, org.apache.cxf.ws.policy.attachment.ServiceModelPolicyProvider, org.apache.cxf.ws.policy.attachment.external.DomainExpressionBuilderRegistry, org.apache.cxf.ws.policy.attachment.external.EndpointReferenceDomainExpressionBuilder, org.apache.cxf.ws.policy.attachment.external.URIDomainExpressionBuilder, org.apache.cxf.ws.policy.attachment.wsdl11.Wsdl11AttachmentPolicyProvider, org.apache.cxf.ws.policy.mtom.MTOMAssertionBuilder, org.apache.cxf.ws.policy.mtom.MTOMPolicyInterceptorProvider]
out 07, 2018 6:54:46 PM org.apache.cxf.bus.blueprint.NamespaceHandlerRegisterer register
INFO: Registered blueprint namespace handler for http://cxf.apache.org/transports/http/configuration
out 07, 2018 6:54:46 PM org.apache.cxf.bus.osgi.CXFExtensionBundleListener addExtensions
INFO: Adding the extensions from bundle org.apache.cxf.cxf-rt-bindings-soap (192) [org.apache.cxf.binding.soap.SoapBindingFactory, org.apache.cxf.binding.soap.SoapTransportFactory]
out 07, 2018 6:54:46 PM org.apache.cxf.bus.blueprint.NamespaceHandlerRegisterer register
INFO: Registered blueprint namespace handler for http://cxf.apache.org/blueprint/jaxrs
out 07, 2018 6:54:46 PM org.apache.cxf.bus.blueprint.NamespaceHandlerRegisterer register
INFO: Registered blueprint namespace handler for http://cxf.apache.org/blueprint/jaxrs-client
out 07, 2018 6:54:46 PM org.apache.cxf.bus.osgi.CXFExtensionBundleListener addExtensions
INFO: Adding the extensions from bundle org.apache.cxf.cxf-rt-bindings-xml (191) [org.apache.cxf.binding.xml.XMLBindingFactory, org.apache.cxf.binding.xml.wsdl11.XMLWSDLExtensionLoader]
out 07, 2018 6:54:46 PM org.apache.cxf.bus.blueprint.NamespaceHandlerRegisterer register
INFO: Registered blueprint namespace handler for http://cxf.apache.org/blueprint/bindings/soap
out 07, 2018 6:54:46 PM org.apache.cxf.bus.blueprint.NamespaceHandlerRegisterer register
INFO: Registered blueprint namespace handler for http://cxf.apache.org/blueprint/simple
out 07, 2018 6:54:46 PM org.apache.cxf.bus.osgi.CXFExtensionBundleListener addExtensions
INFO: Adding the extensions from bundle org.apache.cxf.cxf-rt-frontend-jaxws (194) [org.apache.cxf.jaxws.context.WebServiceContextResourceResolver]
out 07, 2018 6:54:46 PM org.apache.cxf.bus.blueprint.NamespaceHandlerRegisterer register
INFO: Registered blueprint namespace handler for http://cxf.apache.org/blueprint/jaxws
out 07, 2018 6:54:46 PM org.apache.cxf.bus.blueprint.NamespaceHandlerRegisterer register
INFO: Registered blueprint namespace handler for http://cxf.apache.org/binding/coloc
out 07, 2018 6:54:46 PM org.apache.cxf.bus.osgi.CXFExtensionBundleListener addExtensions
INFO: Adding the extensions from bundle org.apache.cxf.cxf-rt-transports-local (199) [org.apache.cxf.transport.local.LocalTransportFactory]
out 07, 2018 6:54:46 PM org.apache.cxf.bus.osgi.CXFExtensionBundleListener addExtensions
INFO: Adding the extensions from bundle org.apache.cxf.cxf-rt-bindings-object (200) [org.apache.cxf.binding.object.ObjectBindingFactory]
out 07, 2018 6:54:46 PM org.apache.cxf.bus.blueprint.NamespaceHandlerRegisterer register
INFO: Registered blueprint namespace handler for http://cxf.apache.org/blueprint/binding/object
out 07, 2018 6:54:46 PM org.apache.cxf.bus.blueprint.NamespaceHandlerRegisterer register
INFO: Registered blueprint namespace handler for http://cxf.apache.org/policy
out 07, 2018 6:54:46 PM org.apache.cxf.bus.blueprint.NamespaceHandlerRegisterer register
INFO: Registered blueprint namespace handler for http://www.w3.org/ns/ws-policy
out 07, 2018 6:54:46 PM org.apache.cxf.bus.blueprint.NamespaceHandlerRegisterer register
INFO: Registered blueprint namespace handler for http://www.w3.org/2006/07/ws-policy
out 07, 2018 6:54:46 PM org.apache.cxf.bus.blueprint.NamespaceHandlerRegisterer register
INFO: Registered blueprint namespace handler for http://schemas.xmlsoap.org/ws/2004/09/policy
out 07, 2018 6:54:46 PM org.apache.cxf.bus.blueprint.NamespaceHandlerRegisterer register
INFO: Registered blueprint namespace handler for http://docs.oasis-open.org/wss/2004/01/oasis-200401-wss-wssecurity-secext-1.0.xsd
out 07, 2018 6:54:46 PM org.apache.cxf.bus.blueprint.NamespaceHandlerRegisterer register
INFO: Registered blueprint namespace handler for http://docs.oasis-open.org/wss/2004/01/oasis-200401-wss-wssecurity-utility-1.0.xsd
out 07, 2018 6:54:46 PM org.apache.cxf.bus.blueprint.NamespaceHandlerRegisterer register
INFO: Registered blueprint namespace handler for http://www.w3.org/2000/09/xmldsig#
out 07, 2018 6:54:46 PM org.apache.cxf.bus.blueprint.NamespaceHandlerRegisterer register
INFO: Registered blueprint namespace handler for http://docs.oasis-open.org/ws-sx/ws-securitypolicy/200702
out 07, 2018 6:54:46 PM org.apache.cxf.bus.osgi.CXFExtensionBundleListener addExtensions
INFO: Adding the extensions from bundle org.apache.cxf.cxf-rt-ws-addr (220) [org.apache.cxf.ws.addressing.policy.AddressingAssertionBuilder, org.apache.cxf.ws.addressing.policy.UsingAddressingAssertionBuilder, org.apache.cxf.ws.addressing.policy.AddressingPolicyInterceptorProvider, org.apache.cxf.ws.addressing.impl.AddressingWSDLExtensionLoader, org.apache.cxf.ws.addressing.WSAddressingFeature$WSAddressingFeatureApplier, org.apache.cxf.ws.addressing.MAPAggregator$MAPAggregatorLoader]
out 07, 2018 6:54:46 PM org.apache.cxf.bus.blueprint.NamespaceHandlerRegisterer register
INFO: Registered blueprint namespace handler for http://cxf.apache.org/ws/addressing
out 07, 2018 6:54:46 PM org.apache.cxf.bus.osgi.CXFExtensionBundleListener addExtensions
INFO: Adding the extensions from bundle org.apache.cxf.cxf-rt-ws-security (222) [org.apache.cxf.ws.security.policy.WSSecurityPolicyLoader, org.apache.cxf.ws.security.cache.CacheCleanupListener]
out 07, 2018 6:54:46 PM org.apache.cxf.bus.osgi.CXFExtensionBundleListener addExtensions
INFO: Adding the extensions from bundle org.apache.cxf.cxf-rt-ws-rm (224) [org.apache.cxf.ws.rm.RMManager, org.apache.cxf.ws.rm.policy.RMPolicyInterceptorProvider, org.apache.cxf.ws.rm.policy.RM10AssertionBuilder, org.apache.cxf.ws.rm.policy.RM12AssertionBuilder, org.apache.cxf.ws.rm.policy.WSRMP12PolicyLoader, org.apache.cxf.ws.rm.policy.MC11PolicyLoader, org.apache.cxf.ws.rm.policy.RSPPolicyLoader]
out 07, 2018 6:54:46 PM org.apache.cxf.bus.blueprint.NamespaceHandlerRegisterer register
INFO: Registered blueprint namespace handler for http://cxf.apache.org/ws/rm/manager
out 07, 2018 6:54:46 PM org.apache.cxf.bus.blueprint.NamespaceHandlerRegisterer register
INFO: Registered blueprint namespace handler for http://schemas.xmlsoap.org/ws/2005/02/rm/policy
out 07, 2018 6:54:46 PM org.apache.cxf.bus.osgi.CXFExtensionBundleListener addExtensions
INFO: Adding the extensions from bundle org.apache.cxf.cxf-rt-javascript (225) [org.apache.cxf.javascript.JavascriptServerListener]
out 07, 2018 6:54:47 PM org.pentaho.caching.impl.PentahoCacheManagerFactory$RegistrationHandler$1 onSuccess
INFO: New Caching Service registered
2018/10/07 18:54:49 - job_carga_caged - Start of job execution
2018/10/07 18:54:49 - job_carga_caged - Starting entry [ktr_carga_caged]
2018/10/07 18:54:49 - ktr_carga_caged - Loading transformation from XML file [/home/unb/MTB/ETL/ods/mtb/caged_dw/ktr_carga_caged.ktr]
out 07, 2018 6:54:49 PM org.apache.cxf.endpoint.ServerImpl initDestination
INFO: Setting the server's publish address to be /marketplace
2018/10/07 18:54:49 - ktr_carga_caged - Using run configuration [Pentaho local]
2018/10/07 18:54:49 - ktr_carga_caged - Using legacy execution engine
2018/10/07 18:54:49 - ktr_carga_caged - Dispatching started for transformation [ktr_carga_caged]
out 07, 2018 6:54:49 PM org.apache.cxf.endpoint.ServerImpl initDestination
INFO: Setting the server's publish address to be /lineage
out 07, 2018 6:54:49 PM org.apache.cxf.endpoint.ServerImpl initDestination
INFO: Setting the server's publish address to be /i18n
2018/10/07 18:54:49 - Carrega tabela.0 - Connected to database [comexao_ods] (commit=100000000)
SLF4J: Class path contains multiple SLF4J bindings.
SLF4J: Found binding in [jar:file:/opt/data-integration/launcher/../lib/slf4j-log4j12-1.7.7.jar!/org/slf4j/impl/StaticLoggerBinder.class]
SLF4J: Found binding in [jar:file:/opt/data-integration/plugins/pentaho-big-data-plugin/lib/slf4j-log4j12-1.7.7.jar!/org/slf4j/impl/StaticLoggerBinder.class]
SLF4J: See http://www.slf4j.org/codes.html#multiple_bindings for an explanation.
SLF4J: Actual binding is of type [org.slf4j.impl.Log4jLoggerFactory]
2018/10/07 18:54:49 - Le Arquivo.0 - Header row skipped in file '/mnt/unb/bases_mte/CAGED/CAGED_TRABALHADOR_AJUSTADO_022018.txt'
2018/10/07 18:54:50 - Le Arquivo.0 - Line number : 50000
2018/10/07 18:54:51 - Separa Ano e Mes.0 - Linenr 50000
2018/10/07 18:54:58 - Le Arquivo.0 - Line number : 100000
2018/10/07 18:55:02 - Separa Ano e Mes.0 - Linenr 100000
2018/10/07 18:55:06 - Select values.0 - linenr 50000
2018/10/07 18:55:09 - Carrega tabela.0 - linenr 50000
2018/10/07 18:55:18 - Le Arquivo.0 - Line number : 150000
2018/10/07 18:55:21 - Separa Ano e Mes.0 - Linenr 150000
2018/10/07 18:55:25 - Select values.0 - linenr 100000
2018/10/07 18:55:29 - Carrega tabela.0 - linenr 100000
2018/10/07 18:55:37 - Le Arquivo.0 - Line number : 200000
2018/10/07 18:55:41 - Separa Ano e Mes.0 - Linenr 200000
2018/10/07 18:55:45 - Select values.0 - linenr 150000
2018/10/07 18:55:49 - Carrega tabela.0 - linenr 150000
2018/10/07 18:55:57 - Le Arquivo.0 - Line number : 250000
2018/10/07 18:56:01 - Separa Ano e Mes.0 - Linenr 250000
2018/10/07 18:56:04 - Select values.0 - linenr 200000
2018/10/07 18:56:08 - Carrega tabela.0 - linenr 200000
2018/10/07 18:56:16 - Le Arquivo.0 - Line number : 300000
2018/10/07 18:56:20 - Separa Ano e Mes.0 - Linenr 300000
2018/10/07 18:56:24 - Select values.0 - linenr 250000
2018/10/07 18:56:27 - Carrega tabela.0 - linenr 250000
2018/10/07 18:56:36 - Le Arquivo.0 - Line number : 350000
2018/10/07 18:56:40 - Separa Ano e Mes.0 - Linenr 350000
2018/10/07 18:56:43 - Select values.0 - linenr 300000
2018/10/07 18:56:47 - Carrega tabela.0 - linenr 300000
2018/10/07 18:56:55 - Le Arquivo.0 - Line number : 400000
2018/10/07 18:56:59 - Separa Ano e Mes.0 - Linenr 400000
2018/10/07 18:57:03 - Select values.0 - linenr 350000
2018/10/07 18:57:07 - Carrega tabela.0 - linenr 350000
2018/10/07 18:57:15 - Le Arquivo.0 - Line number : 450000
2018/10/07 18:57:19 - Separa Ano e Mes.0 - Linenr 450000
2018/10/07 18:57:22 - Select values.0 - linenr 400000
2018/10/07 18:57:26 - Carrega tabela.0 - linenr 400000
2018/10/07 18:57:34 - Le Arquivo.0 - Line number : 500000
2018/10/07 18:57:38 - Separa Ano e Mes.0 - Linenr 500000
2018/10/07 18:57:42 - Select values.0 - linenr 450000
2018/10/07 18:57:45 - Carrega tabela.0 - linenr 450000
2018/10/07 18:57:53 - Le Arquivo.0 - Line number : 550000
2018/10/07 18:57:57 - Separa Ano e Mes.0 - Linenr 550000
2018/10/07 18:58:01 - Select values.0 - linenr 500000
2018/10/07 18:58:05 - Carrega tabela.0 - linenr 500000
2018/10/07 18:58:13 - Le Arquivo.0 - Line number : 600000
2018/10/07 18:58:17 - Separa Ano e Mes.0 - Linenr 600000
2018/10/07 18:58:20 - Select values.0 - linenr 550000
2018/10/07 18:58:24 - Carrega tabela.0 - linenr 550000
2018/10/07 18:58:32 - Le Arquivo.0 - Line number : 650000
2018/10/07 18:58:36 - Separa Ano e Mes.0 - Linenr 650000
2018/10/07 18:58:40 - Select values.0 - linenr 600000
2018/10/07 18:58:43 - Carrega tabela.0 - linenr 600000
2018/10/07 18:58:52 - Le Arquivo.0 - Line number : 700000
2018/10/07 18:58:55 - Separa Ano e Mes.0 - Linenr 700000
2018/10/07 18:58:59 - Select values.0 - linenr 650000
2018/10/07 18:59:03 - Carrega tabela.0 - linenr 650000
2018/10/07 18:59:11 - Le Arquivo.0 - Line number : 750000
2018/10/07 18:59:15 - Separa Ano e Mes.0 - Linenr 750000
2018/10/07 18:59:19 - Select values.0 - linenr 700000
2018/10/07 18:59:23 - Carrega tabela.0 - linenr 700000
2018/10/07 18:59:31 - Le Arquivo.0 - Line number : 800000
2018/10/07 18:59:34 - Separa Ano e Mes.0 - Linenr 800000
2018/10/07 18:59:38 - Select values.0 - linenr 750000
2018/10/07 18:59:42 - Carrega tabela.0 - linenr 750000
2018/10/07 18:59:50 - Le Arquivo.0 - Line number : 850000
2018/10/07 18:59:54 - Separa Ano e Mes.0 - Linenr 850000
2018/10/07 18:59:58 - Select values.0 - linenr 800000
2018/10/07 19:00:02 - Carrega tabela.0 - linenr 800000
2018/10/07 19:00:10 - Le Arquivo.0 - Line number : 900000
2018/10/07 19:00:14 - Separa Ano e Mes.0 - Linenr 900000
2018/10/07 19:00:18 - Select values.0 - linenr 850000
2018/10/07 19:00:22 - Carrega tabela.0 - linenr 850000
2018/10/07 19:00:30 - Le Arquivo.0 - Line number : 950000
2018/10/07 19:00:34 - Separa Ano e Mes.0 - Linenr 950000
2018/10/07 19:00:38 - Select values.0 - linenr 900000
2018/10/07 19:00:41 - Carrega tabela.0 - linenr 900000
2018/10/07 19:00:50 - Le Arquivo.0 - Line number : 1000000
2018/10/07 19:00:53 - Separa Ano e Mes.0 - Linenr 1000000
2018/10/07 19:00:57 - Select values.0 - linenr 950000
2018/10/07 19:01:01 - Carrega tabela.0 - linenr 950000
2018/10/07 19:01:09 - Le Arquivo.0 - Line number : 1050000
2018/10/07 19:01:13 - Separa Ano e Mes.0 - Linenr 1050000
2018/10/07 19:01:16 - Select values.0 - linenr 1000000
2018/10/07 19:01:20 - Carrega tabela.0 - linenr 1000000
2018/10/07 19:01:28 - Le Arquivo.0 - Line number : 1100000
2018/10/07 19:01:32 - Separa Ano e Mes.0 - Linenr 1100000
2018/10/07 19:01:36 - Select values.0 - linenr 1050000
2018/10/07 19:01:40 - Carrega tabela.0 - linenr 1050000
2018/10/07 19:01:48 - Le Arquivo.0 - Line number : 1150000
2018/10/07 19:01:51 - Separa Ano e Mes.0 - Linenr 1150000
2018/10/07 19:01:55 - Select values.0 - linenr 1100000
2018/10/07 19:01:59 - Carrega tabela.0 - linenr 1100000
2018/10/07 19:02:07 - Le Arquivo.0 - Line number : 1200000
2018/10/07 19:02:11 - Separa Ano e Mes.0 - Linenr 1200000
2018/10/07 19:02:14 - Select values.0 - linenr 1150000
2018/10/07 19:02:18 - Carrega tabela.0 - linenr 1150000
2018/10/07 19:02:26 - Le Arquivo.0 - Line number : 1250000
2018/10/07 19:02:30 - Separa Ano e Mes.0 - Linenr 1250000
2018/10/07 19:02:34 - Select values.0 - linenr 1200000
2018/10/07 19:02:38 - Carrega tabela.0 - linenr 1200000
2018/10/07 19:02:46 - Le Arquivo.0 - Line number : 1300000
2018/10/07 19:02:50 - Separa Ano e Mes.0 - Linenr 1300000
2018/10/07 19:02:53 - Select values.0 - linenr 1250000
2018/10/07 19:02:57 - Carrega tabela.0 - linenr 1250000
2018/10/07 19:03:05 - Le Arquivo.0 - Line number : 1350000
2018/10/07 19:03:09 - Separa Ano e Mes.0 - Linenr 1350000
2018/10/07 19:03:13 - Select values.0 - linenr 1300000
2018/10/07 19:03:17 - Carrega tabela.0 - linenr 1300000
2018/10/07 19:03:25 - Le Arquivo.0 - Line number : 1400000
2018/10/07 19:03:29 - Separa Ano e Mes.0 - Linenr 1400000
2018/10/07 19:03:32 - Select values.0 - linenr 1350000
2018/10/07 19:03:36 - Carrega tabela.0 - linenr 1350000
2018/10/07 19:03:44 - Le Arquivo.0 - Line number : 1450000
2018/10/07 19:03:48 - Separa Ano e Mes.0 - Linenr 1450000
2018/10/07 19:03:52 - Select values.0 - linenr 1400000
2018/10/07 19:03:55 - Carrega tabela.0 - linenr 1400000
2018/10/07 19:04:03 - Le Arquivo.0 - Line number : 1500000
2018/10/07 19:04:07 - Separa Ano e Mes.0 - Linenr 1500000
2018/10/07 19:04:11 - Select values.0 - linenr 1450000
2018/10/07 19:04:15 - Carrega tabela.0 - linenr 1450000
2018/10/07 19:04:23 - Le Arquivo.0 - Line number : 1550000
2018/10/07 19:04:27 - Separa Ano e Mes.0 - Linenr 1550000
2018/10/07 19:04:30 - Select values.0 - linenr 1500000
2018/10/07 19:04:34 - Carrega tabela.0 - linenr 1500000
2018/10/07 19:04:42 - Le Arquivo.0 - Line number : 1600000
2018/10/07 19:04:46 - Separa Ano e Mes.0 - Linenr 1600000
2018/10/07 19:04:50 - Select values.0 - linenr 1550000
2018/10/07 19:04:53 - Carrega tabela.0 - linenr 1550000
2018/10/07 19:05:02 - Le Arquivo.0 - Line number : 1650000
2018/10/07 19:05:06 - Separa Ano e Mes.0 - Linenr 1650000
2018/10/07 19:05:09 - Select values.0 - linenr 1600000
2018/10/07 19:05:13 - Carrega tabela.0 - linenr 1600000
2018/10/07 19:05:21 - Le Arquivo.0 - Line number : 1700000
2018/10/07 19:05:25 - Separa Ano e Mes.0 - Linenr 1700000
2018/10/07 19:05:29 - Select values.0 - linenr 1650000
2018/10/07 19:05:33 - Carrega tabela.0 - linenr 1650000
2018/10/07 19:05:41 - Le Arquivo.0 - Line number : 1750000
2018/10/07 19:05:44 - Separa Ano e Mes.0 - Linenr 1750000
2018/10/07 19:05:48 - Select values.0 - linenr 1700000
2018/10/07 19:05:52 - Carrega tabela.0 - linenr 1700000
2018/10/07 19:06:00 - Le Arquivo.0 - Line number : 1800000
2018/10/07 19:06:04 - Separa Ano e Mes.0 - Linenr 1800000
2018/10/07 19:06:07 - Select values.0 - linenr 1750000
2018/10/07 19:06:11 - Carrega tabela.0 - linenr 1750000
2018/10/07 19:06:19 - Le Arquivo.0 - Line number : 1850000
2018/10/07 19:06:23 - Separa Ano e Mes.0 - Linenr 1850000
2018/10/07 19:06:27 - Select values.0 - linenr 1800000
2018/10/07 19:06:31 - Carrega tabela.0 - linenr 1800000
2018/10/07 19:06:39 - Le Arquivo.0 - Line number : 1900000
2018/10/07 19:06:43 - Separa Ano e Mes.0 - Linenr 1900000
2018/10/07 19:06:46 - Select values.0 - linenr 1850000
2018/10/07 19:06:50 - Carrega tabela.0 - linenr 1850000
2018/10/07 19:06:58 - Le Arquivo.0 - Line number : 1950000
2018/10/07 19:07:02 - Separa Ano e Mes.0 - Linenr 1950000
2018/10/07 19:07:06 - Select values.0 - linenr 1900000
2018/10/07 19:07:09 - Carrega tabela.0 - linenr 1900000
2018/10/07 19:07:18 - Le Arquivo.0 - Line number : 2000000
2018/10/07 19:07:22 - Separa Ano e Mes.0 - Linenr 2000000
2018/10/07 19:07:25 - Select values.0 - linenr 1950000
2018/10/07 19:07:29 - Carrega tabela.0 - linenr 1950000
2018/10/07 19:07:37 - Le Arquivo.0 - Line number : 2050000
2018/10/07 19:07:41 - Separa Ano e Mes.0 - Linenr 2050000
2018/10/07 19:07:45 - Select values.0 - linenr 2000000
2018/10/07 19:07:49 - Carrega tabela.0 - linenr 2000000
2018/10/07 19:07:57 - Le Arquivo.0 - Line number : 2100000
2018/10/07 19:08:01 - Separa Ano e Mes.0 - Linenr 2100000
2018/10/07 19:08:04 - Select values.0 - linenr 2050000
2018/10/07 19:08:08 - Carrega tabela.0 - linenr 2050000
2018/10/07 19:08:16 - Le Arquivo.0 - Line number : 2150000
2018/10/07 19:08:20 - Separa Ano e Mes.0 - Linenr 2150000
2018/10/07 19:08:24 - Select values.0 - linenr 2100000
2018/10/07 19:08:28 - Carrega tabela.0 - linenr 2100000
2018/10/07 19:08:36 - Le Arquivo.0 - Line number : 2200000
2018/10/07 19:08:40 - Separa Ano e Mes.0 - Linenr 2200000
2018/10/07 19:08:44 - Select values.0 - linenr 2150000
2018/10/07 19:08:47 - Carrega tabela.0 - linenr 2150000
2018/10/07 19:08:55 - Le Arquivo.0 - Line number : 2250000
2018/10/07 19:08:59 - Separa Ano e Mes.0 - Linenr 2250000
2018/10/07 19:09:03 - Select values.0 - linenr 2200000
2018/10/07 19:09:07 - Carrega tabela.0 - linenr 2200000
2018/10/07 19:09:15 - Le Arquivo.0 - Line number : 2300000
2018/10/07 19:09:18 - Separa Ano e Mes.0 - Linenr 2300000
2018/10/07 19:09:22 - Select values.0 - linenr 2250000
2018/10/07 19:09:26 - Carrega tabela.0 - linenr 2250000
2018/10/07 19:09:34 - Le Arquivo.0 - Line number : 2350000
2018/10/07 19:09:38 - Separa Ano e Mes.0 - Linenr 2350000
2018/10/07 19:09:42 - Select values.0 - linenr 2300000
2018/10/07 19:09:45 - Carrega tabela.0 - linenr 2300000
2018/10/07 19:09:54 - Le Arquivo.0 - Line number : 2400000
2018/10/07 19:09:57 - Separa Ano e Mes.0 - Linenr 2400000
2018/10/07 19:10:01 - Select values.0 - linenr 2350000
2018/10/07 19:10:05 - Carrega tabela.0 - linenr 2350000
2018/10/07 19:10:13 - Le Arquivo.0 - Line number : 2450000
2018/10/07 19:10:17 - Separa Ano e Mes.0 - Linenr 2450000
2018/10/07 19:10:20 - Select values.0 - linenr 2400000
2018/10/07 19:10:24 - Carrega tabela.0 - linenr 2400000
2018/10/07 19:10:32 - Le Arquivo.0 - Line number : 2500000
2018/10/07 19:10:36 - Separa Ano e Mes.0 - Linenr 2500000
2018/10/07 19:10:40 - Select values.0 - linenr 2450000
2018/10/07 19:10:44 - Carrega tabela.0 - linenr 2450000
2018/10/07 19:10:52 - Le Arquivo.0 - Line number : 2550000
2018/10/07 19:10:56 - Separa Ano e Mes.0 - Linenr 2550000
2018/10/07 19:10:59 - Select values.0 - linenr 2500000
2018/10/07 19:11:03 - Carrega tabela.0 - linenr 2500000
2018/10/07 19:11:11 - Le Arquivo.0 - Line number : 2600000
2018/10/07 19:11:15 - Separa Ano e Mes.0 - Linenr 2600000
2018/10/07 19:11:18 - Select values.0 - linenr 2550000
2018/10/07 19:11:22 - Carrega tabela.0 - linenr 2550000
2018/10/07 19:11:30 - Le Arquivo.0 - Line number : 2650000
2018/10/07 19:11:34 - Separa Ano e Mes.0 - Linenr 2650000
2018/10/07 19:11:38 - Select values.0 - linenr 2600000
2018/10/07 19:11:42 - Carrega tabela.0 - linenr 2600000
2018/10/07 19:11:50 - Le Arquivo.0 - Line number : 2700000
2018/10/07 19:11:53 - Separa Ano e Mes.0 - Linenr 2700000
2018/10/07 19:11:57 - Select values.0 - linenr 2650000
2018/10/07 19:12:01 - Carrega tabela.0 - linenr 2650000
2018/10/07 19:12:09 - Le Arquivo.0 - Line number : 2750000
2018/10/07 19:12:13 - Separa Ano e Mes.0 - Linenr 2750000
2018/10/07 19:12:16 - Select values.0 - linenr 2700000
2018/10/07 19:12:20 - Carrega tabela.0 - linenr 2700000
2018/10/07 19:12:28 - Le Arquivo.0 - Line number : 2800000
2018/10/07 19:12:32 - Separa Ano e Mes.0 - Linenr 2800000
2018/10/07 19:12:36 - Select values.0 - linenr 2750000
2018/10/07 19:12:40 - Carrega tabela.0 - linenr 2750000
2018/10/07 19:12:47 - Le Arquivo.0 - Line number : 2850000
2018/10/07 19:12:51 - Separa Ano e Mes.0 - Linenr 2850000
2018/10/07 19:12:55 - Select values.0 - linenr 2800000
2018/10/07 19:12:59 - Carrega tabela.0 - linenr 2800000
2018/10/07 19:13:07 - Le Arquivo.0 - Line number : 2900000
2018/10/07 19:13:11 - Separa Ano e Mes.0 - Linenr 2900000
2018/10/07 19:13:15 - Select values.0 - linenr 2850000
2018/10/07 19:13:19 - Carrega tabela.0 - linenr 2850000
2018/10/07 19:13:27 - Le Arquivo.0 - Line number : 2950000
2018/10/07 19:13:30 - Separa Ano e Mes.0 - Linenr 2950000
2018/10/07 19:13:34 - Select values.0 - linenr 2900000
2018/10/07 19:13:38 - Carrega tabela.0 - linenr 2900000
2018/10/07 19:13:46 - Le Arquivo.0 - Line number : 3000000
2018/10/07 19:13:50 - Separa Ano e Mes.0 - Linenr 3000000
2018/10/07 19:13:53 - Select values.0 - linenr 2950000
2018/10/07 19:13:57 - Carrega tabela.0 - linenr 2950000
2018/10/07 19:14:05 - Le Arquivo.0 - Line number : 3050000
2018/10/07 19:14:09 - Separa Ano e Mes.0 - Linenr 3050000
2018/10/07 19:14:13 - Select values.0 - linenr 3000000
2018/10/07 19:14:17 - Carrega tabela.0 - linenr 3000000
2018/10/07 19:14:25 - Le Arquivo.0 - Line number : 3100000
2018/10/07 19:14:29 - Separa Ano e Mes.0 - Linenr 3100000
2018/10/07 19:14:32 - Select values.0 - linenr 3050000
2018/10/07 19:14:36 - Carrega tabela.0 - linenr 3050000
2018/10/07 19:14:44 - Le Arquivo.0 - Line number : 3150000
2018/10/07 19:14:48 - Separa Ano e Mes.0 - Linenr 3150000
2018/10/07 19:14:52 - Select values.0 - linenr 3100000
2018/10/07 19:14:55 - Carrega tabela.0 - linenr 3100000
2018/10/07 19:15:03 - Le Arquivo.0 - Line number : 3200000
2018/10/07 19:15:07 - Separa Ano e Mes.0 - Linenr 3200000
2018/10/07 19:15:11 - Select values.0 - linenr 3150000
2018/10/07 19:15:15 - Carrega tabela.0 - linenr 3150000
2018/10/07 19:15:23 - Le Arquivo.0 - Line number : 3250000
2018/10/07 19:15:26 - Separa Ano e Mes.0 - Linenr 3250000
2018/10/07 19:15:30 - Select values.0 - linenr 3200000
2018/10/07 19:15:34 - Carrega tabela.0 - linenr 3200000
2018/10/07 19:15:42 - Le Arquivo.0 - Line number : 3300000
2018/10/07 19:15:46 - Separa Ano e Mes.0 - Linenr 3300000
2018/10/07 19:15:50 - Select values.0 - linenr 3250000
2018/10/07 19:15:53 - Carrega tabela.0 - linenr 3250000
2018/10/07 19:16:01 - Le Arquivo.0 - Line number : 3350000
2018/10/07 19:16:05 - Separa Ano e Mes.0 - Linenr 3350000
2018/10/07 19:16:09 - Select values.0 - linenr 3300000
2018/10/07 19:16:13 - Carrega tabela.0 - linenr 3300000
2018/10/07 19:16:21 - Le Arquivo.0 - Line number : 3400000
2018/10/07 19:16:25 - Separa Ano e Mes.0 - Linenr 3400000
2018/10/07 19:16:28 - Select values.0 - linenr 3350000
2018/10/07 19:16:32 - Carrega tabela.0 - linenr 3350000
2018/10/07 19:16:40 - Le Arquivo.0 - Line number : 3450000
2018/10/07 19:16:44 - Separa Ano e Mes.0 - Linenr 3450000
2018/10/07 19:16:48 - Select values.0 - linenr 3400000
2018/10/07 19:16:52 - Carrega tabela.0 - linenr 3400000
2018/10/07 19:17:00 - Le Arquivo.0 - Line number : 3500000
2018/10/07 19:17:03 - Separa Ano e Mes.0 - Linenr 3500000
2018/10/07 19:17:07 - Select values.0 - linenr 3450000
2018/10/07 19:17:11 - Carrega tabela.0 - linenr 3450000
2018/10/07 19:17:19 - Le Arquivo.0 - Line number : 3550000
2018/10/07 19:17:23 - Separa Ano e Mes.0 - Linenr 3550000
2018/10/07 19:17:27 - Select values.0 - linenr 3500000
2018/10/07 19:17:30 - Carrega tabela.0 - linenr 3500000
2018/10/07 19:17:38 - Le Arquivo.0 - Line number : 3600000
2018/10/07 19:17:42 - Separa Ano e Mes.0 - Linenr 3600000
2018/10/07 19:17:46 - Select values.0 - linenr 3550000
2018/10/07 19:17:50 - Carrega tabela.0 - linenr 3550000
2018/10/07 19:17:58 - Le Arquivo.0 - Line number : 3650000
2018/10/07 19:18:02 - Separa Ano e Mes.0 - Linenr 3650000
2018/10/07 19:18:06 - Select values.0 - linenr 3600000
2018/10/07 19:18:10 - Carrega tabela.0 - linenr 3600000
2018/10/07 19:18:18 - Le Arquivo.0 - Line number : 3700000
2018/10/07 19:18:22 - Separa Ano e Mes.0 - Linenr 3700000
2018/10/07 19:18:25 - Select values.0 - linenr 3650000
2018/10/07 19:18:29 - Carrega tabela.0 - linenr 3650000
2018/10/07 19:18:37 - Le Arquivo.0 - Line number : 3750000
2018/10/07 19:18:41 - Separa Ano e Mes.0 - Linenr 3750000
2018/10/07 19:18:45 - Select values.0 - linenr 3700000
2018/10/07 19:18:49 - Carrega tabela.0 - linenr 3700000
2018/10/07 19:18:57 - Le Arquivo.0 - Line number : 3800000
2018/10/07 19:19:01 - Separa Ano e Mes.0 - Linenr 3800000
2018/10/07 19:19:04 - Select values.0 - linenr 3750000
2018/10/07 19:19:08 - Carrega tabela.0 - linenr 3750000
2018/10/07 19:19:16 - Le Arquivo.0 - Line number : 3850000
2018/10/07 19:19:20 - Separa Ano e Mes.0 - Linenr 3850000
2018/10/07 19:19:24 - Select values.0 - linenr 3800000
2018/10/07 19:19:27 - Carrega tabela.0 - linenr 3800000
2018/10/07 19:19:35 - Le Arquivo.0 - Line number : 3900000
2018/10/07 19:19:39 - Separa Ano e Mes.0 - Linenr 3900000
2018/10/07 19:19:43 - Select values.0 - linenr 3850000
2018/10/07 19:19:47 - Carrega tabela.0 - linenr 3850000
2018/10/07 19:19:55 - Le Arquivo.0 - Line number : 3950000
2018/10/07 19:19:59 - Separa Ano e Mes.0 - Linenr 3950000
2018/10/07 19:20:02 - Select values.0 - linenr 3900000
2018/10/07 19:20:06 - Carrega tabela.0 - linenr 3900000
2018/10/07 19:20:14 - Le Arquivo.0 - Line number : 4000000
2018/10/07 19:20:18 - Separa Ano e Mes.0 - Linenr 4000000
2018/10/07 19:20:22 - Select values.0 - linenr 3950000
2018/10/07 19:20:25 - Carrega tabela.0 - linenr 3950000
2018/10/07 19:20:34 - Le Arquivo.0 - Line number : 4050000
2018/10/07 19:20:37 - Separa Ano e Mes.0 - Linenr 4050000
2018/10/07 19:20:41 - Select values.0 - linenr 4000000
2018/10/07 19:20:45 - Carrega tabela.0 - linenr 4000000
2018/10/07 19:20:53 - Le Arquivo.0 - Line number : 4100000
2018/10/07 19:20:57 - Separa Ano e Mes.0 - Linenr 4100000
2018/10/07 19:21:00 - Select values.0 - linenr 4050000
2018/10/07 19:21:04 - Carrega tabela.0 - linenr 4050000
2018/10/07 19:21:12 - Le Arquivo.0 - Line number : 4150000
2018/10/07 19:21:16 - Separa Ano e Mes.0 - Linenr 4150000
2018/10/07 19:21:20 - Select values.0 - linenr 4100000
2018/10/07 19:21:24 - Carrega tabela.0 - linenr 4100000
2018/10/07 19:21:32 - Le Arquivo.0 - Line number : 4200000
2018/10/07 19:21:36 - Separa Ano e Mes.0 - Linenr 4200000
2018/10/07 19:21:40 - Select values.0 - linenr 4150000
2018/10/07 19:21:43 - Carrega tabela.0 - linenr 4150000
2018/10/07 19:21:51 - Le Arquivo.0 - Line number : 4250000
2018/10/07 19:21:55 - Separa Ano e Mes.0 - Linenr 4250000
2018/10/07 19:21:59 - Select values.0 - linenr 4200000
2018/10/07 19:22:03 - Carrega tabela.0 - linenr 4200000
2018/10/07 19:22:11 - Le Arquivo.0 - Line number : 4300000
2018/10/07 19:22:15 - Separa Ano e Mes.0 - Linenr 4300000
2018/10/07 19:22:19 - Select values.0 - linenr 4250000
2018/10/07 19:22:23 - Carrega tabela.0 - linenr 4250000
2018/10/07 19:22:31 - Le Arquivo.0 - Line number : 4350000
2018/10/07 19:22:35 - Separa Ano e Mes.0 - Linenr 4350000
2018/10/07 19:22:38 - Select values.0 - linenr 4300000
2018/10/07 19:22:42 - Carrega tabela.0 - linenr 4300000
2018/10/07 19:22:50 - Le Arquivo.0 - Line number : 4400000
2018/10/07 19:22:54 - Separa Ano e Mes.0 - Linenr 4400000
2018/10/07 19:22:58 - Select values.0 - linenr 4350000
2018/10/07 19:23:02 - Carrega tabela.0 - linenr 4350000
2018/10/07 19:23:10 - Le Arquivo.0 - Line number : 4450000
2018/10/07 19:23:14 - Separa Ano e Mes.0 - Linenr 4450000
2018/10/07 19:23:17 - Select values.0 - linenr 4400000
2018/10/07 19:23:21 - Carrega tabela.0 - linenr 4400000
2018/10/07 19:23:29 - Le Arquivo.0 - Line number : 4500000
2018/10/07 19:23:33 - Separa Ano e Mes.0 - Linenr 4500000
2018/10/07 19:23:37 - Select values.0 - linenr 4450000
2018/10/07 19:23:40 - Carrega tabela.0 - linenr 4450000
2018/10/07 19:23:49 - Le Arquivo.0 - Line number : 4550000
2018/10/07 19:23:52 - Separa Ano e Mes.0 - Linenr 4550000
2018/10/07 19:23:56 - Select values.0 - linenr 4500000
2018/10/07 19:24:00 - Carrega tabela.0 - linenr 4500000
2018/10/07 19:24:08 - Le Arquivo.0 - Line number : 4600000
2018/10/07 19:24:12 - Separa Ano e Mes.0 - Linenr 4600000
2018/10/07 19:24:15 - Select values.0 - linenr 4550000
2018/10/07 19:24:19 - Carrega tabela.0 - linenr 4550000
2018/10/07 19:24:27 - Le Arquivo.0 - Line number : 4650000
2018/10/07 19:24:31 - Separa Ano e Mes.0 - Linenr 4650000
2018/10/07 19:24:35 - Select values.0 - linenr 4600000
2018/10/07 19:24:39 - Carrega tabela.0 - linenr 4600000
2018/10/07 19:24:47 - Le Arquivo.0 - Line number : 4700000
2018/10/07 19:24:50 - Separa Ano e Mes.0 - Linenr 4700000
2018/10/07 19:24:54 - Select values.0 - linenr 4650000
2018/10/07 19:24:58 - Carrega tabela.0 - linenr 4650000
2018/10/07 19:25:06 - Le Arquivo.0 - Line number : 4750000
2018/10/07 19:25:10 - Separa Ano e Mes.0 - Linenr 4750000
2018/10/07 19:25:13 - Select values.0 - linenr 4700000
2018/10/07 19:25:17 - Carrega tabela.0 - linenr 4700000
2018/10/07 19:25:25 - Le Arquivo.0 - Line number : 4800000
2018/10/07 19:25:29 - Separa Ano e Mes.0 - Linenr 4800000
2018/10/07 19:25:33 - Select values.0 - linenr 4750000
2018/10/07 19:25:37 - Carrega tabela.0 - linenr 4750000
2018/10/07 19:25:45 - Le Arquivo.0 - Line number : 4850000
2018/10/07 19:25:49 - Separa Ano e Mes.0 - Linenr 4850000
2018/10/07 19:25:53 - Select values.0 - linenr 4800000
2018/10/07 19:25:57 - Carrega tabela.0 - linenr 4800000
2018/10/07 19:26:04 - Le Arquivo.0 - Line number : 4900000
2018/10/07 19:26:08 - Separa Ano e Mes.0 - Linenr 4900000
2018/10/07 19:26:12 - Select values.0 - linenr 4850000
2018/10/07 19:26:16 - Carrega tabela.0 - linenr 4850000
2018/10/07 19:26:24 - Le Arquivo.0 - Line number : 4950000
2018/10/07 19:26:28 - Separa Ano e Mes.0 - Linenr 4950000
2018/10/07 19:26:32 - Select values.0 - linenr 4900000
2018/10/07 19:26:36 - Carrega tabela.0 - linenr 4900000
2018/10/07 19:26:44 - Le Arquivo.0 - Line number : 5000000
2018/10/07 19:26:48 - Separa Ano e Mes.0 - Linenr 5000000
2018/10/07 19:26:51 - Select values.0 - linenr 4950000
2018/10/07 19:26:55 - Carrega tabela.0 - linenr 4950000
2018/10/07 19:27:03 - Le Arquivo.0 - Line number : 5050000
2018/10/07 19:27:07 - Separa Ano e Mes.0 - Linenr 5050000
2018/10/07 19:27:11 - Select values.0 - linenr 5000000
2018/10/07 19:27:15 - Carrega tabela.0 - linenr 5000000
2018/10/07 19:27:23 - Le Arquivo.0 - Line number : 5100000
2018/10/07 19:27:27 - Separa Ano e Mes.0 - Linenr 5100000
2018/10/07 19:27:30 - Select values.0 - linenr 5050000
2018/10/07 19:27:34 - Carrega tabela.0 - linenr 5050000
2018/10/07 19:27:42 - Le Arquivo.0 - Line number : 5150000
2018/10/07 19:27:46 - Separa Ano e Mes.0 - Linenr 5150000
2018/10/07 19:27:50 - Select values.0 - linenr 5100000
2018/10/07 19:27:53 - Carrega tabela.0 - linenr 5100000
2018/10/07 19:28:01 - Le Arquivo.0 - Line number : 5200000
2018/10/07 19:28:05 - Separa Ano e Mes.0 - Linenr 5200000
2018/10/07 19:28:09 - Select values.0 - linenr 5150000
2018/10/07 19:28:13 - Carrega tabela.0 - linenr 5150000
2018/10/07 19:28:21 - Le Arquivo.0 - Line number : 5250000
2018/10/07 19:28:25 - Separa Ano e Mes.0 - Linenr 5250000
2018/10/07 19:28:28 - Select values.0 - linenr 5200000
2018/10/07 19:28:32 - Carrega tabela.0 - linenr 5200000
2018/10/07 19:28:40 - Le Arquivo.0 - Line number : 5300000
2018/10/07 19:28:44 - Separa Ano e Mes.0 - Linenr 5300000
2018/10/07 19:28:48 - Select values.0 - linenr 5250000
2018/10/07 19:28:51 - Carrega tabela.0 - linenr 5250000
2018/10/07 19:28:59 - Le Arquivo.0 - Line number : 5350000
2018/10/07 19:29:03 - Separa Ano e Mes.0 - Linenr 5350000
2018/10/07 19:29:07 - Select values.0 - linenr 5300000
2018/10/07 19:29:11 - Carrega tabela.0 - linenr 5300000
2018/10/07 19:29:19 - Le Arquivo.0 - Line number : 5400000
2018/10/07 19:29:23 - Separa Ano e Mes.0 - Linenr 5400000
2018/10/07 19:29:26 - Select values.0 - linenr 5350000
2018/10/07 19:29:30 - Carrega tabela.0 - linenr 5350000
2018/10/07 19:29:38 - Le Arquivo.0 - Line number : 5450000
2018/10/07 19:29:42 - Separa Ano e Mes.0 - Linenr 5450000
2018/10/07 19:29:46 - Select values.0 - linenr 5400000
2018/10/07 19:29:49 - Carrega tabela.0 - linenr 5400000
2018/10/07 19:29:57 - Le Arquivo.0 - Line number : 5500000
2018/10/07 19:30:01 - Separa Ano e Mes.0 - Linenr 5500000
2018/10/07 19:30:05 - Select values.0 - linenr 5450000
2018/10/07 19:30:09 - Carrega tabela.0 - linenr 5450000
2018/10/07 19:30:17 - Le Arquivo.0 - Line number : 5550000
2018/10/07 19:30:21 - Separa Ano e Mes.0 - Linenr 5550000
2018/10/07 19:30:24 - Select values.0 - linenr 5500000
2018/10/07 19:30:28 - Carrega tabela.0 - linenr 5500000
2018/10/07 19:30:36 - Le Arquivo.0 - Finished processing (I=5599610, O=0, R=0, W=5599609, U=0, E=0)
2018/10/07 19:30:40 - Separa Ano e Mes.0 - Finished processing (I=0, O=0, R=5599609, W=5599609, U=0, E=0)
2018/10/07 19:30:44 - Select values.0 - linenr 5550000
2018/10/07 19:30:44 - Corrige sal_mensal_declarado.0 - Finished processing (I=0, O=0, R=5599609, W=5599609, U=0, E=0)
2018/10/07 19:30:47 - Carrega tabela.0 - linenr 5550000
2018/10/07 19:30:47 - Corrige CBO.0 - Finished processing (I=0, O=0, R=5599609, W=5599609, U=0, E=0)
2018/10/07 19:30:51 - corige_dia_mov.0 - Finished processing (I=0, O=0, R=5599609, W=5599609, U=0, E=0)
2018/10/07 19:30:55 - Corrige CNAE1.0 - Finished processing (I=0, O=0, R=5599609, W=5599609, U=0, E=0)
2018/10/07 19:30:59 - Corrige grau instrucao.0 - Finished processing (I=0, O=0, R=5599609, W=5599609, U=0, E=0)
2018/10/07 19:31:02 - Select values.0 - Finished processing (I=0, O=0, R=5599609, W=5599609, U=0, E=0)
2018/10/07 19:31:06 - Carrega tabela.0 - Finished processing (I=0, O=5599609, R=5599609, W=5599609, U=0, E=0)
2018/10/07 19:31:06 - job_carga_caged - Starting entry [Success]
2018/10/07 19:31:06 - job_carga_caged - Finished job entry [Success] (result=[true])
2018/10/07 19:31:06 - job_carga_caged - Finished job entry [ktr_carga_caged] (result=[true])
2018/10/07 19:31:06 - job_carga_caged - Job execution finished
2018/10/07 19:31:06 - Kitchen - Finished!
2018/10/07 19:31:06 - Kitchen - Start=2018/10/07 18:54:43.519, Stop=2018/10/07 19:31:06.183
2018/10/07 19:31:06 - Kitchen - Processing ended after 36 minutes and 22 seconds (2182 seconds total).
