#######################################################################
WARNING:  no libwebkitgtk-1.0 detected, some features will be unavailable
    Consider installing the package with apt-get or yum.
    e.g. 'sudo apt-get install libwebkitgtk-1.0-0'
#######################################################################
OpenJDK 64-Bit Server VM warning: ignoring option MaxPermSize=4G; support was removed in 8.0
14:50:07,315 INFO  [KarafBoot] Checking to see if org.pentaho.clean.karaf.cache is enabled
14:50:07,419 INFO  [KarafInstance] 
*******************************************************************************
*** Karaf Instance Number: 2 at /opt/data-integration/./system/karaf/caches ***
***   /kitchen/data-1                                                       ***
*** FastBin Provider Port:52902                                             ***
*** Karaf Port:8803                                                         ***
*** OSGI Service Port:9052                                                  ***
*******************************************************************************
out 07, 2018 2:50:08 PM org.apache.karaf.main.Main$KarafLockCallback lockAquired
INFO: Lock acquired. Setting startlevel to 100
2018/10/07 14:50:08 - Kitchen - Start of run.
2018-10-07 14:50:10.870:INFO:oejs.Server:jetty-8.1.15.v20140411
2018-10-07 14:50:10.897:INFO:oejs.AbstractConnector:Started NIOSocketConnectorWrapper@0.0.0.0:9052
out 07, 2018 2:50:11 PM org.apache.cxf.bus.blueprint.NamespaceHandlerRegisterer register
INFO: Registered blueprint namespace handler for http://cxf.apache.org/blueprint/core
out 07, 2018 2:50:11 PM org.apache.cxf.bus.blueprint.NamespaceHandlerRegisterer register
INFO: Registered blueprint namespace handler for http://cxf.apache.org/configuration/beans
out 07, 2018 2:50:11 PM org.apache.cxf.bus.blueprint.NamespaceHandlerRegisterer register
INFO: Registered blueprint namespace handler for http://cxf.apache.org/configuration/parameterized-types
out 07, 2018 2:50:11 PM org.apache.cxf.bus.blueprint.NamespaceHandlerRegisterer register
INFO: Registered blueprint namespace handler for http://cxf.apache.org/configuration/security
out 07, 2018 2:50:11 PM org.apache.cxf.bus.blueprint.NamespaceHandlerRegisterer register
INFO: Registered blueprint namespace handler for http://schemas.xmlsoap.org/wsdl/
out 07, 2018 2:50:11 PM org.apache.cxf.bus.blueprint.NamespaceHandlerRegisterer register
INFO: Registered blueprint namespace handler for http://www.w3.org/2005/08/addressing
out 07, 2018 2:50:11 PM org.apache.cxf.bus.blueprint.NamespaceHandlerRegisterer register
INFO: Registered blueprint namespace handler for http://schemas.xmlsoap.org/ws/2004/08/addressing
out 07, 2018 2:50:11 PM org.apache.cxf.bus.osgi.CXFExtensionBundleListener addExtensions
INFO: Adding the extensions from bundle org.apache.cxf.cxf-rt-management (152) [org.apache.cxf.management.InstrumentationManager]
out 07, 2018 2:50:11 PM org.apache.cxf.bus.osgi.CXFExtensionBundleListener addExtensions
INFO: Adding the extensions from bundle org.apache.cxf.cxf-rt-ws-policy (203) [org.apache.cxf.ws.policy.PolicyEngine, org.apache.cxf.policy.PolicyDataEngine, org.apache.cxf.ws.policy.AssertionBuilderRegistry, org.apache.cxf.ws.policy.PolicyInterceptorProviderRegistry, org.apache.cxf.ws.policy.PolicyBuilder, org.apache.cxf.ws.policy.PolicyAnnotationListener, org.apache.cxf.ws.policy.attachment.ServiceModelPolicyProvider, org.apache.cxf.ws.policy.attachment.external.DomainExpressionBuilderRegistry, org.apache.cxf.ws.policy.attachment.external.EndpointReferenceDomainExpressionBuilder, org.apache.cxf.ws.policy.attachment.external.URIDomainExpressionBuilder, org.apache.cxf.ws.policy.attachment.wsdl11.Wsdl11AttachmentPolicyProvider, org.apache.cxf.ws.policy.mtom.MTOMAssertionBuilder, org.apache.cxf.ws.policy.mtom.MTOMPolicyInterceptorProvider]
out 07, 2018 2:50:11 PM org.apache.cxf.bus.osgi.CXFExtensionBundleListener addExtensions
INFO: Adding the extensions from bundle org.apache.cxf.cxf-rt-transports-http (156) [org.apache.cxf.transport.http.HTTPTransportFactory, org.apache.cxf.transport.http.HTTPWSDLExtensionLoader, org.apache.cxf.transport.http.policy.HTTPClientAssertionBuilder, org.apache.cxf.transport.http.policy.HTTPServerAssertionBuilder, org.apache.cxf.transport.http.policy.NoOpPolicyInterceptorProvider]
out 07, 2018 2:50:11 PM org.apache.cxf.bus.osgi.CXFExtensionBundleListener addExtensions
INFO: Adding the extensions from bundle org.apache.cxf.cxf-rt-wsdl (189) [org.apache.cxf.wsdl.WSDLManager]
out 07, 2018 2:50:11 PM org.apache.cxf.bus.blueprint.NamespaceHandlerRegisterer register
INFO: Registered blueprint namespace handler for http://cxf.apache.org/transports/http/configuration
out 07, 2018 2:50:11 PM org.apache.cxf.bus.osgi.CXFExtensionBundleListener addExtensions
INFO: Adding the extensions from bundle org.apache.cxf.cxf-rt-bindings-soap (192) [org.apache.cxf.binding.soap.SoapBindingFactory, org.apache.cxf.binding.soap.SoapTransportFactory]
out 07, 2018 2:50:11 PM org.apache.cxf.bus.blueprint.NamespaceHandlerRegisterer register
INFO: Registered blueprint namespace handler for http://cxf.apache.org/blueprint/jaxrs
out 07, 2018 2:50:11 PM org.apache.cxf.bus.blueprint.NamespaceHandlerRegisterer register
INFO: Registered blueprint namespace handler for http://cxf.apache.org/blueprint/jaxrs-client
out 07, 2018 2:50:11 PM org.apache.cxf.bus.osgi.CXFExtensionBundleListener addExtensions
INFO: Adding the extensions from bundle org.apache.cxf.cxf-rt-bindings-xml (191) [org.apache.cxf.binding.xml.XMLBindingFactory, org.apache.cxf.binding.xml.wsdl11.XMLWSDLExtensionLoader]
out 07, 2018 2:50:11 PM org.apache.cxf.bus.blueprint.NamespaceHandlerRegisterer register
INFO: Registered blueprint namespace handler for http://cxf.apache.org/blueprint/bindings/soap
out 07, 2018 2:50:11 PM org.apache.cxf.bus.blueprint.NamespaceHandlerRegisterer register
INFO: Registered blueprint namespace handler for http://cxf.apache.org/blueprint/simple
out 07, 2018 2:50:11 PM org.apache.cxf.bus.osgi.CXFExtensionBundleListener addExtensions
INFO: Adding the extensions from bundle org.apache.cxf.cxf-rt-frontend-jaxws (194) [org.apache.cxf.jaxws.context.WebServiceContextResourceResolver]
out 07, 2018 2:50:11 PM org.apache.cxf.bus.blueprint.NamespaceHandlerRegisterer register
INFO: Registered blueprint namespace handler for http://cxf.apache.org/blueprint/jaxws
out 07, 2018 2:50:11 PM org.apache.cxf.bus.blueprint.NamespaceHandlerRegisterer register
INFO: Registered blueprint namespace handler for http://cxf.apache.org/binding/coloc
out 07, 2018 2:50:11 PM org.apache.cxf.bus.osgi.CXFExtensionBundleListener addExtensions
INFO: Adding the extensions from bundle org.apache.cxf.cxf-rt-transports-local (199) [org.apache.cxf.transport.local.LocalTransportFactory]
out 07, 2018 2:50:11 PM org.apache.cxf.bus.osgi.CXFExtensionBundleListener addExtensions
INFO: Adding the extensions from bundle org.apache.cxf.cxf-rt-bindings-object (200) [org.apache.cxf.binding.object.ObjectBindingFactory]
out 07, 2018 2:50:11 PM org.apache.cxf.bus.blueprint.NamespaceHandlerRegisterer register
INFO: Registered blueprint namespace handler for http://cxf.apache.org/blueprint/binding/object
out 07, 2018 2:50:11 PM org.apache.cxf.bus.blueprint.NamespaceHandlerRegisterer register
INFO: Registered blueprint namespace handler for http://cxf.apache.org/policy
out 07, 2018 2:50:11 PM org.apache.cxf.bus.blueprint.NamespaceHandlerRegisterer register
INFO: Registered blueprint namespace handler for http://www.w3.org/ns/ws-policy
out 07, 2018 2:50:11 PM org.apache.cxf.bus.blueprint.NamespaceHandlerRegisterer register
INFO: Registered blueprint namespace handler for http://www.w3.org/2006/07/ws-policy
out 07, 2018 2:50:11 PM org.apache.cxf.bus.blueprint.NamespaceHandlerRegisterer register
INFO: Registered blueprint namespace handler for http://schemas.xmlsoap.org/ws/2004/09/policy
out 07, 2018 2:50:11 PM org.apache.cxf.bus.blueprint.NamespaceHandlerRegisterer register
INFO: Registered blueprint namespace handler for http://docs.oasis-open.org/wss/2004/01/oasis-200401-wss-wssecurity-secext-1.0.xsd
out 07, 2018 2:50:11 PM org.apache.cxf.bus.blueprint.NamespaceHandlerRegisterer register
INFO: Registered blueprint namespace handler for http://docs.oasis-open.org/wss/2004/01/oasis-200401-wss-wssecurity-utility-1.0.xsd
out 07, 2018 2:50:11 PM org.apache.cxf.bus.blueprint.NamespaceHandlerRegisterer register
INFO: Registered blueprint namespace handler for http://www.w3.org/2000/09/xmldsig#
out 07, 2018 2:50:11 PM org.apache.cxf.bus.blueprint.NamespaceHandlerRegisterer register
INFO: Registered blueprint namespace handler for http://docs.oasis-open.org/ws-sx/ws-securitypolicy/200702
out 07, 2018 2:50:11 PM org.apache.cxf.bus.osgi.CXFExtensionBundleListener addExtensions
INFO: Adding the extensions from bundle org.apache.cxf.cxf-rt-ws-addr (220) [org.apache.cxf.ws.addressing.policy.AddressingAssertionBuilder, org.apache.cxf.ws.addressing.policy.UsingAddressingAssertionBuilder, org.apache.cxf.ws.addressing.policy.AddressingPolicyInterceptorProvider, org.apache.cxf.ws.addressing.impl.AddressingWSDLExtensionLoader, org.apache.cxf.ws.addressing.WSAddressingFeature$WSAddressingFeatureApplier, org.apache.cxf.ws.addressing.MAPAggregator$MAPAggregatorLoader]
out 07, 2018 2:50:11 PM org.apache.cxf.bus.blueprint.NamespaceHandlerRegisterer register
INFO: Registered blueprint namespace handler for http://cxf.apache.org/ws/addressing
out 07, 2018 2:50:11 PM org.apache.cxf.bus.osgi.CXFExtensionBundleListener addExtensions
INFO: Adding the extensions from bundle org.apache.cxf.cxf-rt-ws-security (222) [org.apache.cxf.ws.security.policy.WSSecurityPolicyLoader, org.apache.cxf.ws.security.cache.CacheCleanupListener]
out 07, 2018 2:50:11 PM org.apache.cxf.bus.osgi.CXFExtensionBundleListener addExtensions
INFO: Adding the extensions from bundle org.apache.cxf.cxf-rt-ws-rm (224) [org.apache.cxf.ws.rm.RMManager, org.apache.cxf.ws.rm.policy.RMPolicyInterceptorProvider, org.apache.cxf.ws.rm.policy.RM10AssertionBuilder, org.apache.cxf.ws.rm.policy.RM12AssertionBuilder, org.apache.cxf.ws.rm.policy.WSRMP12PolicyLoader, org.apache.cxf.ws.rm.policy.MC11PolicyLoader, org.apache.cxf.ws.rm.policy.RSPPolicyLoader]
out 07, 2018 2:50:11 PM org.apache.cxf.bus.blueprint.NamespaceHandlerRegisterer register
INFO: Registered blueprint namespace handler for http://cxf.apache.org/ws/rm/manager
out 07, 2018 2:50:11 PM org.apache.cxf.bus.blueprint.NamespaceHandlerRegisterer register
INFO: Registered blueprint namespace handler for http://schemas.xmlsoap.org/ws/2005/02/rm/policy
out 07, 2018 2:50:11 PM org.apache.cxf.bus.osgi.CXFExtensionBundleListener addExtensions
INFO: Adding the extensions from bundle org.apache.cxf.cxf-rt-javascript (225) [org.apache.cxf.javascript.JavascriptServerListener]
out 07, 2018 2:50:11 PM org.pentaho.caching.impl.PentahoCacheManagerFactory$RegistrationHandler$1 onSuccess
INFO: New Caching Service registered
2018/10/07 14:50:14 - job_carga_caged - Start of job execution
2018/10/07 14:50:14 - job_carga_caged - Starting entry [ktr_carga_caged]
2018/10/07 14:50:14 - ktr_carga_caged - Loading transformation from XML file [/home/unb/MTB/ETL/ods/mtb/caged_dw/ktr_carga_caged.ktr]
out 07, 2018 2:50:14 PM org.apache.cxf.endpoint.ServerImpl initDestination
INFO: Setting the server's publish address to be /marketplace
2018/10/07 14:50:14 - ktr_carga_caged - Using run configuration [Pentaho local]
2018/10/07 14:50:14 - ktr_carga_caged - Using legacy execution engine
2018/10/07 14:50:14 - ktr_carga_caged - Dispatching started for transformation [ktr_carga_caged]
out 07, 2018 2:50:14 PM org.apache.cxf.endpoint.ServerImpl initDestination
INFO: Setting the server's publish address to be /lineage
out 07, 2018 2:50:14 PM org.apache.cxf.endpoint.ServerImpl initDestination
INFO: Setting the server's publish address to be /i18n
2018/10/07 14:50:14 - Carrega tabela.0 - Connected to database [comexao_ods] (commit=100000000)
SLF4J: Class path contains multiple SLF4J bindings.
SLF4J: Found binding in [jar:file:/opt/data-integration/launcher/../lib/slf4j-log4j12-1.7.7.jar!/org/slf4j/impl/StaticLoggerBinder.class]
SLF4J: Found binding in [jar:file:/opt/data-integration/plugins/pentaho-big-data-plugin/lib/slf4j-log4j12-1.7.7.jar!/org/slf4j/impl/StaticLoggerBinder.class]
SLF4J: See http://www.slf4j.org/codes.html#multiple_bindings for an explanation.
SLF4J: Actual binding is of type [org.slf4j.impl.Log4jLoggerFactory]
2018/10/07 14:50:14 - Le Arquivo.0 - Header row skipped in file '/mnt/unb/bases_mte/CAGED/CAGED_TRABALHADOR_AJUSTADO_072017.txt'
2018/10/07 14:50:15 - Le Arquivo.0 - Line number : 50000
2018/10/07 14:50:16 - Separa Ano e Mes.0 - Linenr 50000
2018/10/07 14:50:23 - Le Arquivo.0 - Line number : 100000
2018/10/07 14:50:27 - Separa Ano e Mes.0 - Linenr 100000
2018/10/07 14:50:30 - Select values.0 - linenr 50000
2018/10/07 14:50:34 - Carrega tabela.0 - linenr 50000
2018/10/07 14:50:42 - Le Arquivo.0 - Line number : 150000
2018/10/07 14:50:46 - Separa Ano e Mes.0 - Linenr 150000
2018/10/07 14:50:50 - Select values.0 - linenr 100000
2018/10/07 14:50:54 - Carrega tabela.0 - linenr 100000
2018/10/07 14:51:02 - Le Arquivo.0 - Line number : 200000
2018/10/07 14:51:06 - Separa Ano e Mes.0 - Linenr 200000
2018/10/07 14:51:09 - Select values.0 - linenr 150000
2018/10/07 14:51:13 - Carrega tabela.0 - linenr 150000
2018/10/07 14:51:21 - Le Arquivo.0 - Line number : 250000
2018/10/07 14:51:25 - Separa Ano e Mes.0 - Linenr 250000
2018/10/07 14:51:29 - Select values.0 - linenr 200000
2018/10/07 14:51:32 - Carrega tabela.0 - linenr 200000
2018/10/07 14:51:40 - Le Arquivo.0 - Line number : 300000
2018/10/07 14:51:44 - Separa Ano e Mes.0 - Linenr 300000
2018/10/07 14:51:48 - Select values.0 - linenr 250000
2018/10/07 14:51:52 - Carrega tabela.0 - linenr 250000
2018/10/07 14:52:00 - Le Arquivo.0 - Line number : 350000
2018/10/07 14:52:03 - Separa Ano e Mes.0 - Linenr 350000
2018/10/07 14:52:07 - Select values.0 - linenr 300000
2018/10/07 14:52:11 - Carrega tabela.0 - linenr 300000
2018/10/07 14:52:19 - Le Arquivo.0 - Line number : 400000
2018/10/07 14:52:23 - Separa Ano e Mes.0 - Linenr 400000
2018/10/07 14:52:26 - Select values.0 - linenr 350000
2018/10/07 14:52:30 - Carrega tabela.0 - linenr 350000
2018/10/07 14:52:38 - Le Arquivo.0 - Line number : 450000
2018/10/07 14:52:42 - Separa Ano e Mes.0 - Linenr 450000
2018/10/07 14:52:46 - Select values.0 - linenr 400000
2018/10/07 14:52:50 - Carrega tabela.0 - linenr 400000
2018/10/07 14:52:58 - Le Arquivo.0 - Line number : 500000
2018/10/07 14:53:02 - Separa Ano e Mes.0 - Linenr 500000
2018/10/07 14:53:05 - Select values.0 - linenr 450000
2018/10/07 14:53:09 - Carrega tabela.0 - linenr 450000
2018/10/07 14:53:17 - Le Arquivo.0 - Line number : 550000
2018/10/07 14:53:21 - Separa Ano e Mes.0 - Linenr 550000
2018/10/07 14:53:25 - Select values.0 - linenr 500000
2018/10/07 14:53:29 - Carrega tabela.0 - linenr 500000
2018/10/07 14:53:37 - Le Arquivo.0 - Line number : 600000
2018/10/07 14:53:40 - Separa Ano e Mes.0 - Linenr 600000
2018/10/07 14:53:44 - Select values.0 - linenr 550000
2018/10/07 14:53:48 - Carrega tabela.0 - linenr 550000
2018/10/07 14:53:56 - Le Arquivo.0 - Line number : 650000
2018/10/07 14:54:00 - Separa Ano e Mes.0 - Linenr 650000
2018/10/07 14:54:03 - Select values.0 - linenr 600000
2018/10/07 14:54:07 - Carrega tabela.0 - linenr 600000
2018/10/07 14:54:15 - Le Arquivo.0 - Line number : 700000
2018/10/07 14:54:19 - Separa Ano e Mes.0 - Linenr 700000
2018/10/07 14:54:23 - Select values.0 - linenr 650000
2018/10/07 14:54:27 - Carrega tabela.0 - linenr 650000
2018/10/07 14:54:35 - Le Arquivo.0 - Line number : 750000
2018/10/07 14:54:39 - Separa Ano e Mes.0 - Linenr 750000
2018/10/07 14:54:42 - Select values.0 - linenr 700000
2018/10/07 14:54:46 - Carrega tabela.0 - linenr 700000
2018/10/07 14:54:54 - Le Arquivo.0 - Line number : 800000
2018/10/07 14:54:58 - Separa Ano e Mes.0 - Linenr 800000
2018/10/07 14:55:02 - Select values.0 - linenr 750000
2018/10/07 14:55:06 - Carrega tabela.0 - linenr 750000
2018/10/07 14:55:14 - Le Arquivo.0 - Line number : 850000
2018/10/07 14:55:18 - Separa Ano e Mes.0 - Linenr 850000
2018/10/07 14:55:21 - Select values.0 - linenr 800000
2018/10/07 14:55:25 - Carrega tabela.0 - linenr 800000
2018/10/07 14:55:33 - Le Arquivo.0 - Line number : 900000
2018/10/07 14:55:37 - Separa Ano e Mes.0 - Linenr 900000
2018/10/07 14:55:41 - Select values.0 - linenr 850000
2018/10/07 14:55:45 - Carrega tabela.0 - linenr 850000
2018/10/07 14:55:53 - Le Arquivo.0 - Line number : 950000
2018/10/07 14:55:56 - Separa Ano e Mes.0 - Linenr 950000
2018/10/07 14:56:00 - Select values.0 - linenr 900000
2018/10/07 14:56:04 - Carrega tabela.0 - linenr 900000
2018/10/07 14:56:12 - Le Arquivo.0 - Line number : 1000000
2018/10/07 14:56:16 - Separa Ano e Mes.0 - Linenr 1000000
2018/10/07 14:56:20 - Select values.0 - linenr 950000
2018/10/07 14:56:23 - Carrega tabela.0 - linenr 950000
2018/10/07 14:56:31 - Le Arquivo.0 - Line number : 1050000
2018/10/07 14:56:35 - Separa Ano e Mes.0 - Linenr 1050000
2018/10/07 14:56:39 - Select values.0 - linenr 1000000
2018/10/07 14:56:43 - Carrega tabela.0 - linenr 1000000
2018/10/07 14:56:51 - Le Arquivo.0 - Line number : 1100000
2018/10/07 14:56:55 - Separa Ano e Mes.0 - Linenr 1100000
2018/10/07 14:56:58 - Select values.0 - linenr 1050000
2018/10/07 14:57:02 - Carrega tabela.0 - linenr 1050000
2018/10/07 14:57:10 - Le Arquivo.0 - Line number : 1150000
2018/10/07 14:57:14 - Separa Ano e Mes.0 - Linenr 1150000
2018/10/07 14:57:17 - Select values.0 - linenr 1100000
2018/10/07 14:57:21 - Carrega tabela.0 - linenr 1100000
2018/10/07 14:57:29 - Le Arquivo.0 - Line number : 1200000
2018/10/07 14:57:33 - Separa Ano e Mes.0 - Linenr 1200000
2018/10/07 14:57:37 - Select values.0 - linenr 1150000
2018/10/07 14:57:41 - Carrega tabela.0 - linenr 1150000
2018/10/07 14:57:49 - Le Arquivo.0 - Line number : 1250000
2018/10/07 14:57:53 - Separa Ano e Mes.0 - Linenr 1250000
2018/10/07 14:57:57 - Select values.0 - linenr 1200000
2018/10/07 14:58:00 - Carrega tabela.0 - linenr 1200000
2018/10/07 14:58:08 - Le Arquivo.0 - Line number : 1300000
2018/10/07 14:58:12 - Separa Ano e Mes.0 - Linenr 1300000
2018/10/07 14:58:16 - Select values.0 - linenr 1250000
2018/10/07 14:58:20 - Carrega tabela.0 - linenr 1250000
2018/10/07 14:58:28 - Le Arquivo.0 - Line number : 1350000
2018/10/07 14:58:32 - Separa Ano e Mes.0 - Linenr 1350000
2018/10/07 14:58:35 - Select values.0 - linenr 1300000
2018/10/07 14:58:39 - Carrega tabela.0 - linenr 1300000
2018/10/07 14:58:47 - Le Arquivo.0 - Line number : 1400000
2018/10/07 14:58:51 - Separa Ano e Mes.0 - Linenr 1400000
2018/10/07 14:58:55 - Select values.0 - linenr 1350000
2018/10/07 14:58:59 - Carrega tabela.0 - linenr 1350000
2018/10/07 14:59:07 - Le Arquivo.0 - Line number : 1450000
2018/10/07 14:59:10 - Separa Ano e Mes.0 - Linenr 1450000
2018/10/07 14:59:14 - Select values.0 - linenr 1400000
2018/10/07 14:59:18 - Carrega tabela.0 - linenr 1400000
2018/10/07 14:59:26 - Le Arquivo.0 - Line number : 1500000
2018/10/07 14:59:30 - Separa Ano e Mes.0 - Linenr 1500000
2018/10/07 14:59:33 - Select values.0 - linenr 1450000
2018/10/07 14:59:37 - Carrega tabela.0 - linenr 1450000
2018/10/07 14:59:45 - Le Arquivo.0 - Line number : 1550000
2018/10/07 14:59:49 - Separa Ano e Mes.0 - Linenr 1550000
2018/10/07 14:59:53 - Select values.0 - linenr 1500000
2018/10/07 14:59:57 - Carrega tabela.0 - linenr 1500000
2018/10/07 15:00:05 - Le Arquivo.0 - Line number : 1600000
2018/10/07 15:00:09 - Separa Ano e Mes.0 - Linenr 1600000
2018/10/07 15:00:12 - Select values.0 - linenr 1550000
2018/10/07 15:00:16 - Carrega tabela.0 - linenr 1550000
2018/10/07 15:00:24 - Le Arquivo.0 - Line number : 1650000
2018/10/07 15:00:28 - Separa Ano e Mes.0 - Linenr 1650000
2018/10/07 15:00:32 - Select values.0 - linenr 1600000
2018/10/07 15:00:36 - Carrega tabela.0 - linenr 1600000
2018/10/07 15:00:44 - Le Arquivo.0 - Line number : 1700000
2018/10/07 15:00:48 - Separa Ano e Mes.0 - Linenr 1700000
2018/10/07 15:00:51 - Select values.0 - linenr 1650000
2018/10/07 15:00:55 - Carrega tabela.0 - linenr 1650000
2018/10/07 15:01:03 - Le Arquivo.0 - Line number : 1750000
2018/10/07 15:01:07 - Separa Ano e Mes.0 - Linenr 1750000
2018/10/07 15:01:10 - Select values.0 - linenr 1700000
2018/10/07 15:01:14 - Carrega tabela.0 - linenr 1700000
2018/10/07 15:01:22 - Le Arquivo.0 - Line number : 1800000
2018/10/07 15:01:26 - Separa Ano e Mes.0 - Linenr 1800000
2018/10/07 15:01:30 - Select values.0 - linenr 1750000
2018/10/07 15:01:34 - Carrega tabela.0 - linenr 1750000
2018/10/07 15:01:42 - Le Arquivo.0 - Line number : 1850000
2018/10/07 15:01:45 - Separa Ano e Mes.0 - Linenr 1850000
2018/10/07 15:01:49 - Select values.0 - linenr 1800000
2018/10/07 15:01:53 - Carrega tabela.0 - linenr 1800000
2018/10/07 15:02:01 - Le Arquivo.0 - Line number : 1900000
2018/10/07 15:02:05 - Separa Ano e Mes.0 - Linenr 1900000
2018/10/07 15:02:08 - Select values.0 - linenr 1850000
2018/10/07 15:02:12 - Carrega tabela.0 - linenr 1850000
2018/10/07 15:02:20 - Le Arquivo.0 - Line number : 1950000
2018/10/07 15:02:24 - Separa Ano e Mes.0 - Linenr 1950000
2018/10/07 15:02:28 - Select values.0 - linenr 1900000
2018/10/07 15:02:31 - Carrega tabela.0 - linenr 1900000
2018/10/07 15:02:39 - Le Arquivo.0 - Line number : 2000000
2018/10/07 15:02:43 - Separa Ano e Mes.0 - Linenr 2000000
2018/10/07 15:02:47 - Select values.0 - linenr 1950000
2018/10/07 15:02:51 - Carrega tabela.0 - linenr 1950000
2018/10/07 15:02:59 - Le Arquivo.0 - Line number : 2050000
2018/10/07 15:03:02 - Separa Ano e Mes.0 - Linenr 2050000
2018/10/07 15:03:06 - Select values.0 - linenr 2000000
2018/10/07 15:03:10 - Carrega tabela.0 - linenr 2000000
2018/10/07 15:03:18 - Le Arquivo.0 - Line number : 2100000
2018/10/07 15:03:22 - Separa Ano e Mes.0 - Linenr 2100000
2018/10/07 15:03:25 - Select values.0 - linenr 2050000
2018/10/07 15:03:29 - Carrega tabela.0 - linenr 2050000
2018/10/07 15:03:37 - Le Arquivo.0 - Line number : 2150000
2018/10/07 15:03:41 - Separa Ano e Mes.0 - Linenr 2150000
2018/10/07 15:03:45 - Select values.0 - linenr 2100000
2018/10/07 15:03:48 - Carrega tabela.0 - linenr 2100000
2018/10/07 15:03:57 - Le Arquivo.0 - Line number : 2200000
2018/10/07 15:04:00 - Separa Ano e Mes.0 - Linenr 2200000
2018/10/07 15:04:04 - Select values.0 - linenr 2150000
2018/10/07 15:04:08 - Carrega tabela.0 - linenr 2150000
2018/10/07 15:04:16 - Le Arquivo.0 - Line number : 2250000
2018/10/07 15:04:20 - Separa Ano e Mes.0 - Linenr 2250000
2018/10/07 15:04:23 - Select values.0 - linenr 2200000
2018/10/07 15:04:27 - Carrega tabela.0 - linenr 2200000
2018/10/07 15:04:36 - Le Arquivo.0 - Line number : 2300000
2018/10/07 15:04:40 - Separa Ano e Mes.0 - Linenr 2300000
2018/10/07 15:04:43 - Select values.0 - linenr 2250000
2018/10/07 15:04:47 - Carrega tabela.0 - linenr 2250000
2018/10/07 15:04:55 - Le Arquivo.0 - Line number : 2350000
2018/10/07 15:04:59 - Separa Ano e Mes.0 - Linenr 2350000
2018/10/07 15:05:03 - Select values.0 - linenr 2300000
2018/10/07 15:05:07 - Carrega tabela.0 - linenr 2300000
2018/10/07 15:05:15 - Le Arquivo.0 - Line number : 2400000
2018/10/07 15:05:19 - Separa Ano e Mes.0 - Linenr 2400000
2018/10/07 15:05:22 - Select values.0 - linenr 2350000
2018/10/07 15:05:26 - Carrega tabela.0 - linenr 2350000
2018/10/07 15:05:34 - Le Arquivo.0 - Line number : 2450000
2018/10/07 15:05:38 - Separa Ano e Mes.0 - Linenr 2450000
2018/10/07 15:05:42 - Select values.0 - linenr 2400000
2018/10/07 15:05:46 - Carrega tabela.0 - linenr 2400000
2018/10/07 15:05:54 - Le Arquivo.0 - Line number : 2500000
2018/10/07 15:05:58 - Separa Ano e Mes.0 - Linenr 2500000
2018/10/07 15:06:02 - Select values.0 - linenr 2450000
2018/10/07 15:06:05 - Carrega tabela.0 - linenr 2450000
2018/10/07 15:06:14 - Le Arquivo.0 - Line number : 2550000
2018/10/07 15:06:18 - Separa Ano e Mes.0 - Linenr 2550000
2018/10/07 15:06:21 - Select values.0 - linenr 2500000
2018/10/07 15:06:25 - Carrega tabela.0 - linenr 2500000
2018/10/07 15:06:33 - Le Arquivo.0 - Line number : 2600000
2018/10/07 15:06:37 - Separa Ano e Mes.0 - Linenr 2600000
2018/10/07 15:06:41 - Select values.0 - linenr 2550000
2018/10/07 15:06:45 - Carrega tabela.0 - linenr 2550000
2018/10/07 15:06:53 - Le Arquivo.0 - Line number : 2650000
2018/10/07 15:06:57 - Separa Ano e Mes.0 - Linenr 2650000
2018/10/07 15:07:00 - Select values.0 - linenr 2600000
2018/10/07 15:07:04 - Carrega tabela.0 - linenr 2600000
2018/10/07 15:07:12 - Le Arquivo.0 - Line number : 2700000
2018/10/07 15:07:16 - Separa Ano e Mes.0 - Linenr 2700000
2018/10/07 15:07:19 - Select values.0 - linenr 2650000
2018/10/07 15:07:23 - Carrega tabela.0 - linenr 2650000
2018/10/07 15:07:31 - Le Arquivo.0 - Line number : 2750000
2018/10/07 15:07:35 - Separa Ano e Mes.0 - Linenr 2750000
2018/10/07 15:07:39 - Select values.0 - linenr 2700000
2018/10/07 15:07:43 - Carrega tabela.0 - linenr 2700000
2018/10/07 15:07:51 - Le Arquivo.0 - Line number : 2800000
2018/10/07 15:07:55 - Separa Ano e Mes.0 - Linenr 2800000
2018/10/07 15:07:58 - Select values.0 - linenr 2750000
2018/10/07 15:08:02 - Carrega tabela.0 - linenr 2750000
2018/10/07 15:08:10 - Le Arquivo.0 - Line number : 2850000
2018/10/07 15:08:14 - Separa Ano e Mes.0 - Linenr 2850000
2018/10/07 15:08:18 - Select values.0 - linenr 2800000
2018/10/07 15:08:21 - Carrega tabela.0 - linenr 2800000
2018/10/07 15:08:29 - Le Arquivo.0 - Line number : 2900000
2018/10/07 15:08:33 - Separa Ano e Mes.0 - Linenr 2900000
2018/10/07 15:08:37 - Select values.0 - linenr 2850000
2018/10/07 15:08:41 - Carrega tabela.0 - linenr 2850000
2018/10/07 15:08:49 - Le Arquivo.0 - Line number : 2950000
2018/10/07 15:08:53 - Separa Ano e Mes.0 - Linenr 2950000
2018/10/07 15:08:56 - Select values.0 - linenr 2900000
2018/10/07 15:09:00 - Carrega tabela.0 - linenr 2900000
2018/10/07 15:09:08 - Le Arquivo.0 - Line number : 3000000
2018/10/07 15:09:12 - Separa Ano e Mes.0 - Linenr 3000000
2018/10/07 15:09:16 - Select values.0 - linenr 2950000
2018/10/07 15:09:19 - Carrega tabela.0 - linenr 2950000
2018/10/07 15:09:27 - Le Arquivo.0 - Line number : 3050000
2018/10/07 15:09:31 - Separa Ano e Mes.0 - Linenr 3050000
2018/10/07 15:09:35 - Select values.0 - linenr 3000000
2018/10/07 15:09:39 - Carrega tabela.0 - linenr 3000000
2018/10/07 15:09:47 - Le Arquivo.0 - Line number : 3100000
2018/10/07 15:09:51 - Separa Ano e Mes.0 - Linenr 3100000
2018/10/07 15:09:54 - Select values.0 - linenr 3050000
2018/10/07 15:09:58 - Carrega tabela.0 - linenr 3050000
2018/10/07 15:10:06 - Le Arquivo.0 - Line number : 3150000
2018/10/07 15:10:10 - Separa Ano e Mes.0 - Linenr 3150000
2018/10/07 15:10:14 - Select values.0 - linenr 3100000
2018/10/07 15:10:18 - Carrega tabela.0 - linenr 3100000
2018/10/07 15:10:26 - Le Arquivo.0 - Line number : 3200000
2018/10/07 15:10:30 - Separa Ano e Mes.0 - Linenr 3200000
2018/10/07 15:10:33 - Select values.0 - linenr 3150000
2018/10/07 15:10:37 - Carrega tabela.0 - linenr 3150000
2018/10/07 15:10:45 - Le Arquivo.0 - Line number : 3250000
2018/10/07 15:10:49 - Separa Ano e Mes.0 - Linenr 3250000
2018/10/07 15:10:53 - Select values.0 - linenr 3200000
2018/10/07 15:10:56 - Carrega tabela.0 - linenr 3200000
2018/10/07 15:11:05 - Le Arquivo.0 - Line number : 3300000
2018/10/07 15:11:09 - Separa Ano e Mes.0 - Linenr 3300000
2018/10/07 15:11:12 - Select values.0 - linenr 3250000
2018/10/07 15:11:16 - Carrega tabela.0 - linenr 3250000
2018/10/07 15:11:24 - Le Arquivo.0 - Line number : 3350000
2018/10/07 15:11:28 - Separa Ano e Mes.0 - Linenr 3350000
2018/10/07 15:11:32 - Select values.0 - linenr 3300000
2018/10/07 15:11:36 - Carrega tabela.0 - linenr 3300000
2018/10/07 15:11:44 - Le Arquivo.0 - Line number : 3400000
2018/10/07 15:11:48 - Separa Ano e Mes.0 - Linenr 3400000
2018/10/07 15:11:51 - Select values.0 - linenr 3350000
2018/10/07 15:11:55 - Carrega tabela.0 - linenr 3350000
2018/10/07 15:12:03 - Le Arquivo.0 - Line number : 3450000
2018/10/07 15:12:07 - Separa Ano e Mes.0 - Linenr 3450000
2018/10/07 15:12:11 - Select values.0 - linenr 3400000
2018/10/07 15:12:14 - Carrega tabela.0 - linenr 3400000
2018/10/07 15:12:22 - Le Arquivo.0 - Line number : 3500000
2018/10/07 15:12:26 - Separa Ano e Mes.0 - Linenr 3500000
2018/10/07 15:12:30 - Select values.0 - linenr 3450000
2018/10/07 15:12:34 - Carrega tabela.0 - linenr 3450000
2018/10/07 15:12:42 - Le Arquivo.0 - Line number : 3550000
2018/10/07 15:12:46 - Separa Ano e Mes.0 - Linenr 3550000
2018/10/07 15:12:49 - Select values.0 - linenr 3500000
2018/10/07 15:12:53 - Carrega tabela.0 - linenr 3500000
2018/10/07 15:13:01 - Le Arquivo.0 - Line number : 3600000
2018/10/07 15:13:05 - Separa Ano e Mes.0 - Linenr 3600000
2018/10/07 15:13:08 - Select values.0 - linenr 3550000
2018/10/07 15:13:12 - Carrega tabela.0 - linenr 3550000
2018/10/07 15:13:20 - Le Arquivo.0 - Line number : 3650000
2018/10/07 15:13:24 - Separa Ano e Mes.0 - Linenr 3650000
2018/10/07 15:13:27 - Select values.0 - linenr 3600000
2018/10/07 15:13:31 - Carrega tabela.0 - linenr 3600000
2018/10/07 15:13:39 - Le Arquivo.0 - Line number : 3700000
2018/10/07 15:13:43 - Separa Ano e Mes.0 - Linenr 3700000
2018/10/07 15:13:47 - Select values.0 - linenr 3650000
2018/10/07 15:13:51 - Carrega tabela.0 - linenr 3650000
2018/10/07 15:13:59 - Le Arquivo.0 - Line number : 3750000
2018/10/07 15:14:03 - Separa Ano e Mes.0 - Linenr 3750000
2018/10/07 15:14:07 - Select values.0 - linenr 3700000
2018/10/07 15:14:10 - Carrega tabela.0 - linenr 3700000
2018/10/07 15:14:19 - Le Arquivo.0 - Line number : 3800000
2018/10/07 15:14:22 - Separa Ano e Mes.0 - Linenr 3800000
2018/10/07 15:14:26 - Select values.0 - linenr 3750000
2018/10/07 15:14:30 - Carrega tabela.0 - linenr 3750000
2018/10/07 15:14:38 - Le Arquivo.0 - Line number : 3850000
2018/10/07 15:14:42 - Separa Ano e Mes.0 - Linenr 3850000
2018/10/07 15:14:45 - Select values.0 - linenr 3800000
2018/10/07 15:14:49 - Carrega tabela.0 - linenr 3800000
2018/10/07 15:14:57 - Le Arquivo.0 - Line number : 3900000
2018/10/07 15:15:01 - Separa Ano e Mes.0 - Linenr 3900000
2018/10/07 15:15:05 - Select values.0 - linenr 3850000
2018/10/07 15:15:09 - Carrega tabela.0 - linenr 3850000
2018/10/07 15:15:17 - Le Arquivo.0 - Line number : 3950000
2018/10/07 15:15:21 - Separa Ano e Mes.0 - Linenr 3950000
2018/10/07 15:15:24 - Select values.0 - linenr 3900000
2018/10/07 15:15:28 - Carrega tabela.0 - linenr 3900000
2018/10/07 15:15:36 - Le Arquivo.0 - Line number : 4000000
2018/10/07 15:15:40 - Separa Ano e Mes.0 - Linenr 4000000
2018/10/07 15:15:44 - Select values.0 - linenr 3950000
2018/10/07 15:15:47 - Carrega tabela.0 - linenr 3950000
2018/10/07 15:15:56 - Le Arquivo.0 - Line number : 4050000
2018/10/07 15:15:59 - Separa Ano e Mes.0 - Linenr 4050000
2018/10/07 15:16:03 - Select values.0 - linenr 4000000
2018/10/07 15:16:07 - Carrega tabela.0 - linenr 4000000
2018/10/07 15:16:15 - Le Arquivo.0 - Line number : 4100000
2018/10/07 15:16:19 - Separa Ano e Mes.0 - Linenr 4100000
2018/10/07 15:16:22 - Select values.0 - linenr 4050000
2018/10/07 15:16:26 - Carrega tabela.0 - linenr 4050000
2018/10/07 15:16:34 - Le Arquivo.0 - Line number : 4150000
2018/10/07 15:16:38 - Separa Ano e Mes.0 - Linenr 4150000
2018/10/07 15:16:42 - Select values.0 - linenr 4100000
2018/10/07 15:16:45 - Carrega tabela.0 - linenr 4100000
2018/10/07 15:16:53 - Le Arquivo.0 - Line number : 4200000
2018/10/07 15:16:57 - Separa Ano e Mes.0 - Linenr 4200000
2018/10/07 15:17:01 - Select values.0 - linenr 4150000
2018/10/07 15:17:05 - Carrega tabela.0 - linenr 4150000
2018/10/07 15:17:13 - Le Arquivo.0 - Line number : 4250000
2018/10/07 15:17:17 - Separa Ano e Mes.0 - Linenr 4250000
2018/10/07 15:17:20 - Select values.0 - linenr 4200000
2018/10/07 15:17:24 - Carrega tabela.0 - linenr 4200000
2018/10/07 15:17:32 - Le Arquivo.0 - Line number : 4300000
2018/10/07 15:17:36 - Separa Ano e Mes.0 - Linenr 4300000
2018/10/07 15:17:39 - Select values.0 - linenr 4250000
2018/10/07 15:17:43 - Carrega tabela.0 - linenr 4250000
2018/10/07 15:17:51 - Le Arquivo.0 - Line number : 4350000
2018/10/07 15:17:55 - Separa Ano e Mes.0 - Linenr 4350000
2018/10/07 15:17:59 - Select values.0 - linenr 4300000
2018/10/07 15:18:03 - Carrega tabela.0 - linenr 4300000
2018/10/07 15:18:11 - Le Arquivo.0 - Line number : 4400000
2018/10/07 15:18:14 - Separa Ano e Mes.0 - Linenr 4400000
2018/10/07 15:18:18 - Select values.0 - linenr 4350000
2018/10/07 15:18:22 - Carrega tabela.0 - linenr 4350000
2018/10/07 15:18:30 - Le Arquivo.0 - Line number : 4450000
2018/10/07 15:18:34 - Separa Ano e Mes.0 - Linenr 4450000
2018/10/07 15:18:37 - Select values.0 - linenr 4400000
2018/10/07 15:18:41 - Carrega tabela.0 - linenr 4400000
2018/10/07 15:18:49 - Le Arquivo.0 - Line number : 4500000
2018/10/07 15:18:53 - Separa Ano e Mes.0 - Linenr 4500000
2018/10/07 15:18:57 - Select values.0 - linenr 4450000
2018/10/07 15:19:00 - Carrega tabela.0 - linenr 4450000
2018/10/07 15:19:08 - Le Arquivo.0 - Line number : 4550000
2018/10/07 15:19:12 - Separa Ano e Mes.0 - Linenr 4550000
2018/10/07 15:19:16 - Select values.0 - linenr 4500000
2018/10/07 15:19:19 - Carrega tabela.0 - linenr 4500000
2018/10/07 15:19:27 - Le Arquivo.0 - Line number : 4600000
2018/10/07 15:19:31 - Separa Ano e Mes.0 - Linenr 4600000
2018/10/07 15:19:35 - Select values.0 - linenr 4550000
2018/10/07 15:19:39 - Carrega tabela.0 - linenr 4550000
2018/10/07 15:19:47 - Le Arquivo.0 - Line number : 4650000
2018/10/07 15:19:51 - Separa Ano e Mes.0 - Linenr 4650000
2018/10/07 15:19:54 - Select values.0 - linenr 4600000
2018/10/07 15:19:58 - Carrega tabela.0 - linenr 4600000
2018/10/07 15:20:06 - Le Arquivo.0 - Line number : 4700000
2018/10/07 15:20:10 - Separa Ano e Mes.0 - Linenr 4700000
2018/10/07 15:20:14 - Select values.0 - linenr 4650000
2018/10/07 15:20:17 - Carrega tabela.0 - linenr 4650000
2018/10/07 15:20:25 - Le Arquivo.0 - Line number : 4750000
2018/10/07 15:20:29 - Separa Ano e Mes.0 - Linenr 4750000
2018/10/07 15:20:33 - Select values.0 - linenr 4700000
2018/10/07 15:20:37 - Carrega tabela.0 - linenr 4700000
2018/10/07 15:20:45 - Le Arquivo.0 - Line number : 4800000
2018/10/07 15:20:49 - Separa Ano e Mes.0 - Linenr 4800000
2018/10/07 15:20:52 - Select values.0 - linenr 4750000
2018/10/07 15:20:56 - Carrega tabela.0 - linenr 4750000
2018/10/07 15:21:04 - Le Arquivo.0 - Line number : 4850000
2018/10/07 15:21:08 - Separa Ano e Mes.0 - Linenr 4850000
2018/10/07 15:21:12 - Select values.0 - linenr 4800000
2018/10/07 15:21:16 - Carrega tabela.0 - linenr 4800000
2018/10/07 15:21:24 - Le Arquivo.0 - Line number : 4900000
2018/10/07 15:21:27 - Separa Ano e Mes.0 - Linenr 4900000
2018/10/07 15:21:31 - Select values.0 - linenr 4850000
2018/10/07 15:21:35 - Carrega tabela.0 - linenr 4850000
2018/10/07 15:21:43 - Le Arquivo.0 - Line number : 4950000
2018/10/07 15:21:47 - Separa Ano e Mes.0 - Linenr 4950000
2018/10/07 15:21:50 - Select values.0 - linenr 4900000
2018/10/07 15:21:54 - Carrega tabela.0 - linenr 4900000
2018/10/07 15:22:02 - Le Arquivo.0 - Line number : 5000000
2018/10/07 15:22:06 - Separa Ano e Mes.0 - Linenr 5000000
2018/10/07 15:22:10 - Select values.0 - linenr 4950000
2018/10/07 15:22:14 - Carrega tabela.0 - linenr 4950000
2018/10/07 15:22:22 - Le Arquivo.0 - Line number : 5050000
2018/10/07 15:22:26 - Separa Ano e Mes.0 - Linenr 5050000
2018/10/07 15:22:29 - Select values.0 - linenr 5000000
2018/10/07 15:22:33 - Carrega tabela.0 - linenr 5000000
2018/10/07 15:22:41 - Le Arquivo.0 - Line number : 5100000
2018/10/07 15:22:45 - Separa Ano e Mes.0 - Linenr 5100000
2018/10/07 15:22:49 - Select values.0 - linenr 5050000
2018/10/07 15:22:53 - Carrega tabela.0 - linenr 5050000
2018/10/07 15:23:01 - Le Arquivo.0 - Line number : 5150000
2018/10/07 15:23:05 - Separa Ano e Mes.0 - Linenr 5150000
2018/10/07 15:23:09 - Select values.0 - linenr 5100000
2018/10/07 15:23:12 - Carrega tabela.0 - linenr 5100000
2018/10/07 15:23:20 - Le Arquivo.0 - Line number : 5200000
2018/10/07 15:23:24 - Separa Ano e Mes.0 - Linenr 5200000
2018/10/07 15:23:28 - Select values.0 - linenr 5150000
2018/10/07 15:23:32 - Carrega tabela.0 - linenr 5150000
2018/10/07 15:23:40 - Le Arquivo.0 - Line number : 5250000
2018/10/07 15:23:43 - Separa Ano e Mes.0 - Linenr 5250000
2018/10/07 15:23:47 - Select values.0 - linenr 5200000
2018/10/07 15:23:51 - Carrega tabela.0 - linenr 5200000
2018/10/07 15:23:59 - Le Arquivo.0 - Line number : 5300000
2018/10/07 15:24:03 - Separa Ano e Mes.0 - Linenr 5300000
2018/10/07 15:24:06 - Select values.0 - linenr 5250000
2018/10/07 15:24:10 - Carrega tabela.0 - linenr 5250000
2018/10/07 15:24:18 - Le Arquivo.0 - Line number : 5350000
2018/10/07 15:24:22 - Separa Ano e Mes.0 - Linenr 5350000
2018/10/07 15:24:26 - Select values.0 - linenr 5300000
2018/10/07 15:24:29 - Carrega tabela.0 - linenr 5300000
2018/10/07 15:24:37 - Le Arquivo.0 - Line number : 5400000
2018/10/07 15:24:40 - Le Arquivo.0 - Finished processing (I=5406236, O=0, R=0, W=5406235, U=0, E=0)
2018/10/07 15:24:41 - Separa Ano e Mes.0 - Linenr 5400000
2018/10/07 15:24:44 - Separa Ano e Mes.0 - Finished processing (I=0, O=0, R=5406235, W=5406235, U=0, E=0)
2018/10/07 15:24:45 - Select values.0 - linenr 5350000
2018/10/07 15:24:47 - Corrige sal_mensal_declarado.0 - Finished processing (I=0, O=0, R=5406235, W=5406235, U=0, E=0)
2018/10/07 15:24:49 - Carrega tabela.0 - linenr 5350000
2018/10/07 15:24:51 - Corrige CBO.0 - Finished processing (I=0, O=0, R=5406235, W=5406235, U=0, E=0)
2018/10/07 15:24:55 - corige_dia_mov.0 - Finished processing (I=0, O=0, R=5406235, W=5406235, U=0, E=0)
2018/10/07 15:24:59 - Corrige CNAE1.0 - Finished processing (I=0, O=0, R=5406235, W=5406235, U=0, E=0)
2018/10/07 15:25:03 - Corrige grau instrucao.0 - Finished processing (I=0, O=0, R=5406235, W=5406235, U=0, E=0)
2018/10/07 15:25:04 - Select values.0 - linenr 5400000
2018/10/07 15:25:06 - Select values.0 - Finished processing (I=0, O=0, R=5406235, W=5406235, U=0, E=0)
2018/10/07 15:25:07 - Carrega tabela.0 - linenr 5400000
2018/10/07 15:25:10 - Carrega tabela.0 - Finished processing (I=0, O=5406235, R=5406235, W=5406235, U=0, E=0)
2018/10/07 15:25:10 - job_carga_caged - Starting entry [Success]
2018/10/07 15:25:10 - job_carga_caged - Finished job entry [Success] (result=[true])
2018/10/07 15:25:10 - job_carga_caged - Finished job entry [ktr_carga_caged] (result=[true])
2018/10/07 15:25:10 - job_carga_caged - Job execution finished
2018/10/07 15:25:10 - Kitchen - Finished!
2018/10/07 15:25:10 - Kitchen - Start=2018/10/07 14:50:08.336, Stop=2018/10/07 15:25:10.152
2018/10/07 15:25:10 - Kitchen - Processing ended after 35 minutes and 1 seconds (2101 seconds total).
