#######################################################################
WARNING:  no libwebkitgtk-1.0 detected, some features will be unavailable
    Consider installing the package with apt-get or yum.
    e.g. 'sudo apt-get install libwebkitgtk-1.0-0'
#######################################################################
OpenJDK 64-Bit Server VM warning: ignoring option MaxPermSize=4G; support was removed in 8.0
22:58:06,309 INFO  [KarafBoot] Checking to see if org.pentaho.clean.karaf.cache is enabled
22:58:06,413 INFO  [KarafInstance] 
*******************************************************************************
*** Karaf Instance Number: 2 at /opt/data-integration/./system/karaf/caches ***
***   /kitchen/data-1                                                       ***
*** FastBin Provider Port:52902                                             ***
*** Karaf Port:8803                                                         ***
*** OSGI Service Port:9052                                                  ***
*******************************************************************************
out 06, 2018 10:58:07 PM org.apache.karaf.main.Main$KarafLockCallback lockAquired
INFO: Lock acquired. Setting startlevel to 100
2018/10/06 22:58:07 - Kitchen - Start of run.
2018-10-06 22:58:09.826:INFO:oejs.Server:jetty-8.1.15.v20140411
2018-10-06 22:58:09.854:INFO:oejs.AbstractConnector:Started NIOSocketConnectorWrapper@0.0.0.0:9052
out 06, 2018 10:58:10 PM org.apache.cxf.bus.blueprint.NamespaceHandlerRegisterer register
INFO: Registered blueprint namespace handler for http://cxf.apache.org/blueprint/core
out 06, 2018 10:58:10 PM org.apache.cxf.bus.blueprint.NamespaceHandlerRegisterer register
INFO: Registered blueprint namespace handler for http://cxf.apache.org/configuration/beans
out 06, 2018 10:58:10 PM org.apache.cxf.bus.blueprint.NamespaceHandlerRegisterer register
INFO: Registered blueprint namespace handler for http://cxf.apache.org/configuration/parameterized-types
out 06, 2018 10:58:10 PM org.apache.cxf.bus.blueprint.NamespaceHandlerRegisterer register
INFO: Registered blueprint namespace handler for http://cxf.apache.org/configuration/security
out 06, 2018 10:58:10 PM org.apache.cxf.bus.blueprint.NamespaceHandlerRegisterer register
INFO: Registered blueprint namespace handler for http://schemas.xmlsoap.org/wsdl/
out 06, 2018 10:58:10 PM org.apache.cxf.bus.blueprint.NamespaceHandlerRegisterer register
INFO: Registered blueprint namespace handler for http://www.w3.org/2005/08/addressing
out 06, 2018 10:58:10 PM org.apache.cxf.bus.blueprint.NamespaceHandlerRegisterer register
INFO: Registered blueprint namespace handler for http://schemas.xmlsoap.org/ws/2004/08/addressing
out 06, 2018 10:58:10 PM org.apache.cxf.bus.osgi.CXFExtensionBundleListener addExtensions
INFO: Adding the extensions from bundle org.apache.cxf.cxf-rt-management (152) [org.apache.cxf.management.InstrumentationManager]
out 06, 2018 10:58:10 PM org.apache.cxf.bus.osgi.CXFExtensionBundleListener addExtensions
INFO: Adding the extensions from bundle org.apache.cxf.cxf-rt-transports-http (156) [org.apache.cxf.transport.http.HTTPTransportFactory, org.apache.cxf.transport.http.HTTPWSDLExtensionLoader, org.apache.cxf.transport.http.policy.HTTPClientAssertionBuilder, org.apache.cxf.transport.http.policy.HTTPServerAssertionBuilder, org.apache.cxf.transport.http.policy.NoOpPolicyInterceptorProvider]
out 06, 2018 10:58:10 PM org.apache.cxf.bus.osgi.CXFExtensionBundleListener addExtensions
INFO: Adding the extensions from bundle org.apache.cxf.cxf-rt-wsdl (189) [org.apache.cxf.wsdl.WSDLManager]
out 06, 2018 10:58:10 PM org.apache.cxf.bus.osgi.CXFExtensionBundleListener addExtensions
INFO: Adding the extensions from bundle org.apache.cxf.cxf-rt-ws-policy (203) [org.apache.cxf.ws.policy.PolicyEngine, org.apache.cxf.policy.PolicyDataEngine, org.apache.cxf.ws.policy.AssertionBuilderRegistry, org.apache.cxf.ws.policy.PolicyInterceptorProviderRegistry, org.apache.cxf.ws.policy.PolicyBuilder, org.apache.cxf.ws.policy.PolicyAnnotationListener, org.apache.cxf.ws.policy.attachment.ServiceModelPolicyProvider, org.apache.cxf.ws.policy.attachment.external.DomainExpressionBuilderRegistry, org.apache.cxf.ws.policy.attachment.external.EndpointReferenceDomainExpressionBuilder, org.apache.cxf.ws.policy.attachment.external.URIDomainExpressionBuilder, org.apache.cxf.ws.policy.attachment.wsdl11.Wsdl11AttachmentPolicyProvider, org.apache.cxf.ws.policy.mtom.MTOMAssertionBuilder, org.apache.cxf.ws.policy.mtom.MTOMPolicyInterceptorProvider]
out 06, 2018 10:58:10 PM org.apache.cxf.bus.blueprint.NamespaceHandlerRegisterer register
INFO: Registered blueprint namespace handler for http://cxf.apache.org/transports/http/configuration
out 06, 2018 10:58:10 PM org.apache.cxf.bus.osgi.CXFExtensionBundleListener addExtensions
INFO: Adding the extensions from bundle org.apache.cxf.cxf-rt-bindings-soap (192) [org.apache.cxf.binding.soap.SoapBindingFactory, org.apache.cxf.binding.soap.SoapTransportFactory]
out 06, 2018 10:58:10 PM org.apache.cxf.bus.blueprint.NamespaceHandlerRegisterer register
INFO: Registered blueprint namespace handler for http://cxf.apache.org/blueprint/jaxrs
out 06, 2018 10:58:10 PM org.apache.cxf.bus.blueprint.NamespaceHandlerRegisterer register
INFO: Registered blueprint namespace handler for http://cxf.apache.org/blueprint/jaxrs-client
out 06, 2018 10:58:10 PM org.apache.cxf.bus.osgi.CXFExtensionBundleListener addExtensions
INFO: Adding the extensions from bundle org.apache.cxf.cxf-rt-bindings-xml (191) [org.apache.cxf.binding.xml.XMLBindingFactory, org.apache.cxf.binding.xml.wsdl11.XMLWSDLExtensionLoader]
out 06, 2018 10:58:10 PM org.apache.cxf.bus.blueprint.NamespaceHandlerRegisterer register
INFO: Registered blueprint namespace handler for http://cxf.apache.org/blueprint/bindings/soap
out 06, 2018 10:58:10 PM org.apache.cxf.bus.blueprint.NamespaceHandlerRegisterer register
INFO: Registered blueprint namespace handler for http://cxf.apache.org/blueprint/simple
out 06, 2018 10:58:10 PM org.apache.cxf.bus.osgi.CXFExtensionBundleListener addExtensions
INFO: Adding the extensions from bundle org.apache.cxf.cxf-rt-frontend-jaxws (194) [org.apache.cxf.jaxws.context.WebServiceContextResourceResolver]
out 06, 2018 10:58:10 PM org.apache.cxf.bus.blueprint.NamespaceHandlerRegisterer register
INFO: Registered blueprint namespace handler for http://cxf.apache.org/blueprint/jaxws
out 06, 2018 10:58:10 PM org.apache.cxf.bus.blueprint.NamespaceHandlerRegisterer register
INFO: Registered blueprint namespace handler for http://cxf.apache.org/binding/coloc
out 06, 2018 10:58:10 PM org.apache.cxf.bus.osgi.CXFExtensionBundleListener addExtensions
INFO: Adding the extensions from bundle org.apache.cxf.cxf-rt-transports-local (199) [org.apache.cxf.transport.local.LocalTransportFactory]
out 06, 2018 10:58:10 PM org.apache.cxf.bus.osgi.CXFExtensionBundleListener addExtensions
INFO: Adding the extensions from bundle org.apache.cxf.cxf-rt-bindings-object (200) [org.apache.cxf.binding.object.ObjectBindingFactory]
out 06, 2018 10:58:10 PM org.apache.cxf.bus.blueprint.NamespaceHandlerRegisterer register
INFO: Registered blueprint namespace handler for http://cxf.apache.org/blueprint/binding/object
out 06, 2018 10:58:10 PM org.apache.cxf.bus.blueprint.NamespaceHandlerRegisterer register
INFO: Registered blueprint namespace handler for http://cxf.apache.org/policy
out 06, 2018 10:58:10 PM org.apache.cxf.bus.blueprint.NamespaceHandlerRegisterer register
INFO: Registered blueprint namespace handler for http://www.w3.org/ns/ws-policy
out 06, 2018 10:58:10 PM org.apache.cxf.bus.blueprint.NamespaceHandlerRegisterer register
INFO: Registered blueprint namespace handler for http://www.w3.org/2006/07/ws-policy
out 06, 2018 10:58:10 PM org.apache.cxf.bus.blueprint.NamespaceHandlerRegisterer register
INFO: Registered blueprint namespace handler for http://schemas.xmlsoap.org/ws/2004/09/policy
out 06, 2018 10:58:10 PM org.apache.cxf.bus.blueprint.NamespaceHandlerRegisterer register
INFO: Registered blueprint namespace handler for http://docs.oasis-open.org/wss/2004/01/oasis-200401-wss-wssecurity-secext-1.0.xsd
out 06, 2018 10:58:10 PM org.apache.cxf.bus.blueprint.NamespaceHandlerRegisterer register
INFO: Registered blueprint namespace handler for http://docs.oasis-open.org/wss/2004/01/oasis-200401-wss-wssecurity-utility-1.0.xsd
out 06, 2018 10:58:10 PM org.apache.cxf.bus.blueprint.NamespaceHandlerRegisterer register
INFO: Registered blueprint namespace handler for http://www.w3.org/2000/09/xmldsig#
out 06, 2018 10:58:10 PM org.apache.cxf.bus.blueprint.NamespaceHandlerRegisterer register
INFO: Registered blueprint namespace handler for http://docs.oasis-open.org/ws-sx/ws-securitypolicy/200702
out 06, 2018 10:58:10 PM org.apache.cxf.bus.osgi.CXFExtensionBundleListener addExtensions
INFO: Adding the extensions from bundle org.apache.cxf.cxf-rt-ws-addr (220) [org.apache.cxf.ws.addressing.policy.AddressingAssertionBuilder, org.apache.cxf.ws.addressing.policy.UsingAddressingAssertionBuilder, org.apache.cxf.ws.addressing.policy.AddressingPolicyInterceptorProvider, org.apache.cxf.ws.addressing.impl.AddressingWSDLExtensionLoader, org.apache.cxf.ws.addressing.WSAddressingFeature$WSAddressingFeatureApplier, org.apache.cxf.ws.addressing.MAPAggregator$MAPAggregatorLoader]
out 06, 2018 10:58:10 PM org.apache.cxf.bus.blueprint.NamespaceHandlerRegisterer register
INFO: Registered blueprint namespace handler for http://cxf.apache.org/ws/addressing
out 06, 2018 10:58:10 PM org.apache.cxf.bus.osgi.CXFExtensionBundleListener addExtensions
INFO: Adding the extensions from bundle org.apache.cxf.cxf-rt-ws-security (222) [org.apache.cxf.ws.security.policy.WSSecurityPolicyLoader, org.apache.cxf.ws.security.cache.CacheCleanupListener]
out 06, 2018 10:58:10 PM org.apache.cxf.bus.osgi.CXFExtensionBundleListener addExtensions
INFO: Adding the extensions from bundle org.apache.cxf.cxf-rt-ws-rm (224) [org.apache.cxf.ws.rm.RMManager, org.apache.cxf.ws.rm.policy.RMPolicyInterceptorProvider, org.apache.cxf.ws.rm.policy.RM10AssertionBuilder, org.apache.cxf.ws.rm.policy.RM12AssertionBuilder, org.apache.cxf.ws.rm.policy.WSRMP12PolicyLoader, org.apache.cxf.ws.rm.policy.MC11PolicyLoader, org.apache.cxf.ws.rm.policy.RSPPolicyLoader]
out 06, 2018 10:58:10 PM org.apache.cxf.bus.blueprint.NamespaceHandlerRegisterer register
INFO: Registered blueprint namespace handler for http://cxf.apache.org/ws/rm/manager
out 06, 2018 10:58:10 PM org.apache.cxf.bus.blueprint.NamespaceHandlerRegisterer register
INFO: Registered blueprint namespace handler for http://schemas.xmlsoap.org/ws/2005/02/rm/policy
out 06, 2018 10:58:10 PM org.apache.cxf.bus.osgi.CXFExtensionBundleListener addExtensions
INFO: Adding the extensions from bundle org.apache.cxf.cxf-rt-javascript (225) [org.apache.cxf.javascript.JavascriptServerListener]
out 06, 2018 10:58:10 PM org.pentaho.caching.impl.PentahoCacheManagerFactory$RegistrationHandler$1 onSuccess
INFO: New Caching Service registered
2018/10/06 22:58:13 - job_carga_caged - Start of job execution
2018/10/06 22:58:13 - job_carga_caged - Starting entry [ktr_carga_caged]
2018/10/06 22:58:13 - ktr_carga_caged - Loading transformation from XML file [/home/unb/MTB/ETL/ods/mtb/caged_dw/ktr_carga_caged.ktr]
2018/10/06 22:58:13 - ktr_carga_caged - Using run configuration [Pentaho local]
2018/10/06 22:58:13 - ktr_carga_caged - Using legacy execution engine
out 06, 2018 10:58:13 PM org.apache.cxf.endpoint.ServerImpl initDestination
INFO: Setting the server's publish address to be /marketplace
2018/10/06 22:58:13 - ktr_carga_caged - Dispatching started for transformation [ktr_carga_caged]
out 06, 2018 10:58:13 PM org.apache.cxf.endpoint.ServerImpl initDestination
INFO: Setting the server's publish address to be /lineage
2018/10/06 22:58:13 - Carrega tabela.0 - Connected to database [comexao_ods] (commit=100000000)
out 06, 2018 10:58:13 PM org.apache.cxf.endpoint.ServerImpl initDestination
INFO: Setting the server's publish address to be /i18n
SLF4J: Class path contains multiple SLF4J bindings.
SLF4J: Found binding in [jar:file:/opt/data-integration/launcher/../lib/slf4j-log4j12-1.7.7.jar!/org/slf4j/impl/StaticLoggerBinder.class]
SLF4J: Found binding in [jar:file:/opt/data-integration/plugins/pentaho-big-data-plugin/lib/slf4j-log4j12-1.7.7.jar!/org/slf4j/impl/StaticLoggerBinder.class]
SLF4J: See http://www.slf4j.org/codes.html#multiple_bindings for an explanation.
SLF4J: Actual binding is of type [org.slf4j.impl.Log4jLoggerFactory]
2018/10/06 22:58:13 - Le Arquivo.0 - Header row skipped in file '/mnt/unb/bases_mte/CAGED/CAGED_TRABALHADOR_AJUSTADO_082017.txt'
2018/10/06 22:58:15 - Le Arquivo.0 - Line number : 50000
2018/10/06 22:58:15 - Separa Ano e Mes.0 - Linenr 50000
2018/10/06 22:58:29 - Select values.0 - linenr 50000
2018/10/06 22:58:30 - Le Arquivo.0 - Line number : 100000
2018/10/06 22:58:33 - Carrega tabela.0 - linenr 50000
2018/10/06 22:58:33 - Separa Ano e Mes.0 - Linenr 100000
2018/10/06 22:58:49 - Select values.0 - linenr 100000
2018/10/06 22:58:49 - Le Arquivo.0 - Line number : 150000
2018/10/06 22:58:52 - Carrega tabela.0 - linenr 100000
2018/10/06 22:58:52 - Separa Ano e Mes.0 - Linenr 150000
2018/10/06 22:59:08 - Select values.0 - linenr 150000
2018/10/06 22:59:08 - Le Arquivo.0 - Line number : 200000
2018/10/06 22:59:11 - Carrega tabela.0 - linenr 150000
2018/10/06 22:59:12 - Separa Ano e Mes.0 - Linenr 200000
2018/10/06 22:59:27 - Select values.0 - linenr 200000
2018/10/06 22:59:27 - Le Arquivo.0 - Line number : 250000
2018/10/06 22:59:31 - Carrega tabela.0 - linenr 200000
2018/10/06 22:59:31 - Separa Ano e Mes.0 - Linenr 250000
2018/10/06 22:59:47 - Select values.0 - linenr 250000
2018/10/06 22:59:47 - Le Arquivo.0 - Line number : 300000
2018/10/06 22:59:50 - Carrega tabela.0 - linenr 250000
2018/10/06 22:59:50 - Separa Ano e Mes.0 - Linenr 300000
2018/10/06 23:00:06 - Select values.0 - linenr 300000
2018/10/06 23:00:06 - Le Arquivo.0 - Line number : 350000
2018/10/06 23:00:10 - Carrega tabela.0 - linenr 300000
2018/10/06 23:00:10 - Separa Ano e Mes.0 - Linenr 350000
2018/10/06 23:00:25 - Select values.0 - linenr 350000
2018/10/06 23:00:25 - Le Arquivo.0 - Line number : 400000
2018/10/06 23:00:29 - Carrega tabela.0 - linenr 350000
2018/10/06 23:00:29 - Separa Ano e Mes.0 - Linenr 400000
2018/10/06 23:00:45 - Select values.0 - linenr 400000
2018/10/06 23:00:45 - Le Arquivo.0 - Line number : 450000
2018/10/06 23:00:48 - Carrega tabela.0 - linenr 400000
2018/10/06 23:00:49 - Separa Ano e Mes.0 - Linenr 450000
2018/10/06 23:01:04 - Select values.0 - linenr 450000
2018/10/06 23:01:04 - Le Arquivo.0 - Line number : 500000
2018/10/06 23:01:08 - Carrega tabela.0 - linenr 450000
2018/10/06 23:01:08 - Separa Ano e Mes.0 - Linenr 500000
2018/10/06 23:01:23 - Select values.0 - linenr 500000
2018/10/06 23:01:23 - Le Arquivo.0 - Line number : 550000
2018/10/06 23:01:27 - Carrega tabela.0 - linenr 500000
2018/10/06 23:01:27 - Separa Ano e Mes.0 - Linenr 550000
2018/10/06 23:01:42 - Select values.0 - linenr 550000
2018/10/06 23:01:42 - Le Arquivo.0 - Line number : 600000
2018/10/06 23:01:46 - Carrega tabela.0 - linenr 550000
2018/10/06 23:01:46 - Separa Ano e Mes.0 - Linenr 600000
2018/10/06 23:02:01 - Select values.0 - linenr 600000
2018/10/06 23:02:01 - Le Arquivo.0 - Line number : 650000
2018/10/06 23:02:05 - Carrega tabela.0 - linenr 600000
2018/10/06 23:02:05 - Separa Ano e Mes.0 - Linenr 650000
2018/10/06 23:02:20 - Select values.0 - linenr 650000
2018/10/06 23:02:20 - Le Arquivo.0 - Line number : 700000
2018/10/06 23:02:24 - Carrega tabela.0 - linenr 650000
2018/10/06 23:02:24 - Separa Ano e Mes.0 - Linenr 700000
2018/10/06 23:02:32 - ktr_carga_caged - ERROR (version 7.1.0.0-12, build 1 from 2017-05-16 17.18.02 by buildguy) : Errors detected!
2018/10/06 23:02:32 - Carrega tabela.0 - ERROR (version 7.1.0.0-12, build 1 from 2017-05-16 17.18.02 by buildguy) : Because of an error, this step can't continue: 
2018/10/06 23:02:32 - Carrega tabela.0 - ERROR (version 7.1.0.0-12, build 1 from 2017-05-16 17.18.02 by buildguy) : org.pentaho.di.core.exception.KettleValueException: 
2018/10/06 23:02:32 - Carrega tabela.0 - Unexpected conversion error while converting value [grau_instrucao String] to an Integer
2018/10/06 23:02:32 - Carrega tabela.0 - 
2018/10/06 23:02:32 - Carrega tabela.0 - grau_instrucao String : couldn't convert String to Integer
2018/10/06 23:02:32 - Carrega tabela.0 - 
2018/10/06 23:02:32 - Carrega tabela.0 - grau_instrucao String : couldn't convert String to number : non-numeric character found at position 1 for value [{๑]
2018/10/06 23:02:32 - Carrega tabela.0 - 
2018/10/06 23:02:32 - Carrega tabela.0 - 
2018/10/06 23:02:32 - Carrega tabela.0 - 
2018/10/06 23:02:32 - Carrega tabela.0 - 	at org.pentaho.di.core.row.value.ValueMetaBase.getInteger(ValueMetaBase.java:2081)
2018/10/06 23:02:32 - Carrega tabela.0 - 	at org.pentaho.di.core.row.value.ValueMetaBase.convertData(ValueMetaBase.java:3785)
2018/10/06 23:02:32 - Carrega tabela.0 - 	at org.pentaho.di.core.row.value.ValueMetaBase.convertBinaryStringToNativeType(ValueMetaBase.java:1579)
2018/10/06 23:02:32 - Carrega tabela.0 - 	at org.pentaho.di.core.row.value.ValueMetaBase.getString(ValueMetaBase.java:1799)
2018/10/06 23:02:32 - Carrega tabela.0 - 	at org.pentaho.di.core.row.RowMeta.getString(RowMeta.java:319)
2018/10/06 23:02:32 - Carrega tabela.0 - 	at org.pentaho.di.core.row.RowMeta.getString(RowMeta.java:828)
2018/10/06 23:02:32 - Carrega tabela.0 - 	at org.pentaho.di.trans.steps.tableoutput.TableOutput.writeToTable(TableOutput.java:385)
2018/10/06 23:02:32 - Carrega tabela.0 - 	at org.pentaho.di.trans.steps.tableoutput.TableOutput.processRow(TableOutput.java:125)
2018/10/06 23:02:32 - Carrega tabela.0 - 	at org.pentaho.di.trans.step.RunThread.run(RunThread.java:62)
2018/10/06 23:02:32 - Carrega tabela.0 - 	at java.lang.Thread.run(Thread.java:748)
2018/10/06 23:02:32 - Carrega tabela.0 - Caused by: org.pentaho.di.core.exception.KettleValueException: 
2018/10/06 23:02:32 - Carrega tabela.0 - grau_instrucao String : couldn't convert String to Integer
2018/10/06 23:02:32 - Carrega tabela.0 - 
2018/10/06 23:02:32 - Carrega tabela.0 - grau_instrucao String : couldn't convert String to number : non-numeric character found at position 1 for value [{๑]
2018/10/06 23:02:32 - Carrega tabela.0 - 
2018/10/06 23:02:32 - Carrega tabela.0 - 
2018/10/06 23:02:32 - Carrega tabela.0 - 	at org.pentaho.di.core.row.value.ValueMetaBase.convertStringToInteger(ValueMetaBase.java:1323)
2018/10/06 23:02:32 - Carrega tabela.0 - 	at org.pentaho.di.core.row.value.ValueMetaBase.getInteger(ValueMetaBase.java:2019)
2018/10/06 23:02:32 - Carrega tabela.0 - 	... 9 more
2018/10/06 23:02:32 - Carrega tabela.0 - Caused by: org.pentaho.di.core.exception.KettleValueException: 
2018/10/06 23:02:32 - Carrega tabela.0 - grau_instrucao String : couldn't convert String to number : non-numeric character found at position 1 for value [{๑]
2018/10/06 23:02:32 - Carrega tabela.0 - 
2018/10/06 23:02:32 - Carrega tabela.0 - 	at org.pentaho.di.core.row.value.ValueMetaBase.convertStringToInteger(ValueMetaBase.java:1317)
2018/10/06 23:02:32 - Carrega tabela.0 - 	... 10 more
2018/10/06 23:02:32 - Corrige sal_mensal_declarado.0 - Finished processing (I=0, O=0, R=709506, W=709506, U=0, E=0)
2018/10/06 23:02:32 - Separa Ano e Mes.0 - Finished processing (I=0, O=0, R=719407, W=719407, U=0, E=0)
2018/10/06 23:02:32 - corige_dia_mov.0 - Finished processing (I=0, O=0, R=689705, W=689705, U=0, E=0)
2018/10/06 23:02:32 - Select values.0 - Finished processing (I=0, O=0, R=679802, W=679802, U=0, E=0)
2018/10/06 23:02:32 - Corrige CBO.0 - Finished processing (I=0, O=0, R=699606, W=699606, U=0, E=0)
2018/10/06 23:02:32 - Carrega tabela.0 - Finished processing (I=0, O=669891, R=669892, W=669891, U=0, E=1)
2018/10/06 23:02:32 - ktr_carga_caged - Transformation detected one or more steps with errors.
2018/10/06 23:02:32 - ktr_carga_caged - Transformation is killing the other steps!
2018/10/06 23:02:32 - Le Arquivo.0 - Finished processing (I=729409, O=0, R=0, W=729408, U=0, E=0)
2018/10/06 23:02:32 - ktr_carga_caged - ERROR (version 7.1.0.0-12, build 1 from 2017-05-16 17.18.02 by buildguy) : Errors detected!
2018/10/06 23:02:32 - job_carga_caged - Finished job entry [ktr_carga_caged] (result=[false])
2018/10/06 23:02:32 - job_carga_caged - Job execution finished
2018/10/06 23:02:32 - Kitchen - Finished!
2018/10/06 23:02:32 - Kitchen - ERROR (version 7.1.0.0-12, build 1 from 2017-05-16 17.18.02 by buildguy) : Finished with errors
2018/10/06 23:02:32 - Kitchen - Start=2018/10/06 22:58:07.318, Stop=2018/10/06 23:02:32.287
2018/10/06 23:02:32 - Kitchen - Processing ended after 4 minutes and 24 seconds (264 seconds total).
