#######################################################################
WARNING:  no libwebkitgtk-1.0 detected, some features will be unavailable
    Consider installing the package with apt-get or yum.
    e.g. 'sudo apt-get install libwebkitgtk-1.0-0'
#######################################################################
OpenJDK 64-Bit Server VM warning: ignoring option MaxPermSize=4G; support was removed in 8.0
22:51:06,323 INFO  [KarafBoot] Checking to see if org.pentaho.clean.karaf.cache is enabled
22:51:06,420 INFO  [KarafInstance] 
*******************************************************************************
*** Karaf Instance Number: 2 at /opt/data-integration/./system/karaf/caches ***
***   /kitchen/data-1                                                       ***
*** FastBin Provider Port:52902                                             ***
*** Karaf Port:8803                                                         ***
*** OSGI Service Port:9052                                                  ***
*******************************************************************************
set 30, 2018 10:51:07 PM org.apache.karaf.main.Main$KarafLockCallback lockAquired
INFO: Lock acquired. Setting startlevel to 100
2018/09/30 22:51:07 - Kitchen - Start of run.
2018-09-30 22:51:09.738:INFO:oejs.Server:jetty-8.1.15.v20140411
2018-09-30 22:51:09.768:INFO:oejs.AbstractConnector:Started NIOSocketConnectorWrapper@0.0.0.0:9052
set 30, 2018 10:51:10 PM org.apache.cxf.bus.blueprint.NamespaceHandlerRegisterer register
INFO: Registered blueprint namespace handler for http://cxf.apache.org/blueprint/core
set 30, 2018 10:51:10 PM org.apache.cxf.bus.blueprint.NamespaceHandlerRegisterer register
INFO: Registered blueprint namespace handler for http://cxf.apache.org/configuration/beans
set 30, 2018 10:51:10 PM org.apache.cxf.bus.blueprint.NamespaceHandlerRegisterer register
INFO: Registered blueprint namespace handler for http://cxf.apache.org/configuration/parameterized-types
set 30, 2018 10:51:10 PM org.apache.cxf.bus.blueprint.NamespaceHandlerRegisterer register
INFO: Registered blueprint namespace handler for http://cxf.apache.org/configuration/security
set 30, 2018 10:51:10 PM org.apache.cxf.bus.blueprint.NamespaceHandlerRegisterer register
INFO: Registered blueprint namespace handler for http://schemas.xmlsoap.org/wsdl/
set 30, 2018 10:51:10 PM org.apache.cxf.bus.blueprint.NamespaceHandlerRegisterer register
INFO: Registered blueprint namespace handler for http://www.w3.org/2005/08/addressing
set 30, 2018 10:51:10 PM org.apache.cxf.bus.blueprint.NamespaceHandlerRegisterer register
INFO: Registered blueprint namespace handler for http://schemas.xmlsoap.org/ws/2004/08/addressing
set 30, 2018 10:51:10 PM org.apache.cxf.bus.osgi.CXFExtensionBundleListener addExtensions
INFO: Adding the extensions from bundle org.apache.cxf.cxf-rt-management (152) [org.apache.cxf.management.InstrumentationManager]
set 30, 2018 10:51:10 PM org.apache.cxf.bus.osgi.CXFExtensionBundleListener addExtensions
INFO: Adding the extensions from bundle org.apache.cxf.cxf-rt-wsdl (189) [org.apache.cxf.wsdl.WSDLManager]
set 30, 2018 10:51:10 PM org.apache.cxf.bus.osgi.CXFExtensionBundleListener addExtensions
INFO: Adding the extensions from bundle org.apache.cxf.cxf-rt-ws-policy (203) [org.apache.cxf.ws.policy.PolicyEngine, org.apache.cxf.policy.PolicyDataEngine, org.apache.cxf.ws.policy.AssertionBuilderRegistry, org.apache.cxf.ws.policy.PolicyInterceptorProviderRegistry, org.apache.cxf.ws.policy.PolicyBuilder, org.apache.cxf.ws.policy.PolicyAnnotationListener, org.apache.cxf.ws.policy.attachment.ServiceModelPolicyProvider, org.apache.cxf.ws.policy.attachment.external.DomainExpressionBuilderRegistry, org.apache.cxf.ws.policy.attachment.external.EndpointReferenceDomainExpressionBuilder, org.apache.cxf.ws.policy.attachment.external.URIDomainExpressionBuilder, org.apache.cxf.ws.policy.attachment.wsdl11.Wsdl11AttachmentPolicyProvider, org.apache.cxf.ws.policy.mtom.MTOMAssertionBuilder, org.apache.cxf.ws.policy.mtom.MTOMPolicyInterceptorProvider]
set 30, 2018 10:51:10 PM org.apache.cxf.bus.osgi.CXFExtensionBundleListener addExtensions
INFO: Adding the extensions from bundle org.apache.cxf.cxf-rt-transports-http (156) [org.apache.cxf.transport.http.HTTPTransportFactory, org.apache.cxf.transport.http.HTTPWSDLExtensionLoader, org.apache.cxf.transport.http.policy.HTTPClientAssertionBuilder, org.apache.cxf.transport.http.policy.HTTPServerAssertionBuilder, org.apache.cxf.transport.http.policy.NoOpPolicyInterceptorProvider]
set 30, 2018 10:51:10 PM org.apache.cxf.bus.blueprint.NamespaceHandlerRegisterer register
INFO: Registered blueprint namespace handler for http://cxf.apache.org/transports/http/configuration
set 30, 2018 10:51:10 PM org.apache.cxf.bus.osgi.CXFExtensionBundleListener addExtensions
INFO: Adding the extensions from bundle org.apache.cxf.cxf-rt-bindings-soap (192) [org.apache.cxf.binding.soap.SoapBindingFactory, org.apache.cxf.binding.soap.SoapTransportFactory]
set 30, 2018 10:51:10 PM org.apache.cxf.bus.blueprint.NamespaceHandlerRegisterer register
INFO: Registered blueprint namespace handler for http://cxf.apache.org/blueprint/jaxrs
set 30, 2018 10:51:10 PM org.apache.cxf.bus.blueprint.NamespaceHandlerRegisterer register
INFO: Registered blueprint namespace handler for http://cxf.apache.org/blueprint/jaxrs-client
set 30, 2018 10:51:10 PM org.apache.cxf.bus.osgi.CXFExtensionBundleListener addExtensions
INFO: Adding the extensions from bundle org.apache.cxf.cxf-rt-bindings-xml (191) [org.apache.cxf.binding.xml.XMLBindingFactory, org.apache.cxf.binding.xml.wsdl11.XMLWSDLExtensionLoader]
set 30, 2018 10:51:10 PM org.apache.cxf.bus.blueprint.NamespaceHandlerRegisterer register
INFO: Registered blueprint namespace handler for http://cxf.apache.org/blueprint/bindings/soap
set 30, 2018 10:51:10 PM org.apache.cxf.bus.blueprint.NamespaceHandlerRegisterer register
INFO: Registered blueprint namespace handler for http://cxf.apache.org/blueprint/simple
set 30, 2018 10:51:10 PM org.apache.cxf.bus.osgi.CXFExtensionBundleListener addExtensions
INFO: Adding the extensions from bundle org.apache.cxf.cxf-rt-frontend-jaxws (194) [org.apache.cxf.jaxws.context.WebServiceContextResourceResolver]
set 30, 2018 10:51:10 PM org.apache.cxf.bus.blueprint.NamespaceHandlerRegisterer register
INFO: Registered blueprint namespace handler for http://cxf.apache.org/blueprint/jaxws
set 30, 2018 10:51:10 PM org.apache.cxf.bus.blueprint.NamespaceHandlerRegisterer register
INFO: Registered blueprint namespace handler for http://cxf.apache.org/binding/coloc
set 30, 2018 10:51:10 PM org.apache.cxf.bus.osgi.CXFExtensionBundleListener addExtensions
INFO: Adding the extensions from bundle org.apache.cxf.cxf-rt-transports-local (199) [org.apache.cxf.transport.local.LocalTransportFactory]
set 30, 2018 10:51:10 PM org.apache.cxf.bus.osgi.CXFExtensionBundleListener addExtensions
INFO: Adding the extensions from bundle org.apache.cxf.cxf-rt-bindings-object (200) [org.apache.cxf.binding.object.ObjectBindingFactory]
set 30, 2018 10:51:10 PM org.apache.cxf.bus.blueprint.NamespaceHandlerRegisterer register
INFO: Registered blueprint namespace handler for http://cxf.apache.org/blueprint/binding/object
set 30, 2018 10:51:10 PM org.apache.cxf.bus.blueprint.NamespaceHandlerRegisterer register
INFO: Registered blueprint namespace handler for http://cxf.apache.org/policy
set 30, 2018 10:51:10 PM org.apache.cxf.bus.blueprint.NamespaceHandlerRegisterer register
INFO: Registered blueprint namespace handler for http://www.w3.org/ns/ws-policy
set 30, 2018 10:51:10 PM org.apache.cxf.bus.blueprint.NamespaceHandlerRegisterer register
INFO: Registered blueprint namespace handler for http://www.w3.org/2006/07/ws-policy
set 30, 2018 10:51:10 PM org.apache.cxf.bus.blueprint.NamespaceHandlerRegisterer register
INFO: Registered blueprint namespace handler for http://schemas.xmlsoap.org/ws/2004/09/policy
set 30, 2018 10:51:10 PM org.apache.cxf.bus.blueprint.NamespaceHandlerRegisterer register
INFO: Registered blueprint namespace handler for http://docs.oasis-open.org/wss/2004/01/oasis-200401-wss-wssecurity-secext-1.0.xsd
set 30, 2018 10:51:10 PM org.apache.cxf.bus.blueprint.NamespaceHandlerRegisterer register
INFO: Registered blueprint namespace handler for http://docs.oasis-open.org/wss/2004/01/oasis-200401-wss-wssecurity-utility-1.0.xsd
set 30, 2018 10:51:10 PM org.apache.cxf.bus.blueprint.NamespaceHandlerRegisterer register
INFO: Registered blueprint namespace handler for http://www.w3.org/2000/09/xmldsig#
set 30, 2018 10:51:10 PM org.apache.cxf.bus.blueprint.NamespaceHandlerRegisterer register
INFO: Registered blueprint namespace handler for http://docs.oasis-open.org/ws-sx/ws-securitypolicy/200702
set 30, 2018 10:51:10 PM org.apache.cxf.bus.osgi.CXFExtensionBundleListener addExtensions
INFO: Adding the extensions from bundle org.apache.cxf.cxf-rt-ws-addr (220) [org.apache.cxf.ws.addressing.policy.AddressingAssertionBuilder, org.apache.cxf.ws.addressing.policy.UsingAddressingAssertionBuilder, org.apache.cxf.ws.addressing.policy.AddressingPolicyInterceptorProvider, org.apache.cxf.ws.addressing.impl.AddressingWSDLExtensionLoader, org.apache.cxf.ws.addressing.WSAddressingFeature$WSAddressingFeatureApplier, org.apache.cxf.ws.addressing.MAPAggregator$MAPAggregatorLoader]
set 30, 2018 10:51:10 PM org.apache.cxf.bus.blueprint.NamespaceHandlerRegisterer register
INFO: Registered blueprint namespace handler for http://cxf.apache.org/ws/addressing
set 30, 2018 10:51:10 PM org.apache.cxf.bus.osgi.CXFExtensionBundleListener addExtensions
INFO: Adding the extensions from bundle org.apache.cxf.cxf-rt-ws-security (222) [org.apache.cxf.ws.security.policy.WSSecurityPolicyLoader, org.apache.cxf.ws.security.cache.CacheCleanupListener]
set 30, 2018 10:51:10 PM org.apache.cxf.bus.osgi.CXFExtensionBundleListener addExtensions
INFO: Adding the extensions from bundle org.apache.cxf.cxf-rt-ws-rm (224) [org.apache.cxf.ws.rm.RMManager, org.apache.cxf.ws.rm.policy.RMPolicyInterceptorProvider, org.apache.cxf.ws.rm.policy.RM10AssertionBuilder, org.apache.cxf.ws.rm.policy.RM12AssertionBuilder, org.apache.cxf.ws.rm.policy.WSRMP12PolicyLoader, org.apache.cxf.ws.rm.policy.MC11PolicyLoader, org.apache.cxf.ws.rm.policy.RSPPolicyLoader]
set 30, 2018 10:51:10 PM org.apache.cxf.bus.blueprint.NamespaceHandlerRegisterer register
INFO: Registered blueprint namespace handler for http://cxf.apache.org/ws/rm/manager
set 30, 2018 10:51:10 PM org.apache.cxf.bus.blueprint.NamespaceHandlerRegisterer register
INFO: Registered blueprint namespace handler for http://schemas.xmlsoap.org/ws/2005/02/rm/policy
set 30, 2018 10:51:10 PM org.apache.cxf.bus.osgi.CXFExtensionBundleListener addExtensions
INFO: Adding the extensions from bundle org.apache.cxf.cxf-rt-javascript (225) [org.apache.cxf.javascript.JavascriptServerListener]
set 30, 2018 10:51:10 PM org.pentaho.caching.impl.PentahoCacheManagerFactory$RegistrationHandler$1 onSuccess
INFO: New Caching Service registered
2018/09/30 22:51:13 - job_carga_caged - Start of job execution
2018/09/30 22:51:13 - job_carga_caged - Starting entry [ktr_carga_caged]
2018/09/30 22:51:13 - ktr_carga_caged - Loading transformation from XML file [/home/unb/MTB/ETL/ods/mtb/caged_dw/ktr_carga_caged.ktr]
set 30, 2018 10:51:13 PM org.apache.cxf.endpoint.ServerImpl initDestination
INFO: Setting the server's publish address to be /marketplace
2018/09/30 22:51:13 - ktr_carga_caged - Using run configuration [Pentaho local]
2018/09/30 22:51:13 - ktr_carga_caged - Using legacy execution engine
2018/09/30 22:51:13 - ktr_carga_caged - Dispatching started for transformation [ktr_carga_caged]
set 30, 2018 10:51:13 PM org.apache.cxf.endpoint.ServerImpl initDestination
INFO: Setting the server's publish address to be /lineage
2018/09/30 22:51:13 - ods_caged.0 - Connected to database [comexao_ods] (commit=1000000)
set 30, 2018 10:51:13 PM org.apache.cxf.endpoint.ServerImpl initDestination
INFO: Setting the server's publish address to be /i18n
SLF4J: Class path contains multiple SLF4J bindings.
SLF4J: Found binding in [jar:file:/opt/data-integration/launcher/../lib/slf4j-log4j12-1.7.7.jar!/org/slf4j/impl/StaticLoggerBinder.class]
SLF4J: Found binding in [jar:file:/opt/data-integration/plugins/pentaho-big-data-plugin/lib/slf4j-log4j12-1.7.7.jar!/org/slf4j/impl/StaticLoggerBinder.class]
SLF4J: See http://www.slf4j.org/codes.html#multiple_bindings for an explanation.
2018/09/30 22:51:13 - CSV file input.0 - Header row skipped in file '/mnt/unb/bases_mte/CAGED/CAGED_TRABALHADOR_AJUSTADO_072018.txt'
SLF4J: Actual binding is of type [org.slf4j.impl.Log4jLoggerFactory]
2018/09/30 22:51:20 - CSV file input.0 - Line number : 50000
2018/09/30 22:51:22 - Formula.0 - Linenr 50000
2018/09/30 22:51:24 - ods_caged.0 - linenr 50000
2018/09/30 22:51:30 - CSV file input.0 - Line number : 100000
2018/09/30 22:51:32 - Formula.0 - Linenr 100000
2018/09/30 22:51:34 - ods_caged.0 - linenr 100000
2018/09/30 22:51:40 - CSV file input.0 - Line number : 150000
2018/09/30 22:51:42 - Formula.0 - Linenr 150000
2018/09/30 22:51:44 - ods_caged.0 - linenr 150000
2018/09/30 22:51:50 - CSV file input.0 - Line number : 200000
2018/09/30 22:51:52 - Formula.0 - Linenr 200000
2018/09/30 22:51:54 - ods_caged.0 - linenr 200000
2018/09/30 22:52:00 - CSV file input.0 - Line number : 250000
2018/09/30 22:52:03 - Formula.0 - Linenr 250000
2018/09/30 22:52:05 - ods_caged.0 - linenr 250000
2018/09/30 22:52:11 - CSV file input.0 - Line number : 300000
2018/09/30 22:52:13 - Formula.0 - Linenr 300000
2018/09/30 22:52:15 - ods_caged.0 - linenr 300000
2018/09/30 22:52:21 - CSV file input.0 - Line number : 350000
2018/09/30 22:52:23 - Formula.0 - Linenr 350000
2018/09/30 22:52:25 - ods_caged.0 - linenr 350000
2018/09/30 22:52:31 - CSV file input.0 - Line number : 400000
2018/09/30 22:52:33 - Formula.0 - Linenr 400000
2018/09/30 22:52:35 - ods_caged.0 - linenr 400000
2018/09/30 22:52:41 - CSV file input.0 - Line number : 450000
2018/09/30 22:52:43 - Formula.0 - Linenr 450000
2018/09/30 22:52:45 - ods_caged.0 - linenr 450000
2018/09/30 22:52:51 - CSV file input.0 - Line number : 500000
2018/09/30 22:52:53 - Formula.0 - Linenr 500000
2018/09/30 22:52:55 - ods_caged.0 - linenr 500000
2018/09/30 22:53:01 - CSV file input.0 - Line number : 550000
2018/09/30 22:53:03 - Formula.0 - Linenr 550000
2018/09/30 22:53:05 - ods_caged.0 - linenr 550000
2018/09/30 22:53:12 - CSV file input.0 - Line number : 600000
2018/09/30 22:53:14 - Formula.0 - Linenr 600000
2018/09/30 22:53:16 - ods_caged.0 - linenr 600000
2018/09/30 22:53:22 - CSV file input.0 - Line number : 650000
2018/09/30 22:53:24 - Formula.0 - Linenr 650000
2018/09/30 22:53:26 - ods_caged.0 - linenr 650000
2018/09/30 22:53:32 - CSV file input.0 - Line number : 700000
2018/09/30 22:53:34 - Formula.0 - Linenr 700000
2018/09/30 22:53:36 - ods_caged.0 - linenr 700000
2018/09/30 22:53:42 - CSV file input.0 - Line number : 750000
2018/09/30 22:53:44 - Formula.0 - Linenr 750000
2018/09/30 22:53:46 - ods_caged.0 - linenr 750000
2018/09/30 22:53:52 - CSV file input.0 - Line number : 800000
2018/09/30 22:53:54 - Formula.0 - Linenr 800000
2018/09/30 22:53:56 - ods_caged.0 - linenr 800000
2018/09/30 22:54:03 - CSV file input.0 - Line number : 850000
2018/09/30 22:54:05 - Formula.0 - Linenr 850000
2018/09/30 22:54:07 - ods_caged.0 - linenr 850000
2018/09/30 22:54:14 - CSV file input.0 - Line number : 900000
2018/09/30 22:54:16 - Formula.0 - Linenr 900000
2018/09/30 22:54:18 - ods_caged.0 - linenr 900000
2018/09/30 22:54:24 - CSV file input.0 - Line number : 950000
2018/09/30 22:54:26 - Formula.0 - Linenr 950000
2018/09/30 22:54:28 - ods_caged.0 - linenr 950000
2018/09/30 22:54:34 - CSV file input.0 - Line number : 1000000
2018/09/30 22:54:36 - Formula.0 - Linenr 1000000
2018/09/30 22:54:38 - ods_caged.0 - linenr 1000000
2018/09/30 22:54:44 - CSV file input.0 - Line number : 1050000
2018/09/30 22:54:47 - Formula.0 - Linenr 1050000
2018/09/30 22:54:49 - ods_caged.0 - linenr 1050000
2018/09/30 22:54:55 - CSV file input.0 - Line number : 1100000
2018/09/30 22:54:57 - ktr_carga_caged - ERROR (version 7.1.0.0-12, build 1 from 2017-05-16 17.18.02 by buildguy) : Errors detected!
2018/09/30 22:54:57 - ods_caged.0 - ERROR (version 7.1.0.0-12, build 1 from 2017-05-16 17.18.02 by buildguy) : Because of an error, this step can't continue: 
2018/09/30 22:54:57 - ods_caged.0 - ERROR (version 7.1.0.0-12, build 1 from 2017-05-16 17.18.02 by buildguy) : org.pentaho.di.core.exception.KettleValueException: 
2018/09/30 22:54:57 - ods_caged.0 - Unexpected conversion error while converting value [cep_estabelecimento String] to an Integer
2018/09/30 22:54:57 - ods_caged.0 - 
2018/09/30 22:54:57 - ods_caged.0 - cep_estabelecimento String : couldn't convert String to Integer
2018/09/30 22:54:57 - ods_caged.0 - 
2018/09/30 22:54:57 - ods_caged.0 - cep_estabelecimento String : couldn't convert String to number : non-numeric character found at position 8 for value [9931400 ]
2018/09/30 22:54:57 - ods_caged.0 - 
2018/09/30 22:54:57 - ods_caged.0 - 
2018/09/30 22:54:57 - ods_caged.0 - 
2018/09/30 22:54:57 - ods_caged.0 - 	at org.pentaho.di.core.row.value.ValueMetaBase.getInteger(ValueMetaBase.java:2081)
2018/09/30 22:54:57 - ods_caged.0 - 	at org.pentaho.di.core.row.value.ValueMetaBase.convertData(ValueMetaBase.java:3785)
2018/09/30 22:54:57 - ods_caged.0 - 	at org.pentaho.di.core.row.value.ValueMetaBase.convertBinaryStringToNativeType(ValueMetaBase.java:1579)
2018/09/30 22:54:57 - ods_caged.0 - 	at org.pentaho.di.core.row.value.ValueMetaBase.getString(ValueMetaBase.java:1799)
2018/09/30 22:54:57 - ods_caged.0 - 	at org.pentaho.di.core.row.RowMeta.getString(RowMeta.java:319)
2018/09/30 22:54:57 - ods_caged.0 - 	at org.pentaho.di.core.row.RowMeta.getString(RowMeta.java:828)
2018/09/30 22:54:57 - ods_caged.0 - 	at org.pentaho.di.trans.steps.tableoutput.TableOutput.writeToTable(TableOutput.java:385)
2018/09/30 22:54:57 - ods_caged.0 - 	at org.pentaho.di.trans.steps.tableoutput.TableOutput.processRow(TableOutput.java:125)
2018/09/30 22:54:57 - ods_caged.0 - 	at org.pentaho.di.trans.step.RunThread.run(RunThread.java:62)
2018/09/30 22:54:57 - ods_caged.0 - 	at java.lang.Thread.run(Thread.java:748)
2018/09/30 22:54:57 - ods_caged.0 - Caused by: org.pentaho.di.core.exception.KettleValueException: 
2018/09/30 22:54:57 - ods_caged.0 - cep_estabelecimento String : couldn't convert String to Integer
2018/09/30 22:54:57 - ods_caged.0 - 
2018/09/30 22:54:57 - ods_caged.0 - cep_estabelecimento String : couldn't convert String to number : non-numeric character found at position 8 for value [9931400 ]
2018/09/30 22:54:57 - ods_caged.0 - 
2018/09/30 22:54:57 - ods_caged.0 - 
2018/09/30 22:54:57 - ods_caged.0 - 	at org.pentaho.di.core.row.value.ValueMetaBase.convertStringToInteger(ValueMetaBase.java:1323)
2018/09/30 22:54:57 - ods_caged.0 - 	at org.pentaho.di.core.row.value.ValueMetaBase.getInteger(ValueMetaBase.java:2019)
2018/09/30 22:54:57 - ods_caged.0 - 	... 9 more
2018/09/30 22:54:57 - ods_caged.0 - Caused by: org.pentaho.di.core.exception.KettleValueException: 
2018/09/30 22:54:57 - ods_caged.0 - cep_estabelecimento String : couldn't convert String to number : non-numeric character found at position 8 for value [9931400 ]
2018/09/30 22:54:57 - ods_caged.0 - 
2018/09/30 22:54:57 - ods_caged.0 - 	at org.pentaho.di.core.row.value.ValueMetaBase.convertStringToInteger(ValueMetaBase.java:1317)
2018/09/30 22:54:57 - ods_caged.0 - 	... 10 more
2018/09/30 22:54:57 - Formula.0 - Finished processing (I=0, O=0, R=1099211, W=1099211, U=0, E=0)
2018/09/30 22:54:57 - ods_caged.0 - Finished processing (I=0, O=1089301, R=1089302, W=1089301, U=0, E=1)
2018/09/30 22:54:57 - ktr_carga_caged - Transformation detected one or more steps with errors.
2018/09/30 22:54:57 - ktr_carga_caged - Transformation is killing the other steps!
2018/09/30 22:54:57 - CSV file input.0 - Finished processing (I=1109213, O=0, R=0, W=1109212, U=0, E=0)
2018/09/30 22:54:57 - ktr_carga_caged - ERROR (version 7.1.0.0-12, build 1 from 2017-05-16 17.18.02 by buildguy) : Errors detected!
2018/09/30 22:54:57 - job_carga_caged - Finished job entry [ktr_carga_caged] (result=[false])
2018/09/30 22:54:57 - job_carga_caged - Job execution finished
2018/09/30 22:54:57 - Kitchen - Finished!
2018/09/30 22:54:57 - Kitchen - ERROR (version 7.1.0.0-12, build 1 from 2017-05-16 17.18.02 by buildguy) : Finished with errors
2018/09/30 22:54:57 - Kitchen - Start=2018/09/30 22:51:07.280, Stop=2018/09/30 22:54:57.233
2018/09/30 22:54:57 - Kitchen - Processing ended after 3 minutes and 49 seconds (229 seconds total).
